[2024-04-17T17:35:34.796+0000] {taskinstance.py:1979} INFO - Dependencies all met for dep_context=non-requeueable deps ti=<TaskInstance: files_ext.extract_data_from_csv manual__2024-04-17T17:35:26.989421+00:00 [queued]>
[2024-04-17T17:35:34.804+0000] {taskinstance.py:1979} INFO - Dependencies all met for dep_context=requeueable deps ti=<TaskInstance: files_ext.extract_data_from_csv manual__2024-04-17T17:35:26.989421+00:00 [queued]>
[2024-04-17T17:35:34.805+0000] {taskinstance.py:2193} INFO - Starting attempt 1 of 4
[2024-04-17T17:35:34.817+0000] {taskinstance.py:2217} INFO - Executing <Task(PythonOperator): extract_data_from_csv> on 2024-04-17 17:35:26.989421+00:00
[2024-04-17T17:35:34.824+0000] {standard_task_runner.py:60} INFO - Started process 1686 to run task
[2024-04-17T17:35:34.826+0000] {standard_task_runner.py:87} INFO - Running: ['***', 'tasks', 'run', 'files_ext', 'extract_data_from_csv', 'manual__2024-04-17T17:35:26.989421+00:00', '--job-id', '2123', '--raw', '--subdir', 'DAGS_FOLDER/files_extraction.py', '--cfg-path', '/tmp/tmp4e8mlua4']
[2024-04-17T17:35:34.828+0000] {standard_task_runner.py:88} INFO - Job 2123: Subtask extract_data_from_csv
[2024-04-17T17:35:34.867+0000] {task_command.py:423} INFO - Running <TaskInstance: files_ext.extract_data_from_csv manual__2024-04-17T17:35:26.989421+00:00 [running]> on host fdd3cfdf3f53
[2024-04-17T17:35:34.928+0000] {taskinstance.py:2513} INFO - Exporting env vars: AIRFLOW_CTX_DAG_OWNER='***' AIRFLOW_CTX_DAG_ID='files_ext' AIRFLOW_CTX_TASK_ID='extract_data_from_csv' AIRFLOW_CTX_EXECUTION_DATE='2024-04-17T17:35:26.989421+00:00' AIRFLOW_CTX_TRY_NUMBER='1' AIRFLOW_CTX_DAG_RUN_ID='manual__2024-04-17T17:35:26.989421+00:00'
[2024-04-17T17:35:34.930+0000] {logging_mixin.py:188} INFO - /opt/***/dags/../extraction_done
[2024-04-17T17:35:34.941+0000] {taskinstance.py:2731} ERROR - Task failed with exception
Traceback (most recent call last):
  File "/home/airflow/.local/lib/python3.8/site-packages/airflow/models/taskinstance.py", line 444, in _execute_task
    result = _execute_callable(context=context, **execute_callable_kwargs)
  File "/home/airflow/.local/lib/python3.8/site-packages/airflow/models/taskinstance.py", line 414, in _execute_callable
    return execute_callable(context=context, **execute_callable_kwargs)
  File "/home/airflow/.local/lib/python3.8/site-packages/airflow/operators/python.py", line 200, in execute
    return_value = self.execute_callable()
  File "/home/airflow/.local/lib/python3.8/site-packages/airflow/operators/python.py", line 217, in execute_callable
    return self.python_callable(*self.op_args, **self.op_kwargs)
  File "/opt/airflow/dags/files_extraction.py", line 240, in extract_data_from_csv
    shutil.move(file_path, extraction_done_folder)
  File "/usr/local/lib/python3.8/shutil.py", line 789, in move
    raise Error("Destination path '%s' already exists" % real_dst)
shutil.Error: Destination path '/opt/***/dags/../extraction_done/vehicle-data.csv' already exists
[2024-04-17T17:35:34.951+0000] {taskinstance.py:1149} INFO - Marking task as UP_FOR_RETRY. dag_id=files_ext, task_id=extract_data_from_csv, execution_date=20240417T173526, start_date=20240417T173534, end_date=20240417T173534
[2024-04-17T17:35:34.961+0000] {standard_task_runner.py:107} ERROR - Failed to execute job 2123 for task extract_data_from_csv (Destination path '/opt/***/dags/../extraction_done/vehicle-data.csv' already exists; 1686)
[2024-04-17T17:35:34.998+0000] {local_task_job_runner.py:234} INFO - Task exited with return code 1
[2024-04-17T17:35:35.018+0000] {taskinstance.py:3312} INFO - 0 downstream tasks scheduled from follow-on schedule check
