[2024-04-17T16:29:39.244+0000] {taskinstance.py:1979} INFO - Dependencies all met for dep_context=non-requeueable deps ti=<TaskInstance: files_ext.check_dir manual__2024-04-17T16:29:37.837702+00:00 [queued]>
[2024-04-17T16:29:39.255+0000] {taskinstance.py:1979} INFO - Dependencies all met for dep_context=requeueable deps ti=<TaskInstance: files_ext.check_dir manual__2024-04-17T16:29:37.837702+00:00 [queued]>
[2024-04-17T16:29:39.256+0000] {taskinstance.py:2193} INFO - Starting attempt 1 of 4
[2024-04-17T16:29:39.274+0000] {taskinstance.py:2217} INFO - Executing <Task(PythonOperator): check_dir> on 2024-04-17 16:29:37.837702+00:00
[2024-04-17T16:29:39.282+0000] {standard_task_runner.py:60} INFO - Started process 517 to run task
[2024-04-17T16:29:39.284+0000] {standard_task_runner.py:87} INFO - Running: ['***', 'tasks', 'run', 'files_ext', 'check_dir', 'manual__2024-04-17T16:29:37.837702+00:00', '--job-id', '2057', '--raw', '--subdir', 'DAGS_FOLDER/files_extraction.py', '--cfg-path', '/tmp/tmpdthjfpot']
[2024-04-17T16:29:39.286+0000] {standard_task_runner.py:88} INFO - Job 2057: Subtask check_dir
[2024-04-17T16:29:39.334+0000] {task_command.py:423} INFO - Running <TaskInstance: files_ext.check_dir manual__2024-04-17T16:29:37.837702+00:00 [running]> on host fdd3cfdf3f53
[2024-04-17T16:29:39.422+0000] {taskinstance.py:2513} INFO - Exporting env vars: AIRFLOW_CTX_DAG_OWNER='***' AIRFLOW_CTX_DAG_ID='files_ext' AIRFLOW_CTX_TASK_ID='check_dir' AIRFLOW_CTX_EXECUTION_DATE='2024-04-17T16:29:37.837702+00:00' AIRFLOW_CTX_TRY_NUMBER='1' AIRFLOW_CTX_DAG_RUN_ID='manual__2024-04-17T16:29:37.837702+00:00'
[2024-04-17T16:29:39.424+0000] {taskinstance.py:2731} ERROR - Task failed with exception
Traceback (most recent call last):
  File "/home/airflow/.local/lib/python3.8/site-packages/airflow/models/taskinstance.py", line 444, in _execute_task
    result = _execute_callable(context=context, **execute_callable_kwargs)
  File "/home/airflow/.local/lib/python3.8/site-packages/airflow/models/taskinstance.py", line 414, in _execute_callable
    return execute_callable(context=context, **execute_callable_kwargs)
  File "/home/airflow/.local/lib/python3.8/site-packages/airflow/operators/python.py", line 200, in execute
    return_value = self.execute_callable()
  File "/home/airflow/.local/lib/python3.8/site-packages/airflow/operators/python.py", line 217, in execute_callable
    return self.python_callable(*self.op_args, **self.op_kwargs)
  File "/opt/airflow/dags/files_extraction.py", line 142, in check_dir
    files = os.listdir(new_directory)
FileNotFoundError: [Errno 2] No such file or directory: '/opt/airflow/dags/../data'
[2024-04-17T16:29:39.433+0000] {taskinstance.py:1149} INFO - Marking task as UP_FOR_RETRY. dag_id=files_ext, task_id=check_dir, execution_date=20240417T162937, start_date=20240417T162939, end_date=20240417T162939
[2024-04-17T16:29:39.443+0000] {standard_task_runner.py:107} ERROR - Failed to execute job 2057 for task check_dir ([Errno 2] No such file or directory: '/opt/airflow/dags/../data'; 517)
[2024-04-17T16:29:39.458+0000] {local_task_job_runner.py:234} INFO - Task exited with return code 1
[2024-04-17T16:29:39.473+0000] {taskinstance.py:3312} INFO - 0 downstream tasks scheduled from follow-on schedule check
