[2024-04-10T18:51:47.911+0000] {taskinstance.py:1979} INFO - Dependencies all met for dep_context=non-requeueable deps ti=<TaskInstance: dagwithpostgres.read_data scheduled__2024-04-09T04:05:00+00:00 [queued]>
[2024-04-10T18:51:47.920+0000] {taskinstance.py:1979} INFO - Dependencies all met for dep_context=requeueable deps ti=<TaskInstance: dagwithpostgres.read_data scheduled__2024-04-09T04:05:00+00:00 [queued]>
[2024-04-10T18:51:47.921+0000] {taskinstance.py:2193} INFO - Starting attempt 1 of 4
[2024-04-10T18:51:47.935+0000] {taskinstance.py:2217} INFO - Executing <Task(PostgresOperator): read_data> on 2024-04-09 04:05:00+00:00
[2024-04-10T18:51:47.941+0000] {standard_task_runner.py:60} INFO - Started process 1471 to run task
[2024-04-10T18:51:47.943+0000] {standard_task_runner.py:87} INFO - Running: ['***', 'tasks', 'run', 'dagwithpostgres', 'read_data', 'scheduled__2024-04-09T04:05:00+00:00', '--job-id', '1309', '--raw', '--subdir', 'DAGS_FOLDER/dagwithpostgres.py', '--cfg-path', '/tmp/tmppgnn6w0y']
[2024-04-10T18:51:47.944+0000] {standard_task_runner.py:88} INFO - Job 1309: Subtask read_data
[2024-04-10T18:51:47.986+0000] {task_command.py:423} INFO - Running <TaskInstance: dagwithpostgres.read_data scheduled__2024-04-09T04:05:00+00:00 [running]> on host 41da1b14e620
[2024-04-10T18:51:48.086+0000] {taskinstance.py:2513} INFO - Exporting env vars: AIRFLOW_CTX_DAG_OWNER='***' AIRFLOW_CTX_DAG_ID='dagwithpostgres' AIRFLOW_CTX_TASK_ID='read_data' AIRFLOW_CTX_EXECUTION_DATE='2024-04-09T04:05:00+00:00' AIRFLOW_CTX_TRY_NUMBER='1' AIRFLOW_CTX_DAG_RUN_ID='scheduled__2024-04-09T04:05:00+00:00'
[2024-04-10T18:51:48.088+0000] {sql.py:276} INFO - Executing: 
        SELECT * FROM dag_runs
        
[2024-04-10T18:51:48.100+0000] {base.py:83} INFO - Using connection ID 'postgress_localhost' for task execution.
[2024-04-10T18:51:48.116+0000] {base.py:83} INFO - Using connection ID 'postgress_localhost' for task execution.
[2024-04-10T18:51:48.135+0000] {sql.py:457} INFO - Running statement: 
        SELECT * FROM dag_runs
        , parameters: None
[2024-04-10T18:51:48.143+0000] {sql.py:466} INFO - Rows affected: 12
[2024-04-10T18:51:48.145+0000] {warnings.py:109} WARNING - /home/***/.local/lib/python3.8/site-packages/***/providers/common/sql/hooks/sql.py:407: AirflowProviderDeprecationWarning: Call to deprecated method _make_common_data_structure. (The `_make_serializable` method is deprecated and support will be removed in a future version of the common.sql provider. Please update the DbApiHook's provider to a version based on common.sql >= 1.9.1.)
  result = self._make_common_data_structure(handler(cur))

[2024-04-10T18:51:48.290+0000] {taskinstance.py:1149} INFO - Marking task as SUCCESS. dag_id=dagwithpostgres, task_id=read_data, execution_date=20240409T040500, start_date=20240410T185147, end_date=20240410T185148
[2024-04-10T18:51:48.359+0000] {local_task_job_runner.py:234} INFO - Task exited with return code 0
[2024-04-10T18:51:48.391+0000] {taskinstance.py:3312} INFO - 0 downstream tasks scheduled from follow-on schedule check
