[2024-04-03T06:57:07.655+0000] {taskinstance.py:1979} INFO - Dependencies all met for dep_context=non-requeueable deps ti=<TaskInstance: s3postgress.postgresstos3 scheduled__2022-04-10T00:00:00+00:00 [queued]>
[2024-04-03T06:57:07.699+0000] {taskinstance.py:1979} INFO - Dependencies all met for dep_context=requeueable deps ti=<TaskInstance: s3postgress.postgresstos3 scheduled__2022-04-10T00:00:00+00:00 [queued]>
[2024-04-03T06:57:07.701+0000] {taskinstance.py:2193} INFO - Starting attempt 1 of 4
[2024-04-03T06:57:07.767+0000] {taskinstance.py:2217} INFO - Executing <Task(PythonOperator): postgresstos3> on 2022-04-10 00:00:00+00:00
[2024-04-03T06:57:07.785+0000] {standard_task_runner.py:60} INFO - Started process 1852 to run task
[2024-04-03T06:57:07.792+0000] {standard_task_runner.py:87} INFO - Running: ['***', 'tasks', 'run', 's3postgress', 'postgresstos3', 'scheduled__2022-04-10T00:00:00+00:00', '--job-id', '271', '--raw', '--subdir', 'DAGS_FOLDER/s3postgress.py', '--cfg-path', '/tmp/tmp07aqugnt']
[2024-04-03T06:57:07.800+0000] {standard_task_runner.py:88} INFO - Job 271: Subtask postgresstos3
[2024-04-03T06:57:08.245+0000] {task_command.py:423} INFO - Running <TaskInstance: s3postgress.postgresstos3 scheduled__2022-04-10T00:00:00+00:00 [running]> on host 41da1b14e620
[2024-04-03T06:57:08.576+0000] {taskinstance.py:2513} INFO - Exporting env vars: AIRFLOW_CTX_DAG_OWNER='***' AIRFLOW_CTX_DAG_ID='s3postgress' AIRFLOW_CTX_TASK_ID='postgresstos3' AIRFLOW_CTX_EXECUTION_DATE='2022-04-10T00:00:00+00:00' AIRFLOW_CTX_TRY_NUMBER='1' AIRFLOW_CTX_DAG_RUN_ID='scheduled__2022-04-10T00:00:00+00:00'
[2024-04-03T06:57:08.580+0000] {warnings.py:109} WARNING - /home/***/.local/lib/python3.8/site-packages/***/utils/context.py:207: AirflowContextDeprecationWarning: Accessing 'next_ds_nodash' from the template is deprecated and will be removed in a future version. Please use '{{ data_interval_end | ds_nodash }}' instead.
  warnings.warn(_create_deprecation_warning(key, self._deprecation_replacements[key]))

[2024-04-03T06:57:08.606+0000] {base.py:83} INFO - Using connection ID 'postgress_localhost' for task execution.
[2024-04-03T06:57:08.672+0000] {taskinstance.py:2731} ERROR - Task failed with exception
Traceback (most recent call last):
  File "/home/airflow/.local/lib/python3.8/site-packages/airflow/models/taskinstance.py", line 444, in _execute_task
    result = _execute_callable(context=context, **execute_callable_kwargs)
  File "/home/airflow/.local/lib/python3.8/site-packages/airflow/models/taskinstance.py", line 414, in _execute_callable
    return execute_callable(context=context, **execute_callable_kwargs)
  File "/home/airflow/.local/lib/python3.8/site-packages/airflow/operators/python.py", line 200, in execute
    return_value = self.execute_callable()
  File "/home/airflow/.local/lib/python3.8/site-packages/airflow/operators/python.py", line 217, in execute_callable
    return self.python_callable(*self.op_args, **self.op_kwargs)
  File "/opt/airflow/dags/s3postgress.py", line 34, in postgresstos3
    with open(f"dage/get_orders{ds_nodash}.txt", "w") as f:
FileNotFoundError: [Errno 2] No such file or directory: 'dage/get_orders20220410.txt'
[2024-04-03T06:57:08.711+0000] {taskinstance.py:1149} INFO - Marking task as UP_FOR_RETRY. dag_id=s3postgress, task_id=postgresstos3, execution_date=20220410T000000, start_date=20240403T065707, end_date=20240403T065708
[2024-04-03T06:57:08.756+0000] {standard_task_runner.py:107} ERROR - Failed to execute job 271 for task postgresstos3 ([Errno 2] No such file or directory: 'dage/get_orders20220410.txt'; 1852)
[2024-04-03T06:57:08.786+0000] {local_task_job_runner.py:234} INFO - Task exited with return code 1
[2024-04-03T06:57:08.854+0000] {taskinstance.py:3312} INFO - 0 downstream tasks scheduled from follow-on schedule check
