[2024-04-17T16:05:22.752+0000] {processor.py:161} INFO - Started process (PID=61) to work on /opt/airflow/dags/dag_catchup_backfil.py
[2024-04-17T16:05:22.754+0000] {processor.py:830} INFO - Processing file /opt/airflow/dags/dag_catchup_backfil.py for tasks to queue
[2024-04-17T16:05:22.758+0000] {logging_mixin.py:188} INFO - [2024-04-17T16:05:22.757+0000] {dagbag.py:540} INFO - Filling up the DagBag from /opt/airflow/dags/dag_catchup_backfil.py
[2024-04-17T16:05:22.797+0000] {processor.py:840} INFO - DAG(s) 'first_catchupbackfill' retrieved from /opt/airflow/dags/dag_catchup_backfil.py
[2024-04-17T16:05:22.837+0000] {logging_mixin.py:188} INFO - [2024-04-17T16:05:22.836+0000] {dag.py:3047} INFO - Sync 1 DAGs
[2024-04-17T16:05:22.890+0000] {logging_mixin.py:188} INFO - [2024-04-17T16:05:22.889+0000] {dag.py:3834} INFO - Setting next_dagrun for first_catchupbackfill to 2024-04-02 00:00:00+00:00, run_after=2024-04-03 00:00:00+00:00
[2024-04-17T16:05:22.971+0000] {processor.py:183} INFO - Processing /opt/airflow/dags/dag_catchup_backfil.py took 0.226 seconds
[2024-04-17T16:05:53.727+0000] {processor.py:161} INFO - Started process (PID=81) to work on /opt/airflow/dags/dag_catchup_backfil.py
[2024-04-17T16:05:53.728+0000] {processor.py:830} INFO - Processing file /opt/airflow/dags/dag_catchup_backfil.py for tasks to queue
[2024-04-17T16:05:53.731+0000] {logging_mixin.py:188} INFO - [2024-04-17T16:05:53.730+0000] {dagbag.py:540} INFO - Filling up the DagBag from /opt/airflow/dags/dag_catchup_backfil.py
[2024-04-17T16:05:53.754+0000] {processor.py:840} INFO - DAG(s) 'first_catchupbackfill' retrieved from /opt/airflow/dags/dag_catchup_backfil.py
[2024-04-17T16:05:53.860+0000] {logging_mixin.py:188} INFO - [2024-04-17T16:05:53.860+0000] {dag.py:3047} INFO - Sync 1 DAGs
[2024-04-17T16:05:53.883+0000] {logging_mixin.py:188} INFO - [2024-04-17T16:05:53.882+0000] {dag.py:3834} INFO - Setting next_dagrun for first_catchupbackfill to 2024-04-02 00:00:00+00:00, run_after=2024-04-03 00:00:00+00:00
[2024-04-17T16:05:53.907+0000] {processor.py:183} INFO - Processing /opt/airflow/dags/dag_catchup_backfil.py took 0.183 seconds
[2024-04-17T16:06:24.397+0000] {processor.py:161} INFO - Started process (PID=101) to work on /opt/airflow/dags/dag_catchup_backfil.py
[2024-04-17T16:06:24.398+0000] {processor.py:830} INFO - Processing file /opt/airflow/dags/dag_catchup_backfil.py for tasks to queue
[2024-04-17T16:06:24.399+0000] {logging_mixin.py:188} INFO - [2024-04-17T16:06:24.399+0000] {dagbag.py:540} INFO - Filling up the DagBag from /opt/airflow/dags/dag_catchup_backfil.py
[2024-04-17T16:06:24.418+0000] {processor.py:840} INFO - DAG(s) 'first_catchupbackfill' retrieved from /opt/airflow/dags/dag_catchup_backfil.py
[2024-04-17T16:06:24.508+0000] {logging_mixin.py:188} INFO - [2024-04-17T16:06:24.507+0000] {dag.py:3047} INFO - Sync 1 DAGs
[2024-04-17T16:06:24.527+0000] {logging_mixin.py:188} INFO - [2024-04-17T16:06:24.527+0000] {dag.py:3834} INFO - Setting next_dagrun for first_catchupbackfill to 2024-04-02 00:00:00+00:00, run_after=2024-04-03 00:00:00+00:00
[2024-04-17T16:06:24.553+0000] {processor.py:183} INFO - Processing /opt/airflow/dags/dag_catchup_backfil.py took 0.160 seconds
[2024-04-17T16:06:54.882+0000] {processor.py:161} INFO - Started process (PID=121) to work on /opt/airflow/dags/dag_catchup_backfil.py
[2024-04-17T16:06:54.883+0000] {processor.py:830} INFO - Processing file /opt/airflow/dags/dag_catchup_backfil.py for tasks to queue
[2024-04-17T16:06:54.885+0000] {logging_mixin.py:188} INFO - [2024-04-17T16:06:54.884+0000] {dagbag.py:540} INFO - Filling up the DagBag from /opt/airflow/dags/dag_catchup_backfil.py
[2024-04-17T16:06:54.903+0000] {processor.py:840} INFO - DAG(s) 'first_catchupbackfill' retrieved from /opt/airflow/dags/dag_catchup_backfil.py
[2024-04-17T16:06:54.985+0000] {logging_mixin.py:188} INFO - [2024-04-17T16:06:54.985+0000] {dag.py:3047} INFO - Sync 1 DAGs
[2024-04-17T16:06:55.002+0000] {logging_mixin.py:188} INFO - [2024-04-17T16:06:55.002+0000] {dag.py:3834} INFO - Setting next_dagrun for first_catchupbackfill to 2024-04-02 00:00:00+00:00, run_after=2024-04-03 00:00:00+00:00
[2024-04-17T16:06:55.022+0000] {processor.py:183} INFO - Processing /opt/airflow/dags/dag_catchup_backfil.py took 0.142 seconds
[2024-04-17T16:07:26.114+0000] {processor.py:161} INFO - Started process (PID=141) to work on /opt/airflow/dags/dag_catchup_backfil.py
[2024-04-17T16:07:26.115+0000] {processor.py:830} INFO - Processing file /opt/airflow/dags/dag_catchup_backfil.py for tasks to queue
[2024-04-17T16:07:26.116+0000] {logging_mixin.py:188} INFO - [2024-04-17T16:07:26.116+0000] {dagbag.py:540} INFO - Filling up the DagBag from /opt/airflow/dags/dag_catchup_backfil.py
[2024-04-17T16:07:26.138+0000] {processor.py:840} INFO - DAG(s) 'first_catchupbackfill' retrieved from /opt/airflow/dags/dag_catchup_backfil.py
[2024-04-17T16:07:26.158+0000] {logging_mixin.py:188} INFO - [2024-04-17T16:07:26.158+0000] {dag.py:3047} INFO - Sync 1 DAGs
[2024-04-17T16:07:26.180+0000] {logging_mixin.py:188} INFO - [2024-04-17T16:07:26.180+0000] {dag.py:3834} INFO - Setting next_dagrun for first_catchupbackfill to 2024-04-02 00:00:00+00:00, run_after=2024-04-03 00:00:00+00:00
[2024-04-17T16:07:26.206+0000] {processor.py:183} INFO - Processing /opt/airflow/dags/dag_catchup_backfil.py took 0.096 seconds
[2024-04-17T16:07:56.871+0000] {processor.py:161} INFO - Started process (PID=161) to work on /opt/airflow/dags/dag_catchup_backfil.py
[2024-04-17T16:07:56.873+0000] {processor.py:830} INFO - Processing file /opt/airflow/dags/dag_catchup_backfil.py for tasks to queue
[2024-04-17T16:07:56.876+0000] {logging_mixin.py:188} INFO - [2024-04-17T16:07:56.876+0000] {dagbag.py:540} INFO - Filling up the DagBag from /opt/airflow/dags/dag_catchup_backfil.py
[2024-04-17T16:07:56.913+0000] {processor.py:840} INFO - DAG(s) 'first_catchupbackfill' retrieved from /opt/airflow/dags/dag_catchup_backfil.py
[2024-04-17T16:07:56.966+0000] {logging_mixin.py:188} INFO - [2024-04-17T16:07:56.965+0000] {dag.py:3047} INFO - Sync 1 DAGs
[2024-04-17T16:07:57.022+0000] {logging_mixin.py:188} INFO - [2024-04-17T16:07:57.021+0000] {dag.py:3834} INFO - Setting next_dagrun for first_catchupbackfill to 2024-04-02 00:00:00+00:00, run_after=2024-04-03 00:00:00+00:00
[2024-04-17T16:07:57.066+0000] {processor.py:183} INFO - Processing /opt/airflow/dags/dag_catchup_backfil.py took 0.201 seconds
[2024-04-17T16:08:27.828+0000] {processor.py:161} INFO - Started process (PID=182) to work on /opt/airflow/dags/dag_catchup_backfil.py
[2024-04-17T16:08:27.829+0000] {processor.py:830} INFO - Processing file /opt/airflow/dags/dag_catchup_backfil.py for tasks to queue
[2024-04-17T16:08:27.830+0000] {logging_mixin.py:188} INFO - [2024-04-17T16:08:27.830+0000] {dagbag.py:540} INFO - Filling up the DagBag from /opt/airflow/dags/dag_catchup_backfil.py
[2024-04-17T16:08:27.856+0000] {processor.py:840} INFO - DAG(s) 'first_catchupbackfill' retrieved from /opt/airflow/dags/dag_catchup_backfil.py
[2024-04-17T16:08:27.890+0000] {logging_mixin.py:188} INFO - [2024-04-17T16:08:27.889+0000] {dag.py:3047} INFO - Sync 1 DAGs
[2024-04-17T16:08:27.913+0000] {logging_mixin.py:188} INFO - [2024-04-17T16:08:27.913+0000] {dag.py:3834} INFO - Setting next_dagrun for first_catchupbackfill to 2024-04-02 00:00:00+00:00, run_after=2024-04-03 00:00:00+00:00
[2024-04-17T16:08:27.933+0000] {processor.py:183} INFO - Processing /opt/airflow/dags/dag_catchup_backfil.py took 0.108 seconds
[2024-04-17T16:08:58.473+0000] {processor.py:161} INFO - Started process (PID=202) to work on /opt/airflow/dags/dag_catchup_backfil.py
[2024-04-17T16:08:58.474+0000] {processor.py:830} INFO - Processing file /opt/airflow/dags/dag_catchup_backfil.py for tasks to queue
[2024-04-17T16:08:58.475+0000] {logging_mixin.py:188} INFO - [2024-04-17T16:08:58.475+0000] {dagbag.py:540} INFO - Filling up the DagBag from /opt/airflow/dags/dag_catchup_backfil.py
[2024-04-17T16:08:58.494+0000] {processor.py:840} INFO - DAG(s) 'first_catchupbackfill' retrieved from /opt/airflow/dags/dag_catchup_backfil.py
[2024-04-17T16:08:58.512+0000] {logging_mixin.py:188} INFO - [2024-04-17T16:08:58.512+0000] {dag.py:3047} INFO - Sync 1 DAGs
[2024-04-17T16:08:58.530+0000] {logging_mixin.py:188} INFO - [2024-04-17T16:08:58.529+0000] {dag.py:3834} INFO - Setting next_dagrun for first_catchupbackfill to 2024-04-02 00:00:00+00:00, run_after=2024-04-03 00:00:00+00:00
[2024-04-17T16:08:58.554+0000] {processor.py:183} INFO - Processing /opt/airflow/dags/dag_catchup_backfil.py took 0.083 seconds
[2024-04-17T16:09:29.291+0000] {processor.py:161} INFO - Started process (PID=222) to work on /opt/airflow/dags/dag_catchup_backfil.py
[2024-04-17T16:09:29.293+0000] {processor.py:830} INFO - Processing file /opt/airflow/dags/dag_catchup_backfil.py for tasks to queue
[2024-04-17T16:09:29.295+0000] {logging_mixin.py:188} INFO - [2024-04-17T16:09:29.295+0000] {dagbag.py:540} INFO - Filling up the DagBag from /opt/airflow/dags/dag_catchup_backfil.py
[2024-04-17T16:09:29.318+0000] {processor.py:840} INFO - DAG(s) 'first_catchupbackfill' retrieved from /opt/airflow/dags/dag_catchup_backfil.py
[2024-04-17T16:09:29.337+0000] {logging_mixin.py:188} INFO - [2024-04-17T16:09:29.337+0000] {dag.py:3047} INFO - Sync 1 DAGs
[2024-04-17T16:09:29.358+0000] {logging_mixin.py:188} INFO - [2024-04-17T16:09:29.357+0000] {dag.py:3834} INFO - Setting next_dagrun for first_catchupbackfill to 2024-04-02 00:00:00+00:00, run_after=2024-04-03 00:00:00+00:00
[2024-04-17T16:09:29.376+0000] {processor.py:183} INFO - Processing /opt/airflow/dags/dag_catchup_backfil.py took 0.088 seconds
