[2024-04-17T16:05:21.859+0000] {processor.py:161} INFO - Started process (PID=56) to work on /opt/airflow/dags/dagwithpostgres.py
[2024-04-17T16:05:21.861+0000] {processor.py:830} INFO - Processing file /opt/airflow/dags/dagwithpostgres.py for tasks to queue
[2024-04-17T16:05:21.863+0000] {logging_mixin.py:188} INFO - [2024-04-17T16:05:21.862+0000] {dagbag.py:540} INFO - Filling up the DagBag from /opt/airflow/dags/dagwithpostgres.py
[2024-04-17T16:05:21.888+0000] {processor.py:840} INFO - DAG(s) 'dagwithpostgres' retrieved from /opt/airflow/dags/dagwithpostgres.py
[2024-04-17T16:05:21.917+0000] {logging_mixin.py:188} INFO - [2024-04-17T16:05:21.917+0000] {dag.py:3047} INFO - Sync 1 DAGs
[2024-04-17T16:05:21.947+0000] {logging_mixin.py:188} INFO - [2024-04-17T16:05:21.947+0000] {dag.py:3834} INFO - Setting next_dagrun for dagwithpostgres to 2024-04-10 04:05:00+00:00, run_after=2024-04-11 04:05:00+00:00
[2024-04-17T16:05:21.971+0000] {processor.py:183} INFO - Processing /opt/airflow/dags/dagwithpostgres.py took 0.116 seconds
[2024-04-17T16:05:52.526+0000] {processor.py:161} INFO - Started process (PID=74) to work on /opt/airflow/dags/dagwithpostgres.py
[2024-04-17T16:05:52.527+0000] {processor.py:830} INFO - Processing file /opt/airflow/dags/dagwithpostgres.py for tasks to queue
[2024-04-17T16:05:52.530+0000] {logging_mixin.py:188} INFO - [2024-04-17T16:05:52.529+0000] {dagbag.py:540} INFO - Filling up the DagBag from /opt/airflow/dags/dagwithpostgres.py
[2024-04-17T16:05:52.557+0000] {processor.py:840} INFO - DAG(s) 'dagwithpostgres' retrieved from /opt/airflow/dags/dagwithpostgres.py
[2024-04-17T16:05:52.657+0000] {logging_mixin.py:188} INFO - [2024-04-17T16:05:52.657+0000] {dag.py:3047} INFO - Sync 1 DAGs
[2024-04-17T16:05:52.678+0000] {logging_mixin.py:188} INFO - [2024-04-17T16:05:52.678+0000] {dag.py:3834} INFO - Setting next_dagrun for dagwithpostgres to 2024-04-10 04:05:00+00:00, run_after=2024-04-11 04:05:00+00:00
[2024-04-17T16:05:52.698+0000] {processor.py:183} INFO - Processing /opt/airflow/dags/dagwithpostgres.py took 0.177 seconds
[2024-04-17T16:06:23.265+0000] {processor.py:161} INFO - Started process (PID=94) to work on /opt/airflow/dags/dagwithpostgres.py
[2024-04-17T16:06:23.266+0000] {processor.py:830} INFO - Processing file /opt/airflow/dags/dagwithpostgres.py for tasks to queue
[2024-04-17T16:06:23.268+0000] {logging_mixin.py:188} INFO - [2024-04-17T16:06:23.268+0000] {dagbag.py:540} INFO - Filling up the DagBag from /opt/airflow/dags/dagwithpostgres.py
[2024-04-17T16:06:23.295+0000] {processor.py:840} INFO - DAG(s) 'dagwithpostgres' retrieved from /opt/airflow/dags/dagwithpostgres.py
[2024-04-17T16:06:23.408+0000] {logging_mixin.py:188} INFO - [2024-04-17T16:06:23.408+0000] {dag.py:3047} INFO - Sync 1 DAGs
[2024-04-17T16:06:23.431+0000] {logging_mixin.py:188} INFO - [2024-04-17T16:06:23.430+0000] {dag.py:3834} INFO - Setting next_dagrun for dagwithpostgres to 2024-04-10 04:05:00+00:00, run_after=2024-04-11 04:05:00+00:00
[2024-04-17T16:06:23.454+0000] {processor.py:183} INFO - Processing /opt/airflow/dags/dagwithpostgres.py took 0.192 seconds
[2024-04-17T16:06:53.600+0000] {processor.py:161} INFO - Started process (PID=112) to work on /opt/airflow/dags/dagwithpostgres.py
[2024-04-17T16:06:53.601+0000] {processor.py:830} INFO - Processing file /opt/airflow/dags/dagwithpostgres.py for tasks to queue
[2024-04-17T16:06:53.602+0000] {logging_mixin.py:188} INFO - [2024-04-17T16:06:53.602+0000] {dagbag.py:540} INFO - Filling up the DagBag from /opt/airflow/dags/dagwithpostgres.py
[2024-04-17T16:06:53.623+0000] {processor.py:840} INFO - DAG(s) 'dagwithpostgres' retrieved from /opt/airflow/dags/dagwithpostgres.py
[2024-04-17T16:06:53.701+0000] {logging_mixin.py:188} INFO - [2024-04-17T16:06:53.701+0000] {dag.py:3047} INFO - Sync 1 DAGs
[2024-04-17T16:06:53.718+0000] {logging_mixin.py:188} INFO - [2024-04-17T16:06:53.718+0000] {dag.py:3834} INFO - Setting next_dagrun for dagwithpostgres to 2024-04-10 04:05:00+00:00, run_after=2024-04-11 04:05:00+00:00
[2024-04-17T16:06:53.736+0000] {processor.py:183} INFO - Processing /opt/airflow/dags/dagwithpostgres.py took 0.138 seconds
[2024-04-17T16:07:23.879+0000] {processor.py:161} INFO - Started process (PID=132) to work on /opt/airflow/dags/dagwithpostgres.py
[2024-04-17T16:07:23.880+0000] {processor.py:830} INFO - Processing file /opt/airflow/dags/dagwithpostgres.py for tasks to queue
[2024-04-17T16:07:23.883+0000] {logging_mixin.py:188} INFO - [2024-04-17T16:07:23.882+0000] {dagbag.py:540} INFO - Filling up the DagBag from /opt/airflow/dags/dagwithpostgres.py
[2024-04-17T16:07:23.915+0000] {processor.py:840} INFO - DAG(s) 'dagwithpostgres' retrieved from /opt/airflow/dags/dagwithpostgres.py
[2024-04-17T16:07:23.947+0000] {logging_mixin.py:188} INFO - [2024-04-17T16:07:23.947+0000] {dag.py:3047} INFO - Sync 1 DAGs
[2024-04-17T16:07:23.976+0000] {logging_mixin.py:188} INFO - [2024-04-17T16:07:23.976+0000] {dag.py:3834} INFO - Setting next_dagrun for dagwithpostgres to 2024-04-10 04:05:00+00:00, run_after=2024-04-11 04:05:00+00:00
[2024-04-17T16:07:24.009+0000] {processor.py:183} INFO - Processing /opt/airflow/dags/dagwithpostgres.py took 0.135 seconds
[2024-04-17T16:07:54.863+0000] {processor.py:161} INFO - Started process (PID=152) to work on /opt/airflow/dags/dagwithpostgres.py
[2024-04-17T16:07:54.865+0000] {processor.py:830} INFO - Processing file /opt/airflow/dags/dagwithpostgres.py for tasks to queue
[2024-04-17T16:07:54.868+0000] {logging_mixin.py:188} INFO - [2024-04-17T16:07:54.867+0000] {dagbag.py:540} INFO - Filling up the DagBag from /opt/airflow/dags/dagwithpostgres.py
[2024-04-17T16:07:54.892+0000] {processor.py:840} INFO - DAG(s) 'dagwithpostgres' retrieved from /opt/airflow/dags/dagwithpostgres.py
[2024-04-17T16:07:54.916+0000] {logging_mixin.py:188} INFO - [2024-04-17T16:07:54.915+0000] {dag.py:3047} INFO - Sync 1 DAGs
[2024-04-17T16:07:54.943+0000] {logging_mixin.py:188} INFO - [2024-04-17T16:07:54.943+0000] {dag.py:3834} INFO - Setting next_dagrun for dagwithpostgres to 2024-04-10 04:05:00+00:00, run_after=2024-04-11 04:05:00+00:00
[2024-04-17T16:07:54.968+0000] {processor.py:183} INFO - Processing /opt/airflow/dags/dagwithpostgres.py took 0.110 seconds
[2024-04-17T16:08:25.639+0000] {processor.py:161} INFO - Started process (PID=173) to work on /opt/airflow/dags/dagwithpostgres.py
[2024-04-17T16:08:25.641+0000] {processor.py:830} INFO - Processing file /opt/airflow/dags/dagwithpostgres.py for tasks to queue
[2024-04-17T16:08:25.642+0000] {logging_mixin.py:188} INFO - [2024-04-17T16:08:25.642+0000] {dagbag.py:540} INFO - Filling up the DagBag from /opt/airflow/dags/dagwithpostgres.py
[2024-04-17T16:08:25.665+0000] {processor.py:840} INFO - DAG(s) 'dagwithpostgres' retrieved from /opt/airflow/dags/dagwithpostgres.py
[2024-04-17T16:08:25.684+0000] {logging_mixin.py:188} INFO - [2024-04-17T16:08:25.684+0000] {dag.py:3047} INFO - Sync 1 DAGs
[2024-04-17T16:08:25.709+0000] {logging_mixin.py:188} INFO - [2024-04-17T16:08:25.709+0000] {dag.py:3834} INFO - Setting next_dagrun for dagwithpostgres to 2024-04-10 04:05:00+00:00, run_after=2024-04-11 04:05:00+00:00
[2024-04-17T16:08:25.730+0000] {processor.py:183} INFO - Processing /opt/airflow/dags/dagwithpostgres.py took 0.093 seconds
[2024-04-17T16:08:56.531+0000] {processor.py:161} INFO - Started process (PID=193) to work on /opt/airflow/dags/dagwithpostgres.py
[2024-04-17T16:08:56.531+0000] {processor.py:830} INFO - Processing file /opt/airflow/dags/dagwithpostgres.py for tasks to queue
[2024-04-17T16:08:56.533+0000] {logging_mixin.py:188} INFO - [2024-04-17T16:08:56.533+0000] {dagbag.py:540} INFO - Filling up the DagBag from /opt/airflow/dags/dagwithpostgres.py
[2024-04-17T16:08:56.551+0000] {processor.py:840} INFO - DAG(s) 'dagwithpostgres' retrieved from /opt/airflow/dags/dagwithpostgres.py
[2024-04-17T16:08:56.571+0000] {logging_mixin.py:188} INFO - [2024-04-17T16:08:56.571+0000] {dag.py:3047} INFO - Sync 1 DAGs
[2024-04-17T16:08:56.592+0000] {logging_mixin.py:188} INFO - [2024-04-17T16:08:56.592+0000] {dag.py:3834} INFO - Setting next_dagrun for dagwithpostgres to 2024-04-10 04:05:00+00:00, run_after=2024-04-11 04:05:00+00:00
[2024-04-17T16:08:56.613+0000] {processor.py:183} INFO - Processing /opt/airflow/dags/dagwithpostgres.py took 0.084 seconds
[2024-04-17T16:09:27.193+0000] {processor.py:161} INFO - Started process (PID=213) to work on /opt/airflow/dags/dagwithpostgres.py
[2024-04-17T16:09:27.194+0000] {processor.py:830} INFO - Processing file /opt/airflow/dags/dagwithpostgres.py for tasks to queue
[2024-04-17T16:09:27.196+0000] {logging_mixin.py:188} INFO - [2024-04-17T16:09:27.196+0000] {dagbag.py:540} INFO - Filling up the DagBag from /opt/airflow/dags/dagwithpostgres.py
[2024-04-17T16:09:27.222+0000] {processor.py:840} INFO - DAG(s) 'dagwithpostgres' retrieved from /opt/airflow/dags/dagwithpostgres.py
[2024-04-17T16:09:27.248+0000] {logging_mixin.py:188} INFO - [2024-04-17T16:09:27.248+0000] {dag.py:3047} INFO - Sync 1 DAGs
[2024-04-17T16:09:27.273+0000] {logging_mixin.py:188} INFO - [2024-04-17T16:09:27.273+0000] {dag.py:3834} INFO - Setting next_dagrun for dagwithpostgres to 2024-04-10 04:05:00+00:00, run_after=2024-04-11 04:05:00+00:00
[2024-04-17T16:09:27.299+0000] {processor.py:183} INFO - Processing /opt/airflow/dags/dagwithpostgres.py took 0.109 seconds
