[2024-04-17T16:05:21.602+0000] {processor.py:161} INFO - Started process (PID=53) to work on /opt/airflow/dags/etl_data.py
[2024-04-17T16:05:21.604+0000] {processor.py:830} INFO - Processing file /opt/airflow/dags/etl_data.py for tasks to queue
[2024-04-17T16:05:21.607+0000] {logging_mixin.py:188} INFO - [2024-04-17T16:05:21.606+0000] {dagbag.py:540} INFO - Filling up the DagBag from /opt/airflow/dags/etl_data.py
[2024-04-17T16:05:22.279+0000] {processor.py:840} INFO - DAG(s) 'etl_data' retrieved from /opt/airflow/dags/etl_data.py
[2024-04-17T16:05:22.329+0000] {logging_mixin.py:188} INFO - [2024-04-17T16:05:22.328+0000] {dag.py:3047} INFO - Sync 1 DAGs
[2024-04-17T16:05:22.374+0000] {logging_mixin.py:188} INFO - [2024-04-17T16:05:22.374+0000] {dag.py:3834} INFO - Setting next_dagrun for etl_data to 2024-04-17 00:00:00+00:00, run_after=2024-04-18 00:00:00+00:00
[2024-04-17T16:05:22.427+0000] {processor.py:183} INFO - Processing /opt/airflow/dags/etl_data.py took 0.830 seconds
[2024-04-17T16:05:52.738+0000] {processor.py:161} INFO - Started process (PID=75) to work on /opt/airflow/dags/etl_data.py
[2024-04-17T16:05:52.740+0000] {processor.py:830} INFO - Processing file /opt/airflow/dags/etl_data.py for tasks to queue
[2024-04-17T16:05:52.741+0000] {logging_mixin.py:188} INFO - [2024-04-17T16:05:52.741+0000] {dagbag.py:540} INFO - Filling up the DagBag from /opt/airflow/dags/etl_data.py
[2024-04-17T16:05:53.188+0000] {processor.py:840} INFO - DAG(s) 'etl_data' retrieved from /opt/airflow/dags/etl_data.py
[2024-04-17T16:05:53.289+0000] {logging_mixin.py:188} INFO - [2024-04-17T16:05:53.289+0000] {dag.py:3047} INFO - Sync 1 DAGs
[2024-04-17T16:05:53.313+0000] {logging_mixin.py:188} INFO - [2024-04-17T16:05:53.312+0000] {dag.py:3834} INFO - Setting next_dagrun for etl_data to 2024-04-17 00:00:00+00:00, run_after=2024-04-18 00:00:00+00:00
[2024-04-17T16:05:53.354+0000] {processor.py:183} INFO - Processing /opt/airflow/dags/etl_data.py took 0.618 seconds
[2024-04-17T16:06:23.497+0000] {processor.py:161} INFO - Started process (PID=95) to work on /opt/airflow/dags/etl_data.py
[2024-04-17T16:06:23.498+0000] {processor.py:830} INFO - Processing file /opt/airflow/dags/etl_data.py for tasks to queue
[2024-04-17T16:06:23.500+0000] {logging_mixin.py:188} INFO - [2024-04-17T16:06:23.500+0000] {dagbag.py:540} INFO - Filling up the DagBag from /opt/airflow/dags/etl_data.py
[2024-04-17T16:06:23.973+0000] {processor.py:840} INFO - DAG(s) 'etl_data' retrieved from /opt/airflow/dags/etl_data.py
[2024-04-17T16:06:24.072+0000] {logging_mixin.py:188} INFO - [2024-04-17T16:06:24.072+0000] {dag.py:3047} INFO - Sync 1 DAGs
[2024-04-17T16:06:24.099+0000] {logging_mixin.py:188} INFO - [2024-04-17T16:06:24.099+0000] {dag.py:3834} INFO - Setting next_dagrun for etl_data to 2024-04-17 00:00:00+00:00, run_after=2024-04-18 00:00:00+00:00
[2024-04-17T16:06:24.128+0000] {processor.py:183} INFO - Processing /opt/airflow/dags/etl_data.py took 0.634 seconds
[2024-04-17T16:06:54.333+0000] {processor.py:161} INFO - Started process (PID=115) to work on /opt/airflow/dags/etl_data.py
[2024-04-17T16:06:54.334+0000] {processor.py:830} INFO - Processing file /opt/airflow/dags/etl_data.py for tasks to queue
[2024-04-17T16:06:54.336+0000] {logging_mixin.py:188} INFO - [2024-04-17T16:06:54.335+0000] {dagbag.py:540} INFO - Filling up the DagBag from /opt/airflow/dags/etl_data.py
[2024-04-17T16:06:54.703+0000] {processor.py:840} INFO - DAG(s) 'etl_data' retrieved from /opt/airflow/dags/etl_data.py
[2024-04-17T16:06:54.788+0000] {logging_mixin.py:188} INFO - [2024-04-17T16:06:54.787+0000] {dag.py:3047} INFO - Sync 1 DAGs
[2024-04-17T16:06:54.804+0000] {logging_mixin.py:188} INFO - [2024-04-17T16:06:54.803+0000] {dag.py:3834} INFO - Setting next_dagrun for etl_data to 2024-04-17 00:00:00+00:00, run_after=2024-04-18 00:00:00+00:00
[2024-04-17T16:06:54.821+0000] {processor.py:183} INFO - Processing /opt/airflow/dags/etl_data.py took 0.491 seconds
[2024-04-17T16:07:25.098+0000] {processor.py:161} INFO - Started process (PID=134) to work on /opt/airflow/dags/etl_data.py
[2024-04-17T16:07:25.099+0000] {processor.py:830} INFO - Processing file /opt/airflow/dags/etl_data.py for tasks to queue
[2024-04-17T16:07:25.101+0000] {logging_mixin.py:188} INFO - [2024-04-17T16:07:25.101+0000] {dagbag.py:540} INFO - Filling up the DagBag from /opt/airflow/dags/etl_data.py
[2024-04-17T16:07:25.625+0000] {processor.py:840} INFO - DAG(s) 'etl_data' retrieved from /opt/airflow/dags/etl_data.py
[2024-04-17T16:07:25.644+0000] {logging_mixin.py:188} INFO - [2024-04-17T16:07:25.644+0000] {dag.py:3047} INFO - Sync 1 DAGs
[2024-04-17T16:07:25.665+0000] {logging_mixin.py:188} INFO - [2024-04-17T16:07:25.665+0000] {dag.py:3834} INFO - Setting next_dagrun for etl_data to 2024-04-17 00:00:00+00:00, run_after=2024-04-18 00:00:00+00:00
[2024-04-17T16:07:25.687+0000] {processor.py:183} INFO - Processing /opt/airflow/dags/etl_data.py took 0.592 seconds
[2024-04-17T16:07:56.037+0000] {processor.py:161} INFO - Started process (PID=154) to work on /opt/airflow/dags/etl_data.py
[2024-04-17T16:07:56.038+0000] {processor.py:830} INFO - Processing file /opt/airflow/dags/etl_data.py for tasks to queue
[2024-04-17T16:07:56.040+0000] {logging_mixin.py:188} INFO - [2024-04-17T16:07:56.040+0000] {dagbag.py:540} INFO - Filling up the DagBag from /opt/airflow/dags/etl_data.py
[2024-04-17T16:07:56.513+0000] {processor.py:840} INFO - DAG(s) 'etl_data' retrieved from /opt/airflow/dags/etl_data.py
[2024-04-17T16:07:56.538+0000] {logging_mixin.py:188} INFO - [2024-04-17T16:07:56.537+0000] {dag.py:3047} INFO - Sync 1 DAGs
[2024-04-17T16:07:56.561+0000] {logging_mixin.py:188} INFO - [2024-04-17T16:07:56.561+0000] {dag.py:3834} INFO - Setting next_dagrun for etl_data to 2024-04-17 00:00:00+00:00, run_after=2024-04-18 00:00:00+00:00
[2024-04-17T16:07:56.582+0000] {processor.py:183} INFO - Processing /opt/airflow/dags/etl_data.py took 0.548 seconds
[2024-04-17T16:08:26.802+0000] {processor.py:161} INFO - Started process (PID=175) to work on /opt/airflow/dags/etl_data.py
[2024-04-17T16:08:26.804+0000] {processor.py:830} INFO - Processing file /opt/airflow/dags/etl_data.py for tasks to queue
[2024-04-17T16:08:26.806+0000] {logging_mixin.py:188} INFO - [2024-04-17T16:08:26.806+0000] {dagbag.py:540} INFO - Filling up the DagBag from /opt/airflow/dags/etl_data.py
[2024-04-17T16:08:27.218+0000] {processor.py:840} INFO - DAG(s) 'etl_data' retrieved from /opt/airflow/dags/etl_data.py
[2024-04-17T16:08:27.241+0000] {logging_mixin.py:188} INFO - [2024-04-17T16:08:27.240+0000] {dag.py:3047} INFO - Sync 1 DAGs
[2024-04-17T16:08:27.264+0000] {logging_mixin.py:188} INFO - [2024-04-17T16:08:27.264+0000] {dag.py:3834} INFO - Setting next_dagrun for etl_data to 2024-04-17 00:00:00+00:00, run_after=2024-04-18 00:00:00+00:00
[2024-04-17T16:08:27.283+0000] {processor.py:183} INFO - Processing /opt/airflow/dags/etl_data.py took 0.484 seconds
[2024-04-17T16:08:57.693+0000] {processor.py:161} INFO - Started process (PID=195) to work on /opt/airflow/dags/etl_data.py
[2024-04-17T16:08:57.695+0000] {processor.py:830} INFO - Processing file /opt/airflow/dags/etl_data.py for tasks to queue
[2024-04-17T16:08:57.699+0000] {logging_mixin.py:188} INFO - [2024-04-17T16:08:57.699+0000] {dagbag.py:540} INFO - Filling up the DagBag from /opt/airflow/dags/etl_data.py
[2024-04-17T16:08:58.116+0000] {processor.py:840} INFO - DAG(s) 'etl_data' retrieved from /opt/airflow/dags/etl_data.py
[2024-04-17T16:08:58.136+0000] {logging_mixin.py:188} INFO - [2024-04-17T16:08:58.135+0000] {dag.py:3047} INFO - Sync 1 DAGs
[2024-04-17T16:08:58.155+0000] {logging_mixin.py:188} INFO - [2024-04-17T16:08:58.155+0000] {dag.py:3834} INFO - Setting next_dagrun for etl_data to 2024-04-17 00:00:00+00:00, run_after=2024-04-18 00:00:00+00:00
[2024-04-17T16:08:58.176+0000] {processor.py:183} INFO - Processing /opt/airflow/dags/etl_data.py took 0.487 seconds
[2024-04-17T16:09:28.376+0000] {processor.py:161} INFO - Started process (PID=215) to work on /opt/airflow/dags/etl_data.py
[2024-04-17T16:09:28.377+0000] {processor.py:830} INFO - Processing file /opt/airflow/dags/etl_data.py for tasks to queue
[2024-04-17T16:09:28.381+0000] {logging_mixin.py:188} INFO - [2024-04-17T16:09:28.380+0000] {dagbag.py:540} INFO - Filling up the DagBag from /opt/airflow/dags/etl_data.py
[2024-04-17T16:09:28.807+0000] {processor.py:840} INFO - DAG(s) 'etl_data' retrieved from /opt/airflow/dags/etl_data.py
[2024-04-17T16:09:28.827+0000] {logging_mixin.py:188} INFO - [2024-04-17T16:09:28.827+0000] {dag.py:3047} INFO - Sync 1 DAGs
[2024-04-17T16:09:28.856+0000] {logging_mixin.py:188} INFO - [2024-04-17T16:09:28.856+0000] {dag.py:3834} INFO - Setting next_dagrun for etl_data to 2024-04-17 00:00:00+00:00, run_after=2024-04-18 00:00:00+00:00
[2024-04-17T16:09:28.881+0000] {processor.py:183} INFO - Processing /opt/airflow/dags/etl_data.py took 0.510 seconds
[2024-04-17T16:09:59.214+0000] {processor.py:161} INFO - Started process (PID=235) to work on /opt/airflow/dags/etl_data.py
[2024-04-17T16:09:59.215+0000] {processor.py:830} INFO - Processing file /opt/airflow/dags/etl_data.py for tasks to queue
[2024-04-17T16:09:59.218+0000] {logging_mixin.py:188} INFO - [2024-04-17T16:09:59.218+0000] {dagbag.py:540} INFO - Filling up the DagBag from /opt/airflow/dags/etl_data.py
[2024-04-17T16:09:59.830+0000] {processor.py:840} INFO - DAG(s) 'etl_data' retrieved from /opt/airflow/dags/etl_data.py
[2024-04-17T16:09:59.857+0000] {logging_mixin.py:188} INFO - [2024-04-17T16:09:59.857+0000] {dag.py:3047} INFO - Sync 1 DAGs
[2024-04-17T16:09:59.883+0000] {logging_mixin.py:188} INFO - [2024-04-17T16:09:59.882+0000] {dag.py:3834} INFO - Setting next_dagrun for etl_data to 2024-04-17 00:00:00+00:00, run_after=2024-04-18 00:00:00+00:00
[2024-04-17T16:09:59.907+0000] {processor.py:183} INFO - Processing /opt/airflow/dags/etl_data.py took 0.697 seconds
[2024-04-17T16:10:30.378+0000] {processor.py:161} INFO - Started process (PID=255) to work on /opt/airflow/dags/etl_data.py
[2024-04-17T16:10:30.380+0000] {processor.py:830} INFO - Processing file /opt/airflow/dags/etl_data.py for tasks to queue
[2024-04-17T16:10:30.382+0000] {logging_mixin.py:188} INFO - [2024-04-17T16:10:30.382+0000] {dagbag.py:540} INFO - Filling up the DagBag from /opt/airflow/dags/etl_data.py
[2024-04-17T16:10:30.932+0000] {processor.py:840} INFO - DAG(s) 'etl_data' retrieved from /opt/airflow/dags/etl_data.py
[2024-04-17T16:10:30.956+0000] {logging_mixin.py:188} INFO - [2024-04-17T16:10:30.956+0000] {dag.py:3047} INFO - Sync 1 DAGs
[2024-04-17T16:10:30.979+0000] {logging_mixin.py:188} INFO - [2024-04-17T16:10:30.979+0000] {dag.py:3834} INFO - Setting next_dagrun for etl_data to 2024-04-17 00:00:00+00:00, run_after=2024-04-18 00:00:00+00:00
[2024-04-17T16:10:30.999+0000] {processor.py:183} INFO - Processing /opt/airflow/dags/etl_data.py took 0.624 seconds
[2024-04-17T16:11:01.151+0000] {processor.py:161} INFO - Started process (PID=275) to work on /opt/airflow/dags/etl_data.py
[2024-04-17T16:11:01.153+0000] {processor.py:830} INFO - Processing file /opt/airflow/dags/etl_data.py for tasks to queue
[2024-04-17T16:11:01.155+0000] {logging_mixin.py:188} INFO - [2024-04-17T16:11:01.155+0000] {dagbag.py:540} INFO - Filling up the DagBag from /opt/airflow/dags/etl_data.py
[2024-04-17T16:11:01.681+0000] {processor.py:840} INFO - DAG(s) 'etl_data' retrieved from /opt/airflow/dags/etl_data.py
[2024-04-17T16:11:01.702+0000] {logging_mixin.py:188} INFO - [2024-04-17T16:11:01.702+0000] {dag.py:3047} INFO - Sync 1 DAGs
[2024-04-17T16:11:01.723+0000] {logging_mixin.py:188} INFO - [2024-04-17T16:11:01.723+0000] {dag.py:3834} INFO - Setting next_dagrun for etl_data to 2024-04-17 00:00:00+00:00, run_after=2024-04-18 00:00:00+00:00
[2024-04-17T16:11:01.743+0000] {processor.py:183} INFO - Processing /opt/airflow/dags/etl_data.py took 0.597 seconds
[2024-04-17T16:11:31.869+0000] {processor.py:161} INFO - Started process (PID=295) to work on /opt/airflow/dags/etl_data.py
[2024-04-17T16:11:31.871+0000] {processor.py:830} INFO - Processing file /opt/airflow/dags/etl_data.py for tasks to queue
[2024-04-17T16:11:31.873+0000] {logging_mixin.py:188} INFO - [2024-04-17T16:11:31.873+0000] {dagbag.py:540} INFO - Filling up the DagBag from /opt/airflow/dags/etl_data.py
[2024-04-17T16:11:32.419+0000] {processor.py:840} INFO - DAG(s) 'etl_data' retrieved from /opt/airflow/dags/etl_data.py
[2024-04-17T16:11:32.445+0000] {logging_mixin.py:188} INFO - [2024-04-17T16:11:32.445+0000] {dag.py:3047} INFO - Sync 1 DAGs
[2024-04-17T16:11:32.469+0000] {logging_mixin.py:188} INFO - [2024-04-17T16:11:32.468+0000] {dag.py:3834} INFO - Setting next_dagrun for etl_data to 2024-04-17 00:00:00+00:00, run_after=2024-04-18 00:00:00+00:00
[2024-04-17T16:11:32.494+0000] {processor.py:183} INFO - Processing /opt/airflow/dags/etl_data.py took 0.627 seconds
[2024-04-17T16:12:02.588+0000] {processor.py:161} INFO - Started process (PID=315) to work on /opt/airflow/dags/etl_data.py
[2024-04-17T16:12:02.589+0000] {processor.py:830} INFO - Processing file /opt/airflow/dags/etl_data.py for tasks to queue
[2024-04-17T16:12:02.591+0000] {logging_mixin.py:188} INFO - [2024-04-17T16:12:02.591+0000] {dagbag.py:540} INFO - Filling up the DagBag from /opt/airflow/dags/etl_data.py
[2024-04-17T16:12:03.145+0000] {processor.py:840} INFO - DAG(s) 'etl_data' retrieved from /opt/airflow/dags/etl_data.py
[2024-04-17T16:12:03.165+0000] {logging_mixin.py:188} INFO - [2024-04-17T16:12:03.165+0000] {dag.py:3047} INFO - Sync 1 DAGs
[2024-04-17T16:12:03.188+0000] {logging_mixin.py:188} INFO - [2024-04-17T16:12:03.188+0000] {dag.py:3834} INFO - Setting next_dagrun for etl_data to 2024-04-17 00:00:00+00:00, run_after=2024-04-18 00:00:00+00:00
[2024-04-17T16:12:03.209+0000] {processor.py:183} INFO - Processing /opt/airflow/dags/etl_data.py took 0.624 seconds
[2024-04-17T16:12:33.760+0000] {processor.py:161} INFO - Started process (PID=335) to work on /opt/airflow/dags/etl_data.py
[2024-04-17T16:12:33.761+0000] {processor.py:830} INFO - Processing file /opt/airflow/dags/etl_data.py for tasks to queue
[2024-04-17T16:12:33.763+0000] {logging_mixin.py:188} INFO - [2024-04-17T16:12:33.763+0000] {dagbag.py:540} INFO - Filling up the DagBag from /opt/airflow/dags/etl_data.py
[2024-04-17T16:12:34.295+0000] {processor.py:840} INFO - DAG(s) 'etl_data' retrieved from /opt/airflow/dags/etl_data.py
[2024-04-17T16:12:34.320+0000] {logging_mixin.py:188} INFO - [2024-04-17T16:12:34.319+0000] {dag.py:3047} INFO - Sync 1 DAGs
[2024-04-17T16:12:34.341+0000] {logging_mixin.py:188} INFO - [2024-04-17T16:12:34.341+0000] {dag.py:3834} INFO - Setting next_dagrun for etl_data to 2024-04-17 00:00:00+00:00, run_after=2024-04-18 00:00:00+00:00
[2024-04-17T16:12:34.364+0000] {processor.py:183} INFO - Processing /opt/airflow/dags/etl_data.py took 0.607 seconds
[2024-04-17T16:13:04.599+0000] {processor.py:161} INFO - Started process (PID=355) to work on /opt/airflow/dags/etl_data.py
[2024-04-17T16:13:04.601+0000] {processor.py:830} INFO - Processing file /opt/airflow/dags/etl_data.py for tasks to queue
[2024-04-17T16:13:04.603+0000] {logging_mixin.py:188} INFO - [2024-04-17T16:13:04.603+0000] {dagbag.py:540} INFO - Filling up the DagBag from /opt/airflow/dags/etl_data.py
[2024-04-17T16:13:05.117+0000] {processor.py:840} INFO - DAG(s) 'etl_data' retrieved from /opt/airflow/dags/etl_data.py
[2024-04-17T16:13:05.140+0000] {logging_mixin.py:188} INFO - [2024-04-17T16:13:05.140+0000] {dag.py:3047} INFO - Sync 1 DAGs
[2024-04-17T16:13:05.163+0000] {logging_mixin.py:188} INFO - [2024-04-17T16:13:05.163+0000] {dag.py:3834} INFO - Setting next_dagrun for etl_data to 2024-04-17 00:00:00+00:00, run_after=2024-04-18 00:00:00+00:00
[2024-04-17T16:13:05.185+0000] {processor.py:183} INFO - Processing /opt/airflow/dags/etl_data.py took 0.590 seconds
[2024-04-17T16:13:35.362+0000] {processor.py:161} INFO - Started process (PID=376) to work on /opt/airflow/dags/etl_data.py
[2024-04-17T16:13:35.363+0000] {processor.py:830} INFO - Processing file /opt/airflow/dags/etl_data.py for tasks to queue
[2024-04-17T16:13:35.365+0000] {logging_mixin.py:188} INFO - [2024-04-17T16:13:35.364+0000] {dagbag.py:540} INFO - Filling up the DagBag from /opt/airflow/dags/etl_data.py
[2024-04-17T16:13:35.733+0000] {processor.py:840} INFO - DAG(s) 'etl_data' retrieved from /opt/airflow/dags/etl_data.py
[2024-04-17T16:13:35.753+0000] {logging_mixin.py:188} INFO - [2024-04-17T16:13:35.752+0000] {dag.py:3047} INFO - Sync 1 DAGs
[2024-04-17T16:13:35.770+0000] {logging_mixin.py:188} INFO - [2024-04-17T16:13:35.770+0000] {dag.py:3834} INFO - Setting next_dagrun for etl_data to 2024-04-17 00:00:00+00:00, run_after=2024-04-18 00:00:00+00:00
[2024-04-17T16:13:35.788+0000] {processor.py:183} INFO - Processing /opt/airflow/dags/etl_data.py took 0.429 seconds
[2024-04-17T16:14:05.872+0000] {processor.py:161} INFO - Started process (PID=399) to work on /opt/airflow/dags/etl_data.py
[2024-04-17T16:14:05.873+0000] {processor.py:830} INFO - Processing file /opt/airflow/dags/etl_data.py for tasks to queue
[2024-04-17T16:14:05.876+0000] {logging_mixin.py:188} INFO - [2024-04-17T16:14:05.876+0000] {dagbag.py:540} INFO - Filling up the DagBag from /opt/airflow/dags/etl_data.py
[2024-04-17T16:14:06.447+0000] {processor.py:840} INFO - DAG(s) 'etl_data' retrieved from /opt/airflow/dags/etl_data.py
[2024-04-17T16:14:06.469+0000] {logging_mixin.py:188} INFO - [2024-04-17T16:14:06.469+0000] {dag.py:3047} INFO - Sync 1 DAGs
[2024-04-17T16:14:06.489+0000] {logging_mixin.py:188} INFO - [2024-04-17T16:14:06.489+0000] {dag.py:3834} INFO - Setting next_dagrun for etl_data to 2024-04-17 00:00:00+00:00, run_after=2024-04-18 00:00:00+00:00
[2024-04-17T16:14:06.510+0000] {processor.py:183} INFO - Processing /opt/airflow/dags/etl_data.py took 0.642 seconds
[2024-04-17T16:14:36.737+0000] {processor.py:161} INFO - Started process (PID=420) to work on /opt/airflow/dags/etl_data.py
[2024-04-17T16:14:36.738+0000] {processor.py:830} INFO - Processing file /opt/airflow/dags/etl_data.py for tasks to queue
[2024-04-17T16:14:36.740+0000] {logging_mixin.py:188} INFO - [2024-04-17T16:14:36.739+0000] {dagbag.py:540} INFO - Filling up the DagBag from /opt/airflow/dags/etl_data.py
[2024-04-17T16:14:37.099+0000] {processor.py:840} INFO - DAG(s) 'etl_data' retrieved from /opt/airflow/dags/etl_data.py
[2024-04-17T16:14:37.120+0000] {logging_mixin.py:188} INFO - [2024-04-17T16:14:37.120+0000] {dag.py:3047} INFO - Sync 1 DAGs
[2024-04-17T16:14:37.139+0000] {logging_mixin.py:188} INFO - [2024-04-17T16:14:37.139+0000] {dag.py:3834} INFO - Setting next_dagrun for etl_data to 2024-04-17 00:00:00+00:00, run_after=2024-04-18 00:00:00+00:00
[2024-04-17T16:14:37.158+0000] {processor.py:183} INFO - Processing /opt/airflow/dags/etl_data.py took 0.424 seconds
[2024-04-17T16:15:07.381+0000] {processor.py:161} INFO - Started process (PID=441) to work on /opt/airflow/dags/etl_data.py
[2024-04-17T16:15:07.382+0000] {processor.py:830} INFO - Processing file /opt/airflow/dags/etl_data.py for tasks to queue
[2024-04-17T16:15:07.385+0000] {logging_mixin.py:188} INFO - [2024-04-17T16:15:07.384+0000] {dagbag.py:540} INFO - Filling up the DagBag from /opt/airflow/dags/etl_data.py
[2024-04-17T16:15:07.937+0000] {processor.py:840} INFO - DAG(s) 'etl_data' retrieved from /opt/airflow/dags/etl_data.py
[2024-04-17T16:15:07.963+0000] {logging_mixin.py:188} INFO - [2024-04-17T16:15:07.963+0000] {dag.py:3047} INFO - Sync 1 DAGs
[2024-04-17T16:15:07.990+0000] {logging_mixin.py:188} INFO - [2024-04-17T16:15:07.989+0000] {dag.py:3834} INFO - Setting next_dagrun for etl_data to 2024-04-17 00:00:00+00:00, run_after=2024-04-18 00:00:00+00:00
[2024-04-17T16:15:08.016+0000] {processor.py:183} INFO - Processing /opt/airflow/dags/etl_data.py took 0.638 seconds
[2024-04-17T16:15:38.166+0000] {processor.py:161} INFO - Started process (PID=461) to work on /opt/airflow/dags/etl_data.py
[2024-04-17T16:15:38.167+0000] {processor.py:830} INFO - Processing file /opt/airflow/dags/etl_data.py for tasks to queue
[2024-04-17T16:15:38.169+0000] {logging_mixin.py:188} INFO - [2024-04-17T16:15:38.169+0000] {dagbag.py:540} INFO - Filling up the DagBag from /opt/airflow/dags/etl_data.py
[2024-04-17T16:15:38.627+0000] {processor.py:840} INFO - DAG(s) 'etl_data' retrieved from /opt/airflow/dags/etl_data.py
[2024-04-17T16:15:38.643+0000] {logging_mixin.py:188} INFO - [2024-04-17T16:15:38.643+0000] {dag.py:3047} INFO - Sync 1 DAGs
[2024-04-17T16:15:38.661+0000] {logging_mixin.py:188} INFO - [2024-04-17T16:15:38.661+0000] {dag.py:3834} INFO - Setting next_dagrun for etl_data to 2024-04-17 00:00:00+00:00, run_after=2024-04-18 00:00:00+00:00
[2024-04-17T16:15:38.679+0000] {processor.py:183} INFO - Processing /opt/airflow/dags/etl_data.py took 0.516 seconds
[2024-04-17T16:16:08.793+0000] {processor.py:161} INFO - Started process (PID=482) to work on /opt/airflow/dags/etl_data.py
[2024-04-17T16:16:08.794+0000] {processor.py:830} INFO - Processing file /opt/airflow/dags/etl_data.py for tasks to queue
[2024-04-17T16:16:08.795+0000] {logging_mixin.py:188} INFO - [2024-04-17T16:16:08.795+0000] {dagbag.py:540} INFO - Filling up the DagBag from /opt/airflow/dags/etl_data.py
[2024-04-17T16:16:09.180+0000] {processor.py:840} INFO - DAG(s) 'etl_data' retrieved from /opt/airflow/dags/etl_data.py
[2024-04-17T16:16:09.202+0000] {logging_mixin.py:188} INFO - [2024-04-17T16:16:09.201+0000] {dag.py:3047} INFO - Sync 1 DAGs
[2024-04-17T16:16:09.220+0000] {logging_mixin.py:188} INFO - [2024-04-17T16:16:09.220+0000] {dag.py:3834} INFO - Setting next_dagrun for etl_data to 2024-04-17 00:00:00+00:00, run_after=2024-04-18 00:00:00+00:00
[2024-04-17T16:16:09.238+0000] {processor.py:183} INFO - Processing /opt/airflow/dags/etl_data.py took 0.447 seconds
[2024-04-17T16:16:39.369+0000] {processor.py:161} INFO - Started process (PID=505) to work on /opt/airflow/dags/etl_data.py
[2024-04-17T16:16:39.371+0000] {processor.py:830} INFO - Processing file /opt/airflow/dags/etl_data.py for tasks to queue
[2024-04-17T16:16:39.374+0000] {logging_mixin.py:188} INFO - [2024-04-17T16:16:39.374+0000] {dagbag.py:540} INFO - Filling up the DagBag from /opt/airflow/dags/etl_data.py
[2024-04-17T16:16:39.932+0000] {processor.py:840} INFO - DAG(s) 'etl_data' retrieved from /opt/airflow/dags/etl_data.py
[2024-04-17T16:16:39.954+0000] {logging_mixin.py:188} INFO - [2024-04-17T16:16:39.954+0000] {dag.py:3047} INFO - Sync 1 DAGs
[2024-04-17T16:16:39.975+0000] {logging_mixin.py:188} INFO - [2024-04-17T16:16:39.975+0000] {dag.py:3834} INFO - Setting next_dagrun for etl_data to 2024-04-17 00:00:00+00:00, run_after=2024-04-18 00:00:00+00:00
[2024-04-17T16:16:39.993+0000] {processor.py:183} INFO - Processing /opt/airflow/dags/etl_data.py took 0.629 seconds
[2024-04-17T16:17:10.485+0000] {processor.py:161} INFO - Started process (PID=525) to work on /opt/airflow/dags/etl_data.py
[2024-04-17T16:17:10.486+0000] {processor.py:830} INFO - Processing file /opt/airflow/dags/etl_data.py for tasks to queue
[2024-04-17T16:17:10.488+0000] {logging_mixin.py:188} INFO - [2024-04-17T16:17:10.488+0000] {dagbag.py:540} INFO - Filling up the DagBag from /opt/airflow/dags/etl_data.py
[2024-04-17T16:17:10.979+0000] {processor.py:840} INFO - DAG(s) 'etl_data' retrieved from /opt/airflow/dags/etl_data.py
[2024-04-17T16:17:11.000+0000] {logging_mixin.py:188} INFO - [2024-04-17T16:17:11.000+0000] {dag.py:3047} INFO - Sync 1 DAGs
[2024-04-17T16:17:11.024+0000] {logging_mixin.py:188} INFO - [2024-04-17T16:17:11.024+0000] {dag.py:3834} INFO - Setting next_dagrun for etl_data to 2024-04-17 00:00:00+00:00, run_after=2024-04-18 00:00:00+00:00
[2024-04-17T16:17:11.048+0000] {processor.py:183} INFO - Processing /opt/airflow/dags/etl_data.py took 0.567 seconds
[2024-04-17T16:17:41.706+0000] {processor.py:161} INFO - Started process (PID=551) to work on /opt/airflow/dags/etl_data.py
[2024-04-17T16:17:41.708+0000] {processor.py:830} INFO - Processing file /opt/airflow/dags/etl_data.py for tasks to queue
[2024-04-17T16:17:41.710+0000] {logging_mixin.py:188} INFO - [2024-04-17T16:17:41.710+0000] {dagbag.py:540} INFO - Filling up the DagBag from /opt/airflow/dags/etl_data.py
[2024-04-17T16:17:42.234+0000] {processor.py:840} INFO - DAG(s) 'etl_data' retrieved from /opt/airflow/dags/etl_data.py
[2024-04-17T16:17:42.260+0000] {logging_mixin.py:188} INFO - [2024-04-17T16:17:42.260+0000] {dag.py:3047} INFO - Sync 1 DAGs
[2024-04-17T16:17:42.289+0000] {logging_mixin.py:188} INFO - [2024-04-17T16:17:42.288+0000] {dag.py:3834} INFO - Setting next_dagrun for etl_data to 2024-04-17 00:00:00+00:00, run_after=2024-04-18 00:00:00+00:00
[2024-04-17T16:17:42.312+0000] {processor.py:183} INFO - Processing /opt/airflow/dags/etl_data.py took 0.610 seconds
[2024-04-17T16:18:13.000+0000] {processor.py:161} INFO - Started process (PID=571) to work on /opt/airflow/dags/etl_data.py
[2024-04-17T16:18:13.002+0000] {processor.py:830} INFO - Processing file /opt/airflow/dags/etl_data.py for tasks to queue
[2024-04-17T16:18:13.005+0000] {logging_mixin.py:188} INFO - [2024-04-17T16:18:13.004+0000] {dagbag.py:540} INFO - Filling up the DagBag from /opt/airflow/dags/etl_data.py
[2024-04-17T16:18:13.587+0000] {processor.py:840} INFO - DAG(s) 'etl_data' retrieved from /opt/airflow/dags/etl_data.py
[2024-04-17T16:18:13.609+0000] {logging_mixin.py:188} INFO - [2024-04-17T16:18:13.608+0000] {dag.py:3047} INFO - Sync 1 DAGs
[2024-04-17T16:18:13.633+0000] {logging_mixin.py:188} INFO - [2024-04-17T16:18:13.633+0000] {dag.py:3834} INFO - Setting next_dagrun for etl_data to 2024-04-17 00:00:00+00:00, run_after=2024-04-18 00:00:00+00:00
[2024-04-17T16:18:13.653+0000] {processor.py:183} INFO - Processing /opt/airflow/dags/etl_data.py took 0.656 seconds
[2024-04-17T16:18:44.011+0000] {processor.py:161} INFO - Started process (PID=591) to work on /opt/airflow/dags/etl_data.py
[2024-04-17T16:18:44.013+0000] {processor.py:830} INFO - Processing file /opt/airflow/dags/etl_data.py for tasks to queue
[2024-04-17T16:18:44.016+0000] {logging_mixin.py:188} INFO - [2024-04-17T16:18:44.016+0000] {dagbag.py:540} INFO - Filling up the DagBag from /opt/airflow/dags/etl_data.py
[2024-04-17T16:18:44.490+0000] {processor.py:840} INFO - DAG(s) 'etl_data' retrieved from /opt/airflow/dags/etl_data.py
[2024-04-17T16:18:44.513+0000] {logging_mixin.py:188} INFO - [2024-04-17T16:18:44.512+0000] {dag.py:3047} INFO - Sync 1 DAGs
[2024-04-17T16:18:44.534+0000] {logging_mixin.py:188} INFO - [2024-04-17T16:18:44.534+0000] {dag.py:3834} INFO - Setting next_dagrun for etl_data to 2024-04-17 00:00:00+00:00, run_after=2024-04-18 00:00:00+00:00
[2024-04-17T16:18:44.557+0000] {processor.py:183} INFO - Processing /opt/airflow/dags/etl_data.py took 0.550 seconds
[2024-04-17T16:19:14.696+0000] {processor.py:161} INFO - Started process (PID=611) to work on /opt/airflow/dags/etl_data.py
[2024-04-17T16:19:14.698+0000] {processor.py:830} INFO - Processing file /opt/airflow/dags/etl_data.py for tasks to queue
[2024-04-17T16:19:14.700+0000] {logging_mixin.py:188} INFO - [2024-04-17T16:19:14.699+0000] {dagbag.py:540} INFO - Filling up the DagBag from /opt/airflow/dags/etl_data.py
[2024-04-17T16:19:15.217+0000] {processor.py:840} INFO - DAG(s) 'etl_data' retrieved from /opt/airflow/dags/etl_data.py
[2024-04-17T16:19:15.246+0000] {logging_mixin.py:188} INFO - [2024-04-17T16:19:15.246+0000] {dag.py:3047} INFO - Sync 1 DAGs
[2024-04-17T16:19:15.273+0000] {logging_mixin.py:188} INFO - [2024-04-17T16:19:15.273+0000] {dag.py:3834} INFO - Setting next_dagrun for etl_data to 2024-04-17 00:00:00+00:00, run_after=2024-04-18 00:00:00+00:00
[2024-04-17T16:19:15.292+0000] {processor.py:183} INFO - Processing /opt/airflow/dags/etl_data.py took 0.599 seconds
[2024-04-17T16:19:45.550+0000] {processor.py:161} INFO - Started process (PID=631) to work on /opt/airflow/dags/etl_data.py
[2024-04-17T16:19:45.552+0000] {processor.py:830} INFO - Processing file /opt/airflow/dags/etl_data.py for tasks to queue
[2024-04-17T16:19:45.555+0000] {logging_mixin.py:188} INFO - [2024-04-17T16:19:45.554+0000] {dagbag.py:540} INFO - Filling up the DagBag from /opt/airflow/dags/etl_data.py
[2024-04-17T16:19:46.214+0000] {processor.py:840} INFO - DAG(s) 'etl_data' retrieved from /opt/airflow/dags/etl_data.py
[2024-04-17T16:19:46.234+0000] {logging_mixin.py:188} INFO - [2024-04-17T16:19:46.234+0000] {dag.py:3047} INFO - Sync 1 DAGs
[2024-04-17T16:19:46.257+0000] {logging_mixin.py:188} INFO - [2024-04-17T16:19:46.257+0000] {dag.py:3834} INFO - Setting next_dagrun for etl_data to 2024-04-17 00:00:00+00:00, run_after=2024-04-18 00:00:00+00:00
[2024-04-17T16:19:46.279+0000] {processor.py:183} INFO - Processing /opt/airflow/dags/etl_data.py took 0.732 seconds
[2024-04-17T16:20:16.653+0000] {processor.py:161} INFO - Started process (PID=651) to work on /opt/airflow/dags/etl_data.py
[2024-04-17T16:20:16.654+0000] {processor.py:830} INFO - Processing file /opt/airflow/dags/etl_data.py for tasks to queue
[2024-04-17T16:20:16.656+0000] {logging_mixin.py:188} INFO - [2024-04-17T16:20:16.655+0000] {dagbag.py:540} INFO - Filling up the DagBag from /opt/airflow/dags/etl_data.py
[2024-04-17T16:20:17.142+0000] {processor.py:840} INFO - DAG(s) 'etl_data' retrieved from /opt/airflow/dags/etl_data.py
[2024-04-17T16:20:17.163+0000] {logging_mixin.py:188} INFO - [2024-04-17T16:20:17.163+0000] {dag.py:3047} INFO - Sync 1 DAGs
[2024-04-17T16:20:17.185+0000] {logging_mixin.py:188} INFO - [2024-04-17T16:20:17.185+0000] {dag.py:3834} INFO - Setting next_dagrun for etl_data to 2024-04-17 00:00:00+00:00, run_after=2024-04-18 00:00:00+00:00
[2024-04-17T16:20:17.205+0000] {processor.py:183} INFO - Processing /opt/airflow/dags/etl_data.py took 0.556 seconds
[2024-04-17T16:20:47.699+0000] {processor.py:161} INFO - Started process (PID=671) to work on /opt/airflow/dags/etl_data.py
[2024-04-17T16:20:47.700+0000] {processor.py:830} INFO - Processing file /opt/airflow/dags/etl_data.py for tasks to queue
[2024-04-17T16:20:47.702+0000] {logging_mixin.py:188} INFO - [2024-04-17T16:20:47.702+0000] {dagbag.py:540} INFO - Filling up the DagBag from /opt/airflow/dags/etl_data.py
[2024-04-17T16:20:48.066+0000] {processor.py:840} INFO - DAG(s) 'etl_data' retrieved from /opt/airflow/dags/etl_data.py
[2024-04-17T16:20:48.088+0000] {logging_mixin.py:188} INFO - [2024-04-17T16:20:48.088+0000] {dag.py:3047} INFO - Sync 1 DAGs
[2024-04-17T16:20:48.109+0000] {logging_mixin.py:188} INFO - [2024-04-17T16:20:48.109+0000] {dag.py:3834} INFO - Setting next_dagrun for etl_data to 2024-04-17 00:00:00+00:00, run_after=2024-04-18 00:00:00+00:00
[2024-04-17T16:20:48.128+0000] {processor.py:183} INFO - Processing /opt/airflow/dags/etl_data.py took 0.431 seconds
[2024-04-17T16:21:18.788+0000] {processor.py:161} INFO - Started process (PID=691) to work on /opt/airflow/dags/etl_data.py
[2024-04-17T16:21:18.793+0000] {processor.py:830} INFO - Processing file /opt/airflow/dags/etl_data.py for tasks to queue
[2024-04-17T16:21:18.795+0000] {logging_mixin.py:188} INFO - [2024-04-17T16:21:18.795+0000] {dagbag.py:540} INFO - Filling up the DagBag from /opt/airflow/dags/etl_data.py
[2024-04-17T16:21:19.697+0000] {processor.py:840} INFO - DAG(s) 'etl_data' retrieved from /opt/airflow/dags/etl_data.py
[2024-04-17T16:21:19.720+0000] {logging_mixin.py:188} INFO - [2024-04-17T16:21:19.720+0000] {dag.py:3047} INFO - Sync 1 DAGs
[2024-04-17T16:21:19.746+0000] {logging_mixin.py:188} INFO - [2024-04-17T16:21:19.745+0000] {dag.py:3834} INFO - Setting next_dagrun for etl_data to 2024-04-17 00:00:00+00:00, run_after=2024-04-18 00:00:00+00:00
[2024-04-17T16:21:19.767+0000] {processor.py:183} INFO - Processing /opt/airflow/dags/etl_data.py took 0.982 seconds
[2024-04-17T16:21:50.280+0000] {processor.py:161} INFO - Started process (PID=711) to work on /opt/airflow/dags/etl_data.py
[2024-04-17T16:21:50.281+0000] {processor.py:830} INFO - Processing file /opt/airflow/dags/etl_data.py for tasks to queue
[2024-04-17T16:21:50.283+0000] {logging_mixin.py:188} INFO - [2024-04-17T16:21:50.283+0000] {dagbag.py:540} INFO - Filling up the DagBag from /opt/airflow/dags/etl_data.py
[2024-04-17T16:21:50.921+0000] {processor.py:840} INFO - DAG(s) 'etl_data' retrieved from /opt/airflow/dags/etl_data.py
[2024-04-17T16:21:50.947+0000] {logging_mixin.py:188} INFO - [2024-04-17T16:21:50.946+0000] {dag.py:3047} INFO - Sync 1 DAGs
[2024-04-17T16:21:50.970+0000] {logging_mixin.py:188} INFO - [2024-04-17T16:21:50.969+0000] {dag.py:3834} INFO - Setting next_dagrun for etl_data to 2024-04-17 00:00:00+00:00, run_after=2024-04-18 00:00:00+00:00
[2024-04-17T16:21:50.995+0000] {processor.py:183} INFO - Processing /opt/airflow/dags/etl_data.py took 0.719 seconds
[2024-04-17T16:22:21.523+0000] {processor.py:161} INFO - Started process (PID=732) to work on /opt/airflow/dags/etl_data.py
[2024-04-17T16:22:21.524+0000] {processor.py:830} INFO - Processing file /opt/airflow/dags/etl_data.py for tasks to queue
[2024-04-17T16:22:21.526+0000] {logging_mixin.py:188} INFO - [2024-04-17T16:22:21.526+0000] {dagbag.py:540} INFO - Filling up the DagBag from /opt/airflow/dags/etl_data.py
[2024-04-17T16:22:22.085+0000] {processor.py:840} INFO - DAG(s) 'etl_data' retrieved from /opt/airflow/dags/etl_data.py
[2024-04-17T16:22:22.110+0000] {logging_mixin.py:188} INFO - [2024-04-17T16:22:22.109+0000] {dag.py:3047} INFO - Sync 1 DAGs
[2024-04-17T16:22:22.134+0000] {logging_mixin.py:188} INFO - [2024-04-17T16:22:22.133+0000] {dag.py:3834} INFO - Setting next_dagrun for etl_data to 2024-04-17 00:00:00+00:00, run_after=2024-04-18 00:00:00+00:00
[2024-04-17T16:22:22.165+0000] {processor.py:183} INFO - Processing /opt/airflow/dags/etl_data.py took 0.645 seconds
[2024-04-17T16:22:52.451+0000] {processor.py:161} INFO - Started process (PID=756) to work on /opt/airflow/dags/etl_data.py
[2024-04-17T16:22:52.454+0000] {processor.py:830} INFO - Processing file /opt/airflow/dags/etl_data.py for tasks to queue
[2024-04-17T16:22:52.457+0000] {logging_mixin.py:188} INFO - [2024-04-17T16:22:52.457+0000] {dagbag.py:540} INFO - Filling up the DagBag from /opt/airflow/dags/etl_data.py
[2024-04-17T16:22:53.171+0000] {processor.py:840} INFO - DAG(s) 'etl_data' retrieved from /opt/airflow/dags/etl_data.py
[2024-04-17T16:22:53.202+0000] {logging_mixin.py:188} INFO - [2024-04-17T16:22:53.201+0000] {dag.py:3047} INFO - Sync 1 DAGs
[2024-04-17T16:22:53.234+0000] {logging_mixin.py:188} INFO - [2024-04-17T16:22:53.234+0000] {dag.py:3834} INFO - Setting next_dagrun for etl_data to 2024-04-17 00:00:00+00:00, run_after=2024-04-18 00:00:00+00:00
[2024-04-17T16:22:53.259+0000] {processor.py:183} INFO - Processing /opt/airflow/dags/etl_data.py took 0.815 seconds
[2024-04-17T16:23:23.640+0000] {processor.py:161} INFO - Started process (PID=776) to work on /opt/airflow/dags/etl_data.py
[2024-04-17T16:23:23.641+0000] {processor.py:830} INFO - Processing file /opt/airflow/dags/etl_data.py for tasks to queue
[2024-04-17T16:23:23.643+0000] {logging_mixin.py:188} INFO - [2024-04-17T16:23:23.643+0000] {dagbag.py:540} INFO - Filling up the DagBag from /opt/airflow/dags/etl_data.py
[2024-04-17T16:23:24.167+0000] {processor.py:840} INFO - DAG(s) 'etl_data' retrieved from /opt/airflow/dags/etl_data.py
[2024-04-17T16:23:24.199+0000] {logging_mixin.py:188} INFO - [2024-04-17T16:23:24.198+0000] {dag.py:3047} INFO - Sync 1 DAGs
[2024-04-17T16:23:24.229+0000] {logging_mixin.py:188} INFO - [2024-04-17T16:23:24.229+0000] {dag.py:3834} INFO - Setting next_dagrun for etl_data to 2024-04-17 00:00:00+00:00, run_after=2024-04-18 00:00:00+00:00
[2024-04-17T16:23:24.256+0000] {processor.py:183} INFO - Processing /opt/airflow/dags/etl_data.py took 0.620 seconds
[2024-04-17T16:23:54.768+0000] {processor.py:161} INFO - Started process (PID=796) to work on /opt/airflow/dags/etl_data.py
[2024-04-17T16:23:54.769+0000] {processor.py:830} INFO - Processing file /opt/airflow/dags/etl_data.py for tasks to queue
[2024-04-17T16:23:54.771+0000] {logging_mixin.py:188} INFO - [2024-04-17T16:23:54.770+0000] {dagbag.py:540} INFO - Filling up the DagBag from /opt/airflow/dags/etl_data.py
[2024-04-17T16:23:55.279+0000] {processor.py:840} INFO - DAG(s) 'etl_data' retrieved from /opt/airflow/dags/etl_data.py
[2024-04-17T16:23:55.303+0000] {logging_mixin.py:188} INFO - [2024-04-17T16:23:55.303+0000] {dag.py:3047} INFO - Sync 1 DAGs
[2024-04-17T16:23:55.328+0000] {logging_mixin.py:188} INFO - [2024-04-17T16:23:55.328+0000] {dag.py:3834} INFO - Setting next_dagrun for etl_data to 2024-04-17 00:00:00+00:00, run_after=2024-04-18 00:00:00+00:00
[2024-04-17T16:23:55.352+0000] {processor.py:183} INFO - Processing /opt/airflow/dags/etl_data.py took 0.588 seconds
[2024-04-17T16:24:25.458+0000] {processor.py:161} INFO - Started process (PID=816) to work on /opt/airflow/dags/etl_data.py
[2024-04-17T16:24:25.459+0000] {processor.py:830} INFO - Processing file /opt/airflow/dags/etl_data.py for tasks to queue
[2024-04-17T16:24:25.461+0000] {logging_mixin.py:188} INFO - [2024-04-17T16:24:25.461+0000] {dagbag.py:540} INFO - Filling up the DagBag from /opt/airflow/dags/etl_data.py
[2024-04-17T16:24:25.974+0000] {processor.py:840} INFO - DAG(s) 'etl_data' retrieved from /opt/airflow/dags/etl_data.py
[2024-04-17T16:24:25.997+0000] {logging_mixin.py:188} INFO - [2024-04-17T16:24:25.996+0000] {dag.py:3047} INFO - Sync 1 DAGs
[2024-04-17T16:24:26.021+0000] {logging_mixin.py:188} INFO - [2024-04-17T16:24:26.020+0000] {dag.py:3834} INFO - Setting next_dagrun for etl_data to 2024-04-17 00:00:00+00:00, run_after=2024-04-18 00:00:00+00:00
[2024-04-17T16:24:26.044+0000] {processor.py:183} INFO - Processing /opt/airflow/dags/etl_data.py took 0.591 seconds
[2024-04-17T16:24:56.193+0000] {processor.py:161} INFO - Started process (PID=838) to work on /opt/airflow/dags/etl_data.py
[2024-04-17T16:24:56.194+0000] {processor.py:830} INFO - Processing file /opt/airflow/dags/etl_data.py for tasks to queue
[2024-04-17T16:24:56.196+0000] {logging_mixin.py:188} INFO - [2024-04-17T16:24:56.196+0000] {dagbag.py:540} INFO - Filling up the DagBag from /opt/airflow/dags/etl_data.py
[2024-04-17T16:24:56.714+0000] {processor.py:840} INFO - DAG(s) 'etl_data' retrieved from /opt/airflow/dags/etl_data.py
[2024-04-17T16:24:56.738+0000] {logging_mixin.py:188} INFO - [2024-04-17T16:24:56.737+0000] {dag.py:3047} INFO - Sync 1 DAGs
[2024-04-17T16:24:56.763+0000] {logging_mixin.py:188} INFO - [2024-04-17T16:24:56.763+0000] {dag.py:3834} INFO - Setting next_dagrun for etl_data to 2024-04-17 00:00:00+00:00, run_after=2024-04-18 00:00:00+00:00
[2024-04-17T16:24:56.788+0000] {processor.py:183} INFO - Processing /opt/airflow/dags/etl_data.py took 0.599 seconds
[2024-04-17T16:25:27.438+0000] {processor.py:161} INFO - Started process (PID=860) to work on /opt/airflow/dags/etl_data.py
[2024-04-17T16:25:27.439+0000] {processor.py:830} INFO - Processing file /opt/airflow/dags/etl_data.py for tasks to queue
[2024-04-17T16:25:27.441+0000] {logging_mixin.py:188} INFO - [2024-04-17T16:25:27.441+0000] {dagbag.py:540} INFO - Filling up the DagBag from /opt/airflow/dags/etl_data.py
[2024-04-17T16:25:27.949+0000] {processor.py:840} INFO - DAG(s) 'etl_data' retrieved from /opt/airflow/dags/etl_data.py
[2024-04-17T16:25:27.978+0000] {logging_mixin.py:188} INFO - [2024-04-17T16:25:27.978+0000] {dag.py:3047} INFO - Sync 1 DAGs
[2024-04-17T16:25:28.009+0000] {logging_mixin.py:188} INFO - [2024-04-17T16:25:28.009+0000] {dag.py:3834} INFO - Setting next_dagrun for etl_data to 2024-04-17 00:00:00+00:00, run_after=2024-04-18 00:00:00+00:00
[2024-04-17T16:25:28.036+0000] {processor.py:183} INFO - Processing /opt/airflow/dags/etl_data.py took 0.602 seconds
[2024-04-17T16:25:58.471+0000] {processor.py:161} INFO - Started process (PID=881) to work on /opt/airflow/dags/etl_data.py
[2024-04-17T16:25:58.472+0000] {processor.py:830} INFO - Processing file /opt/airflow/dags/etl_data.py for tasks to queue
[2024-04-17T16:25:58.474+0000] {logging_mixin.py:188} INFO - [2024-04-17T16:25:58.474+0000] {dagbag.py:540} INFO - Filling up the DagBag from /opt/airflow/dags/etl_data.py
[2024-04-17T16:25:59.007+0000] {processor.py:840} INFO - DAG(s) 'etl_data' retrieved from /opt/airflow/dags/etl_data.py
[2024-04-17T16:25:59.032+0000] {logging_mixin.py:188} INFO - [2024-04-17T16:25:59.032+0000] {dag.py:3047} INFO - Sync 1 DAGs
[2024-04-17T16:25:59.054+0000] {logging_mixin.py:188} INFO - [2024-04-17T16:25:59.053+0000] {dag.py:3834} INFO - Setting next_dagrun for etl_data to 2024-04-17 00:00:00+00:00, run_after=2024-04-18 00:00:00+00:00
[2024-04-17T16:25:59.079+0000] {processor.py:183} INFO - Processing /opt/airflow/dags/etl_data.py took 0.612 seconds
[2024-04-17T16:26:29.335+0000] {processor.py:161} INFO - Started process (PID=902) to work on /opt/airflow/dags/etl_data.py
[2024-04-17T16:26:29.337+0000] {processor.py:830} INFO - Processing file /opt/airflow/dags/etl_data.py for tasks to queue
[2024-04-17T16:26:29.339+0000] {logging_mixin.py:188} INFO - [2024-04-17T16:26:29.339+0000] {dagbag.py:540} INFO - Filling up the DagBag from /opt/airflow/dags/etl_data.py
[2024-04-17T16:26:29.852+0000] {processor.py:840} INFO - DAG(s) 'etl_data' retrieved from /opt/airflow/dags/etl_data.py
[2024-04-17T16:26:29.876+0000] {logging_mixin.py:188} INFO - [2024-04-17T16:26:29.876+0000] {dag.py:3047} INFO - Sync 1 DAGs
[2024-04-17T16:26:29.907+0000] {logging_mixin.py:188} INFO - [2024-04-17T16:26:29.907+0000] {dag.py:3834} INFO - Setting next_dagrun for etl_data to 2024-04-17 00:00:00+00:00, run_after=2024-04-18 00:00:00+00:00
[2024-04-17T16:26:29.931+0000] {processor.py:183} INFO - Processing /opt/airflow/dags/etl_data.py took 0.599 seconds
[2024-04-17T16:27:00.554+0000] {processor.py:161} INFO - Started process (PID=923) to work on /opt/airflow/dags/etl_data.py
[2024-04-17T16:27:00.555+0000] {processor.py:830} INFO - Processing file /opt/airflow/dags/etl_data.py for tasks to queue
[2024-04-17T16:27:00.557+0000] {logging_mixin.py:188} INFO - [2024-04-17T16:27:00.557+0000] {dagbag.py:540} INFO - Filling up the DagBag from /opt/airflow/dags/etl_data.py
[2024-04-17T16:27:00.842+0000] {processor.py:840} INFO - DAG(s) 'etl_data' retrieved from /opt/airflow/dags/etl_data.py
[2024-04-17T16:27:00.870+0000] {logging_mixin.py:188} INFO - [2024-04-17T16:27:00.870+0000] {dag.py:3047} INFO - Sync 1 DAGs
[2024-04-17T16:27:00.900+0000] {logging_mixin.py:188} INFO - [2024-04-17T16:27:00.899+0000] {dag.py:3834} INFO - Setting next_dagrun for etl_data to 2024-04-17 00:00:00+00:00, run_after=2024-04-18 00:00:00+00:00
[2024-04-17T16:27:00.920+0000] {processor.py:183} INFO - Processing /opt/airflow/dags/etl_data.py took 0.369 seconds
[2024-04-17T16:27:31.073+0000] {processor.py:161} INFO - Started process (PID=942) to work on /opt/airflow/dags/etl_data.py
[2024-04-17T16:27:31.075+0000] {processor.py:830} INFO - Processing file /opt/airflow/dags/etl_data.py for tasks to queue
[2024-04-17T16:27:31.077+0000] {logging_mixin.py:188} INFO - [2024-04-17T16:27:31.076+0000] {dagbag.py:540} INFO - Filling up the DagBag from /opt/airflow/dags/etl_data.py
[2024-04-17T16:27:31.323+0000] {processor.py:840} INFO - DAG(s) 'etl_data' retrieved from /opt/airflow/dags/etl_data.py
[2024-04-17T16:27:31.350+0000] {logging_mixin.py:188} INFO - [2024-04-17T16:27:31.349+0000] {dag.py:3047} INFO - Sync 1 DAGs
[2024-04-17T16:27:31.373+0000] {logging_mixin.py:188} INFO - [2024-04-17T16:27:31.372+0000] {dag.py:3834} INFO - Setting next_dagrun for etl_data to 2024-04-17 00:00:00+00:00, run_after=2024-04-18 00:00:00+00:00
[2024-04-17T16:27:31.394+0000] {processor.py:183} INFO - Processing /opt/airflow/dags/etl_data.py took 0.324 seconds
[2024-04-17T16:28:01.650+0000] {processor.py:161} INFO - Started process (PID=962) to work on /opt/airflow/dags/etl_data.py
[2024-04-17T16:28:01.652+0000] {processor.py:830} INFO - Processing file /opt/airflow/dags/etl_data.py for tasks to queue
[2024-04-17T16:28:01.654+0000] {logging_mixin.py:188} INFO - [2024-04-17T16:28:01.653+0000] {dagbag.py:540} INFO - Filling up the DagBag from /opt/airflow/dags/etl_data.py
[2024-04-17T16:28:01.964+0000] {processor.py:840} INFO - DAG(s) 'etl_data' retrieved from /opt/airflow/dags/etl_data.py
[2024-04-17T16:28:01.993+0000] {logging_mixin.py:188} INFO - [2024-04-17T16:28:01.993+0000] {dag.py:3047} INFO - Sync 1 DAGs
[2024-04-17T16:28:02.028+0000] {logging_mixin.py:188} INFO - [2024-04-17T16:28:02.028+0000] {dag.py:3834} INFO - Setting next_dagrun for etl_data to 2024-04-17 00:00:00+00:00, run_after=2024-04-18 00:00:00+00:00
[2024-04-17T16:28:02.061+0000] {processor.py:183} INFO - Processing /opt/airflow/dags/etl_data.py took 0.415 seconds
[2024-04-17T16:28:32.355+0000] {processor.py:161} INFO - Started process (PID=985) to work on /opt/airflow/dags/etl_data.py
[2024-04-17T16:28:32.356+0000] {processor.py:830} INFO - Processing file /opt/airflow/dags/etl_data.py for tasks to queue
[2024-04-17T16:28:32.358+0000] {logging_mixin.py:188} INFO - [2024-04-17T16:28:32.358+0000] {dagbag.py:540} INFO - Filling up the DagBag from /opt/airflow/dags/etl_data.py
[2024-04-17T16:28:32.654+0000] {processor.py:840} INFO - DAG(s) 'etl_data' retrieved from /opt/airflow/dags/etl_data.py
[2024-04-17T16:28:32.681+0000] {logging_mixin.py:188} INFO - [2024-04-17T16:28:32.680+0000] {dag.py:3047} INFO - Sync 1 DAGs
[2024-04-17T16:28:32.705+0000] {logging_mixin.py:188} INFO - [2024-04-17T16:28:32.704+0000] {dag.py:3834} INFO - Setting next_dagrun for etl_data to 2024-04-17 00:00:00+00:00, run_after=2024-04-18 00:00:00+00:00
[2024-04-17T16:28:32.726+0000] {processor.py:183} INFO - Processing /opt/airflow/dags/etl_data.py took 0.374 seconds
[2024-04-17T16:29:02.815+0000] {processor.py:161} INFO - Started process (PID=1005) to work on /opt/airflow/dags/etl_data.py
[2024-04-17T16:29:02.817+0000] {processor.py:830} INFO - Processing file /opt/airflow/dags/etl_data.py for tasks to queue
[2024-04-17T16:29:02.819+0000] {logging_mixin.py:188} INFO - [2024-04-17T16:29:02.819+0000] {dagbag.py:540} INFO - Filling up the DagBag from /opt/airflow/dags/etl_data.py
[2024-04-17T16:29:03.157+0000] {processor.py:840} INFO - DAG(s) 'etl_data' retrieved from /opt/airflow/dags/etl_data.py
[2024-04-17T16:29:03.186+0000] {logging_mixin.py:188} INFO - [2024-04-17T16:29:03.186+0000] {dag.py:3047} INFO - Sync 1 DAGs
[2024-04-17T16:29:03.213+0000] {logging_mixin.py:188} INFO - [2024-04-17T16:29:03.213+0000] {dag.py:3834} INFO - Setting next_dagrun for etl_data to 2024-04-17 00:00:00+00:00, run_after=2024-04-18 00:00:00+00:00
[2024-04-17T16:29:03.238+0000] {processor.py:183} INFO - Processing /opt/airflow/dags/etl_data.py took 0.426 seconds
[2024-04-17T16:29:33.351+0000] {processor.py:161} INFO - Started process (PID=1026) to work on /opt/airflow/dags/etl_data.py
[2024-04-17T16:29:33.352+0000] {processor.py:830} INFO - Processing file /opt/airflow/dags/etl_data.py for tasks to queue
[2024-04-17T16:29:33.354+0000] {logging_mixin.py:188} INFO - [2024-04-17T16:29:33.354+0000] {dagbag.py:540} INFO - Filling up the DagBag from /opt/airflow/dags/etl_data.py
[2024-04-17T16:29:33.614+0000] {processor.py:840} INFO - DAG(s) 'etl_data' retrieved from /opt/airflow/dags/etl_data.py
[2024-04-17T16:29:33.639+0000] {logging_mixin.py:188} INFO - [2024-04-17T16:29:33.638+0000] {dag.py:3047} INFO - Sync 1 DAGs
[2024-04-17T16:29:33.661+0000] {logging_mixin.py:188} INFO - [2024-04-17T16:29:33.660+0000] {dag.py:3834} INFO - Setting next_dagrun for etl_data to 2024-04-17 00:00:00+00:00, run_after=2024-04-18 00:00:00+00:00
[2024-04-17T16:29:33.681+0000] {processor.py:183} INFO - Processing /opt/airflow/dags/etl_data.py took 0.333 seconds
[2024-04-17T16:30:03.832+0000] {processor.py:161} INFO - Started process (PID=1046) to work on /opt/airflow/dags/etl_data.py
[2024-04-17T16:30:03.833+0000] {processor.py:830} INFO - Processing file /opt/airflow/dags/etl_data.py for tasks to queue
[2024-04-17T16:30:03.835+0000] {logging_mixin.py:188} INFO - [2024-04-17T16:30:03.835+0000] {dagbag.py:540} INFO - Filling up the DagBag from /opt/airflow/dags/etl_data.py
[2024-04-17T16:30:04.141+0000] {processor.py:840} INFO - DAG(s) 'etl_data' retrieved from /opt/airflow/dags/etl_data.py
[2024-04-17T16:30:04.168+0000] {logging_mixin.py:188} INFO - [2024-04-17T16:30:04.168+0000] {dag.py:3047} INFO - Sync 1 DAGs
[2024-04-17T16:30:04.192+0000] {logging_mixin.py:188} INFO - [2024-04-17T16:30:04.192+0000] {dag.py:3834} INFO - Setting next_dagrun for etl_data to 2024-04-17 00:00:00+00:00, run_after=2024-04-18 00:00:00+00:00
[2024-04-17T16:30:04.223+0000] {processor.py:183} INFO - Processing /opt/airflow/dags/etl_data.py took 0.395 seconds
[2024-04-17T16:30:34.360+0000] {processor.py:161} INFO - Started process (PID=1064) to work on /opt/airflow/dags/etl_data.py
[2024-04-17T16:30:34.362+0000] {processor.py:830} INFO - Processing file /opt/airflow/dags/etl_data.py for tasks to queue
[2024-04-17T16:30:34.364+0000] {logging_mixin.py:188} INFO - [2024-04-17T16:30:34.364+0000] {dagbag.py:540} INFO - Filling up the DagBag from /opt/airflow/dags/etl_data.py
[2024-04-17T16:30:34.629+0000] {processor.py:840} INFO - DAG(s) 'etl_data' retrieved from /opt/airflow/dags/etl_data.py
[2024-04-17T16:30:34.657+0000] {logging_mixin.py:188} INFO - [2024-04-17T16:30:34.656+0000] {dag.py:3047} INFO - Sync 1 DAGs
[2024-04-17T16:30:34.685+0000] {logging_mixin.py:188} INFO - [2024-04-17T16:30:34.685+0000] {dag.py:3834} INFO - Setting next_dagrun for etl_data to 2024-04-17 00:00:00+00:00, run_after=2024-04-18 00:00:00+00:00
[2024-04-17T16:30:34.712+0000] {processor.py:183} INFO - Processing /opt/airflow/dags/etl_data.py took 0.355 seconds
[2024-04-17T16:31:04.855+0000] {processor.py:161} INFO - Started process (PID=1085) to work on /opt/airflow/dags/etl_data.py
[2024-04-17T16:31:04.856+0000] {processor.py:830} INFO - Processing file /opt/airflow/dags/etl_data.py for tasks to queue
[2024-04-17T16:31:04.858+0000] {logging_mixin.py:188} INFO - [2024-04-17T16:31:04.858+0000] {dagbag.py:540} INFO - Filling up the DagBag from /opt/airflow/dags/etl_data.py
[2024-04-17T16:31:05.170+0000] {processor.py:840} INFO - DAG(s) 'etl_data' retrieved from /opt/airflow/dags/etl_data.py
[2024-04-17T16:31:05.193+0000] {logging_mixin.py:188} INFO - [2024-04-17T16:31:05.193+0000] {dag.py:3047} INFO - Sync 1 DAGs
[2024-04-17T16:31:05.216+0000] {logging_mixin.py:188} INFO - [2024-04-17T16:31:05.215+0000] {dag.py:3834} INFO - Setting next_dagrun for etl_data to 2024-04-17 00:00:00+00:00, run_after=2024-04-18 00:00:00+00:00
[2024-04-17T16:31:05.233+0000] {processor.py:183} INFO - Processing /opt/airflow/dags/etl_data.py took 0.381 seconds
[2024-04-17T16:31:35.323+0000] {processor.py:161} INFO - Started process (PID=1105) to work on /opt/airflow/dags/etl_data.py
[2024-04-17T16:31:35.324+0000] {processor.py:830} INFO - Processing file /opt/airflow/dags/etl_data.py for tasks to queue
[2024-04-17T16:31:35.326+0000] {logging_mixin.py:188} INFO - [2024-04-17T16:31:35.326+0000] {dagbag.py:540} INFO - Filling up the DagBag from /opt/airflow/dags/etl_data.py
[2024-04-17T16:31:35.642+0000] {processor.py:840} INFO - DAG(s) 'etl_data' retrieved from /opt/airflow/dags/etl_data.py
[2024-04-17T16:31:35.664+0000] {logging_mixin.py:188} INFO - [2024-04-17T16:31:35.664+0000] {dag.py:3047} INFO - Sync 1 DAGs
[2024-04-17T16:31:35.685+0000] {logging_mixin.py:188} INFO - [2024-04-17T16:31:35.685+0000] {dag.py:3834} INFO - Setting next_dagrun for etl_data to 2024-04-17 00:00:00+00:00, run_after=2024-04-18 00:00:00+00:00
[2024-04-17T16:31:35.703+0000] {processor.py:183} INFO - Processing /opt/airflow/dags/etl_data.py took 0.383 seconds
[2024-04-17T16:32:05.931+0000] {processor.py:161} INFO - Started process (PID=1126) to work on /opt/airflow/dags/etl_data.py
[2024-04-17T16:32:05.932+0000] {processor.py:830} INFO - Processing file /opt/airflow/dags/etl_data.py for tasks to queue
[2024-04-17T16:32:05.934+0000] {logging_mixin.py:188} INFO - [2024-04-17T16:32:05.933+0000] {dagbag.py:540} INFO - Filling up the DagBag from /opt/airflow/dags/etl_data.py
[2024-04-17T16:32:06.169+0000] {processor.py:840} INFO - DAG(s) 'etl_data' retrieved from /opt/airflow/dags/etl_data.py
[2024-04-17T16:32:06.190+0000] {logging_mixin.py:188} INFO - [2024-04-17T16:32:06.190+0000] {dag.py:3047} INFO - Sync 1 DAGs
[2024-04-17T16:32:06.213+0000] {logging_mixin.py:188} INFO - [2024-04-17T16:32:06.213+0000] {dag.py:3834} INFO - Setting next_dagrun for etl_data to 2024-04-17 00:00:00+00:00, run_after=2024-04-18 00:00:00+00:00
[2024-04-17T16:32:06.233+0000] {processor.py:183} INFO - Processing /opt/airflow/dags/etl_data.py took 0.304 seconds
[2024-04-17T16:32:36.547+0000] {processor.py:161} INFO - Started process (PID=1146) to work on /opt/airflow/dags/etl_data.py
[2024-04-17T16:32:36.548+0000] {processor.py:830} INFO - Processing file /opt/airflow/dags/etl_data.py for tasks to queue
[2024-04-17T16:32:36.550+0000] {logging_mixin.py:188} INFO - [2024-04-17T16:32:36.550+0000] {dagbag.py:540} INFO - Filling up the DagBag from /opt/airflow/dags/etl_data.py
[2024-04-17T16:32:36.812+0000] {processor.py:840} INFO - DAG(s) 'etl_data' retrieved from /opt/airflow/dags/etl_data.py
[2024-04-17T16:32:36.836+0000] {logging_mixin.py:188} INFO - [2024-04-17T16:32:36.835+0000] {dag.py:3047} INFO - Sync 1 DAGs
[2024-04-17T16:32:36.856+0000] {logging_mixin.py:188} INFO - [2024-04-17T16:32:36.856+0000] {dag.py:3834} INFO - Setting next_dagrun for etl_data to 2024-04-17 00:00:00+00:00, run_after=2024-04-18 00:00:00+00:00
[2024-04-17T16:32:36.891+0000] {processor.py:183} INFO - Processing /opt/airflow/dags/etl_data.py took 0.349 seconds
[2024-04-17T16:33:07.036+0000] {processor.py:161} INFO - Started process (PID=1168) to work on /opt/airflow/dags/etl_data.py
[2024-04-17T16:33:07.037+0000] {processor.py:830} INFO - Processing file /opt/airflow/dags/etl_data.py for tasks to queue
[2024-04-17T16:33:07.040+0000] {logging_mixin.py:188} INFO - [2024-04-17T16:33:07.039+0000] {dagbag.py:540} INFO - Filling up the DagBag from /opt/airflow/dags/etl_data.py
[2024-04-17T16:33:07.308+0000] {processor.py:840} INFO - DAG(s) 'etl_data' retrieved from /opt/airflow/dags/etl_data.py
[2024-04-17T16:33:07.337+0000] {logging_mixin.py:188} INFO - [2024-04-17T16:33:07.337+0000] {dag.py:3047} INFO - Sync 1 DAGs
[2024-04-17T16:33:07.371+0000] {logging_mixin.py:188} INFO - [2024-04-17T16:33:07.370+0000] {dag.py:3834} INFO - Setting next_dagrun for etl_data to 2024-04-17 00:00:00+00:00, run_after=2024-04-18 00:00:00+00:00
[2024-04-17T16:33:07.397+0000] {processor.py:183} INFO - Processing /opt/airflow/dags/etl_data.py took 0.364 seconds
[2024-04-17T16:33:37.774+0000] {processor.py:161} INFO - Started process (PID=1189) to work on /opt/airflow/dags/etl_data.py
[2024-04-17T16:33:37.775+0000] {processor.py:830} INFO - Processing file /opt/airflow/dags/etl_data.py for tasks to queue
[2024-04-17T16:33:37.777+0000] {logging_mixin.py:188} INFO - [2024-04-17T16:33:37.777+0000] {dagbag.py:540} INFO - Filling up the DagBag from /opt/airflow/dags/etl_data.py
[2024-04-17T16:33:38.116+0000] {processor.py:840} INFO - DAG(s) 'etl_data' retrieved from /opt/airflow/dags/etl_data.py
[2024-04-17T16:33:38.144+0000] {logging_mixin.py:188} INFO - [2024-04-17T16:33:38.144+0000] {dag.py:3047} INFO - Sync 1 DAGs
[2024-04-17T16:33:38.170+0000] {logging_mixin.py:188} INFO - [2024-04-17T16:33:38.170+0000] {dag.py:3834} INFO - Setting next_dagrun for etl_data to 2024-04-17 00:00:00+00:00, run_after=2024-04-18 00:00:00+00:00
[2024-04-17T16:33:38.193+0000] {processor.py:183} INFO - Processing /opt/airflow/dags/etl_data.py took 0.422 seconds
[2024-04-17T16:34:08.253+0000] {processor.py:161} INFO - Started process (PID=1210) to work on /opt/airflow/dags/etl_data.py
[2024-04-17T16:34:08.255+0000] {processor.py:830} INFO - Processing file /opt/airflow/dags/etl_data.py for tasks to queue
[2024-04-17T16:34:08.257+0000] {logging_mixin.py:188} INFO - [2024-04-17T16:34:08.256+0000] {dagbag.py:540} INFO - Filling up the DagBag from /opt/airflow/dags/etl_data.py
[2024-04-17T16:34:08.540+0000] {processor.py:840} INFO - DAG(s) 'etl_data' retrieved from /opt/airflow/dags/etl_data.py
[2024-04-17T16:34:08.567+0000] {logging_mixin.py:188} INFO - [2024-04-17T16:34:08.566+0000] {dag.py:3047} INFO - Sync 1 DAGs
[2024-04-17T16:34:08.589+0000] {logging_mixin.py:188} INFO - [2024-04-17T16:34:08.589+0000] {dag.py:3834} INFO - Setting next_dagrun for etl_data to 2024-04-17 00:00:00+00:00, run_after=2024-04-18 00:00:00+00:00
[2024-04-17T16:34:08.610+0000] {processor.py:183} INFO - Processing /opt/airflow/dags/etl_data.py took 0.360 seconds
[2024-04-17T16:34:38.800+0000] {processor.py:161} INFO - Started process (PID=1230) to work on /opt/airflow/dags/etl_data.py
[2024-04-17T16:34:38.801+0000] {processor.py:830} INFO - Processing file /opt/airflow/dags/etl_data.py for tasks to queue
[2024-04-17T16:34:38.803+0000] {logging_mixin.py:188} INFO - [2024-04-17T16:34:38.803+0000] {dagbag.py:540} INFO - Filling up the DagBag from /opt/airflow/dags/etl_data.py
[2024-04-17T16:34:39.074+0000] {processor.py:840} INFO - DAG(s) 'etl_data' retrieved from /opt/airflow/dags/etl_data.py
[2024-04-17T16:34:39.107+0000] {logging_mixin.py:188} INFO - [2024-04-17T16:34:39.106+0000] {dag.py:3047} INFO - Sync 1 DAGs
[2024-04-17T16:34:39.142+0000] {logging_mixin.py:188} INFO - [2024-04-17T16:34:39.142+0000] {dag.py:3834} INFO - Setting next_dagrun for etl_data to 2024-04-17 00:00:00+00:00, run_after=2024-04-18 00:00:00+00:00
[2024-04-17T16:34:39.172+0000] {processor.py:183} INFO - Processing /opt/airflow/dags/etl_data.py took 0.375 seconds
[2024-04-17T16:35:09.262+0000] {processor.py:161} INFO - Started process (PID=1250) to work on /opt/airflow/dags/etl_data.py
[2024-04-17T16:35:09.264+0000] {processor.py:830} INFO - Processing file /opt/airflow/dags/etl_data.py for tasks to queue
[2024-04-17T16:35:09.267+0000] {logging_mixin.py:188} INFO - [2024-04-17T16:35:09.266+0000] {dagbag.py:540} INFO - Filling up the DagBag from /opt/airflow/dags/etl_data.py
[2024-04-17T16:35:09.570+0000] {processor.py:840} INFO - DAG(s) 'etl_data' retrieved from /opt/airflow/dags/etl_data.py
[2024-04-17T16:35:09.594+0000] {logging_mixin.py:188} INFO - [2024-04-17T16:35:09.593+0000] {dag.py:3047} INFO - Sync 1 DAGs
[2024-04-17T16:35:09.613+0000] {logging_mixin.py:188} INFO - [2024-04-17T16:35:09.612+0000] {dag.py:3834} INFO - Setting next_dagrun for etl_data to 2024-04-17 00:00:00+00:00, run_after=2024-04-18 00:00:00+00:00
[2024-04-17T16:35:09.634+0000] {processor.py:183} INFO - Processing /opt/airflow/dags/etl_data.py took 0.376 seconds
[2024-04-17T16:35:39.694+0000] {processor.py:161} INFO - Started process (PID=1270) to work on /opt/airflow/dags/etl_data.py
[2024-04-17T16:35:39.696+0000] {processor.py:830} INFO - Processing file /opt/airflow/dags/etl_data.py for tasks to queue
[2024-04-17T16:35:39.698+0000] {logging_mixin.py:188} INFO - [2024-04-17T16:35:39.697+0000] {dagbag.py:540} INFO - Filling up the DagBag from /opt/airflow/dags/etl_data.py
[2024-04-17T16:35:40.000+0000] {processor.py:840} INFO - DAG(s) 'etl_data' retrieved from /opt/airflow/dags/etl_data.py
[2024-04-17T16:35:40.031+0000] {logging_mixin.py:188} INFO - [2024-04-17T16:35:40.031+0000] {dag.py:3047} INFO - Sync 1 DAGs
[2024-04-17T16:35:40.056+0000] {logging_mixin.py:188} INFO - [2024-04-17T16:35:40.055+0000] {dag.py:3834} INFO - Setting next_dagrun for etl_data to 2024-04-17 00:00:00+00:00, run_after=2024-04-18 00:00:00+00:00
[2024-04-17T16:35:40.080+0000] {processor.py:183} INFO - Processing /opt/airflow/dags/etl_data.py took 0.389 seconds
[2024-04-17T16:36:10.227+0000] {processor.py:161} INFO - Started process (PID=1292) to work on /opt/airflow/dags/etl_data.py
[2024-04-17T16:36:10.228+0000] {processor.py:830} INFO - Processing file /opt/airflow/dags/etl_data.py for tasks to queue
[2024-04-17T16:36:10.230+0000] {logging_mixin.py:188} INFO - [2024-04-17T16:36:10.230+0000] {dagbag.py:540} INFO - Filling up the DagBag from /opt/airflow/dags/etl_data.py
[2024-04-17T16:36:10.502+0000] {processor.py:840} INFO - DAG(s) 'etl_data' retrieved from /opt/airflow/dags/etl_data.py
[2024-04-17T16:36:10.523+0000] {logging_mixin.py:188} INFO - [2024-04-17T16:36:10.523+0000] {dag.py:3047} INFO - Sync 1 DAGs
[2024-04-17T16:36:10.546+0000] {logging_mixin.py:188} INFO - [2024-04-17T16:36:10.546+0000] {dag.py:3834} INFO - Setting next_dagrun for etl_data to 2024-04-17 00:00:00+00:00, run_after=2024-04-18 00:00:00+00:00
[2024-04-17T16:36:10.565+0000] {processor.py:183} INFO - Processing /opt/airflow/dags/etl_data.py took 0.342 seconds
[2024-04-17T16:36:40.897+0000] {processor.py:161} INFO - Started process (PID=1312) to work on /opt/airflow/dags/etl_data.py
[2024-04-17T16:36:40.898+0000] {processor.py:830} INFO - Processing file /opt/airflow/dags/etl_data.py for tasks to queue
[2024-04-17T16:36:40.901+0000] {logging_mixin.py:188} INFO - [2024-04-17T16:36:40.900+0000] {dagbag.py:540} INFO - Filling up the DagBag from /opt/airflow/dags/etl_data.py
[2024-04-17T16:36:41.280+0000] {processor.py:840} INFO - DAG(s) 'etl_data' retrieved from /opt/airflow/dags/etl_data.py
[2024-04-17T16:36:41.328+0000] {logging_mixin.py:188} INFO - [2024-04-17T16:36:41.328+0000] {dag.py:3047} INFO - Sync 1 DAGs
[2024-04-17T16:36:41.374+0000] {logging_mixin.py:188} INFO - [2024-04-17T16:36:41.374+0000] {dag.py:3834} INFO - Setting next_dagrun for etl_data to 2024-04-17 00:00:00+00:00, run_after=2024-04-18 00:00:00+00:00
[2024-04-17T16:36:41.394+0000] {processor.py:183} INFO - Processing /opt/airflow/dags/etl_data.py took 0.500 seconds
[2024-04-17T16:37:12.297+0000] {processor.py:161} INFO - Started process (PID=1332) to work on /opt/airflow/dags/etl_data.py
[2024-04-17T16:37:12.299+0000] {processor.py:830} INFO - Processing file /opt/airflow/dags/etl_data.py for tasks to queue
[2024-04-17T16:37:12.300+0000] {logging_mixin.py:188} INFO - [2024-04-17T16:37:12.300+0000] {dagbag.py:540} INFO - Filling up the DagBag from /opt/airflow/dags/etl_data.py
[2024-04-17T16:37:12.568+0000] {processor.py:840} INFO - DAG(s) 'etl_data' retrieved from /opt/airflow/dags/etl_data.py
[2024-04-17T16:37:12.590+0000] {logging_mixin.py:188} INFO - [2024-04-17T16:37:12.590+0000] {dag.py:3047} INFO - Sync 1 DAGs
[2024-04-17T16:37:12.613+0000] {logging_mixin.py:188} INFO - [2024-04-17T16:37:12.612+0000] {dag.py:3834} INFO - Setting next_dagrun for etl_data to 2024-04-17 00:00:00+00:00, run_after=2024-04-18 00:00:00+00:00
[2024-04-17T16:37:12.635+0000] {processor.py:183} INFO - Processing /opt/airflow/dags/etl_data.py took 0.342 seconds
[2024-04-17T16:37:43.043+0000] {processor.py:161} INFO - Started process (PID=1352) to work on /opt/airflow/dags/etl_data.py
[2024-04-17T16:37:43.044+0000] {processor.py:830} INFO - Processing file /opt/airflow/dags/etl_data.py for tasks to queue
[2024-04-17T16:37:43.047+0000] {logging_mixin.py:188} INFO - [2024-04-17T16:37:43.046+0000] {dagbag.py:540} INFO - Filling up the DagBag from /opt/airflow/dags/etl_data.py
[2024-04-17T16:37:43.311+0000] {processor.py:840} INFO - DAG(s) 'etl_data' retrieved from /opt/airflow/dags/etl_data.py
[2024-04-17T16:37:43.338+0000] {logging_mixin.py:188} INFO - [2024-04-17T16:37:43.337+0000] {dag.py:3047} INFO - Sync 1 DAGs
[2024-04-17T16:37:43.363+0000] {logging_mixin.py:188} INFO - [2024-04-17T16:37:43.363+0000] {dag.py:3834} INFO - Setting next_dagrun for etl_data to 2024-04-17 00:00:00+00:00, run_after=2024-04-18 00:00:00+00:00
[2024-04-17T16:37:43.386+0000] {processor.py:183} INFO - Processing /opt/airflow/dags/etl_data.py took 0.347 seconds
[2024-04-17T16:38:13.597+0000] {processor.py:161} INFO - Started process (PID=1372) to work on /opt/airflow/dags/etl_data.py
[2024-04-17T16:38:13.599+0000] {processor.py:830} INFO - Processing file /opt/airflow/dags/etl_data.py for tasks to queue
[2024-04-17T16:38:13.601+0000] {logging_mixin.py:188} INFO - [2024-04-17T16:38:13.601+0000] {dagbag.py:540} INFO - Filling up the DagBag from /opt/airflow/dags/etl_data.py
[2024-04-17T16:38:13.898+0000] {processor.py:840} INFO - DAG(s) 'etl_data' retrieved from /opt/airflow/dags/etl_data.py
[2024-04-17T16:38:13.925+0000] {logging_mixin.py:188} INFO - [2024-04-17T16:38:13.924+0000] {dag.py:3047} INFO - Sync 1 DAGs
[2024-04-17T16:38:13.946+0000] {logging_mixin.py:188} INFO - [2024-04-17T16:38:13.946+0000] {dag.py:3834} INFO - Setting next_dagrun for etl_data to 2024-04-17 00:00:00+00:00, run_after=2024-04-18 00:00:00+00:00
[2024-04-17T16:38:13.966+0000] {processor.py:183} INFO - Processing /opt/airflow/dags/etl_data.py took 0.373 seconds
[2024-04-17T16:38:44.113+0000] {processor.py:161} INFO - Started process (PID=1394) to work on /opt/airflow/dags/etl_data.py
[2024-04-17T16:38:44.114+0000] {processor.py:830} INFO - Processing file /opt/airflow/dags/etl_data.py for tasks to queue
[2024-04-17T16:38:44.116+0000] {logging_mixin.py:188} INFO - [2024-04-17T16:38:44.116+0000] {dagbag.py:540} INFO - Filling up the DagBag from /opt/airflow/dags/etl_data.py
[2024-04-17T16:38:44.444+0000] {processor.py:840} INFO - DAG(s) 'etl_data' retrieved from /opt/airflow/dags/etl_data.py
[2024-04-17T16:38:44.472+0000] {logging_mixin.py:188} INFO - [2024-04-17T16:38:44.471+0000] {dag.py:3047} INFO - Sync 1 DAGs
[2024-04-17T16:38:44.495+0000] {logging_mixin.py:188} INFO - [2024-04-17T16:38:44.495+0000] {dag.py:3834} INFO - Setting next_dagrun for etl_data to 2024-04-17 00:00:00+00:00, run_after=2024-04-18 00:00:00+00:00
[2024-04-17T16:38:44.518+0000] {processor.py:183} INFO - Processing /opt/airflow/dags/etl_data.py took 0.408 seconds
[2024-04-17T16:39:14.635+0000] {processor.py:161} INFO - Started process (PID=1414) to work on /opt/airflow/dags/etl_data.py
[2024-04-17T16:39:14.636+0000] {processor.py:830} INFO - Processing file /opt/airflow/dags/etl_data.py for tasks to queue
[2024-04-17T16:39:14.639+0000] {logging_mixin.py:188} INFO - [2024-04-17T16:39:14.639+0000] {dagbag.py:540} INFO - Filling up the DagBag from /opt/airflow/dags/etl_data.py
[2024-04-17T16:39:14.928+0000] {processor.py:840} INFO - DAG(s) 'etl_data' retrieved from /opt/airflow/dags/etl_data.py
[2024-04-17T16:39:14.956+0000] {logging_mixin.py:188} INFO - [2024-04-17T16:39:14.956+0000] {dag.py:3047} INFO - Sync 1 DAGs
[2024-04-17T16:39:14.980+0000] {logging_mixin.py:188} INFO - [2024-04-17T16:39:14.980+0000] {dag.py:3834} INFO - Setting next_dagrun for etl_data to 2024-04-17 00:00:00+00:00, run_after=2024-04-18 00:00:00+00:00
[2024-04-17T16:39:15.005+0000] {processor.py:183} INFO - Processing /opt/airflow/dags/etl_data.py took 0.373 seconds
[2024-04-17T16:39:45.465+0000] {processor.py:161} INFO - Started process (PID=1436) to work on /opt/airflow/dags/etl_data.py
[2024-04-17T16:39:45.468+0000] {processor.py:830} INFO - Processing file /opt/airflow/dags/etl_data.py for tasks to queue
[2024-04-17T16:39:45.474+0000] {logging_mixin.py:188} INFO - [2024-04-17T16:39:45.473+0000] {dagbag.py:540} INFO - Filling up the DagBag from /opt/airflow/dags/etl_data.py
[2024-04-17T16:39:45.832+0000] {processor.py:840} INFO - DAG(s) 'etl_data' retrieved from /opt/airflow/dags/etl_data.py
[2024-04-17T16:39:45.863+0000] {logging_mixin.py:188} INFO - [2024-04-17T16:39:45.863+0000] {dag.py:3047} INFO - Sync 1 DAGs
[2024-04-17T16:39:45.889+0000] {logging_mixin.py:188} INFO - [2024-04-17T16:39:45.889+0000] {dag.py:3834} INFO - Setting next_dagrun for etl_data to 2024-04-17 00:00:00+00:00, run_after=2024-04-18 00:00:00+00:00
[2024-04-17T16:39:45.913+0000] {processor.py:183} INFO - Processing /opt/airflow/dags/etl_data.py took 0.457 seconds
[2024-04-17T16:40:15.989+0000] {processor.py:161} INFO - Started process (PID=1457) to work on /opt/airflow/dags/etl_data.py
[2024-04-17T16:40:15.990+0000] {processor.py:830} INFO - Processing file /opt/airflow/dags/etl_data.py for tasks to queue
[2024-04-17T16:40:15.993+0000] {logging_mixin.py:188} INFO - [2024-04-17T16:40:15.992+0000] {dagbag.py:540} INFO - Filling up the DagBag from /opt/airflow/dags/etl_data.py
[2024-04-17T16:40:16.280+0000] {processor.py:840} INFO - DAG(s) 'etl_data' retrieved from /opt/airflow/dags/etl_data.py
[2024-04-17T16:40:16.305+0000] {logging_mixin.py:188} INFO - [2024-04-17T16:40:16.305+0000] {dag.py:3047} INFO - Sync 1 DAGs
[2024-04-17T16:40:16.332+0000] {logging_mixin.py:188} INFO - [2024-04-17T16:40:16.331+0000] {dag.py:3834} INFO - Setting next_dagrun for etl_data to 2024-04-17 00:00:00+00:00, run_after=2024-04-18 00:00:00+00:00
[2024-04-17T16:40:16.357+0000] {processor.py:183} INFO - Processing /opt/airflow/dags/etl_data.py took 0.371 seconds
[2024-04-17T16:40:46.507+0000] {processor.py:161} INFO - Started process (PID=1477) to work on /opt/airflow/dags/etl_data.py
[2024-04-17T16:40:46.509+0000] {processor.py:830} INFO - Processing file /opt/airflow/dags/etl_data.py for tasks to queue
[2024-04-17T16:40:46.511+0000] {logging_mixin.py:188} INFO - [2024-04-17T16:40:46.510+0000] {dagbag.py:540} INFO - Filling up the DagBag from /opt/airflow/dags/etl_data.py
[2024-04-17T16:40:46.790+0000] {processor.py:840} INFO - DAG(s) 'etl_data' retrieved from /opt/airflow/dags/etl_data.py
[2024-04-17T16:40:46.816+0000] {logging_mixin.py:188} INFO - [2024-04-17T16:40:46.815+0000] {dag.py:3047} INFO - Sync 1 DAGs
[2024-04-17T16:40:46.839+0000] {logging_mixin.py:188} INFO - [2024-04-17T16:40:46.839+0000] {dag.py:3834} INFO - Setting next_dagrun for etl_data to 2024-04-17 00:00:00+00:00, run_after=2024-04-18 00:00:00+00:00
[2024-04-17T16:40:46.865+0000] {processor.py:183} INFO - Processing /opt/airflow/dags/etl_data.py took 0.361 seconds
[2024-04-17T16:41:16.938+0000] {processor.py:161} INFO - Started process (PID=1497) to work on /opt/airflow/dags/etl_data.py
[2024-04-17T16:41:16.940+0000] {processor.py:830} INFO - Processing file /opt/airflow/dags/etl_data.py for tasks to queue
[2024-04-17T16:41:16.942+0000] {logging_mixin.py:188} INFO - [2024-04-17T16:41:16.942+0000] {dagbag.py:540} INFO - Filling up the DagBag from /opt/airflow/dags/etl_data.py
[2024-04-17T16:41:17.244+0000] {processor.py:840} INFO - DAG(s) 'etl_data' retrieved from /opt/airflow/dags/etl_data.py
[2024-04-17T16:41:17.266+0000] {logging_mixin.py:188} INFO - [2024-04-17T16:41:17.266+0000] {dag.py:3047} INFO - Sync 1 DAGs
[2024-04-17T16:41:17.290+0000] {logging_mixin.py:188} INFO - [2024-04-17T16:41:17.290+0000] {dag.py:3834} INFO - Setting next_dagrun for etl_data to 2024-04-17 00:00:00+00:00, run_after=2024-04-18 00:00:00+00:00
[2024-04-17T16:41:17.309+0000] {processor.py:183} INFO - Processing /opt/airflow/dags/etl_data.py took 0.375 seconds
[2024-04-17T16:41:47.437+0000] {processor.py:161} INFO - Started process (PID=1523) to work on /opt/airflow/dags/etl_data.py
[2024-04-17T16:41:47.438+0000] {processor.py:830} INFO - Processing file /opt/airflow/dags/etl_data.py for tasks to queue
[2024-04-17T16:41:47.439+0000] {logging_mixin.py:188} INFO - [2024-04-17T16:41:47.439+0000] {dagbag.py:540} INFO - Filling up the DagBag from /opt/airflow/dags/etl_data.py
[2024-04-17T16:41:47.671+0000] {processor.py:840} INFO - DAG(s) 'etl_data' retrieved from /opt/airflow/dags/etl_data.py
[2024-04-17T16:41:47.689+0000] {logging_mixin.py:188} INFO - [2024-04-17T16:41:47.689+0000] {dag.py:3047} INFO - Sync 1 DAGs
[2024-04-17T16:41:47.707+0000] {logging_mixin.py:188} INFO - [2024-04-17T16:41:47.707+0000] {dag.py:3834} INFO - Setting next_dagrun for etl_data to 2024-04-17 00:00:00+00:00, run_after=2024-04-18 00:00:00+00:00
[2024-04-17T16:41:47.723+0000] {processor.py:183} INFO - Processing /opt/airflow/dags/etl_data.py took 0.288 seconds
[2024-04-17T16:42:17.830+0000] {processor.py:161} INFO - Started process (PID=1543) to work on /opt/airflow/dags/etl_data.py
[2024-04-17T16:42:17.832+0000] {processor.py:830} INFO - Processing file /opt/airflow/dags/etl_data.py for tasks to queue
[2024-04-17T16:42:17.834+0000] {logging_mixin.py:188} INFO - [2024-04-17T16:42:17.833+0000] {dagbag.py:540} INFO - Filling up the DagBag from /opt/airflow/dags/etl_data.py
[2024-04-17T16:42:18.125+0000] {processor.py:840} INFO - DAG(s) 'etl_data' retrieved from /opt/airflow/dags/etl_data.py
[2024-04-17T16:42:18.150+0000] {logging_mixin.py:188} INFO - [2024-04-17T16:42:18.149+0000] {dag.py:3047} INFO - Sync 1 DAGs
[2024-04-17T16:42:18.171+0000] {logging_mixin.py:188} INFO - [2024-04-17T16:42:18.171+0000] {dag.py:3834} INFO - Setting next_dagrun for etl_data to 2024-04-17 00:00:00+00:00, run_after=2024-04-18 00:00:00+00:00
[2024-04-17T16:42:18.191+0000] {processor.py:183} INFO - Processing /opt/airflow/dags/etl_data.py took 0.363 seconds
[2024-04-17T16:42:48.932+0000] {processor.py:161} INFO - Started process (PID=1563) to work on /opt/airflow/dags/etl_data.py
[2024-04-17T16:42:48.933+0000] {processor.py:830} INFO - Processing file /opt/airflow/dags/etl_data.py for tasks to queue
[2024-04-17T16:42:48.934+0000] {logging_mixin.py:188} INFO - [2024-04-17T16:42:48.934+0000] {dagbag.py:540} INFO - Filling up the DagBag from /opt/airflow/dags/etl_data.py
[2024-04-17T16:42:49.145+0000] {processor.py:840} INFO - DAG(s) 'etl_data' retrieved from /opt/airflow/dags/etl_data.py
[2024-04-17T16:42:49.164+0000] {logging_mixin.py:188} INFO - [2024-04-17T16:42:49.163+0000] {dag.py:3047} INFO - Sync 1 DAGs
[2024-04-17T16:42:49.187+0000] {logging_mixin.py:188} INFO - [2024-04-17T16:42:49.186+0000] {dag.py:3834} INFO - Setting next_dagrun for etl_data to 2024-04-17 00:00:00+00:00, run_after=2024-04-18 00:00:00+00:00
[2024-04-17T16:42:49.204+0000] {processor.py:183} INFO - Processing /opt/airflow/dags/etl_data.py took 0.274 seconds
[2024-04-17T16:43:19.413+0000] {processor.py:161} INFO - Started process (PID=1583) to work on /opt/airflow/dags/etl_data.py
[2024-04-17T16:43:19.414+0000] {processor.py:830} INFO - Processing file /opt/airflow/dags/etl_data.py for tasks to queue
[2024-04-17T16:43:19.415+0000] {logging_mixin.py:188} INFO - [2024-04-17T16:43:19.415+0000] {dagbag.py:540} INFO - Filling up the DagBag from /opt/airflow/dags/etl_data.py
[2024-04-17T16:43:19.618+0000] {processor.py:840} INFO - DAG(s) 'etl_data' retrieved from /opt/airflow/dags/etl_data.py
[2024-04-17T16:43:19.637+0000] {logging_mixin.py:188} INFO - [2024-04-17T16:43:19.637+0000] {dag.py:3047} INFO - Sync 1 DAGs
[2024-04-17T16:43:19.655+0000] {logging_mixin.py:188} INFO - [2024-04-17T16:43:19.654+0000] {dag.py:3834} INFO - Setting next_dagrun for etl_data to 2024-04-17 00:00:00+00:00, run_after=2024-04-18 00:00:00+00:00
[2024-04-17T16:43:19.669+0000] {processor.py:183} INFO - Processing /opt/airflow/dags/etl_data.py took 0.258 seconds
[2024-04-17T16:43:50.165+0000] {processor.py:161} INFO - Started process (PID=1603) to work on /opt/airflow/dags/etl_data.py
[2024-04-17T16:43:50.166+0000] {processor.py:830} INFO - Processing file /opt/airflow/dags/etl_data.py for tasks to queue
[2024-04-17T16:43:50.167+0000] {logging_mixin.py:188} INFO - [2024-04-17T16:43:50.167+0000] {dagbag.py:540} INFO - Filling up the DagBag from /opt/airflow/dags/etl_data.py
[2024-04-17T16:43:50.373+0000] {processor.py:840} INFO - DAG(s) 'etl_data' retrieved from /opt/airflow/dags/etl_data.py
[2024-04-17T16:43:50.393+0000] {logging_mixin.py:188} INFO - [2024-04-17T16:43:50.393+0000] {dag.py:3047} INFO - Sync 1 DAGs
[2024-04-17T16:43:50.417+0000] {logging_mixin.py:188} INFO - [2024-04-17T16:43:50.417+0000] {dag.py:3834} INFO - Setting next_dagrun for etl_data to 2024-04-17 00:00:00+00:00, run_after=2024-04-18 00:00:00+00:00
[2024-04-17T16:43:50.435+0000] {processor.py:183} INFO - Processing /opt/airflow/dags/etl_data.py took 0.273 seconds
