[2024-04-17T16:05:20.083+0000] {processor.py:161} INFO - Started process (PID=49) to work on /opt/airflow/dags/files_extraction.py
[2024-04-17T16:05:20.086+0000] {processor.py:830} INFO - Processing file /opt/airflow/dags/files_extraction.py for tasks to queue
[2024-04-17T16:05:20.089+0000] {logging_mixin.py:188} INFO - [2024-04-17T16:05:20.088+0000] {dagbag.py:540} INFO - Filling up the DagBag from /opt/airflow/dags/files_extraction.py
[2024-04-17T16:05:21.309+0000] {processor.py:840} INFO - DAG(s) 'files_ext' retrieved from /opt/airflow/dags/files_extraction.py
[2024-04-17T16:05:21.541+0000] {logging_mixin.py:188} INFO - [2024-04-17T16:05:21.540+0000] {dag.py:3047} INFO - Sync 1 DAGs
[2024-04-17T16:05:21.582+0000] {logging_mixin.py:188} INFO - [2024-04-17T16:05:21.581+0000] {dag.py:3834} INFO - Setting next_dagrun for files_ext to 2024-04-17 00:00:00+00:00, run_after=2024-04-18 00:00:00+00:00
[2024-04-17T16:05:21.630+0000] {processor.py:183} INFO - Processing /opt/airflow/dags/files_extraction.py took 1.558 seconds
[2024-04-17T16:05:52.260+0000] {processor.py:161} INFO - Started process (PID=71) to work on /opt/airflow/dags/files_extraction.py
[2024-04-17T16:05:52.262+0000] {processor.py:830} INFO - Processing file /opt/airflow/dags/files_extraction.py for tasks to queue
[2024-04-17T16:05:52.265+0000] {logging_mixin.py:188} INFO - [2024-04-17T16:05:52.264+0000] {dagbag.py:540} INFO - Filling up the DagBag from /opt/airflow/dags/files_extraction.py
[2024-04-17T16:05:52.764+0000] {processor.py:840} INFO - DAG(s) 'files_ext' retrieved from /opt/airflow/dags/files_extraction.py
[2024-04-17T16:05:52.853+0000] {logging_mixin.py:188} INFO - [2024-04-17T16:05:52.852+0000] {dag.py:3047} INFO - Sync 1 DAGs
[2024-04-17T16:05:52.872+0000] {logging_mixin.py:188} INFO - [2024-04-17T16:05:52.872+0000] {dag.py:3834} INFO - Setting next_dagrun for files_ext to 2024-04-17 00:00:00+00:00, run_after=2024-04-18 00:00:00+00:00
[2024-04-17T16:05:52.900+0000] {processor.py:183} INFO - Processing /opt/airflow/dags/files_extraction.py took 0.643 seconds
[2024-04-17T16:06:23.011+0000] {processor.py:161} INFO - Started process (PID=91) to work on /opt/airflow/dags/files_extraction.py
[2024-04-17T16:06:23.013+0000] {processor.py:830} INFO - Processing file /opt/airflow/dags/files_extraction.py for tasks to queue
[2024-04-17T16:06:23.017+0000] {logging_mixin.py:188} INFO - [2024-04-17T16:06:23.016+0000] {dagbag.py:540} INFO - Filling up the DagBag from /opt/airflow/dags/files_extraction.py
[2024-04-17T16:06:23.505+0000] {processor.py:840} INFO - DAG(s) 'files_ext' retrieved from /opt/airflow/dags/files_extraction.py
[2024-04-17T16:06:23.621+0000] {logging_mixin.py:188} INFO - [2024-04-17T16:06:23.620+0000] {dag.py:3047} INFO - Sync 1 DAGs
[2024-04-17T16:06:23.659+0000] {logging_mixin.py:188} INFO - [2024-04-17T16:06:23.658+0000] {dag.py:3834} INFO - Setting next_dagrun for files_ext to 2024-04-17 00:00:00+00:00, run_after=2024-04-18 00:00:00+00:00
[2024-04-17T16:06:23.697+0000] {processor.py:183} INFO - Processing /opt/airflow/dags/files_extraction.py took 0.692 seconds
[2024-04-17T16:06:53.781+0000] {processor.py:161} INFO - Started process (PID=113) to work on /opt/airflow/dags/files_extraction.py
[2024-04-17T16:06:53.782+0000] {processor.py:830} INFO - Processing file /opt/airflow/dags/files_extraction.py for tasks to queue
[2024-04-17T16:06:53.783+0000] {logging_mixin.py:188} INFO - [2024-04-17T16:06:53.783+0000] {dagbag.py:540} INFO - Filling up the DagBag from /opt/airflow/dags/files_extraction.py
[2024-04-17T16:06:54.161+0000] {processor.py:840} INFO - DAG(s) 'files_ext' retrieved from /opt/airflow/dags/files_extraction.py
[2024-04-17T16:06:54.249+0000] {logging_mixin.py:188} INFO - [2024-04-17T16:06:54.248+0000] {dag.py:3047} INFO - Sync 1 DAGs
[2024-04-17T16:06:54.267+0000] {logging_mixin.py:188} INFO - [2024-04-17T16:06:54.266+0000] {dag.py:3834} INFO - Setting next_dagrun for files_ext to 2024-04-17 00:00:00+00:00, run_after=2024-04-18 00:00:00+00:00
[2024-04-17T16:06:54.284+0000] {processor.py:183} INFO - Processing /opt/airflow/dags/files_extraction.py took 0.505 seconds
[2024-04-17T16:07:25.083+0000] {processor.py:161} INFO - Started process (PID=133) to work on /opt/airflow/dags/files_extraction.py
[2024-04-17T16:07:25.085+0000] {processor.py:830} INFO - Processing file /opt/airflow/dags/files_extraction.py for tasks to queue
[2024-04-17T16:07:25.087+0000] {logging_mixin.py:188} INFO - [2024-04-17T16:07:25.087+0000] {dagbag.py:540} INFO - Filling up the DagBag from /opt/airflow/dags/files_extraction.py
[2024-04-17T16:07:25.616+0000] {processor.py:840} INFO - DAG(s) 'files_ext' retrieved from /opt/airflow/dags/files_extraction.py
[2024-04-17T16:07:25.636+0000] {logging_mixin.py:188} INFO - [2024-04-17T16:07:25.636+0000] {dag.py:3047} INFO - Sync 1 DAGs
[2024-04-17T16:07:25.657+0000] {logging_mixin.py:188} INFO - [2024-04-17T16:07:25.657+0000] {dag.py:3834} INFO - Setting next_dagrun for files_ext to 2024-04-17 00:00:00+00:00, run_after=2024-04-18 00:00:00+00:00
[2024-04-17T16:07:25.677+0000] {processor.py:183} INFO - Processing /opt/airflow/dags/files_extraction.py took 0.597 seconds
[2024-04-17T16:07:56.025+0000] {processor.py:161} INFO - Started process (PID=153) to work on /opt/airflow/dags/files_extraction.py
[2024-04-17T16:07:56.027+0000] {processor.py:830} INFO - Processing file /opt/airflow/dags/files_extraction.py for tasks to queue
[2024-04-17T16:07:56.028+0000] {logging_mixin.py:188} INFO - [2024-04-17T16:07:56.028+0000] {dagbag.py:540} INFO - Filling up the DagBag from /opt/airflow/dags/files_extraction.py
[2024-04-17T16:07:56.495+0000] {processor.py:840} INFO - DAG(s) 'files_ext' retrieved from /opt/airflow/dags/files_extraction.py
[2024-04-17T16:07:56.519+0000] {logging_mixin.py:188} INFO - [2024-04-17T16:07:56.519+0000] {dag.py:3047} INFO - Sync 1 DAGs
[2024-04-17T16:07:56.542+0000] {logging_mixin.py:188} INFO - [2024-04-17T16:07:56.542+0000] {dag.py:3834} INFO - Setting next_dagrun for files_ext to 2024-04-17 00:00:00+00:00, run_after=2024-04-18 00:00:00+00:00
[2024-04-17T16:07:56.562+0000] {processor.py:183} INFO - Processing /opt/airflow/dags/files_extraction.py took 0.540 seconds
[2024-04-17T16:08:26.792+0000] {processor.py:161} INFO - Started process (PID=174) to work on /opt/airflow/dags/files_extraction.py
[2024-04-17T16:08:26.793+0000] {processor.py:830} INFO - Processing file /opt/airflow/dags/files_extraction.py for tasks to queue
[2024-04-17T16:08:26.795+0000] {logging_mixin.py:188} INFO - [2024-04-17T16:08:26.795+0000] {dagbag.py:540} INFO - Filling up the DagBag from /opt/airflow/dags/files_extraction.py
[2024-04-17T16:08:27.230+0000] {processor.py:840} INFO - DAG(s) 'files_ext' retrieved from /opt/airflow/dags/files_extraction.py
[2024-04-17T16:08:27.248+0000] {logging_mixin.py:188} INFO - [2024-04-17T16:08:27.248+0000] {dag.py:3047} INFO - Sync 1 DAGs
[2024-04-17T16:08:27.269+0000] {logging_mixin.py:188} INFO - [2024-04-17T16:08:27.268+0000] {dag.py:3834} INFO - Setting next_dagrun for files_ext to 2024-04-17 00:00:00+00:00, run_after=2024-04-18 00:00:00+00:00
[2024-04-17T16:08:27.290+0000] {processor.py:183} INFO - Processing /opt/airflow/dags/files_extraction.py took 0.500 seconds
[2024-04-17T16:08:57.675+0000] {processor.py:161} INFO - Started process (PID=194) to work on /opt/airflow/dags/files_extraction.py
[2024-04-17T16:08:57.677+0000] {processor.py:830} INFO - Processing file /opt/airflow/dags/files_extraction.py for tasks to queue
[2024-04-17T16:08:57.679+0000] {logging_mixin.py:188} INFO - [2024-04-17T16:08:57.679+0000] {dagbag.py:540} INFO - Filling up the DagBag from /opt/airflow/dags/files_extraction.py
[2024-04-17T16:08:58.120+0000] {processor.py:840} INFO - DAG(s) 'files_ext' retrieved from /opt/airflow/dags/files_extraction.py
[2024-04-17T16:08:58.139+0000] {logging_mixin.py:188} INFO - [2024-04-17T16:08:58.138+0000] {dag.py:3047} INFO - Sync 1 DAGs
[2024-04-17T16:08:58.159+0000] {logging_mixin.py:188} INFO - [2024-04-17T16:08:58.158+0000] {dag.py:3834} INFO - Setting next_dagrun for files_ext to 2024-04-17 00:00:00+00:00, run_after=2024-04-18 00:00:00+00:00
[2024-04-17T16:08:58.177+0000] {processor.py:183} INFO - Processing /opt/airflow/dags/files_extraction.py took 0.505 seconds
[2024-04-17T16:09:28.364+0000] {processor.py:161} INFO - Started process (PID=214) to work on /opt/airflow/dags/files_extraction.py
[2024-04-17T16:09:28.366+0000] {processor.py:830} INFO - Processing file /opt/airflow/dags/files_extraction.py for tasks to queue
[2024-04-17T16:09:28.367+0000] {logging_mixin.py:188} INFO - [2024-04-17T16:09:28.367+0000] {dagbag.py:540} INFO - Filling up the DagBag from /opt/airflow/dags/files_extraction.py
[2024-04-17T16:09:28.804+0000] {processor.py:840} INFO - DAG(s) 'files_ext' retrieved from /opt/airflow/dags/files_extraction.py
[2024-04-17T16:09:28.823+0000] {logging_mixin.py:188} INFO - [2024-04-17T16:09:28.823+0000] {dag.py:3047} INFO - Sync 1 DAGs
[2024-04-17T16:09:28.851+0000] {logging_mixin.py:188} INFO - [2024-04-17T16:09:28.850+0000] {dag.py:3834} INFO - Setting next_dagrun for files_ext to 2024-04-17 00:00:00+00:00, run_after=2024-04-18 00:00:00+00:00
[2024-04-17T16:09:28.874+0000] {processor.py:183} INFO - Processing /opt/airflow/dags/files_extraction.py took 0.512 seconds
[2024-04-17T16:09:59.141+0000] {processor.py:161} INFO - Started process (PID=234) to work on /opt/airflow/dags/files_extraction.py
[2024-04-17T16:09:59.142+0000] {processor.py:830} INFO - Processing file /opt/airflow/dags/files_extraction.py for tasks to queue
[2024-04-17T16:09:59.144+0000] {logging_mixin.py:188} INFO - [2024-04-17T16:09:59.144+0000] {dagbag.py:540} INFO - Filling up the DagBag from /opt/airflow/dags/files_extraction.py
[2024-04-17T16:09:59.755+0000] {processor.py:840} INFO - DAG(s) 'files_ext' retrieved from /opt/airflow/dags/files_extraction.py
[2024-04-17T16:09:59.780+0000] {logging_mixin.py:188} INFO - [2024-04-17T16:09:59.779+0000] {dag.py:3047} INFO - Sync 1 DAGs
[2024-04-17T16:09:59.804+0000] {logging_mixin.py:188} INFO - [2024-04-17T16:09:59.804+0000] {dag.py:3834} INFO - Setting next_dagrun for files_ext to 2024-04-17 00:00:00+00:00, run_after=2024-04-18 00:00:00+00:00
[2024-04-17T16:09:59.829+0000] {processor.py:183} INFO - Processing /opt/airflow/dags/files_extraction.py took 0.693 seconds
[2024-04-17T16:10:30.362+0000] {processor.py:161} INFO - Started process (PID=254) to work on /opt/airflow/dags/files_extraction.py
[2024-04-17T16:10:30.364+0000] {processor.py:830} INFO - Processing file /opt/airflow/dags/files_extraction.py for tasks to queue
[2024-04-17T16:10:30.366+0000] {logging_mixin.py:188} INFO - [2024-04-17T16:10:30.366+0000] {dagbag.py:540} INFO - Filling up the DagBag from /opt/airflow/dags/files_extraction.py
[2024-04-17T16:10:30.927+0000] {processor.py:840} INFO - DAG(s) 'files_ext' retrieved from /opt/airflow/dags/files_extraction.py
[2024-04-17T16:10:30.952+0000] {logging_mixin.py:188} INFO - [2024-04-17T16:10:30.951+0000] {dag.py:3047} INFO - Sync 1 DAGs
[2024-04-17T16:10:30.979+0000] {logging_mixin.py:188} INFO - [2024-04-17T16:10:30.978+0000] {dag.py:3834} INFO - Setting next_dagrun for files_ext to 2024-04-17 00:00:00+00:00, run_after=2024-04-18 00:00:00+00:00
[2024-04-17T16:10:30.999+0000] {processor.py:183} INFO - Processing /opt/airflow/dags/files_extraction.py took 0.640 seconds
[2024-04-17T16:11:01.134+0000] {processor.py:161} INFO - Started process (PID=274) to work on /opt/airflow/dags/files_extraction.py
[2024-04-17T16:11:01.136+0000] {processor.py:830} INFO - Processing file /opt/airflow/dags/files_extraction.py for tasks to queue
[2024-04-17T16:11:01.138+0000] {logging_mixin.py:188} INFO - [2024-04-17T16:11:01.137+0000] {dagbag.py:540} INFO - Filling up the DagBag from /opt/airflow/dags/files_extraction.py
[2024-04-17T16:11:01.686+0000] {processor.py:840} INFO - DAG(s) 'files_ext' retrieved from /opt/airflow/dags/files_extraction.py
[2024-04-17T16:11:01.703+0000] {logging_mixin.py:188} INFO - [2024-04-17T16:11:01.703+0000] {dag.py:3047} INFO - Sync 1 DAGs
[2024-04-17T16:11:01.722+0000] {logging_mixin.py:188} INFO - [2024-04-17T16:11:01.722+0000] {dag.py:3834} INFO - Setting next_dagrun for files_ext to 2024-04-17 00:00:00+00:00, run_after=2024-04-18 00:00:00+00:00
[2024-04-17T16:11:01.744+0000] {processor.py:183} INFO - Processing /opt/airflow/dags/files_extraction.py took 0.614 seconds
[2024-04-17T16:11:31.856+0000] {processor.py:161} INFO - Started process (PID=294) to work on /opt/airflow/dags/files_extraction.py
[2024-04-17T16:11:31.858+0000] {processor.py:830} INFO - Processing file /opt/airflow/dags/files_extraction.py for tasks to queue
[2024-04-17T16:11:31.861+0000] {logging_mixin.py:188} INFO - [2024-04-17T16:11:31.861+0000] {dagbag.py:540} INFO - Filling up the DagBag from /opt/airflow/dags/files_extraction.py
[2024-04-17T16:11:32.402+0000] {processor.py:840} INFO - DAG(s) 'files_ext' retrieved from /opt/airflow/dags/files_extraction.py
[2024-04-17T16:11:32.430+0000] {logging_mixin.py:188} INFO - [2024-04-17T16:11:32.429+0000] {dag.py:3047} INFO - Sync 1 DAGs
[2024-04-17T16:11:32.455+0000] {logging_mixin.py:188} INFO - [2024-04-17T16:11:32.455+0000] {dag.py:3834} INFO - Setting next_dagrun for files_ext to 2024-04-17 00:00:00+00:00, run_after=2024-04-18 00:00:00+00:00
[2024-04-17T16:11:32.483+0000] {processor.py:183} INFO - Processing /opt/airflow/dags/files_extraction.py took 0.631 seconds
[2024-04-17T16:12:02.573+0000] {processor.py:161} INFO - Started process (PID=314) to work on /opt/airflow/dags/files_extraction.py
[2024-04-17T16:12:02.575+0000] {processor.py:830} INFO - Processing file /opt/airflow/dags/files_extraction.py for tasks to queue
[2024-04-17T16:12:02.578+0000] {logging_mixin.py:188} INFO - [2024-04-17T16:12:02.577+0000] {dagbag.py:540} INFO - Filling up the DagBag from /opt/airflow/dags/files_extraction.py
[2024-04-17T16:12:03.143+0000] {processor.py:840} INFO - DAG(s) 'files_ext' retrieved from /opt/airflow/dags/files_extraction.py
[2024-04-17T16:12:03.165+0000] {logging_mixin.py:188} INFO - [2024-04-17T16:12:03.164+0000] {dag.py:3047} INFO - Sync 1 DAGs
[2024-04-17T16:12:03.189+0000] {logging_mixin.py:188} INFO - [2024-04-17T16:12:03.188+0000] {dag.py:3834} INFO - Setting next_dagrun for files_ext to 2024-04-17 00:00:00+00:00, run_after=2024-04-18 00:00:00+00:00
[2024-04-17T16:12:03.209+0000] {processor.py:183} INFO - Processing /opt/airflow/dags/files_extraction.py took 0.640 seconds
[2024-04-17T16:12:33.746+0000] {processor.py:161} INFO - Started process (PID=334) to work on /opt/airflow/dags/files_extraction.py
[2024-04-17T16:12:33.748+0000] {processor.py:830} INFO - Processing file /opt/airflow/dags/files_extraction.py for tasks to queue
[2024-04-17T16:12:33.750+0000] {logging_mixin.py:188} INFO - [2024-04-17T16:12:33.749+0000] {dagbag.py:540} INFO - Filling up the DagBag from /opt/airflow/dags/files_extraction.py
[2024-04-17T16:12:34.302+0000] {processor.py:840} INFO - DAG(s) 'files_ext' retrieved from /opt/airflow/dags/files_extraction.py
[2024-04-17T16:12:34.326+0000] {logging_mixin.py:188} INFO - [2024-04-17T16:12:34.325+0000] {dag.py:3047} INFO - Sync 1 DAGs
[2024-04-17T16:12:34.348+0000] {logging_mixin.py:188} INFO - [2024-04-17T16:12:34.348+0000] {dag.py:3834} INFO - Setting next_dagrun for files_ext to 2024-04-17 00:00:00+00:00, run_after=2024-04-18 00:00:00+00:00
[2024-04-17T16:12:34.368+0000] {processor.py:183} INFO - Processing /opt/airflow/dags/files_extraction.py took 0.625 seconds
[2024-04-17T16:13:04.586+0000] {processor.py:161} INFO - Started process (PID=354) to work on /opt/airflow/dags/files_extraction.py
[2024-04-17T16:13:04.587+0000] {processor.py:830} INFO - Processing file /opt/airflow/dags/files_extraction.py for tasks to queue
[2024-04-17T16:13:04.589+0000] {logging_mixin.py:188} INFO - [2024-04-17T16:13:04.589+0000] {dagbag.py:540} INFO - Filling up the DagBag from /opt/airflow/dags/files_extraction.py
[2024-04-17T16:13:05.111+0000] {processor.py:840} INFO - DAG(s) 'files_ext' retrieved from /opt/airflow/dags/files_extraction.py
[2024-04-17T16:13:05.133+0000] {logging_mixin.py:188} INFO - [2024-04-17T16:13:05.133+0000] {dag.py:3047} INFO - Sync 1 DAGs
[2024-04-17T16:13:05.155+0000] {logging_mixin.py:188} INFO - [2024-04-17T16:13:05.155+0000] {dag.py:3834} INFO - Setting next_dagrun for files_ext to 2024-04-17 00:00:00+00:00, run_after=2024-04-18 00:00:00+00:00
[2024-04-17T16:13:05.178+0000] {processor.py:183} INFO - Processing /opt/airflow/dags/files_extraction.py took 0.595 seconds
[2024-04-17T16:13:26.948+0000] {processor.py:161} INFO - Started process (PID=370) to work on /opt/airflow/dags/files_extraction.py
[2024-04-17T16:13:26.949+0000] {processor.py:830} INFO - Processing file /opt/airflow/dags/files_extraction.py for tasks to queue
[2024-04-17T16:13:26.952+0000] {logging_mixin.py:188} INFO - [2024-04-17T16:13:26.951+0000] {dagbag.py:540} INFO - Filling up the DagBag from /opt/airflow/dags/files_extraction.py
[2024-04-17T16:13:27.457+0000] {processor.py:840} INFO - DAG(s) 'files_ext' retrieved from /opt/airflow/dags/files_extraction.py
[2024-04-17T16:13:27.486+0000] {logging_mixin.py:188} INFO - [2024-04-17T16:13:27.485+0000] {dag.py:3047} INFO - Sync 1 DAGs
[2024-04-17T16:13:27.512+0000] {logging_mixin.py:188} INFO - [2024-04-17T16:13:27.512+0000] {dag.py:3834} INFO - Setting next_dagrun for files_ext to 2024-04-17 00:00:00+00:00, run_after=2024-04-18 00:00:00+00:00
[2024-04-17T16:13:27.548+0000] {processor.py:183} INFO - Processing /opt/airflow/dags/files_extraction.py took 0.603 seconds
[2024-04-17T16:13:52.223+0000] {processor.py:161} INFO - Started process (PID=390) to work on /opt/airflow/dags/files_extraction.py
[2024-04-17T16:13:52.224+0000] {processor.py:830} INFO - Processing file /opt/airflow/dags/files_extraction.py for tasks to queue
[2024-04-17T16:13:52.226+0000] {logging_mixin.py:188} INFO - [2024-04-17T16:13:52.226+0000] {dagbag.py:540} INFO - Filling up the DagBag from /opt/airflow/dags/files_extraction.py
[2024-04-17T16:13:52.903+0000] {processor.py:840} INFO - DAG(s) 'files_ext' retrieved from /opt/airflow/dags/files_extraction.py
[2024-04-17T16:13:53.033+0000] {logging_mixin.py:188} INFO - [2024-04-17T16:13:53.032+0000] {dag.py:3047} INFO - Sync 1 DAGs
[2024-04-17T16:13:53.061+0000] {logging_mixin.py:188} INFO - [2024-04-17T16:13:53.061+0000] {dag.py:3834} INFO - Setting next_dagrun for files_ext to 2024-04-17 00:00:00+00:00, run_after=2024-04-18 00:00:00+00:00
[2024-04-17T16:13:53.090+0000] {processor.py:183} INFO - Processing /opt/airflow/dags/files_extraction.py took 0.870 seconds
[2024-04-17T16:14:23.656+0000] {processor.py:161} INFO - Started process (PID=410) to work on /opt/airflow/dags/files_extraction.py
[2024-04-17T16:14:23.658+0000] {processor.py:830} INFO - Processing file /opt/airflow/dags/files_extraction.py for tasks to queue
[2024-04-17T16:14:23.660+0000] {logging_mixin.py:188} INFO - [2024-04-17T16:14:23.659+0000] {dagbag.py:540} INFO - Filling up the DagBag from /opt/airflow/dags/files_extraction.py
[2024-04-17T16:14:24.204+0000] {processor.py:840} INFO - DAG(s) 'files_ext' retrieved from /opt/airflow/dags/files_extraction.py
[2024-04-17T16:14:24.226+0000] {logging_mixin.py:188} INFO - [2024-04-17T16:14:24.225+0000] {dag.py:3047} INFO - Sync 1 DAGs
[2024-04-17T16:14:24.246+0000] {logging_mixin.py:188} INFO - [2024-04-17T16:14:24.246+0000] {dag.py:3834} INFO - Setting next_dagrun for files_ext to 2024-04-17 00:00:00+00:00, run_after=2024-04-18 00:00:00+00:00
[2024-04-17T16:14:24.273+0000] {processor.py:183} INFO - Processing /opt/airflow/dags/files_extraction.py took 0.620 seconds
[2024-04-17T16:14:54.512+0000] {processor.py:161} INFO - Started process (PID=431) to work on /opt/airflow/dags/files_extraction.py
[2024-04-17T16:14:54.513+0000] {processor.py:830} INFO - Processing file /opt/airflow/dags/files_extraction.py for tasks to queue
[2024-04-17T16:14:54.515+0000] {logging_mixin.py:188} INFO - [2024-04-17T16:14:54.515+0000] {dagbag.py:540} INFO - Filling up the DagBag from /opt/airflow/dags/files_extraction.py
[2024-04-17T16:14:55.007+0000] {processor.py:840} INFO - DAG(s) 'files_ext' retrieved from /opt/airflow/dags/files_extraction.py
[2024-04-17T16:14:55.026+0000] {logging_mixin.py:188} INFO - [2024-04-17T16:14:55.025+0000] {dag.py:3047} INFO - Sync 1 DAGs
[2024-04-17T16:14:55.047+0000] {logging_mixin.py:188} INFO - [2024-04-17T16:14:55.046+0000] {dag.py:3834} INFO - Setting next_dagrun for files_ext to 2024-04-17 00:00:00+00:00, run_after=2024-04-18 00:00:00+00:00
[2024-04-17T16:14:55.067+0000] {processor.py:183} INFO - Processing /opt/airflow/dags/files_extraction.py took 0.558 seconds
[2024-04-17T16:15:25.187+0000] {processor.py:161} INFO - Started process (PID=451) to work on /opt/airflow/dags/files_extraction.py
[2024-04-17T16:15:25.188+0000] {processor.py:830} INFO - Processing file /opt/airflow/dags/files_extraction.py for tasks to queue
[2024-04-17T16:15:25.189+0000] {logging_mixin.py:188} INFO - [2024-04-17T16:15:25.189+0000] {dagbag.py:540} INFO - Filling up the DagBag from /opt/airflow/dags/files_extraction.py
[2024-04-17T16:15:25.655+0000] {processor.py:840} INFO - DAG(s) 'files_ext' retrieved from /opt/airflow/dags/files_extraction.py
[2024-04-17T16:15:25.675+0000] {logging_mixin.py:188} INFO - [2024-04-17T16:15:25.674+0000] {dag.py:3047} INFO - Sync 1 DAGs
[2024-04-17T16:15:25.693+0000] {logging_mixin.py:188} INFO - [2024-04-17T16:15:25.693+0000] {dag.py:3834} INFO - Setting next_dagrun for files_ext to 2024-04-17 00:00:00+00:00, run_after=2024-04-18 00:00:00+00:00
[2024-04-17T16:15:25.713+0000] {processor.py:183} INFO - Processing /opt/airflow/dags/files_extraction.py took 0.529 seconds
[2024-04-17T16:15:55.991+0000] {processor.py:161} INFO - Started process (PID=472) to work on /opt/airflow/dags/files_extraction.py
[2024-04-17T16:15:55.993+0000] {processor.py:830} INFO - Processing file /opt/airflow/dags/files_extraction.py for tasks to queue
[2024-04-17T16:15:55.994+0000] {logging_mixin.py:188} INFO - [2024-04-17T16:15:55.994+0000] {dagbag.py:540} INFO - Filling up the DagBag from /opt/airflow/dags/files_extraction.py
[2024-04-17T16:15:56.382+0000] {processor.py:840} INFO - DAG(s) 'files_ext' retrieved from /opt/airflow/dags/files_extraction.py
[2024-04-17T16:15:56.399+0000] {logging_mixin.py:188} INFO - [2024-04-17T16:15:56.398+0000] {dag.py:3047} INFO - Sync 1 DAGs
[2024-04-17T16:15:56.418+0000] {logging_mixin.py:188} INFO - [2024-04-17T16:15:56.418+0000] {dag.py:3834} INFO - Setting next_dagrun for files_ext to 2024-04-17 00:00:00+00:00, run_after=2024-04-18 00:00:00+00:00
[2024-04-17T16:15:56.436+0000] {processor.py:183} INFO - Processing /opt/airflow/dags/files_extraction.py took 0.447 seconds
[2024-04-17T16:16:26.550+0000] {processor.py:161} INFO - Started process (PID=492) to work on /opt/airflow/dags/files_extraction.py
[2024-04-17T16:16:26.552+0000] {processor.py:830} INFO - Processing file /opt/airflow/dags/files_extraction.py for tasks to queue
[2024-04-17T16:16:26.554+0000] {logging_mixin.py:188} INFO - [2024-04-17T16:16:26.554+0000] {dagbag.py:540} INFO - Filling up the DagBag from /opt/airflow/dags/files_extraction.py
[2024-04-17T16:16:27.111+0000] {processor.py:840} INFO - DAG(s) 'files_ext' retrieved from /opt/airflow/dags/files_extraction.py
[2024-04-17T16:16:27.139+0000] {logging_mixin.py:188} INFO - [2024-04-17T16:16:27.138+0000] {dag.py:3047} INFO - Sync 1 DAGs
[2024-04-17T16:16:27.165+0000] {logging_mixin.py:188} INFO - [2024-04-17T16:16:27.164+0000] {dag.py:3834} INFO - Setting next_dagrun for files_ext to 2024-04-17 00:00:00+00:00, run_after=2024-04-18 00:00:00+00:00
[2024-04-17T16:16:27.190+0000] {processor.py:183} INFO - Processing /opt/airflow/dags/files_extraction.py took 0.644 seconds
[2024-04-17T16:16:35.645+0000] {processor.py:161} INFO - Started process (PID=496) to work on /opt/airflow/dags/files_extraction.py
[2024-04-17T16:16:35.647+0000] {processor.py:830} INFO - Processing file /opt/airflow/dags/files_extraction.py for tasks to queue
[2024-04-17T16:16:35.648+0000] {logging_mixin.py:188} INFO - [2024-04-17T16:16:35.648+0000] {dagbag.py:540} INFO - Filling up the DagBag from /opt/airflow/dags/files_extraction.py
[2024-04-17T16:16:36.168+0000] {processor.py:840} INFO - DAG(s) 'files_ext' retrieved from /opt/airflow/dags/files_extraction.py
[2024-04-17T16:16:36.190+0000] {logging_mixin.py:188} INFO - [2024-04-17T16:16:36.189+0000] {dag.py:3047} INFO - Sync 1 DAGs
[2024-04-17T16:16:36.212+0000] {logging_mixin.py:188} INFO - [2024-04-17T16:16:36.212+0000] {dag.py:3834} INFO - Setting next_dagrun for files_ext to 2024-04-17 00:00:00+00:00, run_after=2024-04-18 00:00:00+00:00
[2024-04-17T16:16:36.239+0000] {processor.py:183} INFO - Processing /opt/airflow/dags/files_extraction.py took 0.597 seconds
[2024-04-17T16:17:06.434+0000] {processor.py:161} INFO - Started process (PID=517) to work on /opt/airflow/dags/files_extraction.py
[2024-04-17T16:17:06.435+0000] {processor.py:830} INFO - Processing file /opt/airflow/dags/files_extraction.py for tasks to queue
[2024-04-17T16:17:06.437+0000] {logging_mixin.py:188} INFO - [2024-04-17T16:17:06.437+0000] {dagbag.py:540} INFO - Filling up the DagBag from /opt/airflow/dags/files_extraction.py
[2024-04-17T16:17:06.913+0000] {processor.py:840} INFO - DAG(s) 'files_ext' retrieved from /opt/airflow/dags/files_extraction.py
[2024-04-17T16:17:06.933+0000] {logging_mixin.py:188} INFO - [2024-04-17T16:17:06.932+0000] {dag.py:3047} INFO - Sync 1 DAGs
[2024-04-17T16:17:06.955+0000] {logging_mixin.py:188} INFO - [2024-04-17T16:17:06.954+0000] {dag.py:3834} INFO - Setting next_dagrun for files_ext to 2024-04-17 00:00:00+00:00, run_after=2024-04-18 00:00:00+00:00
[2024-04-17T16:17:06.972+0000] {processor.py:183} INFO - Processing /opt/airflow/dags/files_extraction.py took 0.541 seconds
[2024-04-17T16:17:37.665+0000] {processor.py:161} INFO - Started process (PID=537) to work on /opt/airflow/dags/files_extraction.py
[2024-04-17T16:17:37.666+0000] {processor.py:830} INFO - Processing file /opt/airflow/dags/files_extraction.py for tasks to queue
[2024-04-17T16:17:37.668+0000] {logging_mixin.py:188} INFO - [2024-04-17T16:17:37.668+0000] {dagbag.py:540} INFO - Filling up the DagBag from /opt/airflow/dags/files_extraction.py
[2024-04-17T16:17:38.177+0000] {processor.py:840} INFO - DAG(s) 'files_ext' retrieved from /opt/airflow/dags/files_extraction.py
[2024-04-17T16:17:38.198+0000] {logging_mixin.py:188} INFO - [2024-04-17T16:17:38.197+0000] {dag.py:3047} INFO - Sync 1 DAGs
[2024-04-17T16:17:38.220+0000] {logging_mixin.py:188} INFO - [2024-04-17T16:17:38.220+0000] {dag.py:3834} INFO - Setting next_dagrun for files_ext to 2024-04-17 00:00:00+00:00, run_after=2024-04-18 00:00:00+00:00
[2024-04-17T16:17:38.240+0000] {processor.py:183} INFO - Processing /opt/airflow/dags/files_extraction.py took 0.578 seconds
[2024-04-17T16:18:08.846+0000] {processor.py:161} INFO - Started process (PID=557) to work on /opt/airflow/dags/files_extraction.py
[2024-04-17T16:18:08.847+0000] {processor.py:830} INFO - Processing file /opt/airflow/dags/files_extraction.py for tasks to queue
[2024-04-17T16:18:08.850+0000] {logging_mixin.py:188} INFO - [2024-04-17T16:18:08.849+0000] {dagbag.py:540} INFO - Filling up the DagBag from /opt/airflow/dags/files_extraction.py
[2024-04-17T16:18:09.379+0000] {processor.py:840} INFO - DAG(s) 'files_ext' retrieved from /opt/airflow/dags/files_extraction.py
[2024-04-17T16:18:09.400+0000] {logging_mixin.py:188} INFO - [2024-04-17T16:18:09.399+0000] {dag.py:3047} INFO - Sync 1 DAGs
[2024-04-17T16:18:09.420+0000] {logging_mixin.py:188} INFO - [2024-04-17T16:18:09.419+0000] {dag.py:3834} INFO - Setting next_dagrun for files_ext to 2024-04-17 00:00:00+00:00, run_after=2024-04-18 00:00:00+00:00
[2024-04-17T16:18:09.442+0000] {processor.py:183} INFO - Processing /opt/airflow/dags/files_extraction.py took 0.600 seconds
[2024-04-17T16:18:40.339+0000] {processor.py:161} INFO - Started process (PID=577) to work on /opt/airflow/dags/files_extraction.py
[2024-04-17T16:18:40.341+0000] {processor.py:830} INFO - Processing file /opt/airflow/dags/files_extraction.py for tasks to queue
[2024-04-17T16:18:40.343+0000] {logging_mixin.py:188} INFO - [2024-04-17T16:18:40.343+0000] {dagbag.py:540} INFO - Filling up the DagBag from /opt/airflow/dags/files_extraction.py
[2024-04-17T16:18:40.942+0000] {processor.py:840} INFO - DAG(s) 'files_ext' retrieved from /opt/airflow/dags/files_extraction.py
[2024-04-17T16:18:40.971+0000] {logging_mixin.py:188} INFO - [2024-04-17T16:18:40.970+0000] {dag.py:3047} INFO - Sync 1 DAGs
[2024-04-17T16:18:40.996+0000] {logging_mixin.py:188} INFO - [2024-04-17T16:18:40.996+0000] {dag.py:3834} INFO - Setting next_dagrun for files_ext to 2024-04-17 00:00:00+00:00, run_after=2024-04-18 00:00:00+00:00
[2024-04-17T16:18:41.020+0000] {processor.py:183} INFO - Processing /opt/airflow/dags/files_extraction.py took 0.684 seconds
[2024-04-17T16:19:11.084+0000] {processor.py:161} INFO - Started process (PID=597) to work on /opt/airflow/dags/files_extraction.py
[2024-04-17T16:19:11.085+0000] {processor.py:830} INFO - Processing file /opt/airflow/dags/files_extraction.py for tasks to queue
[2024-04-17T16:19:11.087+0000] {logging_mixin.py:188} INFO - [2024-04-17T16:19:11.087+0000] {dagbag.py:540} INFO - Filling up the DagBag from /opt/airflow/dags/files_extraction.py
[2024-04-17T16:19:11.528+0000] {processor.py:840} INFO - DAG(s) 'files_ext' retrieved from /opt/airflow/dags/files_extraction.py
[2024-04-17T16:19:11.544+0000] {logging_mixin.py:188} INFO - [2024-04-17T16:19:11.544+0000] {dag.py:3047} INFO - Sync 1 DAGs
[2024-04-17T16:19:11.567+0000] {logging_mixin.py:188} INFO - [2024-04-17T16:19:11.566+0000] {dag.py:3834} INFO - Setting next_dagrun for files_ext to 2024-04-17 00:00:00+00:00, run_after=2024-04-18 00:00:00+00:00
[2024-04-17T16:19:11.585+0000] {processor.py:183} INFO - Processing /opt/airflow/dags/files_extraction.py took 0.505 seconds
[2024-04-17T16:19:41.809+0000] {processor.py:161} INFO - Started process (PID=617) to work on /opt/airflow/dags/files_extraction.py
[2024-04-17T16:19:41.810+0000] {processor.py:830} INFO - Processing file /opt/airflow/dags/files_extraction.py for tasks to queue
[2024-04-17T16:19:41.812+0000] {logging_mixin.py:188} INFO - [2024-04-17T16:19:41.812+0000] {dagbag.py:540} INFO - Filling up the DagBag from /opt/airflow/dags/files_extraction.py
[2024-04-17T16:19:42.313+0000] {processor.py:840} INFO - DAG(s) 'files_ext' retrieved from /opt/airflow/dags/files_extraction.py
[2024-04-17T16:19:42.343+0000] {logging_mixin.py:188} INFO - [2024-04-17T16:19:42.341+0000] {dag.py:3047} INFO - Sync 1 DAGs
[2024-04-17T16:19:42.377+0000] {logging_mixin.py:188} INFO - [2024-04-17T16:19:42.377+0000] {dag.py:3834} INFO - Setting next_dagrun for files_ext to 2024-04-17 00:00:00+00:00, run_after=2024-04-18 00:00:00+00:00
[2024-04-17T16:19:42.399+0000] {processor.py:183} INFO - Processing /opt/airflow/dags/files_extraction.py took 0.594 seconds
[2024-04-17T16:20:12.802+0000] {processor.py:161} INFO - Started process (PID=643) to work on /opt/airflow/dags/files_extraction.py
[2024-04-17T16:20:12.804+0000] {processor.py:830} INFO - Processing file /opt/airflow/dags/files_extraction.py for tasks to queue
[2024-04-17T16:20:12.806+0000] {logging_mixin.py:188} INFO - [2024-04-17T16:20:12.806+0000] {dagbag.py:540} INFO - Filling up the DagBag from /opt/airflow/dags/files_extraction.py
[2024-04-17T16:20:13.454+0000] {processor.py:840} INFO - DAG(s) 'files_ext' retrieved from /opt/airflow/dags/files_extraction.py
[2024-04-17T16:20:13.478+0000] {logging_mixin.py:188} INFO - [2024-04-17T16:20:13.477+0000] {dag.py:3047} INFO - Sync 1 DAGs
[2024-04-17T16:20:13.500+0000] {logging_mixin.py:188} INFO - [2024-04-17T16:20:13.499+0000] {dag.py:3834} INFO - Setting next_dagrun for files_ext to 2024-04-17 00:00:00+00:00, run_after=2024-04-18 00:00:00+00:00
[2024-04-17T16:20:13.524+0000] {processor.py:183} INFO - Processing /opt/airflow/dags/files_extraction.py took 0.728 seconds
[2024-04-17T16:20:44.392+0000] {processor.py:161} INFO - Started process (PID=666) to work on /opt/airflow/dags/files_extraction.py
[2024-04-17T16:20:44.393+0000] {processor.py:830} INFO - Processing file /opt/airflow/dags/files_extraction.py for tasks to queue
[2024-04-17T16:20:44.395+0000] {logging_mixin.py:188} INFO - [2024-04-17T16:20:44.394+0000] {dagbag.py:540} INFO - Filling up the DagBag from /opt/airflow/dags/files_extraction.py
[2024-04-17T16:20:44.765+0000] {processor.py:840} INFO - DAG(s) 'files_ext' retrieved from /opt/airflow/dags/files_extraction.py
[2024-04-17T16:20:44.782+0000] {logging_mixin.py:188} INFO - [2024-04-17T16:20:44.781+0000] {dag.py:3047} INFO - Sync 1 DAGs
[2024-04-17T16:20:44.800+0000] {logging_mixin.py:188} INFO - [2024-04-17T16:20:44.800+0000] {dag.py:3834} INFO - Setting next_dagrun for files_ext to 2024-04-17 00:00:00+00:00, run_after=2024-04-18 00:00:00+00:00
[2024-04-17T16:20:44.820+0000] {processor.py:183} INFO - Processing /opt/airflow/dags/files_extraction.py took 0.430 seconds
[2024-04-17T16:21:10.574+0000] {processor.py:161} INFO - Started process (PID=675) to work on /opt/airflow/dags/files_extraction.py
[2024-04-17T16:21:10.576+0000] {processor.py:830} INFO - Processing file /opt/airflow/dags/files_extraction.py for tasks to queue
[2024-04-17T16:21:10.579+0000] {logging_mixin.py:188} INFO - [2024-04-17T16:21:10.579+0000] {dagbag.py:540} INFO - Filling up the DagBag from /opt/airflow/dags/files_extraction.py
[2024-04-17T16:21:11.203+0000] {processor.py:840} INFO - DAG(s) 'files_ext' retrieved from /opt/airflow/dags/files_extraction.py
[2024-04-17T16:21:11.226+0000] {logging_mixin.py:188} INFO - [2024-04-17T16:21:11.225+0000] {dag.py:3047} INFO - Sync 1 DAGs
[2024-04-17T16:21:11.248+0000] {logging_mixin.py:188} INFO - [2024-04-17T16:21:11.247+0000] {dag.py:3834} INFO - Setting next_dagrun for files_ext to 2024-04-17 00:00:00+00:00, run_after=2024-04-18 00:00:00+00:00
[2024-04-17T16:21:11.274+0000] {processor.py:183} INFO - Processing /opt/airflow/dags/files_extraction.py took 0.706 seconds
[2024-04-17T16:21:42.184+0000] {processor.py:161} INFO - Started process (PID=695) to work on /opt/airflow/dags/files_extraction.py
[2024-04-17T16:21:42.186+0000] {processor.py:830} INFO - Processing file /opt/airflow/dags/files_extraction.py for tasks to queue
[2024-04-17T16:21:42.189+0000] {logging_mixin.py:188} INFO - [2024-04-17T16:21:42.188+0000] {dagbag.py:540} INFO - Filling up the DagBag from /opt/airflow/dags/files_extraction.py
[2024-04-17T16:21:42.771+0000] {processor.py:840} INFO - DAG(s) 'files_ext' retrieved from /opt/airflow/dags/files_extraction.py
[2024-04-17T16:21:42.794+0000] {logging_mixin.py:188} INFO - [2024-04-17T16:21:42.793+0000] {dag.py:3047} INFO - Sync 1 DAGs
[2024-04-17T16:21:42.816+0000] {logging_mixin.py:188} INFO - [2024-04-17T16:21:42.816+0000] {dag.py:3834} INFO - Setting next_dagrun for files_ext to 2024-04-17 00:00:00+00:00, run_after=2024-04-18 00:00:00+00:00
[2024-04-17T16:21:42.838+0000] {processor.py:183} INFO - Processing /opt/airflow/dags/files_extraction.py took 0.657 seconds
[2024-04-17T16:22:13.607+0000] {processor.py:161} INFO - Started process (PID=724) to work on /opt/airflow/dags/files_extraction.py
[2024-04-17T16:22:13.608+0000] {processor.py:830} INFO - Processing file /opt/airflow/dags/files_extraction.py for tasks to queue
[2024-04-17T16:22:13.610+0000] {logging_mixin.py:188} INFO - [2024-04-17T16:22:13.610+0000] {dagbag.py:540} INFO - Filling up the DagBag from /opt/airflow/dags/files_extraction.py
[2024-04-17T16:22:14.044+0000] {processor.py:840} INFO - DAG(s) 'files_ext' retrieved from /opt/airflow/dags/files_extraction.py
[2024-04-17T16:22:14.061+0000] {logging_mixin.py:188} INFO - [2024-04-17T16:22:14.061+0000] {dag.py:3047} INFO - Sync 1 DAGs
[2024-04-17T16:22:14.083+0000] {logging_mixin.py:188} INFO - [2024-04-17T16:22:14.083+0000] {dag.py:3834} INFO - Setting next_dagrun for files_ext to 2024-04-17 00:00:00+00:00, run_after=2024-04-18 00:00:00+00:00
[2024-04-17T16:22:14.106+0000] {processor.py:183} INFO - Processing /opt/airflow/dags/files_extraction.py took 0.503 seconds
[2024-04-17T16:22:25.276+0000] {processor.py:161} INFO - Started process (PID=736) to work on /opt/airflow/dags/files_extraction.py
[2024-04-17T16:22:25.277+0000] {processor.py:830} INFO - Processing file /opt/airflow/dags/files_extraction.py for tasks to queue
[2024-04-17T16:22:25.278+0000] {logging_mixin.py:188} INFO - [2024-04-17T16:22:25.278+0000] {dagbag.py:540} INFO - Filling up the DagBag from /opt/airflow/dags/files_extraction.py
[2024-04-17T16:22:25.649+0000] {processor.py:840} INFO - DAG(s) 'files_ext' retrieved from /opt/airflow/dags/files_extraction.py
[2024-04-17T16:22:25.665+0000] {logging_mixin.py:188} INFO - [2024-04-17T16:22:25.665+0000] {dag.py:3047} INFO - Sync 1 DAGs
[2024-04-17T16:22:25.684+0000] {logging_mixin.py:188} INFO - [2024-04-17T16:22:25.684+0000] {dag.py:3834} INFO - Setting next_dagrun for files_ext to 2024-04-17 00:00:00+00:00, run_after=2024-04-18 00:00:00+00:00
[2024-04-17T16:22:25.709+0000] {processor.py:183} INFO - Processing /opt/airflow/dags/files_extraction.py took 0.436 seconds
[2024-04-17T16:22:31.447+0000] {processor.py:161} INFO - Started process (PID=738) to work on /opt/airflow/dags/files_extraction.py
[2024-04-17T16:22:31.448+0000] {processor.py:830} INFO - Processing file /opt/airflow/dags/files_extraction.py for tasks to queue
[2024-04-17T16:22:31.450+0000] {logging_mixin.py:188} INFO - [2024-04-17T16:22:31.449+0000] {dagbag.py:540} INFO - Filling up the DagBag from /opt/airflow/dags/files_extraction.py
[2024-04-17T16:22:31.962+0000] {processor.py:840} INFO - DAG(s) 'files_ext' retrieved from /opt/airflow/dags/files_extraction.py
[2024-04-17T16:22:31.983+0000] {logging_mixin.py:188} INFO - [2024-04-17T16:22:31.983+0000] {dag.py:3047} INFO - Sync 1 DAGs
[2024-04-17T16:22:32.001+0000] {logging_mixin.py:188} INFO - [2024-04-17T16:22:32.001+0000] {dag.py:3834} INFO - Setting next_dagrun for files_ext to 2024-04-17 00:00:00+00:00, run_after=2024-04-18 00:00:00+00:00
[2024-04-17T16:22:32.027+0000] {processor.py:183} INFO - Processing /opt/airflow/dags/files_extraction.py took 0.583 seconds
[2024-04-17T16:22:41.017+0000] {processor.py:161} INFO - Started process (PID=740) to work on /opt/airflow/dags/files_extraction.py
[2024-04-17T16:22:41.019+0000] {processor.py:830} INFO - Processing file /opt/airflow/dags/files_extraction.py for tasks to queue
[2024-04-17T16:22:41.021+0000] {logging_mixin.py:188} INFO - [2024-04-17T16:22:41.021+0000] {dagbag.py:540} INFO - Filling up the DagBag from /opt/airflow/dags/files_extraction.py
[2024-04-17T16:22:41.605+0000] {processor.py:840} INFO - DAG(s) 'files_ext' retrieved from /opt/airflow/dags/files_extraction.py
[2024-04-17T16:22:41.766+0000] {logging_mixin.py:188} INFO - [2024-04-17T16:22:41.765+0000] {dag.py:3047} INFO - Sync 1 DAGs
[2024-04-17T16:22:41.807+0000] {logging_mixin.py:188} INFO - [2024-04-17T16:22:41.807+0000] {dag.py:3834} INFO - Setting next_dagrun for files_ext to 2024-04-17 00:00:00+00:00, run_after=2024-04-18 00:00:00+00:00
[2024-04-17T16:22:41.863+0000] {processor.py:183} INFO - Processing /opt/airflow/dags/files_extraction.py took 0.848 seconds
[2024-04-17T16:23:12.632+0000] {processor.py:161} INFO - Started process (PID=760) to work on /opt/airflow/dags/files_extraction.py
[2024-04-17T16:23:12.634+0000] {processor.py:830} INFO - Processing file /opt/airflow/dags/files_extraction.py for tasks to queue
[2024-04-17T16:23:12.637+0000] {logging_mixin.py:188} INFO - [2024-04-17T16:23:12.636+0000] {dagbag.py:540} INFO - Filling up the DagBag from /opt/airflow/dags/files_extraction.py
[2024-04-17T16:23:13.179+0000] {processor.py:840} INFO - DAG(s) 'files_ext' retrieved from /opt/airflow/dags/files_extraction.py
[2024-04-17T16:23:13.200+0000] {logging_mixin.py:188} INFO - [2024-04-17T16:23:13.199+0000] {dag.py:3047} INFO - Sync 1 DAGs
[2024-04-17T16:23:13.222+0000] {logging_mixin.py:188} INFO - [2024-04-17T16:23:13.222+0000] {dag.py:3834} INFO - Setting next_dagrun for files_ext to 2024-04-17 00:00:00+00:00, run_after=2024-04-18 00:00:00+00:00
[2024-04-17T16:23:13.258+0000] {processor.py:183} INFO - Processing /opt/airflow/dags/files_extraction.py took 0.629 seconds
[2024-04-17T16:23:43.615+0000] {processor.py:161} INFO - Started process (PID=786) to work on /opt/airflow/dags/files_extraction.py
[2024-04-17T16:23:43.616+0000] {processor.py:830} INFO - Processing file /opt/airflow/dags/files_extraction.py for tasks to queue
[2024-04-17T16:23:43.618+0000] {logging_mixin.py:188} INFO - [2024-04-17T16:23:43.618+0000] {dagbag.py:540} INFO - Filling up the DagBag from /opt/airflow/dags/files_extraction.py
[2024-04-17T16:23:44.131+0000] {processor.py:840} INFO - DAG(s) 'files_ext' retrieved from /opt/airflow/dags/files_extraction.py
[2024-04-17T16:23:44.156+0000] {logging_mixin.py:188} INFO - [2024-04-17T16:23:44.155+0000] {dag.py:3047} INFO - Sync 1 DAGs
[2024-04-17T16:23:44.182+0000] {logging_mixin.py:188} INFO - [2024-04-17T16:23:44.181+0000] {dag.py:3834} INFO - Setting next_dagrun for files_ext to 2024-04-17 00:00:00+00:00, run_after=2024-04-18 00:00:00+00:00
[2024-04-17T16:23:44.214+0000] {processor.py:183} INFO - Processing /opt/airflow/dags/files_extraction.py took 0.603 seconds
[2024-04-17T16:24:14.712+0000] {processor.py:161} INFO - Started process (PID=806) to work on /opt/airflow/dags/files_extraction.py
[2024-04-17T16:24:14.713+0000] {processor.py:830} INFO - Processing file /opt/airflow/dags/files_extraction.py for tasks to queue
[2024-04-17T16:24:14.715+0000] {logging_mixin.py:188} INFO - [2024-04-17T16:24:14.715+0000] {dagbag.py:540} INFO - Filling up the DagBag from /opt/airflow/dags/files_extraction.py
[2024-04-17T16:24:15.262+0000] {processor.py:840} INFO - DAG(s) 'files_ext' retrieved from /opt/airflow/dags/files_extraction.py
[2024-04-17T16:24:15.283+0000] {logging_mixin.py:188} INFO - [2024-04-17T16:24:15.282+0000] {dag.py:3047} INFO - Sync 1 DAGs
[2024-04-17T16:24:15.307+0000] {logging_mixin.py:188} INFO - [2024-04-17T16:24:15.307+0000] {dag.py:3834} INFO - Setting next_dagrun for files_ext to 2024-04-17 00:00:00+00:00, run_after=2024-04-18 00:00:00+00:00
[2024-04-17T16:24:15.332+0000] {processor.py:183} INFO - Processing /opt/airflow/dags/files_extraction.py took 0.623 seconds
[2024-04-17T16:24:45.411+0000] {processor.py:161} INFO - Started process (PID=826) to work on /opt/airflow/dags/files_extraction.py
[2024-04-17T16:24:45.413+0000] {processor.py:830} INFO - Processing file /opt/airflow/dags/files_extraction.py for tasks to queue
[2024-04-17T16:24:45.415+0000] {logging_mixin.py:188} INFO - [2024-04-17T16:24:45.415+0000] {dagbag.py:540} INFO - Filling up the DagBag from /opt/airflow/dags/files_extraction.py
[2024-04-17T16:24:45.928+0000] {processor.py:840} INFO - DAG(s) 'files_ext' retrieved from /opt/airflow/dags/files_extraction.py
[2024-04-17T16:24:45.948+0000] {logging_mixin.py:188} INFO - [2024-04-17T16:24:45.947+0000] {dag.py:3047} INFO - Sync 1 DAGs
[2024-04-17T16:24:45.967+0000] {logging_mixin.py:188} INFO - [2024-04-17T16:24:45.967+0000] {dag.py:3834} INFO - Setting next_dagrun for files_ext to 2024-04-17 00:00:00+00:00, run_after=2024-04-18 00:00:00+00:00
[2024-04-17T16:24:45.986+0000] {processor.py:183} INFO - Processing /opt/airflow/dags/files_extraction.py took 0.578 seconds
[2024-04-17T16:24:50.990+0000] {processor.py:161} INFO - Started process (PID=835) to work on /opt/airflow/dags/files_extraction.py
[2024-04-17T16:24:50.992+0000] {processor.py:830} INFO - Processing file /opt/airflow/dags/files_extraction.py for tasks to queue
[2024-04-17T16:24:50.995+0000] {logging_mixin.py:188} INFO - [2024-04-17T16:24:50.994+0000] {dagbag.py:540} INFO - Filling up the DagBag from /opt/airflow/dags/files_extraction.py
[2024-04-17T16:24:51.509+0000] {processor.py:840} INFO - DAG(s) 'files_ext' retrieved from /opt/airflow/dags/files_extraction.py
[2024-04-17T16:24:51.532+0000] {logging_mixin.py:188} INFO - [2024-04-17T16:24:51.531+0000] {dag.py:3047} INFO - Sync 1 DAGs
[2024-04-17T16:24:51.551+0000] {logging_mixin.py:188} INFO - [2024-04-17T16:24:51.551+0000] {dag.py:3834} INFO - Setting next_dagrun for files_ext to 2024-04-17 00:00:00+00:00, run_after=2024-04-18 00:00:00+00:00
[2024-04-17T16:24:51.580+0000] {processor.py:183} INFO - Processing /opt/airflow/dags/files_extraction.py took 0.596 seconds
[2024-04-17T16:25:00.925+0000] {processor.py:161} INFO - Started process (PID=842) to work on /opt/airflow/dags/files_extraction.py
[2024-04-17T16:25:00.926+0000] {processor.py:830} INFO - Processing file /opt/airflow/dags/files_extraction.py for tasks to queue
[2024-04-17T16:25:00.929+0000] {logging_mixin.py:188} INFO - [2024-04-17T16:25:00.928+0000] {dagbag.py:540} INFO - Filling up the DagBag from /opt/airflow/dags/files_extraction.py
[2024-04-17T16:25:01.438+0000] {processor.py:840} INFO - DAG(s) 'files_ext' retrieved from /opt/airflow/dags/files_extraction.py
[2024-04-17T16:25:01.545+0000] {logging_mixin.py:188} INFO - [2024-04-17T16:25:01.544+0000] {dag.py:3047} INFO - Sync 1 DAGs
[2024-04-17T16:25:01.573+0000] {logging_mixin.py:188} INFO - [2024-04-17T16:25:01.572+0000] {dag.py:3834} INFO - Setting next_dagrun for files_ext to 2024-04-17 00:00:00+00:00, run_after=2024-04-18 00:00:00+00:00
[2024-04-17T16:25:01.600+0000] {processor.py:183} INFO - Processing /opt/airflow/dags/files_extraction.py took 0.679 seconds
[2024-04-17T16:25:06.302+0000] {processor.py:161} INFO - Started process (PID=844) to work on /opt/airflow/dags/files_extraction.py
[2024-04-17T16:25:06.303+0000] {processor.py:830} INFO - Processing file /opt/airflow/dags/files_extraction.py for tasks to queue
[2024-04-17T16:25:06.304+0000] {logging_mixin.py:188} INFO - [2024-04-17T16:25:06.304+0000] {dagbag.py:540} INFO - Filling up the DagBag from /opt/airflow/dags/files_extraction.py
[2024-04-17T16:25:06.701+0000] {processor.py:840} INFO - DAG(s) 'files_ext' retrieved from /opt/airflow/dags/files_extraction.py
[2024-04-17T16:25:06.711+0000] {logging_mixin.py:188} INFO - [2024-04-17T16:25:06.711+0000] {dag.py:3047} INFO - Sync 1 DAGs
[2024-04-17T16:25:06.730+0000] {logging_mixin.py:188} INFO - [2024-04-17T16:25:06.730+0000] {dag.py:3834} INFO - Setting next_dagrun for files_ext to 2024-04-17 00:00:00+00:00, run_after=2024-04-18 00:00:00+00:00
[2024-04-17T16:25:06.753+0000] {processor.py:183} INFO - Processing /opt/airflow/dags/files_extraction.py took 0.453 seconds
[2024-04-17T16:25:37.241+0000] {processor.py:161} INFO - Started process (PID=864) to work on /opt/airflow/dags/files_extraction.py
[2024-04-17T16:25:37.242+0000] {processor.py:830} INFO - Processing file /opt/airflow/dags/files_extraction.py for tasks to queue
[2024-04-17T16:25:37.244+0000] {logging_mixin.py:188} INFO - [2024-04-17T16:25:37.243+0000] {dagbag.py:540} INFO - Filling up the DagBag from /opt/airflow/dags/files_extraction.py
[2024-04-17T16:25:37.623+0000] {processor.py:840} INFO - DAG(s) 'files_ext' retrieved from /opt/airflow/dags/files_extraction.py
[2024-04-17T16:25:37.640+0000] {logging_mixin.py:188} INFO - [2024-04-17T16:25:37.640+0000] {dag.py:3047} INFO - Sync 1 DAGs
[2024-04-17T16:25:37.658+0000] {logging_mixin.py:188} INFO - [2024-04-17T16:25:37.658+0000] {dag.py:3834} INFO - Setting next_dagrun for files_ext to 2024-04-17 00:00:00+00:00, run_after=2024-04-18 00:00:00+00:00
[2024-04-17T16:25:37.675+0000] {processor.py:183} INFO - Processing /opt/airflow/dags/files_extraction.py took 0.437 seconds
[2024-04-17T16:26:02.888+0000] {processor.py:161} INFO - Started process (PID=884) to work on /opt/airflow/dags/files_extraction.py
[2024-04-17T16:26:02.889+0000] {processor.py:830} INFO - Processing file /opt/airflow/dags/files_extraction.py for tasks to queue
[2024-04-17T16:26:02.891+0000] {logging_mixin.py:188} INFO - [2024-04-17T16:26:02.891+0000] {dagbag.py:540} INFO - Filling up the DagBag from /opt/airflow/dags/files_extraction.py
[2024-04-17T16:26:03.436+0000] {processor.py:840} INFO - DAG(s) 'files_ext' retrieved from /opt/airflow/dags/files_extraction.py
[2024-04-17T16:26:03.462+0000] {logging_mixin.py:188} INFO - [2024-04-17T16:26:03.461+0000] {dag.py:3047} INFO - Sync 1 DAGs
[2024-04-17T16:26:03.486+0000] {logging_mixin.py:188} INFO - [2024-04-17T16:26:03.486+0000] {dag.py:3834} INFO - Setting next_dagrun for files_ext to 2024-04-17 00:00:00+00:00, run_after=2024-04-18 00:00:00+00:00
[2024-04-17T16:26:03.521+0000] {processor.py:183} INFO - Processing /opt/airflow/dags/files_extraction.py took 0.636 seconds
[2024-04-17T16:26:05.618+0000] {processor.py:161} INFO - Started process (PID=886) to work on /opt/airflow/dags/files_extraction.py
[2024-04-17T16:26:05.620+0000] {processor.py:830} INFO - Processing file /opt/airflow/dags/files_extraction.py for tasks to queue
[2024-04-17T16:26:05.622+0000] {logging_mixin.py:188} INFO - [2024-04-17T16:26:05.621+0000] {dagbag.py:540} INFO - Filling up the DagBag from /opt/airflow/dags/files_extraction.py
[2024-04-17T16:26:06.219+0000] {processor.py:840} INFO - DAG(s) 'files_ext' retrieved from /opt/airflow/dags/files_extraction.py
[2024-04-17T16:26:06.244+0000] {logging_mixin.py:188} INFO - [2024-04-17T16:26:06.243+0000] {dag.py:3047} INFO - Sync 1 DAGs
[2024-04-17T16:26:06.268+0000] {logging_mixin.py:188} INFO - [2024-04-17T16:26:06.267+0000] {dag.py:3834} INFO - Setting next_dagrun for files_ext to 2024-04-17 00:00:00+00:00, run_after=2024-04-18 00:00:00+00:00
[2024-04-17T16:26:06.297+0000] {processor.py:183} INFO - Processing /opt/airflow/dags/files_extraction.py took 0.681 seconds
[2024-04-17T16:26:36.358+0000] {processor.py:161} INFO - Started process (PID=906) to work on /opt/airflow/dags/files_extraction.py
[2024-04-17T16:26:36.360+0000] {processor.py:830} INFO - Processing file /opt/airflow/dags/files_extraction.py for tasks to queue
[2024-04-17T16:26:36.362+0000] {logging_mixin.py:188} INFO - [2024-04-17T16:26:36.361+0000] {dagbag.py:540} INFO - Filling up the DagBag from /opt/airflow/dags/files_extraction.py
[2024-04-17T16:26:36.854+0000] {processor.py:840} INFO - DAG(s) 'files_ext' retrieved from /opt/airflow/dags/files_extraction.py
[2024-04-17T16:26:36.875+0000] {logging_mixin.py:188} INFO - [2024-04-17T16:26:36.874+0000] {dag.py:3047} INFO - Sync 1 DAGs
[2024-04-17T16:26:36.894+0000] {logging_mixin.py:188} INFO - [2024-04-17T16:26:36.894+0000] {dag.py:3834} INFO - Setting next_dagrun for files_ext to 2024-04-17 00:00:00+00:00, run_after=2024-04-18 00:00:00+00:00
[2024-04-17T16:26:36.916+0000] {processor.py:183} INFO - Processing /opt/airflow/dags/files_extraction.py took 0.561 seconds
[2024-04-17T16:27:07.074+0000] {processor.py:161} INFO - Started process (PID=926) to work on /opt/airflow/dags/files_extraction.py
[2024-04-17T16:27:07.076+0000] {processor.py:830} INFO - Processing file /opt/airflow/dags/files_extraction.py for tasks to queue
[2024-04-17T16:27:07.079+0000] {logging_mixin.py:188} INFO - [2024-04-17T16:27:07.078+0000] {dagbag.py:540} INFO - Filling up the DagBag from /opt/airflow/dags/files_extraction.py
[2024-04-17T16:27:07.354+0000] {processor.py:840} INFO - DAG(s) 'files_ext' retrieved from /opt/airflow/dags/files_extraction.py
[2024-04-17T16:27:07.379+0000] {logging_mixin.py:188} INFO - [2024-04-17T16:27:07.378+0000] {dag.py:3047} INFO - Sync 1 DAGs
[2024-04-17T16:27:07.405+0000] {logging_mixin.py:188} INFO - [2024-04-17T16:27:07.404+0000] {dag.py:3834} INFO - Setting next_dagrun for files_ext to 2024-04-17 00:00:00+00:00, run_after=2024-04-18 00:00:00+00:00
[2024-04-17T16:27:07.430+0000] {processor.py:183} INFO - Processing /opt/airflow/dags/files_extraction.py took 0.359 seconds
[2024-04-17T16:27:37.550+0000] {processor.py:161} INFO - Started process (PID=946) to work on /opt/airflow/dags/files_extraction.py
[2024-04-17T16:27:37.552+0000] {processor.py:830} INFO - Processing file /opt/airflow/dags/files_extraction.py for tasks to queue
[2024-04-17T16:27:37.553+0000] {logging_mixin.py:188} INFO - [2024-04-17T16:27:37.553+0000] {dagbag.py:540} INFO - Filling up the DagBag from /opt/airflow/dags/files_extraction.py
[2024-04-17T16:27:37.806+0000] {processor.py:840} INFO - DAG(s) 'files_ext' retrieved from /opt/airflow/dags/files_extraction.py
[2024-04-17T16:27:37.829+0000] {logging_mixin.py:188} INFO - [2024-04-17T16:27:37.828+0000] {dag.py:3047} INFO - Sync 1 DAGs
[2024-04-17T16:27:37.851+0000] {logging_mixin.py:188} INFO - [2024-04-17T16:27:37.851+0000] {dag.py:3834} INFO - Setting next_dagrun for files_ext to 2024-04-17 00:00:00+00:00, run_after=2024-04-18 00:00:00+00:00
[2024-04-17T16:27:37.871+0000] {processor.py:183} INFO - Processing /opt/airflow/dags/files_extraction.py took 0.323 seconds
[2024-04-17T16:28:07.207+0000] {processor.py:161} INFO - Started process (PID=966) to work on /opt/airflow/dags/files_extraction.py
[2024-04-17T16:28:07.208+0000] {processor.py:830} INFO - Processing file /opt/airflow/dags/files_extraction.py for tasks to queue
[2024-04-17T16:28:07.210+0000] {logging_mixin.py:188} INFO - [2024-04-17T16:28:07.210+0000] {dagbag.py:540} INFO - Filling up the DagBag from /opt/airflow/dags/files_extraction.py
[2024-04-17T16:28:07.495+0000] {processor.py:840} INFO - DAG(s) 'files_ext' retrieved from /opt/airflow/dags/files_extraction.py
[2024-04-17T16:28:07.523+0000] {logging_mixin.py:188} INFO - [2024-04-17T16:28:07.522+0000] {dag.py:3047} INFO - Sync 1 DAGs
[2024-04-17T16:28:07.551+0000] {logging_mixin.py:188} INFO - [2024-04-17T16:28:07.551+0000] {dag.py:3834} INFO - Setting next_dagrun for files_ext to 2024-04-17 00:00:00+00:00, run_after=2024-04-18 00:00:00+00:00
[2024-04-17T16:28:07.583+0000] {processor.py:183} INFO - Processing /opt/airflow/dags/files_extraction.py took 0.379 seconds
[2024-04-17T16:28:24.855+0000] {processor.py:161} INFO - Started process (PID=981) to work on /opt/airflow/dags/files_extraction.py
[2024-04-17T16:28:24.857+0000] {processor.py:830} INFO - Processing file /opt/airflow/dags/files_extraction.py for tasks to queue
[2024-04-17T16:28:24.859+0000] {logging_mixin.py:188} INFO - [2024-04-17T16:28:24.858+0000] {dagbag.py:540} INFO - Filling up the DagBag from /opt/airflow/dags/files_extraction.py
[2024-04-17T16:28:25.127+0000] {processor.py:840} INFO - DAG(s) 'files_ext' retrieved from /opt/airflow/dags/files_extraction.py
[2024-04-17T16:28:25.151+0000] {logging_mixin.py:188} INFO - [2024-04-17T16:28:25.150+0000] {dag.py:3047} INFO - Sync 1 DAGs
[2024-04-17T16:28:25.171+0000] {logging_mixin.py:188} INFO - [2024-04-17T16:28:25.170+0000] {dag.py:3834} INFO - Setting next_dagrun for files_ext to 2024-04-17 00:00:00+00:00, run_after=2024-04-18 00:00:00+00:00
[2024-04-17T16:28:25.196+0000] {processor.py:183} INFO - Processing /opt/airflow/dags/files_extraction.py took 0.344 seconds
[2024-04-17T16:28:55.322+0000] {processor.py:161} INFO - Started process (PID=1001) to work on /opt/airflow/dags/files_extraction.py
[2024-04-17T16:28:55.324+0000] {processor.py:830} INFO - Processing file /opt/airflow/dags/files_extraction.py for tasks to queue
[2024-04-17T16:28:55.326+0000] {logging_mixin.py:188} INFO - [2024-04-17T16:28:55.325+0000] {dagbag.py:540} INFO - Filling up the DagBag from /opt/airflow/dags/files_extraction.py
[2024-04-17T16:28:55.585+0000] {processor.py:840} INFO - DAG(s) 'files_ext' retrieved from /opt/airflow/dags/files_extraction.py
[2024-04-17T16:28:55.606+0000] {logging_mixin.py:188} INFO - [2024-04-17T16:28:55.606+0000] {dag.py:3047} INFO - Sync 1 DAGs
[2024-04-17T16:28:55.628+0000] {logging_mixin.py:188} INFO - [2024-04-17T16:28:55.627+0000] {dag.py:3834} INFO - Setting next_dagrun for files_ext to 2024-04-17 00:00:00+00:00, run_after=2024-04-18 00:00:00+00:00
[2024-04-17T16:28:55.648+0000] {processor.py:183} INFO - Processing /opt/airflow/dags/files_extraction.py took 0.329 seconds
[2024-04-17T16:29:25.965+0000] {processor.py:161} INFO - Started process (PID=1021) to work on /opt/airflow/dags/files_extraction.py
[2024-04-17T16:29:25.967+0000] {processor.py:830} INFO - Processing file /opt/airflow/dags/files_extraction.py for tasks to queue
[2024-04-17T16:29:25.969+0000] {logging_mixin.py:188} INFO - [2024-04-17T16:29:25.969+0000] {dagbag.py:540} INFO - Filling up the DagBag from /opt/airflow/dags/files_extraction.py
[2024-04-17T16:29:26.280+0000] {processor.py:840} INFO - DAG(s) 'files_ext' retrieved from /opt/airflow/dags/files_extraction.py
[2024-04-17T16:29:26.308+0000] {logging_mixin.py:188} INFO - [2024-04-17T16:29:26.307+0000] {dag.py:3047} INFO - Sync 1 DAGs
[2024-04-17T16:29:26.335+0000] {logging_mixin.py:188} INFO - [2024-04-17T16:29:26.335+0000] {dag.py:3834} INFO - Setting next_dagrun for files_ext to 2024-04-17 00:00:00+00:00, run_after=2024-04-18 00:00:00+00:00
[2024-04-17T16:29:26.353+0000] {processor.py:183} INFO - Processing /opt/airflow/dags/files_extraction.py took 0.392 seconds
[2024-04-17T16:29:34.571+0000] {processor.py:161} INFO - Started process (PID=1028) to work on /opt/airflow/dags/files_extraction.py
[2024-04-17T16:29:34.573+0000] {processor.py:830} INFO - Processing file /opt/airflow/dags/files_extraction.py for tasks to queue
[2024-04-17T16:29:34.574+0000] {logging_mixin.py:188} INFO - [2024-04-17T16:29:34.574+0000] {dagbag.py:540} INFO - Filling up the DagBag from /opt/airflow/dags/files_extraction.py
[2024-04-17T16:29:34.846+0000] {processor.py:840} INFO - DAG(s) 'files_ext' retrieved from /opt/airflow/dags/files_extraction.py
[2024-04-17T16:29:34.872+0000] {logging_mixin.py:188} INFO - [2024-04-17T16:29:34.871+0000] {dag.py:3047} INFO - Sync 1 DAGs
[2024-04-17T16:29:34.895+0000] {logging_mixin.py:188} INFO - [2024-04-17T16:29:34.895+0000] {dag.py:3834} INFO - Setting next_dagrun for files_ext to 2024-04-17 00:00:00+00:00, run_after=2024-04-18 00:00:00+00:00
[2024-04-17T16:29:34.925+0000] {processor.py:183} INFO - Processing /opt/airflow/dags/files_extraction.py took 0.357 seconds
[2024-04-17T16:30:05.077+0000] {processor.py:161} INFO - Started process (PID=1048) to work on /opt/airflow/dags/files_extraction.py
[2024-04-17T16:30:05.079+0000] {processor.py:830} INFO - Processing file /opt/airflow/dags/files_extraction.py for tasks to queue
[2024-04-17T16:30:05.082+0000] {logging_mixin.py:188} INFO - [2024-04-17T16:30:05.081+0000] {dagbag.py:540} INFO - Filling up the DagBag from /opt/airflow/dags/files_extraction.py
[2024-04-17T16:30:05.455+0000] {processor.py:840} INFO - DAG(s) 'files_ext' retrieved from /opt/airflow/dags/files_extraction.py
[2024-04-17T16:30:05.489+0000] {logging_mixin.py:188} INFO - [2024-04-17T16:30:05.488+0000] {dag.py:3047} INFO - Sync 1 DAGs
[2024-04-17T16:30:05.519+0000] {logging_mixin.py:188} INFO - [2024-04-17T16:30:05.518+0000] {dag.py:3834} INFO - Setting next_dagrun for files_ext to 2024-04-17 00:00:00+00:00, run_after=2024-04-18 00:00:00+00:00
[2024-04-17T16:30:05.559+0000] {processor.py:183} INFO - Processing /opt/airflow/dags/files_extraction.py took 0.487 seconds
[2024-04-17T16:30:35.788+0000] {processor.py:161} INFO - Started process (PID=1068) to work on /opt/airflow/dags/files_extraction.py
[2024-04-17T16:30:35.789+0000] {processor.py:830} INFO - Processing file /opt/airflow/dags/files_extraction.py for tasks to queue
[2024-04-17T16:30:35.791+0000] {logging_mixin.py:188} INFO - [2024-04-17T16:30:35.791+0000] {dagbag.py:540} INFO - Filling up the DagBag from /opt/airflow/dags/files_extraction.py
[2024-04-17T16:30:36.075+0000] {processor.py:840} INFO - DAG(s) 'files_ext' retrieved from /opt/airflow/dags/files_extraction.py
[2024-04-17T16:30:36.100+0000] {logging_mixin.py:188} INFO - [2024-04-17T16:30:36.099+0000] {dag.py:3047} INFO - Sync 1 DAGs
[2024-04-17T16:30:36.121+0000] {logging_mixin.py:188} INFO - [2024-04-17T16:30:36.120+0000] {dag.py:3834} INFO - Setting next_dagrun for files_ext to 2024-04-17 00:00:00+00:00, run_after=2024-04-18 00:00:00+00:00
[2024-04-17T16:30:36.140+0000] {processor.py:183} INFO - Processing /opt/airflow/dags/files_extraction.py took 0.356 seconds
[2024-04-17T16:31:06.305+0000] {processor.py:161} INFO - Started process (PID=1088) to work on /opt/airflow/dags/files_extraction.py
[2024-04-17T16:31:06.307+0000] {processor.py:830} INFO - Processing file /opt/airflow/dags/files_extraction.py for tasks to queue
[2024-04-17T16:31:06.309+0000] {logging_mixin.py:188} INFO - [2024-04-17T16:31:06.308+0000] {dagbag.py:540} INFO - Filling up the DagBag from /opt/airflow/dags/files_extraction.py
[2024-04-17T16:31:06.566+0000] {processor.py:840} INFO - DAG(s) 'files_ext' retrieved from /opt/airflow/dags/files_extraction.py
[2024-04-17T16:31:06.588+0000] {logging_mixin.py:188} INFO - [2024-04-17T16:31:06.588+0000] {dag.py:3047} INFO - Sync 1 DAGs
[2024-04-17T16:31:06.609+0000] {logging_mixin.py:188} INFO - [2024-04-17T16:31:06.609+0000] {dag.py:3834} INFO - Setting next_dagrun for files_ext to 2024-04-17 00:00:00+00:00, run_after=2024-04-18 00:00:00+00:00
[2024-04-17T16:31:06.633+0000] {processor.py:183} INFO - Processing /opt/airflow/dags/files_extraction.py took 0.331 seconds
[2024-04-17T16:31:36.730+0000] {processor.py:161} INFO - Started process (PID=1108) to work on /opt/airflow/dags/files_extraction.py
[2024-04-17T16:31:36.731+0000] {processor.py:830} INFO - Processing file /opt/airflow/dags/files_extraction.py for tasks to queue
[2024-04-17T16:31:36.733+0000] {logging_mixin.py:188} INFO - [2024-04-17T16:31:36.733+0000] {dagbag.py:540} INFO - Filling up the DagBag from /opt/airflow/dags/files_extraction.py
[2024-04-17T16:31:37.008+0000] {processor.py:840} INFO - DAG(s) 'files_ext' retrieved from /opt/airflow/dags/files_extraction.py
[2024-04-17T16:31:37.034+0000] {logging_mixin.py:188} INFO - [2024-04-17T16:31:37.033+0000] {dag.py:3047} INFO - Sync 1 DAGs
[2024-04-17T16:31:37.058+0000] {logging_mixin.py:188} INFO - [2024-04-17T16:31:37.057+0000] {dag.py:3834} INFO - Setting next_dagrun for files_ext to 2024-04-17 00:00:00+00:00, run_after=2024-04-18 00:00:00+00:00
[2024-04-17T16:31:37.076+0000] {processor.py:183} INFO - Processing /opt/airflow/dags/files_extraction.py took 0.349 seconds
[2024-04-17T16:32:07.302+0000] {processor.py:161} INFO - Started process (PID=1128) to work on /opt/airflow/dags/files_extraction.py
[2024-04-17T16:32:07.303+0000] {processor.py:830} INFO - Processing file /opt/airflow/dags/files_extraction.py for tasks to queue
[2024-04-17T16:32:07.305+0000] {logging_mixin.py:188} INFO - [2024-04-17T16:32:07.305+0000] {dagbag.py:540} INFO - Filling up the DagBag from /opt/airflow/dags/files_extraction.py
[2024-04-17T16:32:07.592+0000] {processor.py:840} INFO - DAG(s) 'files_ext' retrieved from /opt/airflow/dags/files_extraction.py
[2024-04-17T16:32:07.614+0000] {logging_mixin.py:188} INFO - [2024-04-17T16:32:07.613+0000] {dag.py:3047} INFO - Sync 1 DAGs
[2024-04-17T16:32:07.636+0000] {logging_mixin.py:188} INFO - [2024-04-17T16:32:07.635+0000] {dag.py:3834} INFO - Setting next_dagrun for files_ext to 2024-04-17 00:00:00+00:00, run_after=2024-04-18 00:00:00+00:00
[2024-04-17T16:32:07.654+0000] {processor.py:183} INFO - Processing /opt/airflow/dags/files_extraction.py took 0.355 seconds
[2024-04-17T16:32:13.420+0000] {processor.py:161} INFO - Started process (PID=1130) to work on /opt/airflow/dags/files_extraction.py
[2024-04-17T16:32:13.422+0000] {processor.py:830} INFO - Processing file /opt/airflow/dags/files_extraction.py for tasks to queue
[2024-04-17T16:32:13.424+0000] {logging_mixin.py:188} INFO - [2024-04-17T16:32:13.423+0000] {dagbag.py:540} INFO - Filling up the DagBag from /opt/airflow/dags/files_extraction.py
[2024-04-17T16:32:13.701+0000] {processor.py:840} INFO - DAG(s) 'files_ext' retrieved from /opt/airflow/dags/files_extraction.py
[2024-04-17T16:32:13.728+0000] {logging_mixin.py:188} INFO - [2024-04-17T16:32:13.727+0000] {dag.py:3047} INFO - Sync 1 DAGs
[2024-04-17T16:32:13.754+0000] {logging_mixin.py:188} INFO - [2024-04-17T16:32:13.754+0000] {dag.py:3834} INFO - Setting next_dagrun for files_ext to 2024-04-17 00:00:00+00:00, run_after=2024-04-18 00:00:00+00:00
[2024-04-17T16:32:13.785+0000] {processor.py:183} INFO - Processing /opt/airflow/dags/files_extraction.py took 0.367 seconds
[2024-04-17T16:32:44.046+0000] {processor.py:161} INFO - Started process (PID=1150) to work on /opt/airflow/dags/files_extraction.py
[2024-04-17T16:32:44.048+0000] {processor.py:830} INFO - Processing file /opt/airflow/dags/files_extraction.py for tasks to queue
[2024-04-17T16:32:44.050+0000] {logging_mixin.py:188} INFO - [2024-04-17T16:32:44.050+0000] {dagbag.py:540} INFO - Filling up the DagBag from /opt/airflow/dags/files_extraction.py
[2024-04-17T16:32:44.358+0000] {processor.py:840} INFO - DAG(s) 'files_ext' retrieved from /opt/airflow/dags/files_extraction.py
[2024-04-17T16:32:44.381+0000] {logging_mixin.py:188} INFO - [2024-04-17T16:32:44.381+0000] {dag.py:3047} INFO - Sync 1 DAGs
[2024-04-17T16:32:44.405+0000] {logging_mixin.py:188} INFO - [2024-04-17T16:32:44.405+0000] {dag.py:3834} INFO - Setting next_dagrun for files_ext to 2024-04-17 00:00:00+00:00, run_after=2024-04-18 00:00:00+00:00
[2024-04-17T16:32:44.429+0000] {processor.py:183} INFO - Processing /opt/airflow/dags/files_extraction.py took 0.386 seconds
[2024-04-17T16:32:58.571+0000] {processor.py:161} INFO - Started process (PID=1162) to work on /opt/airflow/dags/files_extraction.py
[2024-04-17T16:32:58.573+0000] {processor.py:830} INFO - Processing file /opt/airflow/dags/files_extraction.py for tasks to queue
[2024-04-17T16:32:58.575+0000] {logging_mixin.py:188} INFO - [2024-04-17T16:32:58.574+0000] {dagbag.py:540} INFO - Filling up the DagBag from /opt/airflow/dags/files_extraction.py
[2024-04-17T16:32:58.872+0000] {processor.py:840} INFO - DAG(s) 'files_ext' retrieved from /opt/airflow/dags/files_extraction.py
[2024-04-17T16:32:58.902+0000] {logging_mixin.py:188} INFO - [2024-04-17T16:32:58.901+0000] {dag.py:3047} INFO - Sync 1 DAGs
[2024-04-17T16:32:58.931+0000] {logging_mixin.py:188} INFO - [2024-04-17T16:32:58.930+0000] {dag.py:3834} INFO - Setting next_dagrun for files_ext to 2024-04-17 00:00:00+00:00, run_after=2024-04-18 00:00:00+00:00
[2024-04-17T16:32:58.961+0000] {processor.py:183} INFO - Processing /opt/airflow/dags/files_extraction.py took 0.392 seconds
[2024-04-17T16:33:23.734+0000] {processor.py:161} INFO - Started process (PID=1178) to work on /opt/airflow/dags/files_extraction.py
[2024-04-17T16:33:23.735+0000] {processor.py:830} INFO - Processing file /opt/airflow/dags/files_extraction.py for tasks to queue
[2024-04-17T16:33:23.737+0000] {logging_mixin.py:188} INFO - [2024-04-17T16:33:23.737+0000] {dagbag.py:540} INFO - Filling up the DagBag from /opt/airflow/dags/files_extraction.py
[2024-04-17T16:33:24.034+0000] {processor.py:840} INFO - DAG(s) 'files_ext' retrieved from /opt/airflow/dags/files_extraction.py
[2024-04-17T16:33:24.069+0000] {logging_mixin.py:188} INFO - [2024-04-17T16:33:24.068+0000] {dag.py:3047} INFO - Sync 1 DAGs
[2024-04-17T16:33:24.118+0000] {logging_mixin.py:188} INFO - [2024-04-17T16:33:24.117+0000] {dag.py:3834} INFO - Setting next_dagrun for files_ext to 2024-04-17 00:00:00+00:00, run_after=2024-04-18 00:00:00+00:00
[2024-04-17T16:33:24.172+0000] {processor.py:183} INFO - Processing /opt/airflow/dags/files_extraction.py took 0.442 seconds
[2024-04-17T16:33:54.483+0000] {processor.py:161} INFO - Started process (PID=1198) to work on /opt/airflow/dags/files_extraction.py
[2024-04-17T16:33:54.484+0000] {processor.py:830} INFO - Processing file /opt/airflow/dags/files_extraction.py for tasks to queue
[2024-04-17T16:33:54.486+0000] {logging_mixin.py:188} INFO - [2024-04-17T16:33:54.486+0000] {dagbag.py:540} INFO - Filling up the DagBag from /opt/airflow/dags/files_extraction.py
[2024-04-17T16:33:54.741+0000] {processor.py:840} INFO - DAG(s) 'files_ext' retrieved from /opt/airflow/dags/files_extraction.py
[2024-04-17T16:33:54.763+0000] {logging_mixin.py:188} INFO - [2024-04-17T16:33:54.763+0000] {dag.py:3047} INFO - Sync 1 DAGs
[2024-04-17T16:33:54.786+0000] {logging_mixin.py:188} INFO - [2024-04-17T16:33:54.785+0000] {dag.py:3834} INFO - Setting next_dagrun for files_ext to 2024-04-17 00:00:00+00:00, run_after=2024-04-18 00:00:00+00:00
[2024-04-17T16:33:54.807+0000] {processor.py:183} INFO - Processing /opt/airflow/dags/files_extraction.py took 0.327 seconds
[2024-04-17T16:34:24.912+0000] {processor.py:161} INFO - Started process (PID=1218) to work on /opt/airflow/dags/files_extraction.py
[2024-04-17T16:34:24.915+0000] {processor.py:830} INFO - Processing file /opt/airflow/dags/files_extraction.py for tasks to queue
[2024-04-17T16:34:24.919+0000] {logging_mixin.py:188} INFO - [2024-04-17T16:34:24.918+0000] {dagbag.py:540} INFO - Filling up the DagBag from /opt/airflow/dags/files_extraction.py
[2024-04-17T16:34:25.196+0000] {processor.py:840} INFO - DAG(s) 'files_ext' retrieved from /opt/airflow/dags/files_extraction.py
[2024-04-17T16:34:25.220+0000] {logging_mixin.py:188} INFO - [2024-04-17T16:34:25.220+0000] {dag.py:3047} INFO - Sync 1 DAGs
[2024-04-17T16:34:25.245+0000] {logging_mixin.py:188} INFO - [2024-04-17T16:34:25.245+0000] {dag.py:3834} INFO - Setting next_dagrun for files_ext to 2024-04-17 00:00:00+00:00, run_after=2024-04-18 00:00:00+00:00
[2024-04-17T16:34:25.269+0000] {processor.py:183} INFO - Processing /opt/airflow/dags/files_extraction.py took 0.363 seconds
[2024-04-17T16:34:55.470+0000] {processor.py:161} INFO - Started process (PID=1238) to work on /opt/airflow/dags/files_extraction.py
[2024-04-17T16:34:55.471+0000] {processor.py:830} INFO - Processing file /opt/airflow/dags/files_extraction.py for tasks to queue
[2024-04-17T16:34:55.473+0000] {logging_mixin.py:188} INFO - [2024-04-17T16:34:55.473+0000] {dagbag.py:540} INFO - Filling up the DagBag from /opt/airflow/dags/files_extraction.py
[2024-04-17T16:34:55.729+0000] {processor.py:840} INFO - DAG(s) 'files_ext' retrieved from /opt/airflow/dags/files_extraction.py
[2024-04-17T16:34:55.753+0000] {logging_mixin.py:188} INFO - [2024-04-17T16:34:55.752+0000] {dag.py:3047} INFO - Sync 1 DAGs
[2024-04-17T16:34:55.773+0000] {logging_mixin.py:188} INFO - [2024-04-17T16:34:55.773+0000] {dag.py:3834} INFO - Setting next_dagrun for files_ext to 2024-04-17 00:00:00+00:00, run_after=2024-04-18 00:00:00+00:00
[2024-04-17T16:34:55.794+0000] {processor.py:183} INFO - Processing /opt/airflow/dags/files_extraction.py took 0.327 seconds
[2024-04-17T16:35:20.773+0000] {processor.py:161} INFO - Started process (PID=1258) to work on /opt/airflow/dags/files_extraction.py
[2024-04-17T16:35:20.774+0000] {processor.py:830} INFO - Processing file /opt/airflow/dags/files_extraction.py for tasks to queue
[2024-04-17T16:35:20.775+0000] {logging_mixin.py:188} INFO - [2024-04-17T16:35:20.775+0000] {dagbag.py:540} INFO - Filling up the DagBag from /opt/airflow/dags/files_extraction.py
[2024-04-17T16:35:21.012+0000] {processor.py:840} INFO - DAG(s) 'files_ext' retrieved from /opt/airflow/dags/files_extraction.py
[2024-04-17T16:35:21.030+0000] {logging_mixin.py:188} INFO - [2024-04-17T16:35:21.029+0000] {dag.py:3047} INFO - Sync 1 DAGs
[2024-04-17T16:35:21.048+0000] {logging_mixin.py:188} INFO - [2024-04-17T16:35:21.047+0000] {dag.py:3834} INFO - Setting next_dagrun for files_ext to 2024-04-17 00:00:00+00:00, run_after=2024-04-18 00:00:00+00:00
[2024-04-17T16:35:21.070+0000] {processor.py:183} INFO - Processing /opt/airflow/dags/files_extraction.py took 0.300 seconds
[2024-04-17T16:35:51.295+0000] {processor.py:161} INFO - Started process (PID=1278) to work on /opt/airflow/dags/files_extraction.py
[2024-04-17T16:35:51.296+0000] {processor.py:830} INFO - Processing file /opt/airflow/dags/files_extraction.py for tasks to queue
[2024-04-17T16:35:51.298+0000] {logging_mixin.py:188} INFO - [2024-04-17T16:35:51.297+0000] {dagbag.py:540} INFO - Filling up the DagBag from /opt/airflow/dags/files_extraction.py
[2024-04-17T16:35:51.539+0000] {processor.py:840} INFO - DAG(s) 'files_ext' retrieved from /opt/airflow/dags/files_extraction.py
[2024-04-17T16:35:51.559+0000] {logging_mixin.py:188} INFO - [2024-04-17T16:35:51.559+0000] {dag.py:3047} INFO - Sync 1 DAGs
[2024-04-17T16:35:51.580+0000] {logging_mixin.py:188} INFO - [2024-04-17T16:35:51.580+0000] {dag.py:3834} INFO - Setting next_dagrun for files_ext to 2024-04-17 00:00:00+00:00, run_after=2024-04-18 00:00:00+00:00
[2024-04-17T16:35:51.598+0000] {processor.py:183} INFO - Processing /opt/airflow/dags/files_extraction.py took 0.305 seconds
[2024-04-17T16:36:08.918+0000] {processor.py:161} INFO - Started process (PID=1287) to work on /opt/airflow/dags/files_extraction.py
[2024-04-17T16:36:08.919+0000] {processor.py:830} INFO - Processing file /opt/airflow/dags/files_extraction.py for tasks to queue
[2024-04-17T16:36:08.921+0000] {logging_mixin.py:188} INFO - [2024-04-17T16:36:08.921+0000] {dagbag.py:540} INFO - Filling up the DagBag from /opt/airflow/dags/files_extraction.py
[2024-04-17T16:36:09.222+0000] {processor.py:840} INFO - DAG(s) 'files_ext' retrieved from /opt/airflow/dags/files_extraction.py
[2024-04-17T16:36:09.246+0000] {logging_mixin.py:188} INFO - [2024-04-17T16:36:09.245+0000] {dag.py:3047} INFO - Sync 1 DAGs
[2024-04-17T16:36:09.273+0000] {logging_mixin.py:188} INFO - [2024-04-17T16:36:09.273+0000] {dag.py:3834} INFO - Setting next_dagrun for files_ext to 2024-04-17 00:00:00+00:00, run_after=2024-04-18 00:00:00+00:00
[2024-04-17T16:36:09.306+0000] {processor.py:183} INFO - Processing /opt/airflow/dags/files_extraction.py took 0.393 seconds
[2024-04-17T16:36:34.181+0000] {processor.py:161} INFO - Started process (PID=1307) to work on /opt/airflow/dags/files_extraction.py
[2024-04-17T16:36:34.183+0000] {processor.py:830} INFO - Processing file /opt/airflow/dags/files_extraction.py for tasks to queue
[2024-04-17T16:36:34.186+0000] {logging_mixin.py:188} INFO - [2024-04-17T16:36:34.186+0000] {dagbag.py:540} INFO - Filling up the DagBag from /opt/airflow/dags/files_extraction.py
[2024-04-17T16:36:34.492+0000] {processor.py:840} INFO - DAG(s) 'files_ext' retrieved from /opt/airflow/dags/files_extraction.py
[2024-04-17T16:36:34.596+0000] {logging_mixin.py:188} INFO - [2024-04-17T16:36:34.595+0000] {dag.py:3047} INFO - Sync 1 DAGs
[2024-04-17T16:36:34.619+0000] {logging_mixin.py:188} INFO - [2024-04-17T16:36:34.619+0000] {dag.py:3834} INFO - Setting next_dagrun for files_ext to 2024-04-17 00:00:00+00:00, run_after=2024-04-18 00:00:00+00:00
[2024-04-17T16:36:34.653+0000] {processor.py:183} INFO - Processing /opt/airflow/dags/files_extraction.py took 0.477 seconds
[2024-04-17T16:37:04.807+0000] {processor.py:161} INFO - Started process (PID=1327) to work on /opt/airflow/dags/files_extraction.py
[2024-04-17T16:37:04.808+0000] {processor.py:830} INFO - Processing file /opt/airflow/dags/files_extraction.py for tasks to queue
[2024-04-17T16:37:04.810+0000] {logging_mixin.py:188} INFO - [2024-04-17T16:37:04.810+0000] {dagbag.py:540} INFO - Filling up the DagBag from /opt/airflow/dags/files_extraction.py
[2024-04-17T16:37:05.123+0000] {processor.py:840} INFO - DAG(s) 'files_ext' retrieved from /opt/airflow/dags/files_extraction.py
[2024-04-17T16:37:05.151+0000] {logging_mixin.py:188} INFO - [2024-04-17T16:37:05.150+0000] {dag.py:3047} INFO - Sync 1 DAGs
[2024-04-17T16:37:05.181+0000] {logging_mixin.py:188} INFO - [2024-04-17T16:37:05.181+0000] {dag.py:3834} INFO - Setting next_dagrun for files_ext to 2024-04-17 00:00:00+00:00, run_after=2024-04-18 00:00:00+00:00
[2024-04-17T16:37:05.212+0000] {processor.py:183} INFO - Processing /opt/airflow/dags/files_extraction.py took 0.408 seconds
[2024-04-17T16:37:27.921+0000] {processor.py:161} INFO - Started process (PID=1340) to work on /opt/airflow/dags/files_extraction.py
[2024-04-17T16:37:27.922+0000] {processor.py:830} INFO - Processing file /opt/airflow/dags/files_extraction.py for tasks to queue
[2024-04-17T16:37:27.923+0000] {logging_mixin.py:188} INFO - [2024-04-17T16:37:27.923+0000] {dagbag.py:540} INFO - Filling up the DagBag from /opt/airflow/dags/files_extraction.py
[2024-04-17T16:37:28.178+0000] {processor.py:840} INFO - DAG(s) 'files_ext' retrieved from /opt/airflow/dags/files_extraction.py
[2024-04-17T16:37:28.200+0000] {logging_mixin.py:188} INFO - [2024-04-17T16:37:28.199+0000] {dag.py:3047} INFO - Sync 1 DAGs
[2024-04-17T16:37:28.222+0000] {logging_mixin.py:188} INFO - [2024-04-17T16:37:28.222+0000] {dag.py:3834} INFO - Setting next_dagrun for files_ext to 2024-04-17 00:00:00+00:00, run_after=2024-04-18 00:00:00+00:00
[2024-04-17T16:37:28.246+0000] {processor.py:183} INFO - Processing /opt/airflow/dags/files_extraction.py took 0.328 seconds
[2024-04-17T16:37:58.675+0000] {processor.py:161} INFO - Started process (PID=1360) to work on /opt/airflow/dags/files_extraction.py
[2024-04-17T16:37:58.677+0000] {processor.py:830} INFO - Processing file /opt/airflow/dags/files_extraction.py for tasks to queue
[2024-04-17T16:37:58.679+0000] {logging_mixin.py:188} INFO - [2024-04-17T16:37:58.679+0000] {dagbag.py:540} INFO - Filling up the DagBag from /opt/airflow/dags/files_extraction.py
[2024-04-17T16:37:58.956+0000] {processor.py:840} INFO - DAG(s) 'files_ext' retrieved from /opt/airflow/dags/files_extraction.py
[2024-04-17T16:37:58.979+0000] {logging_mixin.py:188} INFO - [2024-04-17T16:37:58.979+0000] {dag.py:3047} INFO - Sync 1 DAGs
[2024-04-17T16:37:59.002+0000] {logging_mixin.py:188} INFO - [2024-04-17T16:37:59.002+0000] {dag.py:3834} INFO - Setting next_dagrun for files_ext to 2024-04-17 00:00:00+00:00, run_after=2024-04-18 00:00:00+00:00
[2024-04-17T16:37:59.024+0000] {processor.py:183} INFO - Processing /opt/airflow/dags/files_extraction.py took 0.353 seconds
[2024-04-17T16:38:25.813+0000] {processor.py:161} INFO - Started process (PID=1380) to work on /opt/airflow/dags/files_extraction.py
[2024-04-17T16:38:25.815+0000] {processor.py:830} INFO - Processing file /opt/airflow/dags/files_extraction.py for tasks to queue
[2024-04-17T16:38:25.817+0000] {logging_mixin.py:188} INFO - [2024-04-17T16:38:25.817+0000] {dagbag.py:540} INFO - Filling up the DagBag from /opt/airflow/dags/files_extraction.py
[2024-04-17T16:38:26.100+0000] {processor.py:840} INFO - DAG(s) 'files_ext' retrieved from /opt/airflow/dags/files_extraction.py
[2024-04-17T16:38:26.126+0000] {logging_mixin.py:188} INFO - [2024-04-17T16:38:26.125+0000] {dag.py:3047} INFO - Sync 1 DAGs
[2024-04-17T16:38:26.149+0000] {logging_mixin.py:188} INFO - [2024-04-17T16:38:26.149+0000] {dag.py:3834} INFO - Setting next_dagrun for files_ext to 2024-04-17 00:00:00+00:00, run_after=2024-04-18 00:00:00+00:00
[2024-04-17T16:38:26.178+0000] {processor.py:183} INFO - Processing /opt/airflow/dags/files_extraction.py took 0.369 seconds
[2024-04-17T16:38:35.668+0000] {processor.py:161} INFO - Started process (PID=1389) to work on /opt/airflow/dags/files_extraction.py
[2024-04-17T16:38:35.670+0000] {processor.py:830} INFO - Processing file /opt/airflow/dags/files_extraction.py for tasks to queue
[2024-04-17T16:38:35.671+0000] {logging_mixin.py:188} INFO - [2024-04-17T16:38:35.671+0000] {dagbag.py:540} INFO - Filling up the DagBag from /opt/airflow/dags/files_extraction.py
[2024-04-17T16:38:35.944+0000] {processor.py:840} INFO - DAG(s) 'files_ext' retrieved from /opt/airflow/dags/files_extraction.py
[2024-04-17T16:38:35.970+0000] {logging_mixin.py:188} INFO - [2024-04-17T16:38:35.969+0000] {dag.py:3047} INFO - Sync 1 DAGs
[2024-04-17T16:38:35.994+0000] {logging_mixin.py:188} INFO - [2024-04-17T16:38:35.993+0000] {dag.py:3834} INFO - Setting next_dagrun for files_ext to 2024-04-17 00:00:00+00:00, run_after=2024-04-18 00:00:00+00:00
[2024-04-17T16:38:36.021+0000] {processor.py:183} INFO - Processing /opt/airflow/dags/files_extraction.py took 0.355 seconds
[2024-04-17T16:38:47.392+0000] {processor.py:161} INFO - Started process (PID=1402) to work on /opt/airflow/dags/files_extraction.py
[2024-04-17T16:38:47.394+0000] {processor.py:830} INFO - Processing file /opt/airflow/dags/files_extraction.py for tasks to queue
[2024-04-17T16:38:47.397+0000] {logging_mixin.py:188} INFO - [2024-04-17T16:38:47.396+0000] {dagbag.py:540} INFO - Filling up the DagBag from /opt/airflow/dags/files_extraction.py
[2024-04-17T16:38:47.706+0000] {processor.py:840} INFO - DAG(s) 'files_ext' retrieved from /opt/airflow/dags/files_extraction.py
[2024-04-17T16:38:47.806+0000] {logging_mixin.py:188} INFO - [2024-04-17T16:38:47.805+0000] {dag.py:3047} INFO - Sync 1 DAGs
[2024-04-17T16:38:47.831+0000] {logging_mixin.py:188} INFO - [2024-04-17T16:38:47.830+0000] {dag.py:3834} INFO - Setting next_dagrun for files_ext to 2024-04-17 00:00:00+00:00, run_after=2024-04-18 00:00:00+00:00
[2024-04-17T16:38:47.863+0000] {processor.py:183} INFO - Processing /opt/airflow/dags/files_extraction.py took 0.477 seconds
[2024-04-17T16:39:18.110+0000] {processor.py:161} INFO - Started process (PID=1422) to work on /opt/airflow/dags/files_extraction.py
[2024-04-17T16:39:18.112+0000] {processor.py:830} INFO - Processing file /opt/airflow/dags/files_extraction.py for tasks to queue
[2024-04-17T16:39:18.117+0000] {logging_mixin.py:188} INFO - [2024-04-17T16:39:18.116+0000] {dagbag.py:540} INFO - Filling up the DagBag from /opt/airflow/dags/files_extraction.py
[2024-04-17T16:39:18.394+0000] {processor.py:840} INFO - DAG(s) 'files_ext' retrieved from /opt/airflow/dags/files_extraction.py
[2024-04-17T16:39:18.419+0000] {logging_mixin.py:188} INFO - [2024-04-17T16:39:18.419+0000] {dag.py:3047} INFO - Sync 1 DAGs
[2024-04-17T16:39:18.446+0000] {logging_mixin.py:188} INFO - [2024-04-17T16:39:18.446+0000] {dag.py:3834} INFO - Setting next_dagrun for files_ext to 2024-04-17 00:00:00+00:00, run_after=2024-04-18 00:00:00+00:00
[2024-04-17T16:39:18.470+0000] {processor.py:183} INFO - Processing /opt/airflow/dags/files_extraction.py took 0.363 seconds
[2024-04-17T16:39:43.852+0000] {processor.py:161} INFO - Started process (PID=1431) to work on /opt/airflow/dags/files_extraction.py
[2024-04-17T16:39:43.853+0000] {processor.py:830} INFO - Processing file /opt/airflow/dags/files_extraction.py for tasks to queue
[2024-04-17T16:39:43.856+0000] {logging_mixin.py:188} INFO - [2024-04-17T16:39:43.855+0000] {dagbag.py:540} INFO - Filling up the DagBag from /opt/airflow/dags/files_extraction.py
[2024-04-17T16:39:44.237+0000] {processor.py:840} INFO - DAG(s) 'files_ext' retrieved from /opt/airflow/dags/files_extraction.py
[2024-04-17T16:39:44.276+0000] {logging_mixin.py:188} INFO - [2024-04-17T16:39:44.275+0000] {dag.py:3047} INFO - Sync 1 DAGs
[2024-04-17T16:39:44.313+0000] {logging_mixin.py:188} INFO - [2024-04-17T16:39:44.313+0000] {dag.py:3834} INFO - Setting next_dagrun for files_ext to 2024-04-17 00:00:00+00:00, run_after=2024-04-18 00:00:00+00:00
[2024-04-17T16:39:44.348+0000] {processor.py:183} INFO - Processing /opt/airflow/dags/files_extraction.py took 0.499 seconds
[2024-04-17T16:40:14.458+0000] {processor.py:161} INFO - Started process (PID=1452) to work on /opt/airflow/dags/files_extraction.py
[2024-04-17T16:40:14.460+0000] {processor.py:830} INFO - Processing file /opt/airflow/dags/files_extraction.py for tasks to queue
[2024-04-17T16:40:14.462+0000] {logging_mixin.py:188} INFO - [2024-04-17T16:40:14.462+0000] {dagbag.py:540} INFO - Filling up the DagBag from /opt/airflow/dags/files_extraction.py
[2024-04-17T16:40:14.752+0000] {processor.py:840} INFO - DAG(s) 'files_ext' retrieved from /opt/airflow/dags/files_extraction.py
[2024-04-17T16:40:14.774+0000] {logging_mixin.py:188} INFO - [2024-04-17T16:40:14.773+0000] {dag.py:3047} INFO - Sync 1 DAGs
[2024-04-17T16:40:14.798+0000] {logging_mixin.py:188} INFO - [2024-04-17T16:40:14.797+0000] {dag.py:3834} INFO - Setting next_dagrun for files_ext to 2024-04-17 00:00:00+00:00, run_after=2024-04-18 00:00:00+00:00
[2024-04-17T16:40:14.821+0000] {processor.py:183} INFO - Processing /opt/airflow/dags/files_extraction.py took 0.367 seconds
[2024-04-17T16:40:34.645+0000] {processor.py:161} INFO - Started process (PID=1467) to work on /opt/airflow/dags/files_extraction.py
[2024-04-17T16:40:34.647+0000] {processor.py:830} INFO - Processing file /opt/airflow/dags/files_extraction.py for tasks to queue
[2024-04-17T16:40:34.648+0000] {logging_mixin.py:188} INFO - [2024-04-17T16:40:34.648+0000] {dagbag.py:540} INFO - Filling up the DagBag from /opt/airflow/dags/files_extraction.py
[2024-04-17T16:40:34.965+0000] {processor.py:840} INFO - DAG(s) 'files_ext' retrieved from /opt/airflow/dags/files_extraction.py
[2024-04-17T16:40:35.071+0000] {logging_mixin.py:188} INFO - [2024-04-17T16:40:35.070+0000] {dag.py:3047} INFO - Sync 1 DAGs
[2024-04-17T16:40:35.090+0000] {logging_mixin.py:188} INFO - [2024-04-17T16:40:35.089+0000] {dag.py:3834} INFO - Setting next_dagrun for files_ext to 2024-04-17 00:00:00+00:00, run_after=2024-04-18 00:00:00+00:00
[2024-04-17T16:40:35.116+0000] {processor.py:183} INFO - Processing /opt/airflow/dags/files_extraction.py took 0.475 seconds
[2024-04-17T16:41:04.988+0000] {processor.py:161} INFO - Started process (PID=1487) to work on /opt/airflow/dags/files_extraction.py
[2024-04-17T16:41:04.990+0000] {processor.py:830} INFO - Processing file /opt/airflow/dags/files_extraction.py for tasks to queue
[2024-04-17T16:41:04.994+0000] {logging_mixin.py:188} INFO - [2024-04-17T16:41:04.993+0000] {dagbag.py:540} INFO - Filling up the DagBag from /opt/airflow/dags/files_extraction.py
[2024-04-17T16:41:05.385+0000] {processor.py:840} INFO - DAG(s) 'files_ext' retrieved from /opt/airflow/dags/files_extraction.py
[2024-04-17T16:41:05.411+0000] {logging_mixin.py:188} INFO - [2024-04-17T16:41:05.410+0000] {dag.py:3047} INFO - Sync 1 DAGs
[2024-04-17T16:41:05.436+0000] {logging_mixin.py:188} INFO - [2024-04-17T16:41:05.435+0000] {dag.py:3834} INFO - Setting next_dagrun for files_ext to 2024-04-17 00:00:00+00:00, run_after=2024-04-18 00:00:00+00:00
[2024-04-17T16:41:05.469+0000] {processor.py:183} INFO - Processing /opt/airflow/dags/files_extraction.py took 0.486 seconds
[2024-04-17T16:41:36.441+0000] {processor.py:161} INFO - Started process (PID=1507) to work on /opt/airflow/dags/files_extraction.py
[2024-04-17T16:41:36.442+0000] {processor.py:830} INFO - Processing file /opt/airflow/dags/files_extraction.py for tasks to queue
[2024-04-17T16:41:36.445+0000] {logging_mixin.py:188} INFO - [2024-04-17T16:41:36.445+0000] {dagbag.py:540} INFO - Filling up the DagBag from /opt/airflow/dags/files_extraction.py
[2024-04-17T16:41:36.819+0000] {processor.py:840} INFO - DAG(s) 'files_ext' retrieved from /opt/airflow/dags/files_extraction.py
[2024-04-17T16:41:36.846+0000] {logging_mixin.py:188} INFO - [2024-04-17T16:41:36.845+0000] {dag.py:3047} INFO - Sync 1 DAGs
[2024-04-17T16:41:36.871+0000] {logging_mixin.py:188} INFO - [2024-04-17T16:41:36.870+0000] {dag.py:3834} INFO - Setting next_dagrun for files_ext to 2024-04-17 00:00:00+00:00, run_after=2024-04-18 00:00:00+00:00
[2024-04-17T16:41:36.895+0000] {processor.py:183} INFO - Processing /opt/airflow/dags/files_extraction.py took 0.458 seconds
[2024-04-17T16:42:07.049+0000] {processor.py:161} INFO - Started process (PID=1527) to work on /opt/airflow/dags/files_extraction.py
[2024-04-17T16:42:07.050+0000] {processor.py:830} INFO - Processing file /opt/airflow/dags/files_extraction.py for tasks to queue
[2024-04-17T16:42:07.052+0000] {logging_mixin.py:188} INFO - [2024-04-17T16:42:07.052+0000] {dagbag.py:540} INFO - Filling up the DagBag from /opt/airflow/dags/files_extraction.py
[2024-04-17T16:42:07.330+0000] {processor.py:840} INFO - DAG(s) 'files_ext' retrieved from /opt/airflow/dags/files_extraction.py
[2024-04-17T16:42:07.353+0000] {logging_mixin.py:188} INFO - [2024-04-17T16:42:07.353+0000] {dag.py:3047} INFO - Sync 1 DAGs
[2024-04-17T16:42:07.377+0000] {logging_mixin.py:188} INFO - [2024-04-17T16:42:07.377+0000] {dag.py:3834} INFO - Setting next_dagrun for files_ext to 2024-04-17 00:00:00+00:00, run_after=2024-04-18 00:00:00+00:00
[2024-04-17T16:42:07.396+0000] {processor.py:183} INFO - Processing /opt/airflow/dags/files_extraction.py took 0.351 seconds
[2024-04-17T16:42:38.219+0000] {processor.py:161} INFO - Started process (PID=1548) to work on /opt/airflow/dags/files_extraction.py
[2024-04-17T16:42:38.220+0000] {processor.py:830} INFO - Processing file /opt/airflow/dags/files_extraction.py for tasks to queue
[2024-04-17T16:42:38.221+0000] {logging_mixin.py:188} INFO - [2024-04-17T16:42:38.221+0000] {dagbag.py:540} INFO - Filling up the DagBag from /opt/airflow/dags/files_extraction.py
[2024-04-17T16:42:38.437+0000] {processor.py:840} INFO - DAG(s) 'files_ext' retrieved from /opt/airflow/dags/files_extraction.py
[2024-04-17T16:42:38.456+0000] {logging_mixin.py:188} INFO - [2024-04-17T16:42:38.455+0000] {dag.py:3047} INFO - Sync 1 DAGs
[2024-04-17T16:42:38.476+0000] {logging_mixin.py:188} INFO - [2024-04-17T16:42:38.476+0000] {dag.py:3834} INFO - Setting next_dagrun for files_ext to 2024-04-17 00:00:00+00:00, run_after=2024-04-18 00:00:00+00:00
[2024-04-17T16:42:38.493+0000] {processor.py:183} INFO - Processing /opt/airflow/dags/files_extraction.py took 0.277 seconds
[2024-04-17T16:43:08.551+0000] {processor.py:161} INFO - Started process (PID=1569) to work on /opt/airflow/dags/files_extraction.py
[2024-04-17T16:43:08.552+0000] {processor.py:830} INFO - Processing file /opt/airflow/dags/files_extraction.py for tasks to queue
[2024-04-17T16:43:08.554+0000] {logging_mixin.py:188} INFO - [2024-04-17T16:43:08.554+0000] {dagbag.py:540} INFO - Filling up the DagBag from /opt/airflow/dags/files_extraction.py
[2024-04-17T16:43:08.779+0000] {processor.py:840} INFO - DAG(s) 'files_ext' retrieved from /opt/airflow/dags/files_extraction.py
[2024-04-17T16:43:08.796+0000] {logging_mixin.py:188} INFO - [2024-04-17T16:43:08.795+0000] {dag.py:3047} INFO - Sync 1 DAGs
[2024-04-17T16:43:08.815+0000] {logging_mixin.py:188} INFO - [2024-04-17T16:43:08.815+0000] {dag.py:3834} INFO - Setting next_dagrun for files_ext to 2024-04-17 00:00:00+00:00, run_after=2024-04-18 00:00:00+00:00
[2024-04-17T16:43:08.830+0000] {processor.py:183} INFO - Processing /opt/airflow/dags/files_extraction.py took 0.281 seconds
[2024-04-17T16:43:39.662+0000] {processor.py:161} INFO - Started process (PID=1589) to work on /opt/airflow/dags/files_extraction.py
[2024-04-17T16:43:39.663+0000] {processor.py:830} INFO - Processing file /opt/airflow/dags/files_extraction.py for tasks to queue
[2024-04-17T16:43:39.664+0000] {logging_mixin.py:188} INFO - [2024-04-17T16:43:39.664+0000] {dagbag.py:540} INFO - Filling up the DagBag from /opt/airflow/dags/files_extraction.py
[2024-04-17T16:43:39.889+0000] {processor.py:840} INFO - DAG(s) 'files_ext' retrieved from /opt/airflow/dags/files_extraction.py
[2024-04-17T16:43:39.908+0000] {logging_mixin.py:188} INFO - [2024-04-17T16:43:39.907+0000] {dag.py:3047} INFO - Sync 1 DAGs
[2024-04-17T16:43:39.926+0000] {logging_mixin.py:188} INFO - [2024-04-17T16:43:39.925+0000] {dag.py:3834} INFO - Setting next_dagrun for files_ext to 2024-04-17 00:00:00+00:00, run_after=2024-04-18 00:00:00+00:00
[2024-04-17T16:43:39.941+0000] {processor.py:183} INFO - Processing /opt/airflow/dags/files_extraction.py took 0.282 seconds
[2024-04-17T16:44:10.789+0000] {processor.py:161} INFO - Started process (PID=1610) to work on /opt/airflow/dags/files_extraction.py
[2024-04-17T16:44:10.791+0000] {processor.py:830} INFO - Processing file /opt/airflow/dags/files_extraction.py for tasks to queue
[2024-04-17T16:44:10.793+0000] {logging_mixin.py:188} INFO - [2024-04-17T16:44:10.792+0000] {dagbag.py:540} INFO - Filling up the DagBag from /opt/airflow/dags/files_extraction.py
[2024-04-17T16:44:11.031+0000] {processor.py:840} INFO - DAG(s) 'files_ext' retrieved from /opt/airflow/dags/files_extraction.py
[2024-04-17T16:44:11.051+0000] {logging_mixin.py:188} INFO - [2024-04-17T16:44:11.050+0000] {dag.py:3047} INFO - Sync 1 DAGs
[2024-04-17T16:44:11.071+0000] {logging_mixin.py:188} INFO - [2024-04-17T16:44:11.071+0000] {dag.py:3834} INFO - Setting next_dagrun for files_ext to 2024-04-17 00:00:00+00:00, run_after=2024-04-18 00:00:00+00:00
[2024-04-17T16:44:11.088+0000] {processor.py:183} INFO - Processing /opt/airflow/dags/files_extraction.py took 0.301 seconds
