[2024-04-17T16:05:22.412+0000] {processor.py:161} INFO - Started process (PID=58) to work on /opt/airflow/dags/first_crnschedular.py
[2024-04-17T16:05:22.413+0000] {processor.py:830} INFO - Processing file /opt/airflow/dags/first_crnschedular.py for tasks to queue
[2024-04-17T16:05:22.419+0000] {logging_mixin.py:188} INFO - [2024-04-17T16:05:22.418+0000] {dagbag.py:540} INFO - Filling up the DagBag from /opt/airflow/dags/first_crnschedular.py
[2024-04-17T16:05:22.456+0000] {processor.py:840} INFO - DAG(s) 'first_cron' retrieved from /opt/airflow/dags/first_crnschedular.py
[2024-04-17T16:05:22.485+0000] {logging_mixin.py:188} INFO - [2024-04-17T16:05:22.485+0000] {dag.py:3047} INFO - Sync 1 DAGs
[2024-04-17T16:05:22.524+0000] {logging_mixin.py:188} INFO - [2024-04-17T16:05:22.523+0000] {dag.py:3834} INFO - Setting next_dagrun for first_cron to 2024-04-09 18:19:00+00:00, run_after=2024-04-10 18:19:00+00:00
[2024-04-17T16:05:22.552+0000] {processor.py:183} INFO - Processing /opt/airflow/dags/first_crnschedular.py took 0.152 seconds
[2024-04-17T16:05:53.146+0000] {processor.py:161} INFO - Started process (PID=78) to work on /opt/airflow/dags/first_crnschedular.py
[2024-04-17T16:05:53.148+0000] {processor.py:830} INFO - Processing file /opt/airflow/dags/first_crnschedular.py for tasks to queue
[2024-04-17T16:05:53.149+0000] {logging_mixin.py:188} INFO - [2024-04-17T16:05:53.149+0000] {dagbag.py:540} INFO - Filling up the DagBag from /opt/airflow/dags/first_crnschedular.py
[2024-04-17T16:05:53.170+0000] {processor.py:840} INFO - DAG(s) 'first_cron' retrieved from /opt/airflow/dags/first_crnschedular.py
[2024-04-17T16:05:53.276+0000] {logging_mixin.py:188} INFO - [2024-04-17T16:05:53.276+0000] {dag.py:3047} INFO - Sync 1 DAGs
[2024-04-17T16:05:53.298+0000] {logging_mixin.py:188} INFO - [2024-04-17T16:05:53.298+0000] {dag.py:3834} INFO - Setting next_dagrun for first_cron to 2024-04-09 18:19:00+00:00, run_after=2024-04-10 18:19:00+00:00
[2024-04-17T16:05:53.329+0000] {processor.py:183} INFO - Processing /opt/airflow/dags/first_crnschedular.py took 0.185 seconds
[2024-04-17T16:06:24.040+0000] {processor.py:161} INFO - Started process (PID=98) to work on /opt/airflow/dags/first_crnschedular.py
[2024-04-17T16:06:24.041+0000] {processor.py:830} INFO - Processing file /opt/airflow/dags/first_crnschedular.py for tasks to queue
[2024-04-17T16:06:24.043+0000] {logging_mixin.py:188} INFO - [2024-04-17T16:06:24.042+0000] {dagbag.py:540} INFO - Filling up the DagBag from /opt/airflow/dags/first_crnschedular.py
[2024-04-17T16:06:24.062+0000] {processor.py:840} INFO - DAG(s) 'first_cron' retrieved from /opt/airflow/dags/first_crnschedular.py
[2024-04-17T16:06:24.184+0000] {logging_mixin.py:188} INFO - [2024-04-17T16:06:24.183+0000] {dag.py:3047} INFO - Sync 1 DAGs
[2024-04-17T16:06:24.213+0000] {logging_mixin.py:188} INFO - [2024-04-17T16:06:24.212+0000] {dag.py:3834} INFO - Setting next_dagrun for first_cron to 2024-04-09 18:19:00+00:00, run_after=2024-04-10 18:19:00+00:00
[2024-04-17T16:06:24.244+0000] {processor.py:183} INFO - Processing /opt/airflow/dags/first_crnschedular.py took 0.207 seconds
[2024-04-17T16:06:54.516+0000] {processor.py:161} INFO - Started process (PID=118) to work on /opt/airflow/dags/first_crnschedular.py
[2024-04-17T16:06:54.517+0000] {processor.py:830} INFO - Processing file /opt/airflow/dags/first_crnschedular.py for tasks to queue
[2024-04-17T16:06:54.518+0000] {logging_mixin.py:188} INFO - [2024-04-17T16:06:54.518+0000] {dagbag.py:540} INFO - Filling up the DagBag from /opt/airflow/dags/first_crnschedular.py
[2024-04-17T16:06:54.541+0000] {processor.py:840} INFO - DAG(s) 'first_cron' retrieved from /opt/airflow/dags/first_crnschedular.py
[2024-04-17T16:06:54.630+0000] {logging_mixin.py:188} INFO - [2024-04-17T16:06:54.630+0000] {dag.py:3047} INFO - Sync 1 DAGs
[2024-04-17T16:06:54.649+0000] {logging_mixin.py:188} INFO - [2024-04-17T16:06:54.649+0000] {dag.py:3834} INFO - Setting next_dagrun for first_cron to 2024-04-09 18:19:00+00:00, run_after=2024-04-10 18:19:00+00:00
[2024-04-17T16:06:54.669+0000] {processor.py:183} INFO - Processing /opt/airflow/dags/first_crnschedular.py took 0.156 seconds
[2024-04-17T16:07:25.844+0000] {processor.py:161} INFO - Started process (PID=138) to work on /opt/airflow/dags/first_crnschedular.py
[2024-04-17T16:07:25.845+0000] {processor.py:830} INFO - Processing file /opt/airflow/dags/first_crnschedular.py for tasks to queue
[2024-04-17T16:07:25.847+0000] {logging_mixin.py:188} INFO - [2024-04-17T16:07:25.847+0000] {dagbag.py:540} INFO - Filling up the DagBag from /opt/airflow/dags/first_crnschedular.py
[2024-04-17T16:07:25.870+0000] {processor.py:840} INFO - DAG(s) 'first_cron' retrieved from /opt/airflow/dags/first_crnschedular.py
[2024-04-17T16:07:25.891+0000] {logging_mixin.py:188} INFO - [2024-04-17T16:07:25.891+0000] {dag.py:3047} INFO - Sync 1 DAGs
[2024-04-17T16:07:25.916+0000] {logging_mixin.py:188} INFO - [2024-04-17T16:07:25.916+0000] {dag.py:3834} INFO - Setting next_dagrun for first_cron to 2024-04-09 18:19:00+00:00, run_after=2024-04-10 18:19:00+00:00
[2024-04-17T16:07:25.939+0000] {processor.py:183} INFO - Processing /opt/airflow/dags/first_crnschedular.py took 0.099 seconds
[2024-04-17T16:07:56.619+0000] {processor.py:161} INFO - Started process (PID=158) to work on /opt/airflow/dags/first_crnschedular.py
[2024-04-17T16:07:56.620+0000] {processor.py:830} INFO - Processing file /opt/airflow/dags/first_crnschedular.py for tasks to queue
[2024-04-17T16:07:56.622+0000] {logging_mixin.py:188} INFO - [2024-04-17T16:07:56.622+0000] {dagbag.py:540} INFO - Filling up the DagBag from /opt/airflow/dags/first_crnschedular.py
[2024-04-17T16:07:56.641+0000] {processor.py:840} INFO - DAG(s) 'first_cron' retrieved from /opt/airflow/dags/first_crnschedular.py
[2024-04-17T16:07:56.663+0000] {logging_mixin.py:188} INFO - [2024-04-17T16:07:56.663+0000] {dag.py:3047} INFO - Sync 1 DAGs
[2024-04-17T16:07:56.686+0000] {logging_mixin.py:188} INFO - [2024-04-17T16:07:56.686+0000] {dag.py:3834} INFO - Setting next_dagrun for first_cron to 2024-04-09 18:19:00+00:00, run_after=2024-04-10 18:19:00+00:00
[2024-04-17T16:07:56.709+0000] {processor.py:183} INFO - Processing /opt/airflow/dags/first_crnschedular.py took 0.093 seconds
[2024-04-17T16:08:27.541+0000] {processor.py:161} INFO - Started process (PID=179) to work on /opt/airflow/dags/first_crnschedular.py
[2024-04-17T16:08:27.544+0000] {processor.py:830} INFO - Processing file /opt/airflow/dags/first_crnschedular.py for tasks to queue
[2024-04-17T16:08:27.548+0000] {logging_mixin.py:188} INFO - [2024-04-17T16:08:27.547+0000] {dagbag.py:540} INFO - Filling up the DagBag from /opt/airflow/dags/first_crnschedular.py
[2024-04-17T16:08:27.573+0000] {processor.py:840} INFO - DAG(s) 'first_cron' retrieved from /opt/airflow/dags/first_crnschedular.py
[2024-04-17T16:08:27.598+0000] {logging_mixin.py:188} INFO - [2024-04-17T16:08:27.597+0000] {dag.py:3047} INFO - Sync 1 DAGs
[2024-04-17T16:08:27.623+0000] {logging_mixin.py:188} INFO - [2024-04-17T16:08:27.623+0000] {dag.py:3834} INFO - Setting next_dagrun for first_cron to 2024-04-09 18:19:00+00:00, run_after=2024-04-10 18:19:00+00:00
[2024-04-17T16:08:27.646+0000] {processor.py:183} INFO - Processing /opt/airflow/dags/first_crnschedular.py took 0.111 seconds
[2024-04-17T16:08:58.347+0000] {processor.py:161} INFO - Started process (PID=199) to work on /opt/airflow/dags/first_crnschedular.py
[2024-04-17T16:08:58.348+0000] {processor.py:830} INFO - Processing file /opt/airflow/dags/first_crnschedular.py for tasks to queue
[2024-04-17T16:08:58.350+0000] {logging_mixin.py:188} INFO - [2024-04-17T16:08:58.350+0000] {dagbag.py:540} INFO - Filling up the DagBag from /opt/airflow/dags/first_crnschedular.py
[2024-04-17T16:08:58.370+0000] {processor.py:840} INFO - DAG(s) 'first_cron' retrieved from /opt/airflow/dags/first_crnschedular.py
[2024-04-17T16:08:58.389+0000] {logging_mixin.py:188} INFO - [2024-04-17T16:08:58.388+0000] {dag.py:3047} INFO - Sync 1 DAGs
[2024-04-17T16:08:58.407+0000] {logging_mixin.py:188} INFO - [2024-04-17T16:08:58.407+0000] {dag.py:3834} INFO - Setting next_dagrun for first_cron to 2024-04-09 18:19:00+00:00, run_after=2024-04-10 18:19:00+00:00
[2024-04-17T16:08:58.432+0000] {processor.py:183} INFO - Processing /opt/airflow/dags/first_crnschedular.py took 0.088 seconds
[2024-04-17T16:09:29.041+0000] {processor.py:161} INFO - Started process (PID=219) to work on /opt/airflow/dags/first_crnschedular.py
[2024-04-17T16:09:29.043+0000] {processor.py:830} INFO - Processing file /opt/airflow/dags/first_crnschedular.py for tasks to queue
[2024-04-17T16:09:29.045+0000] {logging_mixin.py:188} INFO - [2024-04-17T16:09:29.044+0000] {dagbag.py:540} INFO - Filling up the DagBag from /opt/airflow/dags/first_crnschedular.py
[2024-04-17T16:09:29.064+0000] {processor.py:840} INFO - DAG(s) 'first_cron' retrieved from /opt/airflow/dags/first_crnschedular.py
[2024-04-17T16:09:29.084+0000] {logging_mixin.py:188} INFO - [2024-04-17T16:09:29.084+0000] {dag.py:3047} INFO - Sync 1 DAGs
[2024-04-17T16:09:29.108+0000] {logging_mixin.py:188} INFO - [2024-04-17T16:09:29.108+0000] {dag.py:3834} INFO - Setting next_dagrun for first_cron to 2024-04-09 18:19:00+00:00, run_after=2024-04-10 18:19:00+00:00
[2024-04-17T16:09:29.132+0000] {processor.py:183} INFO - Processing /opt/airflow/dags/first_crnschedular.py took 0.093 seconds
[2024-04-17T16:09:59.965+0000] {processor.py:161} INFO - Started process (PID=239) to work on /opt/airflow/dags/first_crnschedular.py
[2024-04-17T16:09:59.967+0000] {processor.py:830} INFO - Processing file /opt/airflow/dags/first_crnschedular.py for tasks to queue
[2024-04-17T16:09:59.969+0000] {logging_mixin.py:188} INFO - [2024-04-17T16:09:59.969+0000] {dagbag.py:540} INFO - Filling up the DagBag from /opt/airflow/dags/first_crnschedular.py
[2024-04-17T16:09:59.995+0000] {processor.py:840} INFO - DAG(s) 'first_cron' retrieved from /opt/airflow/dags/first_crnschedular.py
[2024-04-17T16:10:00.027+0000] {logging_mixin.py:188} INFO - [2024-04-17T16:10:00.026+0000] {dag.py:3047} INFO - Sync 1 DAGs
[2024-04-17T16:10:00.056+0000] {logging_mixin.py:188} INFO - [2024-04-17T16:10:00.055+0000] {dag.py:3834} INFO - Setting next_dagrun for first_cron to 2024-04-09 18:19:00+00:00, run_after=2024-04-10 18:19:00+00:00
[2024-04-17T16:10:00.084+0000] {processor.py:183} INFO - Processing /opt/airflow/dags/first_crnschedular.py took 0.121 seconds
[2024-04-17T16:10:31.059+0000] {processor.py:161} INFO - Started process (PID=259) to work on /opt/airflow/dags/first_crnschedular.py
[2024-04-17T16:10:31.061+0000] {processor.py:830} INFO - Processing file /opt/airflow/dags/first_crnschedular.py for tasks to queue
[2024-04-17T16:10:31.063+0000] {logging_mixin.py:188} INFO - [2024-04-17T16:10:31.062+0000] {dagbag.py:540} INFO - Filling up the DagBag from /opt/airflow/dags/first_crnschedular.py
[2024-04-17T16:10:31.084+0000] {processor.py:840} INFO - DAG(s) 'first_cron' retrieved from /opt/airflow/dags/first_crnschedular.py
[2024-04-17T16:10:31.108+0000] {logging_mixin.py:188} INFO - [2024-04-17T16:10:31.108+0000] {dag.py:3047} INFO - Sync 1 DAGs
[2024-04-17T16:10:31.131+0000] {logging_mixin.py:188} INFO - [2024-04-17T16:10:31.131+0000] {dag.py:3834} INFO - Setting next_dagrun for first_cron to 2024-04-09 18:19:00+00:00, run_after=2024-04-10 18:19:00+00:00
[2024-04-17T16:10:31.156+0000] {processor.py:183} INFO - Processing /opt/airflow/dags/first_crnschedular.py took 0.099 seconds
[2024-04-17T16:11:01.792+0000] {processor.py:161} INFO - Started process (PID=279) to work on /opt/airflow/dags/first_crnschedular.py
[2024-04-17T16:11:01.793+0000] {processor.py:830} INFO - Processing file /opt/airflow/dags/first_crnschedular.py for tasks to queue
[2024-04-17T16:11:01.795+0000] {logging_mixin.py:188} INFO - [2024-04-17T16:11:01.795+0000] {dagbag.py:540} INFO - Filling up the DagBag from /opt/airflow/dags/first_crnschedular.py
[2024-04-17T16:11:01.813+0000] {processor.py:840} INFO - DAG(s) 'first_cron' retrieved from /opt/airflow/dags/first_crnschedular.py
[2024-04-17T16:11:01.875+0000] {logging_mixin.py:188} INFO - [2024-04-17T16:11:01.875+0000] {dag.py:3047} INFO - Sync 1 DAGs
[2024-04-17T16:11:01.897+0000] {logging_mixin.py:188} INFO - [2024-04-17T16:11:01.896+0000] {dag.py:3834} INFO - Setting next_dagrun for first_cron to 2024-04-09 18:19:00+00:00, run_after=2024-04-10 18:19:00+00:00
[2024-04-17T16:11:01.917+0000] {processor.py:183} INFO - Processing /opt/airflow/dags/first_crnschedular.py took 0.129 seconds
[2024-04-17T16:11:32.671+0000] {processor.py:161} INFO - Started process (PID=299) to work on /opt/airflow/dags/first_crnschedular.py
[2024-04-17T16:11:32.672+0000] {processor.py:830} INFO - Processing file /opt/airflow/dags/first_crnschedular.py for tasks to queue
[2024-04-17T16:11:32.675+0000] {logging_mixin.py:188} INFO - [2024-04-17T16:11:32.675+0000] {dagbag.py:540} INFO - Filling up the DagBag from /opt/airflow/dags/first_crnschedular.py
[2024-04-17T16:11:32.696+0000] {processor.py:840} INFO - DAG(s) 'first_cron' retrieved from /opt/airflow/dags/first_crnschedular.py
[2024-04-17T16:11:32.717+0000] {logging_mixin.py:188} INFO - [2024-04-17T16:11:32.717+0000] {dag.py:3047} INFO - Sync 1 DAGs
[2024-04-17T16:11:32.738+0000] {logging_mixin.py:188} INFO - [2024-04-17T16:11:32.738+0000] {dag.py:3834} INFO - Setting next_dagrun for first_cron to 2024-04-09 18:19:00+00:00, run_after=2024-04-10 18:19:00+00:00
[2024-04-17T16:11:32.758+0000] {processor.py:183} INFO - Processing /opt/airflow/dags/first_crnschedular.py took 0.091 seconds
[2024-04-17T16:12:03.270+0000] {processor.py:161} INFO - Started process (PID=319) to work on /opt/airflow/dags/first_crnschedular.py
[2024-04-17T16:12:03.271+0000] {processor.py:830} INFO - Processing file /opt/airflow/dags/first_crnschedular.py for tasks to queue
[2024-04-17T16:12:03.273+0000] {logging_mixin.py:188} INFO - [2024-04-17T16:12:03.273+0000] {dagbag.py:540} INFO - Filling up the DagBag from /opt/airflow/dags/first_crnschedular.py
[2024-04-17T16:12:03.293+0000] {processor.py:840} INFO - DAG(s) 'first_cron' retrieved from /opt/airflow/dags/first_crnschedular.py
[2024-04-17T16:12:03.311+0000] {logging_mixin.py:188} INFO - [2024-04-17T16:12:03.311+0000] {dag.py:3047} INFO - Sync 1 DAGs
[2024-04-17T16:12:03.330+0000] {logging_mixin.py:188} INFO - [2024-04-17T16:12:03.330+0000] {dag.py:3834} INFO - Setting next_dagrun for first_cron to 2024-04-09 18:19:00+00:00, run_after=2024-04-10 18:19:00+00:00
[2024-04-17T16:12:03.346+0000] {processor.py:183} INFO - Processing /opt/airflow/dags/first_crnschedular.py took 0.079 seconds
[2024-04-17T16:12:34.553+0000] {processor.py:161} INFO - Started process (PID=339) to work on /opt/airflow/dags/first_crnschedular.py
[2024-04-17T16:12:34.555+0000] {processor.py:830} INFO - Processing file /opt/airflow/dags/first_crnschedular.py for tasks to queue
[2024-04-17T16:12:34.557+0000] {logging_mixin.py:188} INFO - [2024-04-17T16:12:34.556+0000] {dagbag.py:540} INFO - Filling up the DagBag from /opt/airflow/dags/first_crnschedular.py
[2024-04-17T16:12:34.582+0000] {processor.py:840} INFO - DAG(s) 'first_cron' retrieved from /opt/airflow/dags/first_crnschedular.py
[2024-04-17T16:12:34.605+0000] {logging_mixin.py:188} INFO - [2024-04-17T16:12:34.605+0000] {dag.py:3047} INFO - Sync 1 DAGs
[2024-04-17T16:12:34.628+0000] {logging_mixin.py:188} INFO - [2024-04-17T16:12:34.628+0000] {dag.py:3834} INFO - Setting next_dagrun for first_cron to 2024-04-09 18:19:00+00:00, run_after=2024-04-10 18:19:00+00:00
[2024-04-17T16:12:34.649+0000] {processor.py:183} INFO - Processing /opt/airflow/dags/first_crnschedular.py took 0.099 seconds
[2024-04-17T16:13:05.355+0000] {processor.py:161} INFO - Started process (PID=359) to work on /opt/airflow/dags/first_crnschedular.py
[2024-04-17T16:13:05.357+0000] {processor.py:830} INFO - Processing file /opt/airflow/dags/first_crnschedular.py for tasks to queue
[2024-04-17T16:13:05.359+0000] {logging_mixin.py:188} INFO - [2024-04-17T16:13:05.358+0000] {dagbag.py:540} INFO - Filling up the DagBag from /opt/airflow/dags/first_crnschedular.py
[2024-04-17T16:13:05.380+0000] {processor.py:840} INFO - DAG(s) 'first_cron' retrieved from /opt/airflow/dags/first_crnschedular.py
[2024-04-17T16:13:05.399+0000] {logging_mixin.py:188} INFO - [2024-04-17T16:13:05.399+0000] {dag.py:3047} INFO - Sync 1 DAGs
[2024-04-17T16:13:05.417+0000] {logging_mixin.py:188} INFO - [2024-04-17T16:13:05.417+0000] {dag.py:3834} INFO - Setting next_dagrun for first_cron to 2024-04-09 18:19:00+00:00, run_after=2024-04-10 18:19:00+00:00
[2024-04-17T16:13:05.436+0000] {processor.py:183} INFO - Processing /opt/airflow/dags/first_crnschedular.py took 0.083 seconds
[2024-04-17T16:13:35.494+0000] {processor.py:161} INFO - Started process (PID=379) to work on /opt/airflow/dags/first_crnschedular.py
[2024-04-17T16:13:35.495+0000] {processor.py:830} INFO - Processing file /opt/airflow/dags/first_crnschedular.py for tasks to queue
[2024-04-17T16:13:35.496+0000] {logging_mixin.py:188} INFO - [2024-04-17T16:13:35.496+0000] {dagbag.py:540} INFO - Filling up the DagBag from /opt/airflow/dags/first_crnschedular.py
[2024-04-17T16:13:35.516+0000] {processor.py:840} INFO - DAG(s) 'first_cron' retrieved from /opt/airflow/dags/first_crnschedular.py
[2024-04-17T16:13:35.538+0000] {logging_mixin.py:188} INFO - [2024-04-17T16:13:35.537+0000] {dag.py:3047} INFO - Sync 1 DAGs
[2024-04-17T16:13:35.559+0000] {logging_mixin.py:188} INFO - [2024-04-17T16:13:35.559+0000] {dag.py:3834} INFO - Setting next_dagrun for first_cron to 2024-04-09 18:19:00+00:00, run_after=2024-04-10 18:19:00+00:00
[2024-04-17T16:13:35.581+0000] {processor.py:183} INFO - Processing /opt/airflow/dags/first_crnschedular.py took 0.089 seconds
[2024-04-17T16:14:05.631+0000] {processor.py:161} INFO - Started process (PID=397) to work on /opt/airflow/dags/first_crnschedular.py
[2024-04-17T16:14:05.632+0000] {processor.py:830} INFO - Processing file /opt/airflow/dags/first_crnschedular.py for tasks to queue
[2024-04-17T16:14:05.633+0000] {logging_mixin.py:188} INFO - [2024-04-17T16:14:05.633+0000] {dagbag.py:540} INFO - Filling up the DagBag from /opt/airflow/dags/first_crnschedular.py
[2024-04-17T16:14:05.654+0000] {processor.py:840} INFO - DAG(s) 'first_cron' retrieved from /opt/airflow/dags/first_crnschedular.py
[2024-04-17T16:14:05.674+0000] {logging_mixin.py:188} INFO - [2024-04-17T16:14:05.674+0000] {dag.py:3047} INFO - Sync 1 DAGs
[2024-04-17T16:14:05.695+0000] {logging_mixin.py:188} INFO - [2024-04-17T16:14:05.695+0000] {dag.py:3834} INFO - Setting next_dagrun for first_cron to 2024-04-09 18:19:00+00:00, run_after=2024-04-10 18:19:00+00:00
[2024-04-17T16:14:05.715+0000] {processor.py:183} INFO - Processing /opt/airflow/dags/first_crnschedular.py took 0.086 seconds
[2024-04-17T16:14:36.288+0000] {processor.py:161} INFO - Started process (PID=417) to work on /opt/airflow/dags/first_crnschedular.py
[2024-04-17T16:14:36.292+0000] {processor.py:830} INFO - Processing file /opt/airflow/dags/first_crnschedular.py for tasks to queue
[2024-04-17T16:14:36.296+0000] {logging_mixin.py:188} INFO - [2024-04-17T16:14:36.295+0000] {dagbag.py:540} INFO - Filling up the DagBag from /opt/airflow/dags/first_crnschedular.py
[2024-04-17T16:14:36.335+0000] {processor.py:840} INFO - DAG(s) 'first_cron' retrieved from /opt/airflow/dags/first_crnschedular.py
[2024-04-17T16:14:36.365+0000] {logging_mixin.py:188} INFO - [2024-04-17T16:14:36.364+0000] {dag.py:3047} INFO - Sync 1 DAGs
[2024-04-17T16:14:36.391+0000] {logging_mixin.py:188} INFO - [2024-04-17T16:14:36.390+0000] {dag.py:3834} INFO - Setting next_dagrun for first_cron to 2024-04-09 18:19:00+00:00, run_after=2024-04-10 18:19:00+00:00
[2024-04-17T16:14:36.422+0000] {processor.py:183} INFO - Processing /opt/airflow/dags/first_crnschedular.py took 0.140 seconds
[2024-04-17T16:15:06.980+0000] {processor.py:161} INFO - Started process (PID=438) to work on /opt/airflow/dags/first_crnschedular.py
[2024-04-17T16:15:06.981+0000] {processor.py:830} INFO - Processing file /opt/airflow/dags/first_crnschedular.py for tasks to queue
[2024-04-17T16:15:06.983+0000] {logging_mixin.py:188} INFO - [2024-04-17T16:15:06.983+0000] {dagbag.py:540} INFO - Filling up the DagBag from /opt/airflow/dags/first_crnschedular.py
[2024-04-17T16:15:07.005+0000] {processor.py:840} INFO - DAG(s) 'first_cron' retrieved from /opt/airflow/dags/first_crnschedular.py
[2024-04-17T16:15:07.029+0000] {logging_mixin.py:188} INFO - [2024-04-17T16:15:07.029+0000] {dag.py:3047} INFO - Sync 1 DAGs
[2024-04-17T16:15:07.054+0000] {logging_mixin.py:188} INFO - [2024-04-17T16:15:07.053+0000] {dag.py:3834} INFO - Setting next_dagrun for first_cron to 2024-04-09 18:19:00+00:00, run_after=2024-04-10 18:19:00+00:00
[2024-04-17T16:15:07.076+0000] {processor.py:183} INFO - Processing /opt/airflow/dags/first_crnschedular.py took 0.100 seconds
[2024-04-17T16:15:37.711+0000] {processor.py:161} INFO - Started process (PID=458) to work on /opt/airflow/dags/first_crnschedular.py
[2024-04-17T16:15:37.712+0000] {processor.py:830} INFO - Processing file /opt/airflow/dags/first_crnschedular.py for tasks to queue
[2024-04-17T16:15:37.714+0000] {logging_mixin.py:188} INFO - [2024-04-17T16:15:37.714+0000] {dagbag.py:540} INFO - Filling up the DagBag from /opt/airflow/dags/first_crnschedular.py
[2024-04-17T16:15:37.737+0000] {processor.py:840} INFO - DAG(s) 'first_cron' retrieved from /opt/airflow/dags/first_crnschedular.py
[2024-04-17T16:15:37.765+0000] {logging_mixin.py:188} INFO - [2024-04-17T16:15:37.764+0000] {dag.py:3047} INFO - Sync 1 DAGs
[2024-04-17T16:15:37.789+0000] {logging_mixin.py:188} INFO - [2024-04-17T16:15:37.789+0000] {dag.py:3834} INFO - Setting next_dagrun for first_cron to 2024-04-09 18:19:00+00:00, run_after=2024-04-10 18:19:00+00:00
[2024-04-17T16:15:37.811+0000] {processor.py:183} INFO - Processing /opt/airflow/dags/first_crnschedular.py took 0.103 seconds
[2024-04-17T16:16:08.427+0000] {processor.py:161} INFO - Started process (PID=479) to work on /opt/airflow/dags/first_crnschedular.py
[2024-04-17T16:16:08.429+0000] {processor.py:830} INFO - Processing file /opt/airflow/dags/first_crnschedular.py for tasks to queue
[2024-04-17T16:16:08.432+0000] {logging_mixin.py:188} INFO - [2024-04-17T16:16:08.431+0000] {dagbag.py:540} INFO - Filling up the DagBag from /opt/airflow/dags/first_crnschedular.py
[2024-04-17T16:16:08.458+0000] {processor.py:840} INFO - DAG(s) 'first_cron' retrieved from /opt/airflow/dags/first_crnschedular.py
[2024-04-17T16:16:08.485+0000] {logging_mixin.py:188} INFO - [2024-04-17T16:16:08.484+0000] {dag.py:3047} INFO - Sync 1 DAGs
[2024-04-17T16:16:08.508+0000] {logging_mixin.py:188} INFO - [2024-04-17T16:16:08.508+0000] {dag.py:3834} INFO - Setting next_dagrun for first_cron to 2024-04-09 18:19:00+00:00, run_after=2024-04-10 18:19:00+00:00
[2024-04-17T16:16:08.529+0000] {processor.py:183} INFO - Processing /opt/airflow/dags/first_crnschedular.py took 0.106 seconds
[2024-04-17T16:16:38.716+0000] {processor.py:161} INFO - Started process (PID=499) to work on /opt/airflow/dags/first_crnschedular.py
[2024-04-17T16:16:38.717+0000] {processor.py:830} INFO - Processing file /opt/airflow/dags/first_crnschedular.py for tasks to queue
[2024-04-17T16:16:38.719+0000] {logging_mixin.py:188} INFO - [2024-04-17T16:16:38.718+0000] {dagbag.py:540} INFO - Filling up the DagBag from /opt/airflow/dags/first_crnschedular.py
[2024-04-17T16:16:38.741+0000] {processor.py:840} INFO - DAG(s) 'first_cron' retrieved from /opt/airflow/dags/first_crnschedular.py
[2024-04-17T16:16:38.764+0000] {logging_mixin.py:188} INFO - [2024-04-17T16:16:38.764+0000] {dag.py:3047} INFO - Sync 1 DAGs
[2024-04-17T16:16:38.786+0000] {logging_mixin.py:188} INFO - [2024-04-17T16:16:38.786+0000] {dag.py:3834} INFO - Setting next_dagrun for first_cron to 2024-04-09 18:19:00+00:00, run_after=2024-04-10 18:19:00+00:00
[2024-04-17T16:16:38.806+0000] {processor.py:183} INFO - Processing /opt/airflow/dags/first_crnschedular.py took 0.094 seconds
[2024-04-17T16:17:09.084+0000] {processor.py:161} INFO - Started process (PID=520) to work on /opt/airflow/dags/first_crnschedular.py
[2024-04-17T16:17:09.086+0000] {processor.py:830} INFO - Processing file /opt/airflow/dags/first_crnschedular.py for tasks to queue
[2024-04-17T16:17:09.088+0000] {logging_mixin.py:188} INFO - [2024-04-17T16:17:09.088+0000] {dagbag.py:540} INFO - Filling up the DagBag from /opt/airflow/dags/first_crnschedular.py
[2024-04-17T16:17:09.119+0000] {processor.py:840} INFO - DAG(s) 'first_cron' retrieved from /opt/airflow/dags/first_crnschedular.py
[2024-04-17T16:17:09.150+0000] {logging_mixin.py:188} INFO - [2024-04-17T16:17:09.149+0000] {dag.py:3047} INFO - Sync 1 DAGs
[2024-04-17T16:17:09.181+0000] {logging_mixin.py:188} INFO - [2024-04-17T16:17:09.180+0000] {dag.py:3834} INFO - Setting next_dagrun for first_cron to 2024-04-09 18:19:00+00:00, run_after=2024-04-10 18:19:00+00:00
[2024-04-17T16:17:09.207+0000] {processor.py:183} INFO - Processing /opt/airflow/dags/first_crnschedular.py took 0.128 seconds
[2024-04-17T16:17:39.331+0000] {processor.py:161} INFO - Started process (PID=540) to work on /opt/airflow/dags/first_crnschedular.py
[2024-04-17T16:17:39.332+0000] {processor.py:830} INFO - Processing file /opt/airflow/dags/first_crnschedular.py for tasks to queue
[2024-04-17T16:17:39.334+0000] {logging_mixin.py:188} INFO - [2024-04-17T16:17:39.334+0000] {dagbag.py:540} INFO - Filling up the DagBag from /opt/airflow/dags/first_crnschedular.py
[2024-04-17T16:17:39.361+0000] {processor.py:840} INFO - DAG(s) 'first_cron' retrieved from /opt/airflow/dags/first_crnschedular.py
[2024-04-17T16:17:39.390+0000] {logging_mixin.py:188} INFO - [2024-04-17T16:17:39.390+0000] {dag.py:3047} INFO - Sync 1 DAGs
[2024-04-17T16:17:39.410+0000] {logging_mixin.py:188} INFO - [2024-04-17T16:17:39.410+0000] {dag.py:3834} INFO - Setting next_dagrun for first_cron to 2024-04-09 18:19:00+00:00, run_after=2024-04-10 18:19:00+00:00
[2024-04-17T16:17:39.431+0000] {processor.py:183} INFO - Processing /opt/airflow/dags/first_crnschedular.py took 0.104 seconds
[2024-04-17T16:18:09.650+0000] {processor.py:161} INFO - Started process (PID=560) to work on /opt/airflow/dags/first_crnschedular.py
[2024-04-17T16:18:09.651+0000] {processor.py:830} INFO - Processing file /opt/airflow/dags/first_crnschedular.py for tasks to queue
[2024-04-17T16:18:09.654+0000] {logging_mixin.py:188} INFO - [2024-04-17T16:18:09.653+0000] {dagbag.py:540} INFO - Filling up the DagBag from /opt/airflow/dags/first_crnschedular.py
[2024-04-17T16:18:09.680+0000] {processor.py:840} INFO - DAG(s) 'first_cron' retrieved from /opt/airflow/dags/first_crnschedular.py
[2024-04-17T16:18:09.706+0000] {logging_mixin.py:188} INFO - [2024-04-17T16:18:09.705+0000] {dag.py:3047} INFO - Sync 1 DAGs
[2024-04-17T16:18:09.729+0000] {logging_mixin.py:188} INFO - [2024-04-17T16:18:09.728+0000] {dag.py:3834} INFO - Setting next_dagrun for first_cron to 2024-04-09 18:19:00+00:00, run_after=2024-04-10 18:19:00+00:00
[2024-04-17T16:18:09.752+0000] {processor.py:183} INFO - Processing /opt/airflow/dags/first_crnschedular.py took 0.106 seconds
[2024-04-17T16:18:40.482+0000] {processor.py:161} INFO - Started process (PID=580) to work on /opt/airflow/dags/first_crnschedular.py
[2024-04-17T16:18:40.484+0000] {processor.py:830} INFO - Processing file /opt/airflow/dags/first_crnschedular.py for tasks to queue
[2024-04-17T16:18:40.486+0000] {logging_mixin.py:188} INFO - [2024-04-17T16:18:40.485+0000] {dagbag.py:540} INFO - Filling up the DagBag from /opt/airflow/dags/first_crnschedular.py
[2024-04-17T16:18:40.509+0000] {processor.py:840} INFO - DAG(s) 'first_cron' retrieved from /opt/airflow/dags/first_crnschedular.py
[2024-04-17T16:18:40.535+0000] {logging_mixin.py:188} INFO - [2024-04-17T16:18:40.535+0000] {dag.py:3047} INFO - Sync 1 DAGs
[2024-04-17T16:18:40.559+0000] {logging_mixin.py:188} INFO - [2024-04-17T16:18:40.558+0000] {dag.py:3834} INFO - Setting next_dagrun for first_cron to 2024-04-09 18:19:00+00:00, run_after=2024-04-10 18:19:00+00:00
[2024-04-17T16:18:40.586+0000] {processor.py:183} INFO - Processing /opt/airflow/dags/first_crnschedular.py took 0.106 seconds
[2024-04-17T16:19:11.233+0000] {processor.py:161} INFO - Started process (PID=600) to work on /opt/airflow/dags/first_crnschedular.py
[2024-04-17T16:19:11.234+0000] {processor.py:830} INFO - Processing file /opt/airflow/dags/first_crnschedular.py for tasks to queue
[2024-04-17T16:19:11.236+0000] {logging_mixin.py:188} INFO - [2024-04-17T16:19:11.236+0000] {dagbag.py:540} INFO - Filling up the DagBag from /opt/airflow/dags/first_crnschedular.py
[2024-04-17T16:19:11.257+0000] {processor.py:840} INFO - DAG(s) 'first_cron' retrieved from /opt/airflow/dags/first_crnschedular.py
[2024-04-17T16:19:11.281+0000] {logging_mixin.py:188} INFO - [2024-04-17T16:19:11.281+0000] {dag.py:3047} INFO - Sync 1 DAGs
[2024-04-17T16:19:11.305+0000] {logging_mixin.py:188} INFO - [2024-04-17T16:19:11.305+0000] {dag.py:3834} INFO - Setting next_dagrun for first_cron to 2024-04-09 18:19:00+00:00, run_after=2024-04-10 18:19:00+00:00
[2024-04-17T16:19:11.326+0000] {processor.py:183} INFO - Processing /opt/airflow/dags/first_crnschedular.py took 0.097 seconds
[2024-04-17T16:19:41.928+0000] {processor.py:161} INFO - Started process (PID=620) to work on /opt/airflow/dags/first_crnschedular.py
[2024-04-17T16:19:41.929+0000] {processor.py:830} INFO - Processing file /opt/airflow/dags/first_crnschedular.py for tasks to queue
[2024-04-17T16:19:41.931+0000] {logging_mixin.py:188} INFO - [2024-04-17T16:19:41.930+0000] {dagbag.py:540} INFO - Filling up the DagBag from /opt/airflow/dags/first_crnschedular.py
[2024-04-17T16:19:41.951+0000] {processor.py:840} INFO - DAG(s) 'first_cron' retrieved from /opt/airflow/dags/first_crnschedular.py
[2024-04-17T16:19:41.973+0000] {logging_mixin.py:188} INFO - [2024-04-17T16:19:41.972+0000] {dag.py:3047} INFO - Sync 1 DAGs
[2024-04-17T16:19:41.999+0000] {logging_mixin.py:188} INFO - [2024-04-17T16:19:41.998+0000] {dag.py:3834} INFO - Setting next_dagrun for first_cron to 2024-04-09 18:19:00+00:00, run_after=2024-04-10 18:19:00+00:00
[2024-04-17T16:19:42.030+0000] {processor.py:183} INFO - Processing /opt/airflow/dags/first_crnschedular.py took 0.104 seconds
[2024-04-17T16:20:12.996+0000] {processor.py:161} INFO - Started process (PID=646) to work on /opt/airflow/dags/first_crnschedular.py
[2024-04-17T16:20:12.997+0000] {processor.py:830} INFO - Processing file /opt/airflow/dags/first_crnschedular.py for tasks to queue
[2024-04-17T16:20:13.000+0000] {logging_mixin.py:188} INFO - [2024-04-17T16:20:12.999+0000] {dagbag.py:540} INFO - Filling up the DagBag from /opt/airflow/dags/first_crnschedular.py
[2024-04-17T16:20:13.026+0000] {processor.py:840} INFO - DAG(s) 'first_cron' retrieved from /opt/airflow/dags/first_crnschedular.py
[2024-04-17T16:20:13.057+0000] {logging_mixin.py:188} INFO - [2024-04-17T16:20:13.057+0000] {dag.py:3047} INFO - Sync 1 DAGs
[2024-04-17T16:20:13.085+0000] {logging_mixin.py:188} INFO - [2024-04-17T16:20:13.085+0000] {dag.py:3834} INFO - Setting next_dagrun for first_cron to 2024-04-09 18:19:00+00:00, run_after=2024-04-10 18:19:00+00:00
[2024-04-17T16:20:13.112+0000] {processor.py:183} INFO - Processing /opt/airflow/dags/first_crnschedular.py took 0.120 seconds
[2024-04-17T16:20:43.189+0000] {processor.py:161} INFO - Started process (PID=664) to work on /opt/airflow/dags/first_crnschedular.py
[2024-04-17T16:20:43.191+0000] {processor.py:830} INFO - Processing file /opt/airflow/dags/first_crnschedular.py for tasks to queue
[2024-04-17T16:20:43.193+0000] {logging_mixin.py:188} INFO - [2024-04-17T16:20:43.192+0000] {dagbag.py:540} INFO - Filling up the DagBag from /opt/airflow/dags/first_crnschedular.py
[2024-04-17T16:20:43.219+0000] {processor.py:840} INFO - DAG(s) 'first_cron' retrieved from /opt/airflow/dags/first_crnschedular.py
[2024-04-17T16:20:43.248+0000] {logging_mixin.py:188} INFO - [2024-04-17T16:20:43.248+0000] {dag.py:3047} INFO - Sync 1 DAGs
[2024-04-17T16:20:43.279+0000] {logging_mixin.py:188} INFO - [2024-04-17T16:20:43.279+0000] {dag.py:3834} INFO - Setting next_dagrun for first_cron to 2024-04-09 18:19:00+00:00, run_after=2024-04-10 18:19:00+00:00
[2024-04-17T16:20:43.306+0000] {processor.py:183} INFO - Processing /opt/airflow/dags/first_crnschedular.py took 0.122 seconds
[2024-04-17T16:21:13.531+0000] {processor.py:161} INFO - Started process (PID=686) to work on /opt/airflow/dags/first_crnschedular.py
[2024-04-17T16:21:13.532+0000] {processor.py:830} INFO - Processing file /opt/airflow/dags/first_crnschedular.py for tasks to queue
[2024-04-17T16:21:13.535+0000] {logging_mixin.py:188} INFO - [2024-04-17T16:21:13.534+0000] {dagbag.py:540} INFO - Filling up the DagBag from /opt/airflow/dags/first_crnschedular.py
[2024-04-17T16:21:13.558+0000] {processor.py:840} INFO - DAG(s) 'first_cron' retrieved from /opt/airflow/dags/first_crnschedular.py
[2024-04-17T16:21:13.581+0000] {logging_mixin.py:188} INFO - [2024-04-17T16:21:13.581+0000] {dag.py:3047} INFO - Sync 1 DAGs
[2024-04-17T16:21:13.604+0000] {logging_mixin.py:188} INFO - [2024-04-17T16:21:13.603+0000] {dag.py:3834} INFO - Setting next_dagrun for first_cron to 2024-04-09 18:19:00+00:00, run_after=2024-04-10 18:19:00+00:00
[2024-04-17T16:21:13.628+0000] {processor.py:183} INFO - Processing /opt/airflow/dags/first_crnschedular.py took 0.100 seconds
[2024-04-17T16:21:43.924+0000] {processor.py:161} INFO - Started process (PID=706) to work on /opt/airflow/dags/first_crnschedular.py
[2024-04-17T16:21:43.926+0000] {processor.py:830} INFO - Processing file /opt/airflow/dags/first_crnschedular.py for tasks to queue
[2024-04-17T16:21:43.928+0000] {logging_mixin.py:188} INFO - [2024-04-17T16:21:43.928+0000] {dagbag.py:540} INFO - Filling up the DagBag from /opt/airflow/dags/first_crnschedular.py
[2024-04-17T16:21:43.956+0000] {processor.py:840} INFO - DAG(s) 'first_cron' retrieved from /opt/airflow/dags/first_crnschedular.py
[2024-04-17T16:21:43.989+0000] {logging_mixin.py:188} INFO - [2024-04-17T16:21:43.988+0000] {dag.py:3047} INFO - Sync 1 DAGs
[2024-04-17T16:21:44.020+0000] {logging_mixin.py:188} INFO - [2024-04-17T16:21:44.019+0000] {dag.py:3834} INFO - Setting next_dagrun for first_cron to 2024-04-09 18:19:00+00:00, run_after=2024-04-10 18:19:00+00:00
[2024-04-17T16:21:44.060+0000] {processor.py:183} INFO - Processing /opt/airflow/dags/first_crnschedular.py took 0.141 seconds
[2024-04-17T16:22:14.165+0000] {processor.py:161} INFO - Started process (PID=727) to work on /opt/airflow/dags/first_crnschedular.py
[2024-04-17T16:22:14.166+0000] {processor.py:830} INFO - Processing file /opt/airflow/dags/first_crnschedular.py for tasks to queue
[2024-04-17T16:22:14.168+0000] {logging_mixin.py:188} INFO - [2024-04-17T16:22:14.168+0000] {dagbag.py:540} INFO - Filling up the DagBag from /opt/airflow/dags/first_crnschedular.py
[2024-04-17T16:22:14.186+0000] {processor.py:840} INFO - DAG(s) 'first_cron' retrieved from /opt/airflow/dags/first_crnschedular.py
[2024-04-17T16:22:14.205+0000] {logging_mixin.py:188} INFO - [2024-04-17T16:22:14.205+0000] {dag.py:3047} INFO - Sync 1 DAGs
[2024-04-17T16:22:14.227+0000] {logging_mixin.py:188} INFO - [2024-04-17T16:22:14.227+0000] {dag.py:3834} INFO - Setting next_dagrun for first_cron to 2024-04-09 18:19:00+00:00, run_after=2024-04-10 18:19:00+00:00
[2024-04-17T16:22:14.249+0000] {processor.py:183} INFO - Processing /opt/airflow/dags/first_crnschedular.py took 0.087 seconds
[2024-04-17T16:22:44.989+0000] {processor.py:161} INFO - Started process (PID=751) to work on /opt/airflow/dags/first_crnschedular.py
[2024-04-17T16:22:44.990+0000] {processor.py:830} INFO - Processing file /opt/airflow/dags/first_crnschedular.py for tasks to queue
[2024-04-17T16:22:44.992+0000] {logging_mixin.py:188} INFO - [2024-04-17T16:22:44.992+0000] {dagbag.py:540} INFO - Filling up the DagBag from /opt/airflow/dags/first_crnschedular.py
[2024-04-17T16:22:45.016+0000] {processor.py:840} INFO - DAG(s) 'first_cron' retrieved from /opt/airflow/dags/first_crnschedular.py
[2024-04-17T16:22:45.042+0000] {logging_mixin.py:188} INFO - [2024-04-17T16:22:45.041+0000] {dag.py:3047} INFO - Sync 1 DAGs
[2024-04-17T16:22:45.064+0000] {logging_mixin.py:188} INFO - [2024-04-17T16:22:45.064+0000] {dag.py:3834} INFO - Setting next_dagrun for first_cron to 2024-04-09 18:19:00+00:00, run_after=2024-04-10 18:19:00+00:00
[2024-04-17T16:22:45.086+0000] {processor.py:183} INFO - Processing /opt/airflow/dags/first_crnschedular.py took 0.099 seconds
[2024-04-17T16:23:15.739+0000] {processor.py:161} INFO - Started process (PID=771) to work on /opt/airflow/dags/first_crnschedular.py
[2024-04-17T16:23:15.740+0000] {processor.py:830} INFO - Processing file /opt/airflow/dags/first_crnschedular.py for tasks to queue
[2024-04-17T16:23:15.742+0000] {logging_mixin.py:188} INFO - [2024-04-17T16:23:15.742+0000] {dagbag.py:540} INFO - Filling up the DagBag from /opt/airflow/dags/first_crnschedular.py
[2024-04-17T16:23:15.764+0000] {processor.py:840} INFO - DAG(s) 'first_cron' retrieved from /opt/airflow/dags/first_crnschedular.py
[2024-04-17T16:23:15.787+0000] {logging_mixin.py:188} INFO - [2024-04-17T16:23:15.786+0000] {dag.py:3047} INFO - Sync 1 DAGs
[2024-04-17T16:23:16.058+0000] {logging_mixin.py:188} INFO - [2024-04-17T16:23:16.057+0000] {dag.py:3834} INFO - Setting next_dagrun for first_cron to 2024-04-09 18:19:00+00:00, run_after=2024-04-10 18:19:00+00:00
[2024-04-17T16:23:16.081+0000] {processor.py:183} INFO - Processing /opt/airflow/dags/first_crnschedular.py took 0.346 seconds
[2024-04-17T16:23:46.351+0000] {processor.py:161} INFO - Started process (PID=791) to work on /opt/airflow/dags/first_crnschedular.py
[2024-04-17T16:23:46.352+0000] {processor.py:830} INFO - Processing file /opt/airflow/dags/first_crnschedular.py for tasks to queue
[2024-04-17T16:23:46.354+0000] {logging_mixin.py:188} INFO - [2024-04-17T16:23:46.354+0000] {dagbag.py:540} INFO - Filling up the DagBag from /opt/airflow/dags/first_crnschedular.py
[2024-04-17T16:23:46.374+0000] {processor.py:840} INFO - DAG(s) 'first_cron' retrieved from /opt/airflow/dags/first_crnschedular.py
[2024-04-17T16:23:46.397+0000] {logging_mixin.py:188} INFO - [2024-04-17T16:23:46.397+0000] {dag.py:3047} INFO - Sync 1 DAGs
[2024-04-17T16:23:46.420+0000] {logging_mixin.py:188} INFO - [2024-04-17T16:23:46.420+0000] {dag.py:3834} INFO - Setting next_dagrun for first_cron to 2024-04-09 18:19:00+00:00, run_after=2024-04-10 18:19:00+00:00
[2024-04-17T16:23:46.449+0000] {processor.py:183} INFO - Processing /opt/airflow/dags/first_crnschedular.py took 0.102 seconds
