[2024-04-17T16:05:22.966+0000] {processor.py:161} INFO - Started process (PID=62) to work on /opt/airflow/dags/first_taskflowpyt.py
[2024-04-17T16:05:22.970+0000] {processor.py:830} INFO - Processing file /opt/airflow/dags/first_taskflowpyt.py for tasks to queue
[2024-04-17T16:05:22.974+0000] {logging_mixin.py:188} INFO - [2024-04-17T16:05:22.973+0000] {dagbag.py:540} INFO - Filling up the DagBag from /opt/airflow/dags/first_taskflowpyt.py
[2024-04-17T16:05:23.027+0000] {processor.py:840} INFO - DAG(s) 'first_taskflow' retrieved from /opt/airflow/dags/first_taskflowpyt.py
[2024-04-17T16:05:23.072+0000] {logging_mixin.py:188} INFO - [2024-04-17T16:05:23.072+0000] {dag.py:3047} INFO - Sync 1 DAGs
[2024-04-17T16:05:23.109+0000] {logging_mixin.py:188} INFO - [2024-04-17T16:05:23.108+0000] {dag.py:3834} INFO - Setting next_dagrun for first_taskflow to 2024-04-04 00:00:00+00:00, run_after=2024-04-05 00:00:00+00:00
[2024-04-17T16:05:23.140+0000] {processor.py:183} INFO - Processing /opt/airflow/dags/first_taskflowpyt.py took 0.183 seconds
[2024-04-17T16:05:53.769+0000] {processor.py:161} INFO - Started process (PID=82) to work on /opt/airflow/dags/first_taskflowpyt.py
[2024-04-17T16:05:53.770+0000] {processor.py:830} INFO - Processing file /opt/airflow/dags/first_taskflowpyt.py for tasks to queue
[2024-04-17T16:05:53.772+0000] {logging_mixin.py:188} INFO - [2024-04-17T16:05:53.771+0000] {dagbag.py:540} INFO - Filling up the DagBag from /opt/airflow/dags/first_taskflowpyt.py
[2024-04-17T16:05:53.797+0000] {processor.py:840} INFO - DAG(s) 'first_taskflow' retrieved from /opt/airflow/dags/first_taskflowpyt.py
[2024-04-17T16:05:53.898+0000] {logging_mixin.py:188} INFO - [2024-04-17T16:05:53.898+0000] {dag.py:3047} INFO - Sync 1 DAGs
[2024-04-17T16:05:53.925+0000] {logging_mixin.py:188} INFO - [2024-04-17T16:05:53.925+0000] {dag.py:3834} INFO - Setting next_dagrun for first_taskflow to 2024-04-04 00:00:00+00:00, run_after=2024-04-05 00:00:00+00:00
[2024-04-17T16:05:53.956+0000] {processor.py:183} INFO - Processing /opt/airflow/dags/first_taskflowpyt.py took 0.191 seconds
[2024-04-17T16:06:24.474+0000] {processor.py:161} INFO - Started process (PID=102) to work on /opt/airflow/dags/first_taskflowpyt.py
[2024-04-17T16:06:24.475+0000] {processor.py:830} INFO - Processing file /opt/airflow/dags/first_taskflowpyt.py for tasks to queue
[2024-04-17T16:06:24.477+0000] {logging_mixin.py:188} INFO - [2024-04-17T16:06:24.476+0000] {dagbag.py:540} INFO - Filling up the DagBag from /opt/airflow/dags/first_taskflowpyt.py
[2024-04-17T16:06:24.502+0000] {processor.py:840} INFO - DAG(s) 'first_taskflow' retrieved from /opt/airflow/dags/first_taskflowpyt.py
[2024-04-17T16:06:24.601+0000] {logging_mixin.py:188} INFO - [2024-04-17T16:06:24.601+0000] {dag.py:3047} INFO - Sync 1 DAGs
[2024-04-17T16:06:24.621+0000] {logging_mixin.py:188} INFO - [2024-04-17T16:06:24.621+0000] {dag.py:3834} INFO - Setting next_dagrun for first_taskflow to 2024-04-04 00:00:00+00:00, run_after=2024-04-05 00:00:00+00:00
[2024-04-17T16:06:24.643+0000] {processor.py:183} INFO - Processing /opt/airflow/dags/first_taskflowpyt.py took 0.171 seconds
[2024-04-17T16:06:55.028+0000] {processor.py:161} INFO - Started process (PID=122) to work on /opt/airflow/dags/first_taskflowpyt.py
[2024-04-17T16:06:55.029+0000] {processor.py:830} INFO - Processing file /opt/airflow/dags/first_taskflowpyt.py for tasks to queue
[2024-04-17T16:06:55.030+0000] {logging_mixin.py:188} INFO - [2024-04-17T16:06:55.030+0000] {dagbag.py:540} INFO - Filling up the DagBag from /opt/airflow/dags/first_taskflowpyt.py
[2024-04-17T16:06:55.051+0000] {processor.py:840} INFO - DAG(s) 'first_taskflow' retrieved from /opt/airflow/dags/first_taskflowpyt.py
[2024-04-17T16:06:55.152+0000] {logging_mixin.py:188} INFO - [2024-04-17T16:06:55.152+0000] {dag.py:3047} INFO - Sync 1 DAGs
[2024-04-17T16:06:55.176+0000] {logging_mixin.py:188} INFO - [2024-04-17T16:06:55.176+0000] {dag.py:3834} INFO - Setting next_dagrun for first_taskflow to 2024-04-04 00:00:00+00:00, run_after=2024-04-05 00:00:00+00:00
[2024-04-17T16:06:55.195+0000] {processor.py:183} INFO - Processing /opt/airflow/dags/first_taskflowpyt.py took 0.169 seconds
[2024-04-17T16:07:26.253+0000] {processor.py:161} INFO - Started process (PID=142) to work on /opt/airflow/dags/first_taskflowpyt.py
[2024-04-17T16:07:26.255+0000] {processor.py:830} INFO - Processing file /opt/airflow/dags/first_taskflowpyt.py for tasks to queue
[2024-04-17T16:07:26.257+0000] {logging_mixin.py:188} INFO - [2024-04-17T16:07:26.257+0000] {dagbag.py:540} INFO - Filling up the DagBag from /opt/airflow/dags/first_taskflowpyt.py
[2024-04-17T16:07:26.283+0000] {processor.py:840} INFO - DAG(s) 'first_taskflow' retrieved from /opt/airflow/dags/first_taskflowpyt.py
[2024-04-17T16:07:26.316+0000] {logging_mixin.py:188} INFO - [2024-04-17T16:07:26.315+0000] {dag.py:3047} INFO - Sync 1 DAGs
[2024-04-17T16:07:26.341+0000] {logging_mixin.py:188} INFO - [2024-04-17T16:07:26.341+0000] {dag.py:3834} INFO - Setting next_dagrun for first_taskflow to 2024-04-04 00:00:00+00:00, run_after=2024-04-05 00:00:00+00:00
[2024-04-17T16:07:26.363+0000] {processor.py:183} INFO - Processing /opt/airflow/dags/first_taskflowpyt.py took 0.113 seconds
[2024-04-17T16:07:56.917+0000] {processor.py:161} INFO - Started process (PID=162) to work on /opt/airflow/dags/first_taskflowpyt.py
[2024-04-17T16:07:56.920+0000] {processor.py:830} INFO - Processing file /opt/airflow/dags/first_taskflowpyt.py for tasks to queue
[2024-04-17T16:07:56.923+0000] {logging_mixin.py:188} INFO - [2024-04-17T16:07:56.923+0000] {dagbag.py:540} INFO - Filling up the DagBag from /opt/airflow/dags/first_taskflowpyt.py
[2024-04-17T16:07:56.973+0000] {processor.py:840} INFO - DAG(s) 'first_taskflow' retrieved from /opt/airflow/dags/first_taskflowpyt.py
[2024-04-17T16:07:57.027+0000] {logging_mixin.py:188} INFO - [2024-04-17T16:07:57.026+0000] {dag.py:3047} INFO - Sync 1 DAGs
[2024-04-17T16:07:57.074+0000] {logging_mixin.py:188} INFO - [2024-04-17T16:07:57.074+0000] {dag.py:3834} INFO - Setting next_dagrun for first_taskflow to 2024-04-04 00:00:00+00:00, run_after=2024-04-05 00:00:00+00:00
[2024-04-17T16:07:57.169+0000] {processor.py:183} INFO - Processing /opt/airflow/dags/first_taskflowpyt.py took 0.256 seconds
[2024-04-17T16:08:27.969+0000] {processor.py:161} INFO - Started process (PID=183) to work on /opt/airflow/dags/first_taskflowpyt.py
[2024-04-17T16:08:27.970+0000] {processor.py:830} INFO - Processing file /opt/airflow/dags/first_taskflowpyt.py for tasks to queue
[2024-04-17T16:08:27.972+0000] {logging_mixin.py:188} INFO - [2024-04-17T16:08:27.972+0000] {dagbag.py:540} INFO - Filling up the DagBag from /opt/airflow/dags/first_taskflowpyt.py
[2024-04-17T16:08:27.996+0000] {processor.py:840} INFO - DAG(s) 'first_taskflow' retrieved from /opt/airflow/dags/first_taskflowpyt.py
[2024-04-17T16:08:28.019+0000] {logging_mixin.py:188} INFO - [2024-04-17T16:08:28.019+0000] {dag.py:3047} INFO - Sync 1 DAGs
[2024-04-17T16:08:28.043+0000] {logging_mixin.py:188} INFO - [2024-04-17T16:08:28.043+0000] {dag.py:3834} INFO - Setting next_dagrun for first_taskflow to 2024-04-04 00:00:00+00:00, run_after=2024-04-05 00:00:00+00:00
[2024-04-17T16:08:28.062+0000] {processor.py:183} INFO - Processing /opt/airflow/dags/first_taskflowpyt.py took 0.096 seconds
[2024-04-17T16:08:58.587+0000] {processor.py:161} INFO - Started process (PID=203) to work on /opt/airflow/dags/first_taskflowpyt.py
[2024-04-17T16:08:58.588+0000] {processor.py:830} INFO - Processing file /opt/airflow/dags/first_taskflowpyt.py for tasks to queue
[2024-04-17T16:08:58.590+0000] {logging_mixin.py:188} INFO - [2024-04-17T16:08:58.589+0000] {dagbag.py:540} INFO - Filling up the DagBag from /opt/airflow/dags/first_taskflowpyt.py
[2024-04-17T16:08:58.608+0000] {processor.py:840} INFO - DAG(s) 'first_taskflow' retrieved from /opt/airflow/dags/first_taskflowpyt.py
[2024-04-17T16:08:58.627+0000] {logging_mixin.py:188} INFO - [2024-04-17T16:08:58.627+0000] {dag.py:3047} INFO - Sync 1 DAGs
[2024-04-17T16:08:58.646+0000] {logging_mixin.py:188} INFO - [2024-04-17T16:08:58.645+0000] {dag.py:3834} INFO - Setting next_dagrun for first_taskflow to 2024-04-04 00:00:00+00:00, run_after=2024-04-05 00:00:00+00:00
[2024-04-17T16:08:58.672+0000] {processor.py:183} INFO - Processing /opt/airflow/dags/first_taskflowpyt.py took 0.087 seconds
[2024-04-17T16:09:29.301+0000] {processor.py:161} INFO - Started process (PID=223) to work on /opt/airflow/dags/first_taskflowpyt.py
[2024-04-17T16:09:29.303+0000] {processor.py:830} INFO - Processing file /opt/airflow/dags/first_taskflowpyt.py for tasks to queue
[2024-04-17T16:09:29.304+0000] {logging_mixin.py:188} INFO - [2024-04-17T16:09:29.304+0000] {dagbag.py:540} INFO - Filling up the DagBag from /opt/airflow/dags/first_taskflowpyt.py
[2024-04-17T16:09:29.327+0000] {processor.py:840} INFO - DAG(s) 'first_taskflow' retrieved from /opt/airflow/dags/first_taskflowpyt.py
[2024-04-17T16:09:29.347+0000] {logging_mixin.py:188} INFO - [2024-04-17T16:09:29.347+0000] {dag.py:3047} INFO - Sync 1 DAGs
[2024-04-17T16:09:29.367+0000] {logging_mixin.py:188} INFO - [2024-04-17T16:09:29.366+0000] {dag.py:3834} INFO - Setting next_dagrun for first_taskflow to 2024-04-04 00:00:00+00:00, run_after=2024-04-05 00:00:00+00:00
[2024-04-17T16:09:29.384+0000] {processor.py:183} INFO - Processing /opt/airflow/dags/first_taskflowpyt.py took 0.086 seconds
[2024-04-17T16:10:00.315+0000] {processor.py:161} INFO - Started process (PID=243) to work on /opt/airflow/dags/first_taskflowpyt.py
[2024-04-17T16:10:00.316+0000] {processor.py:830} INFO - Processing file /opt/airflow/dags/first_taskflowpyt.py for tasks to queue
[2024-04-17T16:10:00.318+0000] {logging_mixin.py:188} INFO - [2024-04-17T16:10:00.318+0000] {dagbag.py:540} INFO - Filling up the DagBag from /opt/airflow/dags/first_taskflowpyt.py
[2024-04-17T16:10:00.344+0000] {processor.py:840} INFO - DAG(s) 'first_taskflow' retrieved from /opt/airflow/dags/first_taskflowpyt.py
[2024-04-17T16:10:00.368+0000] {logging_mixin.py:188} INFO - [2024-04-17T16:10:00.368+0000] {dag.py:3047} INFO - Sync 1 DAGs
[2024-04-17T16:10:00.388+0000] {logging_mixin.py:188} INFO - [2024-04-17T16:10:00.387+0000] {dag.py:3834} INFO - Setting next_dagrun for first_taskflow to 2024-04-04 00:00:00+00:00, run_after=2024-04-05 00:00:00+00:00
[2024-04-17T16:10:00.404+0000] {processor.py:183} INFO - Processing /opt/airflow/dags/first_taskflowpyt.py took 0.093 seconds
[2024-04-17T16:10:31.470+0000] {processor.py:161} INFO - Started process (PID=263) to work on /opt/airflow/dags/first_taskflowpyt.py
[2024-04-17T16:10:31.471+0000] {processor.py:830} INFO - Processing file /opt/airflow/dags/first_taskflowpyt.py for tasks to queue
[2024-04-17T16:10:31.473+0000] {logging_mixin.py:188} INFO - [2024-04-17T16:10:31.472+0000] {dagbag.py:540} INFO - Filling up the DagBag from /opt/airflow/dags/first_taskflowpyt.py
[2024-04-17T16:10:31.492+0000] {processor.py:840} INFO - DAG(s) 'first_taskflow' retrieved from /opt/airflow/dags/first_taskflowpyt.py
[2024-04-17T16:10:31.578+0000] {logging_mixin.py:188} INFO - [2024-04-17T16:10:31.578+0000] {dag.py:3047} INFO - Sync 1 DAGs
[2024-04-17T16:10:31.602+0000] {logging_mixin.py:188} INFO - [2024-04-17T16:10:31.602+0000] {dag.py:3834} INFO - Setting next_dagrun for first_taskflow to 2024-04-04 00:00:00+00:00, run_after=2024-04-05 00:00:00+00:00
[2024-04-17T16:10:31.623+0000] {processor.py:183} INFO - Processing /opt/airflow/dags/first_taskflowpyt.py took 0.156 seconds
[2024-04-17T16:11:02.188+0000] {processor.py:161} INFO - Started process (PID=283) to work on /opt/airflow/dags/first_taskflowpyt.py
[2024-04-17T16:11:02.189+0000] {processor.py:830} INFO - Processing file /opt/airflow/dags/first_taskflowpyt.py for tasks to queue
[2024-04-17T16:11:02.190+0000] {logging_mixin.py:188} INFO - [2024-04-17T16:11:02.190+0000] {dagbag.py:540} INFO - Filling up the DagBag from /opt/airflow/dags/first_taskflowpyt.py
[2024-04-17T16:11:02.214+0000] {processor.py:840} INFO - DAG(s) 'first_taskflow' retrieved from /opt/airflow/dags/first_taskflowpyt.py
[2024-04-17T16:11:02.236+0000] {logging_mixin.py:188} INFO - [2024-04-17T16:11:02.235+0000] {dag.py:3047} INFO - Sync 1 DAGs
[2024-04-17T16:11:02.255+0000] {logging_mixin.py:188} INFO - [2024-04-17T16:11:02.255+0000] {dag.py:3834} INFO - Setting next_dagrun for first_taskflow to 2024-04-04 00:00:00+00:00, run_after=2024-04-05 00:00:00+00:00
[2024-04-17T16:11:02.273+0000] {processor.py:183} INFO - Processing /opt/airflow/dags/first_taskflowpyt.py took 0.088 seconds
[2024-04-17T16:11:32.913+0000] {processor.py:161} INFO - Started process (PID=303) to work on /opt/airflow/dags/first_taskflowpyt.py
[2024-04-17T16:11:32.914+0000] {processor.py:830} INFO - Processing file /opt/airflow/dags/first_taskflowpyt.py for tasks to queue
[2024-04-17T16:11:32.916+0000] {logging_mixin.py:188} INFO - [2024-04-17T16:11:32.916+0000] {dagbag.py:540} INFO - Filling up the DagBag from /opt/airflow/dags/first_taskflowpyt.py
[2024-04-17T16:11:32.938+0000] {processor.py:840} INFO - DAG(s) 'first_taskflow' retrieved from /opt/airflow/dags/first_taskflowpyt.py
[2024-04-17T16:11:32.961+0000] {logging_mixin.py:188} INFO - [2024-04-17T16:11:32.961+0000] {dag.py:3047} INFO - Sync 1 DAGs
[2024-04-17T16:11:32.984+0000] {logging_mixin.py:188} INFO - [2024-04-17T16:11:32.984+0000] {dag.py:3834} INFO - Setting next_dagrun for first_taskflow to 2024-04-04 00:00:00+00:00, run_after=2024-04-05 00:00:00+00:00
[2024-04-17T16:11:33.007+0000] {processor.py:183} INFO - Processing /opt/airflow/dags/first_taskflowpyt.py took 0.096 seconds
[2024-04-17T16:12:03.591+0000] {processor.py:161} INFO - Started process (PID=323) to work on /opt/airflow/dags/first_taskflowpyt.py
[2024-04-17T16:12:03.592+0000] {processor.py:830} INFO - Processing file /opt/airflow/dags/first_taskflowpyt.py for tasks to queue
[2024-04-17T16:12:03.594+0000] {logging_mixin.py:188} INFO - [2024-04-17T16:12:03.594+0000] {dagbag.py:540} INFO - Filling up the DagBag from /opt/airflow/dags/first_taskflowpyt.py
[2024-04-17T16:12:03.614+0000] {processor.py:840} INFO - DAG(s) 'first_taskflow' retrieved from /opt/airflow/dags/first_taskflowpyt.py
[2024-04-17T16:12:03.635+0000] {logging_mixin.py:188} INFO - [2024-04-17T16:12:03.635+0000] {dag.py:3047} INFO - Sync 1 DAGs
[2024-04-17T16:12:03.656+0000] {logging_mixin.py:188} INFO - [2024-04-17T16:12:03.655+0000] {dag.py:3834} INFO - Setting next_dagrun for first_taskflow to 2024-04-04 00:00:00+00:00, run_after=2024-04-05 00:00:00+00:00
[2024-04-17T16:12:03.674+0000] {processor.py:183} INFO - Processing /opt/airflow/dags/first_taskflowpyt.py took 0.085 seconds
[2024-04-17T16:12:34.840+0000] {processor.py:161} INFO - Started process (PID=343) to work on /opt/airflow/dags/first_taskflowpyt.py
[2024-04-17T16:12:34.842+0000] {processor.py:830} INFO - Processing file /opt/airflow/dags/first_taskflowpyt.py for tasks to queue
[2024-04-17T16:12:34.843+0000] {logging_mixin.py:188} INFO - [2024-04-17T16:12:34.843+0000] {dagbag.py:540} INFO - Filling up the DagBag from /opt/airflow/dags/first_taskflowpyt.py
[2024-04-17T16:12:34.869+0000] {processor.py:840} INFO - DAG(s) 'first_taskflow' retrieved from /opt/airflow/dags/first_taskflowpyt.py
[2024-04-17T16:12:34.894+0000] {logging_mixin.py:188} INFO - [2024-04-17T16:12:34.893+0000] {dag.py:3047} INFO - Sync 1 DAGs
[2024-04-17T16:12:34.915+0000] {logging_mixin.py:188} INFO - [2024-04-17T16:12:34.915+0000] {dag.py:3834} INFO - Setting next_dagrun for first_taskflow to 2024-04-04 00:00:00+00:00, run_after=2024-04-05 00:00:00+00:00
[2024-04-17T16:12:34.937+0000] {processor.py:183} INFO - Processing /opt/airflow/dags/first_taskflowpyt.py took 0.100 seconds
[2024-04-17T16:13:05.584+0000] {processor.py:161} INFO - Started process (PID=363) to work on /opt/airflow/dags/first_taskflowpyt.py
[2024-04-17T16:13:05.585+0000] {processor.py:830} INFO - Processing file /opt/airflow/dags/first_taskflowpyt.py for tasks to queue
[2024-04-17T16:13:05.586+0000] {logging_mixin.py:188} INFO - [2024-04-17T16:13:05.586+0000] {dagbag.py:540} INFO - Filling up the DagBag from /opt/airflow/dags/first_taskflowpyt.py
[2024-04-17T16:13:05.605+0000] {processor.py:840} INFO - DAG(s) 'first_taskflow' retrieved from /opt/airflow/dags/first_taskflowpyt.py
[2024-04-17T16:13:05.624+0000] {logging_mixin.py:188} INFO - [2024-04-17T16:13:05.623+0000] {dag.py:3047} INFO - Sync 1 DAGs
[2024-04-17T16:13:05.641+0000] {logging_mixin.py:188} INFO - [2024-04-17T16:13:05.641+0000] {dag.py:3834} INFO - Setting next_dagrun for first_taskflow to 2024-04-04 00:00:00+00:00, run_after=2024-04-05 00:00:00+00:00
[2024-04-17T16:13:05.660+0000] {processor.py:183} INFO - Processing /opt/airflow/dags/first_taskflowpyt.py took 0.078 seconds
[2024-04-17T16:13:35.846+0000] {processor.py:161} INFO - Started process (PID=383) to work on /opt/airflow/dags/first_taskflowpyt.py
[2024-04-17T16:13:35.847+0000] {processor.py:830} INFO - Processing file /opt/airflow/dags/first_taskflowpyt.py for tasks to queue
[2024-04-17T16:13:35.848+0000] {logging_mixin.py:188} INFO - [2024-04-17T16:13:35.848+0000] {dagbag.py:540} INFO - Filling up the DagBag from /opt/airflow/dags/first_taskflowpyt.py
[2024-04-17T16:13:35.870+0000] {processor.py:840} INFO - DAG(s) 'first_taskflow' retrieved from /opt/airflow/dags/first_taskflowpyt.py
[2024-04-17T16:13:35.890+0000] {logging_mixin.py:188} INFO - [2024-04-17T16:13:35.889+0000] {dag.py:3047} INFO - Sync 1 DAGs
[2024-04-17T16:13:35.909+0000] {logging_mixin.py:188} INFO - [2024-04-17T16:13:35.908+0000] {dag.py:3834} INFO - Setting next_dagrun for first_taskflow to 2024-04-04 00:00:00+00:00, run_after=2024-04-05 00:00:00+00:00
[2024-04-17T16:13:35.929+0000] {processor.py:183} INFO - Processing /opt/airflow/dags/first_taskflowpyt.py took 0.086 seconds
[2024-04-17T16:14:06.196+0000] {processor.py:161} INFO - Started process (PID=403) to work on /opt/airflow/dags/first_taskflowpyt.py
[2024-04-17T16:14:06.199+0000] {processor.py:830} INFO - Processing file /opt/airflow/dags/first_taskflowpyt.py for tasks to queue
[2024-04-17T16:14:06.202+0000] {logging_mixin.py:188} INFO - [2024-04-17T16:14:06.202+0000] {dagbag.py:540} INFO - Filling up the DagBag from /opt/airflow/dags/first_taskflowpyt.py
[2024-04-17T16:14:06.246+0000] {processor.py:840} INFO - DAG(s) 'first_taskflow' retrieved from /opt/airflow/dags/first_taskflowpyt.py
[2024-04-17T16:14:06.296+0000] {logging_mixin.py:188} INFO - [2024-04-17T16:14:06.295+0000] {dag.py:3047} INFO - Sync 1 DAGs
[2024-04-17T16:14:06.321+0000] {logging_mixin.py:188} INFO - [2024-04-17T16:14:06.321+0000] {dag.py:3834} INFO - Setting next_dagrun for first_taskflow to 2024-04-04 00:00:00+00:00, run_after=2024-04-05 00:00:00+00:00
[2024-04-17T16:14:06.340+0000] {processor.py:183} INFO - Processing /opt/airflow/dags/first_taskflowpyt.py took 0.148 seconds
[2024-04-17T16:14:37.206+0000] {processor.py:161} INFO - Started process (PID=423) to work on /opt/airflow/dags/first_taskflowpyt.py
[2024-04-17T16:14:37.207+0000] {processor.py:830} INFO - Processing file /opt/airflow/dags/first_taskflowpyt.py for tasks to queue
[2024-04-17T16:14:37.208+0000] {logging_mixin.py:188} INFO - [2024-04-17T16:14:37.208+0000] {dagbag.py:540} INFO - Filling up the DagBag from /opt/airflow/dags/first_taskflowpyt.py
[2024-04-17T16:14:37.232+0000] {processor.py:840} INFO - DAG(s) 'first_taskflow' retrieved from /opt/airflow/dags/first_taskflowpyt.py
[2024-04-17T16:14:37.255+0000] {logging_mixin.py:188} INFO - [2024-04-17T16:14:37.254+0000] {dag.py:3047} INFO - Sync 1 DAGs
[2024-04-17T16:14:37.277+0000] {logging_mixin.py:188} INFO - [2024-04-17T16:14:37.277+0000] {dag.py:3834} INFO - Setting next_dagrun for first_taskflow to 2024-04-04 00:00:00+00:00, run_after=2024-04-05 00:00:00+00:00
[2024-04-17T16:14:37.299+0000] {processor.py:183} INFO - Processing /opt/airflow/dags/first_taskflowpyt.py took 0.095 seconds
[2024-04-17T16:15:07.585+0000] {processor.py:161} INFO - Started process (PID=444) to work on /opt/airflow/dags/first_taskflowpyt.py
[2024-04-17T16:15:07.586+0000] {processor.py:830} INFO - Processing file /opt/airflow/dags/first_taskflowpyt.py for tasks to queue
[2024-04-17T16:15:07.588+0000] {logging_mixin.py:188} INFO - [2024-04-17T16:15:07.588+0000] {dagbag.py:540} INFO - Filling up the DagBag from /opt/airflow/dags/first_taskflowpyt.py
[2024-04-17T16:15:07.614+0000] {processor.py:840} INFO - DAG(s) 'first_taskflow' retrieved from /opt/airflow/dags/first_taskflowpyt.py
[2024-04-17T16:15:07.639+0000] {logging_mixin.py:188} INFO - [2024-04-17T16:15:07.638+0000] {dag.py:3047} INFO - Sync 1 DAGs
[2024-04-17T16:15:07.660+0000] {logging_mixin.py:188} INFO - [2024-04-17T16:15:07.660+0000] {dag.py:3834} INFO - Setting next_dagrun for first_taskflow to 2024-04-04 00:00:00+00:00, run_after=2024-04-05 00:00:00+00:00
[2024-04-17T16:15:07.680+0000] {processor.py:183} INFO - Processing /opt/airflow/dags/first_taskflowpyt.py took 0.098 seconds
[2024-04-17T16:15:38.324+0000] {processor.py:161} INFO - Started process (PID=464) to work on /opt/airflow/dags/first_taskflowpyt.py
[2024-04-17T16:15:38.326+0000] {processor.py:830} INFO - Processing file /opt/airflow/dags/first_taskflowpyt.py for tasks to queue
[2024-04-17T16:15:38.328+0000] {logging_mixin.py:188} INFO - [2024-04-17T16:15:38.328+0000] {dagbag.py:540} INFO - Filling up the DagBag from /opt/airflow/dags/first_taskflowpyt.py
[2024-04-17T16:15:38.352+0000] {processor.py:840} INFO - DAG(s) 'first_taskflow' retrieved from /opt/airflow/dags/first_taskflowpyt.py
[2024-04-17T16:15:38.379+0000] {logging_mixin.py:188} INFO - [2024-04-17T16:15:38.379+0000] {dag.py:3047} INFO - Sync 1 DAGs
[2024-04-17T16:15:38.401+0000] {logging_mixin.py:188} INFO - [2024-04-17T16:15:38.400+0000] {dag.py:3834} INFO - Setting next_dagrun for first_taskflow to 2024-04-04 00:00:00+00:00, run_after=2024-04-05 00:00:00+00:00
[2024-04-17T16:15:38.420+0000] {processor.py:183} INFO - Processing /opt/airflow/dags/first_taskflowpyt.py took 0.099 seconds
[2024-04-17T16:16:08.964+0000] {processor.py:161} INFO - Started process (PID=485) to work on /opt/airflow/dags/first_taskflowpyt.py
[2024-04-17T16:16:08.965+0000] {processor.py:830} INFO - Processing file /opt/airflow/dags/first_taskflowpyt.py for tasks to queue
[2024-04-17T16:16:08.967+0000] {logging_mixin.py:188} INFO - [2024-04-17T16:16:08.966+0000] {dagbag.py:540} INFO - Filling up the DagBag from /opt/airflow/dags/first_taskflowpyt.py
[2024-04-17T16:16:08.989+0000] {processor.py:840} INFO - DAG(s) 'first_taskflow' retrieved from /opt/airflow/dags/first_taskflowpyt.py
[2024-04-17T16:16:09.007+0000] {logging_mixin.py:188} INFO - [2024-04-17T16:16:09.007+0000] {dag.py:3047} INFO - Sync 1 DAGs
[2024-04-17T16:16:09.024+0000] {logging_mixin.py:188} INFO - [2024-04-17T16:16:09.024+0000] {dag.py:3834} INFO - Setting next_dagrun for first_taskflow to 2024-04-04 00:00:00+00:00, run_after=2024-04-05 00:00:00+00:00
[2024-04-17T16:16:09.040+0000] {processor.py:183} INFO - Processing /opt/airflow/dags/first_taskflowpyt.py took 0.079 seconds
[2024-04-17T16:16:39.718+0000] {processor.py:161} INFO - Started process (PID=507) to work on /opt/airflow/dags/first_taskflowpyt.py
[2024-04-17T16:16:39.719+0000] {processor.py:830} INFO - Processing file /opt/airflow/dags/first_taskflowpyt.py for tasks to queue
[2024-04-17T16:16:39.722+0000] {logging_mixin.py:188} INFO - [2024-04-17T16:16:39.722+0000] {dagbag.py:540} INFO - Filling up the DagBag from /opt/airflow/dags/first_taskflowpyt.py
[2024-04-17T16:16:39.752+0000] {processor.py:840} INFO - DAG(s) 'first_taskflow' retrieved from /opt/airflow/dags/first_taskflowpyt.py
[2024-04-17T16:16:39.779+0000] {logging_mixin.py:188} INFO - [2024-04-17T16:16:39.779+0000] {dag.py:3047} INFO - Sync 1 DAGs
[2024-04-17T16:16:39.800+0000] {logging_mixin.py:188} INFO - [2024-04-17T16:16:39.799+0000] {dag.py:3834} INFO - Setting next_dagrun for first_taskflow to 2024-04-04 00:00:00+00:00, run_after=2024-04-05 00:00:00+00:00
[2024-04-17T16:16:39.820+0000] {processor.py:183} INFO - Processing /opt/airflow/dags/first_taskflowpyt.py took 0.106 seconds
[2024-04-17T16:17:11.037+0000] {processor.py:161} INFO - Started process (PID=528) to work on /opt/airflow/dags/first_taskflowpyt.py
[2024-04-17T16:17:11.038+0000] {processor.py:830} INFO - Processing file /opt/airflow/dags/first_taskflowpyt.py for tasks to queue
[2024-04-17T16:17:11.040+0000] {logging_mixin.py:188} INFO - [2024-04-17T16:17:11.040+0000] {dagbag.py:540} INFO - Filling up the DagBag from /opt/airflow/dags/first_taskflowpyt.py
[2024-04-17T16:17:11.067+0000] {processor.py:840} INFO - DAG(s) 'first_taskflow' retrieved from /opt/airflow/dags/first_taskflowpyt.py
[2024-04-17T16:17:11.093+0000] {logging_mixin.py:188} INFO - [2024-04-17T16:17:11.093+0000] {dag.py:3047} INFO - Sync 1 DAGs
[2024-04-17T16:17:11.115+0000] {logging_mixin.py:188} INFO - [2024-04-17T16:17:11.115+0000] {dag.py:3834} INFO - Setting next_dagrun for first_taskflow to 2024-04-04 00:00:00+00:00, run_after=2024-04-05 00:00:00+00:00
[2024-04-17T16:17:11.134+0000] {processor.py:183} INFO - Processing /opt/airflow/dags/first_taskflowpyt.py took 0.100 seconds
[2024-04-17T16:17:42.274+0000] {processor.py:161} INFO - Started process (PID=554) to work on /opt/airflow/dags/first_taskflowpyt.py
[2024-04-17T16:17:42.276+0000] {processor.py:830} INFO - Processing file /opt/airflow/dags/first_taskflowpyt.py for tasks to queue
[2024-04-17T16:17:42.278+0000] {logging_mixin.py:188} INFO - [2024-04-17T16:17:42.278+0000] {dagbag.py:540} INFO - Filling up the DagBag from /opt/airflow/dags/first_taskflowpyt.py
[2024-04-17T16:17:42.305+0000] {processor.py:840} INFO - DAG(s) 'first_taskflow' retrieved from /opt/airflow/dags/first_taskflowpyt.py
[2024-04-17T16:17:42.331+0000] {logging_mixin.py:188} INFO - [2024-04-17T16:17:42.331+0000] {dag.py:3047} INFO - Sync 1 DAGs
[2024-04-17T16:17:42.356+0000] {logging_mixin.py:188} INFO - [2024-04-17T16:17:42.355+0000] {dag.py:3834} INFO - Setting next_dagrun for first_taskflow to 2024-04-04 00:00:00+00:00, run_after=2024-04-05 00:00:00+00:00
[2024-04-17T16:17:42.375+0000] {processor.py:183} INFO - Processing /opt/airflow/dags/first_taskflowpyt.py took 0.103 seconds
[2024-04-17T16:18:13.624+0000] {processor.py:161} INFO - Started process (PID=574) to work on /opt/airflow/dags/first_taskflowpyt.py
[2024-04-17T16:18:13.626+0000] {processor.py:830} INFO - Processing file /opt/airflow/dags/first_taskflowpyt.py for tasks to queue
[2024-04-17T16:18:13.627+0000] {logging_mixin.py:188} INFO - [2024-04-17T16:18:13.627+0000] {dagbag.py:540} INFO - Filling up the DagBag from /opt/airflow/dags/first_taskflowpyt.py
[2024-04-17T16:18:13.645+0000] {processor.py:840} INFO - DAG(s) 'first_taskflow' retrieved from /opt/airflow/dags/first_taskflowpyt.py
[2024-04-17T16:18:13.665+0000] {logging_mixin.py:188} INFO - [2024-04-17T16:18:13.664+0000] {dag.py:3047} INFO - Sync 1 DAGs
[2024-04-17T16:18:13.685+0000] {logging_mixin.py:188} INFO - [2024-04-17T16:18:13.685+0000] {dag.py:3834} INFO - Setting next_dagrun for first_taskflow to 2024-04-04 00:00:00+00:00, run_after=2024-04-05 00:00:00+00:00
[2024-04-17T16:18:13.702+0000] {processor.py:183} INFO - Processing /opt/airflow/dags/first_taskflowpyt.py took 0.080 seconds
[2024-04-17T16:18:44.518+0000] {processor.py:161} INFO - Started process (PID=594) to work on /opt/airflow/dags/first_taskflowpyt.py
[2024-04-17T16:18:44.519+0000] {processor.py:830} INFO - Processing file /opt/airflow/dags/first_taskflowpyt.py for tasks to queue
[2024-04-17T16:18:44.521+0000] {logging_mixin.py:188} INFO - [2024-04-17T16:18:44.521+0000] {dagbag.py:540} INFO - Filling up the DagBag from /opt/airflow/dags/first_taskflowpyt.py
[2024-04-17T16:18:44.542+0000] {processor.py:840} INFO - DAG(s) 'first_taskflow' retrieved from /opt/airflow/dags/first_taskflowpyt.py
[2024-04-17T16:18:44.565+0000] {logging_mixin.py:188} INFO - [2024-04-17T16:18:44.565+0000] {dag.py:3047} INFO - Sync 1 DAGs
[2024-04-17T16:18:44.590+0000] {logging_mixin.py:188} INFO - [2024-04-17T16:18:44.590+0000] {dag.py:3834} INFO - Setting next_dagrun for first_taskflow to 2024-04-04 00:00:00+00:00, run_after=2024-04-05 00:00:00+00:00
[2024-04-17T16:18:44.610+0000] {processor.py:183} INFO - Processing /opt/airflow/dags/first_taskflowpyt.py took 0.095 seconds
[2024-04-17T16:19:15.259+0000] {processor.py:161} INFO - Started process (PID=614) to work on /opt/airflow/dags/first_taskflowpyt.py
[2024-04-17T16:19:15.260+0000] {processor.py:830} INFO - Processing file /opt/airflow/dags/first_taskflowpyt.py for tasks to queue
[2024-04-17T16:19:15.262+0000] {logging_mixin.py:188} INFO - [2024-04-17T16:19:15.262+0000] {dagbag.py:540} INFO - Filling up the DagBag from /opt/airflow/dags/first_taskflowpyt.py
[2024-04-17T16:19:15.288+0000] {processor.py:840} INFO - DAG(s) 'first_taskflow' retrieved from /opt/airflow/dags/first_taskflowpyt.py
[2024-04-17T16:19:15.315+0000] {logging_mixin.py:188} INFO - [2024-04-17T16:19:15.314+0000] {dag.py:3047} INFO - Sync 1 DAGs
[2024-04-17T16:19:15.338+0000] {logging_mixin.py:188} INFO - [2024-04-17T16:19:15.338+0000] {dag.py:3834} INFO - Setting next_dagrun for first_taskflow to 2024-04-04 00:00:00+00:00, run_after=2024-04-05 00:00:00+00:00
[2024-04-17T16:19:15.359+0000] {processor.py:183} INFO - Processing /opt/airflow/dags/first_taskflowpyt.py took 0.103 seconds
[2024-04-17T16:19:46.243+0000] {processor.py:161} INFO - Started process (PID=634) to work on /opt/airflow/dags/first_taskflowpyt.py
[2024-04-17T16:19:46.244+0000] {processor.py:830} INFO - Processing file /opt/airflow/dags/first_taskflowpyt.py for tasks to queue
[2024-04-17T16:19:46.246+0000] {logging_mixin.py:188} INFO - [2024-04-17T16:19:46.246+0000] {dagbag.py:540} INFO - Filling up the DagBag from /opt/airflow/dags/first_taskflowpyt.py
[2024-04-17T16:19:46.268+0000] {processor.py:840} INFO - DAG(s) 'first_taskflow' retrieved from /opt/airflow/dags/first_taskflowpyt.py
[2024-04-17T16:19:46.291+0000] {logging_mixin.py:188} INFO - [2024-04-17T16:19:46.291+0000] {dag.py:3047} INFO - Sync 1 DAGs
[2024-04-17T16:19:46.314+0000] {logging_mixin.py:188} INFO - [2024-04-17T16:19:46.314+0000] {dag.py:3834} INFO - Setting next_dagrun for first_taskflow to 2024-04-04 00:00:00+00:00, run_after=2024-04-05 00:00:00+00:00
[2024-04-17T16:19:46.331+0000] {processor.py:183} INFO - Processing /opt/airflow/dags/first_taskflowpyt.py took 0.091 seconds
[2024-04-17T16:20:17.170+0000] {processor.py:161} INFO - Started process (PID=654) to work on /opt/airflow/dags/first_taskflowpyt.py
[2024-04-17T16:20:17.171+0000] {processor.py:830} INFO - Processing file /opt/airflow/dags/first_taskflowpyt.py for tasks to queue
[2024-04-17T16:20:17.173+0000] {logging_mixin.py:188} INFO - [2024-04-17T16:20:17.173+0000] {dagbag.py:540} INFO - Filling up the DagBag from /opt/airflow/dags/first_taskflowpyt.py
[2024-04-17T16:20:17.195+0000] {processor.py:840} INFO - DAG(s) 'first_taskflow' retrieved from /opt/airflow/dags/first_taskflowpyt.py
[2024-04-17T16:20:17.215+0000] {logging_mixin.py:188} INFO - [2024-04-17T16:20:17.215+0000] {dag.py:3047} INFO - Sync 1 DAGs
[2024-04-17T16:20:17.236+0000] {logging_mixin.py:188} INFO - [2024-04-17T16:20:17.236+0000] {dag.py:3834} INFO - Setting next_dagrun for first_taskflow to 2024-04-04 00:00:00+00:00, run_after=2024-04-05 00:00:00+00:00
[2024-04-17T16:20:17.252+0000] {processor.py:183} INFO - Processing /opt/airflow/dags/first_taskflowpyt.py took 0.084 seconds
[2024-04-17T16:20:48.104+0000] {processor.py:161} INFO - Started process (PID=674) to work on /opt/airflow/dags/first_taskflowpyt.py
[2024-04-17T16:20:48.105+0000] {processor.py:830} INFO - Processing file /opt/airflow/dags/first_taskflowpyt.py for tasks to queue
[2024-04-17T16:20:48.107+0000] {logging_mixin.py:188} INFO - [2024-04-17T16:20:48.106+0000] {dagbag.py:540} INFO - Filling up the DagBag from /opt/airflow/dags/first_taskflowpyt.py
[2024-04-17T16:20:48.129+0000] {processor.py:840} INFO - DAG(s) 'first_taskflow' retrieved from /opt/airflow/dags/first_taskflowpyt.py
[2024-04-17T16:20:48.152+0000] {logging_mixin.py:188} INFO - [2024-04-17T16:20:48.151+0000] {dag.py:3047} INFO - Sync 1 DAGs
[2024-04-17T16:20:48.170+0000] {logging_mixin.py:188} INFO - [2024-04-17T16:20:48.169+0000] {dag.py:3834} INFO - Setting next_dagrun for first_taskflow to 2024-04-04 00:00:00+00:00, run_after=2024-04-05 00:00:00+00:00
[2024-04-17T16:20:48.189+0000] {processor.py:183} INFO - Processing /opt/airflow/dags/first_taskflowpyt.py took 0.088 seconds
[2024-04-17T16:21:19.748+0000] {processor.py:161} INFO - Started process (PID=694) to work on /opt/airflow/dags/first_taskflowpyt.py
[2024-04-17T16:21:19.749+0000] {processor.py:830} INFO - Processing file /opt/airflow/dags/first_taskflowpyt.py for tasks to queue
[2024-04-17T16:21:19.751+0000] {logging_mixin.py:188} INFO - [2024-04-17T16:21:19.750+0000] {dagbag.py:540} INFO - Filling up the DagBag from /opt/airflow/dags/first_taskflowpyt.py
[2024-04-17T16:21:19.772+0000] {processor.py:840} INFO - DAG(s) 'first_taskflow' retrieved from /opt/airflow/dags/first_taskflowpyt.py
[2024-04-17T16:21:19.796+0000] {logging_mixin.py:188} INFO - [2024-04-17T16:21:19.795+0000] {dag.py:3047} INFO - Sync 1 DAGs
[2024-04-17T16:21:19.821+0000] {logging_mixin.py:188} INFO - [2024-04-17T16:21:19.820+0000] {dag.py:3834} INFO - Setting next_dagrun for first_taskflow to 2024-04-04 00:00:00+00:00, run_after=2024-04-05 00:00:00+00:00
[2024-04-17T16:21:19.844+0000] {processor.py:183} INFO - Processing /opt/airflow/dags/first_taskflowpyt.py took 0.099 seconds
[2024-04-17T16:21:51.011+0000] {processor.py:161} INFO - Started process (PID=714) to work on /opt/airflow/dags/first_taskflowpyt.py
[2024-04-17T16:21:51.012+0000] {processor.py:830} INFO - Processing file /opt/airflow/dags/first_taskflowpyt.py for tasks to queue
[2024-04-17T16:21:51.014+0000] {logging_mixin.py:188} INFO - [2024-04-17T16:21:51.014+0000] {dagbag.py:540} INFO - Filling up the DagBag from /opt/airflow/dags/first_taskflowpyt.py
[2024-04-17T16:21:51.035+0000] {processor.py:840} INFO - DAG(s) 'first_taskflow' retrieved from /opt/airflow/dags/first_taskflowpyt.py
[2024-04-17T16:21:51.057+0000] {logging_mixin.py:188} INFO - [2024-04-17T16:21:51.057+0000] {dag.py:3047} INFO - Sync 1 DAGs
[2024-04-17T16:21:51.081+0000] {logging_mixin.py:188} INFO - [2024-04-17T16:21:51.081+0000] {dag.py:3834} INFO - Setting next_dagrun for first_taskflow to 2024-04-04 00:00:00+00:00, run_after=2024-04-05 00:00:00+00:00
[2024-04-17T16:21:51.100+0000] {processor.py:183} INFO - Processing /opt/airflow/dags/first_taskflowpyt.py took 0.092 seconds
[2024-04-17T16:22:22.149+0000] {processor.py:161} INFO - Started process (PID=735) to work on /opt/airflow/dags/first_taskflowpyt.py
[2024-04-17T16:22:22.151+0000] {processor.py:830} INFO - Processing file /opt/airflow/dags/first_taskflowpyt.py for tasks to queue
[2024-04-17T16:22:22.154+0000] {logging_mixin.py:188} INFO - [2024-04-17T16:22:22.154+0000] {dagbag.py:540} INFO - Filling up the DagBag from /opt/airflow/dags/first_taskflowpyt.py
[2024-04-17T16:22:22.180+0000] {processor.py:840} INFO - DAG(s) 'first_taskflow' retrieved from /opt/airflow/dags/first_taskflowpyt.py
[2024-04-17T16:22:22.209+0000] {logging_mixin.py:188} INFO - [2024-04-17T16:22:22.209+0000] {dag.py:3047} INFO - Sync 1 DAGs
[2024-04-17T16:22:22.233+0000] {logging_mixin.py:188} INFO - [2024-04-17T16:22:22.233+0000] {dag.py:3834} INFO - Setting next_dagrun for first_taskflow to 2024-04-04 00:00:00+00:00, run_after=2024-04-05 00:00:00+00:00
[2024-04-17T16:22:22.255+0000] {processor.py:183} INFO - Processing /opt/airflow/dags/first_taskflowpyt.py took 0.109 seconds
[2024-04-17T16:22:53.195+0000] {processor.py:161} INFO - Started process (PID=759) to work on /opt/airflow/dags/first_taskflowpyt.py
[2024-04-17T16:22:53.196+0000] {processor.py:830} INFO - Processing file /opt/airflow/dags/first_taskflowpyt.py for tasks to queue
[2024-04-17T16:22:53.198+0000] {logging_mixin.py:188} INFO - [2024-04-17T16:22:53.197+0000] {dagbag.py:540} INFO - Filling up the DagBag from /opt/airflow/dags/first_taskflowpyt.py
[2024-04-17T16:22:53.225+0000] {processor.py:840} INFO - DAG(s) 'first_taskflow' retrieved from /opt/airflow/dags/first_taskflowpyt.py
[2024-04-17T16:22:53.251+0000] {logging_mixin.py:188} INFO - [2024-04-17T16:22:53.251+0000] {dag.py:3047} INFO - Sync 1 DAGs
[2024-04-17T16:22:53.276+0000] {logging_mixin.py:188} INFO - [2024-04-17T16:22:53.276+0000] {dag.py:3834} INFO - Setting next_dagrun for first_taskflow to 2024-04-04 00:00:00+00:00, run_after=2024-04-05 00:00:00+00:00
[2024-04-17T16:22:53.295+0000] {processor.py:183} INFO - Processing /opt/airflow/dags/first_taskflowpyt.py took 0.103 seconds
[2024-04-17T16:23:24.213+0000] {processor.py:161} INFO - Started process (PID=779) to work on /opt/airflow/dags/first_taskflowpyt.py
[2024-04-17T16:23:24.215+0000] {processor.py:830} INFO - Processing file /opt/airflow/dags/first_taskflowpyt.py for tasks to queue
[2024-04-17T16:23:24.219+0000] {logging_mixin.py:188} INFO - [2024-04-17T16:23:24.219+0000] {dagbag.py:540} INFO - Filling up the DagBag from /opt/airflow/dags/first_taskflowpyt.py
[2024-04-17T16:23:24.246+0000] {processor.py:840} INFO - DAG(s) 'first_taskflow' retrieved from /opt/airflow/dags/first_taskflowpyt.py
[2024-04-17T16:23:24.273+0000] {logging_mixin.py:188} INFO - [2024-04-17T16:23:24.273+0000] {dag.py:3047} INFO - Sync 1 DAGs
[2024-04-17T16:23:24.305+0000] {logging_mixin.py:188} INFO - [2024-04-17T16:23:24.304+0000] {dag.py:3834} INFO - Setting next_dagrun for first_taskflow to 2024-04-04 00:00:00+00:00, run_after=2024-04-05 00:00:00+00:00
[2024-04-17T16:23:24.327+0000] {processor.py:183} INFO - Processing /opt/airflow/dags/first_taskflowpyt.py took 0.119 seconds
