[2024-04-17T16:05:22.612+0000] {processor.py:161} INFO - Started process (PID=60) to work on /opt/airflow/dags/first_day.py
[2024-04-17T16:05:22.614+0000] {processor.py:830} INFO - Processing file /opt/airflow/dags/first_day.py for tasks to queue
[2024-04-17T16:05:22.618+0000] {logging_mixin.py:188} INFO - [2024-04-17T16:05:22.618+0000] {dagbag.py:540} INFO - Filling up the DagBag from /opt/airflow/dags/first_day.py
[2024-04-17T16:05:22.660+0000] {processor.py:840} INFO - DAG(s) 'first_dag_bitwise3' retrieved from /opt/airflow/dags/first_day.py
[2024-04-17T16:05:22.724+0000] {logging_mixin.py:188} INFO - [2024-04-17T16:05:22.723+0000] {dag.py:3047} INFO - Sync 1 DAGs
[2024-04-17T16:05:22.784+0000] {logging_mixin.py:188} INFO - [2024-04-17T16:05:22.784+0000] {dag.py:3834} INFO - Setting next_dagrun for first_dag_bitwise3 to 2024-04-10 00:00:00+00:00, run_after=2024-04-11 00:00:00+00:00
[2024-04-17T16:05:22.830+0000] {processor.py:183} INFO - Processing /opt/airflow/dags/first_day.py took 0.223 seconds
[2024-04-17T16:05:53.422+0000] {processor.py:161} INFO - Started process (PID=80) to work on /opt/airflow/dags/first_day.py
[2024-04-17T16:05:53.423+0000] {processor.py:830} INFO - Processing file /opt/airflow/dags/first_day.py for tasks to queue
[2024-04-17T16:05:53.425+0000] {logging_mixin.py:188} INFO - [2024-04-17T16:05:53.425+0000] {dagbag.py:540} INFO - Filling up the DagBag from /opt/airflow/dags/first_day.py
[2024-04-17T16:05:53.457+0000] {processor.py:840} INFO - DAG(s) 'first_dag_bitwise3' retrieved from /opt/airflow/dags/first_day.py
[2024-04-17T16:05:53.670+0000] {logging_mixin.py:188} INFO - [2024-04-17T16:05:53.669+0000] {dag.py:3047} INFO - Sync 1 DAGs
[2024-04-17T16:05:53.699+0000] {logging_mixin.py:188} INFO - [2024-04-17T16:05:53.699+0000] {dag.py:3834} INFO - Setting next_dagrun for first_dag_bitwise3 to 2024-04-10 00:00:00+00:00, run_after=2024-04-11 00:00:00+00:00
[2024-04-17T16:05:53.730+0000] {processor.py:183} INFO - Processing /opt/airflow/dags/first_day.py took 0.313 seconds
[2024-04-17T16:06:24.280+0000] {processor.py:161} INFO - Started process (PID=100) to work on /opt/airflow/dags/first_day.py
[2024-04-17T16:06:24.281+0000] {processor.py:830} INFO - Processing file /opt/airflow/dags/first_day.py for tasks to queue
[2024-04-17T16:06:24.283+0000] {logging_mixin.py:188} INFO - [2024-04-17T16:06:24.283+0000] {dagbag.py:540} INFO - Filling up the DagBag from /opt/airflow/dags/first_day.py
[2024-04-17T16:06:24.303+0000] {processor.py:840} INFO - DAG(s) 'first_dag_bitwise3' retrieved from /opt/airflow/dags/first_day.py
[2024-04-17T16:06:24.400+0000] {logging_mixin.py:188} INFO - [2024-04-17T16:06:24.400+0000] {dag.py:3047} INFO - Sync 1 DAGs
[2024-04-17T16:06:24.421+0000] {logging_mixin.py:188} INFO - [2024-04-17T16:06:24.421+0000] {dag.py:3834} INFO - Setting next_dagrun for first_dag_bitwise3 to 2024-04-10 00:00:00+00:00, run_after=2024-04-11 00:00:00+00:00
[2024-04-17T16:06:24.443+0000] {processor.py:183} INFO - Processing /opt/airflow/dags/first_day.py took 0.166 seconds
[2024-04-17T16:06:54.857+0000] {processor.py:161} INFO - Started process (PID=120) to work on /opt/airflow/dags/first_day.py
[2024-04-17T16:06:54.858+0000] {processor.py:830} INFO - Processing file /opt/airflow/dags/first_day.py for tasks to queue
[2024-04-17T16:06:54.860+0000] {logging_mixin.py:188} INFO - [2024-04-17T16:06:54.859+0000] {dagbag.py:540} INFO - Filling up the DagBag from /opt/airflow/dags/first_day.py
[2024-04-17T16:06:54.879+0000] {processor.py:840} INFO - DAG(s) 'first_dag_bitwise3' retrieved from /opt/airflow/dags/first_day.py
[2024-04-17T16:06:54.963+0000] {logging_mixin.py:188} INFO - [2024-04-17T16:06:54.963+0000] {dag.py:3047} INFO - Sync 1 DAGs
[2024-04-17T16:06:54.980+0000] {logging_mixin.py:188} INFO - [2024-04-17T16:06:54.980+0000] {dag.py:3834} INFO - Setting next_dagrun for first_dag_bitwise3 to 2024-04-10 00:00:00+00:00, run_after=2024-04-11 00:00:00+00:00
[2024-04-17T16:06:54.997+0000] {processor.py:183} INFO - Processing /opt/airflow/dags/first_day.py took 0.143 seconds
[2024-04-17T16:07:25.976+0000] {processor.py:161} INFO - Started process (PID=140) to work on /opt/airflow/dags/first_day.py
[2024-04-17T16:07:25.978+0000] {processor.py:830} INFO - Processing file /opt/airflow/dags/first_day.py for tasks to queue
[2024-04-17T16:07:25.980+0000] {logging_mixin.py:188} INFO - [2024-04-17T16:07:25.979+0000] {dagbag.py:540} INFO - Filling up the DagBag from /opt/airflow/dags/first_day.py
[2024-04-17T16:07:26.000+0000] {processor.py:840} INFO - DAG(s) 'first_dag_bitwise3' retrieved from /opt/airflow/dags/first_day.py
[2024-04-17T16:07:26.023+0000] {logging_mixin.py:188} INFO - [2024-04-17T16:07:26.023+0000] {dag.py:3047} INFO - Sync 1 DAGs
[2024-04-17T16:07:26.047+0000] {logging_mixin.py:188} INFO - [2024-04-17T16:07:26.047+0000] {dag.py:3834} INFO - Setting next_dagrun for first_dag_bitwise3 to 2024-04-10 00:00:00+00:00, run_after=2024-04-11 00:00:00+00:00
[2024-04-17T16:07:26.073+0000] {processor.py:183} INFO - Processing /opt/airflow/dags/first_day.py took 0.100 seconds
[2024-04-17T16:07:56.755+0000] {processor.py:161} INFO - Started process (PID=160) to work on /opt/airflow/dags/first_day.py
[2024-04-17T16:07:56.756+0000] {processor.py:830} INFO - Processing file /opt/airflow/dags/first_day.py for tasks to queue
[2024-04-17T16:07:56.759+0000] {logging_mixin.py:188} INFO - [2024-04-17T16:07:56.759+0000] {dagbag.py:540} INFO - Filling up the DagBag from /opt/airflow/dags/first_day.py
[2024-04-17T16:07:56.787+0000] {processor.py:840} INFO - DAG(s) 'first_dag_bitwise3' retrieved from /opt/airflow/dags/first_day.py
[2024-04-17T16:07:56.813+0000] {logging_mixin.py:188} INFO - [2024-04-17T16:07:56.813+0000] {dag.py:3047} INFO - Sync 1 DAGs
[2024-04-17T16:07:56.841+0000] {logging_mixin.py:188} INFO - [2024-04-17T16:07:56.841+0000] {dag.py:3834} INFO - Setting next_dagrun for first_dag_bitwise3 to 2024-04-10 00:00:00+00:00, run_after=2024-04-11 00:00:00+00:00
[2024-04-17T16:07:56.866+0000] {processor.py:183} INFO - Processing /opt/airflow/dags/first_day.py took 0.114 seconds
[2024-04-17T16:08:27.700+0000] {processor.py:161} INFO - Started process (PID=181) to work on /opt/airflow/dags/first_day.py
[2024-04-17T16:08:27.702+0000] {processor.py:830} INFO - Processing file /opt/airflow/dags/first_day.py for tasks to queue
[2024-04-17T16:08:27.704+0000] {logging_mixin.py:188} INFO - [2024-04-17T16:08:27.703+0000] {dagbag.py:540} INFO - Filling up the DagBag from /opt/airflow/dags/first_day.py
[2024-04-17T16:08:27.725+0000] {processor.py:840} INFO - DAG(s) 'first_dag_bitwise3' retrieved from /opt/airflow/dags/first_day.py
[2024-04-17T16:08:27.751+0000] {logging_mixin.py:188} INFO - [2024-04-17T16:08:27.750+0000] {dag.py:3047} INFO - Sync 1 DAGs
[2024-04-17T16:08:27.779+0000] {logging_mixin.py:188} INFO - [2024-04-17T16:08:27.779+0000] {dag.py:3834} INFO - Setting next_dagrun for first_dag_bitwise3 to 2024-04-10 00:00:00+00:00, run_after=2024-04-11 00:00:00+00:00
[2024-04-17T16:08:27.800+0000] {processor.py:183} INFO - Processing /opt/airflow/dags/first_day.py took 0.103 seconds
[2024-04-17T16:08:58.466+0000] {processor.py:161} INFO - Started process (PID=201) to work on /opt/airflow/dags/first_day.py
[2024-04-17T16:08:58.467+0000] {processor.py:830} INFO - Processing file /opt/airflow/dags/first_day.py for tasks to queue
[2024-04-17T16:08:58.469+0000] {logging_mixin.py:188} INFO - [2024-04-17T16:08:58.469+0000] {dagbag.py:540} INFO - Filling up the DagBag from /opt/airflow/dags/first_day.py
[2024-04-17T16:08:58.489+0000] {processor.py:840} INFO - DAG(s) 'first_dag_bitwise3' retrieved from /opt/airflow/dags/first_day.py
[2024-04-17T16:08:58.508+0000] {logging_mixin.py:188} INFO - [2024-04-17T16:08:58.508+0000] {dag.py:3047} INFO - Sync 1 DAGs
[2024-04-17T16:08:58.526+0000] {logging_mixin.py:188} INFO - [2024-04-17T16:08:58.526+0000] {dag.py:3834} INFO - Setting next_dagrun for first_dag_bitwise3 to 2024-04-10 00:00:00+00:00, run_after=2024-04-11 00:00:00+00:00
[2024-04-17T16:08:58.553+0000] {processor.py:183} INFO - Processing /opt/airflow/dags/first_day.py took 0.089 seconds
[2024-04-17T16:09:29.166+0000] {processor.py:161} INFO - Started process (PID=221) to work on /opt/airflow/dags/first_day.py
[2024-04-17T16:09:29.167+0000] {processor.py:830} INFO - Processing file /opt/airflow/dags/first_day.py for tasks to queue
[2024-04-17T16:09:29.168+0000] {logging_mixin.py:188} INFO - [2024-04-17T16:09:29.168+0000] {dagbag.py:540} INFO - Filling up the DagBag from /opt/airflow/dags/first_day.py
[2024-04-17T16:09:29.186+0000] {processor.py:840} INFO - DAG(s) 'first_dag_bitwise3' retrieved from /opt/airflow/dags/first_day.py
[2024-04-17T16:09:29.207+0000] {logging_mixin.py:188} INFO - [2024-04-17T16:09:29.206+0000] {dag.py:3047} INFO - Sync 1 DAGs
[2024-04-17T16:09:29.231+0000] {logging_mixin.py:188} INFO - [2024-04-17T16:09:29.231+0000] {dag.py:3834} INFO - Setting next_dagrun for first_dag_bitwise3 to 2024-04-10 00:00:00+00:00, run_after=2024-04-11 00:00:00+00:00
[2024-04-17T16:09:29.254+0000] {processor.py:183} INFO - Processing /opt/airflow/dags/first_day.py took 0.091 seconds
