[2024-04-17T16:05:22.488+0000] {processor.py:161} INFO - Started process (PID=59) to work on /opt/airflow/dags/first_day_pythonop.py
[2024-04-17T16:05:22.490+0000] {processor.py:830} INFO - Processing file /opt/airflow/dags/first_day_pythonop.py for tasks to queue
[2024-04-17T16:05:22.492+0000] {logging_mixin.py:188} INFO - [2024-04-17T16:05:22.492+0000] {dagbag.py:540} INFO - Filling up the DagBag from /opt/airflow/dags/first_day_pythonop.py
[2024-04-17T16:05:22.528+0000] {processor.py:840} INFO - DAG(s) 'first_dag_pythonop' retrieved from /opt/airflow/dags/first_day_pythonop.py
[2024-04-17T16:05:22.557+0000] {logging_mixin.py:188} INFO - [2024-04-17T16:05:22.556+0000] {dag.py:3047} INFO - Sync 1 DAGs
[2024-04-17T16:05:22.602+0000] {logging_mixin.py:188} INFO - [2024-04-17T16:05:22.602+0000] {dag.py:3834} INFO - Setting next_dagrun for first_dag_pythonop to 2024-04-10 00:00:00+00:00, run_after=2024-04-11 00:00:00+00:00
[2024-04-17T16:05:22.646+0000] {processor.py:183} INFO - Processing /opt/airflow/dags/first_day_pythonop.py took 0.161 seconds
[2024-04-17T16:05:53.380+0000] {processor.py:161} INFO - Started process (PID=79) to work on /opt/airflow/dags/first_day_pythonop.py
[2024-04-17T16:05:53.382+0000] {processor.py:830} INFO - Processing file /opt/airflow/dags/first_day_pythonop.py for tasks to queue
[2024-04-17T16:05:53.385+0000] {logging_mixin.py:188} INFO - [2024-04-17T16:05:53.385+0000] {dagbag.py:540} INFO - Filling up the DagBag from /opt/airflow/dags/first_day_pythonop.py
[2024-04-17T16:05:53.411+0000] {processor.py:840} INFO - DAG(s) 'first_dag_pythonop' retrieved from /opt/airflow/dags/first_day_pythonop.py
[2024-04-17T16:05:53.611+0000] {logging_mixin.py:188} INFO - [2024-04-17T16:05:53.610+0000] {dag.py:3047} INFO - Sync 1 DAGs
[2024-04-17T16:05:53.654+0000] {logging_mixin.py:188} INFO - [2024-04-17T16:05:53.653+0000] {dag.py:3834} INFO - Setting next_dagrun for first_dag_pythonop to 2024-04-10 00:00:00+00:00, run_after=2024-04-11 00:00:00+00:00
[2024-04-17T16:05:53.684+0000] {processor.py:183} INFO - Processing /opt/airflow/dags/first_day_pythonop.py took 0.309 seconds
[2024-04-17T16:06:24.185+0000] {processor.py:161} INFO - Started process (PID=99) to work on /opt/airflow/dags/first_day_pythonop.py
[2024-04-17T16:06:24.187+0000] {processor.py:830} INFO - Processing file /opt/airflow/dags/first_day_pythonop.py for tasks to queue
[2024-04-17T16:06:24.189+0000] {logging_mixin.py:188} INFO - [2024-04-17T16:06:24.189+0000] {dagbag.py:540} INFO - Filling up the DagBag from /opt/airflow/dags/first_day_pythonop.py
[2024-04-17T16:06:24.214+0000] {processor.py:840} INFO - DAG(s) 'first_dag_pythonop' retrieved from /opt/airflow/dags/first_day_pythonop.py
[2024-04-17T16:06:24.325+0000] {logging_mixin.py:188} INFO - [2024-04-17T16:06:24.325+0000] {dag.py:3047} INFO - Sync 1 DAGs
[2024-04-17T16:06:24.346+0000] {logging_mixin.py:188} INFO - [2024-04-17T16:06:24.345+0000] {dag.py:3834} INFO - Setting next_dagrun for first_dag_pythonop to 2024-04-10 00:00:00+00:00, run_after=2024-04-11 00:00:00+00:00
[2024-04-17T16:06:24.366+0000] {processor.py:183} INFO - Processing /opt/airflow/dags/first_day_pythonop.py took 0.185 seconds
[2024-04-17T16:06:54.705+0000] {processor.py:161} INFO - Started process (PID=119) to work on /opt/airflow/dags/first_day_pythonop.py
[2024-04-17T16:06:54.706+0000] {processor.py:830} INFO - Processing file /opt/airflow/dags/first_day_pythonop.py for tasks to queue
[2024-04-17T16:06:54.708+0000] {logging_mixin.py:188} INFO - [2024-04-17T16:06:54.707+0000] {dagbag.py:540} INFO - Filling up the DagBag from /opt/airflow/dags/first_day_pythonop.py
[2024-04-17T16:06:54.729+0000] {processor.py:840} INFO - DAG(s) 'first_dag_pythonop' retrieved from /opt/airflow/dags/first_day_pythonop.py
[2024-04-17T16:06:54.814+0000] {logging_mixin.py:188} INFO - [2024-04-17T16:06:54.813+0000] {dag.py:3047} INFO - Sync 1 DAGs
[2024-04-17T16:06:54.832+0000] {logging_mixin.py:188} INFO - [2024-04-17T16:06:54.832+0000] {dag.py:3834} INFO - Setting next_dagrun for first_dag_pythonop to 2024-04-10 00:00:00+00:00, run_after=2024-04-11 00:00:00+00:00
[2024-04-17T16:06:54.854+0000] {processor.py:183} INFO - Processing /opt/airflow/dags/first_day_pythonop.py took 0.151 seconds
[2024-04-17T16:07:25.853+0000] {processor.py:161} INFO - Started process (PID=139) to work on /opt/airflow/dags/first_day_pythonop.py
[2024-04-17T16:07:25.854+0000] {processor.py:830} INFO - Processing file /opt/airflow/dags/first_day_pythonop.py for tasks to queue
[2024-04-17T16:07:25.857+0000] {logging_mixin.py:188} INFO - [2024-04-17T16:07:25.856+0000] {dagbag.py:540} INFO - Filling up the DagBag from /opt/airflow/dags/first_day_pythonop.py
[2024-04-17T16:07:25.875+0000] {processor.py:840} INFO - DAG(s) 'first_dag_pythonop' retrieved from /opt/airflow/dags/first_day_pythonop.py
[2024-04-17T16:07:25.898+0000] {logging_mixin.py:188} INFO - [2024-04-17T16:07:25.897+0000] {dag.py:3047} INFO - Sync 1 DAGs
[2024-04-17T16:07:25.921+0000] {logging_mixin.py:188} INFO - [2024-04-17T16:07:25.921+0000] {dag.py:3834} INFO - Setting next_dagrun for first_dag_pythonop to 2024-04-10 00:00:00+00:00, run_after=2024-04-11 00:00:00+00:00
[2024-04-17T16:07:25.943+0000] {processor.py:183} INFO - Processing /opt/airflow/dags/first_day_pythonop.py took 0.093 seconds
[2024-04-17T16:07:56.723+0000] {processor.py:161} INFO - Started process (PID=159) to work on /opt/airflow/dags/first_day_pythonop.py
[2024-04-17T16:07:56.725+0000] {processor.py:830} INFO - Processing file /opt/airflow/dags/first_day_pythonop.py for tasks to queue
[2024-04-17T16:07:56.727+0000] {logging_mixin.py:188} INFO - [2024-04-17T16:07:56.726+0000] {dagbag.py:540} INFO - Filling up the DagBag from /opt/airflow/dags/first_day_pythonop.py
[2024-04-17T16:07:56.750+0000] {processor.py:840} INFO - DAG(s) 'first_dag_pythonop' retrieved from /opt/airflow/dags/first_day_pythonop.py
[2024-04-17T16:07:56.781+0000] {logging_mixin.py:188} INFO - [2024-04-17T16:07:56.780+0000] {dag.py:3047} INFO - Sync 1 DAGs
[2024-04-17T16:07:56.809+0000] {logging_mixin.py:188} INFO - [2024-04-17T16:07:56.809+0000] {dag.py:3834} INFO - Setting next_dagrun for first_dag_pythonop to 2024-04-10 00:00:00+00:00, run_after=2024-04-11 00:00:00+00:00
[2024-04-17T16:07:56.833+0000] {processor.py:183} INFO - Processing /opt/airflow/dags/first_day_pythonop.py took 0.113 seconds
[2024-04-17T16:08:27.691+0000] {processor.py:161} INFO - Started process (PID=180) to work on /opt/airflow/dags/first_day_pythonop.py
[2024-04-17T16:08:27.693+0000] {processor.py:830} INFO - Processing file /opt/airflow/dags/first_day_pythonop.py for tasks to queue
[2024-04-17T16:08:27.694+0000] {logging_mixin.py:188} INFO - [2024-04-17T16:08:27.694+0000] {dagbag.py:540} INFO - Filling up the DagBag from /opt/airflow/dags/first_day_pythonop.py
[2024-04-17T16:08:27.715+0000] {processor.py:840} INFO - DAG(s) 'first_dag_pythonop' retrieved from /opt/airflow/dags/first_day_pythonop.py
[2024-04-17T16:08:27.740+0000] {logging_mixin.py:188} INFO - [2024-04-17T16:08:27.740+0000] {dag.py:3047} INFO - Sync 1 DAGs
[2024-04-17T16:08:27.769+0000] {logging_mixin.py:188} INFO - [2024-04-17T16:08:27.768+0000] {dag.py:3834} INFO - Setting next_dagrun for first_dag_pythonop to 2024-04-10 00:00:00+00:00, run_after=2024-04-11 00:00:00+00:00
[2024-04-17T16:08:27.792+0000] {processor.py:183} INFO - Processing /opt/airflow/dags/first_day_pythonop.py took 0.103 seconds
[2024-04-17T16:08:58.353+0000] {processor.py:161} INFO - Started process (PID=200) to work on /opt/airflow/dags/first_day_pythonop.py
[2024-04-17T16:08:58.354+0000] {processor.py:830} INFO - Processing file /opt/airflow/dags/first_day_pythonop.py for tasks to queue
[2024-04-17T16:08:58.356+0000] {logging_mixin.py:188} INFO - [2024-04-17T16:08:58.356+0000] {dagbag.py:540} INFO - Filling up the DagBag from /opt/airflow/dags/first_day_pythonop.py
[2024-04-17T16:08:58.375+0000] {processor.py:840} INFO - DAG(s) 'first_dag_pythonop' retrieved from /opt/airflow/dags/first_day_pythonop.py
[2024-04-17T16:08:58.394+0000] {logging_mixin.py:188} INFO - [2024-04-17T16:08:58.394+0000] {dag.py:3047} INFO - Sync 1 DAGs
[2024-04-17T16:08:58.414+0000] {logging_mixin.py:188} INFO - [2024-04-17T16:08:58.413+0000] {dag.py:3834} INFO - Setting next_dagrun for first_dag_pythonop to 2024-04-10 00:00:00+00:00, run_after=2024-04-11 00:00:00+00:00
[2024-04-17T16:08:58.432+0000] {processor.py:183} INFO - Processing /opt/airflow/dags/first_day_pythonop.py took 0.082 seconds
[2024-04-17T16:09:29.048+0000] {processor.py:161} INFO - Started process (PID=220) to work on /opt/airflow/dags/first_day_pythonop.py
[2024-04-17T16:09:29.050+0000] {processor.py:830} INFO - Processing file /opt/airflow/dags/first_day_pythonop.py for tasks to queue
[2024-04-17T16:09:29.051+0000] {logging_mixin.py:188} INFO - [2024-04-17T16:09:29.051+0000] {dagbag.py:540} INFO - Filling up the DagBag from /opt/airflow/dags/first_day_pythonop.py
[2024-04-17T16:09:29.070+0000] {processor.py:840} INFO - DAG(s) 'first_dag_pythonop' retrieved from /opt/airflow/dags/first_day_pythonop.py
[2024-04-17T16:09:29.090+0000] {logging_mixin.py:188} INFO - [2024-04-17T16:09:29.090+0000] {dag.py:3047} INFO - Sync 1 DAGs
[2024-04-17T16:09:29.118+0000] {logging_mixin.py:188} INFO - [2024-04-17T16:09:29.118+0000] {dag.py:3834} INFO - Setting next_dagrun for first_dag_pythonop to 2024-04-10 00:00:00+00:00, run_after=2024-04-11 00:00:00+00:00
[2024-04-17T16:09:29.142+0000] {processor.py:183} INFO - Processing /opt/airflow/dags/first_day_pythonop.py took 0.097 seconds
[2024-04-17T16:10:00.044+0000] {processor.py:161} INFO - Started process (PID=240) to work on /opt/airflow/dags/first_day_pythonop.py
[2024-04-17T16:10:00.046+0000] {processor.py:830} INFO - Processing file /opt/airflow/dags/first_day_pythonop.py for tasks to queue
[2024-04-17T16:10:00.048+0000] {logging_mixin.py:188} INFO - [2024-04-17T16:10:00.048+0000] {dagbag.py:540} INFO - Filling up the DagBag from /opt/airflow/dags/first_day_pythonop.py
[2024-04-17T16:10:00.075+0000] {processor.py:840} INFO - DAG(s) 'first_dag_pythonop' retrieved from /opt/airflow/dags/first_day_pythonop.py
[2024-04-17T16:10:00.102+0000] {logging_mixin.py:188} INFO - [2024-04-17T16:10:00.102+0000] {dag.py:3047} INFO - Sync 1 DAGs
[2024-04-17T16:10:00.133+0000] {logging_mixin.py:188} INFO - [2024-04-17T16:10:00.132+0000] {dag.py:3834} INFO - Setting next_dagrun for first_dag_pythonop to 2024-04-10 00:00:00+00:00, run_after=2024-04-11 00:00:00+00:00
[2024-04-17T16:10:00.158+0000] {processor.py:183} INFO - Processing /opt/airflow/dags/first_day_pythonop.py took 0.117 seconds
[2024-04-17T16:10:31.201+0000] {processor.py:161} INFO - Started process (PID=260) to work on /opt/airflow/dags/first_day_pythonop.py
[2024-04-17T16:10:31.203+0000] {processor.py:830} INFO - Processing file /opt/airflow/dags/first_day_pythonop.py for tasks to queue
[2024-04-17T16:10:31.205+0000] {logging_mixin.py:188} INFO - [2024-04-17T16:10:31.205+0000] {dagbag.py:540} INFO - Filling up the DagBag from /opt/airflow/dags/first_day_pythonop.py
[2024-04-17T16:10:31.230+0000] {processor.py:840} INFO - DAG(s) 'first_dag_pythonop' retrieved from /opt/airflow/dags/first_day_pythonop.py
[2024-04-17T16:10:31.257+0000] {logging_mixin.py:188} INFO - [2024-04-17T16:10:31.256+0000] {dag.py:3047} INFO - Sync 1 DAGs
[2024-04-17T16:10:31.280+0000] {logging_mixin.py:188} INFO - [2024-04-17T16:10:31.279+0000] {dag.py:3834} INFO - Setting next_dagrun for first_dag_pythonop to 2024-04-10 00:00:00+00:00, run_after=2024-04-11 00:00:00+00:00
[2024-04-17T16:10:31.303+0000] {processor.py:183} INFO - Processing /opt/airflow/dags/first_day_pythonop.py took 0.106 seconds
[2024-04-17T16:11:01.954+0000] {processor.py:161} INFO - Started process (PID=280) to work on /opt/airflow/dags/first_day_pythonop.py
[2024-04-17T16:11:01.955+0000] {processor.py:830} INFO - Processing file /opt/airflow/dags/first_day_pythonop.py for tasks to queue
[2024-04-17T16:11:01.957+0000] {logging_mixin.py:188} INFO - [2024-04-17T16:11:01.957+0000] {dagbag.py:540} INFO - Filling up the DagBag from /opt/airflow/dags/first_day_pythonop.py
[2024-04-17T16:11:01.977+0000] {processor.py:840} INFO - DAG(s) 'first_dag_pythonop' retrieved from /opt/airflow/dags/first_day_pythonop.py
[2024-04-17T16:11:01.998+0000] {logging_mixin.py:188} INFO - [2024-04-17T16:11:01.997+0000] {dag.py:3047} INFO - Sync 1 DAGs
[2024-04-17T16:11:02.016+0000] {logging_mixin.py:188} INFO - [2024-04-17T16:11:02.016+0000] {dag.py:3834} INFO - Setting next_dagrun for first_dag_pythonop to 2024-04-10 00:00:00+00:00, run_after=2024-04-11 00:00:00+00:00
[2024-04-17T16:11:02.035+0000] {processor.py:183} INFO - Processing /opt/airflow/dags/first_day_pythonop.py took 0.084 seconds
[2024-04-17T16:11:32.679+0000] {processor.py:161} INFO - Started process (PID=300) to work on /opt/airflow/dags/first_day_pythonop.py
[2024-04-17T16:11:32.680+0000] {processor.py:830} INFO - Processing file /opt/airflow/dags/first_day_pythonop.py for tasks to queue
[2024-04-17T16:11:32.682+0000] {logging_mixin.py:188} INFO - [2024-04-17T16:11:32.682+0000] {dagbag.py:540} INFO - Filling up the DagBag from /opt/airflow/dags/first_day_pythonop.py
[2024-04-17T16:11:32.700+0000] {processor.py:840} INFO - DAG(s) 'first_dag_pythonop' retrieved from /opt/airflow/dags/first_day_pythonop.py
[2024-04-17T16:11:32.722+0000] {logging_mixin.py:188} INFO - [2024-04-17T16:11:32.722+0000] {dag.py:3047} INFO - Sync 1 DAGs
[2024-04-17T16:11:32.744+0000] {logging_mixin.py:188} INFO - [2024-04-17T16:11:32.744+0000] {dag.py:3834} INFO - Setting next_dagrun for first_dag_pythonop to 2024-04-10 00:00:00+00:00, run_after=2024-04-11 00:00:00+00:00
[2024-04-17T16:11:32.763+0000] {processor.py:183} INFO - Processing /opt/airflow/dags/first_day_pythonop.py took 0.086 seconds
[2024-04-17T16:12:03.374+0000] {processor.py:161} INFO - Started process (PID=320) to work on /opt/airflow/dags/first_day_pythonop.py
[2024-04-17T16:12:03.375+0000] {processor.py:830} INFO - Processing file /opt/airflow/dags/first_day_pythonop.py for tasks to queue
[2024-04-17T16:12:03.377+0000] {logging_mixin.py:188} INFO - [2024-04-17T16:12:03.376+0000] {dagbag.py:540} INFO - Filling up the DagBag from /opt/airflow/dags/first_day_pythonop.py
[2024-04-17T16:12:03.393+0000] {processor.py:840} INFO - DAG(s) 'first_dag_pythonop' retrieved from /opt/airflow/dags/first_day_pythonop.py
[2024-04-17T16:12:03.412+0000] {logging_mixin.py:188} INFO - [2024-04-17T16:12:03.411+0000] {dag.py:3047} INFO - Sync 1 DAGs
[2024-04-17T16:12:03.431+0000] {logging_mixin.py:188} INFO - [2024-04-17T16:12:03.431+0000] {dag.py:3834} INFO - Setting next_dagrun for first_dag_pythonop to 2024-04-10 00:00:00+00:00, run_after=2024-04-11 00:00:00+00:00
[2024-04-17T16:12:03.447+0000] {processor.py:183} INFO - Processing /opt/airflow/dags/first_day_pythonop.py took 0.075 seconds
[2024-04-17T16:12:34.564+0000] {processor.py:161} INFO - Started process (PID=340) to work on /opt/airflow/dags/first_day_pythonop.py
[2024-04-17T16:12:34.565+0000] {processor.py:830} INFO - Processing file /opt/airflow/dags/first_day_pythonop.py for tasks to queue
[2024-04-17T16:12:34.567+0000] {logging_mixin.py:188} INFO - [2024-04-17T16:12:34.566+0000] {dagbag.py:540} INFO - Filling up the DagBag from /opt/airflow/dags/first_day_pythonop.py
[2024-04-17T16:12:34.591+0000] {processor.py:840} INFO - DAG(s) 'first_dag_pythonop' retrieved from /opt/airflow/dags/first_day_pythonop.py
[2024-04-17T16:12:34.613+0000] {logging_mixin.py:188} INFO - [2024-04-17T16:12:34.613+0000] {dag.py:3047} INFO - Sync 1 DAGs
[2024-04-17T16:12:34.634+0000] {logging_mixin.py:188} INFO - [2024-04-17T16:12:34.633+0000] {dag.py:3834} INFO - Setting next_dagrun for first_dag_pythonop to 2024-04-10 00:00:00+00:00, run_after=2024-04-11 00:00:00+00:00
[2024-04-17T16:12:34.654+0000] {processor.py:183} INFO - Processing /opt/airflow/dags/first_day_pythonop.py took 0.094 seconds
[2024-04-17T16:13:05.365+0000] {processor.py:161} INFO - Started process (PID=360) to work on /opt/airflow/dags/first_day_pythonop.py
[2024-04-17T16:13:05.366+0000] {processor.py:830} INFO - Processing file /opt/airflow/dags/first_day_pythonop.py for tasks to queue
[2024-04-17T16:13:05.367+0000] {logging_mixin.py:188} INFO - [2024-04-17T16:13:05.367+0000] {dagbag.py:540} INFO - Filling up the DagBag from /opt/airflow/dags/first_day_pythonop.py
[2024-04-17T16:13:05.388+0000] {processor.py:840} INFO - DAG(s) 'first_dag_pythonop' retrieved from /opt/airflow/dags/first_day_pythonop.py
[2024-04-17T16:13:05.406+0000] {logging_mixin.py:188} INFO - [2024-04-17T16:13:05.406+0000] {dag.py:3047} INFO - Sync 1 DAGs
[2024-04-17T16:13:05.425+0000] {logging_mixin.py:188} INFO - [2024-04-17T16:13:05.424+0000] {dag.py:3834} INFO - Setting next_dagrun for first_dag_pythonop to 2024-04-10 00:00:00+00:00, run_after=2024-04-11 00:00:00+00:00
[2024-04-17T16:13:05.443+0000] {processor.py:183} INFO - Processing /opt/airflow/dags/first_day_pythonop.py took 0.080 seconds
[2024-04-17T16:13:35.612+0000] {processor.py:161} INFO - Started process (PID=380) to work on /opt/airflow/dags/first_day_pythonop.py
[2024-04-17T16:13:35.613+0000] {processor.py:830} INFO - Processing file /opt/airflow/dags/first_day_pythonop.py for tasks to queue
[2024-04-17T16:13:35.614+0000] {logging_mixin.py:188} INFO - [2024-04-17T16:13:35.614+0000] {dagbag.py:540} INFO - Filling up the DagBag from /opt/airflow/dags/first_day_pythonop.py
[2024-04-17T16:13:35.634+0000] {processor.py:840} INFO - DAG(s) 'first_dag_pythonop' retrieved from /opt/airflow/dags/first_day_pythonop.py
[2024-04-17T16:13:35.654+0000] {logging_mixin.py:188} INFO - [2024-04-17T16:13:35.654+0000] {dag.py:3047} INFO - Sync 1 DAGs
[2024-04-17T16:13:35.675+0000] {logging_mixin.py:188} INFO - [2024-04-17T16:13:35.675+0000] {dag.py:3834} INFO - Setting next_dagrun for first_dag_pythonop to 2024-04-10 00:00:00+00:00, run_after=2024-04-11 00:00:00+00:00
[2024-04-17T16:13:35.693+0000] {processor.py:183} INFO - Processing /opt/airflow/dags/first_day_pythonop.py took 0.084 seconds
[2024-04-17T16:14:05.753+0000] {processor.py:161} INFO - Started process (PID=398) to work on /opt/airflow/dags/first_day_pythonop.py
[2024-04-17T16:14:05.754+0000] {processor.py:830} INFO - Processing file /opt/airflow/dags/first_day_pythonop.py for tasks to queue
[2024-04-17T16:14:05.756+0000] {logging_mixin.py:188} INFO - [2024-04-17T16:14:05.755+0000] {dagbag.py:540} INFO - Filling up the DagBag from /opt/airflow/dags/first_day_pythonop.py
[2024-04-17T16:14:05.773+0000] {processor.py:840} INFO - DAG(s) 'first_dag_pythonop' retrieved from /opt/airflow/dags/first_day_pythonop.py
[2024-04-17T16:14:05.792+0000] {logging_mixin.py:188} INFO - [2024-04-17T16:14:05.792+0000] {dag.py:3047} INFO - Sync 1 DAGs
[2024-04-17T16:14:05.810+0000] {logging_mixin.py:188} INFO - [2024-04-17T16:14:05.810+0000] {dag.py:3834} INFO - Setting next_dagrun for first_dag_pythonop to 2024-04-10 00:00:00+00:00, run_after=2024-04-11 00:00:00+00:00
[2024-04-17T16:14:05.828+0000] {processor.py:183} INFO - Processing /opt/airflow/dags/first_day_pythonop.py took 0.078 seconds
[2024-04-17T16:14:36.473+0000] {processor.py:161} INFO - Started process (PID=418) to work on /opt/airflow/dags/first_day_pythonop.py
[2024-04-17T16:14:36.475+0000] {processor.py:830} INFO - Processing file /opt/airflow/dags/first_day_pythonop.py for tasks to queue
[2024-04-17T16:14:36.478+0000] {logging_mixin.py:188} INFO - [2024-04-17T16:14:36.478+0000] {dagbag.py:540} INFO - Filling up the DagBag from /opt/airflow/dags/first_day_pythonop.py
[2024-04-17T16:14:36.504+0000] {processor.py:840} INFO - DAG(s) 'first_dag_pythonop' retrieved from /opt/airflow/dags/first_day_pythonop.py
[2024-04-17T16:14:36.533+0000] {logging_mixin.py:188} INFO - [2024-04-17T16:14:36.533+0000] {dag.py:3047} INFO - Sync 1 DAGs
[2024-04-17T16:14:36.559+0000] {logging_mixin.py:188} INFO - [2024-04-17T16:14:36.559+0000] {dag.py:3834} INFO - Setting next_dagrun for first_dag_pythonop to 2024-04-10 00:00:00+00:00, run_after=2024-04-11 00:00:00+00:00
[2024-04-17T16:14:36.582+0000] {processor.py:183} INFO - Processing /opt/airflow/dags/first_day_pythonop.py took 0.114 seconds
[2024-04-17T16:15:07.116+0000] {processor.py:161} INFO - Started process (PID=439) to work on /opt/airflow/dags/first_day_pythonop.py
[2024-04-17T16:15:07.118+0000] {processor.py:830} INFO - Processing file /opt/airflow/dags/first_day_pythonop.py for tasks to queue
[2024-04-17T16:15:07.120+0000] {logging_mixin.py:188} INFO - [2024-04-17T16:15:07.120+0000] {dagbag.py:540} INFO - Filling up the DagBag from /opt/airflow/dags/first_day_pythonop.py
[2024-04-17T16:15:07.143+0000] {processor.py:840} INFO - DAG(s) 'first_dag_pythonop' retrieved from /opt/airflow/dags/first_day_pythonop.py
[2024-04-17T16:15:07.167+0000] {logging_mixin.py:188} INFO - [2024-04-17T16:15:07.167+0000] {dag.py:3047} INFO - Sync 1 DAGs
[2024-04-17T16:15:07.188+0000] {logging_mixin.py:188} INFO - [2024-04-17T16:15:07.187+0000] {dag.py:3834} INFO - Setting next_dagrun for first_dag_pythonop to 2024-04-10 00:00:00+00:00, run_after=2024-04-11 00:00:00+00:00
[2024-04-17T16:15:07.206+0000] {processor.py:183} INFO - Processing /opt/airflow/dags/first_day_pythonop.py took 0.093 seconds
[2024-04-17T16:15:37.850+0000] {processor.py:161} INFO - Started process (PID=459) to work on /opt/airflow/dags/first_day_pythonop.py
[2024-04-17T16:15:37.852+0000] {processor.py:830} INFO - Processing file /opt/airflow/dags/first_day_pythonop.py for tasks to queue
[2024-04-17T16:15:37.853+0000] {logging_mixin.py:188} INFO - [2024-04-17T16:15:37.853+0000] {dagbag.py:540} INFO - Filling up the DagBag from /opt/airflow/dags/first_day_pythonop.py
[2024-04-17T16:15:37.878+0000] {processor.py:840} INFO - DAG(s) 'first_dag_pythonop' retrieved from /opt/airflow/dags/first_day_pythonop.py
[2024-04-17T16:15:37.905+0000] {logging_mixin.py:188} INFO - [2024-04-17T16:15:37.904+0000] {dag.py:3047} INFO - Sync 1 DAGs
[2024-04-17T16:15:37.932+0000] {logging_mixin.py:188} INFO - [2024-04-17T16:15:37.932+0000] {dag.py:3834} INFO - Setting next_dagrun for first_dag_pythonop to 2024-04-10 00:00:00+00:00, run_after=2024-04-11 00:00:00+00:00
[2024-04-17T16:15:37.957+0000] {processor.py:183} INFO - Processing /opt/airflow/dags/first_day_pythonop.py took 0.110 seconds
[2024-04-17T16:16:08.566+0000] {processor.py:161} INFO - Started process (PID=480) to work on /opt/airflow/dags/first_day_pythonop.py
[2024-04-17T16:16:08.567+0000] {processor.py:830} INFO - Processing file /opt/airflow/dags/first_day_pythonop.py for tasks to queue
[2024-04-17T16:16:08.569+0000] {logging_mixin.py:188} INFO - [2024-04-17T16:16:08.569+0000] {dagbag.py:540} INFO - Filling up the DagBag from /opt/airflow/dags/first_day_pythonop.py
[2024-04-17T16:16:08.593+0000] {processor.py:840} INFO - DAG(s) 'first_dag_pythonop' retrieved from /opt/airflow/dags/first_day_pythonop.py
[2024-04-17T16:16:08.616+0000] {logging_mixin.py:188} INFO - [2024-04-17T16:16:08.615+0000] {dag.py:3047} INFO - Sync 1 DAGs
[2024-04-17T16:16:08.635+0000] {logging_mixin.py:188} INFO - [2024-04-17T16:16:08.635+0000] {dag.py:3834} INFO - Setting next_dagrun for first_dag_pythonop to 2024-04-10 00:00:00+00:00, run_after=2024-04-11 00:00:00+00:00
[2024-04-17T16:16:08.654+0000] {processor.py:183} INFO - Processing /opt/airflow/dags/first_day_pythonop.py took 0.091 seconds
[2024-04-17T16:16:38.842+0000] {processor.py:161} INFO - Started process (PID=500) to work on /opt/airflow/dags/first_day_pythonop.py
[2024-04-17T16:16:38.844+0000] {processor.py:830} INFO - Processing file /opt/airflow/dags/first_day_pythonop.py for tasks to queue
[2024-04-17T16:16:38.846+0000] {logging_mixin.py:188} INFO - [2024-04-17T16:16:38.846+0000] {dagbag.py:540} INFO - Filling up the DagBag from /opt/airflow/dags/first_day_pythonop.py
[2024-04-17T16:16:38.867+0000] {processor.py:840} INFO - DAG(s) 'first_dag_pythonop' retrieved from /opt/airflow/dags/first_day_pythonop.py
[2024-04-17T16:16:38.891+0000] {logging_mixin.py:188} INFO - [2024-04-17T16:16:38.891+0000] {dag.py:3047} INFO - Sync 1 DAGs
[2024-04-17T16:16:38.914+0000] {logging_mixin.py:188} INFO - [2024-04-17T16:16:38.914+0000] {dag.py:3834} INFO - Setting next_dagrun for first_dag_pythonop to 2024-04-10 00:00:00+00:00, run_after=2024-04-11 00:00:00+00:00
[2024-04-17T16:16:38.935+0000] {processor.py:183} INFO - Processing /opt/airflow/dags/first_day_pythonop.py took 0.095 seconds
[2024-04-17T16:17:09.258+0000] {processor.py:161} INFO - Started process (PID=521) to work on /opt/airflow/dags/first_day_pythonop.py
[2024-04-17T16:17:09.260+0000] {processor.py:830} INFO - Processing file /opt/airflow/dags/first_day_pythonop.py for tasks to queue
[2024-04-17T16:17:09.262+0000] {logging_mixin.py:188} INFO - [2024-04-17T16:17:09.262+0000] {dagbag.py:540} INFO - Filling up the DagBag from /opt/airflow/dags/first_day_pythonop.py
[2024-04-17T16:17:09.290+0000] {processor.py:840} INFO - DAG(s) 'first_dag_pythonop' retrieved from /opt/airflow/dags/first_day_pythonop.py
[2024-04-17T16:17:09.317+0000] {logging_mixin.py:188} INFO - [2024-04-17T16:17:09.317+0000] {dag.py:3047} INFO - Sync 1 DAGs
[2024-04-17T16:17:09.345+0000] {logging_mixin.py:188} INFO - [2024-04-17T16:17:09.345+0000] {dag.py:3834} INFO - Setting next_dagrun for first_dag_pythonop to 2024-04-10 00:00:00+00:00, run_after=2024-04-11 00:00:00+00:00
[2024-04-17T16:17:09.369+0000] {processor.py:183} INFO - Processing /opt/airflow/dags/first_day_pythonop.py took 0.115 seconds
[2024-04-17T16:17:39.483+0000] {processor.py:161} INFO - Started process (PID=541) to work on /opt/airflow/dags/first_day_pythonop.py
[2024-04-17T16:17:39.484+0000] {processor.py:830} INFO - Processing file /opt/airflow/dags/first_day_pythonop.py for tasks to queue
[2024-04-17T16:17:39.486+0000] {logging_mixin.py:188} INFO - [2024-04-17T16:17:39.486+0000] {dagbag.py:540} INFO - Filling up the DagBag from /opt/airflow/dags/first_day_pythonop.py
[2024-04-17T16:17:39.508+0000] {processor.py:840} INFO - DAG(s) 'first_dag_pythonop' retrieved from /opt/airflow/dags/first_day_pythonop.py
[2024-04-17T16:17:39.533+0000] {logging_mixin.py:188} INFO - [2024-04-17T16:17:39.532+0000] {dag.py:3047} INFO - Sync 1 DAGs
[2024-04-17T16:17:39.556+0000] {logging_mixin.py:188} INFO - [2024-04-17T16:17:39.556+0000] {dag.py:3834} INFO - Setting next_dagrun for first_dag_pythonop to 2024-04-10 00:00:00+00:00, run_after=2024-04-11 00:00:00+00:00
[2024-04-17T16:17:39.577+0000] {processor.py:183} INFO - Processing /opt/airflow/dags/first_day_pythonop.py took 0.097 seconds
[2024-04-17T16:18:09.666+0000] {processor.py:161} INFO - Started process (PID=561) to work on /opt/airflow/dags/first_day_pythonop.py
[2024-04-17T16:18:09.667+0000] {processor.py:830} INFO - Processing file /opt/airflow/dags/first_day_pythonop.py for tasks to queue
[2024-04-17T16:18:09.669+0000] {logging_mixin.py:188} INFO - [2024-04-17T16:18:09.669+0000] {dagbag.py:540} INFO - Filling up the DagBag from /opt/airflow/dags/first_day_pythonop.py
[2024-04-17T16:18:09.695+0000] {processor.py:840} INFO - DAG(s) 'first_dag_pythonop' retrieved from /opt/airflow/dags/first_day_pythonop.py
[2024-04-17T16:18:09.720+0000] {logging_mixin.py:188} INFO - [2024-04-17T16:18:09.720+0000] {dag.py:3047} INFO - Sync 1 DAGs
[2024-04-17T16:18:09.743+0000] {logging_mixin.py:188} INFO - [2024-04-17T16:18:09.742+0000] {dag.py:3834} INFO - Setting next_dagrun for first_dag_pythonop to 2024-04-10 00:00:00+00:00, run_after=2024-04-11 00:00:00+00:00
[2024-04-17T16:18:09.767+0000] {processor.py:183} INFO - Processing /opt/airflow/dags/first_day_pythonop.py took 0.106 seconds
[2024-04-17T16:18:40.630+0000] {processor.py:161} INFO - Started process (PID=581) to work on /opt/airflow/dags/first_day_pythonop.py
[2024-04-17T16:18:40.632+0000] {processor.py:830} INFO - Processing file /opt/airflow/dags/first_day_pythonop.py for tasks to queue
[2024-04-17T16:18:40.634+0000] {logging_mixin.py:188} INFO - [2024-04-17T16:18:40.634+0000] {dagbag.py:540} INFO - Filling up the DagBag from /opt/airflow/dags/first_day_pythonop.py
[2024-04-17T16:18:40.660+0000] {processor.py:840} INFO - DAG(s) 'first_dag_pythonop' retrieved from /opt/airflow/dags/first_day_pythonop.py
[2024-04-17T16:18:40.687+0000] {logging_mixin.py:188} INFO - [2024-04-17T16:18:40.687+0000] {dag.py:3047} INFO - Sync 1 DAGs
[2024-04-17T16:18:40.713+0000] {logging_mixin.py:188} INFO - [2024-04-17T16:18:40.712+0000] {dag.py:3834} INFO - Setting next_dagrun for first_dag_pythonop to 2024-04-10 00:00:00+00:00, run_after=2024-04-11 00:00:00+00:00
[2024-04-17T16:18:40.737+0000] {processor.py:183} INFO - Processing /opt/airflow/dags/first_day_pythonop.py took 0.111 seconds
[2024-04-17T16:19:11.354+0000] {processor.py:161} INFO - Started process (PID=601) to work on /opt/airflow/dags/first_day_pythonop.py
[2024-04-17T16:19:11.355+0000] {processor.py:830} INFO - Processing file /opt/airflow/dags/first_day_pythonop.py for tasks to queue
[2024-04-17T16:19:11.357+0000] {logging_mixin.py:188} INFO - [2024-04-17T16:19:11.357+0000] {dagbag.py:540} INFO - Filling up the DagBag from /opt/airflow/dags/first_day_pythonop.py
[2024-04-17T16:19:11.375+0000] {processor.py:840} INFO - DAG(s) 'first_dag_pythonop' retrieved from /opt/airflow/dags/first_day_pythonop.py
[2024-04-17T16:19:11.393+0000] {logging_mixin.py:188} INFO - [2024-04-17T16:19:11.392+0000] {dag.py:3047} INFO - Sync 1 DAGs
[2024-04-17T16:19:11.413+0000] {logging_mixin.py:188} INFO - [2024-04-17T16:19:11.413+0000] {dag.py:3834} INFO - Setting next_dagrun for first_dag_pythonop to 2024-04-10 00:00:00+00:00, run_after=2024-04-11 00:00:00+00:00
[2024-04-17T16:19:11.431+0000] {processor.py:183} INFO - Processing /opt/airflow/dags/first_day_pythonop.py took 0.079 seconds
[2024-04-17T16:19:42.159+0000] {processor.py:161} INFO - Started process (PID=627) to work on /opt/airflow/dags/first_day_pythonop.py
[2024-04-17T16:19:42.160+0000] {processor.py:830} INFO - Processing file /opt/airflow/dags/first_day_pythonop.py for tasks to queue
[2024-04-17T16:19:42.162+0000] {logging_mixin.py:188} INFO - [2024-04-17T16:19:42.161+0000] {dagbag.py:540} INFO - Filling up the DagBag from /opt/airflow/dags/first_day_pythonop.py
[2024-04-17T16:19:42.189+0000] {processor.py:840} INFO - DAG(s) 'first_dag_pythonop' retrieved from /opt/airflow/dags/first_day_pythonop.py
[2024-04-17T16:19:42.212+0000] {logging_mixin.py:188} INFO - [2024-04-17T16:19:42.212+0000] {dag.py:3047} INFO - Sync 1 DAGs
[2024-04-17T16:19:42.252+0000] {logging_mixin.py:188} INFO - [2024-04-17T16:19:42.252+0000] {dag.py:3834} INFO - Setting next_dagrun for first_dag_pythonop to 2024-04-10 00:00:00+00:00, run_after=2024-04-11 00:00:00+00:00
[2024-04-17T16:19:42.280+0000] {processor.py:183} INFO - Processing /opt/airflow/dags/first_day_pythonop.py took 0.126 seconds
[2024-04-17T16:20:13.151+0000] {processor.py:161} INFO - Started process (PID=647) to work on /opt/airflow/dags/first_day_pythonop.py
[2024-04-17T16:20:13.152+0000] {processor.py:830} INFO - Processing file /opt/airflow/dags/first_day_pythonop.py for tasks to queue
[2024-04-17T16:20:13.154+0000] {logging_mixin.py:188} INFO - [2024-04-17T16:20:13.154+0000] {dagbag.py:540} INFO - Filling up the DagBag from /opt/airflow/dags/first_day_pythonop.py
[2024-04-17T16:20:13.181+0000] {processor.py:840} INFO - DAG(s) 'first_dag_pythonop' retrieved from /opt/airflow/dags/first_day_pythonop.py
[2024-04-17T16:20:13.207+0000] {logging_mixin.py:188} INFO - [2024-04-17T16:20:13.207+0000] {dag.py:3047} INFO - Sync 1 DAGs
[2024-04-17T16:20:13.233+0000] {logging_mixin.py:188} INFO - [2024-04-17T16:20:13.233+0000] {dag.py:3834} INFO - Setting next_dagrun for first_dag_pythonop to 2024-04-10 00:00:00+00:00, run_after=2024-04-11 00:00:00+00:00
[2024-04-17T16:20:13.255+0000] {processor.py:183} INFO - Processing /opt/airflow/dags/first_day_pythonop.py took 0.107 seconds
[2024-04-17T16:20:43.371+0000] {processor.py:161} INFO - Started process (PID=665) to work on /opt/airflow/dags/first_day_pythonop.py
[2024-04-17T16:20:43.373+0000] {processor.py:830} INFO - Processing file /opt/airflow/dags/first_day_pythonop.py for tasks to queue
[2024-04-17T16:20:43.376+0000] {logging_mixin.py:188} INFO - [2024-04-17T16:20:43.375+0000] {dagbag.py:540} INFO - Filling up the DagBag from /opt/airflow/dags/first_day_pythonop.py
[2024-04-17T16:20:43.404+0000] {processor.py:840} INFO - DAG(s) 'first_dag_pythonop' retrieved from /opt/airflow/dags/first_day_pythonop.py
[2024-04-17T16:20:43.434+0000] {logging_mixin.py:188} INFO - [2024-04-17T16:20:43.433+0000] {dag.py:3047} INFO - Sync 1 DAGs
[2024-04-17T16:20:43.465+0000] {logging_mixin.py:188} INFO - [2024-04-17T16:20:43.464+0000] {dag.py:3834} INFO - Setting next_dagrun for first_dag_pythonop to 2024-04-10 00:00:00+00:00, run_after=2024-04-11 00:00:00+00:00
[2024-04-17T16:20:43.489+0000] {processor.py:183} INFO - Processing /opt/airflow/dags/first_day_pythonop.py took 0.122 seconds
[2024-04-17T16:21:13.676+0000] {processor.py:161} INFO - Started process (PID=687) to work on /opt/airflow/dags/first_day_pythonop.py
[2024-04-17T16:21:13.678+0000] {processor.py:830} INFO - Processing file /opt/airflow/dags/first_day_pythonop.py for tasks to queue
[2024-04-17T16:21:13.679+0000] {logging_mixin.py:188} INFO - [2024-04-17T16:21:13.679+0000] {dagbag.py:540} INFO - Filling up the DagBag from /opt/airflow/dags/first_day_pythonop.py
[2024-04-17T16:21:13.705+0000] {processor.py:840} INFO - DAG(s) 'first_dag_pythonop' retrieved from /opt/airflow/dags/first_day_pythonop.py
[2024-04-17T16:21:13.732+0000] {logging_mixin.py:188} INFO - [2024-04-17T16:21:13.731+0000] {dag.py:3047} INFO - Sync 1 DAGs
[2024-04-17T16:21:13.757+0000] {logging_mixin.py:188} INFO - [2024-04-17T16:21:13.756+0000] {dag.py:3834} INFO - Setting next_dagrun for first_dag_pythonop to 2024-04-10 00:00:00+00:00, run_after=2024-04-11 00:00:00+00:00
[2024-04-17T16:21:13.779+0000] {processor.py:183} INFO - Processing /opt/airflow/dags/first_day_pythonop.py took 0.106 seconds
[2024-04-17T16:21:44.120+0000] {processor.py:161} INFO - Started process (PID=707) to work on /opt/airflow/dags/first_day_pythonop.py
[2024-04-17T16:21:44.123+0000] {processor.py:830} INFO - Processing file /opt/airflow/dags/first_day_pythonop.py for tasks to queue
[2024-04-17T16:21:44.126+0000] {logging_mixin.py:188} INFO - [2024-04-17T16:21:44.125+0000] {dagbag.py:540} INFO - Filling up the DagBag from /opt/airflow/dags/first_day_pythonop.py
[2024-04-17T16:21:44.165+0000] {processor.py:840} INFO - DAG(s) 'first_dag_pythonop' retrieved from /opt/airflow/dags/first_day_pythonop.py
[2024-04-17T16:21:44.212+0000] {logging_mixin.py:188} INFO - [2024-04-17T16:21:44.211+0000] {dag.py:3047} INFO - Sync 1 DAGs
[2024-04-17T16:21:44.262+0000] {logging_mixin.py:188} INFO - [2024-04-17T16:21:44.261+0000] {dag.py:3834} INFO - Setting next_dagrun for first_dag_pythonop to 2024-04-10 00:00:00+00:00, run_after=2024-04-11 00:00:00+00:00
[2024-04-17T16:21:44.297+0000] {processor.py:183} INFO - Processing /opt/airflow/dags/first_day_pythonop.py took 0.182 seconds
[2024-04-17T16:22:15.206+0000] {processor.py:161} INFO - Started process (PID=728) to work on /opt/airflow/dags/first_day_pythonop.py
[2024-04-17T16:22:15.207+0000] {processor.py:830} INFO - Processing file /opt/airflow/dags/first_day_pythonop.py for tasks to queue
[2024-04-17T16:22:15.209+0000] {logging_mixin.py:188} INFO - [2024-04-17T16:22:15.209+0000] {dagbag.py:540} INFO - Filling up the DagBag from /opt/airflow/dags/first_day_pythonop.py
[2024-04-17T16:22:15.236+0000] {processor.py:840} INFO - DAG(s) 'first_dag_pythonop' retrieved from /opt/airflow/dags/first_day_pythonop.py
[2024-04-17T16:22:15.265+0000] {logging_mixin.py:188} INFO - [2024-04-17T16:22:15.264+0000] {dag.py:3047} INFO - Sync 1 DAGs
[2024-04-17T16:22:15.297+0000] {logging_mixin.py:188} INFO - [2024-04-17T16:22:15.296+0000] {dag.py:3834} INFO - Setting next_dagrun for first_dag_pythonop to 2024-04-10 00:00:00+00:00, run_after=2024-04-11 00:00:00+00:00
[2024-04-17T16:22:15.322+0000] {processor.py:183} INFO - Processing /opt/airflow/dags/first_day_pythonop.py took 0.122 seconds
[2024-04-17T16:22:46.146+0000] {processor.py:161} INFO - Started process (PID=752) to work on /opt/airflow/dags/first_day_pythonop.py
[2024-04-17T16:22:46.148+0000] {processor.py:830} INFO - Processing file /opt/airflow/dags/first_day_pythonop.py for tasks to queue
[2024-04-17T16:22:46.150+0000] {logging_mixin.py:188} INFO - [2024-04-17T16:22:46.150+0000] {dagbag.py:540} INFO - Filling up the DagBag from /opt/airflow/dags/first_day_pythonop.py
[2024-04-17T16:22:46.179+0000] {processor.py:840} INFO - DAG(s) 'first_dag_pythonop' retrieved from /opt/airflow/dags/first_day_pythonop.py
[2024-04-17T16:22:46.205+0000] {logging_mixin.py:188} INFO - [2024-04-17T16:22:46.204+0000] {dag.py:3047} INFO - Sync 1 DAGs
[2024-04-17T16:22:46.227+0000] {logging_mixin.py:188} INFO - [2024-04-17T16:22:46.227+0000] {dag.py:3834} INFO - Setting next_dagrun for first_dag_pythonop to 2024-04-10 00:00:00+00:00, run_after=2024-04-11 00:00:00+00:00
[2024-04-17T16:22:46.249+0000] {processor.py:183} INFO - Processing /opt/airflow/dags/first_day_pythonop.py took 0.107 seconds
[2024-04-17T16:23:17.131+0000] {processor.py:161} INFO - Started process (PID=772) to work on /opt/airflow/dags/first_day_pythonop.py
[2024-04-17T16:23:17.132+0000] {processor.py:830} INFO - Processing file /opt/airflow/dags/first_day_pythonop.py for tasks to queue
[2024-04-17T16:23:17.135+0000] {logging_mixin.py:188} INFO - [2024-04-17T16:23:17.134+0000] {dagbag.py:540} INFO - Filling up the DagBag from /opt/airflow/dags/first_day_pythonop.py
[2024-04-17T16:23:17.159+0000] {processor.py:840} INFO - DAG(s) 'first_dag_pythonop' retrieved from /opt/airflow/dags/first_day_pythonop.py
[2024-04-17T16:23:17.181+0000] {logging_mixin.py:188} INFO - [2024-04-17T16:23:17.181+0000] {dag.py:3047} INFO - Sync 1 DAGs
[2024-04-17T16:23:17.450+0000] {logging_mixin.py:188} INFO - [2024-04-17T16:23:17.450+0000] {dag.py:3834} INFO - Setting next_dagrun for first_dag_pythonop to 2024-04-10 00:00:00+00:00, run_after=2024-04-11 00:00:00+00:00
[2024-04-17T16:23:17.472+0000] {processor.py:183} INFO - Processing /opt/airflow/dags/first_day_pythonop.py took 0.345 seconds
[2024-04-17T16:23:48.497+0000] {processor.py:161} INFO - Started process (PID=792) to work on /opt/airflow/dags/first_day_pythonop.py
[2024-04-17T16:23:48.499+0000] {processor.py:830} INFO - Processing file /opt/airflow/dags/first_day_pythonop.py for tasks to queue
[2024-04-17T16:23:48.501+0000] {logging_mixin.py:188} INFO - [2024-04-17T16:23:48.501+0000] {dagbag.py:540} INFO - Filling up the DagBag from /opt/airflow/dags/first_day_pythonop.py
[2024-04-17T16:23:48.528+0000] {processor.py:840} INFO - DAG(s) 'first_dag_pythonop' retrieved from /opt/airflow/dags/first_day_pythonop.py
[2024-04-17T16:23:48.553+0000] {logging_mixin.py:188} INFO - [2024-04-17T16:23:48.553+0000] {dag.py:3047} INFO - Sync 1 DAGs
[2024-04-17T16:23:48.578+0000] {logging_mixin.py:188} INFO - [2024-04-17T16:23:48.578+0000] {dag.py:3834} INFO - Setting next_dagrun for first_dag_pythonop to 2024-04-10 00:00:00+00:00, run_after=2024-04-11 00:00:00+00:00
[2024-04-17T16:23:48.598+0000] {processor.py:183} INFO - Processing /opt/airflow/dags/first_day_pythonop.py took 0.104 seconds
