[2024-04-17T16:05:22.011+0000] {processor.py:161} INFO - Started process (PID=57) to work on /opt/airflow/dags/minios3buc.py
[2024-04-17T16:05:22.013+0000] {processor.py:830} INFO - Processing file /opt/airflow/dags/minios3buc.py for tasks to queue
[2024-04-17T16:05:22.016+0000] {logging_mixin.py:188} INFO - [2024-04-17T16:05:22.016+0000] {dagbag.py:540} INFO - Filling up the DagBag from /opt/airflow/dags/minios3buc.py
[2024-04-17T16:05:22.050+0000] {processor.py:840} INFO - DAG(s) 'miniouss3dag' retrieved from /opt/airflow/dags/minios3buc.py
[2024-04-17T16:05:22.157+0000] {logging_mixin.py:188} INFO - [2024-04-17T16:05:22.157+0000] {dag.py:3047} INFO - Sync 1 DAGs
[2024-04-17T16:05:22.225+0000] {logging_mixin.py:188} INFO - [2024-04-17T16:05:22.224+0000] {dag.py:3834} INFO - Setting next_dagrun for miniouss3dag to 2024-04-17 04:05:00+00:00, run_after=2024-04-18 04:05:00+00:00
[2024-04-17T16:05:22.326+0000] {processor.py:183} INFO - Processing /opt/airflow/dags/minios3buc.py took 0.319 seconds
[2024-04-17T16:05:52.940+0000] {processor.py:161} INFO - Started process (PID=77) to work on /opt/airflow/dags/minios3buc.py
[2024-04-17T16:05:52.941+0000] {processor.py:830} INFO - Processing file /opt/airflow/dags/minios3buc.py for tasks to queue
[2024-04-17T16:05:52.943+0000] {logging_mixin.py:188} INFO - [2024-04-17T16:05:52.943+0000] {dagbag.py:540} INFO - Filling up the DagBag from /opt/airflow/dags/minios3buc.py
[2024-04-17T16:05:52.972+0000] {processor.py:840} INFO - DAG(s) 'miniouss3dag' retrieved from /opt/airflow/dags/minios3buc.py
[2024-04-17T16:05:53.075+0000] {logging_mixin.py:188} INFO - [2024-04-17T16:05:53.075+0000] {dag.py:3047} INFO - Sync 1 DAGs
[2024-04-17T16:05:53.096+0000] {logging_mixin.py:188} INFO - [2024-04-17T16:05:53.095+0000] {dag.py:3834} INFO - Setting next_dagrun for miniouss3dag to 2024-04-17 04:05:00+00:00, run_after=2024-04-18 04:05:00+00:00
[2024-04-17T16:05:53.116+0000] {processor.py:183} INFO - Processing /opt/airflow/dags/minios3buc.py took 0.178 seconds
[2024-04-17T16:06:23.748+0000] {processor.py:161} INFO - Started process (PID=97) to work on /opt/airflow/dags/minios3buc.py
[2024-04-17T16:06:23.750+0000] {processor.py:830} INFO - Processing file /opt/airflow/dags/minios3buc.py for tasks to queue
[2024-04-17T16:06:23.752+0000] {logging_mixin.py:188} INFO - [2024-04-17T16:06:23.752+0000] {dagbag.py:540} INFO - Filling up the DagBag from /opt/airflow/dags/minios3buc.py
[2024-04-17T16:06:23.779+0000] {processor.py:840} INFO - DAG(s) 'miniouss3dag' retrieved from /opt/airflow/dags/minios3buc.py
[2024-04-17T16:06:23.960+0000] {logging_mixin.py:188} INFO - [2024-04-17T16:06:23.960+0000] {dag.py:3047} INFO - Sync 1 DAGs
[2024-04-17T16:06:23.985+0000] {logging_mixin.py:188} INFO - [2024-04-17T16:06:23.984+0000] {dag.py:3834} INFO - Setting next_dagrun for miniouss3dag to 2024-04-17 04:05:00+00:00, run_after=2024-04-18 04:05:00+00:00
[2024-04-17T16:06:24.009+0000] {processor.py:183} INFO - Processing /opt/airflow/dags/minios3buc.py took 0.265 seconds
[2024-04-17T16:06:54.340+0000] {processor.py:161} INFO - Started process (PID=116) to work on /opt/airflow/dags/minios3buc.py
[2024-04-17T16:06:54.341+0000] {processor.py:830} INFO - Processing file /opt/airflow/dags/minios3buc.py for tasks to queue
[2024-04-17T16:06:54.342+0000] {logging_mixin.py:188} INFO - [2024-04-17T16:06:54.342+0000] {dagbag.py:540} INFO - Filling up the DagBag from /opt/airflow/dags/minios3buc.py
[2024-04-17T16:06:54.365+0000] {processor.py:840} INFO - DAG(s) 'miniouss3dag' retrieved from /opt/airflow/dags/minios3buc.py
[2024-04-17T16:06:54.449+0000] {logging_mixin.py:188} INFO - [2024-04-17T16:06:54.449+0000] {dag.py:3047} INFO - Sync 1 DAGs
[2024-04-17T16:06:54.466+0000] {logging_mixin.py:188} INFO - [2024-04-17T16:06:54.466+0000] {dag.py:3834} INFO - Setting next_dagrun for miniouss3dag to 2024-04-17 04:05:00+00:00, run_after=2024-04-18 04:05:00+00:00
[2024-04-17T16:06:54.484+0000] {processor.py:183} INFO - Processing /opt/airflow/dags/minios3buc.py took 0.146 seconds
[2024-04-17T16:07:25.719+0000] {processor.py:161} INFO - Started process (PID=137) to work on /opt/airflow/dags/minios3buc.py
[2024-04-17T16:07:25.720+0000] {processor.py:830} INFO - Processing file /opt/airflow/dags/minios3buc.py for tasks to queue
[2024-04-17T16:07:25.721+0000] {logging_mixin.py:188} INFO - [2024-04-17T16:07:25.721+0000] {dagbag.py:540} INFO - Filling up the DagBag from /opt/airflow/dags/minios3buc.py
[2024-04-17T16:07:25.742+0000] {processor.py:840} INFO - DAG(s) 'miniouss3dag' retrieved from /opt/airflow/dags/minios3buc.py
[2024-04-17T16:07:25.764+0000] {logging_mixin.py:188} INFO - [2024-04-17T16:07:25.763+0000] {dag.py:3047} INFO - Sync 1 DAGs
[2024-04-17T16:07:25.787+0000] {logging_mixin.py:188} INFO - [2024-04-17T16:07:25.786+0000] {dag.py:3834} INFO - Setting next_dagrun for miniouss3dag to 2024-04-17 04:05:00+00:00, run_after=2024-04-18 04:05:00+00:00
[2024-04-17T16:07:25.809+0000] {processor.py:183} INFO - Processing /opt/airflow/dags/minios3buc.py took 0.093 seconds
[2024-04-17T16:07:56.598+0000] {processor.py:161} INFO - Started process (PID=157) to work on /opt/airflow/dags/minios3buc.py
[2024-04-17T16:07:56.599+0000] {processor.py:830} INFO - Processing file /opt/airflow/dags/minios3buc.py for tasks to queue
[2024-04-17T16:07:56.602+0000] {logging_mixin.py:188} INFO - [2024-04-17T16:07:56.601+0000] {dagbag.py:540} INFO - Filling up the DagBag from /opt/airflow/dags/minios3buc.py
[2024-04-17T16:07:56.623+0000] {processor.py:840} INFO - DAG(s) 'miniouss3dag' retrieved from /opt/airflow/dags/minios3buc.py
[2024-04-17T16:07:56.645+0000] {logging_mixin.py:188} INFO - [2024-04-17T16:07:56.645+0000] {dag.py:3047} INFO - Sync 1 DAGs
[2024-04-17T16:07:56.669+0000] {logging_mixin.py:188} INFO - [2024-04-17T16:07:56.669+0000] {dag.py:3834} INFO - Setting next_dagrun for miniouss3dag to 2024-04-17 04:05:00+00:00, run_after=2024-04-18 04:05:00+00:00
[2024-04-17T16:07:56.690+0000] {processor.py:183} INFO - Processing /opt/airflow/dags/minios3buc.py took 0.095 seconds
[2024-04-17T16:08:27.325+0000] {processor.py:161} INFO - Started process (PID=178) to work on /opt/airflow/dags/minios3buc.py
[2024-04-17T16:08:27.326+0000] {processor.py:830} INFO - Processing file /opt/airflow/dags/minios3buc.py for tasks to queue
[2024-04-17T16:08:27.328+0000] {logging_mixin.py:188} INFO - [2024-04-17T16:08:27.328+0000] {dagbag.py:540} INFO - Filling up the DagBag from /opt/airflow/dags/minios3buc.py
[2024-04-17T16:08:27.360+0000] {processor.py:840} INFO - DAG(s) 'miniouss3dag' retrieved from /opt/airflow/dags/minios3buc.py
[2024-04-17T16:08:27.391+0000] {logging_mixin.py:188} INFO - [2024-04-17T16:08:27.391+0000] {dag.py:3047} INFO - Sync 1 DAGs
[2024-04-17T16:08:27.434+0000] {logging_mixin.py:188} INFO - [2024-04-17T16:08:27.433+0000] {dag.py:3834} INFO - Setting next_dagrun for miniouss3dag to 2024-04-17 04:05:00+00:00, run_after=2024-04-18 04:05:00+00:00
[2024-04-17T16:08:27.478+0000] {processor.py:183} INFO - Processing /opt/airflow/dags/minios3buc.py took 0.156 seconds
[2024-04-17T16:08:58.216+0000] {processor.py:161} INFO - Started process (PID=198) to work on /opt/airflow/dags/minios3buc.py
[2024-04-17T16:08:58.217+0000] {processor.py:830} INFO - Processing file /opt/airflow/dags/minios3buc.py for tasks to queue
[2024-04-17T16:08:58.219+0000] {logging_mixin.py:188} INFO - [2024-04-17T16:08:58.219+0000] {dagbag.py:540} INFO - Filling up the DagBag from /opt/airflow/dags/minios3buc.py
[2024-04-17T16:08:58.241+0000] {processor.py:840} INFO - DAG(s) 'miniouss3dag' retrieved from /opt/airflow/dags/minios3buc.py
[2024-04-17T16:08:58.260+0000] {logging_mixin.py:188} INFO - [2024-04-17T16:08:58.260+0000] {dag.py:3047} INFO - Sync 1 DAGs
[2024-04-17T16:08:58.279+0000] {logging_mixin.py:188} INFO - [2024-04-17T16:08:58.279+0000] {dag.py:3834} INFO - Setting next_dagrun for miniouss3dag to 2024-04-17 04:05:00+00:00, run_after=2024-04-18 04:05:00+00:00
[2024-04-17T16:08:58.300+0000] {processor.py:183} INFO - Processing /opt/airflow/dags/minios3buc.py took 0.086 seconds
[2024-04-17T16:09:28.914+0000] {processor.py:161} INFO - Started process (PID=218) to work on /opt/airflow/dags/minios3buc.py
[2024-04-17T16:09:28.915+0000] {processor.py:830} INFO - Processing file /opt/airflow/dags/minios3buc.py for tasks to queue
[2024-04-17T16:09:28.917+0000] {logging_mixin.py:188} INFO - [2024-04-17T16:09:28.916+0000] {dagbag.py:540} INFO - Filling up the DagBag from /opt/airflow/dags/minios3buc.py
[2024-04-17T16:09:28.935+0000] {processor.py:840} INFO - DAG(s) 'miniouss3dag' retrieved from /opt/airflow/dags/minios3buc.py
[2024-04-17T16:09:28.954+0000] {logging_mixin.py:188} INFO - [2024-04-17T16:09:28.953+0000] {dag.py:3047} INFO - Sync 1 DAGs
[2024-04-17T16:09:28.975+0000] {logging_mixin.py:188} INFO - [2024-04-17T16:09:28.975+0000] {dag.py:3834} INFO - Setting next_dagrun for miniouss3dag to 2024-04-17 04:05:00+00:00, run_after=2024-04-18 04:05:00+00:00
[2024-04-17T16:09:28.995+0000] {processor.py:183} INFO - Processing /opt/airflow/dags/minios3buc.py took 0.083 seconds
[2024-04-17T16:09:59.877+0000] {processor.py:161} INFO - Started process (PID=238) to work on /opt/airflow/dags/minios3buc.py
[2024-04-17T16:09:59.879+0000] {processor.py:830} INFO - Processing file /opt/airflow/dags/minios3buc.py for tasks to queue
[2024-04-17T16:09:59.881+0000] {logging_mixin.py:188} INFO - [2024-04-17T16:09:59.880+0000] {dagbag.py:540} INFO - Filling up the DagBag from /opt/airflow/dags/minios3buc.py
[2024-04-17T16:09:59.909+0000] {processor.py:840} INFO - DAG(s) 'miniouss3dag' retrieved from /opt/airflow/dags/minios3buc.py
[2024-04-17T16:09:59.935+0000] {logging_mixin.py:188} INFO - [2024-04-17T16:09:59.935+0000] {dag.py:3047} INFO - Sync 1 DAGs
[2024-04-17T16:09:59.967+0000] {logging_mixin.py:188} INFO - [2024-04-17T16:09:59.966+0000] {dag.py:3834} INFO - Setting next_dagrun for miniouss3dag to 2024-04-17 04:05:00+00:00, run_after=2024-04-18 04:05:00+00:00
[2024-04-17T16:09:59.997+0000] {processor.py:183} INFO - Processing /opt/airflow/dags/minios3buc.py took 0.123 seconds
[2024-04-17T16:10:31.049+0000] {processor.py:161} INFO - Started process (PID=258) to work on /opt/airflow/dags/minios3buc.py
[2024-04-17T16:10:31.051+0000] {processor.py:830} INFO - Processing file /opt/airflow/dags/minios3buc.py for tasks to queue
[2024-04-17T16:10:31.053+0000] {logging_mixin.py:188} INFO - [2024-04-17T16:10:31.053+0000] {dagbag.py:540} INFO - Filling up the DagBag from /opt/airflow/dags/minios3buc.py
[2024-04-17T16:10:31.081+0000] {processor.py:840} INFO - DAG(s) 'miniouss3dag' retrieved from /opt/airflow/dags/minios3buc.py
[2024-04-17T16:10:31.108+0000] {logging_mixin.py:188} INFO - [2024-04-17T16:10:31.108+0000] {dag.py:3047} INFO - Sync 1 DAGs
[2024-04-17T16:10:31.131+0000] {logging_mixin.py:188} INFO - [2024-04-17T16:10:31.131+0000] {dag.py:3834} INFO - Setting next_dagrun for miniouss3dag to 2024-04-17 04:05:00+00:00, run_after=2024-04-18 04:05:00+00:00
[2024-04-17T16:10:31.156+0000] {processor.py:183} INFO - Processing /opt/airflow/dags/minios3buc.py took 0.111 seconds
[2024-04-17T16:11:01.783+0000] {processor.py:161} INFO - Started process (PID=278) to work on /opt/airflow/dags/minios3buc.py
[2024-04-17T16:11:01.784+0000] {processor.py:830} INFO - Processing file /opt/airflow/dags/minios3buc.py for tasks to queue
[2024-04-17T16:11:01.786+0000] {logging_mixin.py:188} INFO - [2024-04-17T16:11:01.786+0000] {dagbag.py:540} INFO - Filling up the DagBag from /opt/airflow/dags/minios3buc.py
[2024-04-17T16:11:01.810+0000] {processor.py:840} INFO - DAG(s) 'miniouss3dag' retrieved from /opt/airflow/dags/minios3buc.py
[2024-04-17T16:11:01.876+0000] {logging_mixin.py:188} INFO - [2024-04-17T16:11:01.875+0000] {dag.py:3047} INFO - Sync 1 DAGs
[2024-04-17T16:11:01.897+0000] {logging_mixin.py:188} INFO - [2024-04-17T16:11:01.897+0000] {dag.py:3834} INFO - Setting next_dagrun for miniouss3dag to 2024-04-17 04:05:00+00:00, run_after=2024-04-18 04:05:00+00:00
[2024-04-17T16:11:01.917+0000] {processor.py:183} INFO - Processing /opt/airflow/dags/minios3buc.py took 0.137 seconds
[2024-04-17T16:11:32.537+0000] {processor.py:161} INFO - Started process (PID=298) to work on /opt/airflow/dags/minios3buc.py
[2024-04-17T16:11:32.539+0000] {processor.py:830} INFO - Processing file /opt/airflow/dags/minios3buc.py for tasks to queue
[2024-04-17T16:11:32.541+0000] {logging_mixin.py:188} INFO - [2024-04-17T16:11:32.541+0000] {dagbag.py:540} INFO - Filling up the DagBag from /opt/airflow/dags/minios3buc.py
[2024-04-17T16:11:32.569+0000] {processor.py:840} INFO - DAG(s) 'miniouss3dag' retrieved from /opt/airflow/dags/minios3buc.py
[2024-04-17T16:11:32.596+0000] {logging_mixin.py:188} INFO - [2024-04-17T16:11:32.596+0000] {dag.py:3047} INFO - Sync 1 DAGs
[2024-04-17T16:11:32.617+0000] {logging_mixin.py:188} INFO - [2024-04-17T16:11:32.617+0000] {dag.py:3834} INFO - Setting next_dagrun for miniouss3dag to 2024-04-17 04:05:00+00:00, run_after=2024-04-18 04:05:00+00:00
[2024-04-17T16:11:32.637+0000] {processor.py:183} INFO - Processing /opt/airflow/dags/minios3buc.py took 0.104 seconds
[2024-04-17T16:12:03.260+0000] {processor.py:161} INFO - Started process (PID=318) to work on /opt/airflow/dags/minios3buc.py
[2024-04-17T16:12:03.261+0000] {processor.py:830} INFO - Processing file /opt/airflow/dags/minios3buc.py for tasks to queue
[2024-04-17T16:12:03.263+0000] {logging_mixin.py:188} INFO - [2024-04-17T16:12:03.263+0000] {dagbag.py:540} INFO - Filling up the DagBag from /opt/airflow/dags/minios3buc.py
[2024-04-17T16:12:03.288+0000] {processor.py:840} INFO - DAG(s) 'miniouss3dag' retrieved from /opt/airflow/dags/minios3buc.py
[2024-04-17T16:12:03.306+0000] {logging_mixin.py:188} INFO - [2024-04-17T16:12:03.306+0000] {dag.py:3047} INFO - Sync 1 DAGs
[2024-04-17T16:12:03.325+0000] {logging_mixin.py:188} INFO - [2024-04-17T16:12:03.325+0000] {dag.py:3834} INFO - Setting next_dagrun for miniouss3dag to 2024-04-17 04:05:00+00:00, run_after=2024-04-18 04:05:00+00:00
[2024-04-17T16:12:03.342+0000] {processor.py:183} INFO - Processing /opt/airflow/dags/minios3buc.py took 0.087 seconds
[2024-04-17T16:12:34.415+0000] {processor.py:161} INFO - Started process (PID=338) to work on /opt/airflow/dags/minios3buc.py
[2024-04-17T16:12:34.417+0000] {processor.py:830} INFO - Processing file /opt/airflow/dags/minios3buc.py for tasks to queue
[2024-04-17T16:12:34.419+0000] {logging_mixin.py:188} INFO - [2024-04-17T16:12:34.419+0000] {dagbag.py:540} INFO - Filling up the DagBag from /opt/airflow/dags/minios3buc.py
[2024-04-17T16:12:34.444+0000] {processor.py:840} INFO - DAG(s) 'miniouss3dag' retrieved from /opt/airflow/dags/minios3buc.py
[2024-04-17T16:12:34.466+0000] {logging_mixin.py:188} INFO - [2024-04-17T16:12:34.466+0000] {dag.py:3047} INFO - Sync 1 DAGs
[2024-04-17T16:12:34.488+0000] {logging_mixin.py:188} INFO - [2024-04-17T16:12:34.488+0000] {dag.py:3834} INFO - Setting next_dagrun for miniouss3dag to 2024-04-17 04:05:00+00:00, run_after=2024-04-18 04:05:00+00:00
[2024-04-17T16:12:34.508+0000] {processor.py:183} INFO - Processing /opt/airflow/dags/minios3buc.py took 0.096 seconds
[2024-04-17T16:13:05.225+0000] {processor.py:161} INFO - Started process (PID=358) to work on /opt/airflow/dags/minios3buc.py
[2024-04-17T16:13:05.227+0000] {processor.py:830} INFO - Processing file /opt/airflow/dags/minios3buc.py for tasks to queue
[2024-04-17T16:13:05.229+0000] {logging_mixin.py:188} INFO - [2024-04-17T16:13:05.229+0000] {dagbag.py:540} INFO - Filling up the DagBag from /opt/airflow/dags/minios3buc.py
[2024-04-17T16:13:05.253+0000] {processor.py:840} INFO - DAG(s) 'miniouss3dag' retrieved from /opt/airflow/dags/minios3buc.py
[2024-04-17T16:13:05.276+0000] {logging_mixin.py:188} INFO - [2024-04-17T16:13:05.275+0000] {dag.py:3047} INFO - Sync 1 DAGs
[2024-04-17T16:13:05.300+0000] {logging_mixin.py:188} INFO - [2024-04-17T16:13:05.299+0000] {dag.py:3834} INFO - Setting next_dagrun for miniouss3dag to 2024-04-17 04:05:00+00:00, run_after=2024-04-18 04:05:00+00:00
[2024-04-17T16:13:05.316+0000] {processor.py:183} INFO - Processing /opt/airflow/dags/minios3buc.py took 0.093 seconds
[2024-04-17T16:13:35.370+0000] {processor.py:161} INFO - Started process (PID=377) to work on /opt/airflow/dags/minios3buc.py
[2024-04-17T16:13:35.370+0000] {processor.py:830} INFO - Processing file /opt/airflow/dags/minios3buc.py for tasks to queue
[2024-04-17T16:13:35.372+0000] {logging_mixin.py:188} INFO - [2024-04-17T16:13:35.372+0000] {dagbag.py:540} INFO - Filling up the DagBag from /opt/airflow/dags/minios3buc.py
[2024-04-17T16:13:35.395+0000] {processor.py:840} INFO - DAG(s) 'miniouss3dag' retrieved from /opt/airflow/dags/minios3buc.py
[2024-04-17T16:13:35.415+0000] {logging_mixin.py:188} INFO - [2024-04-17T16:13:35.414+0000] {dag.py:3047} INFO - Sync 1 DAGs
[2024-04-17T16:13:35.436+0000] {logging_mixin.py:188} INFO - [2024-04-17T16:13:35.435+0000] {dag.py:3834} INFO - Setting next_dagrun for miniouss3dag to 2024-04-17 04:05:00+00:00, run_after=2024-04-18 04:05:00+00:00
[2024-04-17T16:13:35.456+0000] {processor.py:183} INFO - Processing /opt/airflow/dags/minios3buc.py took 0.088 seconds
[2024-04-17T16:14:05.511+0000] {processor.py:161} INFO - Started process (PID=395) to work on /opt/airflow/dags/minios3buc.py
[2024-04-17T16:14:05.512+0000] {processor.py:830} INFO - Processing file /opt/airflow/dags/minios3buc.py for tasks to queue
[2024-04-17T16:14:05.514+0000] {logging_mixin.py:188} INFO - [2024-04-17T16:14:05.514+0000] {dagbag.py:540} INFO - Filling up the DagBag from /opt/airflow/dags/minios3buc.py
[2024-04-17T16:14:05.535+0000] {processor.py:840} INFO - DAG(s) 'miniouss3dag' retrieved from /opt/airflow/dags/minios3buc.py
[2024-04-17T16:14:05.554+0000] {logging_mixin.py:188} INFO - [2024-04-17T16:14:05.553+0000] {dag.py:3047} INFO - Sync 1 DAGs
[2024-04-17T16:14:05.572+0000] {logging_mixin.py:188} INFO - [2024-04-17T16:14:05.572+0000] {dag.py:3834} INFO - Setting next_dagrun for miniouss3dag to 2024-04-17 04:05:00+00:00, run_after=2024-04-18 04:05:00+00:00
[2024-04-17T16:14:05.592+0000] {processor.py:183} INFO - Processing /opt/airflow/dags/minios3buc.py took 0.083 seconds
[2024-04-17T16:14:36.109+0000] {processor.py:161} INFO - Started process (PID=415) to work on /opt/airflow/dags/minios3buc.py
[2024-04-17T16:14:36.110+0000] {processor.py:830} INFO - Processing file /opt/airflow/dags/minios3buc.py for tasks to queue
[2024-04-17T16:14:36.113+0000] {logging_mixin.py:188} INFO - [2024-04-17T16:14:36.112+0000] {dagbag.py:540} INFO - Filling up the DagBag from /opt/airflow/dags/minios3buc.py
[2024-04-17T16:14:36.140+0000] {processor.py:840} INFO - DAG(s) 'miniouss3dag' retrieved from /opt/airflow/dags/minios3buc.py
[2024-04-17T16:14:36.167+0000] {logging_mixin.py:188} INFO - [2024-04-17T16:14:36.167+0000] {dag.py:3047} INFO - Sync 1 DAGs
[2024-04-17T16:14:36.196+0000] {logging_mixin.py:188} INFO - [2024-04-17T16:14:36.195+0000] {dag.py:3834} INFO - Setting next_dagrun for miniouss3dag to 2024-04-17 04:05:00+00:00, run_after=2024-04-18 04:05:00+00:00
[2024-04-17T16:14:36.228+0000] {processor.py:183} INFO - Processing /opt/airflow/dags/minios3buc.py took 0.121 seconds
[2024-04-17T16:15:06.844+0000] {processor.py:161} INFO - Started process (PID=436) to work on /opt/airflow/dags/minios3buc.py
[2024-04-17T16:15:06.845+0000] {processor.py:830} INFO - Processing file /opt/airflow/dags/minios3buc.py for tasks to queue
[2024-04-17T16:15:06.847+0000] {logging_mixin.py:188} INFO - [2024-04-17T16:15:06.846+0000] {dagbag.py:540} INFO - Filling up the DagBag from /opt/airflow/dags/minios3buc.py
[2024-04-17T16:15:06.871+0000] {processor.py:840} INFO - DAG(s) 'miniouss3dag' retrieved from /opt/airflow/dags/minios3buc.py
[2024-04-17T16:15:06.895+0000] {logging_mixin.py:188} INFO - [2024-04-17T16:15:06.895+0000] {dag.py:3047} INFO - Sync 1 DAGs
[2024-04-17T16:15:06.920+0000] {logging_mixin.py:188} INFO - [2024-04-17T16:15:06.919+0000] {dag.py:3834} INFO - Setting next_dagrun for miniouss3dag to 2024-04-17 04:05:00+00:00, run_after=2024-04-18 04:05:00+00:00
[2024-04-17T16:15:06.940+0000] {processor.py:183} INFO - Processing /opt/airflow/dags/minios3buc.py took 0.100 seconds
[2024-04-17T16:15:37.570+0000] {processor.py:161} INFO - Started process (PID=456) to work on /opt/airflow/dags/minios3buc.py
[2024-04-17T16:15:37.571+0000] {processor.py:830} INFO - Processing file /opt/airflow/dags/minios3buc.py for tasks to queue
[2024-04-17T16:15:37.574+0000] {logging_mixin.py:188} INFO - [2024-04-17T16:15:37.573+0000] {dagbag.py:540} INFO - Filling up the DagBag from /opt/airflow/dags/minios3buc.py
[2024-04-17T16:15:37.600+0000] {processor.py:840} INFO - DAG(s) 'miniouss3dag' retrieved from /opt/airflow/dags/minios3buc.py
[2024-04-17T16:15:37.625+0000] {logging_mixin.py:188} INFO - [2024-04-17T16:15:37.625+0000] {dag.py:3047} INFO - Sync 1 DAGs
[2024-04-17T16:15:37.653+0000] {logging_mixin.py:188} INFO - [2024-04-17T16:15:37.652+0000] {dag.py:3834} INFO - Setting next_dagrun for miniouss3dag to 2024-04-17 04:05:00+00:00, run_after=2024-04-18 04:05:00+00:00
[2024-04-17T16:15:37.675+0000] {processor.py:183} INFO - Processing /opt/airflow/dags/minios3buc.py took 0.108 seconds
[2024-04-17T16:16:08.276+0000] {processor.py:161} INFO - Started process (PID=477) to work on /opt/airflow/dags/minios3buc.py
[2024-04-17T16:16:08.278+0000] {processor.py:830} INFO - Processing file /opt/airflow/dags/minios3buc.py for tasks to queue
[2024-04-17T16:16:08.281+0000] {logging_mixin.py:188} INFO - [2024-04-17T16:16:08.281+0000] {dagbag.py:540} INFO - Filling up the DagBag from /opt/airflow/dags/minios3buc.py
[2024-04-17T16:16:08.307+0000] {processor.py:840} INFO - DAG(s) 'miniouss3dag' retrieved from /opt/airflow/dags/minios3buc.py
[2024-04-17T16:16:08.332+0000] {logging_mixin.py:188} INFO - [2024-04-17T16:16:08.332+0000] {dag.py:3047} INFO - Sync 1 DAGs
[2024-04-17T16:16:08.360+0000] {logging_mixin.py:188} INFO - [2024-04-17T16:16:08.360+0000] {dag.py:3834} INFO - Setting next_dagrun for miniouss3dag to 2024-04-17 04:05:00+00:00, run_after=2024-04-18 04:05:00+00:00
[2024-04-17T16:16:08.383+0000] {processor.py:183} INFO - Processing /opt/airflow/dags/minios3buc.py took 0.113 seconds
[2024-04-17T16:16:38.703+0000] {processor.py:161} INFO - Started process (PID=498) to work on /opt/airflow/dags/minios3buc.py
[2024-04-17T16:16:38.704+0000] {processor.py:830} INFO - Processing file /opt/airflow/dags/minios3buc.py for tasks to queue
[2024-04-17T16:16:38.706+0000] {logging_mixin.py:188} INFO - [2024-04-17T16:16:38.706+0000] {dagbag.py:540} INFO - Filling up the DagBag from /opt/airflow/dags/minios3buc.py
[2024-04-17T16:16:38.734+0000] {processor.py:840} INFO - DAG(s) 'miniouss3dag' retrieved from /opt/airflow/dags/minios3buc.py
[2024-04-17T16:16:38.757+0000] {logging_mixin.py:188} INFO - [2024-04-17T16:16:38.756+0000] {dag.py:3047} INFO - Sync 1 DAGs
[2024-04-17T16:16:38.778+0000] {logging_mixin.py:188} INFO - [2024-04-17T16:16:38.778+0000] {dag.py:3834} INFO - Setting next_dagrun for miniouss3dag to 2024-04-17 04:05:00+00:00, run_after=2024-04-18 04:05:00+00:00
[2024-04-17T16:16:38.800+0000] {processor.py:183} INFO - Processing /opt/airflow/dags/minios3buc.py took 0.100 seconds
[2024-04-17T16:17:09.069+0000] {processor.py:161} INFO - Started process (PID=519) to work on /opt/airflow/dags/minios3buc.py
[2024-04-17T16:17:09.070+0000] {processor.py:830} INFO - Processing file /opt/airflow/dags/minios3buc.py for tasks to queue
[2024-04-17T16:17:09.073+0000] {logging_mixin.py:188} INFO - [2024-04-17T16:17:09.072+0000] {dagbag.py:540} INFO - Filling up the DagBag from /opt/airflow/dags/minios3buc.py
[2024-04-17T16:17:09.109+0000] {processor.py:840} INFO - DAG(s) 'miniouss3dag' retrieved from /opt/airflow/dags/minios3buc.py
[2024-04-17T16:17:09.140+0000] {logging_mixin.py:188} INFO - [2024-04-17T16:17:09.140+0000] {dag.py:3047} INFO - Sync 1 DAGs
[2024-04-17T16:17:09.173+0000] {logging_mixin.py:188} INFO - [2024-04-17T16:17:09.172+0000] {dag.py:3834} INFO - Setting next_dagrun for miniouss3dag to 2024-04-17 04:05:00+00:00, run_after=2024-04-18 04:05:00+00:00
[2024-04-17T16:17:09.200+0000] {processor.py:183} INFO - Processing /opt/airflow/dags/minios3buc.py took 0.135 seconds
[2024-04-17T16:17:39.316+0000] {processor.py:161} INFO - Started process (PID=539) to work on /opt/airflow/dags/minios3buc.py
[2024-04-17T16:17:39.318+0000] {processor.py:830} INFO - Processing file /opt/airflow/dags/minios3buc.py for tasks to queue
[2024-04-17T16:17:39.321+0000] {logging_mixin.py:188} INFO - [2024-04-17T16:17:39.320+0000] {dagbag.py:540} INFO - Filling up the DagBag from /opt/airflow/dags/minios3buc.py
[2024-04-17T16:17:39.353+0000] {processor.py:840} INFO - DAG(s) 'miniouss3dag' retrieved from /opt/airflow/dags/minios3buc.py
[2024-04-17T16:17:39.384+0000] {logging_mixin.py:188} INFO - [2024-04-17T16:17:39.383+0000] {dag.py:3047} INFO - Sync 1 DAGs
[2024-04-17T16:17:39.406+0000] {logging_mixin.py:188} INFO - [2024-04-17T16:17:39.406+0000] {dag.py:3834} INFO - Setting next_dagrun for miniouss3dag to 2024-04-17 04:05:00+00:00, run_after=2024-04-18 04:05:00+00:00
[2024-04-17T16:17:39.427+0000] {processor.py:183} INFO - Processing /opt/airflow/dags/minios3buc.py took 0.115 seconds
[2024-04-17T16:18:09.497+0000] {processor.py:161} INFO - Started process (PID=559) to work on /opt/airflow/dags/minios3buc.py
[2024-04-17T16:18:09.498+0000] {processor.py:830} INFO - Processing file /opt/airflow/dags/minios3buc.py for tasks to queue
[2024-04-17T16:18:09.500+0000] {logging_mixin.py:188} INFO - [2024-04-17T16:18:09.500+0000] {dagbag.py:540} INFO - Filling up the DagBag from /opt/airflow/dags/minios3buc.py
[2024-04-17T16:18:09.525+0000] {processor.py:840} INFO - DAG(s) 'miniouss3dag' retrieved from /opt/airflow/dags/minios3buc.py
[2024-04-17T16:18:09.551+0000] {logging_mixin.py:188} INFO - [2024-04-17T16:18:09.550+0000] {dag.py:3047} INFO - Sync 1 DAGs
[2024-04-17T16:18:09.574+0000] {logging_mixin.py:188} INFO - [2024-04-17T16:18:09.573+0000] {dag.py:3834} INFO - Setting next_dagrun for miniouss3dag to 2024-04-17 04:05:00+00:00, run_after=2024-04-18 04:05:00+00:00
[2024-04-17T16:18:09.598+0000] {processor.py:183} INFO - Processing /opt/airflow/dags/minios3buc.py took 0.104 seconds
[2024-04-17T16:18:40.349+0000] {processor.py:161} INFO - Started process (PID=578) to work on /opt/airflow/dags/minios3buc.py
[2024-04-17T16:18:40.351+0000] {processor.py:830} INFO - Processing file /opt/airflow/dags/minios3buc.py for tasks to queue
[2024-04-17T16:18:40.353+0000] {logging_mixin.py:188} INFO - [2024-04-17T16:18:40.352+0000] {dagbag.py:540} INFO - Filling up the DagBag from /opt/airflow/dags/minios3buc.py
[2024-04-17T16:18:40.378+0000] {processor.py:840} INFO - DAG(s) 'miniouss3dag' retrieved from /opt/airflow/dags/minios3buc.py
[2024-04-17T16:18:40.404+0000] {logging_mixin.py:188} INFO - [2024-04-17T16:18:40.403+0000] {dag.py:3047} INFO - Sync 1 DAGs
[2024-04-17T16:18:40.426+0000] {logging_mixin.py:188} INFO - [2024-04-17T16:18:40.425+0000] {dag.py:3834} INFO - Setting next_dagrun for miniouss3dag to 2024-04-17 04:05:00+00:00, run_after=2024-04-18 04:05:00+00:00
[2024-04-17T16:18:40.447+0000] {processor.py:183} INFO - Processing /opt/airflow/dags/minios3buc.py took 0.100 seconds
[2024-04-17T16:19:11.096+0000] {processor.py:161} INFO - Started process (PID=598) to work on /opt/airflow/dags/minios3buc.py
[2024-04-17T16:19:11.098+0000] {processor.py:830} INFO - Processing file /opt/airflow/dags/minios3buc.py for tasks to queue
[2024-04-17T16:19:11.100+0000] {logging_mixin.py:188} INFO - [2024-04-17T16:19:11.099+0000] {dagbag.py:540} INFO - Filling up the DagBag from /opt/airflow/dags/minios3buc.py
[2024-04-17T16:19:11.122+0000] {processor.py:840} INFO - DAG(s) 'miniouss3dag' retrieved from /opt/airflow/dags/minios3buc.py
[2024-04-17T16:19:11.146+0000] {logging_mixin.py:188} INFO - [2024-04-17T16:19:11.146+0000] {dag.py:3047} INFO - Sync 1 DAGs
[2024-04-17T16:19:11.170+0000] {logging_mixin.py:188} INFO - [2024-04-17T16:19:11.170+0000] {dag.py:3834} INFO - Setting next_dagrun for miniouss3dag to 2024-04-17 04:05:00+00:00, run_after=2024-04-18 04:05:00+00:00
[2024-04-17T16:19:11.190+0000] {processor.py:183} INFO - Processing /opt/airflow/dags/minios3buc.py took 0.097 seconds
[2024-04-17T16:19:41.815+0000] {processor.py:161} INFO - Started process (PID=618) to work on /opt/airflow/dags/minios3buc.py
[2024-04-17T16:19:41.817+0000] {processor.py:830} INFO - Processing file /opt/airflow/dags/minios3buc.py for tasks to queue
[2024-04-17T16:19:41.818+0000] {logging_mixin.py:188} INFO - [2024-04-17T16:19:41.818+0000] {dagbag.py:540} INFO - Filling up the DagBag from /opt/airflow/dags/minios3buc.py
[2024-04-17T16:19:41.838+0000] {processor.py:840} INFO - DAG(s) 'miniouss3dag' retrieved from /opt/airflow/dags/minios3buc.py
[2024-04-17T16:19:41.857+0000] {logging_mixin.py:188} INFO - [2024-04-17T16:19:41.857+0000] {dag.py:3047} INFO - Sync 1 DAGs
[2024-04-17T16:19:41.877+0000] {logging_mixin.py:188} INFO - [2024-04-17T16:19:41.877+0000] {dag.py:3834} INFO - Setting next_dagrun for miniouss3dag to 2024-04-17 04:05:00+00:00, run_after=2024-04-18 04:05:00+00:00
[2024-04-17T16:19:41.899+0000] {processor.py:183} INFO - Processing /opt/airflow/dags/minios3buc.py took 0.086 seconds
[2024-04-17T16:20:12.815+0000] {processor.py:161} INFO - Started process (PID=644) to work on /opt/airflow/dags/minios3buc.py
[2024-04-17T16:20:12.817+0000] {processor.py:830} INFO - Processing file /opt/airflow/dags/minios3buc.py for tasks to queue
[2024-04-17T16:20:12.820+0000] {logging_mixin.py:188} INFO - [2024-04-17T16:20:12.820+0000] {dagbag.py:540} INFO - Filling up the DagBag from /opt/airflow/dags/minios3buc.py
[2024-04-17T16:20:12.854+0000] {processor.py:840} INFO - DAG(s) 'miniouss3dag' retrieved from /opt/airflow/dags/minios3buc.py
[2024-04-17T16:20:12.884+0000] {logging_mixin.py:188} INFO - [2024-04-17T16:20:12.884+0000] {dag.py:3047} INFO - Sync 1 DAGs
[2024-04-17T16:20:12.916+0000] {logging_mixin.py:188} INFO - [2024-04-17T16:20:12.915+0000] {dag.py:3834} INFO - Setting next_dagrun for miniouss3dag to 2024-04-17 04:05:00+00:00, run_after=2024-04-18 04:05:00+00:00
[2024-04-17T16:20:12.947+0000] {processor.py:183} INFO - Processing /opt/airflow/dags/minios3buc.py took 0.136 seconds
[2024-04-17T16:20:43.014+0000] {processor.py:161} INFO - Started process (PID=663) to work on /opt/airflow/dags/minios3buc.py
[2024-04-17T16:20:43.016+0000] {processor.py:830} INFO - Processing file /opt/airflow/dags/minios3buc.py for tasks to queue
[2024-04-17T16:20:43.018+0000] {logging_mixin.py:188} INFO - [2024-04-17T16:20:43.018+0000] {dagbag.py:540} INFO - Filling up the DagBag from /opt/airflow/dags/minios3buc.py
[2024-04-17T16:20:43.046+0000] {processor.py:840} INFO - DAG(s) 'miniouss3dag' retrieved from /opt/airflow/dags/minios3buc.py
[2024-04-17T16:20:43.073+0000] {logging_mixin.py:188} INFO - [2024-04-17T16:20:43.073+0000] {dag.py:3047} INFO - Sync 1 DAGs
[2024-04-17T16:20:43.100+0000] {logging_mixin.py:188} INFO - [2024-04-17T16:20:43.099+0000] {dag.py:3834} INFO - Setting next_dagrun for miniouss3dag to 2024-04-17 04:05:00+00:00, run_after=2024-04-18 04:05:00+00:00
[2024-04-17T16:20:43.123+0000] {processor.py:183} INFO - Processing /opt/airflow/dags/minios3buc.py took 0.113 seconds
[2024-04-17T16:21:13.521+0000] {processor.py:161} INFO - Started process (PID=685) to work on /opt/airflow/dags/minios3buc.py
[2024-04-17T16:21:13.523+0000] {processor.py:830} INFO - Processing file /opt/airflow/dags/minios3buc.py for tasks to queue
[2024-04-17T16:21:13.525+0000] {logging_mixin.py:188} INFO - [2024-04-17T16:21:13.525+0000] {dagbag.py:540} INFO - Filling up the DagBag from /opt/airflow/dags/minios3buc.py
[2024-04-17T16:21:13.554+0000] {processor.py:840} INFO - DAG(s) 'miniouss3dag' retrieved from /opt/airflow/dags/minios3buc.py
[2024-04-17T16:21:13.579+0000] {logging_mixin.py:188} INFO - [2024-04-17T16:21:13.579+0000] {dag.py:3047} INFO - Sync 1 DAGs
[2024-04-17T16:21:13.604+0000] {logging_mixin.py:188} INFO - [2024-04-17T16:21:13.603+0000] {dag.py:3834} INFO - Setting next_dagrun for miniouss3dag to 2024-04-17 04:05:00+00:00, run_after=2024-04-18 04:05:00+00:00
[2024-04-17T16:21:13.629+0000] {processor.py:183} INFO - Processing /opt/airflow/dags/minios3buc.py took 0.113 seconds
[2024-04-17T16:21:43.910+0000] {processor.py:161} INFO - Started process (PID=705) to work on /opt/airflow/dags/minios3buc.py
[2024-04-17T16:21:43.912+0000] {processor.py:830} INFO - Processing file /opt/airflow/dags/minios3buc.py for tasks to queue
[2024-04-17T16:21:43.914+0000] {logging_mixin.py:188} INFO - [2024-04-17T16:21:43.913+0000] {dagbag.py:540} INFO - Filling up the DagBag from /opt/airflow/dags/minios3buc.py
[2024-04-17T16:21:43.947+0000] {processor.py:840} INFO - DAG(s) 'miniouss3dag' retrieved from /opt/airflow/dags/minios3buc.py
[2024-04-17T16:21:43.977+0000] {logging_mixin.py:188} INFO - [2024-04-17T16:21:43.977+0000] {dag.py:3047} INFO - Sync 1 DAGs
[2024-04-17T16:21:44.011+0000] {logging_mixin.py:188} INFO - [2024-04-17T16:21:44.010+0000] {dag.py:3834} INFO - Setting next_dagrun for miniouss3dag to 2024-04-17 04:05:00+00:00, run_after=2024-04-18 04:05:00+00:00
[2024-04-17T16:21:44.046+0000] {processor.py:183} INFO - Processing /opt/airflow/dags/minios3buc.py took 0.139 seconds
[2024-04-17T16:22:14.159+0000] {processor.py:161} INFO - Started process (PID=726) to work on /opt/airflow/dags/minios3buc.py
[2024-04-17T16:22:14.160+0000] {processor.py:830} INFO - Processing file /opt/airflow/dags/minios3buc.py for tasks to queue
[2024-04-17T16:22:14.162+0000] {logging_mixin.py:188} INFO - [2024-04-17T16:22:14.162+0000] {dagbag.py:540} INFO - Filling up the DagBag from /opt/airflow/dags/minios3buc.py
[2024-04-17T16:22:14.185+0000] {processor.py:840} INFO - DAG(s) 'miniouss3dag' retrieved from /opt/airflow/dags/minios3buc.py
[2024-04-17T16:22:14.205+0000] {logging_mixin.py:188} INFO - [2024-04-17T16:22:14.205+0000] {dag.py:3047} INFO - Sync 1 DAGs
[2024-04-17T16:22:14.227+0000] {logging_mixin.py:188} INFO - [2024-04-17T16:22:14.227+0000] {dag.py:3834} INFO - Setting next_dagrun for miniouss3dag to 2024-04-17 04:05:00+00:00, run_after=2024-04-18 04:05:00+00:00
[2024-04-17T16:22:14.250+0000] {processor.py:183} INFO - Processing /opt/airflow/dags/minios3buc.py took 0.097 seconds
[2024-04-17T16:22:44.982+0000] {processor.py:161} INFO - Started process (PID=750) to work on /opt/airflow/dags/minios3buc.py
[2024-04-17T16:22:44.983+0000] {processor.py:830} INFO - Processing file /opt/airflow/dags/minios3buc.py for tasks to queue
[2024-04-17T16:22:44.984+0000] {logging_mixin.py:188} INFO - [2024-04-17T16:22:44.984+0000] {dagbag.py:540} INFO - Filling up the DagBag from /opt/airflow/dags/minios3buc.py
[2024-04-17T16:22:45.009+0000] {processor.py:840} INFO - DAG(s) 'miniouss3dag' retrieved from /opt/airflow/dags/minios3buc.py
[2024-04-17T16:22:45.036+0000] {logging_mixin.py:188} INFO - [2024-04-17T16:22:45.036+0000] {dag.py:3047} INFO - Sync 1 DAGs
[2024-04-17T16:22:45.060+0000] {logging_mixin.py:188} INFO - [2024-04-17T16:22:45.060+0000] {dag.py:3834} INFO - Setting next_dagrun for miniouss3dag to 2024-04-17 04:05:00+00:00, run_after=2024-04-18 04:05:00+00:00
[2024-04-17T16:22:45.081+0000] {processor.py:183} INFO - Processing /opt/airflow/dags/minios3buc.py took 0.102 seconds
[2024-04-17T16:23:15.725+0000] {processor.py:161} INFO - Started process (PID=770) to work on /opt/airflow/dags/minios3buc.py
[2024-04-17T16:23:15.726+0000] {processor.py:830} INFO - Processing file /opt/airflow/dags/minios3buc.py for tasks to queue
[2024-04-17T16:23:15.728+0000] {logging_mixin.py:188} INFO - [2024-04-17T16:23:15.728+0000] {dagbag.py:540} INFO - Filling up the DagBag from /opt/airflow/dags/minios3buc.py
[2024-04-17T16:23:15.756+0000] {processor.py:840} INFO - DAG(s) 'miniouss3dag' retrieved from /opt/airflow/dags/minios3buc.py
[2024-04-17T16:23:15.779+0000] {logging_mixin.py:188} INFO - [2024-04-17T16:23:15.778+0000] {dag.py:3047} INFO - Sync 1 DAGs
[2024-04-17T16:23:16.041+0000] {logging_mixin.py:188} INFO - [2024-04-17T16:23:16.041+0000] {dag.py:3834} INFO - Setting next_dagrun for miniouss3dag to 2024-04-17 04:05:00+00:00, run_after=2024-04-18 04:05:00+00:00
[2024-04-17T16:23:16.059+0000] {processor.py:183} INFO - Processing /opt/airflow/dags/minios3buc.py took 0.337 seconds
[2024-04-17T16:23:46.341+0000] {processor.py:161} INFO - Started process (PID=790) to work on /opt/airflow/dags/minios3buc.py
[2024-04-17T16:23:46.343+0000] {processor.py:830} INFO - Processing file /opt/airflow/dags/minios3buc.py for tasks to queue
[2024-04-17T16:23:46.346+0000] {logging_mixin.py:188} INFO - [2024-04-17T16:23:46.346+0000] {dagbag.py:540} INFO - Filling up the DagBag from /opt/airflow/dags/minios3buc.py
[2024-04-17T16:23:46.374+0000] {processor.py:840} INFO - DAG(s) 'miniouss3dag' retrieved from /opt/airflow/dags/minios3buc.py
[2024-04-17T16:23:46.397+0000] {logging_mixin.py:188} INFO - [2024-04-17T16:23:46.397+0000] {dag.py:3047} INFO - Sync 1 DAGs
[2024-04-17T16:23:46.420+0000] {logging_mixin.py:188} INFO - [2024-04-17T16:23:46.420+0000] {dag.py:3834} INFO - Setting next_dagrun for miniouss3dag to 2024-04-17 04:05:00+00:00, run_after=2024-04-18 04:05:00+00:00
[2024-04-17T16:23:46.449+0000] {processor.py:183} INFO - Processing /opt/airflow/dags/minios3buc.py took 0.113 seconds
