[2024-04-17T16:05:26.927+0000] {taskinstance.py:1979} INFO - Dependencies all met for dep_context=non-requeueable deps ti=<TaskInstance: etl_data.combine_files scheduled__2024-04-16T00:00:00+00:00 [queued]>
[2024-04-17T16:05:26.948+0000] {taskinstance.py:1979} INFO - Dependencies all met for dep_context=requeueable deps ti=<TaskInstance: etl_data.combine_files scheduled__2024-04-16T00:00:00+00:00 [queued]>
[2024-04-17T16:05:26.949+0000] {taskinstance.py:2193} INFO - Starting attempt 1 of 4
[2024-04-17T16:05:26.971+0000] {taskinstance.py:2217} INFO - Executing <Task(BashOperator): combine_files> on 2024-04-16 00:00:00+00:00
[2024-04-17T16:05:26.979+0000] {standard_task_runner.py:60} INFO - Started process 70 to run task
[2024-04-17T16:05:26.983+0000] {standard_task_runner.py:87} INFO - Running: ['***', 'tasks', 'run', 'etl_data', 'combine_files', 'scheduled__2024-04-16T00:00:00+00:00', '--job-id', '2033', '--raw', '--subdir', 'DAGS_FOLDER/etl_data.py', '--cfg-path', '/tmp/tmpsk9hw35w']
[2024-04-17T16:05:26.986+0000] {standard_task_runner.py:88} INFO - Job 2033: Subtask combine_files
[2024-04-17T16:05:27.040+0000] {task_command.py:423} INFO - Running <TaskInstance: etl_data.combine_files scheduled__2024-04-16T00:00:00+00:00 [running]> on host fdd3cfdf3f53
[2024-04-17T16:05:27.155+0000] {taskinstance.py:2513} INFO - Exporting env vars: AIRFLOW_CTX_DAG_OWNER='***' AIRFLOW_CTX_DAG_ID='etl_data' AIRFLOW_CTX_TASK_ID='combine_files' AIRFLOW_CTX_EXECUTION_DATE='2024-04-16T00:00:00+00:00' AIRFLOW_CTX_TRY_NUMBER='1' AIRFLOW_CTX_DAG_RUN_ID='scheduled__2024-04-16T00:00:00+00:00'
[2024-04-17T16:05:27.159+0000] {subprocess.py:63} INFO - Tmp dir root location: /tmp
[2024-04-17T16:05:27.161+0000] {subprocess.py:75} INFO - Running command: ['/usr/bin/bash', '-c', 'cat ../destination/csv_data.csv ../destination/tsv_data.csv ../destination/txt_data.csv > ../destination/combined_data.csv']
[2024-04-17T16:05:27.176+0000] {subprocess.py:86} INFO - Output:
[2024-04-17T16:05:27.183+0000] {subprocess.py:93} INFO - /usr/bin/bash: line 1: ../destination/combined_data.csv: No such file or directory
[2024-04-17T16:05:27.183+0000] {subprocess.py:97} INFO - Command exited with return code 1
[2024-04-17T16:05:27.195+0000] {taskinstance.py:2731} ERROR - Task failed with exception
Traceback (most recent call last):
  File "/home/airflow/.local/lib/python3.8/site-packages/airflow/models/taskinstance.py", line 444, in _execute_task
    result = _execute_callable(context=context, **execute_callable_kwargs)
  File "/home/airflow/.local/lib/python3.8/site-packages/airflow/models/taskinstance.py", line 414, in _execute_callable
    return execute_callable(context=context, **execute_callable_kwargs)
  File "/home/airflow/.local/lib/python3.8/site-packages/airflow/operators/bash.py", line 212, in execute
    raise AirflowException(
airflow.exceptions.AirflowException: Bash command failed. The command returned a non-zero exit code 1.
[2024-04-17T16:05:27.201+0000] {taskinstance.py:1149} INFO - Marking task as UP_FOR_RETRY. dag_id=etl_data, task_id=combine_files, execution_date=20240416T000000, start_date=20240417T160526, end_date=20240417T160527
[2024-04-17T16:05:27.222+0000] {standard_task_runner.py:107} ERROR - Failed to execute job 2033 for task combine_files (Bash command failed. The command returned a non-zero exit code 1.; 70)
[2024-04-17T16:05:27.238+0000] {local_task_job_runner.py:234} INFO - Task exited with return code 1
[2024-04-17T16:05:27.257+0000] {taskinstance.py:3312} INFO - 0 downstream tasks scheduled from follow-on schedule check
