[2024-04-02T23:37:02.412+0000] {taskinstance.py:1979} INFO - Dependencies all met for dep_context=non-requeueable deps ti=<TaskInstance: dagwithpostgres.insert_data manual__2024-04-02T23:28:01.869517+00:00 [queued]>
[2024-04-02T23:37:02.432+0000] {taskinstance.py:1979} INFO - Dependencies all met for dep_context=requeueable deps ti=<TaskInstance: dagwithpostgres.insert_data manual__2024-04-02T23:28:01.869517+00:00 [queued]>
[2024-04-02T23:37:02.433+0000] {taskinstance.py:2193} INFO - Starting attempt 3 of 5
[2024-04-02T23:37:02.467+0000] {taskinstance.py:2217} INFO - Executing <Task(PostgresOperator): insert_data> on 2024-04-02 23:28:01.869517+00:00
[2024-04-02T23:37:02.476+0000] {standard_task_runner.py:60} INFO - Started process 795 to run task
[2024-04-02T23:37:02.481+0000] {standard_task_runner.py:87} INFO - Running: ['***', 'tasks', 'run', 'dagwithpostgres', 'insert_data', 'manual__2024-04-02T23:28:01.869517+00:00', '--job-id', '219', '--raw', '--subdir', 'DAGS_FOLDER/dagwithpostgres.py', '--cfg-path', '/tmp/tmpxfsdie6v']
[2024-04-02T23:37:02.484+0000] {standard_task_runner.py:88} INFO - Job 219: Subtask insert_data
[2024-04-02T23:37:02.583+0000] {task_command.py:423} INFO - Running <TaskInstance: dagwithpostgres.insert_data manual__2024-04-02T23:28:01.869517+00:00 [running]> on host 41da1b14e620
[2024-04-02T23:37:02.758+0000] {taskinstance.py:2513} INFO - Exporting env vars: AIRFLOW_CTX_DAG_OWNER='***' AIRFLOW_CTX_DAG_ID='dagwithpostgres' AIRFLOW_CTX_TASK_ID='insert_data' AIRFLOW_CTX_EXECUTION_DATE='2024-04-02T23:28:01.869517+00:00' AIRFLOW_CTX_TRY_NUMBER='3' AIRFLOW_CTX_DAG_RUN_ID='manual__2024-04-02T23:28:01.869517+00:00'
[2024-04-02T23:37:02.760+0000] {sql.py:276} INFO - Executing: 
    INSERT INTO dag_runs(dt,dag_id) VALUES ('2024-04-02','dagwithpostgres')
    
[2024-04-02T23:37:02.779+0000] {base.py:83} INFO - Using connection ID 'postgress_localhost' for task execution.
[2024-04-02T23:37:02.797+0000] {base.py:83} INFO - Using connection ID 'postgress_localhost' for task execution.
[2024-04-02T23:37:02.822+0000] {sql.py:457} INFO - Running statement: 
    INSERT INTO dag_runs(dt,dag_id) VALUES ('2024-04-02','dagwithpostgres')
    , parameters: None
[2024-04-02T23:37:02.833+0000] {sql.py:466} INFO - Rows affected: 1
[2024-04-02T23:37:02.835+0000] {warnings.py:109} WARNING - /home/***/.local/lib/python3.8/site-packages/***/providers/common/sql/hooks/sql.py:407: AirflowProviderDeprecationWarning: Call to deprecated method _make_common_data_structure. (The `_make_serializable` method is deprecated and support will be removed in a future version of the common.sql provider. Please update the DbApiHook's provider to a version based on common.sql >= 1.9.1.)
  result = self._make_common_data_structure(handler(cur))

[2024-04-02T23:37:02.860+0000] {taskinstance.py:1149} INFO - Marking task as SUCCESS. dag_id=dagwithpostgres, task_id=insert_data, execution_date=20240402T232801, start_date=20240402T233702, end_date=20240402T233702
[2024-04-02T23:37:02.896+0000] {local_task_job_runner.py:234} INFO - Task exited with return code 0
[2024-04-02T23:37:02.929+0000] {taskinstance.py:3312} INFO - 0 downstream tasks scheduled from follow-on schedule check
