[2024-04-02T23:28:05.807+0000] {taskinstance.py:1979} INFO - Dependencies all met for dep_context=non-requeueable deps ti=<TaskInstance: dagwithpostgres.insert_data manual__2024-04-02T23:28:01.869517+00:00 [queued]>
[2024-04-02T23:28:05.829+0000] {taskinstance.py:1979} INFO - Dependencies all met for dep_context=requeueable deps ti=<TaskInstance: dagwithpostgres.insert_data manual__2024-04-02T23:28:01.869517+00:00 [queued]>
[2024-04-02T23:28:05.831+0000] {taskinstance.py:2193} INFO - Starting attempt 1 of 4
[2024-04-02T23:28:05.858+0000] {taskinstance.py:2217} INFO - Executing <Task(PostgresOperator): insert_data> on 2024-04-02 23:28:01.869517+00:00
[2024-04-02T23:28:05.868+0000] {standard_task_runner.py:60} INFO - Started process 666 to run task
[2024-04-02T23:28:05.871+0000] {standard_task_runner.py:87} INFO - Running: ['***', 'tasks', 'run', 'dagwithpostgres', 'insert_data', 'manual__2024-04-02T23:28:01.869517+00:00', '--job-id', '216', '--raw', '--subdir', 'DAGS_FOLDER/dagwithpostgres.py', '--cfg-path', '/tmp/tmpirgk9478']
[2024-04-02T23:28:05.874+0000] {standard_task_runner.py:88} INFO - Job 216: Subtask insert_data
[2024-04-02T23:28:05.955+0000] {task_command.py:423} INFO - Running <TaskInstance: dagwithpostgres.insert_data manual__2024-04-02T23:28:01.869517+00:00 [running]> on host 41da1b14e620
[2024-04-02T23:28:06.118+0000] {taskinstance.py:2513} INFO - Exporting env vars: AIRFLOW_CTX_DAG_OWNER='***' AIRFLOW_CTX_DAG_ID='dagwithpostgres' AIRFLOW_CTX_TASK_ID='insert_data' AIRFLOW_CTX_EXECUTION_DATE='2024-04-02T23:28:01.869517+00:00' AIRFLOW_CTX_TRY_NUMBER='1' AIRFLOW_CTX_DAG_RUN_ID='manual__2024-04-02T23:28:01.869517+00:00'
[2024-04-02T23:28:06.120+0000] {sql.py:276} INFO - Executing: 
    INSERT INTO dag_runs(dt,dag_id) VALUES (2024-04-02,dagwithpostgres)
    
[2024-04-02T23:28:06.137+0000] {base.py:83} INFO - Using connection ID 'postgress_localhost' for task execution.
[2024-04-02T23:28:06.156+0000] {base.py:83} INFO - Using connection ID 'postgress_localhost' for task execution.
[2024-04-02T23:28:06.184+0000] {sql.py:457} INFO - Running statement: 
    INSERT INTO dag_runs(dt,dag_id) VALUES (2024-04-02,dagwithpostgres)
    , parameters: None
[2024-04-02T23:28:06.200+0000] {taskinstance.py:2731} ERROR - Task failed with exception
Traceback (most recent call last):
  File "/home/airflow/.local/lib/python3.8/site-packages/airflow/models/taskinstance.py", line 444, in _execute_task
    result = _execute_callable(context=context, **execute_callable_kwargs)
  File "/home/airflow/.local/lib/python3.8/site-packages/airflow/models/taskinstance.py", line 414, in _execute_callable
    return execute_callable(context=context, **execute_callable_kwargs)
  File "/home/airflow/.local/lib/python3.8/site-packages/airflow/providers/common/sql/operators/sql.py", line 282, in execute
    output = hook.run(
  File "/home/airflow/.local/lib/python3.8/site-packages/airflow/providers/common/sql/hooks/sql.py", line 404, in run
    self._run_command(cur, sql_statement, parameters)
  File "/home/airflow/.local/lib/python3.8/site-packages/airflow/providers/common/sql/hooks/sql.py", line 462, in _run_command
    cur.execute(sql_statement)
psycopg2.errors.UndefinedColumn: column "dagwithpostgres" does not exist
LINE 2: ...NSERT INTO dag_runs(dt,dag_id) VALUES (2024-04-02,dagwithpos...
                                                             ^

[2024-04-02T23:28:06.218+0000] {taskinstance.py:1149} INFO - Marking task as UP_FOR_RETRY. dag_id=dagwithpostgres, task_id=insert_data, execution_date=20240402T232801, start_date=20240402T232805, end_date=20240402T232806
[2024-04-02T23:28:06.246+0000] {standard_task_runner.py:107} ERROR - Failed to execute job 216 for task insert_data (column "dagwithpostgres" does not exist
LINE 2: ...NSERT INTO dag_runs(dt,dag_id) VALUES (2024-04-02,dagwithpos...
                                                             ^
; 666)
[2024-04-02T23:28:06.286+0000] {local_task_job_runner.py:234} INFO - Task exited with return code 1
[2024-04-02T23:28:06.317+0000] {taskinstance.py:3312} INFO - 0 downstream tasks scheduled from follow-on schedule check
