[2024-04-02T23:31:59.278+0000] {taskinstance.py:1979} INFO - Dependencies all met for dep_context=non-requeueable deps ti=<TaskInstance: dagwithpostgres.create_table manual__2024-04-02T23:28:01.869517+00:00 [queued]>
[2024-04-02T23:31:59.302+0000] {taskinstance.py:1979} INFO - Dependencies all met for dep_context=requeueable deps ti=<TaskInstance: dagwithpostgres.create_table manual__2024-04-02T23:28:01.869517+00:00 [queued]>
[2024-04-02T23:31:59.303+0000] {taskinstance.py:2193} INFO - Starting attempt 2 of 5
[2024-04-02T23:31:59.333+0000] {taskinstance.py:2217} INFO - Executing <Task(PostgresOperator): create_table> on 2024-04-02 23:28:01.869517+00:00
[2024-04-02T23:31:59.342+0000] {standard_task_runner.py:60} INFO - Started process 724 to run task
[2024-04-02T23:31:59.345+0000] {standard_task_runner.py:87} INFO - Running: ['***', 'tasks', 'run', 'dagwithpostgres', 'create_table', 'manual__2024-04-02T23:28:01.869517+00:00', '--job-id', '217', '--raw', '--subdir', 'DAGS_FOLDER/dagwithpostgres.py', '--cfg-path', '/tmp/tmpfy2suqud']
[2024-04-02T23:31:59.347+0000] {standard_task_runner.py:88} INFO - Job 217: Subtask create_table
[2024-04-02T23:31:59.429+0000] {task_command.py:423} INFO - Running <TaskInstance: dagwithpostgres.create_table manual__2024-04-02T23:28:01.869517+00:00 [running]> on host 41da1b14e620
[2024-04-02T23:31:59.585+0000] {taskinstance.py:2513} INFO - Exporting env vars: AIRFLOW_CTX_DAG_OWNER='***' AIRFLOW_CTX_DAG_ID='dagwithpostgres' AIRFLOW_CTX_TASK_ID='create_table' AIRFLOW_CTX_EXECUTION_DATE='2024-04-02T23:28:01.869517+00:00' AIRFLOW_CTX_TRY_NUMBER='2' AIRFLOW_CTX_DAG_RUN_ID='manual__2024-04-02T23:28:01.869517+00:00'
[2024-04-02T23:31:59.587+0000] {sql.py:276} INFO - Executing: 
    CREATE TABLE IF NOT EXISTS dag_runs(
        dt date,
        dag_id character varying(250),
        primary key(dt,dag_id)
    )
    
[2024-04-02T23:31:59.605+0000] {base.py:83} INFO - Using connection ID 'postgress_localhost' for task execution.
[2024-04-02T23:31:59.622+0000] {base.py:83} INFO - Using connection ID 'postgress_localhost' for task execution.
[2024-04-02T23:31:59.648+0000] {sql.py:457} INFO - Running statement: 
    CREATE TABLE IF NOT EXISTS dag_runs(
        dt date,
        dag_id character varying(250),
        primary key(dt,dag_id)
    )
    , parameters: None
[2024-04-02T23:31:59.671+0000] {warnings.py:109} WARNING - /home/***/.local/lib/python3.8/site-packages/***/providers/common/sql/hooks/sql.py:407: AirflowProviderDeprecationWarning: Call to deprecated method _make_common_data_structure. (The `_make_serializable` method is deprecated and support will be removed in a future version of the common.sql provider. Please update the DbApiHook's provider to a version based on common.sql >= 1.9.1.)
  result = self._make_common_data_structure(handler(cur))

[2024-04-02T23:31:59.698+0000] {taskinstance.py:1149} INFO - Marking task as SUCCESS. dag_id=dagwithpostgres, task_id=create_table, execution_date=20240402T232801, start_date=20240402T233159, end_date=20240402T233159
[2024-04-02T23:31:59.762+0000] {local_task_job_runner.py:234} INFO - Task exited with return code 0
[2024-04-02T23:31:59.781+0000] {warnings.py:109} WARNING - /home/***/.local/lib/python3.8/site-packages/***/models/baseoperator.py:1201: AirflowProviderDeprecationWarning: Call to deprecated class PostgresOperator. (Please use `***.providers.common.sql.operators.sql.SQLExecuteQueryOperator`.Also, you can provide `hook_params={'schema': <database>}`.)
  result = cls.__new__(cls)

[2024-04-02T23:31:59.803+0000] {taskinstance.py:3312} INFO - 0 downstream tasks scheduled from follow-on schedule check
