[2024-04-10T18:24:22.076+0000] {taskinstance.py:1979} INFO - Dependencies all met for dep_context=non-requeueable deps ti=<TaskInstance: miniouss3dag.s1minio_sensor scheduled__2024-04-07T04:05:00+00:00 [queued]>
[2024-04-10T18:24:22.096+0000] {taskinstance.py:1979} INFO - Dependencies all met for dep_context=requeueable deps ti=<TaskInstance: miniouss3dag.s1minio_sensor scheduled__2024-04-07T04:05:00+00:00 [queued]>
[2024-04-10T18:24:22.097+0000] {taskinstance.py:2193} INFO - Starting attempt 1 of 4
[2024-04-10T18:24:22.121+0000] {taskinstance.py:2217} INFO - Executing <Task(S3KeySensor): s1minio_sensor> on 2024-04-07 04:05:00+00:00
[2024-04-10T18:24:22.137+0000] {standard_task_runner.py:60} INFO - Started process 998 to run task
[2024-04-10T18:24:22.153+0000] {standard_task_runner.py:87} INFO - Running: ['***', 'tasks', 'run', 'miniouss3dag', 's1minio_sensor', 'scheduled__2024-04-07T04:05:00+00:00', '--job-id', '1281', '--raw', '--subdir', 'DAGS_FOLDER/minios3buc.py', '--cfg-path', '/tmp/tmpj4874q7u']
[2024-04-10T18:24:22.159+0000] {standard_task_runner.py:88} INFO - Job 1281: Subtask s1minio_sensor
[2024-04-10T18:24:22.312+0000] {task_command.py:423} INFO - Running <TaskInstance: miniouss3dag.s1minio_sensor scheduled__2024-04-07T04:05:00+00:00 [running]> on host 41da1b14e620
[2024-04-10T18:24:22.549+0000] {taskinstance.py:2513} INFO - Exporting env vars: AIRFLOW_CTX_DAG_OWNER='***' AIRFLOW_CTX_DAG_ID='miniouss3dag' AIRFLOW_CTX_TASK_ID='s1minio_sensor' AIRFLOW_CTX_EXECUTION_DATE='2024-04-07T04:05:00+00:00' AIRFLOW_CTX_TRY_NUMBER='1' AIRFLOW_CTX_DAG_RUN_ID='scheduled__2024-04-07T04:05:00+00:00'
[2024-04-10T18:24:22.557+0000] {s3.py:110} INFO - Poking for key : s3://***/data.csv
[2024-04-10T18:24:22.594+0000] {base.py:83} INFO - Using connection ID 'minin_s3' for task execution.
[2024-04-10T18:24:22.597+0000] {connection_wrapper.py:384} INFO - AWS Connection (conn_id='minin_s3', conn_type='aws') credentials retrieved from login and password.
[2024-04-10T18:24:22.600+0000] {warnings.py:109} WARNING - <string>:9: AirflowProviderDeprecationWarning: extra['host'] is deprecated and will be removed in a future release. Please set extra['endpoint_url'] instead

[2024-04-10T18:24:29.954+0000] {s3.py:110} INFO - Poking for key : s3://***/data.csv
[2024-04-10T18:24:34.965+0000] {s3.py:110} INFO - Poking for key : s3://***/data.csv
[2024-04-10T18:24:39.976+0000] {s3.py:110} INFO - Poking for key : s3://***/data.csv
[2024-04-10T18:24:44.981+0000] {s3.py:110} INFO - Poking for key : s3://***/data.csv
[2024-04-10T18:24:49.988+0000] {s3.py:110} INFO - Poking for key : s3://***/data.csv
[2024-04-10T18:24:54.997+0000] {s3.py:110} INFO - Poking for key : s3://***/data.csv
[2024-04-10T18:24:55.003+0000] {taskinstance.py:2731} ERROR - Task failed with exception
Traceback (most recent call last):
  File "/home/airflow/.local/lib/python3.8/site-packages/airflow/models/taskinstance.py", line 444, in _execute_task
    result = _execute_callable(context=context, **execute_callable_kwargs)
  File "/home/airflow/.local/lib/python3.8/site-packages/airflow/models/taskinstance.py", line 414, in _execute_callable
    return execute_callable(context=context, **execute_callable_kwargs)
  File "/home/airflow/.local/lib/python3.8/site-packages/airflow/providers/amazon/aws/sensors/s3.py", line 153, in execute
    super().execute(context)
  File "/home/airflow/.local/lib/python3.8/site-packages/airflow/sensors/base.py", line 282, in execute
    raise AirflowSensorTimeout(message)
airflow.exceptions.AirflowSensorTimeout: Sensor has timed out; run duration of 32.44873713099969 seconds exceeds the specified timeout of 30.0.
[2024-04-10T18:24:55.013+0000] {taskinstance.py:1149} INFO - Immediate failure requested. Marking task as FAILED. dag_id=miniouss3dag, task_id=s1minio_sensor, execution_date=20240407T040500, start_date=20240410T182422, end_date=20240410T182455
[2024-04-10T18:24:55.026+0000] {standard_task_runner.py:107} ERROR - Failed to execute job 1281 for task s1minio_sensor (Sensor has timed out; run duration of 32.44873713099969 seconds exceeds the specified timeout of 30.0.; 998)
[2024-04-10T18:24:55.062+0000] {local_task_job_runner.py:234} INFO - Task exited with return code 1
[2024-04-10T18:24:55.076+0000] {taskinstance.py:3312} INFO - 0 downstream tasks scheduled from follow-on schedule check
