[2024-04-03T06:57:03.453+0000] {taskinstance.py:1979} INFO - Dependencies all met for dep_context=non-requeueable deps ti=<TaskInstance: s3postgress.postgresstos3 manual__2024-04-03T06:57:01.214029+00:00 [queued]>
[2024-04-03T06:57:03.479+0000] {taskinstance.py:1979} INFO - Dependencies all met for dep_context=requeueable deps ti=<TaskInstance: s3postgress.postgresstos3 manual__2024-04-03T06:57:01.214029+00:00 [queued]>
[2024-04-03T06:57:03.480+0000] {taskinstance.py:2193} INFO - Starting attempt 1 of 4
[2024-04-03T06:57:03.521+0000] {taskinstance.py:2217} INFO - Executing <Task(PythonOperator): postgresstos3> on 2024-04-03 06:57:01.214029+00:00
[2024-04-03T06:57:03.532+0000] {standard_task_runner.py:60} INFO - Started process 1826 to run task
[2024-04-03T06:57:03.540+0000] {standard_task_runner.py:87} INFO - Running: ['***', 'tasks', 'run', 's3postgress', 'postgresstos3', 'manual__2024-04-03T06:57:01.214029+00:00', '--job-id', '264', '--raw', '--subdir', 'DAGS_FOLDER/s3postgress.py', '--cfg-path', '/tmp/tmpy4g51psc']
[2024-04-03T06:57:03.543+0000] {standard_task_runner.py:88} INFO - Job 264: Subtask postgresstos3
[2024-04-03T06:57:03.638+0000] {task_command.py:423} INFO - Running <TaskInstance: s3postgress.postgresstos3 manual__2024-04-03T06:57:01.214029+00:00 [running]> on host 41da1b14e620
[2024-04-03T06:57:03.837+0000] {taskinstance.py:2513} INFO - Exporting env vars: AIRFLOW_CTX_DAG_OWNER='***' AIRFLOW_CTX_DAG_ID='s3postgress' AIRFLOW_CTX_TASK_ID='postgresstos3' AIRFLOW_CTX_EXECUTION_DATE='2024-04-03T06:57:01.214029+00:00' AIRFLOW_CTX_TRY_NUMBER='1' AIRFLOW_CTX_DAG_RUN_ID='manual__2024-04-03T06:57:01.214029+00:00'
[2024-04-03T06:57:03.841+0000] {warnings.py:109} WARNING - /home/***/.local/lib/python3.8/site-packages/***/utils/context.py:207: AirflowContextDeprecationWarning: Accessing 'next_ds_nodash' from the template is deprecated and will be removed in a future version. Please use '{{ data_interval_end | ds_nodash }}' instead.
  warnings.warn(_create_deprecation_warning(key, self._deprecation_replacements[key]))

[2024-04-03T06:57:03.860+0000] {base.py:83} INFO - Using connection ID 'postgress_localhost' for task execution.
[2024-04-03T06:57:03.900+0000] {taskinstance.py:2731} ERROR - Task failed with exception
Traceback (most recent call last):
  File "/home/airflow/.local/lib/python3.8/site-packages/airflow/models/taskinstance.py", line 444, in _execute_task
    result = _execute_callable(context=context, **execute_callable_kwargs)
  File "/home/airflow/.local/lib/python3.8/site-packages/airflow/models/taskinstance.py", line 414, in _execute_callable
    return execute_callable(context=context, **execute_callable_kwargs)
  File "/home/airflow/.local/lib/python3.8/site-packages/airflow/operators/python.py", line 200, in execute
    return_value = self.execute_callable()
  File "/home/airflow/.local/lib/python3.8/site-packages/airflow/operators/python.py", line 217, in execute_callable
    return self.python_callable(*self.op_args, **self.op_kwargs)
  File "/opt/airflow/dags/s3postgress.py", line 34, in postgresstos3
    with open(f"dage/get_orders{ds_nodash}.txt", "w") as f:
FileNotFoundError: [Errno 2] No such file or directory: 'dage/get_orders20240403.txt'
[2024-04-03T06:57:03.923+0000] {taskinstance.py:1149} INFO - Marking task as UP_FOR_RETRY. dag_id=s3postgress, task_id=postgresstos3, execution_date=20240403T065701, start_date=20240403T065703, end_date=20240403T065703
[2024-04-03T06:57:04.040+0000] {standard_task_runner.py:107} ERROR - Failed to execute job 264 for task postgresstos3 ([Errno 2] No such file or directory: 'dage/get_orders20240403.txt'; 1826)
[2024-04-03T06:57:04.077+0000] {local_task_job_runner.py:234} INFO - Task exited with return code 1
[2024-04-03T06:57:04.117+0000] {taskinstance.py:3312} INFO - 0 downstream tasks scheduled from follow-on schedule check
