[2024-04-15T09:23:31.675+0000] {taskinstance.py:1979} INFO - Dependencies all met for dep_context=non-requeueable deps ti=<TaskInstance: etl_data.extract_data_from_csv manual__2024-04-15T09:23:28.560368+00:00 [queued]>
[2024-04-15T09:23:31.683+0000] {taskinstance.py:1979} INFO - Dependencies all met for dep_context=requeueable deps ti=<TaskInstance: etl_data.extract_data_from_csv manual__2024-04-15T09:23:28.560368+00:00 [queued]>
[2024-04-15T09:23:31.684+0000] {taskinstance.py:2193} INFO - Starting attempt 1 of 4
[2024-04-15T09:23:31.696+0000] {taskinstance.py:2217} INFO - Executing <Task(PythonOperator): extract_data_from_csv> on 2024-04-15 09:23:28.560368+00:00
[2024-04-15T09:23:31.702+0000] {standard_task_runner.py:60} INFO - Started process 837 to run task
[2024-04-15T09:23:31.705+0000] {standard_task_runner.py:87} INFO - Running: ['***', 'tasks', 'run', 'etl_data', 'extract_data_from_csv', 'manual__2024-04-15T09:23:28.560368+00:00', '--job-id', '1482', '--raw', '--subdir', 'DAGS_FOLDER/etl_data.py', '--cfg-path', '/tmp/tmpwtxzmn80']
[2024-04-15T09:23:31.707+0000] {standard_task_runner.py:88} INFO - Job 1482: Subtask extract_data_from_csv
[2024-04-15T09:23:31.746+0000] {task_command.py:423} INFO - Running <TaskInstance: etl_data.extract_data_from_csv manual__2024-04-15T09:23:28.560368+00:00 [running]> on host 41da1b14e620
[2024-04-15T09:23:31.811+0000] {taskinstance.py:2513} INFO - Exporting env vars: AIRFLOW_CTX_DAG_OWNER='***' AIRFLOW_CTX_DAG_ID='etl_data' AIRFLOW_CTX_TASK_ID='extract_data_from_csv' AIRFLOW_CTX_EXECUTION_DATE='2024-04-15T09:23:28.560368+00:00' AIRFLOW_CTX_TRY_NUMBER='1' AIRFLOW_CTX_DAG_RUN_ID='manual__2024-04-15T09:23:28.560368+00:00'
[2024-04-15T09:23:31.813+0000] {taskinstance.py:2731} ERROR - Task failed with exception
Traceback (most recent call last):
  File "/home/airflow/.local/lib/python3.8/site-packages/airflow/models/taskinstance.py", line 444, in _execute_task
    result = _execute_callable(context=context, **execute_callable_kwargs)
  File "/home/airflow/.local/lib/python3.8/site-packages/airflow/models/taskinstance.py", line 414, in _execute_callable
    return execute_callable(context=context, **execute_callable_kwargs)
  File "/home/airflow/.local/lib/python3.8/site-packages/airflow/operators/python.py", line 200, in execute
    return_value = self.execute_callable()
  File "/home/airflow/.local/lib/python3.8/site-packages/airflow/operators/python.py", line 217, in execute_callable
    return self.python_callable(*self.op_args, **self.op_kwargs)
  File "/opt/airflow/dags/etl_data.py", line 132, in extract_data_from_csv
    print(f"Folder {folder_path} does not exist.")
NameError: name 'folder_path' is not defined
[2024-04-15T09:23:31.824+0000] {taskinstance.py:1149} INFO - Marking task as UP_FOR_RETRY. dag_id=etl_data, task_id=extract_data_from_csv, execution_date=20240415T092328, start_date=20240415T092331, end_date=20240415T092331
[2024-04-15T09:23:31.835+0000] {standard_task_runner.py:107} ERROR - Failed to execute job 1482 for task extract_data_from_csv (name 'folder_path' is not defined; 837)
[2024-04-15T09:23:31.878+0000] {local_task_job_runner.py:234} INFO - Task exited with return code 1
[2024-04-15T09:23:31.899+0000] {taskinstance.py:3312} INFO - 0 downstream tasks scheduled from follow-on schedule check
