[2024-04-02T23:55:37.706+0000] {taskinstance.py:1979} INFO - Dependencies all met for dep_context=non-requeueable deps ti=<TaskInstance: dagwithpostgres.insert_data manual__2024-04-02T23:54:12.445085+00:00 [queued]>
[2024-04-02T23:55:37.724+0000] {taskinstance.py:1979} INFO - Dependencies all met for dep_context=requeueable deps ti=<TaskInstance: dagwithpostgres.insert_data manual__2024-04-02T23:54:12.445085+00:00 [queued]>
[2024-04-02T23:55:37.726+0000] {taskinstance.py:2193} INFO - Starting attempt 2 of 5
[2024-04-02T23:55:37.758+0000] {taskinstance.py:2217} INFO - Executing <Task(PostgresOperator): insert_data> on 2024-04-02 23:54:12.445085+00:00
[2024-04-02T23:55:37.770+0000] {standard_task_runner.py:60} INFO - Started process 1082 to run task
[2024-04-02T23:55:37.774+0000] {standard_task_runner.py:87} INFO - Running: ['***', 'tasks', 'run', 'dagwithpostgres', 'insert_data', 'manual__2024-04-02T23:54:12.445085+00:00', '--job-id', '232', '--raw', '--subdir', 'DAGS_FOLDER/dagwithpostgres.py', '--cfg-path', '/tmp/tmpqqtapb6d']
[2024-04-02T23:55:37.776+0000] {standard_task_runner.py:88} INFO - Job 232: Subtask insert_data
[2024-04-02T23:55:37.857+0000] {task_command.py:423} INFO - Running <TaskInstance: dagwithpostgres.insert_data manual__2024-04-02T23:54:12.445085+00:00 [running]> on host 41da1b14e620
[2024-04-02T23:55:37.963+0000] {warnings.py:109} WARNING - /home/***/.local/lib/python3.8/site-packages/***/utils/context.py:207: AirflowContextDeprecationWarning: Accessing 'execution_date' from the template is deprecated and will be removed in a future version. Please use 'data_interval_start' or 'logical_date' instead.
  warnings.warn(_create_deprecation_warning(key, self._deprecation_replacements[key]))

[2024-04-02T23:55:38.117+0000] {taskinstance.py:2513} INFO - Exporting env vars: AIRFLOW_CTX_DAG_OWNER='***' AIRFLOW_CTX_DAG_ID='dagwithpostgres' AIRFLOW_CTX_TASK_ID='insert_data' AIRFLOW_CTX_EXECUTION_DATE='2024-04-02T23:54:12.445085+00:00' AIRFLOW_CTX_TRY_NUMBER='2' AIRFLOW_CTX_DAG_RUN_ID='manual__2024-04-02T23:54:12.445085+00:00'
[2024-04-02T23:55:38.119+0000] {sql.py:276} INFO - Executing: 
    INSERT INTO dag_runs (dt, dag_id, timestamp, unique_num) VALUES ('2024-04-02', 'dagwithpostgres', '2024-04-02 23:54:12.445085+00:00', 20240402)
    
    
[2024-04-02T23:55:38.136+0000] {base.py:83} INFO - Using connection ID 'postgress_localhost' for task execution.
[2024-04-02T23:55:38.152+0000] {base.py:83} INFO - Using connection ID 'postgress_localhost' for task execution.
[2024-04-02T23:55:38.177+0000] {sql.py:457} INFO - Running statement: 
    INSERT INTO dag_runs (dt, dag_id, timestamp, unique_num) VALUES ('2024-04-02', 'dagwithpostgres', '2024-04-02 23:54:12.445085+00:00', 20240402)
    
    , parameters: None
[2024-04-02T23:55:38.187+0000] {taskinstance.py:2731} ERROR - Task failed with exception
Traceback (most recent call last):
  File "/home/airflow/.local/lib/python3.8/site-packages/airflow/models/taskinstance.py", line 444, in _execute_task
    result = _execute_callable(context=context, **execute_callable_kwargs)
  File "/home/airflow/.local/lib/python3.8/site-packages/airflow/models/taskinstance.py", line 414, in _execute_callable
    return execute_callable(context=context, **execute_callable_kwargs)
  File "/home/airflow/.local/lib/python3.8/site-packages/airflow/providers/common/sql/operators/sql.py", line 282, in execute
    output = hook.run(
  File "/home/airflow/.local/lib/python3.8/site-packages/airflow/providers/common/sql/hooks/sql.py", line 404, in run
    self._run_command(cur, sql_statement, parameters)
  File "/home/airflow/.local/lib/python3.8/site-packages/airflow/providers/common/sql/hooks/sql.py", line 462, in _run_command
    cur.execute(sql_statement)
psycopg2.errors.UndefinedTable: relation "dag_runs" does not exist
LINE 2:     INSERT INTO dag_runs (dt, dag_id, timestamp, unique_num)...
                        ^

[2024-04-02T23:55:38.202+0000] {taskinstance.py:1149} INFO - Marking task as UP_FOR_RETRY. dag_id=dagwithpostgres, task_id=insert_data, execution_date=20240402T235412, start_date=20240402T235537, end_date=20240402T235538
[2024-04-02T23:55:38.235+0000] {standard_task_runner.py:107} ERROR - Failed to execute job 232 for task insert_data (relation "dag_runs" does not exist
LINE 2:     INSERT INTO dag_runs (dt, dag_id, timestamp, unique_num)...
                        ^
; 1082)
[2024-04-02T23:55:38.272+0000] {local_task_job_runner.py:234} INFO - Task exited with return code 1
[2024-04-02T23:55:38.293+0000] {warnings.py:109} WARNING - /home/***/.local/lib/python3.8/site-packages/***/models/baseoperator.py:1201: AirflowProviderDeprecationWarning: Call to deprecated class PostgresOperator. (Please use `***.providers.common.sql.operators.sql.SQLExecuteQueryOperator`.Also, you can provide `hook_params={'schema': <database>}`.)
  result = cls.__new__(cls)

[2024-04-02T23:55:38.319+0000] {taskinstance.py:3312} INFO - 0 downstream tasks scheduled from follow-on schedule check
