[2024-04-03T00:00:39.670+0000] {taskinstance.py:1979} INFO - Dependencies all met for dep_context=non-requeueable deps ti=<TaskInstance: dagwithpostgres.insert_data manual__2024-04-02T23:54:12.445085+00:00 [queued]>
[2024-04-03T00:00:39.694+0000] {taskinstance.py:1979} INFO - Dependencies all met for dep_context=requeueable deps ti=<TaskInstance: dagwithpostgres.insert_data manual__2024-04-02T23:54:12.445085+00:00 [queued]>
[2024-04-03T00:00:39.695+0000] {taskinstance.py:2193} INFO - Starting attempt 3 of 5
[2024-04-03T00:00:39.733+0000] {taskinstance.py:2217} INFO - Executing <Task(PostgresOperator): insert_data> on 2024-04-02 23:54:12.445085+00:00
[2024-04-03T00:00:39.742+0000] {standard_task_runner.py:60} INFO - Started process 1174 to run task
[2024-04-03T00:00:39.746+0000] {standard_task_runner.py:87} INFO - Running: ['***', 'tasks', 'run', 'dagwithpostgres', 'insert_data', 'manual__2024-04-02T23:54:12.445085+00:00', '--job-id', '241', '--raw', '--subdir', 'DAGS_FOLDER/dagwithpostgres.py', '--cfg-path', '/tmp/tmple3f9ve2']
[2024-04-03T00:00:39.748+0000] {standard_task_runner.py:88} INFO - Job 241: Subtask insert_data
[2024-04-03T00:00:39.844+0000] {task_command.py:423} INFO - Running <TaskInstance: dagwithpostgres.insert_data manual__2024-04-02T23:54:12.445085+00:00 [running]> on host 41da1b14e620
[2024-04-03T00:00:39.958+0000] {warnings.py:109} WARNING - /home/***/.local/lib/python3.8/site-packages/***/utils/context.py:207: AirflowContextDeprecationWarning: Accessing 'execution_date' from the template is deprecated and will be removed in a future version. Please use 'data_interval_start' or 'logical_date' instead.
  warnings.warn(_create_deprecation_warning(key, self._deprecation_replacements[key]))

[2024-04-03T00:00:40.077+0000] {taskinstance.py:2513} INFO - Exporting env vars: AIRFLOW_CTX_DAG_OWNER='***' AIRFLOW_CTX_DAG_ID='dagwithpostgres' AIRFLOW_CTX_TASK_ID='insert_data' AIRFLOW_CTX_EXECUTION_DATE='2024-04-02T23:54:12.445085+00:00' AIRFLOW_CTX_TRY_NUMBER='3' AIRFLOW_CTX_DAG_RUN_ID='manual__2024-04-02T23:54:12.445085+00:00'
[2024-04-03T00:00:40.080+0000] {sql.py:276} INFO - Executing: 
    INSERT INTO dag_runs (dt, dag_id, timestamp, unique_num) VALUES ('2024-04-02', 'dagwithpostgres', '2024-04-02 23:54:12.445085+00:00', 20240402)
    
    
[2024-04-03T00:00:40.112+0000] {base.py:83} INFO - Using connection ID 'postgress_localhost' for task execution.
[2024-04-03T00:00:40.134+0000] {base.py:83} INFO - Using connection ID 'postgress_localhost' for task execution.
[2024-04-03T00:00:40.160+0000] {sql.py:457} INFO - Running statement: 
    INSERT INTO dag_runs (dt, dag_id, timestamp, unique_num) VALUES ('2024-04-02', 'dagwithpostgres', '2024-04-02 23:54:12.445085+00:00', 20240402)
    
    , parameters: None
[2024-04-03T00:00:40.169+0000] {sql.py:466} INFO - Rows affected: 1
[2024-04-03T00:00:40.171+0000] {warnings.py:109} WARNING - /home/***/.local/lib/python3.8/site-packages/***/providers/common/sql/hooks/sql.py:407: AirflowProviderDeprecationWarning: Call to deprecated method _make_common_data_structure. (The `_make_serializable` method is deprecated and support will be removed in a future version of the common.sql provider. Please update the DbApiHook's provider to a version based on common.sql >= 1.9.1.)
  result = self._make_common_data_structure(handler(cur))

[2024-04-03T00:00:40.197+0000] {taskinstance.py:1149} INFO - Marking task as SUCCESS. dag_id=dagwithpostgres, task_id=insert_data, execution_date=20240402T235412, start_date=20240403T000039, end_date=20240403T000040
[2024-04-03T00:00:40.244+0000] {local_task_job_runner.py:234} INFO - Task exited with return code 0
[2024-04-03T00:00:40.265+0000] {warnings.py:109} WARNING - /home/***/.local/lib/python3.8/site-packages/***/models/baseoperator.py:1201: AirflowProviderDeprecationWarning: Call to deprecated class PostgresOperator. (Please use `***.providers.common.sql.operators.sql.SQLExecuteQueryOperator`.Also, you can provide `hook_params={'schema': <database>}`.)
  result = cls.__new__(cls)

[2024-04-03T00:00:40.289+0000] {taskinstance.py:3312} INFO - 1 downstream tasks scheduled from follow-on schedule check
