[2024-04-02T23:24:32.396+0000] {taskinstance.py:1979} INFO - Dependencies all met for dep_context=non-requeueable deps ti=<TaskInstance: dagwithpostgres.create_table manual__2024-04-02T23:24:30.654772+00:00 [queued]>
[2024-04-02T23:24:32.416+0000] {taskinstance.py:1979} INFO - Dependencies all met for dep_context=requeueable deps ti=<TaskInstance: dagwithpostgres.create_table manual__2024-04-02T23:24:30.654772+00:00 [queued]>
[2024-04-02T23:24:32.418+0000] {taskinstance.py:2193} INFO - Starting attempt 1 of 4
[2024-04-02T23:24:32.454+0000] {taskinstance.py:2217} INFO - Executing <Task(PostgresOperator): create_table> on 2024-04-02 23:24:30.654772+00:00
[2024-04-02T23:24:32.465+0000] {standard_task_runner.py:60} INFO - Started process 614 to run task
[2024-04-02T23:24:32.470+0000] {standard_task_runner.py:87} INFO - Running: ['***', 'tasks', 'run', 'dagwithpostgres', 'create_table', 'manual__2024-04-02T23:24:30.654772+00:00', '--job-id', '214', '--raw', '--subdir', 'DAGS_FOLDER/dagwithpostgres.py', '--cfg-path', '/tmp/tmp74hexx34']
[2024-04-02T23:24:32.472+0000] {standard_task_runner.py:88} INFO - Job 214: Subtask create_table
[2024-04-02T23:24:32.553+0000] {task_command.py:423} INFO - Running <TaskInstance: dagwithpostgres.create_table manual__2024-04-02T23:24:30.654772+00:00 [running]> on host 41da1b14e620
[2024-04-02T23:24:32.727+0000] {taskinstance.py:2513} INFO - Exporting env vars: AIRFLOW_CTX_DAG_OWNER='***' AIRFLOW_CTX_DAG_ID='dagwithpostgres' AIRFLOW_CTX_TASK_ID='create_table' AIRFLOW_CTX_EXECUTION_DATE='2024-04-02T23:24:30.654772+00:00' AIRFLOW_CTX_TRY_NUMBER='1' AIRFLOW_CTX_DAG_RUN_ID='manual__2024-04-02T23:24:30.654772+00:00'
[2024-04-02T23:24:32.729+0000] {sql.py:276} INFO - Executing: 
    CREATE TABLE IF NOT EXISTS dag_runs(
        dt date,
        dag_id VARCHAR NOT NULL,
        primary key(dt,dag_id)
    )
    
[2024-04-02T23:24:32.751+0000] {base.py:83} INFO - Using connection ID 'postgress_localhost' for task execution.
[2024-04-02T23:24:32.809+0000] {base.py:83} INFO - Using connection ID 'postgress_localhost' for task execution.
[2024-04-02T23:24:32.941+0000] {sql.py:457} INFO - Running statement: 
    CREATE TABLE IF NOT EXISTS dag_runs(
        dt date,
        dag_id VARCHAR NOT NULL,
        primary key(dt,dag_id)
    )
    , parameters: None
[2024-04-02T23:24:33.026+0000] {warnings.py:109} WARNING - /home/***/.local/lib/python3.8/site-packages/***/providers/common/sql/hooks/sql.py:407: AirflowProviderDeprecationWarning: Call to deprecated method _make_common_data_structure. (The `_make_serializable` method is deprecated and support will be removed in a future version of the common.sql provider. Please update the DbApiHook's provider to a version based on common.sql >= 1.9.1.)
  result = self._make_common_data_structure(handler(cur))

[2024-04-02T23:24:33.052+0000] {taskinstance.py:1149} INFO - Marking task as SUCCESS. dag_id=dagwithpostgres, task_id=create_table, execution_date=20240402T232430, start_date=20240402T232432, end_date=20240402T232433
[2024-04-02T23:24:33.086+0000] {local_task_job_runner.py:234} INFO - Task exited with return code 0
[2024-04-02T23:24:33.116+0000] {taskinstance.py:3312} INFO - 0 downstream tasks scheduled from follow-on schedule check
