[2024-04-02T03:51:47.959+0000] {taskinstance.py:1979} INFO - Dependencies all met for dep_context=non-requeueable deps ti=<TaskInstance: first_dag_pythonop.details manual__2024-04-02T03:46:44.129770+00:00 [queued]>
[2024-04-02T03:51:47.977+0000] {taskinstance.py:1979} INFO - Dependencies all met for dep_context=requeueable deps ti=<TaskInstance: first_dag_pythonop.details manual__2024-04-02T03:46:44.129770+00:00 [queued]>
[2024-04-02T03:51:47.978+0000] {taskinstance.py:2193} INFO - Starting attempt 2 of 4
[2024-04-02T03:51:48.006+0000] {taskinstance.py:2217} INFO - Executing <Task(PythonOperator): details> on 2024-04-02 03:46:44.129770+00:00
[2024-04-02T03:51:48.014+0000] {standard_task_runner.py:60} INFO - Started process 1685 to run task
[2024-04-02T03:51:48.018+0000] {standard_task_runner.py:87} INFO - Running: ['***', 'tasks', 'run', 'first_dag_pythonop', 'details', 'manual__2024-04-02T03:46:44.129770+00:00', '--job-id', '105', '--raw', '--subdir', 'DAGS_FOLDER/first_day_pythonop.py', '--cfg-path', '/tmp/tmp6ddm65k4']
[2024-04-02T03:51:48.020+0000] {standard_task_runner.py:88} INFO - Job 105: Subtask details
[2024-04-02T03:51:48.095+0000] {task_command.py:423} INFO - Running <TaskInstance: first_dag_pythonop.details manual__2024-04-02T03:46:44.129770+00:00 [running]> on host 5c9eefa8eb82
[2024-04-02T03:51:48.223+0000] {taskinstance.py:2513} INFO - Exporting env vars: AIRFLOW_CTX_DAG_OWNER='***' AIRFLOW_CTX_DAG_ID='first_dag_pythonop' AIRFLOW_CTX_TASK_ID='details' AIRFLOW_CTX_EXECUTION_DATE='2024-04-02T03:46:44.129770+00:00' AIRFLOW_CTX_TRY_NUMBER='2' AIRFLOW_CTX_DAG_RUN_ID='manual__2024-04-02T03:46:44.129770+00:00'
[2024-04-02T03:51:48.225+0000] {taskinstance.py:2731} ERROR - Task failed with exception
Traceback (most recent call last):
  File "/home/airflow/.local/lib/python3.8/site-packages/airflow/models/taskinstance.py", line 444, in _execute_task
    result = _execute_callable(context=context, **execute_callable_kwargs)
  File "/home/airflow/.local/lib/python3.8/site-packages/airflow/models/taskinstance.py", line 414, in _execute_callable
    return execute_callable(context=context, **execute_callable_kwargs)
  File "/home/airflow/.local/lib/python3.8/site-packages/airflow/operators/python.py", line 200, in execute
    return_value = self.execute_callable()
  File "/home/airflow/.local/lib/python3.8/site-packages/airflow/operators/python.py", line 217, in execute_callable
    return self.python_callable(*self.op_args, **self.op_kwargs)
  File "/opt/airflow/dags/first_day_pythonop.py", line 29, in details
    name=ti.xcom.pull(task_ids="name")
AttributeError: 'TaskInstance' object has no attribute 'xcom'
[2024-04-02T03:51:48.247+0000] {taskinstance.py:1149} INFO - Marking task as UP_FOR_RETRY. dag_id=first_dag_pythonop, task_id=details, execution_date=20240402T034644, start_date=20240402T035147, end_date=20240402T035148
[2024-04-02T03:51:48.273+0000] {standard_task_runner.py:107} ERROR - Failed to execute job 105 for task details ('TaskInstance' object has no attribute 'xcom'; 1685)
[2024-04-02T03:51:48.313+0000] {local_task_job_runner.py:234} INFO - Task exited with return code 1
[2024-04-02T03:51:48.340+0000] {taskinstance.py:3312} INFO - 0 downstream tasks scheduled from follow-on schedule check
