[2024-04-15T14:17:15.842+0000] {taskinstance.py:1979} INFO - Dependencies all met for dep_context=non-requeueable deps ti=<TaskInstance: files_ext.extract_zip_and_upload_to_s3 manual__2024-04-15T14:17:10.830613+00:00 [queued]>
[2024-04-15T14:17:15.853+0000] {taskinstance.py:1979} INFO - Dependencies all met for dep_context=requeueable deps ti=<TaskInstance: files_ext.extract_zip_and_upload_to_s3 manual__2024-04-15T14:17:10.830613+00:00 [queued]>
[2024-04-15T14:17:15.854+0000] {taskinstance.py:2193} INFO - Starting attempt 1 of 4
[2024-04-15T14:17:15.870+0000] {taskinstance.py:2217} INFO - Executing <Task(PythonOperator): extract_zip_and_upload_to_s3> on 2024-04-15 14:17:10.830613+00:00
[2024-04-15T14:17:15.879+0000] {standard_task_runner.py:60} INFO - Started process 2933 to run task
[2024-04-15T14:17:15.882+0000] {standard_task_runner.py:87} INFO - Running: ['***', 'tasks', 'run', 'files_ext', 'extract_zip_and_upload_to_s3', 'manual__2024-04-15T14:17:10.830613+00:00', '--job-id', '1813', '--raw', '--subdir', 'DAGS_FOLDER/files_extraction.py', '--cfg-path', '/tmp/tmp63uckqjd']
[2024-04-15T14:17:15.885+0000] {standard_task_runner.py:88} INFO - Job 1813: Subtask extract_zip_and_upload_to_s3
[2024-04-15T14:17:15.921+0000] {task_command.py:423} INFO - Running <TaskInstance: files_ext.extract_zip_and_upload_to_s3 manual__2024-04-15T14:17:10.830613+00:00 [running]> on host fdd3cfdf3f53
[2024-04-15T14:17:16.012+0000] {taskinstance.py:2513} INFO - Exporting env vars: AIRFLOW_CTX_DAG_OWNER='***' AIRFLOW_CTX_DAG_ID='files_ext' AIRFLOW_CTX_TASK_ID='extract_zip_and_upload_to_s3' AIRFLOW_CTX_EXECUTION_DATE='2024-04-15T14:17:10.830613+00:00' AIRFLOW_CTX_TRY_NUMBER='1' AIRFLOW_CTX_DAG_RUN_ID='manual__2024-04-15T14:17:10.830613+00:00'
[2024-04-15T14:17:16.021+0000] {taskinstance.py:2731} ERROR - Task failed with exception
Traceback (most recent call last):
  File "/home/airflow/.local/lib/python3.8/site-packages/airflow/models/taskinstance.py", line 444, in _execute_task
    result = _execute_callable(context=context, **execute_callable_kwargs)
  File "/home/airflow/.local/lib/python3.8/site-packages/airflow/models/taskinstance.py", line 414, in _execute_callable
    return execute_callable(context=context, **execute_callable_kwargs)
  File "/home/airflow/.local/lib/python3.8/site-packages/airflow/operators/python.py", line 200, in execute
    return_value = self.execute_callable()
  File "/home/airflow/.local/lib/python3.8/site-packages/airflow/operators/python.py", line 217, in execute_callable
    return self.python_callable(*self.op_args, **self.op_kwargs)
  File "/opt/airflow/dags/files_extraction.py", line 34, in extract_zip_and_upload_to_s3
    local_to_s3 = LocalFilesystemToS3Operator(
  File "/home/airflow/.local/lib/python3.8/site-packages/airflow/models/baseoperator.py", line 423, in apply_defaults
    raise AirflowException(f"missing keyword arguments {display}")
airflow.exceptions.AirflowException: missing keyword arguments 'dest_key', 'filename'
[2024-04-15T14:17:16.032+0000] {taskinstance.py:1149} INFO - Marking task as UP_FOR_RETRY. dag_id=files_ext, task_id=extract_zip_and_upload_to_s3, execution_date=20240415T141710, start_date=20240415T141715, end_date=20240415T141716
[2024-04-15T14:17:16.046+0000] {standard_task_runner.py:107} ERROR - Failed to execute job 1813 for task extract_zip_and_upload_to_s3 (missing keyword arguments 'dest_key', 'filename'; 2933)
[2024-04-15T14:17:16.095+0000] {local_task_job_runner.py:234} INFO - Task exited with return code 1
[2024-04-15T14:17:16.174+0000] {taskinstance.py:3312} INFO - 0 downstream tasks scheduled from follow-on schedule check
