[2024-04-15T12:07:58.284+0000] {taskinstance.py:1979} INFO - Dependencies all met for dep_context=non-requeueable deps ti=<TaskInstance: etl_data.download_file manual__2024-04-15T12:04:37.501059+00:00 [queued]>
[2024-04-15T12:07:58.296+0000] {taskinstance.py:1979} INFO - Dependencies all met for dep_context=requeueable deps ti=<TaskInstance: etl_data.download_file manual__2024-04-15T12:04:37.501059+00:00 [queued]>
[2024-04-15T12:07:58.297+0000] {taskinstance.py:2193} INFO - Starting attempt 1 of 4
[2024-04-15T12:07:58.317+0000] {taskinstance.py:2217} INFO - Executing <Task(BashOperator): download_file> on 2024-04-15 12:04:37.501059+00:00
[2024-04-15T12:07:58.325+0000] {standard_task_runner.py:60} INFO - Started process 541 to run task
[2024-04-15T12:07:58.328+0000] {standard_task_runner.py:87} INFO - Running: ['***', 'tasks', 'run', 'etl_data', 'download_file', 'manual__2024-04-15T12:04:37.501059+00:00', '--job-id', '1645', '--raw', '--subdir', 'DAGS_FOLDER/etl_data.py', '--cfg-path', '/tmp/tmpkutall9f']
[2024-04-15T12:07:58.330+0000] {standard_task_runner.py:88} INFO - Job 1645: Subtask download_file
[2024-04-15T12:07:58.366+0000] {task_command.py:423} INFO - Running <TaskInstance: etl_data.download_file manual__2024-04-15T12:04:37.501059+00:00 [running]> on host fdd3cfdf3f53
[2024-04-15T12:07:58.433+0000] {taskinstance.py:2513} INFO - Exporting env vars: AIRFLOW_CTX_DAG_OWNER='***' AIRFLOW_CTX_DAG_ID='etl_data' AIRFLOW_CTX_TASK_ID='download_file' AIRFLOW_CTX_EXECUTION_DATE='2024-04-15T12:04:37.501059+00:00' AIRFLOW_CTX_TRY_NUMBER='1' AIRFLOW_CTX_DAG_RUN_ID='manual__2024-04-15T12:04:37.501059+00:00'
[2024-04-15T12:07:58.434+0000] {subprocess.py:63} INFO - Tmp dir root location: /tmp
[2024-04-15T12:07:58.435+0000] {subprocess.py:75} INFO - Running command: ['/usr/bin/bash', '-c', 'wget -P ./ https://data.cityofnewyork.us/api/views/25th-nujf/rows.csv?accessType=DOWNLOAD -O ../data/tolldata.tgz']
[2024-04-15T12:07:58.446+0000] {subprocess.py:86} INFO - Output:
[2024-04-15T12:07:58.449+0000] {subprocess.py:93} INFO - /usr/bin/bash: line 1: wget: command not found
[2024-04-15T12:07:58.450+0000] {subprocess.py:97} INFO - Command exited with return code 127
[2024-04-15T12:07:58.460+0000] {taskinstance.py:2731} ERROR - Task failed with exception
Traceback (most recent call last):
  File "/home/airflow/.local/lib/python3.8/site-packages/airflow/models/taskinstance.py", line 444, in _execute_task
    result = _execute_callable(context=context, **execute_callable_kwargs)
  File "/home/airflow/.local/lib/python3.8/site-packages/airflow/models/taskinstance.py", line 414, in _execute_callable
    return execute_callable(context=context, **execute_callable_kwargs)
  File "/home/airflow/.local/lib/python3.8/site-packages/airflow/operators/bash.py", line 212, in execute
    raise AirflowException(
airflow.exceptions.AirflowException: Bash command failed. The command returned a non-zero exit code 127.
[2024-04-15T12:07:58.463+0000] {taskinstance.py:1149} INFO - Marking task as UP_FOR_RETRY. dag_id=etl_data, task_id=download_file, execution_date=20240415T120437, start_date=20240415T120758, end_date=20240415T120758
[2024-04-15T12:07:58.632+0000] {standard_task_runner.py:107} ERROR - Failed to execute job 1645 for task download_file (Bash command failed. The command returned a non-zero exit code 127.; 541)
[2024-04-15T12:07:58.661+0000] {local_task_job_runner.py:234} INFO - Task exited with return code 1
[2024-04-15T12:07:58.675+0000] {taskinstance.py:3312} INFO - 0 downstream tasks scheduled from follow-on schedule check
