[2024-04-10T18:51:45.591+0000] {taskinstance.py:1979} INFO - Dependencies all met for dep_context=non-requeueable deps ti=<TaskInstance: dagwithpostgres.read_data manual__2024-04-10T18:51:41.615573+00:00 [queued]>
[2024-04-10T18:51:45.609+0000] {taskinstance.py:1979} INFO - Dependencies all met for dep_context=requeueable deps ti=<TaskInstance: dagwithpostgres.read_data manual__2024-04-10T18:51:41.615573+00:00 [queued]>
[2024-04-10T18:51:45.610+0000] {taskinstance.py:2193} INFO - Starting attempt 1 of 4
[2024-04-10T18:51:45.635+0000] {taskinstance.py:2217} INFO - Executing <Task(PostgresOperator): read_data> on 2024-04-10 18:51:41.615573+00:00
[2024-04-10T18:51:45.651+0000] {standard_task_runner.py:60} INFO - Started process 1461 to run task
[2024-04-10T18:51:45.664+0000] {standard_task_runner.py:87} INFO - Running: ['***', 'tasks', 'run', 'dagwithpostgres', 'read_data', 'manual__2024-04-10T18:51:41.615573+00:00', '--job-id', '1302', '--raw', '--subdir', 'DAGS_FOLDER/dagwithpostgres.py', '--cfg-path', '/tmp/tmpfggc8fj_']
[2024-04-10T18:51:45.668+0000] {standard_task_runner.py:88} INFO - Job 1302: Subtask read_data
[2024-04-10T18:51:45.745+0000] {task_command.py:423} INFO - Running <TaskInstance: dagwithpostgres.read_data manual__2024-04-10T18:51:41.615573+00:00 [running]> on host 41da1b14e620
[2024-04-10T18:51:45.877+0000] {taskinstance.py:2513} INFO - Exporting env vars: AIRFLOW_CTX_DAG_OWNER='***' AIRFLOW_CTX_DAG_ID='dagwithpostgres' AIRFLOW_CTX_TASK_ID='read_data' AIRFLOW_CTX_EXECUTION_DATE='2024-04-10T18:51:41.615573+00:00' AIRFLOW_CTX_TRY_NUMBER='1' AIRFLOW_CTX_DAG_RUN_ID='manual__2024-04-10T18:51:41.615573+00:00'
[2024-04-10T18:51:45.879+0000] {sql.py:276} INFO - Executing: 
        SELECT * FROM dag_runs
        
[2024-04-10T18:51:45.895+0000] {base.py:83} INFO - Using connection ID 'postgress_localhost' for task execution.
[2024-04-10T18:51:45.911+0000] {base.py:83} INFO - Using connection ID 'postgress_localhost' for task execution.
[2024-04-10T18:51:45.928+0000] {sql.py:457} INFO - Running statement: 
        SELECT * FROM dag_runs
        , parameters: None
[2024-04-10T18:51:45.934+0000] {sql.py:466} INFO - Rows affected: 11
[2024-04-10T18:51:45.935+0000] {warnings.py:109} WARNING - /home/***/.local/lib/python3.8/site-packages/***/providers/common/sql/hooks/sql.py:407: AirflowProviderDeprecationWarning: Call to deprecated method _make_common_data_structure. (The `_make_serializable` method is deprecated and support will be removed in a future version of the common.sql provider. Please update the DbApiHook's provider to a version based on common.sql >= 1.9.1.)
  result = self._make_common_data_structure(handler(cur))

[2024-04-10T18:51:45.973+0000] {taskinstance.py:1149} INFO - Marking task as SUCCESS. dag_id=dagwithpostgres, task_id=read_data, execution_date=20240410T185141, start_date=20240410T185145, end_date=20240410T185145
[2024-04-10T18:51:46.037+0000] {local_task_job_runner.py:234} INFO - Task exited with return code 0
[2024-04-10T18:51:46.072+0000] {taskinstance.py:3312} INFO - 0 downstream tasks scheduled from follow-on schedule check
