[2024-04-16T17:34:14.104+0000] {taskinstance.py:1979} INFO - Dependencies all met for dep_context=non-requeueable deps ti=<TaskInstance: files_ext.ext manual__2024-04-16T17:32:32.181934+00:00 [queued]>
[2024-04-16T17:34:14.119+0000] {taskinstance.py:1979} INFO - Dependencies all met for dep_context=requeueable deps ti=<TaskInstance: files_ext.ext manual__2024-04-16T17:32:32.181934+00:00 [queued]>
[2024-04-16T17:34:14.119+0000] {taskinstance.py:2193} INFO - Starting attempt 1 of 4
[2024-04-16T17:34:14.137+0000] {taskinstance.py:2217} INFO - Executing <Task(PythonOperator): ext> on 2024-04-16 17:32:32.181934+00:00
[2024-04-16T17:34:14.145+0000] {standard_task_runner.py:60} INFO - Started process 777 to run task
[2024-04-16T17:34:14.149+0000] {standard_task_runner.py:87} INFO - Running: ['***', 'tasks', 'run', 'files_ext', 'ext', 'manual__2024-04-16T17:32:32.181934+00:00', '--job-id', '1982', '--raw', '--subdir', 'DAGS_FOLDER/files_extraction.py', '--cfg-path', '/tmp/tmp9ajwnmt4']
[2024-04-16T17:34:14.152+0000] {standard_task_runner.py:88} INFO - Job 1982: Subtask ext
[2024-04-16T17:34:14.219+0000] {task_command.py:423} INFO - Running <TaskInstance: files_ext.ext manual__2024-04-16T17:32:32.181934+00:00 [running]> on host fdd3cfdf3f53
[2024-04-16T17:34:14.339+0000] {taskinstance.py:2513} INFO - Exporting env vars: AIRFLOW_CTX_DAG_OWNER='***' AIRFLOW_CTX_DAG_ID='files_ext' AIRFLOW_CTX_TASK_ID='ext' AIRFLOW_CTX_EXECUTION_DATE='2024-04-16T17:32:32.181934+00:00' AIRFLOW_CTX_TRY_NUMBER='1' AIRFLOW_CTX_DAG_RUN_ID='manual__2024-04-16T17:32:32.181934+00:00'
[2024-04-16T17:34:14.345+0000] {logging_mixin.py:188} INFO - Temporary directory created: /opt/***/dags/tmprld2xynz
[2024-04-16T17:34:14.346+0000] {logging_mixin.py:188} INFO - Downloading file...
[2024-04-16T17:34:14.347+0000] {s3.py:1393} INFO - Downloading source S3 file from Bucket vehicle with path orders/tolldata.tgz
[2024-04-16T17:34:14.364+0000] {base.py:83} INFO - Using connection ID 'minin_s3' for task execution.
[2024-04-16T17:34:14.366+0000] {connection_wrapper.py:384} INFO - AWS Connection (conn_id='minin_s3', conn_type='aws') credentials retrieved from login and password.
[2024-04-16T17:34:14.368+0000] {warnings.py:109} WARNING - <string>:9: AirflowProviderDeprecationWarning: extra['host'] is deprecated and will be removed in a future release. Please set extra['endpoint_url'] instead

[2024-04-16T17:34:14.558+0000] {taskinstance.py:2731} ERROR - Task failed with exception
Traceback (most recent call last):
  File "/home/airflow/.local/lib/python3.8/site-packages/airflow/models/taskinstance.py", line 444, in _execute_task
    result = _execute_callable(context=context, **execute_callable_kwargs)
  File "/home/airflow/.local/lib/python3.8/site-packages/airflow/models/taskinstance.py", line 414, in _execute_callable
    return execute_callable(context=context, **execute_callable_kwargs)
  File "/home/airflow/.local/lib/python3.8/site-packages/airflow/operators/python.py", line 200, in execute
    return_value = self.execute_callable()
  File "/home/airflow/.local/lib/python3.8/site-packages/airflow/operators/python.py", line 217, in execute_callable
    return self.python_callable(*self.op_args, **self.op_kwargs)
  File "/opt/airflow/dags/files_extraction.py", line 65, in ext
    s3_hook.download_file(key="orders/tolldata.tgz", bucket_name="vehicle", local_path=local_zip_path)
  File "/home/airflow/.local/lib/python3.8/site-packages/airflow/providers/amazon/aws/hooks/s3.py", line 137, in wrapper
    return func(*bound_args.args, **bound_args.kwargs)
  File "/home/airflow/.local/lib/python3.8/site-packages/airflow/providers/amazon/aws/hooks/s3.py", line 91, in wrapper
    return func(*bound_args.args, **bound_args.kwargs)
  File "/home/airflow/.local/lib/python3.8/site-packages/airflow/providers/amazon/aws/hooks/s3.py", line 1419, in download_file
    file = NamedTemporaryFile(dir=local_path, prefix="airflow_tmp_", delete=False)  # type: ignore
  File "/usr/local/lib/python3.8/tempfile.py", line 556, in NamedTemporaryFile
    (fd, name) = _mkstemp_inner(dir, prefix, suffix, flags, output_type)
  File "/usr/local/lib/python3.8/tempfile.py", line 250, in _mkstemp_inner
    fd = _os.open(file, flags, 0o600)
FileNotFoundError: [Errno 2] No such file or directory: '/opt/airflow/dags/tmprld2xynz/tolldata.tgz/airflow_tmp_098k33oa'
[2024-04-16T17:34:14.568+0000] {taskinstance.py:1149} INFO - Marking task as UP_FOR_RETRY. dag_id=files_ext, task_id=ext, execution_date=20240416T173232, start_date=20240416T173414, end_date=20240416T173414
[2024-04-16T17:34:14.583+0000] {standard_task_runner.py:107} ERROR - Failed to execute job 1982 for task ext ([Errno 2] No such file or directory: '/opt/airflow/dags/tmprld2xynz/tolldata.tgz/airflow_tmp_098k33oa'; 777)
[2024-04-16T17:34:14.603+0000] {local_task_job_runner.py:234} INFO - Task exited with return code 1
[2024-04-16T17:34:14.624+0000] {taskinstance.py:3312} INFO - 0 downstream tasks scheduled from follow-on schedule check
