[2024-04-02T23:46:46.202+0000] {taskinstance.py:1979} INFO - Dependencies all met for dep_context=non-requeueable deps ti=<TaskInstance: dagwithpostgres.delete_data manual__2024-04-02T23:39:46.403399+00:00 [queued]>
[2024-04-02T23:46:46.221+0000] {taskinstance.py:1979} INFO - Dependencies all met for dep_context=requeueable deps ti=<TaskInstance: dagwithpostgres.delete_data manual__2024-04-02T23:39:46.403399+00:00 [queued]>
[2024-04-02T23:46:46.223+0000] {taskinstance.py:2193} INFO - Starting attempt 3 of 6
[2024-04-02T23:46:46.256+0000] {taskinstance.py:2217} INFO - Executing <Task(PostgresOperator): delete_data> on 2024-04-02 23:39:46.403399+00:00
[2024-04-02T23:46:46.265+0000] {standard_task_runner.py:60} INFO - Started process 945 to run task
[2024-04-02T23:46:46.270+0000] {standard_task_runner.py:87} INFO - Running: ['***', 'tasks', 'run', 'dagwithpostgres', 'delete_data', 'manual__2024-04-02T23:39:46.403399+00:00', '--job-id', '225', '--raw', '--subdir', 'DAGS_FOLDER/dagwithpostgres.py', '--cfg-path', '/tmp/tmpikmjauax']
[2024-04-02T23:46:46.273+0000] {standard_task_runner.py:88} INFO - Job 225: Subtask delete_data
[2024-04-02T23:46:46.355+0000] {task_command.py:423} INFO - Running <TaskInstance: dagwithpostgres.delete_data manual__2024-04-02T23:39:46.403399+00:00 [running]> on host 41da1b14e620
[2024-04-02T23:46:46.520+0000] {taskinstance.py:2513} INFO - Exporting env vars: AIRFLOW_CTX_DAG_OWNER='***' AIRFLOW_CTX_DAG_ID='dagwithpostgres' AIRFLOW_CTX_TASK_ID='delete_data' AIRFLOW_CTX_EXECUTION_DATE='2024-04-02T23:39:46.403399+00:00' AIRFLOW_CTX_TRY_NUMBER='3' AIRFLOW_CTX_DAG_RUN_ID='manual__2024-04-02T23:39:46.403399+00:00'
[2024-04-02T23:46:46.522+0000] {sql.py:276} INFO - Executing: 
    DELETE FROM dag_runs WHERE dt='2024-04-02' AND dag_id='dagwithpostgres'
    
[2024-04-02T23:46:46.543+0000] {base.py:83} INFO - Using connection ID 'postgress_localhost' for task execution.
[2024-04-02T23:46:46.562+0000] {base.py:83} INFO - Using connection ID 'postgress_localhost' for task execution.
[2024-04-02T23:46:46.585+0000] {sql.py:457} INFO - Running statement: 
    DELETE FROM dag_runs WHERE dt='2024-04-02' AND dag_id='dagwithpostgres'
    , parameters: None
[2024-04-02T23:46:46.595+0000] {taskinstance.py:2731} ERROR - Task failed with exception
Traceback (most recent call last):
  File "/home/airflow/.local/lib/python3.8/site-packages/airflow/models/taskinstance.py", line 444, in _execute_task
    result = _execute_callable(context=context, **execute_callable_kwargs)
  File "/home/airflow/.local/lib/python3.8/site-packages/airflow/models/taskinstance.py", line 414, in _execute_callable
    return execute_callable(context=context, **execute_callable_kwargs)
  File "/home/airflow/.local/lib/python3.8/site-packages/airflow/providers/common/sql/operators/sql.py", line 282, in execute
    output = hook.run(
  File "/home/airflow/.local/lib/python3.8/site-packages/airflow/providers/common/sql/hooks/sql.py", line 404, in run
    self._run_command(cur, sql_statement, parameters)
  File "/home/airflow/.local/lib/python3.8/site-packages/airflow/providers/common/sql/hooks/sql.py", line 462, in _run_command
    cur.execute(sql_statement)
psycopg2.errors.UndefinedTable: relation "dag_runs" does not exist
LINE 2:     DELETE FROM dag_runs WHERE dt='2024-04-02' AND dag_id='d...
                        ^

[2024-04-02T23:46:46.611+0000] {taskinstance.py:1149} INFO - Marking task as UP_FOR_RETRY. dag_id=dagwithpostgres, task_id=delete_data, execution_date=20240402T233946, start_date=20240402T234646, end_date=20240402T234646
[2024-04-02T23:46:46.637+0000] {standard_task_runner.py:107} ERROR - Failed to execute job 225 for task delete_data (relation "dag_runs" does not exist
LINE 2:     DELETE FROM dag_runs WHERE dt='2024-04-02' AND dag_id='d...
                        ^
; 945)
[2024-04-02T23:46:46.687+0000] {local_task_job_runner.py:234} INFO - Task exited with return code 1
[2024-04-02T23:46:46.706+0000] {warnings.py:109} WARNING - /home/***/.local/lib/python3.8/site-packages/***/models/baseoperator.py:1201: AirflowProviderDeprecationWarning: Call to deprecated class PostgresOperator. (Please use `***.providers.common.sql.operators.sql.SQLExecuteQueryOperator`.Also, you can provide `hook_params={'schema': <database>}`.)
  result = cls.__new__(cls)

[2024-04-02T23:46:46.733+0000] {taskinstance.py:3312} INFO - 0 downstream tasks scheduled from follow-on schedule check
