[2024-04-02T23:41:58.015+0000] {taskinstance.py:1979} INFO - Dependencies all met for dep_context=non-requeueable deps ti=<TaskInstance: dagwithpostgres.delete_data manual__2024-04-02T23:39:46.403399+00:00 [queued]>
[2024-04-02T23:41:58.036+0000] {taskinstance.py:1979} INFO - Dependencies all met for dep_context=requeueable deps ti=<TaskInstance: dagwithpostgres.delete_data manual__2024-04-02T23:39:46.403399+00:00 [queued]>
[2024-04-02T23:41:58.038+0000] {taskinstance.py:2193} INFO - Starting attempt 1 of 4
[2024-04-02T23:41:58.068+0000] {taskinstance.py:2217} INFO - Executing <Task(PostgresOperator): delete_data> on 2024-04-02 23:39:46.403399+00:00
[2024-04-02T23:41:58.077+0000] {standard_task_runner.py:60} INFO - Started process 875 to run task
[2024-04-02T23:41:58.082+0000] {standard_task_runner.py:87} INFO - Running: ['***', 'tasks', 'run', 'dagwithpostgres', 'delete_data', 'manual__2024-04-02T23:39:46.403399+00:00', '--job-id', '222', '--raw', '--subdir', 'DAGS_FOLDER/dagwithpostgres.py', '--cfg-path', '/tmp/tmpcewz39ak']
[2024-04-02T23:41:58.084+0000] {standard_task_runner.py:88} INFO - Job 222: Subtask delete_data
[2024-04-02T23:41:58.159+0000] {task_command.py:423} INFO - Running <TaskInstance: dagwithpostgres.delete_data manual__2024-04-02T23:39:46.403399+00:00 [running]> on host 41da1b14e620
[2024-04-02T23:41:58.314+0000] {taskinstance.py:2513} INFO - Exporting env vars: AIRFLOW_CTX_DAG_OWNER='***' AIRFLOW_CTX_DAG_ID='dagwithpostgres' AIRFLOW_CTX_TASK_ID='delete_data' AIRFLOW_CTX_EXECUTION_DATE='2024-04-02T23:39:46.403399+00:00' AIRFLOW_CTX_TRY_NUMBER='1' AIRFLOW_CTX_DAG_RUN_ID='manual__2024-04-02T23:39:46.403399+00:00'
[2024-04-02T23:41:58.316+0000] {sql.py:276} INFO - Executing: 
    DELETE FROM dag_runs WHERE dt='2024-04-02' AND dag_id='dagwithpostgres'
    
[2024-04-02T23:41:58.358+0000] {base.py:83} INFO - Using connection ID 'postgress_localhost' for task execution.
[2024-04-02T23:41:58.504+0000] {base.py:83} INFO - Using connection ID 'postgress_localhost' for task execution.
[2024-04-02T23:41:58.535+0000] {sql.py:457} INFO - Running statement: 
    DELETE FROM dag_runs WHERE dt='2024-04-02' AND dag_id='dagwithpostgres'
    , parameters: None
[2024-04-02T23:41:58.552+0000] {sql.py:466} INFO - Rows affected: 1
[2024-04-02T23:41:58.564+0000] {warnings.py:109} WARNING - /home/***/.local/lib/python3.8/site-packages/***/providers/common/sql/hooks/sql.py:407: AirflowProviderDeprecationWarning: Call to deprecated method _make_common_data_structure. (The `_make_serializable` method is deprecated and support will be removed in a future version of the common.sql provider. Please update the DbApiHook's provider to a version based on common.sql >= 1.9.1.)
  result = self._make_common_data_structure(handler(cur))

[2024-04-02T23:41:58.594+0000] {taskinstance.py:1149} INFO - Marking task as SUCCESS. dag_id=dagwithpostgres, task_id=delete_data, execution_date=20240402T233946, start_date=20240402T234158, end_date=20240402T234158
[2024-04-02T23:41:58.658+0000] {local_task_job_runner.py:234} INFO - Task exited with return code 0
[2024-04-02T23:41:58.691+0000] {taskinstance.py:3312} INFO - 0 downstream tasks scheduled from follow-on schedule check
