[2024-04-16T02:50:54.510+0000] {taskinstance.py:1979} INFO - Dependencies all met for dep_context=non-requeueable deps ti=<TaskInstance: files_ext.create_temporary_directory manual__2024-04-16T02:35:48.776549+00:00 [queued]>
[2024-04-16T02:50:54.518+0000] {taskinstance.py:1979} INFO - Dependencies all met for dep_context=requeueable deps ti=<TaskInstance: files_ext.create_temporary_directory manual__2024-04-16T02:35:48.776549+00:00 [queued]>
[2024-04-16T02:50:54.519+0000] {taskinstance.py:2193} INFO - Starting attempt 1 of 4
[2024-04-16T02:50:54.530+0000] {taskinstance.py:2217} INFO - Executing <Task(PythonOperator): create_temporary_directory> on 2024-04-16 02:35:48.776549+00:00
[2024-04-16T02:50:54.537+0000] {standard_task_runner.py:60} INFO - Started process 749 to run task
[2024-04-16T02:50:54.539+0000] {standard_task_runner.py:87} INFO - Running: ['***', 'tasks', 'run', 'files_ext', 'create_temporary_directory', 'manual__2024-04-16T02:35:48.776549+00:00', '--job-id', '1931', '--raw', '--subdir', 'DAGS_FOLDER/files_extraction.py', '--cfg-path', '/tmp/tmpwqkkzc5u']
[2024-04-16T02:50:54.541+0000] {standard_task_runner.py:88} INFO - Job 1931: Subtask create_temporary_directory
[2024-04-16T02:50:54.612+0000] {task_command.py:423} INFO - Running <TaskInstance: files_ext.create_temporary_directory manual__2024-04-16T02:35:48.776549+00:00 [running]> on host fdd3cfdf3f53
[2024-04-16T02:50:54.714+0000] {taskinstance.py:2513} INFO - Exporting env vars: AIRFLOW_CTX_DAG_OWNER='***' AIRFLOW_CTX_DAG_ID='files_ext' AIRFLOW_CTX_TASK_ID='create_temporary_directory' AIRFLOW_CTX_EXECUTION_DATE='2024-04-16T02:35:48.776549+00:00' AIRFLOW_CTX_TRY_NUMBER='1' AIRFLOW_CTX_DAG_RUN_ID='manual__2024-04-16T02:35:48.776549+00:00'
[2024-04-16T02:50:54.715+0000] {taskinstance.py:2731} ERROR - Task failed with exception
Traceback (most recent call last):
  File "/home/airflow/.local/lib/python3.8/site-packages/airflow/models/taskinstance.py", line 444, in _execute_task
    result = _execute_callable(context=context, **execute_callable_kwargs)
  File "/home/airflow/.local/lib/python3.8/site-packages/airflow/models/taskinstance.py", line 414, in _execute_callable
    return execute_callable(context=context, **execute_callable_kwargs)
  File "/home/airflow/.local/lib/python3.8/site-packages/airflow/operators/python.py", line 200, in execute
    return_value = self.execute_callable()
  File "/home/airflow/.local/lib/python3.8/site-packages/airflow/operators/python.py", line 217, in execute_callable
    return self.python_callable(*self.op_args, **self.op_kwargs)
  File "/opt/airflow/dags/files_extraction.py", line 44, in create_temporary_directory
    with tempfile.TemporaryDirectory(dir=DAG_FOLDER_PATH) as temp_dir:
NameError: name 'DAG_FOLDER_PATH' is not defined
[2024-04-16T02:50:54.723+0000] {taskinstance.py:1149} INFO - Marking task as UP_FOR_RETRY. dag_id=files_ext, task_id=create_temporary_directory, execution_date=20240416T023548, start_date=20240416T025054, end_date=20240416T025054
[2024-04-16T02:50:54.734+0000] {standard_task_runner.py:107} ERROR - Failed to execute job 1931 for task create_temporary_directory (name 'DAG_FOLDER_PATH' is not defined; 749)
[2024-04-16T02:50:54.752+0000] {local_task_job_runner.py:234} INFO - Task exited with return code 1
[2024-04-16T02:50:54.768+0000] {taskinstance.py:3312} INFO - 0 downstream tasks scheduled from follow-on schedule check
