[2024-04-03T04:05:03.205+0000] {taskinstance.py:1979} INFO - Dependencies all met for dep_context=non-requeueable deps ti=<TaskInstance: dagwithpostgres.create_table scheduled__2024-04-02T04:05:00+00:00 [queued]>
[2024-04-03T04:05:03.227+0000] {taskinstance.py:1979} INFO - Dependencies all met for dep_context=requeueable deps ti=<TaskInstance: dagwithpostgres.create_table scheduled__2024-04-02T04:05:00+00:00 [queued]>
[2024-04-03T04:05:03.229+0000] {taskinstance.py:2193} INFO - Starting attempt 1 of 4
[2024-04-03T04:05:03.262+0000] {taskinstance.py:2217} INFO - Executing <Task(PostgresOperator): create_table> on 2024-04-02 04:05:00+00:00
[2024-04-03T04:05:03.274+0000] {standard_task_runner.py:60} INFO - Started process 731 to run task
[2024-04-03T04:05:03.279+0000] {standard_task_runner.py:87} INFO - Running: ['***', 'tasks', 'run', 'dagwithpostgres', 'create_table', 'scheduled__2024-04-02T04:05:00+00:00', '--job-id', '245', '--raw', '--subdir', 'DAGS_FOLDER/dagwithpostgres.py', '--cfg-path', '/tmp/tmpr9ck4825']
[2024-04-03T04:05:03.282+0000] {standard_task_runner.py:88} INFO - Job 245: Subtask create_table
[2024-04-03T04:05:03.369+0000] {task_command.py:423} INFO - Running <TaskInstance: dagwithpostgres.create_table scheduled__2024-04-02T04:05:00+00:00 [running]> on host 41da1b14e620
[2024-04-03T04:05:03.554+0000] {taskinstance.py:2513} INFO - Exporting env vars: AIRFLOW_CTX_DAG_OWNER='***' AIRFLOW_CTX_DAG_ID='dagwithpostgres' AIRFLOW_CTX_TASK_ID='create_table' AIRFLOW_CTX_EXECUTION_DATE='2024-04-02T04:05:00+00:00' AIRFLOW_CTX_TRY_NUMBER='1' AIRFLOW_CTX_DAG_RUN_ID='scheduled__2024-04-02T04:05:00+00:00'
[2024-04-03T04:05:03.556+0000] {sql.py:276} INFO - Executing: 
    CREATE TABLE IF NOT EXISTS dag_runs (
            dt DATE,
            dag_id VARCHAR(250),
            timestamp TIMESTAMP,
            unique_num INT)
           
    
[2024-04-03T04:05:03.574+0000] {base.py:83} INFO - Using connection ID 'postgress_localhost' for task execution.
[2024-04-03T04:05:03.606+0000] {base.py:83} INFO - Using connection ID 'postgress_localhost' for task execution.
[2024-04-03T04:05:03.636+0000] {sql.py:457} INFO - Running statement: 
    CREATE TABLE IF NOT EXISTS dag_runs (
            dt DATE,
            dag_id VARCHAR(250),
            timestamp TIMESTAMP,
            unique_num INT)
           
    , parameters: None
[2024-04-03T04:05:03.655+0000] {warnings.py:109} WARNING - /home/***/.local/lib/python3.8/site-packages/***/providers/common/sql/hooks/sql.py:407: AirflowProviderDeprecationWarning: Call to deprecated method _make_common_data_structure. (The `_make_serializable` method is deprecated and support will be removed in a future version of the common.sql provider. Please update the DbApiHook's provider to a version based on common.sql >= 1.9.1.)
  result = self._make_common_data_structure(handler(cur))

[2024-04-03T04:05:03.678+0000] {taskinstance.py:1149} INFO - Marking task as SUCCESS. dag_id=dagwithpostgres, task_id=create_table, execution_date=20240402T040500, start_date=20240403T040503, end_date=20240403T040503
[2024-04-03T04:05:03.739+0000] {local_task_job_runner.py:234} INFO - Task exited with return code 0
[2024-04-03T04:05:03.760+0000] {warnings.py:109} WARNING - /home/***/.local/lib/python3.8/site-packages/***/models/baseoperator.py:1201: AirflowProviderDeprecationWarning: Call to deprecated class PostgresOperator. (Please use `***.providers.common.sql.operators.sql.SQLExecuteQueryOperator`.Also, you can provide `hook_params={'schema': <database>}`.)
  result = cls.__new__(cls)

[2024-04-03T04:05:03.791+0000] {taskinstance.py:3312} INFO - 1 downstream tasks scheduled from follow-on schedule check
