[2024-04-02T02:07:05.162+0000] {processor.py:161} INFO - Started process (PID=76) to work on /home/airflow/.local/lib/python3.8/site-packages/airflow/example_dags/example_setup_teardown.py
[2024-04-02T02:07:05.165+0000] {processor.py:830} INFO - Processing file /home/airflow/.local/lib/python3.8/site-packages/airflow/example_dags/example_setup_teardown.py for tasks to queue
[2024-04-02T02:07:05.167+0000] {logging_mixin.py:188} INFO - [2024-04-02T02:07:05.167+0000] {dagbag.py:540} INFO - Filling up the DagBag from /home/airflow/.local/lib/python3.8/site-packages/airflow/example_dags/example_setup_teardown.py
[2024-04-02T02:07:05.182+0000] {processor.py:840} INFO - DAG(s) 'example_setup_teardown' retrieved from /home/airflow/.local/lib/python3.8/site-packages/airflow/example_dags/example_setup_teardown.py
[2024-04-02T02:07:05.449+0000] {logging_mixin.py:188} INFO - [2024-04-02T02:07:05.448+0000] {dag.py:3047} INFO - Sync 1 DAGs
[2024-04-02T02:07:05.502+0000] {logging_mixin.py:188} INFO - [2024-04-02T02:07:05.502+0000] {dag.py:3834} INFO - Setting next_dagrun for example_setup_teardown to 2024-04-01 00:00:00+00:00, run_after=2024-04-02 00:00:00+00:00
[2024-04-02T02:07:05.556+0000] {processor.py:183} INFO - Processing /home/airflow/.local/lib/python3.8/site-packages/airflow/example_dags/example_setup_teardown.py took 0.399 seconds
[2024-04-02T02:07:36.531+0000] {processor.py:161} INFO - Started process (PID=131) to work on /home/airflow/.local/lib/python3.8/site-packages/airflow/example_dags/example_setup_teardown.py
[2024-04-02T02:07:36.535+0000] {processor.py:830} INFO - Processing file /home/airflow/.local/lib/python3.8/site-packages/airflow/example_dags/example_setup_teardown.py for tasks to queue
[2024-04-02T02:07:36.540+0000] {logging_mixin.py:188} INFO - [2024-04-02T02:07:36.539+0000] {dagbag.py:540} INFO - Filling up the DagBag from /home/airflow/.local/lib/python3.8/site-packages/airflow/example_dags/example_setup_teardown.py
[2024-04-02T02:07:36.558+0000] {processor.py:840} INFO - DAG(s) 'example_setup_teardown' retrieved from /home/airflow/.local/lib/python3.8/site-packages/airflow/example_dags/example_setup_teardown.py
[2024-04-02T02:07:36.585+0000] {logging_mixin.py:188} INFO - [2024-04-02T02:07:36.584+0000] {dag.py:3047} INFO - Sync 1 DAGs
[2024-04-02T02:07:36.655+0000] {logging_mixin.py:188} INFO - [2024-04-02T02:07:36.655+0000] {dag.py:3834} INFO - Setting next_dagrun for example_setup_teardown to 2024-04-01 00:00:00+00:00, run_after=2024-04-02 00:00:00+00:00
[2024-04-02T02:07:36.706+0000] {processor.py:183} INFO - Processing /home/airflow/.local/lib/python3.8/site-packages/airflow/example_dags/example_setup_teardown.py took 0.184 seconds
[2024-04-02T02:08:07.498+0000] {processor.py:161} INFO - Started process (PID=185) to work on /home/airflow/.local/lib/python3.8/site-packages/airflow/example_dags/example_setup_teardown.py
[2024-04-02T02:08:07.501+0000] {processor.py:830} INFO - Processing file /home/airflow/.local/lib/python3.8/site-packages/airflow/example_dags/example_setup_teardown.py for tasks to queue
[2024-04-02T02:08:07.505+0000] {logging_mixin.py:188} INFO - [2024-04-02T02:08:07.504+0000] {dagbag.py:540} INFO - Filling up the DagBag from /home/airflow/.local/lib/python3.8/site-packages/airflow/example_dags/example_setup_teardown.py
[2024-04-02T02:08:07.519+0000] {processor.py:840} INFO - DAG(s) 'example_setup_teardown' retrieved from /home/airflow/.local/lib/python3.8/site-packages/airflow/example_dags/example_setup_teardown.py
[2024-04-02T02:08:07.766+0000] {logging_mixin.py:188} INFO - [2024-04-02T02:08:07.765+0000] {dag.py:3047} INFO - Sync 1 DAGs
[2024-04-02T02:08:07.819+0000] {logging_mixin.py:188} INFO - [2024-04-02T02:08:07.818+0000] {dag.py:3834} INFO - Setting next_dagrun for example_setup_teardown to 2024-04-01 00:00:00+00:00, run_after=2024-04-02 00:00:00+00:00
[2024-04-02T02:08:07.874+0000] {processor.py:183} INFO - Processing /home/airflow/.local/lib/python3.8/site-packages/airflow/example_dags/example_setup_teardown.py took 0.382 seconds
[2024-04-02T02:08:38.188+0000] {processor.py:161} INFO - Started process (PID=240) to work on /home/airflow/.local/lib/python3.8/site-packages/airflow/example_dags/example_setup_teardown.py
[2024-04-02T02:08:38.190+0000] {processor.py:830} INFO - Processing file /home/airflow/.local/lib/python3.8/site-packages/airflow/example_dags/example_setup_teardown.py for tasks to queue
[2024-04-02T02:08:38.194+0000] {logging_mixin.py:188} INFO - [2024-04-02T02:08:38.193+0000] {dagbag.py:540} INFO - Filling up the DagBag from /home/airflow/.local/lib/python3.8/site-packages/airflow/example_dags/example_setup_teardown.py
[2024-04-02T02:08:38.205+0000] {processor.py:840} INFO - DAG(s) 'example_setup_teardown' retrieved from /home/airflow/.local/lib/python3.8/site-packages/airflow/example_dags/example_setup_teardown.py
[2024-04-02T02:08:38.245+0000] {logging_mixin.py:188} INFO - [2024-04-02T02:08:38.244+0000] {dag.py:3047} INFO - Sync 1 DAGs
[2024-04-02T02:08:38.291+0000] {logging_mixin.py:188} INFO - [2024-04-02T02:08:38.290+0000] {dag.py:3834} INFO - Setting next_dagrun for example_setup_teardown to 2024-04-01 00:00:00+00:00, run_after=2024-04-02 00:00:00+00:00
[2024-04-02T02:08:38.336+0000] {processor.py:183} INFO - Processing /home/airflow/.local/lib/python3.8/site-packages/airflow/example_dags/example_setup_teardown.py took 0.152 seconds
[2024-04-02T02:09:08.513+0000] {processor.py:161} INFO - Started process (PID=295) to work on /home/airflow/.local/lib/python3.8/site-packages/airflow/example_dags/example_setup_teardown.py
[2024-04-02T02:09:08.515+0000] {processor.py:830} INFO - Processing file /home/airflow/.local/lib/python3.8/site-packages/airflow/example_dags/example_setup_teardown.py for tasks to queue
[2024-04-02T02:09:08.518+0000] {logging_mixin.py:188} INFO - [2024-04-02T02:09:08.518+0000] {dagbag.py:540} INFO - Filling up the DagBag from /home/airflow/.local/lib/python3.8/site-packages/airflow/example_dags/example_setup_teardown.py
[2024-04-02T02:09:08.532+0000] {processor.py:840} INFO - DAG(s) 'example_setup_teardown' retrieved from /home/airflow/.local/lib/python3.8/site-packages/airflow/example_dags/example_setup_teardown.py
[2024-04-02T02:09:08.569+0000] {logging_mixin.py:188} INFO - [2024-04-02T02:09:08.569+0000] {dag.py:3047} INFO - Sync 1 DAGs
[2024-04-02T02:09:08.611+0000] {logging_mixin.py:188} INFO - [2024-04-02T02:09:08.611+0000] {dag.py:3834} INFO - Setting next_dagrun for example_setup_teardown to 2024-04-01 00:00:00+00:00, run_after=2024-04-02 00:00:00+00:00
[2024-04-02T02:09:08.657+0000] {processor.py:183} INFO - Processing /home/airflow/.local/lib/python3.8/site-packages/airflow/example_dags/example_setup_teardown.py took 0.151 seconds
[2024-04-02T02:09:39.025+0000] {processor.py:161} INFO - Started process (PID=351) to work on /home/airflow/.local/lib/python3.8/site-packages/airflow/example_dags/example_setup_teardown.py
[2024-04-02T02:09:39.027+0000] {processor.py:830} INFO - Processing file /home/airflow/.local/lib/python3.8/site-packages/airflow/example_dags/example_setup_teardown.py for tasks to queue
[2024-04-02T02:09:39.030+0000] {logging_mixin.py:188} INFO - [2024-04-02T02:09:39.030+0000] {dagbag.py:540} INFO - Filling up the DagBag from /home/airflow/.local/lib/python3.8/site-packages/airflow/example_dags/example_setup_teardown.py
[2024-04-02T02:09:39.045+0000] {processor.py:840} INFO - DAG(s) 'example_setup_teardown' retrieved from /home/airflow/.local/lib/python3.8/site-packages/airflow/example_dags/example_setup_teardown.py
[2024-04-02T02:09:39.095+0000] {logging_mixin.py:188} INFO - [2024-04-02T02:09:39.095+0000] {dag.py:3047} INFO - Sync 1 DAGs
[2024-04-02T02:09:39.146+0000] {logging_mixin.py:188} INFO - [2024-04-02T02:09:39.146+0000] {dag.py:3834} INFO - Setting next_dagrun for example_setup_teardown to 2024-04-01 00:00:00+00:00, run_after=2024-04-02 00:00:00+00:00
[2024-04-02T02:09:39.198+0000] {processor.py:183} INFO - Processing /home/airflow/.local/lib/python3.8/site-packages/airflow/example_dags/example_setup_teardown.py took 0.178 seconds
[2024-04-02T02:12:15.418+0000] {processor.py:161} INFO - Started process (PID=69) to work on /home/airflow/.local/lib/python3.8/site-packages/airflow/example_dags/example_setup_teardown.py
[2024-04-02T02:12:15.421+0000] {processor.py:830} INFO - Processing file /home/airflow/.local/lib/python3.8/site-packages/airflow/example_dags/example_setup_teardown.py for tasks to queue
[2024-04-02T02:12:15.424+0000] {logging_mixin.py:188} INFO - [2024-04-02T02:12:15.424+0000] {dagbag.py:540} INFO - Filling up the DagBag from /home/airflow/.local/lib/python3.8/site-packages/airflow/example_dags/example_setup_teardown.py
[2024-04-02T02:12:15.444+0000] {processor.py:840} INFO - DAG(s) 'example_setup_teardown' retrieved from /home/airflow/.local/lib/python3.8/site-packages/airflow/example_dags/example_setup_teardown.py
[2024-04-02T02:12:15.667+0000] {logging_mixin.py:188} INFO - [2024-04-02T02:12:15.666+0000] {override.py:1769} INFO - Created Permission View: can read on DAG:example_setup_teardown
[2024-04-02T02:12:15.688+0000] {logging_mixin.py:188} INFO - [2024-04-02T02:12:15.688+0000] {override.py:1769} INFO - Created Permission View: can delete on DAG:example_setup_teardown
[2024-04-02T02:12:15.705+0000] {logging_mixin.py:188} INFO - [2024-04-02T02:12:15.704+0000] {override.py:1769} INFO - Created Permission View: can edit on DAG:example_setup_teardown
[2024-04-02T02:12:15.706+0000] {logging_mixin.py:188} INFO - [2024-04-02T02:12:15.706+0000] {dag.py:3047} INFO - Sync 1 DAGs
[2024-04-02T02:12:15.729+0000] {logging_mixin.py:188} INFO - [2024-04-02T02:12:15.728+0000] {dag.py:3069} INFO - Creating ORM DAG for example_setup_teardown
[2024-04-02T02:12:15.756+0000] {logging_mixin.py:188} INFO - [2024-04-02T02:12:15.755+0000] {dag.py:3834} INFO - Setting next_dagrun for example_setup_teardown to 2024-04-01 00:00:00+00:00, run_after=2024-04-02 00:00:00+00:00
[2024-04-02T02:12:15.795+0000] {processor.py:183} INFO - Processing /home/airflow/.local/lib/python3.8/site-packages/airflow/example_dags/example_setup_teardown.py took 0.382 seconds
[2024-04-02T02:12:46.107+0000] {processor.py:161} INFO - Started process (PID=124) to work on /home/airflow/.local/lib/python3.8/site-packages/airflow/example_dags/example_setup_teardown.py
[2024-04-02T02:12:46.109+0000] {processor.py:830} INFO - Processing file /home/airflow/.local/lib/python3.8/site-packages/airflow/example_dags/example_setup_teardown.py for tasks to queue
[2024-04-02T02:12:46.113+0000] {logging_mixin.py:188} INFO - [2024-04-02T02:12:46.112+0000] {dagbag.py:540} INFO - Filling up the DagBag from /home/airflow/.local/lib/python3.8/site-packages/airflow/example_dags/example_setup_teardown.py
[2024-04-02T02:12:46.127+0000] {processor.py:840} INFO - DAG(s) 'example_setup_teardown' retrieved from /home/airflow/.local/lib/python3.8/site-packages/airflow/example_dags/example_setup_teardown.py
[2024-04-02T02:12:46.156+0000] {logging_mixin.py:188} INFO - [2024-04-02T02:12:46.155+0000] {dag.py:3047} INFO - Sync 1 DAGs
[2024-04-02T02:12:46.227+0000] {logging_mixin.py:188} INFO - [2024-04-02T02:12:46.227+0000] {dag.py:3834} INFO - Setting next_dagrun for example_setup_teardown to 2024-04-01 00:00:00+00:00, run_after=2024-04-02 00:00:00+00:00
[2024-04-02T02:12:46.273+0000] {processor.py:183} INFO - Processing /home/airflow/.local/lib/python3.8/site-packages/airflow/example_dags/example_setup_teardown.py took 0.172 seconds
[2024-04-02T02:13:17.407+0000] {processor.py:161} INFO - Started process (PID=179) to work on /home/airflow/.local/lib/python3.8/site-packages/airflow/example_dags/example_setup_teardown.py
[2024-04-02T02:13:17.409+0000] {processor.py:830} INFO - Processing file /home/airflow/.local/lib/python3.8/site-packages/airflow/example_dags/example_setup_teardown.py for tasks to queue
[2024-04-02T02:13:17.414+0000] {logging_mixin.py:188} INFO - [2024-04-02T02:13:17.413+0000] {dagbag.py:540} INFO - Filling up the DagBag from /home/airflow/.local/lib/python3.8/site-packages/airflow/example_dags/example_setup_teardown.py
[2024-04-02T02:13:17.431+0000] {processor.py:840} INFO - DAG(s) 'example_setup_teardown' retrieved from /home/airflow/.local/lib/python3.8/site-packages/airflow/example_dags/example_setup_teardown.py
[2024-04-02T02:13:17.676+0000] {logging_mixin.py:188} INFO - [2024-04-02T02:13:17.675+0000] {dag.py:3047} INFO - Sync 1 DAGs
[2024-04-02T02:13:17.730+0000] {logging_mixin.py:188} INFO - [2024-04-02T02:13:17.730+0000] {dag.py:3834} INFO - Setting next_dagrun for example_setup_teardown to 2024-04-01 00:00:00+00:00, run_after=2024-04-02 00:00:00+00:00
[2024-04-02T02:13:17.778+0000] {processor.py:183} INFO - Processing /home/airflow/.local/lib/python3.8/site-packages/airflow/example_dags/example_setup_teardown.py took 0.378 seconds
[2024-04-02T02:13:48.580+0000] {processor.py:161} INFO - Started process (PID=234) to work on /home/airflow/.local/lib/python3.8/site-packages/airflow/example_dags/example_setup_teardown.py
[2024-04-02T02:13:48.582+0000] {processor.py:830} INFO - Processing file /home/airflow/.local/lib/python3.8/site-packages/airflow/example_dags/example_setup_teardown.py for tasks to queue
[2024-04-02T02:13:48.585+0000] {logging_mixin.py:188} INFO - [2024-04-02T02:13:48.585+0000] {dagbag.py:540} INFO - Filling up the DagBag from /home/airflow/.local/lib/python3.8/site-packages/airflow/example_dags/example_setup_teardown.py
[2024-04-02T02:13:48.597+0000] {processor.py:840} INFO - DAG(s) 'example_setup_teardown' retrieved from /home/airflow/.local/lib/python3.8/site-packages/airflow/example_dags/example_setup_teardown.py
[2024-04-02T02:13:48.641+0000] {logging_mixin.py:188} INFO - [2024-04-02T02:13:48.640+0000] {dag.py:3047} INFO - Sync 1 DAGs
[2024-04-02T02:13:48.690+0000] {logging_mixin.py:188} INFO - [2024-04-02T02:13:48.690+0000] {dag.py:3834} INFO - Setting next_dagrun for example_setup_teardown to 2024-04-01 00:00:00+00:00, run_after=2024-04-02 00:00:00+00:00
[2024-04-02T02:13:48.729+0000] {processor.py:183} INFO - Processing /home/airflow/.local/lib/python3.8/site-packages/airflow/example_dags/example_setup_teardown.py took 0.154 seconds
