[2024-04-02T02:07:04.613+0000] {processor.py:161} INFO - Started process (PID=73) to work on /home/airflow/.local/lib/python3.8/site-packages/airflow/example_dags/example_sensor_decorator.py
[2024-04-02T02:07:04.623+0000] {processor.py:830} INFO - Processing file /home/airflow/.local/lib/python3.8/site-packages/airflow/example_dags/example_sensor_decorator.py for tasks to queue
[2024-04-02T02:07:04.628+0000] {logging_mixin.py:188} INFO - [2024-04-02T02:07:04.627+0000] {dagbag.py:540} INFO - Filling up the DagBag from /home/airflow/.local/lib/python3.8/site-packages/airflow/example_dags/example_sensor_decorator.py
[2024-04-02T02:07:04.655+0000] {processor.py:840} INFO - DAG(s) 'example_sensor_decorator' retrieved from /home/airflow/.local/lib/python3.8/site-packages/airflow/example_dags/example_sensor_decorator.py
[2024-04-02T02:07:04.996+0000] {logging_mixin.py:188} INFO - [2024-04-02T02:07:04.995+0000] {dag.py:3047} INFO - Sync 1 DAGs
[2024-04-02T02:07:05.025+0000] {logging_mixin.py:188} INFO - [2024-04-02T02:07:05.024+0000] {dag.py:3834} INFO - Setting next_dagrun for example_sensor_decorator to None, run_after=None
[2024-04-02T02:07:05.069+0000] {processor.py:183} INFO - Processing /home/airflow/.local/lib/python3.8/site-packages/airflow/example_dags/example_sensor_decorator.py took 0.465 seconds
[2024-04-02T02:07:35.300+0000] {processor.py:161} INFO - Started process (PID=128) to work on /home/airflow/.local/lib/python3.8/site-packages/airflow/example_dags/example_sensor_decorator.py
[2024-04-02T02:07:35.304+0000] {processor.py:830} INFO - Processing file /home/airflow/.local/lib/python3.8/site-packages/airflow/example_dags/example_sensor_decorator.py for tasks to queue
[2024-04-02T02:07:35.307+0000] {logging_mixin.py:188} INFO - [2024-04-02T02:07:35.306+0000] {dagbag.py:540} INFO - Filling up the DagBag from /home/airflow/.local/lib/python3.8/site-packages/airflow/example_dags/example_sensor_decorator.py
[2024-04-02T02:07:35.318+0000] {processor.py:840} INFO - DAG(s) 'example_sensor_decorator' retrieved from /home/airflow/.local/lib/python3.8/site-packages/airflow/example_dags/example_sensor_decorator.py
[2024-04-02T02:07:35.346+0000] {logging_mixin.py:188} INFO - [2024-04-02T02:07:35.344+0000] {dag.py:3047} INFO - Sync 1 DAGs
[2024-04-02T02:07:35.381+0000] {logging_mixin.py:188} INFO - [2024-04-02T02:07:35.380+0000] {dag.py:3834} INFO - Setting next_dagrun for example_sensor_decorator to None, run_after=None
[2024-04-02T02:07:35.436+0000] {processor.py:183} INFO - Processing /home/airflow/.local/lib/python3.8/site-packages/airflow/example_dags/example_sensor_decorator.py took 0.143 seconds
[2024-04-02T02:08:06.120+0000] {processor.py:161} INFO - Started process (PID=182) to work on /home/airflow/.local/lib/python3.8/site-packages/airflow/example_dags/example_sensor_decorator.py
[2024-04-02T02:08:06.122+0000] {processor.py:830} INFO - Processing file /home/airflow/.local/lib/python3.8/site-packages/airflow/example_dags/example_sensor_decorator.py for tasks to queue
[2024-04-02T02:08:06.126+0000] {logging_mixin.py:188} INFO - [2024-04-02T02:08:06.125+0000] {dagbag.py:540} INFO - Filling up the DagBag from /home/airflow/.local/lib/python3.8/site-packages/airflow/example_dags/example_sensor_decorator.py
[2024-04-02T02:08:06.136+0000] {processor.py:840} INFO - DAG(s) 'example_sensor_decorator' retrieved from /home/airflow/.local/lib/python3.8/site-packages/airflow/example_dags/example_sensor_decorator.py
[2024-04-02T02:08:06.348+0000] {logging_mixin.py:188} INFO - [2024-04-02T02:08:06.347+0000] {dag.py:3047} INFO - Sync 1 DAGs
[2024-04-02T02:08:06.371+0000] {logging_mixin.py:188} INFO - [2024-04-02T02:08:06.370+0000] {dag.py:3834} INFO - Setting next_dagrun for example_sensor_decorator to None, run_after=None
[2024-04-02T02:08:06.421+0000] {processor.py:183} INFO - Processing /home/airflow/.local/lib/python3.8/site-packages/airflow/example_dags/example_sensor_decorator.py took 0.305 seconds
[2024-04-02T02:08:36.986+0000] {processor.py:161} INFO - Started process (PID=237) to work on /home/airflow/.local/lib/python3.8/site-packages/airflow/example_dags/example_sensor_decorator.py
[2024-04-02T02:08:36.988+0000] {processor.py:830} INFO - Processing file /home/airflow/.local/lib/python3.8/site-packages/airflow/example_dags/example_sensor_decorator.py for tasks to queue
[2024-04-02T02:08:36.992+0000] {logging_mixin.py:188} INFO - [2024-04-02T02:08:36.991+0000] {dagbag.py:540} INFO - Filling up the DagBag from /home/airflow/.local/lib/python3.8/site-packages/airflow/example_dags/example_sensor_decorator.py
[2024-04-02T02:08:37.001+0000] {processor.py:840} INFO - DAG(s) 'example_sensor_decorator' retrieved from /home/airflow/.local/lib/python3.8/site-packages/airflow/example_dags/example_sensor_decorator.py
[2024-04-02T02:08:37.041+0000] {logging_mixin.py:188} INFO - [2024-04-02T02:08:37.041+0000] {dag.py:3047} INFO - Sync 1 DAGs
[2024-04-02T02:08:37.071+0000] {logging_mixin.py:188} INFO - [2024-04-02T02:08:37.070+0000] {dag.py:3834} INFO - Setting next_dagrun for example_sensor_decorator to None, run_after=None
[2024-04-02T02:08:37.117+0000] {processor.py:183} INFO - Processing /home/airflow/.local/lib/python3.8/site-packages/airflow/example_dags/example_sensor_decorator.py took 0.135 seconds
[2024-04-02T02:09:07.219+0000] {processor.py:161} INFO - Started process (PID=292) to work on /home/airflow/.local/lib/python3.8/site-packages/airflow/example_dags/example_sensor_decorator.py
[2024-04-02T02:09:07.221+0000] {processor.py:830} INFO - Processing file /home/airflow/.local/lib/python3.8/site-packages/airflow/example_dags/example_sensor_decorator.py for tasks to queue
[2024-04-02T02:09:07.225+0000] {logging_mixin.py:188} INFO - [2024-04-02T02:09:07.224+0000] {dagbag.py:540} INFO - Filling up the DagBag from /home/airflow/.local/lib/python3.8/site-packages/airflow/example_dags/example_sensor_decorator.py
[2024-04-02T02:09:07.238+0000] {processor.py:840} INFO - DAG(s) 'example_sensor_decorator' retrieved from /home/airflow/.local/lib/python3.8/site-packages/airflow/example_dags/example_sensor_decorator.py
[2024-04-02T02:09:07.277+0000] {logging_mixin.py:188} INFO - [2024-04-02T02:09:07.276+0000] {dag.py:3047} INFO - Sync 1 DAGs
[2024-04-02T02:09:07.302+0000] {logging_mixin.py:188} INFO - [2024-04-02T02:09:07.301+0000] {dag.py:3834} INFO - Setting next_dagrun for example_sensor_decorator to None, run_after=None
[2024-04-02T02:09:07.341+0000] {processor.py:183} INFO - Processing /home/airflow/.local/lib/python3.8/site-packages/airflow/example_dags/example_sensor_decorator.py took 0.128 seconds
[2024-04-02T02:09:37.793+0000] {processor.py:161} INFO - Started process (PID=348) to work on /home/airflow/.local/lib/python3.8/site-packages/airflow/example_dags/example_sensor_decorator.py
[2024-04-02T02:09:37.795+0000] {processor.py:830} INFO - Processing file /home/airflow/.local/lib/python3.8/site-packages/airflow/example_dags/example_sensor_decorator.py for tasks to queue
[2024-04-02T02:09:37.801+0000] {logging_mixin.py:188} INFO - [2024-04-02T02:09:37.800+0000] {dagbag.py:540} INFO - Filling up the DagBag from /home/airflow/.local/lib/python3.8/site-packages/airflow/example_dags/example_sensor_decorator.py
[2024-04-02T02:09:37.816+0000] {processor.py:840} INFO - DAG(s) 'example_sensor_decorator' retrieved from /home/airflow/.local/lib/python3.8/site-packages/airflow/example_dags/example_sensor_decorator.py
[2024-04-02T02:09:37.863+0000] {logging_mixin.py:188} INFO - [2024-04-02T02:09:37.862+0000] {dag.py:3047} INFO - Sync 1 DAGs
[2024-04-02T02:09:37.896+0000] {logging_mixin.py:188} INFO - [2024-04-02T02:09:37.896+0000] {dag.py:3834} INFO - Setting next_dagrun for example_sensor_decorator to None, run_after=None
[2024-04-02T02:09:37.946+0000] {processor.py:183} INFO - Processing /home/airflow/.local/lib/python3.8/site-packages/airflow/example_dags/example_sensor_decorator.py took 0.158 seconds
[2024-04-02T02:12:14.882+0000] {processor.py:161} INFO - Started process (PID=66) to work on /home/airflow/.local/lib/python3.8/site-packages/airflow/example_dags/example_sensor_decorator.py
[2024-04-02T02:12:14.884+0000] {processor.py:830} INFO - Processing file /home/airflow/.local/lib/python3.8/site-packages/airflow/example_dags/example_sensor_decorator.py for tasks to queue
[2024-04-02T02:12:14.889+0000] {logging_mixin.py:188} INFO - [2024-04-02T02:12:14.888+0000] {dagbag.py:540} INFO - Filling up the DagBag from /home/airflow/.local/lib/python3.8/site-packages/airflow/example_dags/example_sensor_decorator.py
[2024-04-02T02:12:14.908+0000] {processor.py:840} INFO - DAG(s) 'example_sensor_decorator' retrieved from /home/airflow/.local/lib/python3.8/site-packages/airflow/example_dags/example_sensor_decorator.py
[2024-04-02T02:12:15.140+0000] {logging_mixin.py:188} INFO - [2024-04-02T02:12:15.137+0000] {override.py:1769} INFO - Created Permission View: can read on DAG:example_sensor_decorator
[2024-04-02T02:12:15.176+0000] {logging_mixin.py:188} INFO - [2024-04-02T02:12:15.175+0000] {override.py:1769} INFO - Created Permission View: can delete on DAG:example_sensor_decorator
[2024-04-02T02:12:15.199+0000] {logging_mixin.py:188} INFO - [2024-04-02T02:12:15.198+0000] {override.py:1769} INFO - Created Permission View: can edit on DAG:example_sensor_decorator
[2024-04-02T02:12:15.202+0000] {logging_mixin.py:188} INFO - [2024-04-02T02:12:15.201+0000] {dag.py:3047} INFO - Sync 1 DAGs
[2024-04-02T02:12:15.235+0000] {logging_mixin.py:188} INFO - [2024-04-02T02:12:15.234+0000] {dag.py:3069} INFO - Creating ORM DAG for example_sensor_decorator
[2024-04-02T02:12:15.237+0000] {logging_mixin.py:188} INFO - [2024-04-02T02:12:15.236+0000] {dag.py:3834} INFO - Setting next_dagrun for example_sensor_decorator to None, run_after=None
[2024-04-02T02:12:15.276+0000] {processor.py:183} INFO - Processing /home/airflow/.local/lib/python3.8/site-packages/airflow/example_dags/example_sensor_decorator.py took 0.399 seconds
[2024-04-02T02:12:45.747+0000] {processor.py:161} INFO - Started process (PID=121) to work on /home/airflow/.local/lib/python3.8/site-packages/airflow/example_dags/example_sensor_decorator.py
[2024-04-02T02:12:45.750+0000] {processor.py:830} INFO - Processing file /home/airflow/.local/lib/python3.8/site-packages/airflow/example_dags/example_sensor_decorator.py for tasks to queue
[2024-04-02T02:12:45.753+0000] {logging_mixin.py:188} INFO - [2024-04-02T02:12:45.753+0000] {dagbag.py:540} INFO - Filling up the DagBag from /home/airflow/.local/lib/python3.8/site-packages/airflow/example_dags/example_sensor_decorator.py
[2024-04-02T02:12:45.762+0000] {processor.py:840} INFO - DAG(s) 'example_sensor_decorator' retrieved from /home/airflow/.local/lib/python3.8/site-packages/airflow/example_dags/example_sensor_decorator.py
[2024-04-02T02:12:45.783+0000] {logging_mixin.py:188} INFO - [2024-04-02T02:12:45.782+0000] {dag.py:3047} INFO - Sync 1 DAGs
[2024-04-02T02:12:45.811+0000] {logging_mixin.py:188} INFO - [2024-04-02T02:12:45.811+0000] {dag.py:3834} INFO - Setting next_dagrun for example_sensor_decorator to None, run_after=None
[2024-04-02T02:12:45.854+0000] {processor.py:183} INFO - Processing /home/airflow/.local/lib/python3.8/site-packages/airflow/example_dags/example_sensor_decorator.py took 0.112 seconds
[2024-04-02T02:13:17.004+0000] {processor.py:161} INFO - Started process (PID=176) to work on /home/airflow/.local/lib/python3.8/site-packages/airflow/example_dags/example_sensor_decorator.py
[2024-04-02T02:13:17.006+0000] {processor.py:830} INFO - Processing file /home/airflow/.local/lib/python3.8/site-packages/airflow/example_dags/example_sensor_decorator.py for tasks to queue
[2024-04-02T02:13:17.009+0000] {logging_mixin.py:188} INFO - [2024-04-02T02:13:17.009+0000] {dagbag.py:540} INFO - Filling up the DagBag from /home/airflow/.local/lib/python3.8/site-packages/airflow/example_dags/example_sensor_decorator.py
[2024-04-02T02:13:17.020+0000] {processor.py:840} INFO - DAG(s) 'example_sensor_decorator' retrieved from /home/airflow/.local/lib/python3.8/site-packages/airflow/example_dags/example_sensor_decorator.py
[2024-04-02T02:13:17.226+0000] {logging_mixin.py:188} INFO - [2024-04-02T02:13:17.226+0000] {dag.py:3047} INFO - Sync 1 DAGs
[2024-04-02T02:13:17.249+0000] {logging_mixin.py:188} INFO - [2024-04-02T02:13:17.249+0000] {dag.py:3834} INFO - Setting next_dagrun for example_sensor_decorator to None, run_after=None
[2024-04-02T02:13:17.297+0000] {processor.py:183} INFO - Processing /home/airflow/.local/lib/python3.8/site-packages/airflow/example_dags/example_sensor_decorator.py took 0.298 seconds
[2024-04-02T02:13:47.361+0000] {processor.py:161} INFO - Started process (PID=231) to work on /home/airflow/.local/lib/python3.8/site-packages/airflow/example_dags/example_sensor_decorator.py
[2024-04-02T02:13:47.363+0000] {processor.py:830} INFO - Processing file /home/airflow/.local/lib/python3.8/site-packages/airflow/example_dags/example_sensor_decorator.py for tasks to queue
[2024-04-02T02:13:47.367+0000] {logging_mixin.py:188} INFO - [2024-04-02T02:13:47.366+0000] {dagbag.py:540} INFO - Filling up the DagBag from /home/airflow/.local/lib/python3.8/site-packages/airflow/example_dags/example_sensor_decorator.py
[2024-04-02T02:13:47.377+0000] {processor.py:840} INFO - DAG(s) 'example_sensor_decorator' retrieved from /home/airflow/.local/lib/python3.8/site-packages/airflow/example_dags/example_sensor_decorator.py
[2024-04-02T02:13:47.423+0000] {logging_mixin.py:188} INFO - [2024-04-02T02:13:47.422+0000] {dag.py:3047} INFO - Sync 1 DAGs
[2024-04-02T02:13:47.457+0000] {logging_mixin.py:188} INFO - [2024-04-02T02:13:47.456+0000] {dag.py:3834} INFO - Setting next_dagrun for example_sensor_decorator to None, run_after=None
[2024-04-02T02:13:47.503+0000] {processor.py:183} INFO - Processing /home/airflow/.local/lib/python3.8/site-packages/airflow/example_dags/example_sensor_decorator.py took 0.147 seconds
