[2024-04-02T02:06:56.632+0000] {processor.py:161} INFO - Started process (PID=51) to work on /home/airflow/.local/lib/python3.8/site-packages/airflow/example_dags/example_short_circuit_operator.py
[2024-04-02T02:06:56.634+0000] {processor.py:830} INFO - Processing file /home/airflow/.local/lib/python3.8/site-packages/airflow/example_dags/example_short_circuit_operator.py for tasks to queue
[2024-04-02T02:06:56.638+0000] {logging_mixin.py:188} INFO - [2024-04-02T02:06:56.637+0000] {dagbag.py:540} INFO - Filling up the DagBag from /home/airflow/.local/lib/python3.8/site-packages/airflow/example_dags/example_short_circuit_operator.py
[2024-04-02T02:06:56.660+0000] {processor.py:840} INFO - DAG(s) 'example_short_circuit_operator' retrieved from /home/airflow/.local/lib/python3.8/site-packages/airflow/example_dags/example_short_circuit_operator.py
[2024-04-02T02:06:57.154+0000] {logging_mixin.py:188} INFO - [2024-04-02T02:06:57.153+0000] {dag.py:3047} INFO - Sync 1 DAGs
[2024-04-02T02:06:57.274+0000] {logging_mixin.py:188} INFO - [2024-04-02T02:06:57.274+0000] {dag.py:3834} INFO - Setting next_dagrun for example_short_circuit_operator to 2024-04-01 00:00:00+00:00, run_after=2024-04-02 00:00:00+00:00
[2024-04-02T02:06:57.359+0000] {processor.py:183} INFO - Processing /home/airflow/.local/lib/python3.8/site-packages/airflow/example_dags/example_short_circuit_operator.py took 0.734 seconds
[2024-04-02T02:07:27.750+0000] {processor.py:161} INFO - Started process (PID=106) to work on /home/airflow/.local/lib/python3.8/site-packages/airflow/example_dags/example_short_circuit_operator.py
[2024-04-02T02:07:27.752+0000] {processor.py:830} INFO - Processing file /home/airflow/.local/lib/python3.8/site-packages/airflow/example_dags/example_short_circuit_operator.py for tasks to queue
[2024-04-02T02:07:27.755+0000] {logging_mixin.py:188} INFO - [2024-04-02T02:07:27.755+0000] {dagbag.py:540} INFO - Filling up the DagBag from /home/airflow/.local/lib/python3.8/site-packages/airflow/example_dags/example_short_circuit_operator.py
[2024-04-02T02:07:27.773+0000] {processor.py:840} INFO - DAG(s) 'example_short_circuit_operator' retrieved from /home/airflow/.local/lib/python3.8/site-packages/airflow/example_dags/example_short_circuit_operator.py
[2024-04-02T02:07:27.833+0000] {logging_mixin.py:188} INFO - [2024-04-02T02:07:27.832+0000] {dag.py:3047} INFO - Sync 1 DAGs
[2024-04-02T02:07:27.906+0000] {logging_mixin.py:188} INFO - [2024-04-02T02:07:27.905+0000] {dag.py:3834} INFO - Setting next_dagrun for example_short_circuit_operator to 2024-04-01 00:00:00+00:00, run_after=2024-04-02 00:00:00+00:00
[2024-04-02T02:07:28.005+0000] {processor.py:183} INFO - Processing /home/airflow/.local/lib/python3.8/site-packages/airflow/example_dags/example_short_circuit_operator.py took 0.261 seconds
[2024-04-02T02:07:58.373+0000] {processor.py:161} INFO - Started process (PID=161) to work on /home/airflow/.local/lib/python3.8/site-packages/airflow/example_dags/example_short_circuit_operator.py
[2024-04-02T02:07:58.374+0000] {processor.py:830} INFO - Processing file /home/airflow/.local/lib/python3.8/site-packages/airflow/example_dags/example_short_circuit_operator.py for tasks to queue
[2024-04-02T02:07:58.380+0000] {logging_mixin.py:188} INFO - [2024-04-02T02:07:58.377+0000] {dagbag.py:540} INFO - Filling up the DagBag from /home/airflow/.local/lib/python3.8/site-packages/airflow/example_dags/example_short_circuit_operator.py
[2024-04-02T02:07:58.395+0000] {processor.py:840} INFO - DAG(s) 'example_short_circuit_operator' retrieved from /home/airflow/.local/lib/python3.8/site-packages/airflow/example_dags/example_short_circuit_operator.py
[2024-04-02T02:07:58.618+0000] {logging_mixin.py:188} INFO - [2024-04-02T02:07:58.617+0000] {dag.py:3047} INFO - Sync 1 DAGs
[2024-04-02T02:07:58.664+0000] {logging_mixin.py:188} INFO - [2024-04-02T02:07:58.664+0000] {dag.py:3834} INFO - Setting next_dagrun for example_short_circuit_operator to 2024-04-01 00:00:00+00:00, run_after=2024-04-02 00:00:00+00:00
[2024-04-02T02:07:58.710+0000] {processor.py:183} INFO - Processing /home/airflow/.local/lib/python3.8/site-packages/airflow/example_dags/example_short_circuit_operator.py took 0.343 seconds
[2024-04-02T02:08:29.714+0000] {processor.py:161} INFO - Started process (PID=221) to work on /home/airflow/.local/lib/python3.8/site-packages/airflow/example_dags/example_short_circuit_operator.py
[2024-04-02T02:08:29.716+0000] {processor.py:830} INFO - Processing file /home/airflow/.local/lib/python3.8/site-packages/airflow/example_dags/example_short_circuit_operator.py for tasks to queue
[2024-04-02T02:08:29.720+0000] {logging_mixin.py:188} INFO - [2024-04-02T02:08:29.719+0000] {dagbag.py:540} INFO - Filling up the DagBag from /home/airflow/.local/lib/python3.8/site-packages/airflow/example_dags/example_short_circuit_operator.py
[2024-04-02T02:08:29.737+0000] {processor.py:840} INFO - DAG(s) 'example_short_circuit_operator' retrieved from /home/airflow/.local/lib/python3.8/site-packages/airflow/example_dags/example_short_circuit_operator.py
[2024-04-02T02:08:29.787+0000] {logging_mixin.py:188} INFO - [2024-04-02T02:08:29.786+0000] {dag.py:3047} INFO - Sync 1 DAGs
[2024-04-02T02:08:29.837+0000] {logging_mixin.py:188} INFO - [2024-04-02T02:08:29.836+0000] {dag.py:3834} INFO - Setting next_dagrun for example_short_circuit_operator to 2024-04-01 00:00:00+00:00, run_after=2024-04-02 00:00:00+00:00
[2024-04-02T02:08:29.886+0000] {processor.py:183} INFO - Processing /home/airflow/.local/lib/python3.8/site-packages/airflow/example_dags/example_short_circuit_operator.py took 0.178 seconds
[2024-04-02T02:09:00.001+0000] {processor.py:161} INFO - Started process (PID=276) to work on /home/airflow/.local/lib/python3.8/site-packages/airflow/example_dags/example_short_circuit_operator.py
[2024-04-02T02:09:00.003+0000] {processor.py:830} INFO - Processing file /home/airflow/.local/lib/python3.8/site-packages/airflow/example_dags/example_short_circuit_operator.py for tasks to queue
[2024-04-02T02:09:00.007+0000] {logging_mixin.py:188} INFO - [2024-04-02T02:09:00.006+0000] {dagbag.py:540} INFO - Filling up the DagBag from /home/airflow/.local/lib/python3.8/site-packages/airflow/example_dags/example_short_circuit_operator.py
[2024-04-02T02:09:00.024+0000] {processor.py:840} INFO - DAG(s) 'example_short_circuit_operator' retrieved from /home/airflow/.local/lib/python3.8/site-packages/airflow/example_dags/example_short_circuit_operator.py
[2024-04-02T02:09:00.074+0000] {logging_mixin.py:188} INFO - [2024-04-02T02:09:00.074+0000] {dag.py:3047} INFO - Sync 1 DAGs
[2024-04-02T02:09:00.120+0000] {logging_mixin.py:188} INFO - [2024-04-02T02:09:00.119+0000] {dag.py:3834} INFO - Setting next_dagrun for example_short_circuit_operator to 2024-04-01 00:00:00+00:00, run_after=2024-04-02 00:00:00+00:00
[2024-04-02T02:09:00.155+0000] {processor.py:183} INFO - Processing /home/airflow/.local/lib/python3.8/site-packages/airflow/example_dags/example_short_circuit_operator.py took 0.159 seconds
[2024-04-02T02:09:30.910+0000] {processor.py:161} INFO - Started process (PID=332) to work on /home/airflow/.local/lib/python3.8/site-packages/airflow/example_dags/example_short_circuit_operator.py
[2024-04-02T02:09:30.912+0000] {processor.py:830} INFO - Processing file /home/airflow/.local/lib/python3.8/site-packages/airflow/example_dags/example_short_circuit_operator.py for tasks to queue
[2024-04-02T02:09:30.918+0000] {logging_mixin.py:188} INFO - [2024-04-02T02:09:30.917+0000] {dagbag.py:540} INFO - Filling up the DagBag from /home/airflow/.local/lib/python3.8/site-packages/airflow/example_dags/example_short_circuit_operator.py
[2024-04-02T02:09:30.936+0000] {processor.py:840} INFO - DAG(s) 'example_short_circuit_operator' retrieved from /home/airflow/.local/lib/python3.8/site-packages/airflow/example_dags/example_short_circuit_operator.py
[2024-04-02T02:09:30.986+0000] {logging_mixin.py:188} INFO - [2024-04-02T02:09:30.985+0000] {dag.py:3047} INFO - Sync 1 DAGs
[2024-04-02T02:09:31.038+0000] {logging_mixin.py:188} INFO - [2024-04-02T02:09:31.038+0000] {dag.py:3834} INFO - Setting next_dagrun for example_short_circuit_operator to 2024-04-01 00:00:00+00:00, run_after=2024-04-02 00:00:00+00:00
[2024-04-02T02:09:31.086+0000] {processor.py:183} INFO - Processing /home/airflow/.local/lib/python3.8/site-packages/airflow/example_dags/example_short_circuit_operator.py took 0.180 seconds
[2024-04-02T02:10:01.564+0000] {processor.py:161} INFO - Started process (PID=387) to work on /home/airflow/.local/lib/python3.8/site-packages/airflow/example_dags/example_short_circuit_operator.py
[2024-04-02T02:10:01.566+0000] {processor.py:830} INFO - Processing file /home/airflow/.local/lib/python3.8/site-packages/airflow/example_dags/example_short_circuit_operator.py for tasks to queue
[2024-04-02T02:10:01.576+0000] {logging_mixin.py:188} INFO - [2024-04-02T02:10:01.576+0000] {dagbag.py:540} INFO - Filling up the DagBag from /home/airflow/.local/lib/python3.8/site-packages/airflow/example_dags/example_short_circuit_operator.py
[2024-04-02T02:10:01.596+0000] {processor.py:840} INFO - DAG(s) 'example_short_circuit_operator' retrieved from /home/airflow/.local/lib/python3.8/site-packages/airflow/example_dags/example_short_circuit_operator.py
[2024-04-02T02:12:09.730+0000] {processor.py:161} INFO - Started process (PID=50) to work on /home/airflow/.local/lib/python3.8/site-packages/airflow/example_dags/example_short_circuit_operator.py
[2024-04-02T02:12:09.734+0000] {processor.py:830} INFO - Processing file /home/airflow/.local/lib/python3.8/site-packages/airflow/example_dags/example_short_circuit_operator.py for tasks to queue
[2024-04-02T02:12:09.738+0000] {logging_mixin.py:188} INFO - [2024-04-02T02:12:09.737+0000] {dagbag.py:540} INFO - Filling up the DagBag from /home/airflow/.local/lib/python3.8/site-packages/airflow/example_dags/example_short_circuit_operator.py
[2024-04-02T02:12:09.771+0000] {processor.py:840} INFO - DAG(s) 'example_short_circuit_operator' retrieved from /home/airflow/.local/lib/python3.8/site-packages/airflow/example_dags/example_short_circuit_operator.py
[2024-04-02T02:12:10.021+0000] {logging_mixin.py:188} INFO - [2024-04-02T02:12:10.019+0000] {override.py:1769} INFO - Created Permission View: can read on DAG:example_short_circuit_operator
[2024-04-02T02:12:10.046+0000] {logging_mixin.py:188} INFO - [2024-04-02T02:12:10.045+0000] {override.py:1769} INFO - Created Permission View: can delete on DAG:example_short_circuit_operator
[2024-04-02T02:12:10.062+0000] {logging_mixin.py:188} INFO - [2024-04-02T02:12:10.061+0000] {override.py:1769} INFO - Created Permission View: can edit on DAG:example_short_circuit_operator
[2024-04-02T02:12:10.063+0000] {logging_mixin.py:188} INFO - [2024-04-02T02:12:10.063+0000] {dag.py:3047} INFO - Sync 1 DAGs
[2024-04-02T02:12:10.087+0000] {logging_mixin.py:188} INFO - [2024-04-02T02:12:10.087+0000] {dag.py:3069} INFO - Creating ORM DAG for example_short_circuit_operator
[2024-04-02T02:12:10.110+0000] {logging_mixin.py:188} INFO - [2024-04-02T02:12:10.109+0000] {dag.py:3834} INFO - Setting next_dagrun for example_short_circuit_operator to 2024-04-01 00:00:00+00:00, run_after=2024-04-02 00:00:00+00:00
[2024-04-02T02:12:10.151+0000] {processor.py:183} INFO - Processing /home/airflow/.local/lib/python3.8/site-packages/airflow/example_dags/example_short_circuit_operator.py took 0.427 seconds
[2024-04-02T02:12:41.094+0000] {processor.py:161} INFO - Started process (PID=105) to work on /home/airflow/.local/lib/python3.8/site-packages/airflow/example_dags/example_short_circuit_operator.py
[2024-04-02T02:12:41.096+0000] {processor.py:830} INFO - Processing file /home/airflow/.local/lib/python3.8/site-packages/airflow/example_dags/example_short_circuit_operator.py for tasks to queue
[2024-04-02T02:12:41.099+0000] {logging_mixin.py:188} INFO - [2024-04-02T02:12:41.099+0000] {dagbag.py:540} INFO - Filling up the DagBag from /home/airflow/.local/lib/python3.8/site-packages/airflow/example_dags/example_short_circuit_operator.py
[2024-04-02T02:12:41.112+0000] {processor.py:840} INFO - DAG(s) 'example_short_circuit_operator' retrieved from /home/airflow/.local/lib/python3.8/site-packages/airflow/example_dags/example_short_circuit_operator.py
[2024-04-02T02:12:41.135+0000] {logging_mixin.py:188} INFO - [2024-04-02T02:12:41.134+0000] {dag.py:3047} INFO - Sync 1 DAGs
[2024-04-02T02:12:41.176+0000] {logging_mixin.py:188} INFO - [2024-04-02T02:12:41.176+0000] {dag.py:3834} INFO - Setting next_dagrun for example_short_circuit_operator to 2024-04-01 00:00:00+00:00, run_after=2024-04-02 00:00:00+00:00
[2024-04-02T02:12:41.216+0000] {processor.py:183} INFO - Processing /home/airflow/.local/lib/python3.8/site-packages/airflow/example_dags/example_short_circuit_operator.py took 0.126 seconds
[2024-04-02T02:13:11.359+0000] {processor.py:161} INFO - Started process (PID=160) to work on /home/airflow/.local/lib/python3.8/site-packages/airflow/example_dags/example_short_circuit_operator.py
[2024-04-02T02:13:11.361+0000] {processor.py:830} INFO - Processing file /home/airflow/.local/lib/python3.8/site-packages/airflow/example_dags/example_short_circuit_operator.py for tasks to queue
[2024-04-02T02:13:11.367+0000] {logging_mixin.py:188} INFO - [2024-04-02T02:13:11.366+0000] {dagbag.py:540} INFO - Filling up the DagBag from /home/airflow/.local/lib/python3.8/site-packages/airflow/example_dags/example_short_circuit_operator.py
[2024-04-02T02:13:11.381+0000] {processor.py:840} INFO - DAG(s) 'example_short_circuit_operator' retrieved from /home/airflow/.local/lib/python3.8/site-packages/airflow/example_dags/example_short_circuit_operator.py
[2024-04-02T02:13:11.592+0000] {logging_mixin.py:188} INFO - [2024-04-02T02:13:11.591+0000] {dag.py:3047} INFO - Sync 1 DAGs
[2024-04-02T02:13:11.634+0000] {logging_mixin.py:188} INFO - [2024-04-02T02:13:11.634+0000] {dag.py:3834} INFO - Setting next_dagrun for example_short_circuit_operator to 2024-04-01 00:00:00+00:00, run_after=2024-04-02 00:00:00+00:00
[2024-04-02T02:13:11.685+0000] {processor.py:183} INFO - Processing /home/airflow/.local/lib/python3.8/site-packages/airflow/example_dags/example_short_circuit_operator.py took 0.332 seconds
[2024-04-02T02:13:41.760+0000] {processor.py:161} INFO - Started process (PID=215) to work on /home/airflow/.local/lib/python3.8/site-packages/airflow/example_dags/example_short_circuit_operator.py
[2024-04-02T02:13:41.762+0000] {processor.py:830} INFO - Processing file /home/airflow/.local/lib/python3.8/site-packages/airflow/example_dags/example_short_circuit_operator.py for tasks to queue
[2024-04-02T02:13:41.766+0000] {logging_mixin.py:188} INFO - [2024-04-02T02:13:41.765+0000] {dagbag.py:540} INFO - Filling up the DagBag from /home/airflow/.local/lib/python3.8/site-packages/airflow/example_dags/example_short_circuit_operator.py
[2024-04-02T02:13:41.779+0000] {processor.py:840} INFO - DAG(s) 'example_short_circuit_operator' retrieved from /home/airflow/.local/lib/python3.8/site-packages/airflow/example_dags/example_short_circuit_operator.py
[2024-04-02T02:13:41.891+0000] {logging_mixin.py:188} INFO - [2024-04-02T02:13:41.890+0000] {dag.py:3047} INFO - Sync 1 DAGs
[2024-04-02T02:13:42.010+0000] {logging_mixin.py:188} INFO - [2024-04-02T02:13:42.009+0000] {dag.py:3834} INFO - Setting next_dagrun for example_short_circuit_operator to 2024-04-01 00:00:00+00:00, run_after=2024-04-02 00:00:00+00:00
[2024-04-02T02:13:42.052+0000] {processor.py:183} INFO - Processing /home/airflow/.local/lib/python3.8/site-packages/airflow/example_dags/example_short_circuit_operator.py took 0.297 seconds
