[2024-04-02T02:07:00.464+0000] {processor.py:161} INFO - Started process (PID=65) to work on /home/airflow/.local/lib/python3.8/site-packages/airflow/example_dags/example_dag_decorator.py
[2024-04-02T02:07:00.467+0000] {processor.py:830} INFO - Processing file /home/airflow/.local/lib/python3.8/site-packages/airflow/example_dags/example_dag_decorator.py for tasks to queue
[2024-04-02T02:07:00.470+0000] {logging_mixin.py:188} INFO - [2024-04-02T02:07:00.469+0000] {dagbag.py:540} INFO - Filling up the DagBag from /home/airflow/.local/lib/python3.8/site-packages/airflow/example_dags/example_dag_decorator.py
[2024-04-02T02:07:01.037+0000] {processor.py:840} INFO - DAG(s) 'example_dag_decorator' retrieved from /home/airflow/.local/lib/python3.8/site-packages/airflow/example_dags/example_dag_decorator.py
[2024-04-02T02:07:01.746+0000] {logging_mixin.py:188} INFO - [2024-04-02T02:07:01.746+0000] {dag.py:3047} INFO - Sync 1 DAGs
[2024-04-02T02:07:01.772+0000] {logging_mixin.py:188} INFO - [2024-04-02T02:07:01.771+0000] {dag.py:3834} INFO - Setting next_dagrun for example_dag_decorator to None, run_after=None
[2024-04-02T02:07:01.825+0000] {processor.py:183} INFO - Processing /home/airflow/.local/lib/python3.8/site-packages/airflow/example_dags/example_dag_decorator.py took 1.369 seconds
[2024-04-02T02:07:32.139+0000] {processor.py:161} INFO - Started process (PID=120) to work on /home/airflow/.local/lib/python3.8/site-packages/airflow/example_dags/example_dag_decorator.py
[2024-04-02T02:07:32.143+0000] {processor.py:830} INFO - Processing file /home/airflow/.local/lib/python3.8/site-packages/airflow/example_dags/example_dag_decorator.py for tasks to queue
[2024-04-02T02:07:32.149+0000] {logging_mixin.py:188} INFO - [2024-04-02T02:07:32.149+0000] {dagbag.py:540} INFO - Filling up the DagBag from /home/airflow/.local/lib/python3.8/site-packages/airflow/example_dags/example_dag_decorator.py
[2024-04-02T02:07:32.422+0000] {processor.py:840} INFO - DAG(s) 'example_dag_decorator' retrieved from /home/airflow/.local/lib/python3.8/site-packages/airflow/example_dags/example_dag_decorator.py
[2024-04-02T02:07:32.449+0000] {logging_mixin.py:188} INFO - [2024-04-02T02:07:32.448+0000] {dag.py:3047} INFO - Sync 1 DAGs
[2024-04-02T02:07:32.482+0000] {logging_mixin.py:188} INFO - [2024-04-02T02:07:32.481+0000] {dag.py:3834} INFO - Setting next_dagrun for example_dag_decorator to None, run_after=None
[2024-04-02T02:07:32.548+0000] {processor.py:183} INFO - Processing /home/airflow/.local/lib/python3.8/site-packages/airflow/example_dags/example_dag_decorator.py took 0.416 seconds
[2024-04-02T02:08:02.700+0000] {processor.py:161} INFO - Started process (PID=174) to work on /home/airflow/.local/lib/python3.8/site-packages/airflow/example_dags/example_dag_decorator.py
[2024-04-02T02:08:02.703+0000] {processor.py:830} INFO - Processing file /home/airflow/.local/lib/python3.8/site-packages/airflow/example_dags/example_dag_decorator.py for tasks to queue
[2024-04-02T02:08:02.706+0000] {logging_mixin.py:188} INFO - [2024-04-02T02:08:02.705+0000] {dagbag.py:540} INFO - Filling up the DagBag from /home/airflow/.local/lib/python3.8/site-packages/airflow/example_dags/example_dag_decorator.py
[2024-04-02T02:08:03.108+0000] {processor.py:840} INFO - DAG(s) 'example_dag_decorator' retrieved from /home/airflow/.local/lib/python3.8/site-packages/airflow/example_dags/example_dag_decorator.py
[2024-04-02T02:08:03.324+0000] {logging_mixin.py:188} INFO - [2024-04-02T02:08:03.323+0000] {dag.py:3047} INFO - Sync 1 DAGs
[2024-04-02T02:08:03.348+0000] {logging_mixin.py:188} INFO - [2024-04-02T02:08:03.347+0000] {dag.py:3834} INFO - Setting next_dagrun for example_dag_decorator to None, run_after=None
[2024-04-02T02:08:03.403+0000] {processor.py:183} INFO - Processing /home/airflow/.local/lib/python3.8/site-packages/airflow/example_dags/example_dag_decorator.py took 0.709 seconds
[2024-04-02T02:08:33.523+0000] {processor.py:161} INFO - Started process (PID=229) to work on /home/airflow/.local/lib/python3.8/site-packages/airflow/example_dags/example_dag_decorator.py
[2024-04-02T02:08:33.525+0000] {processor.py:830} INFO - Processing file /home/airflow/.local/lib/python3.8/site-packages/airflow/example_dags/example_dag_decorator.py for tasks to queue
[2024-04-02T02:08:33.528+0000] {logging_mixin.py:188} INFO - [2024-04-02T02:08:33.528+0000] {dagbag.py:540} INFO - Filling up the DagBag from /home/airflow/.local/lib/python3.8/site-packages/airflow/example_dags/example_dag_decorator.py
[2024-04-02T02:08:33.745+0000] {processor.py:840} INFO - DAG(s) 'example_dag_decorator' retrieved from /home/airflow/.local/lib/python3.8/site-packages/airflow/example_dags/example_dag_decorator.py
[2024-04-02T02:08:33.996+0000] {logging_mixin.py:188} INFO - [2024-04-02T02:08:33.995+0000] {dag.py:3047} INFO - Sync 1 DAGs
[2024-04-02T02:08:34.022+0000] {logging_mixin.py:188} INFO - [2024-04-02T02:08:34.022+0000] {dag.py:3834} INFO - Setting next_dagrun for example_dag_decorator to None, run_after=None
[2024-04-02T02:08:34.078+0000] {processor.py:183} INFO - Processing /home/airflow/.local/lib/python3.8/site-packages/airflow/example_dags/example_dag_decorator.py took 0.560 seconds
[2024-04-02T02:09:05.084+0000] {processor.py:161} INFO - Started process (PID=284) to work on /home/airflow/.local/lib/python3.8/site-packages/airflow/example_dags/example_dag_decorator.py
[2024-04-02T02:09:05.086+0000] {processor.py:830} INFO - Processing file /home/airflow/.local/lib/python3.8/site-packages/airflow/example_dags/example_dag_decorator.py for tasks to queue
[2024-04-02T02:09:05.090+0000] {logging_mixin.py:188} INFO - [2024-04-02T02:09:05.089+0000] {dagbag.py:540} INFO - Filling up the DagBag from /home/airflow/.local/lib/python3.8/site-packages/airflow/example_dags/example_dag_decorator.py
[2024-04-02T02:09:05.297+0000] {processor.py:840} INFO - DAG(s) 'example_dag_decorator' retrieved from /home/airflow/.local/lib/python3.8/site-packages/airflow/example_dags/example_dag_decorator.py
[2024-04-02T02:09:05.500+0000] {logging_mixin.py:188} INFO - [2024-04-02T02:09:05.499+0000] {dag.py:3047} INFO - Sync 1 DAGs
[2024-04-02T02:09:05.526+0000] {logging_mixin.py:188} INFO - [2024-04-02T02:09:05.525+0000] {dag.py:3834} INFO - Setting next_dagrun for example_dag_decorator to None, run_after=None
[2024-04-02T02:09:05.569+0000] {processor.py:183} INFO - Processing /home/airflow/.local/lib/python3.8/site-packages/airflow/example_dags/example_dag_decorator.py took 0.490 seconds
[2024-04-02T02:09:35.661+0000] {processor.py:161} INFO - Started process (PID=340) to work on /home/airflow/.local/lib/python3.8/site-packages/airflow/example_dags/example_dag_decorator.py
[2024-04-02T02:09:35.663+0000] {processor.py:830} INFO - Processing file /home/airflow/.local/lib/python3.8/site-packages/airflow/example_dags/example_dag_decorator.py for tasks to queue
[2024-04-02T02:09:35.667+0000] {logging_mixin.py:188} INFO - [2024-04-02T02:09:35.667+0000] {dagbag.py:540} INFO - Filling up the DagBag from /home/airflow/.local/lib/python3.8/site-packages/airflow/example_dags/example_dag_decorator.py
[2024-04-02T02:09:35.889+0000] {processor.py:840} INFO - DAG(s) 'example_dag_decorator' retrieved from /home/airflow/.local/lib/python3.8/site-packages/airflow/example_dags/example_dag_decorator.py
[2024-04-02T02:09:36.125+0000] {logging_mixin.py:188} INFO - [2024-04-02T02:09:36.125+0000] {dag.py:3047} INFO - Sync 1 DAGs
[2024-04-02T02:09:36.154+0000] {logging_mixin.py:188} INFO - [2024-04-02T02:09:36.153+0000] {dag.py:3834} INFO - Setting next_dagrun for example_dag_decorator to None, run_after=None
[2024-04-02T02:09:36.210+0000] {processor.py:183} INFO - Processing /home/airflow/.local/lib/python3.8/site-packages/airflow/example_dags/example_dag_decorator.py took 0.554 seconds
[2024-04-02T02:12:12.093+0000] {processor.py:161} INFO - Started process (PID=58) to work on /home/airflow/.local/lib/python3.8/site-packages/airflow/example_dags/example_dag_decorator.py
[2024-04-02T02:12:12.097+0000] {processor.py:830} INFO - Processing file /home/airflow/.local/lib/python3.8/site-packages/airflow/example_dags/example_dag_decorator.py for tasks to queue
[2024-04-02T02:12:12.103+0000] {logging_mixin.py:188} INFO - [2024-04-02T02:12:12.102+0000] {dagbag.py:540} INFO - Filling up the DagBag from /home/airflow/.local/lib/python3.8/site-packages/airflow/example_dags/example_dag_decorator.py
[2024-04-02T02:12:12.754+0000] {processor.py:840} INFO - DAG(s) 'example_dag_decorator' retrieved from /home/airflow/.local/lib/python3.8/site-packages/airflow/example_dags/example_dag_decorator.py
[2024-04-02T02:12:13.099+0000] {logging_mixin.py:188} INFO - [2024-04-02T02:12:13.098+0000] {override.py:1769} INFO - Created Permission View: can read on DAG:example_dag_decorator
[2024-04-02T02:12:13.124+0000] {logging_mixin.py:188} INFO - [2024-04-02T02:12:13.124+0000] {override.py:1769} INFO - Created Permission View: can delete on DAG:example_dag_decorator
[2024-04-02T02:12:13.140+0000] {logging_mixin.py:188} INFO - [2024-04-02T02:12:13.140+0000] {override.py:1769} INFO - Created Permission View: can edit on DAG:example_dag_decorator
[2024-04-02T02:12:13.142+0000] {logging_mixin.py:188} INFO - [2024-04-02T02:12:13.141+0000] {dag.py:3047} INFO - Sync 1 DAGs
[2024-04-02T02:12:13.168+0000] {logging_mixin.py:188} INFO - [2024-04-02T02:12:13.168+0000] {dag.py:3069} INFO - Creating ORM DAG for example_dag_decorator
[2024-04-02T02:12:13.171+0000] {logging_mixin.py:188} INFO - [2024-04-02T02:12:13.170+0000] {dag.py:3834} INFO - Setting next_dagrun for example_dag_decorator to None, run_after=None
[2024-04-02T02:12:13.209+0000] {processor.py:183} INFO - Processing /home/airflow/.local/lib/python3.8/site-packages/airflow/example_dags/example_dag_decorator.py took 1.131 seconds
[2024-04-02T02:12:43.965+0000] {processor.py:161} INFO - Started process (PID=114) to work on /home/airflow/.local/lib/python3.8/site-packages/airflow/example_dags/example_dag_decorator.py
[2024-04-02T02:12:43.967+0000] {processor.py:830} INFO - Processing file /home/airflow/.local/lib/python3.8/site-packages/airflow/example_dags/example_dag_decorator.py for tasks to queue
[2024-04-02T02:12:43.971+0000] {logging_mixin.py:188} INFO - [2024-04-02T02:12:43.970+0000] {dagbag.py:540} INFO - Filling up the DagBag from /home/airflow/.local/lib/python3.8/site-packages/airflow/example_dags/example_dag_decorator.py
[2024-04-02T02:12:44.179+0000] {processor.py:840} INFO - DAG(s) 'example_dag_decorator' retrieved from /home/airflow/.local/lib/python3.8/site-packages/airflow/example_dags/example_dag_decorator.py
[2024-04-02T02:12:44.204+0000] {logging_mixin.py:188} INFO - [2024-04-02T02:12:44.203+0000] {dag.py:3047} INFO - Sync 1 DAGs
[2024-04-02T02:12:44.233+0000] {logging_mixin.py:188} INFO - [2024-04-02T02:12:44.233+0000] {dag.py:3834} INFO - Setting next_dagrun for example_dag_decorator to None, run_after=None
[2024-04-02T02:12:44.276+0000] {processor.py:183} INFO - Processing /home/airflow/.local/lib/python3.8/site-packages/airflow/example_dags/example_dag_decorator.py took 0.318 seconds
[2024-04-02T02:13:14.855+0000] {processor.py:161} INFO - Started process (PID=170) to work on /home/airflow/.local/lib/python3.8/site-packages/airflow/example_dags/example_dag_decorator.py
[2024-04-02T02:13:14.857+0000] {processor.py:830} INFO - Processing file /home/airflow/.local/lib/python3.8/site-packages/airflow/example_dags/example_dag_decorator.py for tasks to queue
[2024-04-02T02:13:14.860+0000] {logging_mixin.py:188} INFO - [2024-04-02T02:13:14.859+0000] {dagbag.py:540} INFO - Filling up the DagBag from /home/airflow/.local/lib/python3.8/site-packages/airflow/example_dags/example_dag_decorator.py
[2024-04-02T02:13:15.034+0000] {processor.py:840} INFO - DAG(s) 'example_dag_decorator' retrieved from /home/airflow/.local/lib/python3.8/site-packages/airflow/example_dags/example_dag_decorator.py
[2024-04-02T02:13:15.249+0000] {logging_mixin.py:188} INFO - [2024-04-02T02:13:15.249+0000] {dag.py:3047} INFO - Sync 1 DAGs
[2024-04-02T02:13:15.276+0000] {logging_mixin.py:188} INFO - [2024-04-02T02:13:15.275+0000] {dag.py:3834} INFO - Setting next_dagrun for example_dag_decorator to None, run_after=None
[2024-04-02T02:13:15.315+0000] {processor.py:183} INFO - Processing /home/airflow/.local/lib/python3.8/site-packages/airflow/example_dags/example_dag_decorator.py took 0.465 seconds
[2024-04-02T02:13:45.409+0000] {processor.py:161} INFO - Started process (PID=224) to work on /home/airflow/.local/lib/python3.8/site-packages/airflow/example_dags/example_dag_decorator.py
[2024-04-02T02:13:45.411+0000] {processor.py:830} INFO - Processing file /home/airflow/.local/lib/python3.8/site-packages/airflow/example_dags/example_dag_decorator.py for tasks to queue
[2024-04-02T02:13:45.414+0000] {logging_mixin.py:188} INFO - [2024-04-02T02:13:45.413+0000] {dagbag.py:540} INFO - Filling up the DagBag from /home/airflow/.local/lib/python3.8/site-packages/airflow/example_dags/example_dag_decorator.py
[2024-04-02T02:13:45.622+0000] {processor.py:840} INFO - DAG(s) 'example_dag_decorator' retrieved from /home/airflow/.local/lib/python3.8/site-packages/airflow/example_dags/example_dag_decorator.py
[2024-04-02T02:13:45.834+0000] {logging_mixin.py:188} INFO - [2024-04-02T02:13:45.834+0000] {dag.py:3047} INFO - Sync 1 DAGs
[2024-04-02T02:13:45.857+0000] {logging_mixin.py:188} INFO - [2024-04-02T02:13:45.856+0000] {dag.py:3834} INFO - Setting next_dagrun for example_dag_decorator to None, run_after=None
[2024-04-02T02:13:45.901+0000] {processor.py:183} INFO - Processing /home/airflow/.local/lib/python3.8/site-packages/airflow/example_dags/example_dag_decorator.py took 0.498 seconds
