[2024-04-02T02:07:07.846+0000] {processor.py:161} INFO - Started process (PID=87) to work on /home/airflow/.local/lib/python3.8/site-packages/airflow/example_dags/example_branch_datetime_operator.py
[2024-04-02T02:07:07.848+0000] {processor.py:830} INFO - Processing file /home/airflow/.local/lib/python3.8/site-packages/airflow/example_dags/example_branch_datetime_operator.py for tasks to queue
[2024-04-02T02:07:07.851+0000] {logging_mixin.py:188} INFO - [2024-04-02T02:07:07.851+0000] {dagbag.py:540} INFO - Filling up the DagBag from /home/airflow/.local/lib/python3.8/site-packages/airflow/example_dags/example_branch_datetime_operator.py
[2024-04-02T02:07:07.884+0000] {processor.py:840} INFO - DAG(s) 'example_branch_datetime_operator_2', 'example_branch_datetime_operator_3', 'example_branch_datetime_operator' retrieved from /home/airflow/.local/lib/python3.8/site-packages/airflow/example_dags/example_branch_datetime_operator.py
[2024-04-02T02:07:08.177+0000] {logging_mixin.py:188} INFO - [2024-04-02T02:07:08.176+0000] {dag.py:3047} INFO - Sync 3 DAGs
[2024-04-02T02:07:08.229+0000] {logging_mixin.py:188} INFO - [2024-04-02T02:07:08.228+0000] {dag.py:3834} INFO - Setting next_dagrun for example_branch_datetime_operator to 2024-04-01 00:00:00+00:00, run_after=2024-04-02 00:00:00+00:00
[2024-04-02T02:07:08.242+0000] {logging_mixin.py:188} INFO - [2024-04-02T02:07:08.241+0000] {dag.py:3834} INFO - Setting next_dagrun for example_branch_datetime_operator_2 to 2024-04-01 00:00:00+00:00, run_after=2024-04-02 00:00:00+00:00
[2024-04-02T02:07:08.250+0000] {logging_mixin.py:188} INFO - [2024-04-02T02:07:08.249+0000] {dag.py:3834} INFO - Setting next_dagrun for example_branch_datetime_operator_3 to 2024-04-01 00:00:00+00:00, run_after=2024-04-02 00:00:00+00:00
[2024-04-02T02:07:08.293+0000] {processor.py:183} INFO - Processing /home/airflow/.local/lib/python3.8/site-packages/airflow/example_dags/example_branch_datetime_operator.py took 0.453 seconds
[2024-04-02T02:07:38.567+0000] {processor.py:161} INFO - Started process (PID=142) to work on /home/airflow/.local/lib/python3.8/site-packages/airflow/example_dags/example_branch_datetime_operator.py
[2024-04-02T02:07:38.569+0000] {processor.py:830} INFO - Processing file /home/airflow/.local/lib/python3.8/site-packages/airflow/example_dags/example_branch_datetime_operator.py for tasks to queue
[2024-04-02T02:07:38.572+0000] {logging_mixin.py:188} INFO - [2024-04-02T02:07:38.572+0000] {dagbag.py:540} INFO - Filling up the DagBag from /home/airflow/.local/lib/python3.8/site-packages/airflow/example_dags/example_branch_datetime_operator.py
[2024-04-02T02:07:38.593+0000] {processor.py:840} INFO - DAG(s) 'example_branch_datetime_operator_2', 'example_branch_datetime_operator', 'example_branch_datetime_operator_3' retrieved from /home/airflow/.local/lib/python3.8/site-packages/airflow/example_dags/example_branch_datetime_operator.py
[2024-04-02T02:07:38.624+0000] {logging_mixin.py:188} INFO - [2024-04-02T02:07:38.624+0000] {dag.py:3047} INFO - Sync 3 DAGs
[2024-04-02T02:07:38.675+0000] {logging_mixin.py:188} INFO - [2024-04-02T02:07:38.674+0000] {dag.py:3834} INFO - Setting next_dagrun for example_branch_datetime_operator to 2024-04-01 00:00:00+00:00, run_after=2024-04-02 00:00:00+00:00
[2024-04-02T02:07:38.688+0000] {logging_mixin.py:188} INFO - [2024-04-02T02:07:38.688+0000] {dag.py:3834} INFO - Setting next_dagrun for example_branch_datetime_operator_2 to 2024-04-01 00:00:00+00:00, run_after=2024-04-02 00:00:00+00:00
[2024-04-02T02:07:38.697+0000] {logging_mixin.py:188} INFO - [2024-04-02T02:07:38.696+0000] {dag.py:3834} INFO - Setting next_dagrun for example_branch_datetime_operator_3 to 2024-04-01 00:00:00+00:00, run_after=2024-04-02 00:00:00+00:00
[2024-04-02T02:07:38.737+0000] {processor.py:183} INFO - Processing /home/airflow/.local/lib/python3.8/site-packages/airflow/example_dags/example_branch_datetime_operator.py took 0.178 seconds
[2024-04-02T02:08:10.423+0000] {processor.py:161} INFO - Started process (PID=196) to work on /home/airflow/.local/lib/python3.8/site-packages/airflow/example_dags/example_branch_datetime_operator.py
[2024-04-02T02:08:10.425+0000] {processor.py:830} INFO - Processing file /home/airflow/.local/lib/python3.8/site-packages/airflow/example_dags/example_branch_datetime_operator.py for tasks to queue
[2024-04-02T02:08:10.429+0000] {logging_mixin.py:188} INFO - [2024-04-02T02:08:10.428+0000] {dagbag.py:540} INFO - Filling up the DagBag from /home/airflow/.local/lib/python3.8/site-packages/airflow/example_dags/example_branch_datetime_operator.py
[2024-04-02T02:08:10.449+0000] {processor.py:840} INFO - DAG(s) 'example_branch_datetime_operator_2', 'example_branch_datetime_operator_3', 'example_branch_datetime_operator' retrieved from /home/airflow/.local/lib/python3.8/site-packages/airflow/example_dags/example_branch_datetime_operator.py
[2024-04-02T02:08:10.741+0000] {logging_mixin.py:188} INFO - [2024-04-02T02:08:10.740+0000] {dag.py:3047} INFO - Sync 3 DAGs
[2024-04-02T02:08:10.792+0000] {logging_mixin.py:188} INFO - [2024-04-02T02:08:10.792+0000] {dag.py:3834} INFO - Setting next_dagrun for example_branch_datetime_operator to 2024-04-01 00:00:00+00:00, run_after=2024-04-02 00:00:00+00:00
[2024-04-02T02:08:10.807+0000] {logging_mixin.py:188} INFO - [2024-04-02T02:08:10.806+0000] {dag.py:3834} INFO - Setting next_dagrun for example_branch_datetime_operator_2 to 2024-04-01 00:00:00+00:00, run_after=2024-04-02 00:00:00+00:00
[2024-04-02T02:08:10.814+0000] {logging_mixin.py:188} INFO - [2024-04-02T02:08:10.814+0000] {dag.py:3834} INFO - Setting next_dagrun for example_branch_datetime_operator_3 to 2024-04-01 00:00:00+00:00, run_after=2024-04-02 00:00:00+00:00
[2024-04-02T02:08:10.860+0000] {processor.py:183} INFO - Processing /home/airflow/.local/lib/python3.8/site-packages/airflow/example_dags/example_branch_datetime_operator.py took 0.442 seconds
[2024-04-02T02:08:41.146+0000] {processor.py:161} INFO - Started process (PID=251) to work on /home/airflow/.local/lib/python3.8/site-packages/airflow/example_dags/example_branch_datetime_operator.py
[2024-04-02T02:08:41.148+0000] {processor.py:830} INFO - Processing file /home/airflow/.local/lib/python3.8/site-packages/airflow/example_dags/example_branch_datetime_operator.py for tasks to queue
[2024-04-02T02:08:41.154+0000] {logging_mixin.py:188} INFO - [2024-04-02T02:08:41.153+0000] {dagbag.py:540} INFO - Filling up the DagBag from /home/airflow/.local/lib/python3.8/site-packages/airflow/example_dags/example_branch_datetime_operator.py
[2024-04-02T02:08:41.182+0000] {processor.py:840} INFO - DAG(s) 'example_branch_datetime_operator', 'example_branch_datetime_operator_2', 'example_branch_datetime_operator_3' retrieved from /home/airflow/.local/lib/python3.8/site-packages/airflow/example_dags/example_branch_datetime_operator.py
[2024-04-02T02:08:41.244+0000] {logging_mixin.py:188} INFO - [2024-04-02T02:08:41.244+0000] {dag.py:3047} INFO - Sync 3 DAGs
[2024-04-02T02:08:41.291+0000] {logging_mixin.py:188} INFO - [2024-04-02T02:08:41.291+0000] {dag.py:3834} INFO - Setting next_dagrun for example_branch_datetime_operator to 2024-04-01 00:00:00+00:00, run_after=2024-04-02 00:00:00+00:00
[2024-04-02T02:08:41.302+0000] {logging_mixin.py:188} INFO - [2024-04-02T02:08:41.301+0000] {dag.py:3834} INFO - Setting next_dagrun for example_branch_datetime_operator_2 to 2024-04-01 00:00:00+00:00, run_after=2024-04-02 00:00:00+00:00
[2024-04-02T02:08:41.308+0000] {logging_mixin.py:188} INFO - [2024-04-02T02:08:41.308+0000] {dag.py:3834} INFO - Setting next_dagrun for example_branch_datetime_operator_3 to 2024-04-01 00:00:00+00:00, run_after=2024-04-02 00:00:00+00:00
[2024-04-02T02:08:41.347+0000] {processor.py:183} INFO - Processing /home/airflow/.local/lib/python3.8/site-packages/airflow/example_dags/example_branch_datetime_operator.py took 0.209 seconds
[2024-04-02T02:09:11.811+0000] {processor.py:161} INFO - Started process (PID=306) to work on /home/airflow/.local/lib/python3.8/site-packages/airflow/example_dags/example_branch_datetime_operator.py
[2024-04-02T02:09:11.813+0000] {processor.py:830} INFO - Processing file /home/airflow/.local/lib/python3.8/site-packages/airflow/example_dags/example_branch_datetime_operator.py for tasks to queue
[2024-04-02T02:09:11.819+0000] {logging_mixin.py:188} INFO - [2024-04-02T02:09:11.818+0000] {dagbag.py:540} INFO - Filling up the DagBag from /home/airflow/.local/lib/python3.8/site-packages/airflow/example_dags/example_branch_datetime_operator.py
[2024-04-02T02:09:11.842+0000] {processor.py:840} INFO - DAG(s) 'example_branch_datetime_operator_3', 'example_branch_datetime_operator', 'example_branch_datetime_operator_2' retrieved from /home/airflow/.local/lib/python3.8/site-packages/airflow/example_dags/example_branch_datetime_operator.py
[2024-04-02T02:09:11.908+0000] {logging_mixin.py:188} INFO - [2024-04-02T02:09:11.907+0000] {dag.py:3047} INFO - Sync 3 DAGs
[2024-04-02T02:09:11.965+0000] {logging_mixin.py:188} INFO - [2024-04-02T02:09:11.964+0000] {dag.py:3834} INFO - Setting next_dagrun for example_branch_datetime_operator to 2024-04-01 00:00:00+00:00, run_after=2024-04-02 00:00:00+00:00
[2024-04-02T02:09:11.983+0000] {logging_mixin.py:188} INFO - [2024-04-02T02:09:11.982+0000] {dag.py:3834} INFO - Setting next_dagrun for example_branch_datetime_operator_2 to 2024-04-01 00:00:00+00:00, run_after=2024-04-02 00:00:00+00:00
[2024-04-02T02:09:11.991+0000] {logging_mixin.py:188} INFO - [2024-04-02T02:09:11.991+0000] {dag.py:3834} INFO - Setting next_dagrun for example_branch_datetime_operator_3 to 2024-04-01 00:00:00+00:00, run_after=2024-04-02 00:00:00+00:00
[2024-04-02T02:09:12.037+0000] {processor.py:183} INFO - Processing /home/airflow/.local/lib/python3.8/site-packages/airflow/example_dags/example_branch_datetime_operator.py took 0.231 seconds
[2024-04-02T02:09:42.291+0000] {processor.py:161} INFO - Started process (PID=362) to work on /home/airflow/.local/lib/python3.8/site-packages/airflow/example_dags/example_branch_datetime_operator.py
[2024-04-02T02:09:42.293+0000] {processor.py:830} INFO - Processing file /home/airflow/.local/lib/python3.8/site-packages/airflow/example_dags/example_branch_datetime_operator.py for tasks to queue
[2024-04-02T02:09:42.296+0000] {logging_mixin.py:188} INFO - [2024-04-02T02:09:42.296+0000] {dagbag.py:540} INFO - Filling up the DagBag from /home/airflow/.local/lib/python3.8/site-packages/airflow/example_dags/example_branch_datetime_operator.py
[2024-04-02T02:09:42.317+0000] {processor.py:840} INFO - DAG(s) 'example_branch_datetime_operator_3', 'example_branch_datetime_operator_2', 'example_branch_datetime_operator' retrieved from /home/airflow/.local/lib/python3.8/site-packages/airflow/example_dags/example_branch_datetime_operator.py
[2024-04-02T02:09:42.379+0000] {logging_mixin.py:188} INFO - [2024-04-02T02:09:42.378+0000] {dag.py:3047} INFO - Sync 3 DAGs
[2024-04-02T02:09:42.430+0000] {logging_mixin.py:188} INFO - [2024-04-02T02:09:42.429+0000] {dag.py:3834} INFO - Setting next_dagrun for example_branch_datetime_operator to 2024-04-01 00:00:00+00:00, run_after=2024-04-02 00:00:00+00:00
[2024-04-02T02:09:42.441+0000] {logging_mixin.py:188} INFO - [2024-04-02T02:09:42.440+0000] {dag.py:3834} INFO - Setting next_dagrun for example_branch_datetime_operator_2 to 2024-04-01 00:00:00+00:00, run_after=2024-04-02 00:00:00+00:00
[2024-04-02T02:09:42.447+0000] {logging_mixin.py:188} INFO - [2024-04-02T02:09:42.446+0000] {dag.py:3834} INFO - Setting next_dagrun for example_branch_datetime_operator_3 to 2024-04-01 00:00:00+00:00, run_after=2024-04-02 00:00:00+00:00
[2024-04-02T02:09:42.493+0000] {processor.py:183} INFO - Processing /home/airflow/.local/lib/python3.8/site-packages/airflow/example_dags/example_branch_datetime_operator.py took 0.206 seconds
[2024-04-02T02:12:18.244+0000] {processor.py:161} INFO - Started process (PID=80) to work on /home/airflow/.local/lib/python3.8/site-packages/airflow/example_dags/example_branch_datetime_operator.py
[2024-04-02T02:12:18.246+0000] {processor.py:830} INFO - Processing file /home/airflow/.local/lib/python3.8/site-packages/airflow/example_dags/example_branch_datetime_operator.py for tasks to queue
[2024-04-02T02:12:18.250+0000] {logging_mixin.py:188} INFO - [2024-04-02T02:12:18.249+0000] {dagbag.py:540} INFO - Filling up the DagBag from /home/airflow/.local/lib/python3.8/site-packages/airflow/example_dags/example_branch_datetime_operator.py
[2024-04-02T02:12:18.278+0000] {processor.py:840} INFO - DAG(s) 'example_branch_datetime_operator_2', 'example_branch_datetime_operator_3', 'example_branch_datetime_operator' retrieved from /home/airflow/.local/lib/python3.8/site-packages/airflow/example_dags/example_branch_datetime_operator.py
[2024-04-02T02:12:18.527+0000] {logging_mixin.py:188} INFO - [2024-04-02T02:12:18.525+0000] {override.py:1769} INFO - Created Permission View: can read on DAG:example_branch_datetime_operator_2
[2024-04-02T02:12:18.549+0000] {logging_mixin.py:188} INFO - [2024-04-02T02:12:18.549+0000] {override.py:1769} INFO - Created Permission View: can delete on DAG:example_branch_datetime_operator_2
[2024-04-02T02:12:18.567+0000] {logging_mixin.py:188} INFO - [2024-04-02T02:12:18.566+0000] {override.py:1769} INFO - Created Permission View: can edit on DAG:example_branch_datetime_operator_2
[2024-04-02T02:12:18.604+0000] {logging_mixin.py:188} INFO - [2024-04-02T02:12:18.603+0000] {override.py:1769} INFO - Created Permission View: can read on DAG:example_branch_datetime_operator_3
[2024-04-02T02:12:18.624+0000] {logging_mixin.py:188} INFO - [2024-04-02T02:12:18.623+0000] {override.py:1769} INFO - Created Permission View: can delete on DAG:example_branch_datetime_operator_3
[2024-04-02T02:12:18.642+0000] {logging_mixin.py:188} INFO - [2024-04-02T02:12:18.641+0000] {override.py:1769} INFO - Created Permission View: can edit on DAG:example_branch_datetime_operator_3
[2024-04-02T02:12:18.678+0000] {logging_mixin.py:188} INFO - [2024-04-02T02:12:18.677+0000] {override.py:1769} INFO - Created Permission View: can read on DAG:example_branch_datetime_operator
[2024-04-02T02:12:18.696+0000] {logging_mixin.py:188} INFO - [2024-04-02T02:12:18.695+0000] {override.py:1769} INFO - Created Permission View: can delete on DAG:example_branch_datetime_operator
[2024-04-02T02:12:18.713+0000] {logging_mixin.py:188} INFO - [2024-04-02T02:12:18.712+0000] {override.py:1769} INFO - Created Permission View: can edit on DAG:example_branch_datetime_operator
[2024-04-02T02:12:18.714+0000] {logging_mixin.py:188} INFO - [2024-04-02T02:12:18.714+0000] {dag.py:3047} INFO - Sync 3 DAGs
[2024-04-02T02:12:18.744+0000] {logging_mixin.py:188} INFO - [2024-04-02T02:12:18.743+0000] {dag.py:3069} INFO - Creating ORM DAG for example_branch_datetime_operator_3
[2024-04-02T02:12:18.746+0000] {logging_mixin.py:188} INFO - [2024-04-02T02:12:18.745+0000] {dag.py:3069} INFO - Creating ORM DAG for example_branch_datetime_operator
[2024-04-02T02:12:18.748+0000] {logging_mixin.py:188} INFO - [2024-04-02T02:12:18.747+0000] {dag.py:3069} INFO - Creating ORM DAG for example_branch_datetime_operator_2
[2024-04-02T02:12:18.782+0000] {logging_mixin.py:188} INFO - [2024-04-02T02:12:18.781+0000] {dag.py:3834} INFO - Setting next_dagrun for example_branch_datetime_operator to 2024-04-01 00:00:00+00:00, run_after=2024-04-02 00:00:00+00:00
[2024-04-02T02:12:18.790+0000] {logging_mixin.py:188} INFO - [2024-04-02T02:12:18.790+0000] {dag.py:3834} INFO - Setting next_dagrun for example_branch_datetime_operator_2 to 2024-04-01 00:00:00+00:00, run_after=2024-04-02 00:00:00+00:00
[2024-04-02T02:12:18.801+0000] {logging_mixin.py:188} INFO - [2024-04-02T02:12:18.799+0000] {dag.py:3834} INFO - Setting next_dagrun for example_branch_datetime_operator_3 to 2024-04-01 00:00:00+00:00, run_after=2024-04-02 00:00:00+00:00
[2024-04-02T02:12:18.854+0000] {processor.py:183} INFO - Processing /home/airflow/.local/lib/python3.8/site-packages/airflow/example_dags/example_branch_datetime_operator.py took 0.616 seconds
[2024-04-02T02:12:49.151+0000] {processor.py:161} INFO - Started process (PID=135) to work on /home/airflow/.local/lib/python3.8/site-packages/airflow/example_dags/example_branch_datetime_operator.py
[2024-04-02T02:12:49.153+0000] {processor.py:830} INFO - Processing file /home/airflow/.local/lib/python3.8/site-packages/airflow/example_dags/example_branch_datetime_operator.py for tasks to queue
[2024-04-02T02:12:49.157+0000] {logging_mixin.py:188} INFO - [2024-04-02T02:12:49.157+0000] {dagbag.py:540} INFO - Filling up the DagBag from /home/airflow/.local/lib/python3.8/site-packages/airflow/example_dags/example_branch_datetime_operator.py
[2024-04-02T02:12:49.178+0000] {processor.py:840} INFO - DAG(s) 'example_branch_datetime_operator', 'example_branch_datetime_operator_3', 'example_branch_datetime_operator_2' retrieved from /home/airflow/.local/lib/python3.8/site-packages/airflow/example_dags/example_branch_datetime_operator.py
[2024-04-02T02:12:49.211+0000] {logging_mixin.py:188} INFO - [2024-04-02T02:12:49.210+0000] {dag.py:3047} INFO - Sync 3 DAGs
[2024-04-02T02:12:49.265+0000] {logging_mixin.py:188} INFO - [2024-04-02T02:12:49.264+0000] {dag.py:3834} INFO - Setting next_dagrun for example_branch_datetime_operator to 2024-04-01 00:00:00+00:00, run_after=2024-04-02 00:00:00+00:00
[2024-04-02T02:12:49.274+0000] {logging_mixin.py:188} INFO - [2024-04-02T02:12:49.274+0000] {dag.py:3834} INFO - Setting next_dagrun for example_branch_datetime_operator_2 to 2024-04-01 00:00:00+00:00, run_after=2024-04-02 00:00:00+00:00
[2024-04-02T02:12:49.284+0000] {logging_mixin.py:188} INFO - [2024-04-02T02:12:49.284+0000] {dag.py:3834} INFO - Setting next_dagrun for example_branch_datetime_operator_3 to 2024-04-01 00:00:00+00:00, run_after=2024-04-02 00:00:00+00:00
[2024-04-02T02:12:49.327+0000] {processor.py:183} INFO - Processing /home/airflow/.local/lib/python3.8/site-packages/airflow/example_dags/example_branch_datetime_operator.py took 0.182 seconds
[2024-04-02T02:13:19.635+0000] {processor.py:161} INFO - Started process (PID=190) to work on /home/airflow/.local/lib/python3.8/site-packages/airflow/example_dags/example_branch_datetime_operator.py
[2024-04-02T02:13:19.637+0000] {processor.py:830} INFO - Processing file /home/airflow/.local/lib/python3.8/site-packages/airflow/example_dags/example_branch_datetime_operator.py for tasks to queue
[2024-04-02T02:13:19.640+0000] {logging_mixin.py:188} INFO - [2024-04-02T02:13:19.639+0000] {dagbag.py:540} INFO - Filling up the DagBag from /home/airflow/.local/lib/python3.8/site-packages/airflow/example_dags/example_branch_datetime_operator.py
[2024-04-02T02:13:19.657+0000] {processor.py:840} INFO - DAG(s) 'example_branch_datetime_operator_2', 'example_branch_datetime_operator_3', 'example_branch_datetime_operator' retrieved from /home/airflow/.local/lib/python3.8/site-packages/airflow/example_dags/example_branch_datetime_operator.py
[2024-04-02T02:13:19.914+0000] {logging_mixin.py:188} INFO - [2024-04-02T02:13:19.914+0000] {dag.py:3047} INFO - Sync 3 DAGs
[2024-04-02T02:13:19.963+0000] {logging_mixin.py:188} INFO - [2024-04-02T02:13:19.963+0000] {dag.py:3834} INFO - Setting next_dagrun for example_branch_datetime_operator to 2024-04-01 00:00:00+00:00, run_after=2024-04-02 00:00:00+00:00
[2024-04-02T02:13:19.973+0000] {logging_mixin.py:188} INFO - [2024-04-02T02:13:19.972+0000] {dag.py:3834} INFO - Setting next_dagrun for example_branch_datetime_operator_2 to 2024-04-01 00:00:00+00:00, run_after=2024-04-02 00:00:00+00:00
[2024-04-02T02:13:19.981+0000] {logging_mixin.py:188} INFO - [2024-04-02T02:13:19.980+0000] {dag.py:3834} INFO - Setting next_dagrun for example_branch_datetime_operator_3 to 2024-04-01 00:00:00+00:00, run_after=2024-04-02 00:00:00+00:00
[2024-04-02T02:13:20.021+0000] {processor.py:183} INFO - Processing /home/airflow/.local/lib/python3.8/site-packages/airflow/example_dags/example_branch_datetime_operator.py took 0.390 seconds
[2024-04-02T02:13:50.376+0000] {processor.py:161} INFO - Started process (PID=245) to work on /home/airflow/.local/lib/python3.8/site-packages/airflow/example_dags/example_branch_datetime_operator.py
[2024-04-02T02:13:50.378+0000] {processor.py:830} INFO - Processing file /home/airflow/.local/lib/python3.8/site-packages/airflow/example_dags/example_branch_datetime_operator.py for tasks to queue
[2024-04-02T02:13:50.381+0000] {logging_mixin.py:188} INFO - [2024-04-02T02:13:50.380+0000] {dagbag.py:540} INFO - Filling up the DagBag from /home/airflow/.local/lib/python3.8/site-packages/airflow/example_dags/example_branch_datetime_operator.py
[2024-04-02T02:13:50.402+0000] {processor.py:840} INFO - DAG(s) 'example_branch_datetime_operator_3', 'example_branch_datetime_operator_2', 'example_branch_datetime_operator' retrieved from /home/airflow/.local/lib/python3.8/site-packages/airflow/example_dags/example_branch_datetime_operator.py
[2024-04-02T02:13:50.458+0000] {logging_mixin.py:188} INFO - [2024-04-02T02:13:50.458+0000] {dag.py:3047} INFO - Sync 3 DAGs
[2024-04-02T02:13:50.498+0000] {logging_mixin.py:188} INFO - [2024-04-02T02:13:50.498+0000] {dag.py:3834} INFO - Setting next_dagrun for example_branch_datetime_operator to 2024-04-01 00:00:00+00:00, run_after=2024-04-02 00:00:00+00:00
[2024-04-02T02:13:50.511+0000] {logging_mixin.py:188} INFO - [2024-04-02T02:13:50.510+0000] {dag.py:3834} INFO - Setting next_dagrun for example_branch_datetime_operator_2 to 2024-04-01 00:00:00+00:00, run_after=2024-04-02 00:00:00+00:00
[2024-04-02T02:13:50.518+0000] {logging_mixin.py:188} INFO - [2024-04-02T02:13:50.518+0000] {dag.py:3834} INFO - Setting next_dagrun for example_branch_datetime_operator_3 to 2024-04-01 00:00:00+00:00, run_after=2024-04-02 00:00:00+00:00
[2024-04-02T02:13:50.559+0000] {processor.py:183} INFO - Processing /home/airflow/.local/lib/python3.8/site-packages/airflow/example_dags/example_branch_datetime_operator.py took 0.188 seconds
