[2024-04-02T02:07:02.720+0000] {processor.py:161} INFO - Started process (PID=69) to work on /home/airflow/.local/lib/python3.8/site-packages/airflow/example_dags/example_skip_dag.py
[2024-04-02T02:07:02.723+0000] {processor.py:830} INFO - Processing file /home/airflow/.local/lib/python3.8/site-packages/airflow/example_dags/example_skip_dag.py for tasks to queue
[2024-04-02T02:07:02.729+0000] {logging_mixin.py:188} INFO - [2024-04-02T02:07:02.729+0000] {dagbag.py:540} INFO - Filling up the DagBag from /home/airflow/.local/lib/python3.8/site-packages/airflow/example_dags/example_skip_dag.py
[2024-04-02T02:07:02.766+0000] {processor.py:840} INFO - DAG(s) 'example_skip_dag' retrieved from /home/airflow/.local/lib/python3.8/site-packages/airflow/example_dags/example_skip_dag.py
[2024-04-02T02:07:03.220+0000] {logging_mixin.py:188} INFO - [2024-04-02T02:07:03.219+0000] {dag.py:3047} INFO - Sync 1 DAGs
[2024-04-02T02:07:03.326+0000] {logging_mixin.py:188} INFO - [2024-04-02T02:07:03.326+0000] {dag.py:3834} INFO - Setting next_dagrun for example_skip_dag to 2024-04-01 00:00:00+00:00, run_after=2024-04-02 00:00:00+00:00
[2024-04-02T02:07:03.371+0000] {processor.py:183} INFO - Processing /home/airflow/.local/lib/python3.8/site-packages/airflow/example_dags/example_skip_dag.py took 0.670 seconds
[2024-04-02T02:07:33.767+0000] {processor.py:161} INFO - Started process (PID=124) to work on /home/airflow/.local/lib/python3.8/site-packages/airflow/example_dags/example_skip_dag.py
[2024-04-02T02:07:33.769+0000] {processor.py:830} INFO - Processing file /home/airflow/.local/lib/python3.8/site-packages/airflow/example_dags/example_skip_dag.py for tasks to queue
[2024-04-02T02:07:33.772+0000] {logging_mixin.py:188} INFO - [2024-04-02T02:07:33.771+0000] {dagbag.py:540} INFO - Filling up the DagBag from /home/airflow/.local/lib/python3.8/site-packages/airflow/example_dags/example_skip_dag.py
[2024-04-02T02:07:33.783+0000] {processor.py:840} INFO - DAG(s) 'example_skip_dag' retrieved from /home/airflow/.local/lib/python3.8/site-packages/airflow/example_dags/example_skip_dag.py
[2024-04-02T02:07:33.808+0000] {logging_mixin.py:188} INFO - [2024-04-02T02:07:33.808+0000] {dag.py:3047} INFO - Sync 1 DAGs
[2024-04-02T02:07:33.877+0000] {logging_mixin.py:188} INFO - [2024-04-02T02:07:33.876+0000] {dag.py:3834} INFO - Setting next_dagrun for example_skip_dag to 2024-04-01 00:00:00+00:00, run_after=2024-04-02 00:00:00+00:00
[2024-04-02T02:07:33.937+0000] {processor.py:183} INFO - Processing /home/airflow/.local/lib/python3.8/site-packages/airflow/example_dags/example_skip_dag.py took 0.178 seconds
[2024-04-02T02:08:04.283+0000] {processor.py:161} INFO - Started process (PID=178) to work on /home/airflow/.local/lib/python3.8/site-packages/airflow/example_dags/example_skip_dag.py
[2024-04-02T02:08:04.285+0000] {processor.py:830} INFO - Processing file /home/airflow/.local/lib/python3.8/site-packages/airflow/example_dags/example_skip_dag.py for tasks to queue
[2024-04-02T02:08:04.288+0000] {logging_mixin.py:188} INFO - [2024-04-02T02:08:04.287+0000] {dagbag.py:540} INFO - Filling up the DagBag from /home/airflow/.local/lib/python3.8/site-packages/airflow/example_dags/example_skip_dag.py
[2024-04-02T02:08:04.301+0000] {processor.py:840} INFO - DAG(s) 'example_skip_dag' retrieved from /home/airflow/.local/lib/python3.8/site-packages/airflow/example_dags/example_skip_dag.py
[2024-04-02T02:08:04.520+0000] {logging_mixin.py:188} INFO - [2024-04-02T02:08:04.519+0000] {dag.py:3047} INFO - Sync 1 DAGs
[2024-04-02T02:08:04.561+0000] {logging_mixin.py:188} INFO - [2024-04-02T02:08:04.561+0000] {dag.py:3834} INFO - Setting next_dagrun for example_skip_dag to 2024-04-01 00:00:00+00:00, run_after=2024-04-02 00:00:00+00:00
[2024-04-02T02:08:04.614+0000] {processor.py:183} INFO - Processing /home/airflow/.local/lib/python3.8/site-packages/airflow/example_dags/example_skip_dag.py took 0.338 seconds
[2024-04-02T02:08:34.724+0000] {processor.py:161} INFO - Started process (PID=233) to work on /home/airflow/.local/lib/python3.8/site-packages/airflow/example_dags/example_skip_dag.py
[2024-04-02T02:08:34.726+0000] {processor.py:830} INFO - Processing file /home/airflow/.local/lib/python3.8/site-packages/airflow/example_dags/example_skip_dag.py for tasks to queue
[2024-04-02T02:08:34.731+0000] {logging_mixin.py:188} INFO - [2024-04-02T02:08:34.729+0000] {dagbag.py:540} INFO - Filling up the DagBag from /home/airflow/.local/lib/python3.8/site-packages/airflow/example_dags/example_skip_dag.py
[2024-04-02T02:08:34.742+0000] {processor.py:840} INFO - DAG(s) 'example_skip_dag' retrieved from /home/airflow/.local/lib/python3.8/site-packages/airflow/example_dags/example_skip_dag.py
[2024-04-02T02:08:34.784+0000] {logging_mixin.py:188} INFO - [2024-04-02T02:08:34.784+0000] {dag.py:3047} INFO - Sync 1 DAGs
[2024-04-02T02:08:34.826+0000] {logging_mixin.py:188} INFO - [2024-04-02T02:08:34.826+0000] {dag.py:3834} INFO - Setting next_dagrun for example_skip_dag to 2024-04-01 00:00:00+00:00, run_after=2024-04-02 00:00:00+00:00
[2024-04-02T02:08:34.869+0000] {processor.py:183} INFO - Processing /home/airflow/.local/lib/python3.8/site-packages/airflow/example_dags/example_skip_dag.py took 0.150 seconds
[2024-04-02T02:09:05.640+0000] {processor.py:161} INFO - Started process (PID=288) to work on /home/airflow/.local/lib/python3.8/site-packages/airflow/example_dags/example_skip_dag.py
[2024-04-02T02:09:05.643+0000] {processor.py:830} INFO - Processing file /home/airflow/.local/lib/python3.8/site-packages/airflow/example_dags/example_skip_dag.py for tasks to queue
[2024-04-02T02:09:05.649+0000] {logging_mixin.py:188} INFO - [2024-04-02T02:09:05.646+0000] {dagbag.py:540} INFO - Filling up the DagBag from /home/airflow/.local/lib/python3.8/site-packages/airflow/example_dags/example_skip_dag.py
[2024-04-02T02:09:05.665+0000] {processor.py:840} INFO - DAG(s) 'example_skip_dag' retrieved from /home/airflow/.local/lib/python3.8/site-packages/airflow/example_dags/example_skip_dag.py
[2024-04-02T02:09:05.709+0000] {logging_mixin.py:188} INFO - [2024-04-02T02:09:05.708+0000] {dag.py:3047} INFO - Sync 1 DAGs
[2024-04-02T02:09:05.750+0000] {logging_mixin.py:188} INFO - [2024-04-02T02:09:05.750+0000] {dag.py:3834} INFO - Setting next_dagrun for example_skip_dag to 2024-04-01 00:00:00+00:00, run_after=2024-04-02 00:00:00+00:00
[2024-04-02T02:09:05.791+0000] {processor.py:183} INFO - Processing /home/airflow/.local/lib/python3.8/site-packages/airflow/example_dags/example_skip_dag.py took 0.168 seconds
[2024-04-02T02:09:36.273+0000] {processor.py:161} INFO - Started process (PID=344) to work on /home/airflow/.local/lib/python3.8/site-packages/airflow/example_dags/example_skip_dag.py
[2024-04-02T02:09:36.275+0000] {processor.py:830} INFO - Processing file /home/airflow/.local/lib/python3.8/site-packages/airflow/example_dags/example_skip_dag.py for tasks to queue
[2024-04-02T02:09:36.278+0000] {logging_mixin.py:188} INFO - [2024-04-02T02:09:36.278+0000] {dagbag.py:540} INFO - Filling up the DagBag from /home/airflow/.local/lib/python3.8/site-packages/airflow/example_dags/example_skip_dag.py
[2024-04-02T02:09:36.292+0000] {processor.py:840} INFO - DAG(s) 'example_skip_dag' retrieved from /home/airflow/.local/lib/python3.8/site-packages/airflow/example_dags/example_skip_dag.py
[2024-04-02T02:09:36.342+0000] {logging_mixin.py:188} INFO - [2024-04-02T02:09:36.341+0000] {dag.py:3047} INFO - Sync 1 DAGs
[2024-04-02T02:09:36.391+0000] {logging_mixin.py:188} INFO - [2024-04-02T02:09:36.391+0000] {dag.py:3834} INFO - Setting next_dagrun for example_skip_dag to 2024-04-01 00:00:00+00:00, run_after=2024-04-02 00:00:00+00:00
[2024-04-02T02:09:36.439+0000] {processor.py:183} INFO - Processing /home/airflow/.local/lib/python3.8/site-packages/airflow/example_dags/example_skip_dag.py took 0.173 seconds
[2024-04-02T02:12:13.779+0000] {processor.py:161} INFO - Started process (PID=62) to work on /home/airflow/.local/lib/python3.8/site-packages/airflow/example_dags/example_skip_dag.py
[2024-04-02T02:12:13.782+0000] {processor.py:830} INFO - Processing file /home/airflow/.local/lib/python3.8/site-packages/airflow/example_dags/example_skip_dag.py for tasks to queue
[2024-04-02T02:12:13.787+0000] {logging_mixin.py:188} INFO - [2024-04-02T02:12:13.786+0000] {dagbag.py:540} INFO - Filling up the DagBag from /home/airflow/.local/lib/python3.8/site-packages/airflow/example_dags/example_skip_dag.py
[2024-04-02T02:12:13.815+0000] {processor.py:840} INFO - DAG(s) 'example_skip_dag' retrieved from /home/airflow/.local/lib/python3.8/site-packages/airflow/example_dags/example_skip_dag.py
[2024-04-02T02:12:14.132+0000] {logging_mixin.py:188} INFO - [2024-04-02T02:12:14.130+0000] {override.py:1769} INFO - Created Permission View: can read on DAG:example_skip_dag
[2024-04-02T02:12:14.159+0000] {logging_mixin.py:188} INFO - [2024-04-02T02:12:14.158+0000] {override.py:1769} INFO - Created Permission View: can delete on DAG:example_skip_dag
[2024-04-02T02:12:14.176+0000] {logging_mixin.py:188} INFO - [2024-04-02T02:12:14.175+0000] {override.py:1769} INFO - Created Permission View: can edit on DAG:example_skip_dag
[2024-04-02T02:12:14.178+0000] {logging_mixin.py:188} INFO - [2024-04-02T02:12:14.177+0000] {dag.py:3047} INFO - Sync 1 DAGs
[2024-04-02T02:12:14.203+0000] {logging_mixin.py:188} INFO - [2024-04-02T02:12:14.202+0000] {dag.py:3069} INFO - Creating ORM DAG for example_skip_dag
[2024-04-02T02:12:14.228+0000] {logging_mixin.py:188} INFO - [2024-04-02T02:12:14.228+0000] {dag.py:3834} INFO - Setting next_dagrun for example_skip_dag to 2024-04-01 00:00:00+00:00, run_after=2024-04-02 00:00:00+00:00
[2024-04-02T02:12:14.269+0000] {processor.py:183} INFO - Processing /home/airflow/.local/lib/python3.8/site-packages/airflow/example_dags/example_skip_dag.py took 0.496 seconds
[2024-04-02T02:12:44.336+0000] {processor.py:161} INFO - Started process (PID=117) to work on /home/airflow/.local/lib/python3.8/site-packages/airflow/example_dags/example_skip_dag.py
[2024-04-02T02:12:44.338+0000] {processor.py:830} INFO - Processing file /home/airflow/.local/lib/python3.8/site-packages/airflow/example_dags/example_skip_dag.py for tasks to queue
[2024-04-02T02:12:44.342+0000] {logging_mixin.py:188} INFO - [2024-04-02T02:12:44.341+0000] {dagbag.py:540} INFO - Filling up the DagBag from /home/airflow/.local/lib/python3.8/site-packages/airflow/example_dags/example_skip_dag.py
[2024-04-02T02:12:44.354+0000] {processor.py:840} INFO - DAG(s) 'example_skip_dag' retrieved from /home/airflow/.local/lib/python3.8/site-packages/airflow/example_dags/example_skip_dag.py
[2024-04-02T02:12:44.379+0000] {logging_mixin.py:188} INFO - [2024-04-02T02:12:44.379+0000] {dag.py:3047} INFO - Sync 1 DAGs
[2024-04-02T02:12:44.431+0000] {logging_mixin.py:188} INFO - [2024-04-02T02:12:44.430+0000] {dag.py:3834} INFO - Setting next_dagrun for example_skip_dag to 2024-04-01 00:00:00+00:00, run_after=2024-04-02 00:00:00+00:00
[2024-04-02T02:12:44.470+0000] {processor.py:183} INFO - Processing /home/airflow/.local/lib/python3.8/site-packages/airflow/example_dags/example_skip_dag.py took 0.139 seconds
[2024-04-02T02:13:15.208+0000] {processor.py:161} INFO - Started process (PID=172) to work on /home/airflow/.local/lib/python3.8/site-packages/airflow/example_dags/example_skip_dag.py
[2024-04-02T02:13:15.210+0000] {processor.py:830} INFO - Processing file /home/airflow/.local/lib/python3.8/site-packages/airflow/example_dags/example_skip_dag.py for tasks to queue
[2024-04-02T02:13:15.213+0000] {logging_mixin.py:188} INFO - [2024-04-02T02:13:15.213+0000] {dagbag.py:540} INFO - Filling up the DagBag from /home/airflow/.local/lib/python3.8/site-packages/airflow/example_dags/example_skip_dag.py
[2024-04-02T02:13:15.226+0000] {processor.py:840} INFO - DAG(s) 'example_skip_dag' retrieved from /home/airflow/.local/lib/python3.8/site-packages/airflow/example_dags/example_skip_dag.py
[2024-04-02T02:13:15.452+0000] {logging_mixin.py:188} INFO - [2024-04-02T02:13:15.451+0000] {dag.py:3047} INFO - Sync 1 DAGs
[2024-04-02T02:13:15.487+0000] {logging_mixin.py:188} INFO - [2024-04-02T02:13:15.486+0000] {dag.py:3834} INFO - Setting next_dagrun for example_skip_dag to 2024-04-01 00:00:00+00:00, run_after=2024-04-02 00:00:00+00:00
[2024-04-02T02:13:15.524+0000] {processor.py:183} INFO - Processing /home/airflow/.local/lib/python3.8/site-packages/airflow/example_dags/example_skip_dag.py took 0.322 seconds
[2024-04-02T02:13:45.916+0000] {processor.py:161} INFO - Started process (PID=227) to work on /home/airflow/.local/lib/python3.8/site-packages/airflow/example_dags/example_skip_dag.py
[2024-04-02T02:13:45.919+0000] {processor.py:830} INFO - Processing file /home/airflow/.local/lib/python3.8/site-packages/airflow/example_dags/example_skip_dag.py for tasks to queue
[2024-04-02T02:13:45.923+0000] {logging_mixin.py:188} INFO - [2024-04-02T02:13:45.922+0000] {dagbag.py:540} INFO - Filling up the DagBag from /home/airflow/.local/lib/python3.8/site-packages/airflow/example_dags/example_skip_dag.py
[2024-04-02T02:13:45.936+0000] {processor.py:840} INFO - DAG(s) 'example_skip_dag' retrieved from /home/airflow/.local/lib/python3.8/site-packages/airflow/example_dags/example_skip_dag.py
[2024-04-02T02:13:45.984+0000] {logging_mixin.py:188} INFO - [2024-04-02T02:13:45.984+0000] {dag.py:3047} INFO - Sync 1 DAGs
[2024-04-02T02:13:46.025+0000] {logging_mixin.py:188} INFO - [2024-04-02T02:13:46.025+0000] {dag.py:3834} INFO - Setting next_dagrun for example_skip_dag to 2024-04-01 00:00:00+00:00, run_after=2024-04-02 00:00:00+00:00
[2024-04-02T02:13:46.064+0000] {processor.py:183} INFO - Processing /home/airflow/.local/lib/python3.8/site-packages/airflow/example_dags/example_skip_dag.py took 0.154 seconds
