[2024-04-02T02:07:10.665+0000] {processor.py:161} INFO - Started process (PID=97) to work on /home/airflow/.local/lib/python3.8/site-packages/airflow/example_dags/example_external_task_marker_dag.py
[2024-04-02T02:07:10.667+0000] {processor.py:830} INFO - Processing file /home/airflow/.local/lib/python3.8/site-packages/airflow/example_dags/example_external_task_marker_dag.py for tasks to queue
[2024-04-02T02:07:10.670+0000] {logging_mixin.py:188} INFO - [2024-04-02T02:07:10.670+0000] {dagbag.py:540} INFO - Filling up the DagBag from /home/airflow/.local/lib/python3.8/site-packages/airflow/example_dags/example_external_task_marker_dag.py
[2024-04-02T02:07:10.682+0000] {processor.py:840} INFO - DAG(s) 'example_external_task_marker_child', 'example_external_task_marker_parent' retrieved from /home/airflow/.local/lib/python3.8/site-packages/airflow/example_dags/example_external_task_marker_dag.py
[2024-04-02T02:07:10.951+0000] {logging_mixin.py:188} INFO - [2024-04-02T02:07:10.950+0000] {dag.py:3047} INFO - Sync 2 DAGs
[2024-04-02T02:07:10.977+0000] {logging_mixin.py:188} INFO - [2024-04-02T02:07:10.977+0000] {dag.py:3834} INFO - Setting next_dagrun for example_external_task_marker_child to None, run_after=None
[2024-04-02T02:07:10.985+0000] {logging_mixin.py:188} INFO - [2024-04-02T02:07:10.985+0000] {dag.py:3834} INFO - Setting next_dagrun for example_external_task_marker_parent to None, run_after=None
[2024-04-02T02:07:11.032+0000] {processor.py:183} INFO - Processing /home/airflow/.local/lib/python3.8/site-packages/airflow/example_dags/example_external_task_marker_dag.py took 0.373 seconds
[2024-04-02T02:07:41.232+0000] {processor.py:161} INFO - Started process (PID=152) to work on /home/airflow/.local/lib/python3.8/site-packages/airflow/example_dags/example_external_task_marker_dag.py
[2024-04-02T02:07:41.235+0000] {processor.py:830} INFO - Processing file /home/airflow/.local/lib/python3.8/site-packages/airflow/example_dags/example_external_task_marker_dag.py for tasks to queue
[2024-04-02T02:07:41.238+0000] {logging_mixin.py:188} INFO - [2024-04-02T02:07:41.237+0000] {dagbag.py:540} INFO - Filling up the DagBag from /home/airflow/.local/lib/python3.8/site-packages/airflow/example_dags/example_external_task_marker_dag.py
[2024-04-02T02:07:41.251+0000] {processor.py:840} INFO - DAG(s) 'example_external_task_marker_child', 'example_external_task_marker_parent' retrieved from /home/airflow/.local/lib/python3.8/site-packages/airflow/example_dags/example_external_task_marker_dag.py
[2024-04-02T02:07:41.299+0000] {logging_mixin.py:188} INFO - [2024-04-02T02:07:41.298+0000] {dag.py:3047} INFO - Sync 2 DAGs
[2024-04-02T02:07:41.348+0000] {logging_mixin.py:188} INFO - [2024-04-02T02:07:41.346+0000] {dag.py:3834} INFO - Setting next_dagrun for example_external_task_marker_child to None, run_after=None
[2024-04-02T02:07:41.365+0000] {logging_mixin.py:188} INFO - [2024-04-02T02:07:41.364+0000] {dag.py:3834} INFO - Setting next_dagrun for example_external_task_marker_parent to None, run_after=None
[2024-04-02T02:07:41.436+0000] {processor.py:183} INFO - Processing /home/airflow/.local/lib/python3.8/site-packages/airflow/example_dags/example_external_task_marker_dag.py took 0.213 seconds
[2024-04-02T02:08:12.549+0000] {processor.py:161} INFO - Started process (PID=206) to work on /home/airflow/.local/lib/python3.8/site-packages/airflow/example_dags/example_external_task_marker_dag.py
[2024-04-02T02:08:12.551+0000] {processor.py:830} INFO - Processing file /home/airflow/.local/lib/python3.8/site-packages/airflow/example_dags/example_external_task_marker_dag.py for tasks to queue
[2024-04-02T02:08:12.554+0000] {logging_mixin.py:188} INFO - [2024-04-02T02:08:12.553+0000] {dagbag.py:540} INFO - Filling up the DagBag from /home/airflow/.local/lib/python3.8/site-packages/airflow/example_dags/example_external_task_marker_dag.py
[2024-04-02T02:08:12.566+0000] {processor.py:840} INFO - DAG(s) 'example_external_task_marker_parent', 'example_external_task_marker_child' retrieved from /home/airflow/.local/lib/python3.8/site-packages/airflow/example_dags/example_external_task_marker_dag.py
[2024-04-02T02:08:12.835+0000] {logging_mixin.py:188} INFO - [2024-04-02T02:08:12.834+0000] {dag.py:3047} INFO - Sync 2 DAGs
[2024-04-02T02:08:12.862+0000] {logging_mixin.py:188} INFO - [2024-04-02T02:08:12.861+0000] {dag.py:3834} INFO - Setting next_dagrun for example_external_task_marker_child to None, run_after=None
[2024-04-02T02:08:12.870+0000] {logging_mixin.py:188} INFO - [2024-04-02T02:08:12.870+0000] {dag.py:3834} INFO - Setting next_dagrun for example_external_task_marker_parent to None, run_after=None
[2024-04-02T02:08:12.918+0000] {processor.py:183} INFO - Processing /home/airflow/.local/lib/python3.8/site-packages/airflow/example_dags/example_external_task_marker_dag.py took 0.376 seconds
[2024-04-02T02:08:43.248+0000] {processor.py:161} INFO - Started process (PID=261) to work on /home/airflow/.local/lib/python3.8/site-packages/airflow/example_dags/example_external_task_marker_dag.py
[2024-04-02T02:08:43.250+0000] {processor.py:830} INFO - Processing file /home/airflow/.local/lib/python3.8/site-packages/airflow/example_dags/example_external_task_marker_dag.py for tasks to queue
[2024-04-02T02:08:43.253+0000] {logging_mixin.py:188} INFO - [2024-04-02T02:08:43.252+0000] {dagbag.py:540} INFO - Filling up the DagBag from /home/airflow/.local/lib/python3.8/site-packages/airflow/example_dags/example_external_task_marker_dag.py
[2024-04-02T02:08:43.262+0000] {processor.py:840} INFO - DAG(s) 'example_external_task_marker_parent', 'example_external_task_marker_child' retrieved from /home/airflow/.local/lib/python3.8/site-packages/airflow/example_dags/example_external_task_marker_dag.py
[2024-04-02T02:08:43.308+0000] {logging_mixin.py:188} INFO - [2024-04-02T02:08:43.307+0000] {dag.py:3047} INFO - Sync 2 DAGs
[2024-04-02T02:08:43.336+0000] {logging_mixin.py:188} INFO - [2024-04-02T02:08:43.336+0000] {dag.py:3834} INFO - Setting next_dagrun for example_external_task_marker_child to None, run_after=None
[2024-04-02T02:08:43.349+0000] {logging_mixin.py:188} INFO - [2024-04-02T02:08:43.349+0000] {dag.py:3834} INFO - Setting next_dagrun for example_external_task_marker_parent to None, run_after=None
[2024-04-02T02:08:43.384+0000] {processor.py:183} INFO - Processing /home/airflow/.local/lib/python3.8/site-packages/airflow/example_dags/example_external_task_marker_dag.py took 0.141 seconds
[2024-04-02T02:09:14.024+0000] {processor.py:161} INFO - Started process (PID=316) to work on /home/airflow/.local/lib/python3.8/site-packages/airflow/example_dags/example_external_task_marker_dag.py
[2024-04-02T02:09:14.026+0000] {processor.py:830} INFO - Processing file /home/airflow/.local/lib/python3.8/site-packages/airflow/example_dags/example_external_task_marker_dag.py for tasks to queue
[2024-04-02T02:09:14.030+0000] {logging_mixin.py:188} INFO - [2024-04-02T02:09:14.029+0000] {dagbag.py:540} INFO - Filling up the DagBag from /home/airflow/.local/lib/python3.8/site-packages/airflow/example_dags/example_external_task_marker_dag.py
[2024-04-02T02:09:14.043+0000] {processor.py:840} INFO - DAG(s) 'example_external_task_marker_child', 'example_external_task_marker_parent' retrieved from /home/airflow/.local/lib/python3.8/site-packages/airflow/example_dags/example_external_task_marker_dag.py
[2024-04-02T02:09:14.101+0000] {logging_mixin.py:188} INFO - [2024-04-02T02:09:14.100+0000] {dag.py:3047} INFO - Sync 2 DAGs
[2024-04-02T02:09:14.130+0000] {logging_mixin.py:188} INFO - [2024-04-02T02:09:14.129+0000] {dag.py:3834} INFO - Setting next_dagrun for example_external_task_marker_child to None, run_after=None
[2024-04-02T02:09:14.144+0000] {logging_mixin.py:188} INFO - [2024-04-02T02:09:14.143+0000] {dag.py:3834} INFO - Setting next_dagrun for example_external_task_marker_parent to None, run_after=None
[2024-04-02T02:09:14.198+0000] {processor.py:183} INFO - Processing /home/airflow/.local/lib/python3.8/site-packages/airflow/example_dags/example_external_task_marker_dag.py took 0.179 seconds
[2024-04-02T02:09:44.958+0000] {processor.py:161} INFO - Started process (PID=372) to work on /home/airflow/.local/lib/python3.8/site-packages/airflow/example_dags/example_external_task_marker_dag.py
[2024-04-02T02:09:44.960+0000] {processor.py:830} INFO - Processing file /home/airflow/.local/lib/python3.8/site-packages/airflow/example_dags/example_external_task_marker_dag.py for tasks to queue
[2024-04-02T02:09:44.963+0000] {logging_mixin.py:188} INFO - [2024-04-02T02:09:44.963+0000] {dagbag.py:540} INFO - Filling up the DagBag from /home/airflow/.local/lib/python3.8/site-packages/airflow/example_dags/example_external_task_marker_dag.py
[2024-04-02T02:09:44.975+0000] {processor.py:840} INFO - DAG(s) 'example_external_task_marker_parent', 'example_external_task_marker_child' retrieved from /home/airflow/.local/lib/python3.8/site-packages/airflow/example_dags/example_external_task_marker_dag.py
[2024-04-02T02:09:45.038+0000] {logging_mixin.py:188} INFO - [2024-04-02T02:09:45.038+0000] {dag.py:3047} INFO - Sync 2 DAGs
[2024-04-02T02:09:45.070+0000] {logging_mixin.py:188} INFO - [2024-04-02T02:09:45.069+0000] {dag.py:3834} INFO - Setting next_dagrun for example_external_task_marker_child to None, run_after=None
[2024-04-02T02:09:45.078+0000] {logging_mixin.py:188} INFO - [2024-04-02T02:09:45.078+0000] {dag.py:3834} INFO - Setting next_dagrun for example_external_task_marker_parent to None, run_after=None
[2024-04-02T02:09:45.121+0000] {processor.py:183} INFO - Processing /home/airflow/.local/lib/python3.8/site-packages/airflow/example_dags/example_external_task_marker_dag.py took 0.170 seconds
[2024-04-02T02:12:20.694+0000] {processor.py:161} INFO - Started process (PID=90) to work on /home/airflow/.local/lib/python3.8/site-packages/airflow/example_dags/example_external_task_marker_dag.py
[2024-04-02T02:12:20.696+0000] {processor.py:830} INFO - Processing file /home/airflow/.local/lib/python3.8/site-packages/airflow/example_dags/example_external_task_marker_dag.py for tasks to queue
[2024-04-02T02:12:20.699+0000] {logging_mixin.py:188} INFO - [2024-04-02T02:12:20.698+0000] {dagbag.py:540} INFO - Filling up the DagBag from /home/airflow/.local/lib/python3.8/site-packages/airflow/example_dags/example_external_task_marker_dag.py
[2024-04-02T02:12:20.710+0000] {processor.py:840} INFO - DAG(s) 'example_external_task_marker_child', 'example_external_task_marker_parent' retrieved from /home/airflow/.local/lib/python3.8/site-packages/airflow/example_dags/example_external_task_marker_dag.py
[2024-04-02T02:12:20.946+0000] {logging_mixin.py:188} INFO - [2024-04-02T02:12:20.945+0000] {override.py:1769} INFO - Created Permission View: can read on DAG:example_external_task_marker_child
[2024-04-02T02:12:20.969+0000] {logging_mixin.py:188} INFO - [2024-04-02T02:12:20.968+0000] {override.py:1769} INFO - Created Permission View: can delete on DAG:example_external_task_marker_child
[2024-04-02T02:12:20.986+0000] {logging_mixin.py:188} INFO - [2024-04-02T02:12:20.985+0000] {override.py:1769} INFO - Created Permission View: can edit on DAG:example_external_task_marker_child
[2024-04-02T02:12:21.015+0000] {logging_mixin.py:188} INFO - [2024-04-02T02:12:21.014+0000] {override.py:1769} INFO - Created Permission View: can read on DAG:example_external_task_marker_parent
[2024-04-02T02:12:21.032+0000] {logging_mixin.py:188} INFO - [2024-04-02T02:12:21.031+0000] {override.py:1769} INFO - Created Permission View: can delete on DAG:example_external_task_marker_parent
[2024-04-02T02:12:21.050+0000] {logging_mixin.py:188} INFO - [2024-04-02T02:12:21.049+0000] {override.py:1769} INFO - Created Permission View: can edit on DAG:example_external_task_marker_parent
[2024-04-02T02:12:21.052+0000] {logging_mixin.py:188} INFO - [2024-04-02T02:12:21.051+0000] {dag.py:3047} INFO - Sync 2 DAGs
[2024-04-02T02:12:21.076+0000] {logging_mixin.py:188} INFO - [2024-04-02T02:12:21.076+0000] {dag.py:3069} INFO - Creating ORM DAG for example_external_task_marker_parent
[2024-04-02T02:12:21.078+0000] {logging_mixin.py:188} INFO - [2024-04-02T02:12:21.078+0000] {dag.py:3069} INFO - Creating ORM DAG for example_external_task_marker_child
[2024-04-02T02:12:21.080+0000] {logging_mixin.py:188} INFO - [2024-04-02T02:12:21.080+0000] {dag.py:3834} INFO - Setting next_dagrun for example_external_task_marker_child to None, run_after=None
[2024-04-02T02:12:21.082+0000] {logging_mixin.py:188} INFO - [2024-04-02T02:12:21.082+0000] {dag.py:3834} INFO - Setting next_dagrun for example_external_task_marker_parent to None, run_after=None
[2024-04-02T02:12:21.127+0000] {processor.py:183} INFO - Processing /home/airflow/.local/lib/python3.8/site-packages/airflow/example_dags/example_external_task_marker_dag.py took 0.438 seconds
[2024-04-02T02:12:51.266+0000] {processor.py:161} INFO - Started process (PID=145) to work on /home/airflow/.local/lib/python3.8/site-packages/airflow/example_dags/example_external_task_marker_dag.py
[2024-04-02T02:12:51.269+0000] {processor.py:830} INFO - Processing file /home/airflow/.local/lib/python3.8/site-packages/airflow/example_dags/example_external_task_marker_dag.py for tasks to queue
[2024-04-02T02:12:51.275+0000] {logging_mixin.py:188} INFO - [2024-04-02T02:12:51.274+0000] {dagbag.py:540} INFO - Filling up the DagBag from /home/airflow/.local/lib/python3.8/site-packages/airflow/example_dags/example_external_task_marker_dag.py
[2024-04-02T02:12:51.285+0000] {processor.py:840} INFO - DAG(s) 'example_external_task_marker_parent', 'example_external_task_marker_child' retrieved from /home/airflow/.local/lib/python3.8/site-packages/airflow/example_dags/example_external_task_marker_dag.py
[2024-04-02T02:12:51.313+0000] {logging_mixin.py:188} INFO - [2024-04-02T02:12:51.312+0000] {dag.py:3047} INFO - Sync 2 DAGs
[2024-04-02T02:12:51.358+0000] {logging_mixin.py:188} INFO - [2024-04-02T02:12:51.357+0000] {dag.py:3834} INFO - Setting next_dagrun for example_external_task_marker_child to None, run_after=None
[2024-04-02T02:12:51.366+0000] {logging_mixin.py:188} INFO - [2024-04-02T02:12:51.366+0000] {dag.py:3834} INFO - Setting next_dagrun for example_external_task_marker_parent to None, run_after=None
[2024-04-02T02:12:51.407+0000] {processor.py:183} INFO - Processing /home/airflow/.local/lib/python3.8/site-packages/airflow/example_dags/example_external_task_marker_dag.py took 0.147 seconds
[2024-04-02T02:13:23.026+0000] {processor.py:161} INFO - Started process (PID=200) to work on /home/airflow/.local/lib/python3.8/site-packages/airflow/example_dags/example_external_task_marker_dag.py
[2024-04-02T02:13:23.027+0000] {processor.py:830} INFO - Processing file /home/airflow/.local/lib/python3.8/site-packages/airflow/example_dags/example_external_task_marker_dag.py for tasks to queue
[2024-04-02T02:13:23.031+0000] {logging_mixin.py:188} INFO - [2024-04-02T02:13:23.030+0000] {dagbag.py:540} INFO - Filling up the DagBag from /home/airflow/.local/lib/python3.8/site-packages/airflow/example_dags/example_external_task_marker_dag.py
[2024-04-02T02:13:23.042+0000] {processor.py:840} INFO - DAG(s) 'example_external_task_marker_parent', 'example_external_task_marker_child' retrieved from /home/airflow/.local/lib/python3.8/site-packages/airflow/example_dags/example_external_task_marker_dag.py
[2024-04-02T02:13:23.268+0000] {logging_mixin.py:188} INFO - [2024-04-02T02:13:23.268+0000] {dag.py:3047} INFO - Sync 2 DAGs
[2024-04-02T02:13:23.288+0000] {logging_mixin.py:188} INFO - [2024-04-02T02:13:23.288+0000] {dag.py:3834} INFO - Setting next_dagrun for example_external_task_marker_child to None, run_after=None
[2024-04-02T02:13:23.295+0000] {logging_mixin.py:188} INFO - [2024-04-02T02:13:23.294+0000] {dag.py:3834} INFO - Setting next_dagrun for example_external_task_marker_parent to None, run_after=None
[2024-04-02T02:13:23.336+0000] {processor.py:183} INFO - Processing /home/airflow/.local/lib/python3.8/site-packages/airflow/example_dags/example_external_task_marker_dag.py took 0.315 seconds
[2024-04-02T02:13:53.591+0000] {processor.py:161} INFO - Started process (PID=257) to work on /home/airflow/.local/lib/python3.8/site-packages/airflow/example_dags/example_external_task_marker_dag.py
[2024-04-02T02:13:53.593+0000] {processor.py:830} INFO - Processing file /home/airflow/.local/lib/python3.8/site-packages/airflow/example_dags/example_external_task_marker_dag.py for tasks to queue
[2024-04-02T02:13:53.596+0000] {logging_mixin.py:188} INFO - [2024-04-02T02:13:53.596+0000] {dagbag.py:540} INFO - Filling up the DagBag from /home/airflow/.local/lib/python3.8/site-packages/airflow/example_dags/example_external_task_marker_dag.py
[2024-04-02T02:13:53.607+0000] {processor.py:840} INFO - DAG(s) 'example_external_task_marker_child', 'example_external_task_marker_parent' retrieved from /home/airflow/.local/lib/python3.8/site-packages/airflow/example_dags/example_external_task_marker_dag.py
[2024-04-02T02:13:53.657+0000] {logging_mixin.py:188} INFO - [2024-04-02T02:13:53.656+0000] {dag.py:3047} INFO - Sync 2 DAGs
[2024-04-02T02:13:53.683+0000] {logging_mixin.py:188} INFO - [2024-04-02T02:13:53.683+0000] {dag.py:3834} INFO - Setting next_dagrun for example_external_task_marker_child to None, run_after=None
[2024-04-02T02:13:53.691+0000] {logging_mixin.py:188} INFO - [2024-04-02T02:13:53.691+0000] {dag.py:3834} INFO - Setting next_dagrun for example_external_task_marker_parent to None, run_after=None
[2024-04-02T02:13:53.736+0000] {processor.py:183} INFO - Processing /home/airflow/.local/lib/python3.8/site-packages/airflow/example_dags/example_external_task_marker_dag.py took 0.150 seconds
