[2024-04-02T02:06:57.397+0000] {processor.py:161} INFO - Started process (PID=53) to work on /home/airflow/.local/lib/python3.8/site-packages/airflow/example_dags/example_kubernetes_executor.py
[2024-04-02T02:06:57.399+0000] {processor.py:830} INFO - Processing file /home/airflow/.local/lib/python3.8/site-packages/airflow/example_dags/example_kubernetes_executor.py for tasks to queue
[2024-04-02T02:06:57.403+0000] {logging_mixin.py:188} INFO - [2024-04-02T02:06:57.402+0000] {dagbag.py:540} INFO - Filling up the DagBag from /home/airflow/.local/lib/python3.8/site-packages/airflow/example_dags/example_kubernetes_executor.py
[2024-04-02T02:06:57.442+0000] {processor.py:840} INFO - DAG(s) 'example_kubernetes_executor' retrieved from /home/airflow/.local/lib/python3.8/site-packages/airflow/example_dags/example_kubernetes_executor.py
[2024-04-02T02:06:58.278+0000] {logging_mixin.py:188} INFO - [2024-04-02T02:06:58.277+0000] {dag.py:3047} INFO - Sync 1 DAGs
[2024-04-02T02:06:58.316+0000] {logging_mixin.py:188} INFO - [2024-04-02T02:06:58.316+0000] {dag.py:3834} INFO - Setting next_dagrun for example_kubernetes_executor to None, run_after=None
[2024-04-02T02:06:58.402+0000] {processor.py:183} INFO - Processing /home/airflow/.local/lib/python3.8/site-packages/airflow/example_dags/example_kubernetes_executor.py took 1.009 seconds
[2024-04-02T02:07:29.099+0000] {processor.py:161} INFO - Started process (PID=114) to work on /home/airflow/.local/lib/python3.8/site-packages/airflow/example_dags/example_kubernetes_executor.py
[2024-04-02T02:07:29.102+0000] {processor.py:830} INFO - Processing file /home/airflow/.local/lib/python3.8/site-packages/airflow/example_dags/example_kubernetes_executor.py for tasks to queue
[2024-04-02T02:07:29.105+0000] {logging_mixin.py:188} INFO - [2024-04-02T02:07:29.104+0000] {dagbag.py:540} INFO - Filling up the DagBag from /home/airflow/.local/lib/python3.8/site-packages/airflow/example_dags/example_kubernetes_executor.py
[2024-04-02T02:07:29.145+0000] {processor.py:840} INFO - DAG(s) 'example_kubernetes_executor' retrieved from /home/airflow/.local/lib/python3.8/site-packages/airflow/example_dags/example_kubernetes_executor.py
[2024-04-02T02:07:29.238+0000] {logging_mixin.py:188} INFO - [2024-04-02T02:07:29.237+0000] {dag.py:3047} INFO - Sync 1 DAGs
[2024-04-02T02:07:29.265+0000] {logging_mixin.py:188} INFO - [2024-04-02T02:07:29.264+0000] {dag.py:3834} INFO - Setting next_dagrun for example_kubernetes_executor to None, run_after=None
[2024-04-02T02:07:29.308+0000] {processor.py:183} INFO - Processing /home/airflow/.local/lib/python3.8/site-packages/airflow/example_dags/example_kubernetes_executor.py took 0.215 seconds
[2024-04-02T02:07:59.785+0000] {processor.py:161} INFO - Started process (PID=168) to work on /home/airflow/.local/lib/python3.8/site-packages/airflow/example_dags/example_kubernetes_executor.py
[2024-04-02T02:07:59.788+0000] {processor.py:830} INFO - Processing file /home/airflow/.local/lib/python3.8/site-packages/airflow/example_dags/example_kubernetes_executor.py for tasks to queue
[2024-04-02T02:07:59.790+0000] {logging_mixin.py:188} INFO - [2024-04-02T02:07:59.790+0000] {dagbag.py:540} INFO - Filling up the DagBag from /home/airflow/.local/lib/python3.8/site-packages/airflow/example_dags/example_kubernetes_executor.py
[2024-04-02T02:07:59.823+0000] {processor.py:840} INFO - DAG(s) 'example_kubernetes_executor' retrieved from /home/airflow/.local/lib/python3.8/site-packages/airflow/example_dags/example_kubernetes_executor.py
[2024-04-02T02:08:00.111+0000] {logging_mixin.py:188} INFO - [2024-04-02T02:08:00.110+0000] {dag.py:3047} INFO - Sync 1 DAGs
[2024-04-02T02:08:00.138+0000] {logging_mixin.py:188} INFO - [2024-04-02T02:08:00.138+0000] {dag.py:3834} INFO - Setting next_dagrun for example_kubernetes_executor to None, run_after=None
[2024-04-02T02:08:00.193+0000] {processor.py:183} INFO - Processing /home/airflow/.local/lib/python3.8/site-packages/airflow/example_dags/example_kubernetes_executor.py took 0.412 seconds
[2024-04-02T02:08:30.777+0000] {processor.py:161} INFO - Started process (PID=223) to work on /home/airflow/.local/lib/python3.8/site-packages/airflow/example_dags/example_kubernetes_executor.py
[2024-04-02T02:08:30.779+0000] {processor.py:830} INFO - Processing file /home/airflow/.local/lib/python3.8/site-packages/airflow/example_dags/example_kubernetes_executor.py for tasks to queue
[2024-04-02T02:08:30.783+0000] {logging_mixin.py:188} INFO - [2024-04-02T02:08:30.782+0000] {dagbag.py:540} INFO - Filling up the DagBag from /home/airflow/.local/lib/python3.8/site-packages/airflow/example_dags/example_kubernetes_executor.py
[2024-04-02T02:08:30.810+0000] {processor.py:840} INFO - DAG(s) 'example_kubernetes_executor' retrieved from /home/airflow/.local/lib/python3.8/site-packages/airflow/example_dags/example_kubernetes_executor.py
[2024-04-02T02:08:30.897+0000] {logging_mixin.py:188} INFO - [2024-04-02T02:08:30.896+0000] {dag.py:3047} INFO - Sync 1 DAGs
[2024-04-02T02:08:30.924+0000] {logging_mixin.py:188} INFO - [2024-04-02T02:08:30.924+0000] {dag.py:3834} INFO - Setting next_dagrun for example_kubernetes_executor to None, run_after=None
[2024-04-02T02:08:30.982+0000] {processor.py:183} INFO - Processing /home/airflow/.local/lib/python3.8/site-packages/airflow/example_dags/example_kubernetes_executor.py took 0.210 seconds
[2024-04-02T02:09:01.229+0000] {processor.py:161} INFO - Started process (PID=279) to work on /home/airflow/.local/lib/python3.8/site-packages/airflow/example_dags/example_kubernetes_executor.py
[2024-04-02T02:09:01.231+0000] {processor.py:830} INFO - Processing file /home/airflow/.local/lib/python3.8/site-packages/airflow/example_dags/example_kubernetes_executor.py for tasks to queue
[2024-04-02T02:09:01.234+0000] {logging_mixin.py:188} INFO - [2024-04-02T02:09:01.233+0000] {dagbag.py:540} INFO - Filling up the DagBag from /home/airflow/.local/lib/python3.8/site-packages/airflow/example_dags/example_kubernetes_executor.py
[2024-04-02T02:09:01.259+0000] {processor.py:840} INFO - DAG(s) 'example_kubernetes_executor' retrieved from /home/airflow/.local/lib/python3.8/site-packages/airflow/example_dags/example_kubernetes_executor.py
[2024-04-02T02:09:01.332+0000] {logging_mixin.py:188} INFO - [2024-04-02T02:09:01.331+0000] {dag.py:3047} INFO - Sync 1 DAGs
[2024-04-02T02:09:01.354+0000] {logging_mixin.py:188} INFO - [2024-04-02T02:09:01.354+0000] {dag.py:3834} INFO - Setting next_dagrun for example_kubernetes_executor to None, run_after=None
[2024-04-02T02:09:01.391+0000] {processor.py:183} INFO - Processing /home/airflow/.local/lib/python3.8/site-packages/airflow/example_dags/example_kubernetes_executor.py took 0.167 seconds
[2024-04-02T02:09:32.152+0000] {processor.py:161} INFO - Started process (PID=334) to work on /home/airflow/.local/lib/python3.8/site-packages/airflow/example_dags/example_kubernetes_executor.py
[2024-04-02T02:09:32.154+0000] {processor.py:830} INFO - Processing file /home/airflow/.local/lib/python3.8/site-packages/airflow/example_dags/example_kubernetes_executor.py for tasks to queue
[2024-04-02T02:09:32.156+0000] {logging_mixin.py:188} INFO - [2024-04-02T02:09:32.156+0000] {dagbag.py:540} INFO - Filling up the DagBag from /home/airflow/.local/lib/python3.8/site-packages/airflow/example_dags/example_kubernetes_executor.py
[2024-04-02T02:09:32.188+0000] {processor.py:840} INFO - DAG(s) 'example_kubernetes_executor' retrieved from /home/airflow/.local/lib/python3.8/site-packages/airflow/example_dags/example_kubernetes_executor.py
[2024-04-02T02:09:32.267+0000] {logging_mixin.py:188} INFO - [2024-04-02T02:09:32.266+0000] {dag.py:3047} INFO - Sync 1 DAGs
[2024-04-02T02:09:32.301+0000] {logging_mixin.py:188} INFO - [2024-04-02T02:09:32.301+0000] {dag.py:3834} INFO - Setting next_dagrun for example_kubernetes_executor to None, run_after=None
[2024-04-02T02:09:32.351+0000] {processor.py:183} INFO - Processing /home/airflow/.local/lib/python3.8/site-packages/airflow/example_dags/example_kubernetes_executor.py took 0.206 seconds
[2024-04-02T02:12:10.222+0000] {processor.py:161} INFO - Started process (PID=52) to work on /home/airflow/.local/lib/python3.8/site-packages/airflow/example_dags/example_kubernetes_executor.py
[2024-04-02T02:12:10.224+0000] {processor.py:830} INFO - Processing file /home/airflow/.local/lib/python3.8/site-packages/airflow/example_dags/example_kubernetes_executor.py for tasks to queue
[2024-04-02T02:12:10.228+0000] {logging_mixin.py:188} INFO - [2024-04-02T02:12:10.227+0000] {dagbag.py:540} INFO - Filling up the DagBag from /home/airflow/.local/lib/python3.8/site-packages/airflow/example_dags/example_kubernetes_executor.py
[2024-04-02T02:12:10.261+0000] {processor.py:840} INFO - DAG(s) 'example_kubernetes_executor' retrieved from /home/airflow/.local/lib/python3.8/site-packages/airflow/example_dags/example_kubernetes_executor.py
[2024-04-02T02:12:10.605+0000] {logging_mixin.py:188} INFO - [2024-04-02T02:12:10.604+0000] {override.py:1769} INFO - Created Permission View: can read on DAG:example_kubernetes_executor
[2024-04-02T02:12:10.632+0000] {logging_mixin.py:188} INFO - [2024-04-02T02:12:10.631+0000] {override.py:1769} INFO - Created Permission View: can delete on DAG:example_kubernetes_executor
[2024-04-02T02:12:10.652+0000] {logging_mixin.py:188} INFO - [2024-04-02T02:12:10.651+0000] {override.py:1769} INFO - Created Permission View: can edit on DAG:example_kubernetes_executor
[2024-04-02T02:12:10.653+0000] {logging_mixin.py:188} INFO - [2024-04-02T02:12:10.653+0000] {dag.py:3047} INFO - Sync 1 DAGs
[2024-04-02T02:12:10.682+0000] {logging_mixin.py:188} INFO - [2024-04-02T02:12:10.682+0000] {dag.py:3069} INFO - Creating ORM DAG for example_kubernetes_executor
[2024-04-02T02:12:10.685+0000] {logging_mixin.py:188} INFO - [2024-04-02T02:12:10.684+0000] {dag.py:3834} INFO - Setting next_dagrun for example_kubernetes_executor to None, run_after=None
[2024-04-02T02:12:10.742+0000] {processor.py:183} INFO - Processing /home/airflow/.local/lib/python3.8/site-packages/airflow/example_dags/example_kubernetes_executor.py took 0.526 seconds
[2024-04-02T02:12:41.276+0000] {processor.py:161} INFO - Started process (PID=107) to work on /home/airflow/.local/lib/python3.8/site-packages/airflow/example_dags/example_kubernetes_executor.py
[2024-04-02T02:12:41.278+0000] {processor.py:830} INFO - Processing file /home/airflow/.local/lib/python3.8/site-packages/airflow/example_dags/example_kubernetes_executor.py for tasks to queue
[2024-04-02T02:12:41.280+0000] {logging_mixin.py:188} INFO - [2024-04-02T02:12:41.280+0000] {dagbag.py:540} INFO - Filling up the DagBag from /home/airflow/.local/lib/python3.8/site-packages/airflow/example_dags/example_kubernetes_executor.py
[2024-04-02T02:12:41.305+0000] {processor.py:840} INFO - DAG(s) 'example_kubernetes_executor' retrieved from /home/airflow/.local/lib/python3.8/site-packages/airflow/example_dags/example_kubernetes_executor.py
[2024-04-02T02:12:41.325+0000] {logging_mixin.py:188} INFO - [2024-04-02T02:12:41.325+0000] {dag.py:3047} INFO - Sync 1 DAGs
[2024-04-02T02:12:41.349+0000] {logging_mixin.py:188} INFO - [2024-04-02T02:12:41.348+0000] {dag.py:3834} INFO - Setting next_dagrun for example_kubernetes_executor to None, run_after=None
[2024-04-02T02:12:41.385+0000] {processor.py:183} INFO - Processing /home/airflow/.local/lib/python3.8/site-packages/airflow/example_dags/example_kubernetes_executor.py took 0.113 seconds
[2024-04-02T02:13:11.760+0000] {processor.py:161} INFO - Started process (PID=162) to work on /home/airflow/.local/lib/python3.8/site-packages/airflow/example_dags/example_kubernetes_executor.py
[2024-04-02T02:13:11.762+0000] {processor.py:830} INFO - Processing file /home/airflow/.local/lib/python3.8/site-packages/airflow/example_dags/example_kubernetes_executor.py for tasks to queue
[2024-04-02T02:13:11.766+0000] {logging_mixin.py:188} INFO - [2024-04-02T02:13:11.765+0000] {dagbag.py:540} INFO - Filling up the DagBag from /home/airflow/.local/lib/python3.8/site-packages/airflow/example_dags/example_kubernetes_executor.py
[2024-04-02T02:13:11.790+0000] {processor.py:840} INFO - DAG(s) 'example_kubernetes_executor' retrieved from /home/airflow/.local/lib/python3.8/site-packages/airflow/example_dags/example_kubernetes_executor.py
[2024-04-02T02:13:12.020+0000] {logging_mixin.py:188} INFO - [2024-04-02T02:13:12.019+0000] {dag.py:3047} INFO - Sync 1 DAGs
[2024-04-02T02:13:12.040+0000] {logging_mixin.py:188} INFO - [2024-04-02T02:13:12.039+0000] {dag.py:3834} INFO - Setting next_dagrun for example_kubernetes_executor to None, run_after=None
[2024-04-02T02:13:12.083+0000] {processor.py:183} INFO - Processing /home/airflow/.local/lib/python3.8/site-packages/airflow/example_dags/example_kubernetes_executor.py took 0.326 seconds
[2024-04-02T02:13:42.338+0000] {processor.py:161} INFO - Started process (PID=218) to work on /home/airflow/.local/lib/python3.8/site-packages/airflow/example_dags/example_kubernetes_executor.py
[2024-04-02T02:13:42.340+0000] {processor.py:830} INFO - Processing file /home/airflow/.local/lib/python3.8/site-packages/airflow/example_dags/example_kubernetes_executor.py for tasks to queue
[2024-04-02T02:13:42.344+0000] {logging_mixin.py:188} INFO - [2024-04-02T02:13:42.343+0000] {dagbag.py:540} INFO - Filling up the DagBag from /home/airflow/.local/lib/python3.8/site-packages/airflow/example_dags/example_kubernetes_executor.py
[2024-04-02T02:13:42.369+0000] {processor.py:840} INFO - DAG(s) 'example_kubernetes_executor' retrieved from /home/airflow/.local/lib/python3.8/site-packages/airflow/example_dags/example_kubernetes_executor.py
[2024-04-02T02:13:42.447+0000] {logging_mixin.py:188} INFO - [2024-04-02T02:13:42.446+0000] {dag.py:3047} INFO - Sync 1 DAGs
[2024-04-02T02:13:42.472+0000] {logging_mixin.py:188} INFO - [2024-04-02T02:13:42.472+0000] {dag.py:3834} INFO - Setting next_dagrun for example_kubernetes_executor to None, run_after=None
[2024-04-02T02:13:42.517+0000] {processor.py:183} INFO - Processing /home/airflow/.local/lib/python3.8/site-packages/airflow/example_dags/example_kubernetes_executor.py took 0.184 seconds
