[2024-04-02T02:07:08.346+0000] {processor.py:161} INFO - Started process (PID=89) to work on /home/airflow/.local/lib/python3.8/site-packages/airflow/example_dags/example_branch_python_dop_operator_3.py
[2024-04-02T02:07:08.348+0000] {processor.py:830} INFO - Processing file /home/airflow/.local/lib/python3.8/site-packages/airflow/example_dags/example_branch_python_dop_operator_3.py for tasks to queue
[2024-04-02T02:07:08.351+0000] {logging_mixin.py:188} INFO - [2024-04-02T02:07:08.351+0000] {dagbag.py:540} INFO - Filling up the DagBag from /home/airflow/.local/lib/python3.8/site-packages/airflow/example_dags/example_branch_python_dop_operator_3.py
[2024-04-02T02:07:08.390+0000] {processor.py:840} INFO - DAG(s) 'example_branch_dop_operator_v3' retrieved from /home/airflow/.local/lib/python3.8/site-packages/airflow/example_dags/example_branch_python_dop_operator_3.py
[2024-04-02T02:07:08.769+0000] {logging_mixin.py:188} INFO - [2024-04-02T02:07:08.768+0000] {dag.py:3047} INFO - Sync 1 DAGs
[2024-04-02T02:07:08.867+0000] {logging_mixin.py:188} INFO - [2024-04-02T02:07:08.867+0000] {dag.py:3834} INFO - Setting next_dagrun for example_branch_dop_operator_v3 to 2024-04-02 02:06:00+00:00, run_after=2024-04-02 02:07:00+00:00
[2024-04-02T02:07:08.948+0000] {processor.py:183} INFO - Processing /home/airflow/.local/lib/python3.8/site-packages/airflow/example_dags/example_branch_python_dop_operator_3.py took 0.606 seconds
[2024-04-02T02:07:39.058+0000] {processor.py:161} INFO - Started process (PID=144) to work on /home/airflow/.local/lib/python3.8/site-packages/airflow/example_dags/example_branch_python_dop_operator_3.py
[2024-04-02T02:07:39.060+0000] {processor.py:830} INFO - Processing file /home/airflow/.local/lib/python3.8/site-packages/airflow/example_dags/example_branch_python_dop_operator_3.py for tasks to queue
[2024-04-02T02:07:39.066+0000] {logging_mixin.py:188} INFO - [2024-04-02T02:07:39.065+0000] {dagbag.py:540} INFO - Filling up the DagBag from /home/airflow/.local/lib/python3.8/site-packages/airflow/example_dags/example_branch_python_dop_operator_3.py
[2024-04-02T02:07:39.090+0000] {processor.py:840} INFO - DAG(s) 'example_branch_dop_operator_v3' retrieved from /home/airflow/.local/lib/python3.8/site-packages/airflow/example_dags/example_branch_python_dop_operator_3.py
[2024-04-02T02:07:39.116+0000] {logging_mixin.py:188} INFO - [2024-04-02T02:07:39.115+0000] {dag.py:3047} INFO - Sync 1 DAGs
[2024-04-02T02:07:39.189+0000] {logging_mixin.py:188} INFO - [2024-04-02T02:07:39.188+0000] {dag.py:3834} INFO - Setting next_dagrun for example_branch_dop_operator_v3 to 2024-04-02 02:06:00+00:00, run_after=2024-04-02 02:07:00+00:00
[2024-04-02T02:07:39.232+0000] {processor.py:183} INFO - Processing /home/airflow/.local/lib/python3.8/site-packages/airflow/example_dags/example_branch_python_dop_operator_3.py took 0.180 seconds
[2024-04-02T02:08:10.922+0000] {processor.py:161} INFO - Started process (PID=198) to work on /home/airflow/.local/lib/python3.8/site-packages/airflow/example_dags/example_branch_python_dop_operator_3.py
[2024-04-02T02:08:10.924+0000] {processor.py:830} INFO - Processing file /home/airflow/.local/lib/python3.8/site-packages/airflow/example_dags/example_branch_python_dop_operator_3.py for tasks to queue
[2024-04-02T02:08:10.927+0000] {logging_mixin.py:188} INFO - [2024-04-02T02:08:10.926+0000] {dagbag.py:540} INFO - Filling up the DagBag from /home/airflow/.local/lib/python3.8/site-packages/airflow/example_dags/example_branch_python_dop_operator_3.py
[2024-04-02T02:08:10.946+0000] {processor.py:840} INFO - DAG(s) 'example_branch_dop_operator_v3' retrieved from /home/airflow/.local/lib/python3.8/site-packages/airflow/example_dags/example_branch_python_dop_operator_3.py
[2024-04-02T02:08:11.175+0000] {logging_mixin.py:188} INFO - [2024-04-02T02:08:11.175+0000] {dag.py:3047} INFO - Sync 1 DAGs
[2024-04-02T02:08:11.229+0000] {logging_mixin.py:188} INFO - [2024-04-02T02:08:11.228+0000] {dag.py:3834} INFO - Setting next_dagrun for example_branch_dop_operator_v3 to 2024-04-02 02:07:00+00:00, run_after=2024-04-02 02:08:00+00:00
[2024-04-02T02:08:11.280+0000] {processor.py:183} INFO - Processing /home/airflow/.local/lib/python3.8/site-packages/airflow/example_dags/example_branch_python_dop_operator_3.py took 0.363 seconds
[2024-04-02T02:08:41.396+0000] {processor.py:161} INFO - Started process (PID=253) to work on /home/airflow/.local/lib/python3.8/site-packages/airflow/example_dags/example_branch_python_dop_operator_3.py
[2024-04-02T02:08:41.398+0000] {processor.py:830} INFO - Processing file /home/airflow/.local/lib/python3.8/site-packages/airflow/example_dags/example_branch_python_dop_operator_3.py for tasks to queue
[2024-04-02T02:08:41.403+0000] {logging_mixin.py:188} INFO - [2024-04-02T02:08:41.402+0000] {dagbag.py:540} INFO - Filling up the DagBag from /home/airflow/.local/lib/python3.8/site-packages/airflow/example_dags/example_branch_python_dop_operator_3.py
[2024-04-02T02:08:41.421+0000] {processor.py:840} INFO - DAG(s) 'example_branch_dop_operator_v3' retrieved from /home/airflow/.local/lib/python3.8/site-packages/airflow/example_dags/example_branch_python_dop_operator_3.py
[2024-04-02T02:08:41.460+0000] {logging_mixin.py:188} INFO - [2024-04-02T02:08:41.460+0000] {dag.py:3047} INFO - Sync 1 DAGs
[2024-04-02T02:08:41.514+0000] {logging_mixin.py:188} INFO - [2024-04-02T02:08:41.513+0000] {dag.py:3834} INFO - Setting next_dagrun for example_branch_dop_operator_v3 to 2024-04-02 02:07:00+00:00, run_after=2024-04-02 02:08:00+00:00
[2024-04-02T02:08:41.559+0000] {processor.py:183} INFO - Processing /home/airflow/.local/lib/python3.8/site-packages/airflow/example_dags/example_branch_python_dop_operator_3.py took 0.167 seconds
[2024-04-02T02:09:12.814+0000] {processor.py:161} INFO - Started process (PID=308) to work on /home/airflow/.local/lib/python3.8/site-packages/airflow/example_dags/example_branch_python_dop_operator_3.py
[2024-04-02T02:09:12.816+0000] {processor.py:830} INFO - Processing file /home/airflow/.local/lib/python3.8/site-packages/airflow/example_dags/example_branch_python_dop_operator_3.py for tasks to queue
[2024-04-02T02:09:12.820+0000] {logging_mixin.py:188} INFO - [2024-04-02T02:09:12.819+0000] {dagbag.py:540} INFO - Filling up the DagBag from /home/airflow/.local/lib/python3.8/site-packages/airflow/example_dags/example_branch_python_dop_operator_3.py
[2024-04-02T02:09:12.839+0000] {processor.py:840} INFO - DAG(s) 'example_branch_dop_operator_v3' retrieved from /home/airflow/.local/lib/python3.8/site-packages/airflow/example_dags/example_branch_python_dop_operator_3.py
[2024-04-02T02:09:12.889+0000] {logging_mixin.py:188} INFO - [2024-04-02T02:09:12.888+0000] {dag.py:3047} INFO - Sync 1 DAGs
[2024-04-02T02:09:12.957+0000] {logging_mixin.py:188} INFO - [2024-04-02T02:09:12.957+0000] {dag.py:3834} INFO - Setting next_dagrun for example_branch_dop_operator_v3 to 2024-04-02 02:08:00+00:00, run_after=2024-04-02 02:09:00+00:00
[2024-04-02T02:09:13.007+0000] {processor.py:183} INFO - Processing /home/airflow/.local/lib/python3.8/site-packages/airflow/example_dags/example_branch_python_dop_operator_3.py took 0.199 seconds
[2024-04-02T02:09:43.553+0000] {processor.py:161} INFO - Started process (PID=364) to work on /home/airflow/.local/lib/python3.8/site-packages/airflow/example_dags/example_branch_python_dop_operator_3.py
[2024-04-02T02:09:43.555+0000] {processor.py:830} INFO - Processing file /home/airflow/.local/lib/python3.8/site-packages/airflow/example_dags/example_branch_python_dop_operator_3.py for tasks to queue
[2024-04-02T02:09:43.558+0000] {logging_mixin.py:188} INFO - [2024-04-02T02:09:43.557+0000] {dagbag.py:540} INFO - Filling up the DagBag from /home/airflow/.local/lib/python3.8/site-packages/airflow/example_dags/example_branch_python_dop_operator_3.py
[2024-04-02T02:09:43.578+0000] {processor.py:840} INFO - DAG(s) 'example_branch_dop_operator_v3' retrieved from /home/airflow/.local/lib/python3.8/site-packages/airflow/example_dags/example_branch_python_dop_operator_3.py
[2024-04-02T02:09:43.620+0000] {logging_mixin.py:188} INFO - [2024-04-02T02:09:43.620+0000] {dag.py:3047} INFO - Sync 1 DAGs
[2024-04-02T02:09:43.676+0000] {logging_mixin.py:188} INFO - [2024-04-02T02:09:43.676+0000] {dag.py:3834} INFO - Setting next_dagrun for example_branch_dop_operator_v3 to 2024-04-02 02:08:00+00:00, run_after=2024-04-02 02:09:00+00:00
[2024-04-02T02:09:43.725+0000] {processor.py:183} INFO - Processing /home/airflow/.local/lib/python3.8/site-packages/airflow/example_dags/example_branch_python_dop_operator_3.py took 0.177 seconds
[2024-04-02T02:12:18.909+0000] {processor.py:161} INFO - Started process (PID=82) to work on /home/airflow/.local/lib/python3.8/site-packages/airflow/example_dags/example_branch_python_dop_operator_3.py
[2024-04-02T02:12:18.911+0000] {processor.py:830} INFO - Processing file /home/airflow/.local/lib/python3.8/site-packages/airflow/example_dags/example_branch_python_dop_operator_3.py for tasks to queue
[2024-04-02T02:12:18.915+0000] {logging_mixin.py:188} INFO - [2024-04-02T02:12:18.914+0000] {dagbag.py:540} INFO - Filling up the DagBag from /home/airflow/.local/lib/python3.8/site-packages/airflow/example_dags/example_branch_python_dop_operator_3.py
[2024-04-02T02:12:18.935+0000] {processor.py:840} INFO - DAG(s) 'example_branch_dop_operator_v3' retrieved from /home/airflow/.local/lib/python3.8/site-packages/airflow/example_dags/example_branch_python_dop_operator_3.py
[2024-04-02T02:12:19.166+0000] {logging_mixin.py:188} INFO - [2024-04-02T02:12:19.164+0000] {override.py:1769} INFO - Created Permission View: can read on DAG:example_branch_dop_operator_v3
[2024-04-02T02:12:19.190+0000] {logging_mixin.py:188} INFO - [2024-04-02T02:12:19.189+0000] {override.py:1769} INFO - Created Permission View: can delete on DAG:example_branch_dop_operator_v3
[2024-04-02T02:12:19.209+0000] {logging_mixin.py:188} INFO - [2024-04-02T02:12:19.208+0000] {override.py:1769} INFO - Created Permission View: can edit on DAG:example_branch_dop_operator_v3
[2024-04-02T02:12:19.210+0000] {logging_mixin.py:188} INFO - [2024-04-02T02:12:19.210+0000] {dag.py:3047} INFO - Sync 1 DAGs
[2024-04-02T02:12:19.237+0000] {logging_mixin.py:188} INFO - [2024-04-02T02:12:19.236+0000] {dag.py:3069} INFO - Creating ORM DAG for example_branch_dop_operator_v3
[2024-04-02T02:12:19.281+0000] {logging_mixin.py:188} INFO - [2024-04-02T02:12:19.279+0000] {dag.py:3834} INFO - Setting next_dagrun for example_branch_dop_operator_v3 to 2024-04-02 02:11:00+00:00, run_after=2024-04-02 02:12:00+00:00
[2024-04-02T02:12:19.343+0000] {processor.py:183} INFO - Processing /home/airflow/.local/lib/python3.8/site-packages/airflow/example_dags/example_branch_python_dop_operator_3.py took 0.441 seconds
[2024-04-02T02:12:50.391+0000] {processor.py:161} INFO - Started process (PID=137) to work on /home/airflow/.local/lib/python3.8/site-packages/airflow/example_dags/example_branch_python_dop_operator_3.py
[2024-04-02T02:12:50.393+0000] {processor.py:830} INFO - Processing file /home/airflow/.local/lib/python3.8/site-packages/airflow/example_dags/example_branch_python_dop_operator_3.py for tasks to queue
[2024-04-02T02:12:50.407+0000] {logging_mixin.py:188} INFO - [2024-04-02T02:12:50.406+0000] {dagbag.py:540} INFO - Filling up the DagBag from /home/airflow/.local/lib/python3.8/site-packages/airflow/example_dags/example_branch_python_dop_operator_3.py
[2024-04-02T02:12:50.425+0000] {processor.py:840} INFO - DAG(s) 'example_branch_dop_operator_v3' retrieved from /home/airflow/.local/lib/python3.8/site-packages/airflow/example_dags/example_branch_python_dop_operator_3.py
[2024-04-02T02:12:50.455+0000] {logging_mixin.py:188} INFO - [2024-04-02T02:12:50.454+0000] {dag.py:3047} INFO - Sync 1 DAGs
[2024-04-02T02:12:50.537+0000] {logging_mixin.py:188} INFO - [2024-04-02T02:12:50.536+0000] {dag.py:3834} INFO - Setting next_dagrun for example_branch_dop_operator_v3 to 2024-04-02 02:11:00+00:00, run_after=2024-04-02 02:12:00+00:00
[2024-04-02T02:12:50.598+0000] {processor.py:183} INFO - Processing /home/airflow/.local/lib/python3.8/site-packages/airflow/example_dags/example_branch_python_dop_operator_3.py took 0.212 seconds
[2024-04-02T02:13:21.086+0000] {processor.py:161} INFO - Started process (PID=192) to work on /home/airflow/.local/lib/python3.8/site-packages/airflow/example_dags/example_branch_python_dop_operator_3.py
[2024-04-02T02:13:21.088+0000] {processor.py:830} INFO - Processing file /home/airflow/.local/lib/python3.8/site-packages/airflow/example_dags/example_branch_python_dop_operator_3.py for tasks to queue
[2024-04-02T02:13:21.090+0000] {logging_mixin.py:188} INFO - [2024-04-02T02:13:21.090+0000] {dagbag.py:540} INFO - Filling up the DagBag from /home/airflow/.local/lib/python3.8/site-packages/airflow/example_dags/example_branch_python_dop_operator_3.py
[2024-04-02T02:13:21.107+0000] {processor.py:840} INFO - DAG(s) 'example_branch_dop_operator_v3' retrieved from /home/airflow/.local/lib/python3.8/site-packages/airflow/example_dags/example_branch_python_dop_operator_3.py
[2024-04-02T02:13:21.319+0000] {logging_mixin.py:188} INFO - [2024-04-02T02:13:21.318+0000] {dag.py:3047} INFO - Sync 1 DAGs
[2024-04-02T02:13:21.372+0000] {logging_mixin.py:188} INFO - [2024-04-02T02:13:21.372+0000] {dag.py:3834} INFO - Setting next_dagrun for example_branch_dop_operator_v3 to 2024-04-02 02:12:00+00:00, run_after=2024-04-02 02:13:00+00:00
[2024-04-02T02:13:21.412+0000] {processor.py:183} INFO - Processing /home/airflow/.local/lib/python3.8/site-packages/airflow/example_dags/example_branch_python_dop_operator_3.py took 0.332 seconds
[2024-04-02T02:13:51.632+0000] {processor.py:161} INFO - Started process (PID=247) to work on /home/airflow/.local/lib/python3.8/site-packages/airflow/example_dags/example_branch_python_dop_operator_3.py
[2024-04-02T02:13:51.635+0000] {processor.py:830} INFO - Processing file /home/airflow/.local/lib/python3.8/site-packages/airflow/example_dags/example_branch_python_dop_operator_3.py for tasks to queue
[2024-04-02T02:13:51.638+0000] {logging_mixin.py:188} INFO - [2024-04-02T02:13:51.638+0000] {dagbag.py:540} INFO - Filling up the DagBag from /home/airflow/.local/lib/python3.8/site-packages/airflow/example_dags/example_branch_python_dop_operator_3.py
[2024-04-02T02:13:51.658+0000] {processor.py:840} INFO - DAG(s) 'example_branch_dop_operator_v3' retrieved from /home/airflow/.local/lib/python3.8/site-packages/airflow/example_dags/example_branch_python_dop_operator_3.py
[2024-04-02T02:13:51.699+0000] {logging_mixin.py:188} INFO - [2024-04-02T02:13:51.699+0000] {dag.py:3047} INFO - Sync 1 DAGs
[2024-04-02T02:13:51.759+0000] {logging_mixin.py:188} INFO - [2024-04-02T02:13:51.758+0000] {dag.py:3834} INFO - Setting next_dagrun for example_branch_dop_operator_v3 to 2024-04-02 02:12:00+00:00, run_after=2024-04-02 02:13:00+00:00
[2024-04-02T02:13:51.797+0000] {processor.py:183} INFO - Processing /home/airflow/.local/lib/python3.8/site-packages/airflow/example_dags/example_branch_python_dop_operator_3.py took 0.171 seconds
