[2024-04-02T02:07:03.459+0000] {processor.py:161} INFO - Started process (PID=71) to work on /home/airflow/.local/lib/python3.8/site-packages/airflow/example_dags/example_params_trigger_ui.py
[2024-04-02T02:07:03.464+0000] {processor.py:830} INFO - Processing file /home/airflow/.local/lib/python3.8/site-packages/airflow/example_dags/example_params_trigger_ui.py for tasks to queue
[2024-04-02T02:07:03.496+0000] {logging_mixin.py:188} INFO - [2024-04-02T02:07:03.484+0000] {dagbag.py:540} INFO - Filling up the DagBag from /home/airflow/.local/lib/python3.8/site-packages/airflow/example_dags/example_params_trigger_ui.py
[2024-04-02T02:07:03.655+0000] {processor.py:840} INFO - DAG(s) 'example_params_trigger_ui' retrieved from /home/airflow/.local/lib/python3.8/site-packages/airflow/example_dags/example_params_trigger_ui.py
[2024-04-02T02:07:04.283+0000] {logging_mixin.py:188} INFO - [2024-04-02T02:07:04.282+0000] {dag.py:3047} INFO - Sync 1 DAGs
[2024-04-02T02:07:04.327+0000] {logging_mixin.py:188} INFO - [2024-04-02T02:07:04.325+0000] {dag.py:3834} INFO - Setting next_dagrun for example_params_trigger_ui to None, run_after=None
[2024-04-02T02:07:04.415+0000] {processor.py:183} INFO - Processing /home/airflow/.local/lib/python3.8/site-packages/airflow/example_dags/example_params_trigger_ui.py took 0.970 seconds
[2024-04-02T02:07:35.050+0000] {processor.py:161} INFO - Started process (PID=126) to work on /home/airflow/.local/lib/python3.8/site-packages/airflow/example_dags/example_params_trigger_ui.py
[2024-04-02T02:07:35.054+0000] {processor.py:830} INFO - Processing file /home/airflow/.local/lib/python3.8/site-packages/airflow/example_dags/example_params_trigger_ui.py for tasks to queue
[2024-04-02T02:07:35.057+0000] {logging_mixin.py:188} INFO - [2024-04-02T02:07:35.056+0000] {dagbag.py:540} INFO - Filling up the DagBag from /home/airflow/.local/lib/python3.8/site-packages/airflow/example_dags/example_params_trigger_ui.py
[2024-04-02T02:07:35.092+0000] {processor.py:840} INFO - DAG(s) 'example_params_trigger_ui' retrieved from /home/airflow/.local/lib/python3.8/site-packages/airflow/example_dags/example_params_trigger_ui.py
[2024-04-02T02:07:35.121+0000] {logging_mixin.py:188} INFO - [2024-04-02T02:07:35.120+0000] {dag.py:3047} INFO - Sync 1 DAGs
[2024-04-02T02:07:35.153+0000] {logging_mixin.py:188} INFO - [2024-04-02T02:07:35.152+0000] {dag.py:3834} INFO - Setting next_dagrun for example_params_trigger_ui to None, run_after=None
[2024-04-02T02:07:35.208+0000] {processor.py:183} INFO - Processing /home/airflow/.local/lib/python3.8/site-packages/airflow/example_dags/example_params_trigger_ui.py took 0.167 seconds
[2024-04-02T02:08:05.688+0000] {processor.py:161} INFO - Started process (PID=180) to work on /home/airflow/.local/lib/python3.8/site-packages/airflow/example_dags/example_params_trigger_ui.py
[2024-04-02T02:08:05.691+0000] {processor.py:830} INFO - Processing file /home/airflow/.local/lib/python3.8/site-packages/airflow/example_dags/example_params_trigger_ui.py for tasks to queue
[2024-04-02T02:08:05.695+0000] {logging_mixin.py:188} INFO - [2024-04-02T02:08:05.694+0000] {dagbag.py:540} INFO - Filling up the DagBag from /home/airflow/.local/lib/python3.8/site-packages/airflow/example_dags/example_params_trigger_ui.py
[2024-04-02T02:08:05.728+0000] {processor.py:840} INFO - DAG(s) 'example_params_trigger_ui' retrieved from /home/airflow/.local/lib/python3.8/site-packages/airflow/example_dags/example_params_trigger_ui.py
[2024-04-02T02:08:06.041+0000] {logging_mixin.py:188} INFO - [2024-04-02T02:08:06.041+0000] {dag.py:3047} INFO - Sync 1 DAGs
[2024-04-02T02:08:06.066+0000] {logging_mixin.py:188} INFO - [2024-04-02T02:08:06.065+0000] {dag.py:3834} INFO - Setting next_dagrun for example_params_trigger_ui to None, run_after=None
[2024-04-02T02:08:06.114+0000] {processor.py:183} INFO - Processing /home/airflow/.local/lib/python3.8/site-packages/airflow/example_dags/example_params_trigger_ui.py took 0.431 seconds
[2024-04-02T02:08:36.768+0000] {processor.py:161} INFO - Started process (PID=235) to work on /home/airflow/.local/lib/python3.8/site-packages/airflow/example_dags/example_params_trigger_ui.py
[2024-04-02T02:08:36.770+0000] {processor.py:830} INFO - Processing file /home/airflow/.local/lib/python3.8/site-packages/airflow/example_dags/example_params_trigger_ui.py for tasks to queue
[2024-04-02T02:08:36.773+0000] {logging_mixin.py:188} INFO - [2024-04-02T02:08:36.772+0000] {dagbag.py:540} INFO - Filling up the DagBag from /home/airflow/.local/lib/python3.8/site-packages/airflow/example_dags/example_params_trigger_ui.py
[2024-04-02T02:08:36.798+0000] {processor.py:840} INFO - DAG(s) 'example_params_trigger_ui' retrieved from /home/airflow/.local/lib/python3.8/site-packages/airflow/example_dags/example_params_trigger_ui.py
[2024-04-02T02:08:36.933+0000] {logging_mixin.py:188} INFO - [2024-04-02T02:08:36.933+0000] {dag.py:3047} INFO - Sync 1 DAGs
[2024-04-02T02:08:36.963+0000] {logging_mixin.py:188} INFO - [2024-04-02T02:08:36.962+0000] {dag.py:3834} INFO - Setting next_dagrun for example_params_trigger_ui to None, run_after=None
[2024-04-02T02:08:37.009+0000] {processor.py:183} INFO - Processing /home/airflow/.local/lib/python3.8/site-packages/airflow/example_dags/example_params_trigger_ui.py took 0.247 seconds
[2024-04-02T02:09:07.219+0000] {processor.py:161} INFO - Started process (PID=291) to work on /home/airflow/.local/lib/python3.8/site-packages/airflow/example_dags/example_params_trigger_ui.py
[2024-04-02T02:09:07.221+0000] {processor.py:830} INFO - Processing file /home/airflow/.local/lib/python3.8/site-packages/airflow/example_dags/example_params_trigger_ui.py for tasks to queue
[2024-04-02T02:09:07.225+0000] {logging_mixin.py:188} INFO - [2024-04-02T02:09:07.224+0000] {dagbag.py:540} INFO - Filling up the DagBag from /home/airflow/.local/lib/python3.8/site-packages/airflow/example_dags/example_params_trigger_ui.py
[2024-04-02T02:09:07.253+0000] {processor.py:840} INFO - DAG(s) 'example_params_trigger_ui' retrieved from /home/airflow/.local/lib/python3.8/site-packages/airflow/example_dags/example_params_trigger_ui.py
[2024-04-02T02:09:07.366+0000] {logging_mixin.py:188} INFO - [2024-04-02T02:09:07.365+0000] {dag.py:3047} INFO - Sync 1 DAGs
[2024-04-02T02:09:07.395+0000] {logging_mixin.py:188} INFO - [2024-04-02T02:09:07.394+0000] {dag.py:3834} INFO - Setting next_dagrun for example_params_trigger_ui to None, run_after=None
[2024-04-02T02:09:07.436+0000] {processor.py:183} INFO - Processing /home/airflow/.local/lib/python3.8/site-packages/airflow/example_dags/example_params_trigger_ui.py took 0.224 seconds
[2024-04-02T02:09:37.532+0000] {processor.py:161} INFO - Started process (PID=346) to work on /home/airflow/.local/lib/python3.8/site-packages/airflow/example_dags/example_params_trigger_ui.py
[2024-04-02T02:09:37.535+0000] {processor.py:830} INFO - Processing file /home/airflow/.local/lib/python3.8/site-packages/airflow/example_dags/example_params_trigger_ui.py for tasks to queue
[2024-04-02T02:09:37.540+0000] {logging_mixin.py:188} INFO - [2024-04-02T02:09:37.539+0000] {dagbag.py:540} INFO - Filling up the DagBag from /home/airflow/.local/lib/python3.8/site-packages/airflow/example_dags/example_params_trigger_ui.py
[2024-04-02T02:09:37.571+0000] {processor.py:840} INFO - DAG(s) 'example_params_trigger_ui' retrieved from /home/airflow/.local/lib/python3.8/site-packages/airflow/example_dags/example_params_trigger_ui.py
[2024-04-02T02:09:37.706+0000] {logging_mixin.py:188} INFO - [2024-04-02T02:09:37.706+0000] {dag.py:3047} INFO - Sync 1 DAGs
[2024-04-02T02:09:37.742+0000] {logging_mixin.py:188} INFO - [2024-04-02T02:09:37.741+0000] {dag.py:3834} INFO - Setting next_dagrun for example_params_trigger_ui to None, run_after=None
[2024-04-02T02:09:37.800+0000] {processor.py:183} INFO - Processing /home/airflow/.local/lib/python3.8/site-packages/airflow/example_dags/example_params_trigger_ui.py took 0.273 seconds
[2024-04-02T02:12:14.350+0000] {processor.py:161} INFO - Started process (PID=64) to work on /home/airflow/.local/lib/python3.8/site-packages/airflow/example_dags/example_params_trigger_ui.py
[2024-04-02T02:12:14.354+0000] {processor.py:830} INFO - Processing file /home/airflow/.local/lib/python3.8/site-packages/airflow/example_dags/example_params_trigger_ui.py for tasks to queue
[2024-04-02T02:12:14.359+0000] {logging_mixin.py:188} INFO - [2024-04-02T02:12:14.358+0000] {dagbag.py:540} INFO - Filling up the DagBag from /home/airflow/.local/lib/python3.8/site-packages/airflow/example_dags/example_params_trigger_ui.py
[2024-04-02T02:12:14.394+0000] {processor.py:840} INFO - DAG(s) 'example_params_trigger_ui' retrieved from /home/airflow/.local/lib/python3.8/site-packages/airflow/example_dags/example_params_trigger_ui.py
[2024-04-02T02:12:14.706+0000] {logging_mixin.py:188} INFO - [2024-04-02T02:12:14.705+0000] {override.py:1769} INFO - Created Permission View: can read on DAG:example_params_trigger_ui
[2024-04-02T02:12:14.730+0000] {logging_mixin.py:188} INFO - [2024-04-02T02:12:14.729+0000] {override.py:1769} INFO - Created Permission View: can delete on DAG:example_params_trigger_ui
[2024-04-02T02:12:14.749+0000] {logging_mixin.py:188} INFO - [2024-04-02T02:12:14.748+0000] {override.py:1769} INFO - Created Permission View: can edit on DAG:example_params_trigger_ui
[2024-04-02T02:12:14.751+0000] {logging_mixin.py:188} INFO - [2024-04-02T02:12:14.750+0000] {dag.py:3047} INFO - Sync 1 DAGs
[2024-04-02T02:12:14.773+0000] {logging_mixin.py:188} INFO - [2024-04-02T02:12:14.773+0000] {dag.py:3069} INFO - Creating ORM DAG for example_params_trigger_ui
[2024-04-02T02:12:14.775+0000] {logging_mixin.py:188} INFO - [2024-04-02T02:12:14.775+0000] {dag.py:3834} INFO - Setting next_dagrun for example_params_trigger_ui to None, run_after=None
[2024-04-02T02:12:14.858+0000] {processor.py:183} INFO - Processing /home/airflow/.local/lib/python3.8/site-packages/airflow/example_dags/example_params_trigger_ui.py took 0.522 seconds
[2024-04-02T02:12:45.539+0000] {processor.py:161} INFO - Started process (PID=119) to work on /home/airflow/.local/lib/python3.8/site-packages/airflow/example_dags/example_params_trigger_ui.py
[2024-04-02T02:12:45.543+0000] {processor.py:830} INFO - Processing file /home/airflow/.local/lib/python3.8/site-packages/airflow/example_dags/example_params_trigger_ui.py for tasks to queue
[2024-04-02T02:12:45.549+0000] {logging_mixin.py:188} INFO - [2024-04-02T02:12:45.549+0000] {dagbag.py:540} INFO - Filling up the DagBag from /home/airflow/.local/lib/python3.8/site-packages/airflow/example_dags/example_params_trigger_ui.py
[2024-04-02T02:12:45.588+0000] {processor.py:840} INFO - DAG(s) 'example_params_trigger_ui' retrieved from /home/airflow/.local/lib/python3.8/site-packages/airflow/example_dags/example_params_trigger_ui.py
[2024-04-02T02:12:45.609+0000] {logging_mixin.py:188} INFO - [2024-04-02T02:12:45.608+0000] {dag.py:3047} INFO - Sync 1 DAGs
[2024-04-02T02:12:45.634+0000] {logging_mixin.py:188} INFO - [2024-04-02T02:12:45.633+0000] {dag.py:3834} INFO - Setting next_dagrun for example_params_trigger_ui to None, run_after=None
[2024-04-02T02:12:45.679+0000] {processor.py:183} INFO - Processing /home/airflow/.local/lib/python3.8/site-packages/airflow/example_dags/example_params_trigger_ui.py took 0.147 seconds
[2024-04-02T02:13:16.610+0000] {processor.py:161} INFO - Started process (PID=174) to work on /home/airflow/.local/lib/python3.8/site-packages/airflow/example_dags/example_params_trigger_ui.py
[2024-04-02T02:13:16.612+0000] {processor.py:830} INFO - Processing file /home/airflow/.local/lib/python3.8/site-packages/airflow/example_dags/example_params_trigger_ui.py for tasks to queue
[2024-04-02T02:13:16.616+0000] {logging_mixin.py:188} INFO - [2024-04-02T02:13:16.615+0000] {dagbag.py:540} INFO - Filling up the DagBag from /home/airflow/.local/lib/python3.8/site-packages/airflow/example_dags/example_params_trigger_ui.py
[2024-04-02T02:13:16.643+0000] {processor.py:840} INFO - DAG(s) 'example_params_trigger_ui' retrieved from /home/airflow/.local/lib/python3.8/site-packages/airflow/example_dags/example_params_trigger_ui.py
[2024-04-02T02:13:16.933+0000] {logging_mixin.py:188} INFO - [2024-04-02T02:13:16.932+0000] {dag.py:3047} INFO - Sync 1 DAGs
[2024-04-02T02:13:16.955+0000] {logging_mixin.py:188} INFO - [2024-04-02T02:13:16.954+0000] {dag.py:3834} INFO - Setting next_dagrun for example_params_trigger_ui to None, run_after=None
[2024-04-02T02:13:16.999+0000] {processor.py:183} INFO - Processing /home/airflow/.local/lib/python3.8/site-packages/airflow/example_dags/example_params_trigger_ui.py took 0.396 seconds
[2024-04-02T02:13:47.147+0000] {processor.py:161} INFO - Started process (PID=229) to work on /home/airflow/.local/lib/python3.8/site-packages/airflow/example_dags/example_params_trigger_ui.py
[2024-04-02T02:13:47.149+0000] {processor.py:830} INFO - Processing file /home/airflow/.local/lib/python3.8/site-packages/airflow/example_dags/example_params_trigger_ui.py for tasks to queue
[2024-04-02T02:13:47.153+0000] {logging_mixin.py:188} INFO - [2024-04-02T02:13:47.152+0000] {dagbag.py:540} INFO - Filling up the DagBag from /home/airflow/.local/lib/python3.8/site-packages/airflow/example_dags/example_params_trigger_ui.py
[2024-04-02T02:13:47.184+0000] {processor.py:840} INFO - DAG(s) 'example_params_trigger_ui' retrieved from /home/airflow/.local/lib/python3.8/site-packages/airflow/example_dags/example_params_trigger_ui.py
[2024-04-02T02:13:47.308+0000] {logging_mixin.py:188} INFO - [2024-04-02T02:13:47.308+0000] {dag.py:3047} INFO - Sync 1 DAGs
[2024-04-02T02:13:47.337+0000] {logging_mixin.py:188} INFO - [2024-04-02T02:13:47.336+0000] {dag.py:3834} INFO - Setting next_dagrun for example_params_trigger_ui to None, run_after=None
[2024-04-02T02:13:47.380+0000] {processor.py:183} INFO - Processing /home/airflow/.local/lib/python3.8/site-packages/airflow/example_dags/example_params_trigger_ui.py took 0.238 seconds
