[2024-04-02T02:06:58.535+0000] {processor.py:161} INFO - Started process (PID=55) to work on /home/airflow/.local/lib/python3.8/site-packages/airflow/example_dags/example_branch_labels.py
[2024-04-02T02:06:58.537+0000] {processor.py:830} INFO - Processing file /home/airflow/.local/lib/python3.8/site-packages/airflow/example_dags/example_branch_labels.py for tasks to queue
[2024-04-02T02:06:58.541+0000] {logging_mixin.py:188} INFO - [2024-04-02T02:06:58.540+0000] {dagbag.py:540} INFO - Filling up the DagBag from /home/airflow/.local/lib/python3.8/site-packages/airflow/example_dags/example_branch_labels.py
[2024-04-02T02:06:58.559+0000] {processor.py:840} INFO - DAG(s) 'example_branch_labels' retrieved from /home/airflow/.local/lib/python3.8/site-packages/airflow/example_dags/example_branch_labels.py
[2024-04-02T02:06:58.917+0000] {logging_mixin.py:188} INFO - [2024-04-02T02:06:58.917+0000] {dag.py:3047} INFO - Sync 1 DAGs
[2024-04-02T02:06:59.046+0000] {logging_mixin.py:188} INFO - [2024-04-02T02:06:59.045+0000] {dag.py:3834} INFO - Setting next_dagrun for example_branch_labels to 2024-04-01 00:00:00+00:00, run_after=2024-04-02 00:00:00+00:00
[2024-04-02T02:06:59.110+0000] {processor.py:183} INFO - Processing /home/airflow/.local/lib/python3.8/site-packages/airflow/example_dags/example_branch_labels.py took 0.580 seconds
[2024-04-02T02:07:29.300+0000] {processor.py:161} INFO - Started process (PID=116) to work on /home/airflow/.local/lib/python3.8/site-packages/airflow/example_dags/example_branch_labels.py
[2024-04-02T02:07:29.303+0000] {processor.py:830} INFO - Processing file /home/airflow/.local/lib/python3.8/site-packages/airflow/example_dags/example_branch_labels.py for tasks to queue
[2024-04-02T02:07:29.306+0000] {logging_mixin.py:188} INFO - [2024-04-02T02:07:29.305+0000] {dagbag.py:540} INFO - Filling up the DagBag from /home/airflow/.local/lib/python3.8/site-packages/airflow/example_dags/example_branch_labels.py
[2024-04-02T02:07:29.323+0000] {processor.py:840} INFO - DAG(s) 'example_branch_labels' retrieved from /home/airflow/.local/lib/python3.8/site-packages/airflow/example_dags/example_branch_labels.py
[2024-04-02T02:07:29.369+0000] {logging_mixin.py:188} INFO - [2024-04-02T02:07:29.369+0000] {dag.py:3047} INFO - Sync 1 DAGs
[2024-04-02T02:07:29.424+0000] {logging_mixin.py:188} INFO - [2024-04-02T02:07:29.423+0000] {dag.py:3834} INFO - Setting next_dagrun for example_branch_labels to 2024-04-01 00:00:00+00:00, run_after=2024-04-02 00:00:00+00:00
[2024-04-02T02:07:29.463+0000] {processor.py:183} INFO - Processing /home/airflow/.local/lib/python3.8/site-packages/airflow/example_dags/example_branch_labels.py took 0.169 seconds
[2024-04-02T02:08:00.189+0000] {processor.py:161} INFO - Started process (PID=170) to work on /home/airflow/.local/lib/python3.8/site-packages/airflow/example_dags/example_branch_labels.py
[2024-04-02T02:08:00.192+0000] {processor.py:830} INFO - Processing file /home/airflow/.local/lib/python3.8/site-packages/airflow/example_dags/example_branch_labels.py for tasks to queue
[2024-04-02T02:08:00.198+0000] {logging_mixin.py:188} INFO - [2024-04-02T02:08:00.197+0000] {dagbag.py:540} INFO - Filling up the DagBag from /home/airflow/.local/lib/python3.8/site-packages/airflow/example_dags/example_branch_labels.py
[2024-04-02T02:08:00.219+0000] {processor.py:840} INFO - DAG(s) 'example_branch_labels' retrieved from /home/airflow/.local/lib/python3.8/site-packages/airflow/example_dags/example_branch_labels.py
[2024-04-02T02:08:00.434+0000] {logging_mixin.py:188} INFO - [2024-04-02T02:08:00.434+0000] {dag.py:3047} INFO - Sync 1 DAGs
[2024-04-02T02:08:00.486+0000] {logging_mixin.py:188} INFO - [2024-04-02T02:08:00.485+0000] {dag.py:3834} INFO - Setting next_dagrun for example_branch_labels to 2024-04-01 00:00:00+00:00, run_after=2024-04-02 00:00:00+00:00
[2024-04-02T02:08:00.535+0000] {processor.py:183} INFO - Processing /home/airflow/.local/lib/python3.8/site-packages/airflow/example_dags/example_branch_labels.py took 0.352 seconds
[2024-04-02T02:08:30.984+0000] {processor.py:161} INFO - Started process (PID=225) to work on /home/airflow/.local/lib/python3.8/site-packages/airflow/example_dags/example_branch_labels.py
[2024-04-02T02:08:30.986+0000] {processor.py:830} INFO - Processing file /home/airflow/.local/lib/python3.8/site-packages/airflow/example_dags/example_branch_labels.py for tasks to queue
[2024-04-02T02:08:30.990+0000] {logging_mixin.py:188} INFO - [2024-04-02T02:08:30.990+0000] {dagbag.py:540} INFO - Filling up the DagBag from /home/airflow/.local/lib/python3.8/site-packages/airflow/example_dags/example_branch_labels.py
[2024-04-02T02:08:31.006+0000] {processor.py:840} INFO - DAG(s) 'example_branch_labels' retrieved from /home/airflow/.local/lib/python3.8/site-packages/airflow/example_dags/example_branch_labels.py
[2024-04-02T02:08:31.057+0000] {logging_mixin.py:188} INFO - [2024-04-02T02:08:31.056+0000] {dag.py:3047} INFO - Sync 1 DAGs
[2024-04-02T02:08:31.108+0000] {logging_mixin.py:188} INFO - [2024-04-02T02:08:31.107+0000] {dag.py:3834} INFO - Setting next_dagrun for example_branch_labels to 2024-04-01 00:00:00+00:00, run_after=2024-04-02 00:00:00+00:00
[2024-04-02T02:08:31.153+0000] {processor.py:183} INFO - Processing /home/airflow/.local/lib/python3.8/site-packages/airflow/example_dags/example_branch_labels.py took 0.176 seconds
[2024-04-02T02:09:01.470+0000] {processor.py:161} INFO - Started process (PID=280) to work on /home/airflow/.local/lib/python3.8/site-packages/airflow/example_dags/example_branch_labels.py
[2024-04-02T02:09:01.472+0000] {processor.py:830} INFO - Processing file /home/airflow/.local/lib/python3.8/site-packages/airflow/example_dags/example_branch_labels.py for tasks to queue
[2024-04-02T02:09:01.475+0000] {logging_mixin.py:188} INFO - [2024-04-02T02:09:01.474+0000] {dagbag.py:540} INFO - Filling up the DagBag from /home/airflow/.local/lib/python3.8/site-packages/airflow/example_dags/example_branch_labels.py
[2024-04-02T02:09:01.489+0000] {processor.py:840} INFO - DAG(s) 'example_branch_labels' retrieved from /home/airflow/.local/lib/python3.8/site-packages/airflow/example_dags/example_branch_labels.py
[2024-04-02T02:09:01.529+0000] {logging_mixin.py:188} INFO - [2024-04-02T02:09:01.529+0000] {dag.py:3047} INFO - Sync 1 DAGs
[2024-04-02T02:09:01.572+0000] {logging_mixin.py:188} INFO - [2024-04-02T02:09:01.571+0000] {dag.py:3834} INFO - Setting next_dagrun for example_branch_labels to 2024-04-01 00:00:00+00:00, run_after=2024-04-02 00:00:00+00:00
[2024-04-02T02:09:01.612+0000] {processor.py:183} INFO - Processing /home/airflow/.local/lib/python3.8/site-packages/airflow/example_dags/example_branch_labels.py took 0.147 seconds
[2024-04-02T02:09:32.347+0000] {processor.py:161} INFO - Started process (PID=336) to work on /home/airflow/.local/lib/python3.8/site-packages/airflow/example_dags/example_branch_labels.py
[2024-04-02T02:09:32.351+0000] {processor.py:830} INFO - Processing file /home/airflow/.local/lib/python3.8/site-packages/airflow/example_dags/example_branch_labels.py for tasks to queue
[2024-04-02T02:09:32.354+0000] {logging_mixin.py:188} INFO - [2024-04-02T02:09:32.354+0000] {dagbag.py:540} INFO - Filling up the DagBag from /home/airflow/.local/lib/python3.8/site-packages/airflow/example_dags/example_branch_labels.py
[2024-04-02T02:09:32.371+0000] {processor.py:840} INFO - DAG(s) 'example_branch_labels' retrieved from /home/airflow/.local/lib/python3.8/site-packages/airflow/example_dags/example_branch_labels.py
[2024-04-02T02:09:32.418+0000] {logging_mixin.py:188} INFO - [2024-04-02T02:09:32.417+0000] {dag.py:3047} INFO - Sync 1 DAGs
[2024-04-02T02:09:32.469+0000] {logging_mixin.py:188} INFO - [2024-04-02T02:09:32.469+0000] {dag.py:3834} INFO - Setting next_dagrun for example_branch_labels to 2024-04-01 00:00:00+00:00, run_after=2024-04-02 00:00:00+00:00
[2024-04-02T02:09:32.519+0000] {processor.py:183} INFO - Processing /home/airflow/.local/lib/python3.8/site-packages/airflow/example_dags/example_branch_labels.py took 0.178 seconds
[2024-04-02T02:12:10.716+0000] {processor.py:161} INFO - Started process (PID=54) to work on /home/airflow/.local/lib/python3.8/site-packages/airflow/example_dags/example_branch_labels.py
[2024-04-02T02:12:10.719+0000] {processor.py:830} INFO - Processing file /home/airflow/.local/lib/python3.8/site-packages/airflow/example_dags/example_branch_labels.py for tasks to queue
[2024-04-02T02:12:10.723+0000] {logging_mixin.py:188} INFO - [2024-04-02T02:12:10.722+0000] {dagbag.py:540} INFO - Filling up the DagBag from /home/airflow/.local/lib/python3.8/site-packages/airflow/example_dags/example_branch_labels.py
[2024-04-02T02:12:10.743+0000] {processor.py:840} INFO - DAG(s) 'example_branch_labels' retrieved from /home/airflow/.local/lib/python3.8/site-packages/airflow/example_dags/example_branch_labels.py
[2024-04-02T02:12:11.053+0000] {logging_mixin.py:188} INFO - [2024-04-02T02:12:11.052+0000] {override.py:1769} INFO - Created Permission View: can read on DAG:example_branch_labels
[2024-04-02T02:12:11.084+0000] {logging_mixin.py:188} INFO - [2024-04-02T02:12:11.083+0000] {override.py:1769} INFO - Created Permission View: can delete on DAG:example_branch_labels
[2024-04-02T02:12:11.110+0000] {logging_mixin.py:188} INFO - [2024-04-02T02:12:11.109+0000] {override.py:1769} INFO - Created Permission View: can edit on DAG:example_branch_labels
[2024-04-02T02:12:11.112+0000] {logging_mixin.py:188} INFO - [2024-04-02T02:12:11.112+0000] {dag.py:3047} INFO - Sync 1 DAGs
[2024-04-02T02:12:11.147+0000] {logging_mixin.py:188} INFO - [2024-04-02T02:12:11.146+0000] {dag.py:3069} INFO - Creating ORM DAG for example_branch_labels
[2024-04-02T02:12:11.187+0000] {logging_mixin.py:188} INFO - [2024-04-02T02:12:11.187+0000] {dag.py:3834} INFO - Setting next_dagrun for example_branch_labels to 2024-04-01 00:00:00+00:00, run_after=2024-04-02 00:00:00+00:00
[2024-04-02T02:12:11.243+0000] {processor.py:183} INFO - Processing /home/airflow/.local/lib/python3.8/site-packages/airflow/example_dags/example_branch_labels.py took 0.539 seconds
[2024-04-02T02:12:41.458+0000] {processor.py:161} INFO - Started process (PID=109) to work on /home/airflow/.local/lib/python3.8/site-packages/airflow/example_dags/example_branch_labels.py
[2024-04-02T02:12:41.460+0000] {processor.py:830} INFO - Processing file /home/airflow/.local/lib/python3.8/site-packages/airflow/example_dags/example_branch_labels.py for tasks to queue
[2024-04-02T02:12:41.464+0000] {logging_mixin.py:188} INFO - [2024-04-02T02:12:41.464+0000] {dagbag.py:540} INFO - Filling up the DagBag from /home/airflow/.local/lib/python3.8/site-packages/airflow/example_dags/example_branch_labels.py
[2024-04-02T02:12:41.480+0000] {processor.py:840} INFO - DAG(s) 'example_branch_labels' retrieved from /home/airflow/.local/lib/python3.8/site-packages/airflow/example_dags/example_branch_labels.py
[2024-04-02T02:12:41.503+0000] {logging_mixin.py:188} INFO - [2024-04-02T02:12:41.502+0000] {dag.py:3047} INFO - Sync 1 DAGs
[2024-04-02T02:12:41.546+0000] {logging_mixin.py:188} INFO - [2024-04-02T02:12:41.546+0000] {dag.py:3834} INFO - Setting next_dagrun for example_branch_labels to 2024-04-01 00:00:00+00:00, run_after=2024-04-02 00:00:00+00:00
[2024-04-02T02:12:41.584+0000] {processor.py:183} INFO - Processing /home/airflow/.local/lib/python3.8/site-packages/airflow/example_dags/example_branch_labels.py took 0.133 seconds
[2024-04-02T02:13:12.087+0000] {processor.py:161} INFO - Started process (PID=164) to work on /home/airflow/.local/lib/python3.8/site-packages/airflow/example_dags/example_branch_labels.py
[2024-04-02T02:13:12.089+0000] {processor.py:830} INFO - Processing file /home/airflow/.local/lib/python3.8/site-packages/airflow/example_dags/example_branch_labels.py for tasks to queue
[2024-04-02T02:13:12.092+0000] {logging_mixin.py:188} INFO - [2024-04-02T02:13:12.091+0000] {dagbag.py:540} INFO - Filling up the DagBag from /home/airflow/.local/lib/python3.8/site-packages/airflow/example_dags/example_branch_labels.py
[2024-04-02T02:13:12.105+0000] {processor.py:840} INFO - DAG(s) 'example_branch_labels' retrieved from /home/airflow/.local/lib/python3.8/site-packages/airflow/example_dags/example_branch_labels.py
[2024-04-02T02:13:12.296+0000] {logging_mixin.py:188} INFO - [2024-04-02T02:13:12.295+0000] {dag.py:3047} INFO - Sync 1 DAGs
[2024-04-02T02:13:12.340+0000] {logging_mixin.py:188} INFO - [2024-04-02T02:13:12.339+0000] {dag.py:3834} INFO - Setting next_dagrun for example_branch_labels to 2024-04-01 00:00:00+00:00, run_after=2024-04-02 00:00:00+00:00
[2024-04-02T02:13:12.376+0000] {processor.py:183} INFO - Processing /home/airflow/.local/lib/python3.8/site-packages/airflow/example_dags/example_branch_labels.py took 0.294 seconds
[2024-04-02T02:13:42.597+0000] {processor.py:161} INFO - Started process (PID=219) to work on /home/airflow/.local/lib/python3.8/site-packages/airflow/example_dags/example_branch_labels.py
[2024-04-02T02:13:42.599+0000] {processor.py:830} INFO - Processing file /home/airflow/.local/lib/python3.8/site-packages/airflow/example_dags/example_branch_labels.py for tasks to queue
[2024-04-02T02:13:42.605+0000] {logging_mixin.py:188} INFO - [2024-04-02T02:13:42.604+0000] {dagbag.py:540} INFO - Filling up the DagBag from /home/airflow/.local/lib/python3.8/site-packages/airflow/example_dags/example_branch_labels.py
[2024-04-02T02:13:42.621+0000] {processor.py:840} INFO - DAG(s) 'example_branch_labels' retrieved from /home/airflow/.local/lib/python3.8/site-packages/airflow/example_dags/example_branch_labels.py
[2024-04-02T02:13:42.672+0000] {logging_mixin.py:188} INFO - [2024-04-02T02:13:42.672+0000] {dag.py:3047} INFO - Sync 1 DAGs
[2024-04-02T02:13:42.725+0000] {logging_mixin.py:188} INFO - [2024-04-02T02:13:42.725+0000] {dag.py:3834} INFO - Setting next_dagrun for example_branch_labels to 2024-04-01 00:00:00+00:00, run_after=2024-04-02 00:00:00+00:00
[2024-04-02T02:13:42.767+0000] {processor.py:183} INFO - Processing /home/airflow/.local/lib/python3.8/site-packages/airflow/example_dags/example_branch_labels.py took 0.175 seconds
