[2024-04-02T02:07:10.243+0000] {processor.py:161} INFO - Started process (PID=95) to work on /home/airflow/.local/lib/python3.8/site-packages/airflow/example_dags/example_python_decorator.py
[2024-04-02T02:07:10.245+0000] {processor.py:830} INFO - Processing file /home/airflow/.local/lib/python3.8/site-packages/airflow/example_dags/example_python_decorator.py for tasks to queue
[2024-04-02T02:07:10.248+0000] {logging_mixin.py:188} INFO - [2024-04-02T02:07:10.248+0000] {dagbag.py:540} INFO - Filling up the DagBag from /home/airflow/.local/lib/python3.8/site-packages/airflow/example_dags/example_python_decorator.py
[2024-04-02T02:07:10.282+0000] {processor.py:840} INFO - DAG(s) 'example_python_decorator' retrieved from /home/airflow/.local/lib/python3.8/site-packages/airflow/example_dags/example_python_decorator.py
[2024-04-02T02:07:10.523+0000] {logging_mixin.py:188} INFO - [2024-04-02T02:07:10.523+0000] {dag.py:3047} INFO - Sync 1 DAGs
[2024-04-02T02:07:10.549+0000] {logging_mixin.py:188} INFO - [2024-04-02T02:07:10.549+0000] {dag.py:3834} INFO - Setting next_dagrun for example_python_decorator to None, run_after=None
[2024-04-02T02:07:10.604+0000] {processor.py:183} INFO - Processing /home/airflow/.local/lib/python3.8/site-packages/airflow/example_dags/example_python_decorator.py took 0.367 seconds
[2024-04-02T02:07:41.018+0000] {processor.py:161} INFO - Started process (PID=150) to work on /home/airflow/.local/lib/python3.8/site-packages/airflow/example_dags/example_python_decorator.py
[2024-04-02T02:07:41.021+0000] {processor.py:830} INFO - Processing file /home/airflow/.local/lib/python3.8/site-packages/airflow/example_dags/example_python_decorator.py for tasks to queue
[2024-04-02T02:07:41.026+0000] {logging_mixin.py:188} INFO - [2024-04-02T02:07:41.025+0000] {dagbag.py:540} INFO - Filling up the DagBag from /home/airflow/.local/lib/python3.8/site-packages/airflow/example_dags/example_python_decorator.py
[2024-04-02T02:07:41.061+0000] {processor.py:840} INFO - DAG(s) 'example_python_decorator' retrieved from /home/airflow/.local/lib/python3.8/site-packages/airflow/example_dags/example_python_decorator.py
[2024-04-02T02:07:41.088+0000] {logging_mixin.py:188} INFO - [2024-04-02T02:07:41.087+0000] {dag.py:3047} INFO - Sync 1 DAGs
[2024-04-02T02:07:41.115+0000] {logging_mixin.py:188} INFO - [2024-04-02T02:07:41.115+0000] {dag.py:3834} INFO - Setting next_dagrun for example_python_decorator to None, run_after=None
[2024-04-02T02:07:41.165+0000] {processor.py:183} INFO - Processing /home/airflow/.local/lib/python3.8/site-packages/airflow/example_dags/example_python_decorator.py took 0.163 seconds
[2024-04-02T02:08:12.166+0000] {processor.py:161} INFO - Started process (PID=204) to work on /home/airflow/.local/lib/python3.8/site-packages/airflow/example_dags/example_python_decorator.py
[2024-04-02T02:08:12.168+0000] {processor.py:830} INFO - Processing file /home/airflow/.local/lib/python3.8/site-packages/airflow/example_dags/example_python_decorator.py for tasks to queue
[2024-04-02T02:08:12.172+0000] {logging_mixin.py:188} INFO - [2024-04-02T02:08:12.171+0000] {dagbag.py:540} INFO - Filling up the DagBag from /home/airflow/.local/lib/python3.8/site-packages/airflow/example_dags/example_python_decorator.py
[2024-04-02T02:08:12.200+0000] {processor.py:840} INFO - DAG(s) 'example_python_decorator' retrieved from /home/airflow/.local/lib/python3.8/site-packages/airflow/example_dags/example_python_decorator.py
[2024-04-02T02:08:12.411+0000] {logging_mixin.py:188} INFO - [2024-04-02T02:08:12.410+0000] {dag.py:3047} INFO - Sync 1 DAGs
[2024-04-02T02:08:12.434+0000] {logging_mixin.py:188} INFO - [2024-04-02T02:08:12.433+0000] {dag.py:3834} INFO - Setting next_dagrun for example_python_decorator to None, run_after=None
[2024-04-02T02:08:12.489+0000] {processor.py:183} INFO - Processing /home/airflow/.local/lib/python3.8/site-packages/airflow/example_dags/example_python_decorator.py took 0.329 seconds
[2024-04-02T02:08:43.067+0000] {processor.py:161} INFO - Started process (PID=259) to work on /home/airflow/.local/lib/python3.8/site-packages/airflow/example_dags/example_python_decorator.py
[2024-04-02T02:08:43.068+0000] {processor.py:830} INFO - Processing file /home/airflow/.local/lib/python3.8/site-packages/airflow/example_dags/example_python_decorator.py for tasks to queue
[2024-04-02T02:08:43.071+0000] {logging_mixin.py:188} INFO - [2024-04-02T02:08:43.071+0000] {dagbag.py:540} INFO - Filling up the DagBag from /home/airflow/.local/lib/python3.8/site-packages/airflow/example_dags/example_python_decorator.py
[2024-04-02T02:08:43.093+0000] {processor.py:840} INFO - DAG(s) 'example_python_decorator' retrieved from /home/airflow/.local/lib/python3.8/site-packages/airflow/example_dags/example_python_decorator.py
[2024-04-02T02:08:43.133+0000] {logging_mixin.py:188} INFO - [2024-04-02T02:08:43.132+0000] {dag.py:3047} INFO - Sync 1 DAGs
[2024-04-02T02:08:43.157+0000] {logging_mixin.py:188} INFO - [2024-04-02T02:08:43.156+0000] {dag.py:3834} INFO - Setting next_dagrun for example_python_decorator to None, run_after=None
[2024-04-02T02:08:43.201+0000] {processor.py:183} INFO - Processing /home/airflow/.local/lib/python3.8/site-packages/airflow/example_dags/example_python_decorator.py took 0.139 seconds
[2024-04-02T02:09:13.801+0000] {processor.py:161} INFO - Started process (PID=314) to work on /home/airflow/.local/lib/python3.8/site-packages/airflow/example_dags/example_python_decorator.py
[2024-04-02T02:09:13.804+0000] {processor.py:830} INFO - Processing file /home/airflow/.local/lib/python3.8/site-packages/airflow/example_dags/example_python_decorator.py for tasks to queue
[2024-04-02T02:09:13.808+0000] {logging_mixin.py:188} INFO - [2024-04-02T02:09:13.807+0000] {dagbag.py:540} INFO - Filling up the DagBag from /home/airflow/.local/lib/python3.8/site-packages/airflow/example_dags/example_python_decorator.py
[2024-04-02T02:09:13.838+0000] {processor.py:840} INFO - DAG(s) 'example_python_decorator' retrieved from /home/airflow/.local/lib/python3.8/site-packages/airflow/example_dags/example_python_decorator.py
[2024-04-02T02:09:13.893+0000] {logging_mixin.py:188} INFO - [2024-04-02T02:09:13.892+0000] {dag.py:3047} INFO - Sync 1 DAGs
[2024-04-02T02:09:13.920+0000] {logging_mixin.py:188} INFO - [2024-04-02T02:09:13.919+0000] {dag.py:3834} INFO - Setting next_dagrun for example_python_decorator to None, run_after=None
[2024-04-02T02:09:13.969+0000] {processor.py:183} INFO - Processing /home/airflow/.local/lib/python3.8/site-packages/airflow/example_dags/example_python_decorator.py took 0.177 seconds
[2024-04-02T02:09:44.744+0000] {processor.py:161} INFO - Started process (PID=370) to work on /home/airflow/.local/lib/python3.8/site-packages/airflow/example_dags/example_python_decorator.py
[2024-04-02T02:09:44.745+0000] {processor.py:830} INFO - Processing file /home/airflow/.local/lib/python3.8/site-packages/airflow/example_dags/example_python_decorator.py for tasks to queue
[2024-04-02T02:09:44.749+0000] {logging_mixin.py:188} INFO - [2024-04-02T02:09:44.748+0000] {dagbag.py:540} INFO - Filling up the DagBag from /home/airflow/.local/lib/python3.8/site-packages/airflow/example_dags/example_python_decorator.py
[2024-04-02T02:09:44.777+0000] {processor.py:840} INFO - DAG(s) 'example_python_decorator' retrieved from /home/airflow/.local/lib/python3.8/site-packages/airflow/example_dags/example_python_decorator.py
[2024-04-02T02:09:44.825+0000] {logging_mixin.py:188} INFO - [2024-04-02T02:09:44.825+0000] {dag.py:3047} INFO - Sync 1 DAGs
[2024-04-02T02:09:44.853+0000] {logging_mixin.py:188} INFO - [2024-04-02T02:09:44.852+0000] {dag.py:3834} INFO - Setting next_dagrun for example_python_decorator to None, run_after=None
[2024-04-02T02:09:44.895+0000] {processor.py:183} INFO - Processing /home/airflow/.local/lib/python3.8/site-packages/airflow/example_dags/example_python_decorator.py took 0.157 seconds
[2024-04-02T02:12:20.284+0000] {processor.py:161} INFO - Started process (PID=88) to work on /home/airflow/.local/lib/python3.8/site-packages/airflow/example_dags/example_python_decorator.py
[2024-04-02T02:12:20.286+0000] {processor.py:830} INFO - Processing file /home/airflow/.local/lib/python3.8/site-packages/airflow/example_dags/example_python_decorator.py for tasks to queue
[2024-04-02T02:12:20.289+0000] {logging_mixin.py:188} INFO - [2024-04-02T02:12:20.289+0000] {dagbag.py:540} INFO - Filling up the DagBag from /home/airflow/.local/lib/python3.8/site-packages/airflow/example_dags/example_python_decorator.py
[2024-04-02T02:12:20.330+0000] {processor.py:840} INFO - DAG(s) 'example_python_decorator' retrieved from /home/airflow/.local/lib/python3.8/site-packages/airflow/example_dags/example_python_decorator.py
[2024-04-02T02:12:20.534+0000] {logging_mixin.py:188} INFO - [2024-04-02T02:12:20.533+0000] {override.py:1769} INFO - Created Permission View: can read on DAG:example_python_decorator
[2024-04-02T02:12:20.557+0000] {logging_mixin.py:188} INFO - [2024-04-02T02:12:20.556+0000] {override.py:1769} INFO - Created Permission View: can delete on DAG:example_python_decorator
[2024-04-02T02:12:20.573+0000] {logging_mixin.py:188} INFO - [2024-04-02T02:12:20.572+0000] {override.py:1769} INFO - Created Permission View: can edit on DAG:example_python_decorator
[2024-04-02T02:12:20.574+0000] {logging_mixin.py:188} INFO - [2024-04-02T02:12:20.574+0000] {dag.py:3047} INFO - Sync 1 DAGs
[2024-04-02T02:12:20.599+0000] {logging_mixin.py:188} INFO - [2024-04-02T02:12:20.599+0000] {dag.py:3069} INFO - Creating ORM DAG for example_python_decorator
[2024-04-02T02:12:20.602+0000] {logging_mixin.py:188} INFO - [2024-04-02T02:12:20.601+0000] {dag.py:3834} INFO - Setting next_dagrun for example_python_decorator to None, run_after=None
[2024-04-02T02:12:20.641+0000] {processor.py:183} INFO - Processing /home/airflow/.local/lib/python3.8/site-packages/airflow/example_dags/example_python_decorator.py took 0.362 seconds
[2024-04-02T02:12:51.057+0000] {processor.py:161} INFO - Started process (PID=143) to work on /home/airflow/.local/lib/python3.8/site-packages/airflow/example_dags/example_python_decorator.py
[2024-04-02T02:12:51.059+0000] {processor.py:830} INFO - Processing file /home/airflow/.local/lib/python3.8/site-packages/airflow/example_dags/example_python_decorator.py for tasks to queue
[2024-04-02T02:12:51.064+0000] {logging_mixin.py:188} INFO - [2024-04-02T02:12:51.063+0000] {dagbag.py:540} INFO - Filling up the DagBag from /home/airflow/.local/lib/python3.8/site-packages/airflow/example_dags/example_python_decorator.py
[2024-04-02T02:12:51.097+0000] {processor.py:840} INFO - DAG(s) 'example_python_decorator' retrieved from /home/airflow/.local/lib/python3.8/site-packages/airflow/example_dags/example_python_decorator.py
[2024-04-02T02:12:51.122+0000] {logging_mixin.py:188} INFO - [2024-04-02T02:12:51.121+0000] {dag.py:3047} INFO - Sync 1 DAGs
[2024-04-02T02:12:51.148+0000] {logging_mixin.py:188} INFO - [2024-04-02T02:12:51.148+0000] {dag.py:3834} INFO - Setting next_dagrun for example_python_decorator to None, run_after=None
[2024-04-02T02:12:51.193+0000] {processor.py:183} INFO - Processing /home/airflow/.local/lib/python3.8/site-packages/airflow/example_dags/example_python_decorator.py took 0.142 seconds
[2024-04-02T02:13:22.616+0000] {processor.py:161} INFO - Started process (PID=198) to work on /home/airflow/.local/lib/python3.8/site-packages/airflow/example_dags/example_python_decorator.py
[2024-04-02T02:13:22.619+0000] {processor.py:830} INFO - Processing file /home/airflow/.local/lib/python3.8/site-packages/airflow/example_dags/example_python_decorator.py for tasks to queue
[2024-04-02T02:13:22.624+0000] {logging_mixin.py:188} INFO - [2024-04-02T02:13:22.623+0000] {dagbag.py:540} INFO - Filling up the DagBag from /home/airflow/.local/lib/python3.8/site-packages/airflow/example_dags/example_python_decorator.py
[2024-04-02T02:13:22.660+0000] {processor.py:840} INFO - DAG(s) 'example_python_decorator' retrieved from /home/airflow/.local/lib/python3.8/site-packages/airflow/example_dags/example_python_decorator.py
[2024-04-02T02:13:22.916+0000] {logging_mixin.py:188} INFO - [2024-04-02T02:13:22.916+0000] {dag.py:3047} INFO - Sync 1 DAGs
[2024-04-02T02:13:22.937+0000] {logging_mixin.py:188} INFO - [2024-04-02T02:13:22.937+0000] {dag.py:3834} INFO - Setting next_dagrun for example_python_decorator to None, run_after=None
[2024-04-02T02:13:22.979+0000] {processor.py:183} INFO - Processing /home/airflow/.local/lib/python3.8/site-packages/airflow/example_dags/example_python_decorator.py took 0.370 seconds
[2024-04-02T02:13:53.294+0000] {processor.py:161} INFO - Started process (PID=253) to work on /home/airflow/.local/lib/python3.8/site-packages/airflow/example_dags/example_python_decorator.py
[2024-04-02T02:13:53.297+0000] {processor.py:830} INFO - Processing file /home/airflow/.local/lib/python3.8/site-packages/airflow/example_dags/example_python_decorator.py for tasks to queue
[2024-04-02T02:13:53.300+0000] {logging_mixin.py:188} INFO - [2024-04-02T02:13:53.299+0000] {dagbag.py:540} INFO - Filling up the DagBag from /home/airflow/.local/lib/python3.8/site-packages/airflow/example_dags/example_python_decorator.py
[2024-04-02T02:13:53.328+0000] {processor.py:840} INFO - DAG(s) 'example_python_decorator' retrieved from /home/airflow/.local/lib/python3.8/site-packages/airflow/example_dags/example_python_decorator.py
[2024-04-02T02:13:53.371+0000] {logging_mixin.py:188} INFO - [2024-04-02T02:13:53.370+0000] {dag.py:3047} INFO - Sync 1 DAGs
[2024-04-02T02:13:53.394+0000] {logging_mixin.py:188} INFO - [2024-04-02T02:13:53.394+0000] {dag.py:3834} INFO - Setting next_dagrun for example_python_decorator to None, run_after=None
[2024-04-02T02:13:53.435+0000] {processor.py:183} INFO - Processing /home/airflow/.local/lib/python3.8/site-packages/airflow/example_dags/example_python_decorator.py took 0.145 seconds
