[2024-04-02T02:07:05.530+0000] {processor.py:161} INFO - Started process (PID=77) to work on /home/airflow/.local/lib/python3.8/site-packages/airflow/example_dags/example_short_circuit_decorator.py
[2024-04-02T02:07:05.532+0000] {processor.py:830} INFO - Processing file /home/airflow/.local/lib/python3.8/site-packages/airflow/example_dags/example_short_circuit_decorator.py for tasks to queue
[2024-04-02T02:07:05.537+0000] {logging_mixin.py:188} INFO - [2024-04-02T02:07:05.536+0000] {dagbag.py:540} INFO - Filling up the DagBag from /home/airflow/.local/lib/python3.8/site-packages/airflow/example_dags/example_short_circuit_decorator.py
[2024-04-02T02:07:05.565+0000] {processor.py:840} INFO - DAG(s) 'example_short_circuit_decorator' retrieved from /home/airflow/.local/lib/python3.8/site-packages/airflow/example_dags/example_short_circuit_decorator.py
[2024-04-02T02:07:05.840+0000] {logging_mixin.py:188} INFO - [2024-04-02T02:07:05.839+0000] {dag.py:3047} INFO - Sync 1 DAGs
[2024-04-02T02:07:05.887+0000] {logging_mixin.py:188} INFO - [2024-04-02T02:07:05.886+0000] {dag.py:3834} INFO - Setting next_dagrun for example_short_circuit_decorator to 2024-04-01 00:00:00+00:00, run_after=2024-04-02 00:00:00+00:00
[2024-04-02T02:07:05.932+0000] {processor.py:183} INFO - Processing /home/airflow/.local/lib/python3.8/site-packages/airflow/example_dags/example_short_circuit_decorator.py took 0.408 seconds
[2024-04-02T02:07:36.733+0000] {processor.py:161} INFO - Started process (PID=132) to work on /home/airflow/.local/lib/python3.8/site-packages/airflow/example_dags/example_short_circuit_decorator.py
[2024-04-02T02:07:36.737+0000] {processor.py:830} INFO - Processing file /home/airflow/.local/lib/python3.8/site-packages/airflow/example_dags/example_short_circuit_decorator.py for tasks to queue
[2024-04-02T02:07:36.741+0000] {logging_mixin.py:188} INFO - [2024-04-02T02:07:36.741+0000] {dagbag.py:540} INFO - Filling up the DagBag from /home/airflow/.local/lib/python3.8/site-packages/airflow/example_dags/example_short_circuit_decorator.py
[2024-04-02T02:07:36.767+0000] {processor.py:840} INFO - DAG(s) 'example_short_circuit_decorator' retrieved from /home/airflow/.local/lib/python3.8/site-packages/airflow/example_dags/example_short_circuit_decorator.py
[2024-04-02T02:07:36.791+0000] {logging_mixin.py:188} INFO - [2024-04-02T02:07:36.790+0000] {dag.py:3047} INFO - Sync 1 DAGs
[2024-04-02T02:07:36.848+0000] {logging_mixin.py:188} INFO - [2024-04-02T02:07:36.848+0000] {dag.py:3834} INFO - Setting next_dagrun for example_short_circuit_decorator to 2024-04-01 00:00:00+00:00, run_after=2024-04-02 00:00:00+00:00
[2024-04-02T02:07:36.917+0000] {processor.py:183} INFO - Processing /home/airflow/.local/lib/python3.8/site-packages/airflow/example_dags/example_short_circuit_decorator.py took 0.191 seconds
[2024-04-02T02:08:07.918+0000] {processor.py:161} INFO - Started process (PID=186) to work on /home/airflow/.local/lib/python3.8/site-packages/airflow/example_dags/example_short_circuit_decorator.py
[2024-04-02T02:08:07.920+0000] {processor.py:830} INFO - Processing file /home/airflow/.local/lib/python3.8/site-packages/airflow/example_dags/example_short_circuit_decorator.py for tasks to queue
[2024-04-02T02:08:07.924+0000] {logging_mixin.py:188} INFO - [2024-04-02T02:08:07.923+0000] {dagbag.py:540} INFO - Filling up the DagBag from /home/airflow/.local/lib/python3.8/site-packages/airflow/example_dags/example_short_circuit_decorator.py
[2024-04-02T02:08:07.943+0000] {processor.py:840} INFO - DAG(s) 'example_short_circuit_decorator' retrieved from /home/airflow/.local/lib/python3.8/site-packages/airflow/example_dags/example_short_circuit_decorator.py
[2024-04-02T02:08:08.181+0000] {logging_mixin.py:188} INFO - [2024-04-02T02:08:08.180+0000] {dag.py:3047} INFO - Sync 1 DAGs
[2024-04-02T02:08:08.227+0000] {logging_mixin.py:188} INFO - [2024-04-02T02:08:08.227+0000] {dag.py:3834} INFO - Setting next_dagrun for example_short_circuit_decorator to 2024-04-01 00:00:00+00:00, run_after=2024-04-02 00:00:00+00:00
[2024-04-02T02:08:08.284+0000] {processor.py:183} INFO - Processing /home/airflow/.local/lib/python3.8/site-packages/airflow/example_dags/example_short_circuit_decorator.py took 0.373 seconds
[2024-04-02T02:08:38.366+0000] {processor.py:161} INFO - Started process (PID=241) to work on /home/airflow/.local/lib/python3.8/site-packages/airflow/example_dags/example_short_circuit_decorator.py
[2024-04-02T02:08:38.368+0000] {processor.py:830} INFO - Processing file /home/airflow/.local/lib/python3.8/site-packages/airflow/example_dags/example_short_circuit_decorator.py for tasks to queue
[2024-04-02T02:08:38.371+0000] {logging_mixin.py:188} INFO - [2024-04-02T02:08:38.370+0000] {dagbag.py:540} INFO - Filling up the DagBag from /home/airflow/.local/lib/python3.8/site-packages/airflow/example_dags/example_short_circuit_decorator.py
[2024-04-02T02:08:38.391+0000] {processor.py:840} INFO - DAG(s) 'example_short_circuit_decorator' retrieved from /home/airflow/.local/lib/python3.8/site-packages/airflow/example_dags/example_short_circuit_decorator.py
[2024-04-02T02:08:38.441+0000] {logging_mixin.py:188} INFO - [2024-04-02T02:08:38.440+0000] {dag.py:3047} INFO - Sync 1 DAGs
[2024-04-02T02:08:38.491+0000] {logging_mixin.py:188} INFO - [2024-04-02T02:08:38.491+0000] {dag.py:3834} INFO - Setting next_dagrun for example_short_circuit_decorator to 2024-04-01 00:00:00+00:00, run_after=2024-04-02 00:00:00+00:00
[2024-04-02T02:08:38.537+0000] {processor.py:183} INFO - Processing /home/airflow/.local/lib/python3.8/site-packages/airflow/example_dags/example_short_circuit_decorator.py took 0.176 seconds
[2024-04-02T02:09:08.688+0000] {processor.py:161} INFO - Started process (PID=296) to work on /home/airflow/.local/lib/python3.8/site-packages/airflow/example_dags/example_short_circuit_decorator.py
[2024-04-02T02:09:08.690+0000] {processor.py:830} INFO - Processing file /home/airflow/.local/lib/python3.8/site-packages/airflow/example_dags/example_short_circuit_decorator.py for tasks to queue
[2024-04-02T02:09:08.694+0000] {logging_mixin.py:188} INFO - [2024-04-02T02:09:08.694+0000] {dagbag.py:540} INFO - Filling up the DagBag from /home/airflow/.local/lib/python3.8/site-packages/airflow/example_dags/example_short_circuit_decorator.py
[2024-04-02T02:09:08.713+0000] {processor.py:840} INFO - DAG(s) 'example_short_circuit_decorator' retrieved from /home/airflow/.local/lib/python3.8/site-packages/airflow/example_dags/example_short_circuit_decorator.py
[2024-04-02T02:09:08.759+0000] {logging_mixin.py:188} INFO - [2024-04-02T02:09:08.758+0000] {dag.py:3047} INFO - Sync 1 DAGs
[2024-04-02T02:09:08.800+0000] {logging_mixin.py:188} INFO - [2024-04-02T02:09:08.799+0000] {dag.py:3834} INFO - Setting next_dagrun for example_short_circuit_decorator to 2024-04-01 00:00:00+00:00, run_after=2024-04-02 00:00:00+00:00
[2024-04-02T02:09:08.841+0000] {processor.py:183} INFO - Processing /home/airflow/.local/lib/python3.8/site-packages/airflow/example_dags/example_short_circuit_decorator.py took 0.158 seconds
[2024-04-02T02:09:39.223+0000] {processor.py:161} INFO - Started process (PID=352) to work on /home/airflow/.local/lib/python3.8/site-packages/airflow/example_dags/example_short_circuit_decorator.py
[2024-04-02T02:09:39.225+0000] {processor.py:830} INFO - Processing file /home/airflow/.local/lib/python3.8/site-packages/airflow/example_dags/example_short_circuit_decorator.py for tasks to queue
[2024-04-02T02:09:39.228+0000] {logging_mixin.py:188} INFO - [2024-04-02T02:09:39.227+0000] {dagbag.py:540} INFO - Filling up the DagBag from /home/airflow/.local/lib/python3.8/site-packages/airflow/example_dags/example_short_circuit_decorator.py
[2024-04-02T02:09:39.245+0000] {processor.py:840} INFO - DAG(s) 'example_short_circuit_decorator' retrieved from /home/airflow/.local/lib/python3.8/site-packages/airflow/example_dags/example_short_circuit_decorator.py
[2024-04-02T02:09:39.295+0000] {logging_mixin.py:188} INFO - [2024-04-02T02:09:39.294+0000] {dag.py:3047} INFO - Sync 1 DAGs
[2024-04-02T02:09:39.342+0000] {logging_mixin.py:188} INFO - [2024-04-02T02:09:39.341+0000] {dag.py:3834} INFO - Setting next_dagrun for example_short_circuit_decorator to 2024-04-01 00:00:00+00:00, run_after=2024-04-02 00:00:00+00:00
[2024-04-02T02:09:39.387+0000] {processor.py:183} INFO - Processing /home/airflow/.local/lib/python3.8/site-packages/airflow/example_dags/example_short_circuit_decorator.py took 0.167 seconds
[2024-04-02T02:12:15.767+0000] {processor.py:161} INFO - Started process (PID=70) to work on /home/airflow/.local/lib/python3.8/site-packages/airflow/example_dags/example_short_circuit_decorator.py
[2024-04-02T02:12:15.769+0000] {processor.py:830} INFO - Processing file /home/airflow/.local/lib/python3.8/site-packages/airflow/example_dags/example_short_circuit_decorator.py for tasks to queue
[2024-04-02T02:12:15.773+0000] {logging_mixin.py:188} INFO - [2024-04-02T02:12:15.772+0000] {dagbag.py:540} INFO - Filling up the DagBag from /home/airflow/.local/lib/python3.8/site-packages/airflow/example_dags/example_short_circuit_decorator.py
[2024-04-02T02:12:15.801+0000] {processor.py:840} INFO - DAG(s) 'example_short_circuit_decorator' retrieved from /home/airflow/.local/lib/python3.8/site-packages/airflow/example_dags/example_short_circuit_decorator.py
[2024-04-02T02:12:16.113+0000] {logging_mixin.py:188} INFO - [2024-04-02T02:12:16.111+0000] {override.py:1769} INFO - Created Permission View: can read on DAG:example_short_circuit_decorator
[2024-04-02T02:12:16.137+0000] {logging_mixin.py:188} INFO - [2024-04-02T02:12:16.136+0000] {override.py:1769} INFO - Created Permission View: can delete on DAG:example_short_circuit_decorator
[2024-04-02T02:12:16.153+0000] {logging_mixin.py:188} INFO - [2024-04-02T02:12:16.152+0000] {override.py:1769} INFO - Created Permission View: can edit on DAG:example_short_circuit_decorator
[2024-04-02T02:12:16.155+0000] {logging_mixin.py:188} INFO - [2024-04-02T02:12:16.155+0000] {dag.py:3047} INFO - Sync 1 DAGs
[2024-04-02T02:12:16.183+0000] {logging_mixin.py:188} INFO - [2024-04-02T02:12:16.183+0000] {dag.py:3069} INFO - Creating ORM DAG for example_short_circuit_decorator
[2024-04-02T02:12:16.210+0000] {logging_mixin.py:188} INFO - [2024-04-02T02:12:16.210+0000] {dag.py:3834} INFO - Setting next_dagrun for example_short_circuit_decorator to 2024-04-01 00:00:00+00:00, run_after=2024-04-02 00:00:00+00:00
[2024-04-02T02:12:16.254+0000] {processor.py:183} INFO - Processing /home/airflow/.local/lib/python3.8/site-packages/airflow/example_dags/example_short_circuit_decorator.py took 0.491 seconds
[2024-04-02T02:12:46.347+0000] {processor.py:161} INFO - Started process (PID=125) to work on /home/airflow/.local/lib/python3.8/site-packages/airflow/example_dags/example_short_circuit_decorator.py
[2024-04-02T02:12:46.350+0000] {processor.py:830} INFO - Processing file /home/airflow/.local/lib/python3.8/site-packages/airflow/example_dags/example_short_circuit_decorator.py for tasks to queue
[2024-04-02T02:12:46.355+0000] {logging_mixin.py:188} INFO - [2024-04-02T02:12:46.354+0000] {dagbag.py:540} INFO - Filling up the DagBag from /home/airflow/.local/lib/python3.8/site-packages/airflow/example_dags/example_short_circuit_decorator.py
[2024-04-02T02:12:46.377+0000] {processor.py:840} INFO - DAG(s) 'example_short_circuit_decorator' retrieved from /home/airflow/.local/lib/python3.8/site-packages/airflow/example_dags/example_short_circuit_decorator.py
[2024-04-02T02:12:46.418+0000] {logging_mixin.py:188} INFO - [2024-04-02T02:12:46.417+0000] {dag.py:3047} INFO - Sync 1 DAGs
[2024-04-02T02:12:46.470+0000] {logging_mixin.py:188} INFO - [2024-04-02T02:12:46.469+0000] {dag.py:3834} INFO - Setting next_dagrun for example_short_circuit_decorator to 2024-04-01 00:00:00+00:00, run_after=2024-04-02 00:00:00+00:00
[2024-04-02T02:12:46.519+0000] {processor.py:183} INFO - Processing /home/airflow/.local/lib/python3.8/site-packages/airflow/example_dags/example_short_circuit_decorator.py took 0.177 seconds
[2024-04-02T02:13:17.736+0000] {processor.py:161} INFO - Started process (PID=180) to work on /home/airflow/.local/lib/python3.8/site-packages/airflow/example_dags/example_short_circuit_decorator.py
[2024-04-02T02:13:17.739+0000] {processor.py:830} INFO - Processing file /home/airflow/.local/lib/python3.8/site-packages/airflow/example_dags/example_short_circuit_decorator.py for tasks to queue
[2024-04-02T02:13:17.742+0000] {logging_mixin.py:188} INFO - [2024-04-02T02:13:17.742+0000] {dagbag.py:540} INFO - Filling up the DagBag from /home/airflow/.local/lib/python3.8/site-packages/airflow/example_dags/example_short_circuit_decorator.py
[2024-04-02T02:13:17.760+0000] {processor.py:840} INFO - DAG(s) 'example_short_circuit_decorator' retrieved from /home/airflow/.local/lib/python3.8/site-packages/airflow/example_dags/example_short_circuit_decorator.py
[2024-04-02T02:13:17.976+0000] {logging_mixin.py:188} INFO - [2024-04-02T02:13:17.975+0000] {dag.py:3047} INFO - Sync 1 DAGs
[2024-04-02T02:13:18.011+0000] {logging_mixin.py:188} INFO - [2024-04-02T02:13:18.011+0000] {dag.py:3834} INFO - Setting next_dagrun for example_short_circuit_decorator to 2024-04-01 00:00:00+00:00, run_after=2024-04-02 00:00:00+00:00
[2024-04-02T02:13:18.055+0000] {processor.py:183} INFO - Processing /home/airflow/.local/lib/python3.8/site-packages/airflow/example_dags/example_short_circuit_decorator.py took 0.325 seconds
[2024-04-02T02:13:48.788+0000] {processor.py:161} INFO - Started process (PID=235) to work on /home/airflow/.local/lib/python3.8/site-packages/airflow/example_dags/example_short_circuit_decorator.py
[2024-04-02T02:13:48.790+0000] {processor.py:830} INFO - Processing file /home/airflow/.local/lib/python3.8/site-packages/airflow/example_dags/example_short_circuit_decorator.py for tasks to queue
[2024-04-02T02:13:48.793+0000] {logging_mixin.py:188} INFO - [2024-04-02T02:13:48.793+0000] {dagbag.py:540} INFO - Filling up the DagBag from /home/airflow/.local/lib/python3.8/site-packages/airflow/example_dags/example_short_circuit_decorator.py
[2024-04-02T02:13:48.810+0000] {processor.py:840} INFO - DAG(s) 'example_short_circuit_decorator' retrieved from /home/airflow/.local/lib/python3.8/site-packages/airflow/example_dags/example_short_circuit_decorator.py
[2024-04-02T02:13:48.876+0000] {logging_mixin.py:188} INFO - [2024-04-02T02:13:48.875+0000] {dag.py:3047} INFO - Sync 1 DAGs
[2024-04-02T02:13:48.941+0000] {logging_mixin.py:188} INFO - [2024-04-02T02:13:48.940+0000] {dag.py:3834} INFO - Setting next_dagrun for example_short_circuit_decorator to 2024-04-01 00:00:00+00:00, run_after=2024-04-02 00:00:00+00:00
[2024-04-02T02:13:48.991+0000] {processor.py:183} INFO - Processing /home/airflow/.local/lib/python3.8/site-packages/airflow/example_dags/example_short_circuit_decorator.py took 0.209 seconds
