[2024-04-02T02:07:08.094+0000] {processor.py:161} INFO - Started process (PID=88) to work on /home/airflow/.local/lib/python3.8/site-packages/airflow/example_dags/example_task_group_decorator.py
[2024-04-02T02:07:08.096+0000] {processor.py:830} INFO - Processing file /home/airflow/.local/lib/python3.8/site-packages/airflow/example_dags/example_task_group_decorator.py for tasks to queue
[2024-04-02T02:07:08.100+0000] {logging_mixin.py:188} INFO - [2024-04-02T02:07:08.100+0000] {dagbag.py:540} INFO - Filling up the DagBag from /home/airflow/.local/lib/python3.8/site-packages/airflow/example_dags/example_task_group_decorator.py
[2024-04-02T02:07:08.135+0000] {processor.py:840} INFO - DAG(s) 'example_task_group_decorator' retrieved from /home/airflow/.local/lib/python3.8/site-packages/airflow/example_dags/example_task_group_decorator.py
[2024-04-02T02:07:08.398+0000] {logging_mixin.py:188} INFO - [2024-04-02T02:07:08.397+0000] {dag.py:3047} INFO - Sync 1 DAGs
[2024-04-02T02:07:08.509+0000] {logging_mixin.py:188} INFO - [2024-04-02T02:07:08.509+0000] {dag.py:3834} INFO - Setting next_dagrun for example_task_group_decorator to 2024-04-01 00:00:00+00:00, run_after=2024-04-02 00:00:00+00:00
[2024-04-02T02:07:08.561+0000] {processor.py:183} INFO - Processing /home/airflow/.local/lib/python3.8/site-packages/airflow/example_dags/example_task_group_decorator.py took 0.474 seconds
[2024-04-02T02:07:38.809+0000] {processor.py:161} INFO - Started process (PID=143) to work on /home/airflow/.local/lib/python3.8/site-packages/airflow/example_dags/example_task_group_decorator.py
[2024-04-02T02:07:38.813+0000] {processor.py:830} INFO - Processing file /home/airflow/.local/lib/python3.8/site-packages/airflow/example_dags/example_task_group_decorator.py for tasks to queue
[2024-04-02T02:07:38.817+0000] {logging_mixin.py:188} INFO - [2024-04-02T02:07:38.816+0000] {dagbag.py:540} INFO - Filling up the DagBag from /home/airflow/.local/lib/python3.8/site-packages/airflow/example_dags/example_task_group_decorator.py
[2024-04-02T02:07:38.853+0000] {processor.py:840} INFO - DAG(s) 'example_task_group_decorator' retrieved from /home/airflow/.local/lib/python3.8/site-packages/airflow/example_dags/example_task_group_decorator.py
[2024-04-02T02:07:38.891+0000] {logging_mixin.py:188} INFO - [2024-04-02T02:07:38.890+0000] {dag.py:3047} INFO - Sync 1 DAGs
[2024-04-02T02:07:38.939+0000] {logging_mixin.py:188} INFO - [2024-04-02T02:07:38.939+0000] {dag.py:3834} INFO - Setting next_dagrun for example_task_group_decorator to 2024-04-01 00:00:00+00:00, run_after=2024-04-02 00:00:00+00:00
[2024-04-02T02:07:38.988+0000] {processor.py:183} INFO - Processing /home/airflow/.local/lib/python3.8/site-packages/airflow/example_dags/example_task_group_decorator.py took 0.186 seconds
[2024-04-02T02:08:10.542+0000] {processor.py:161} INFO - Started process (PID=197) to work on /home/airflow/.local/lib/python3.8/site-packages/airflow/example_dags/example_task_group_decorator.py
[2024-04-02T02:08:10.544+0000] {processor.py:830} INFO - Processing file /home/airflow/.local/lib/python3.8/site-packages/airflow/example_dags/example_task_group_decorator.py for tasks to queue
[2024-04-02T02:08:10.548+0000] {logging_mixin.py:188} INFO - [2024-04-02T02:08:10.548+0000] {dagbag.py:540} INFO - Filling up the DagBag from /home/airflow/.local/lib/python3.8/site-packages/airflow/example_dags/example_task_group_decorator.py
[2024-04-02T02:08:10.579+0000] {processor.py:840} INFO - DAG(s) 'example_task_group_decorator' retrieved from /home/airflow/.local/lib/python3.8/site-packages/airflow/example_dags/example_task_group_decorator.py
[2024-04-02T02:08:10.817+0000] {logging_mixin.py:188} INFO - [2024-04-02T02:08:10.817+0000] {dag.py:3047} INFO - Sync 1 DAGs
[2024-04-02T02:08:10.867+0000] {logging_mixin.py:188} INFO - [2024-04-02T02:08:10.866+0000] {dag.py:3834} INFO - Setting next_dagrun for example_task_group_decorator to 2024-04-01 00:00:00+00:00, run_after=2024-04-02 00:00:00+00:00
[2024-04-02T02:08:10.924+0000] {processor.py:183} INFO - Processing /home/airflow/.local/lib/python3.8/site-packages/airflow/example_dags/example_task_group_decorator.py took 0.387 seconds
[2024-04-02T02:08:41.144+0000] {processor.py:161} INFO - Started process (PID=252) to work on /home/airflow/.local/lib/python3.8/site-packages/airflow/example_dags/example_task_group_decorator.py
[2024-04-02T02:08:41.146+0000] {processor.py:830} INFO - Processing file /home/airflow/.local/lib/python3.8/site-packages/airflow/example_dags/example_task_group_decorator.py for tasks to queue
[2024-04-02T02:08:41.150+0000] {logging_mixin.py:188} INFO - [2024-04-02T02:08:41.149+0000] {dagbag.py:540} INFO - Filling up the DagBag from /home/airflow/.local/lib/python3.8/site-packages/airflow/example_dags/example_task_group_decorator.py
[2024-04-02T02:08:41.183+0000] {processor.py:840} INFO - DAG(s) 'example_task_group_decorator' retrieved from /home/airflow/.local/lib/python3.8/site-packages/airflow/example_dags/example_task_group_decorator.py
[2024-04-02T02:08:41.241+0000] {logging_mixin.py:188} INFO - [2024-04-02T02:08:41.240+0000] {dag.py:3047} INFO - Sync 1 DAGs
[2024-04-02T02:08:41.288+0000] {logging_mixin.py:188} INFO - [2024-04-02T02:08:41.287+0000] {dag.py:3834} INFO - Setting next_dagrun for example_task_group_decorator to 2024-04-01 00:00:00+00:00, run_after=2024-04-02 00:00:00+00:00
[2024-04-02T02:08:41.330+0000] {processor.py:183} INFO - Processing /home/airflow/.local/lib/python3.8/site-packages/airflow/example_dags/example_task_group_decorator.py took 0.193 seconds
[2024-04-02T02:09:12.094+0000] {processor.py:161} INFO - Started process (PID=307) to work on /home/airflow/.local/lib/python3.8/site-packages/airflow/example_dags/example_task_group_decorator.py
[2024-04-02T02:09:12.096+0000] {processor.py:830} INFO - Processing file /home/airflow/.local/lib/python3.8/site-packages/airflow/example_dags/example_task_group_decorator.py for tasks to queue
[2024-04-02T02:09:12.100+0000] {logging_mixin.py:188} INFO - [2024-04-02T02:09:12.099+0000] {dagbag.py:540} INFO - Filling up the DagBag from /home/airflow/.local/lib/python3.8/site-packages/airflow/example_dags/example_task_group_decorator.py
[2024-04-02T02:09:12.143+0000] {processor.py:840} INFO - DAG(s) 'example_task_group_decorator' retrieved from /home/airflow/.local/lib/python3.8/site-packages/airflow/example_dags/example_task_group_decorator.py
[2024-04-02T02:09:12.243+0000] {logging_mixin.py:188} INFO - [2024-04-02T02:09:12.242+0000] {dag.py:3047} INFO - Sync 1 DAGs
[2024-04-02T02:09:12.515+0000] {logging_mixin.py:188} INFO - [2024-04-02T02:09:12.514+0000] {dag.py:3834} INFO - Setting next_dagrun for example_task_group_decorator to 2024-04-01 00:00:00+00:00, run_after=2024-04-02 00:00:00+00:00
[2024-04-02T02:09:12.702+0000] {processor.py:183} INFO - Processing /home/airflow/.local/lib/python3.8/site-packages/airflow/example_dags/example_task_group_decorator.py took 0.614 seconds
[2024-04-02T02:09:43.553+0000] {processor.py:161} INFO - Started process (PID=363) to work on /home/airflow/.local/lib/python3.8/site-packages/airflow/example_dags/example_task_group_decorator.py
[2024-04-02T02:09:43.555+0000] {processor.py:830} INFO - Processing file /home/airflow/.local/lib/python3.8/site-packages/airflow/example_dags/example_task_group_decorator.py for tasks to queue
[2024-04-02T02:09:43.558+0000] {logging_mixin.py:188} INFO - [2024-04-02T02:09:43.557+0000] {dagbag.py:540} INFO - Filling up the DagBag from /home/airflow/.local/lib/python3.8/site-packages/airflow/example_dags/example_task_group_decorator.py
[2024-04-02T02:09:43.591+0000] {processor.py:840} INFO - DAG(s) 'example_task_group_decorator' retrieved from /home/airflow/.local/lib/python3.8/site-packages/airflow/example_dags/example_task_group_decorator.py
[2024-04-02T02:09:43.642+0000] {logging_mixin.py:188} INFO - [2024-04-02T02:09:43.642+0000] {dag.py:3047} INFO - Sync 1 DAGs
[2024-04-02T02:09:43.688+0000] {logging_mixin.py:188} INFO - [2024-04-02T02:09:43.688+0000] {dag.py:3834} INFO - Setting next_dagrun for example_task_group_decorator to 2024-04-01 00:00:00+00:00, run_after=2024-04-02 00:00:00+00:00
[2024-04-02T02:09:43.733+0000] {processor.py:183} INFO - Processing /home/airflow/.local/lib/python3.8/site-packages/airflow/example_dags/example_task_group_decorator.py took 0.185 seconds
[2024-04-02T02:12:18.401+0000] {processor.py:161} INFO - Started process (PID=81) to work on /home/airflow/.local/lib/python3.8/site-packages/airflow/example_dags/example_task_group_decorator.py
[2024-04-02T02:12:18.403+0000] {processor.py:830} INFO - Processing file /home/airflow/.local/lib/python3.8/site-packages/airflow/example_dags/example_task_group_decorator.py for tasks to queue
[2024-04-02T02:12:18.407+0000] {logging_mixin.py:188} INFO - [2024-04-02T02:12:18.406+0000] {dagbag.py:540} INFO - Filling up the DagBag from /home/airflow/.local/lib/python3.8/site-packages/airflow/example_dags/example_task_group_decorator.py
[2024-04-02T02:12:18.439+0000] {processor.py:840} INFO - DAG(s) 'example_task_group_decorator' retrieved from /home/airflow/.local/lib/python3.8/site-packages/airflow/example_dags/example_task_group_decorator.py
[2024-04-02T02:12:18.686+0000] {logging_mixin.py:188} INFO - [2024-04-02T02:12:18.685+0000] {override.py:1769} INFO - Created Permission View: can read on DAG:example_task_group_decorator
[2024-04-02T02:12:18.710+0000] {logging_mixin.py:188} INFO - [2024-04-02T02:12:18.709+0000] {override.py:1769} INFO - Created Permission View: can delete on DAG:example_task_group_decorator
[2024-04-02T02:12:18.728+0000] {logging_mixin.py:188} INFO - [2024-04-02T02:12:18.727+0000] {override.py:1769} INFO - Created Permission View: can edit on DAG:example_task_group_decorator
[2024-04-02T02:12:18.730+0000] {logging_mixin.py:188} INFO - [2024-04-02T02:12:18.729+0000] {dag.py:3047} INFO - Sync 1 DAGs
[2024-04-02T02:12:18.756+0000] {logging_mixin.py:188} INFO - [2024-04-02T02:12:18.755+0000] {dag.py:3069} INFO - Creating ORM DAG for example_task_group_decorator
[2024-04-02T02:12:18.791+0000] {logging_mixin.py:188} INFO - [2024-04-02T02:12:18.790+0000] {dag.py:3834} INFO - Setting next_dagrun for example_task_group_decorator to 2024-04-01 00:00:00+00:00, run_after=2024-04-02 00:00:00+00:00
[2024-04-02T02:12:18.847+0000] {processor.py:183} INFO - Processing /home/airflow/.local/lib/python3.8/site-packages/airflow/example_dags/example_task_group_decorator.py took 0.451 seconds
[2024-04-02T02:12:49.152+0000] {processor.py:161} INFO - Started process (PID=136) to work on /home/airflow/.local/lib/python3.8/site-packages/airflow/example_dags/example_task_group_decorator.py
[2024-04-02T02:12:49.155+0000] {processor.py:830} INFO - Processing file /home/airflow/.local/lib/python3.8/site-packages/airflow/example_dags/example_task_group_decorator.py for tasks to queue
[2024-04-02T02:12:49.160+0000] {logging_mixin.py:188} INFO - [2024-04-02T02:12:49.159+0000] {dagbag.py:540} INFO - Filling up the DagBag from /home/airflow/.local/lib/python3.8/site-packages/airflow/example_dags/example_task_group_decorator.py
[2024-04-02T02:12:49.197+0000] {processor.py:840} INFO - DAG(s) 'example_task_group_decorator' retrieved from /home/airflow/.local/lib/python3.8/site-packages/airflow/example_dags/example_task_group_decorator.py
[2024-04-02T02:12:49.225+0000] {logging_mixin.py:188} INFO - [2024-04-02T02:12:49.224+0000] {dag.py:3047} INFO - Sync 1 DAGs
[2024-04-02T02:12:49.270+0000] {logging_mixin.py:188} INFO - [2024-04-02T02:12:49.270+0000] {dag.py:3834} INFO - Setting next_dagrun for example_task_group_decorator to 2024-04-01 00:00:00+00:00, run_after=2024-04-02 00:00:00+00:00
[2024-04-02T02:12:49.311+0000] {processor.py:183} INFO - Processing /home/airflow/.local/lib/python3.8/site-packages/airflow/example_dags/example_task_group_decorator.py took 0.165 seconds
[2024-04-02T02:13:19.720+0000] {processor.py:161} INFO - Started process (PID=191) to work on /home/airflow/.local/lib/python3.8/site-packages/airflow/example_dags/example_task_group_decorator.py
[2024-04-02T02:13:19.722+0000] {processor.py:830} INFO - Processing file /home/airflow/.local/lib/python3.8/site-packages/airflow/example_dags/example_task_group_decorator.py for tasks to queue
[2024-04-02T02:13:19.725+0000] {logging_mixin.py:188} INFO - [2024-04-02T02:13:19.724+0000] {dagbag.py:540} INFO - Filling up the DagBag from /home/airflow/.local/lib/python3.8/site-packages/airflow/example_dags/example_task_group_decorator.py
[2024-04-02T02:13:19.749+0000] {processor.py:840} INFO - DAG(s) 'example_task_group_decorator' retrieved from /home/airflow/.local/lib/python3.8/site-packages/airflow/example_dags/example_task_group_decorator.py
[2024-04-02T02:13:19.972+0000] {logging_mixin.py:188} INFO - [2024-04-02T02:13:19.972+0000] {dag.py:3047} INFO - Sync 1 DAGs
[2024-04-02T02:13:20.017+0000] {logging_mixin.py:188} INFO - [2024-04-02T02:13:20.016+0000] {dag.py:3834} INFO - Setting next_dagrun for example_task_group_decorator to 2024-04-01 00:00:00+00:00, run_after=2024-04-02 00:00:00+00:00
[2024-04-02T02:13:20.055+0000] {processor.py:183} INFO - Processing /home/airflow/.local/lib/python3.8/site-packages/airflow/example_dags/example_task_group_decorator.py took 0.341 seconds
[2024-04-02T02:13:50.422+0000] {processor.py:161} INFO - Started process (PID=246) to work on /home/airflow/.local/lib/python3.8/site-packages/airflow/example_dags/example_task_group_decorator.py
[2024-04-02T02:13:50.424+0000] {processor.py:830} INFO - Processing file /home/airflow/.local/lib/python3.8/site-packages/airflow/example_dags/example_task_group_decorator.py for tasks to queue
[2024-04-02T02:13:50.427+0000] {logging_mixin.py:188} INFO - [2024-04-02T02:13:50.427+0000] {dagbag.py:540} INFO - Filling up the DagBag from /home/airflow/.local/lib/python3.8/site-packages/airflow/example_dags/example_task_group_decorator.py
[2024-04-02T02:13:50.452+0000] {processor.py:840} INFO - DAG(s) 'example_task_group_decorator' retrieved from /home/airflow/.local/lib/python3.8/site-packages/airflow/example_dags/example_task_group_decorator.py
[2024-04-02T02:13:50.494+0000] {logging_mixin.py:188} INFO - [2024-04-02T02:13:50.494+0000] {dag.py:3047} INFO - Sync 1 DAGs
[2024-04-02T02:13:50.536+0000] {logging_mixin.py:188} INFO - [2024-04-02T02:13:50.535+0000] {dag.py:3834} INFO - Setting next_dagrun for example_task_group_decorator to 2024-04-01 00:00:00+00:00, run_after=2024-04-02 00:00:00+00:00
[2024-04-02T02:13:50.572+0000] {processor.py:183} INFO - Processing /home/airflow/.local/lib/python3.8/site-packages/airflow/example_dags/example_task_group_decorator.py took 0.153 seconds
