[2024-04-02T02:07:07.111+0000] {processor.py:161} INFO - Started process (PID=84) to work on /home/airflow/.local/lib/python3.8/site-packages/airflow/example_dags/example_nested_branch_dag.py
[2024-04-02T02:07:07.113+0000] {processor.py:830} INFO - Processing file /home/airflow/.local/lib/python3.8/site-packages/airflow/example_dags/example_nested_branch_dag.py for tasks to queue
[2024-04-02T02:07:07.118+0000] {logging_mixin.py:188} INFO - [2024-04-02T02:07:07.117+0000] {dagbag.py:540} INFO - Filling up the DagBag from /home/airflow/.local/lib/python3.8/site-packages/airflow/example_dags/example_nested_branch_dag.py
[2024-04-02T02:07:07.148+0000] {processor.py:840} INFO - DAG(s) 'example_nested_branch_dag' retrieved from /home/airflow/.local/lib/python3.8/site-packages/airflow/example_dags/example_nested_branch_dag.py
[2024-04-02T02:07:07.435+0000] {logging_mixin.py:188} INFO - [2024-04-02T02:07:07.434+0000] {dag.py:3047} INFO - Sync 1 DAGs
[2024-04-02T02:07:07.491+0000] {logging_mixin.py:188} INFO - [2024-04-02T02:07:07.491+0000] {dag.py:3834} INFO - Setting next_dagrun for example_nested_branch_dag to 2024-04-01 00:00:00+00:00, run_after=2024-04-02 00:00:00+00:00
[2024-04-02T02:07:07.543+0000] {processor.py:183} INFO - Processing /home/airflow/.local/lib/python3.8/site-packages/airflow/example_dags/example_nested_branch_dag.py took 0.437 seconds
[2024-04-02T02:07:37.785+0000] {processor.py:161} INFO - Started process (PID=139) to work on /home/airflow/.local/lib/python3.8/site-packages/airflow/example_dags/example_nested_branch_dag.py
[2024-04-02T02:07:37.788+0000] {processor.py:830} INFO - Processing file /home/airflow/.local/lib/python3.8/site-packages/airflow/example_dags/example_nested_branch_dag.py for tasks to queue
[2024-04-02T02:07:37.792+0000] {logging_mixin.py:188} INFO - [2024-04-02T02:07:37.791+0000] {dagbag.py:540} INFO - Filling up the DagBag from /home/airflow/.local/lib/python3.8/site-packages/airflow/example_dags/example_nested_branch_dag.py
[2024-04-02T02:07:37.822+0000] {processor.py:840} INFO - DAG(s) 'example_nested_branch_dag' retrieved from /home/airflow/.local/lib/python3.8/site-packages/airflow/example_dags/example_nested_branch_dag.py
[2024-04-02T02:07:37.858+0000] {logging_mixin.py:188} INFO - [2024-04-02T02:07:37.858+0000] {dag.py:3047} INFO - Sync 1 DAGs
[2024-04-02T02:07:37.948+0000] {logging_mixin.py:188} INFO - [2024-04-02T02:07:37.947+0000] {dag.py:3834} INFO - Setting next_dagrun for example_nested_branch_dag to 2024-04-01 00:00:00+00:00, run_after=2024-04-02 00:00:00+00:00
[2024-04-02T02:07:38.008+0000] {processor.py:183} INFO - Processing /home/airflow/.local/lib/python3.8/site-packages/airflow/example_dags/example_nested_branch_dag.py took 0.230 seconds
[2024-04-02T02:08:09.621+0000] {processor.py:161} INFO - Started process (PID=193) to work on /home/airflow/.local/lib/python3.8/site-packages/airflow/example_dags/example_nested_branch_dag.py
[2024-04-02T02:08:09.623+0000] {processor.py:830} INFO - Processing file /home/airflow/.local/lib/python3.8/site-packages/airflow/example_dags/example_nested_branch_dag.py for tasks to queue
[2024-04-02T02:08:09.626+0000] {logging_mixin.py:188} INFO - [2024-04-02T02:08:09.626+0000] {dagbag.py:540} INFO - Filling up the DagBag from /home/airflow/.local/lib/python3.8/site-packages/airflow/example_dags/example_nested_branch_dag.py
[2024-04-02T02:08:09.647+0000] {processor.py:840} INFO - DAG(s) 'example_nested_branch_dag' retrieved from /home/airflow/.local/lib/python3.8/site-packages/airflow/example_dags/example_nested_branch_dag.py
[2024-04-02T02:08:09.876+0000] {logging_mixin.py:188} INFO - [2024-04-02T02:08:09.875+0000] {dag.py:3047} INFO - Sync 1 DAGs
[2024-04-02T02:08:09.926+0000] {logging_mixin.py:188} INFO - [2024-04-02T02:08:09.925+0000] {dag.py:3834} INFO - Setting next_dagrun for example_nested_branch_dag to 2024-04-01 00:00:00+00:00, run_after=2024-04-02 00:00:00+00:00
[2024-04-02T02:08:09.984+0000] {processor.py:183} INFO - Processing /home/airflow/.local/lib/python3.8/site-packages/airflow/example_dags/example_nested_branch_dag.py took 0.369 seconds
[2024-04-02T02:08:40.225+0000] {processor.py:161} INFO - Started process (PID=248) to work on /home/airflow/.local/lib/python3.8/site-packages/airflow/example_dags/example_nested_branch_dag.py
[2024-04-02T02:08:40.227+0000] {processor.py:830} INFO - Processing file /home/airflow/.local/lib/python3.8/site-packages/airflow/example_dags/example_nested_branch_dag.py for tasks to queue
[2024-04-02T02:08:40.230+0000] {logging_mixin.py:188} INFO - [2024-04-02T02:08:40.229+0000] {dagbag.py:540} INFO - Filling up the DagBag from /home/airflow/.local/lib/python3.8/site-packages/airflow/example_dags/example_nested_branch_dag.py
[2024-04-02T02:08:40.246+0000] {processor.py:840} INFO - DAG(s) 'example_nested_branch_dag' retrieved from /home/airflow/.local/lib/python3.8/site-packages/airflow/example_dags/example_nested_branch_dag.py
[2024-04-02T02:08:40.291+0000] {logging_mixin.py:188} INFO - [2024-04-02T02:08:40.290+0000] {dag.py:3047} INFO - Sync 1 DAGs
[2024-04-02T02:08:40.336+0000] {logging_mixin.py:188} INFO - [2024-04-02T02:08:40.336+0000] {dag.py:3834} INFO - Setting next_dagrun for example_nested_branch_dag to 2024-04-01 00:00:00+00:00, run_after=2024-04-02 00:00:00+00:00
[2024-04-02T02:08:40.384+0000] {processor.py:183} INFO - Processing /home/airflow/.local/lib/python3.8/site-packages/airflow/example_dags/example_nested_branch_dag.py took 0.164 seconds
[2024-04-02T02:09:10.543+0000] {processor.py:161} INFO - Started process (PID=303) to work on /home/airflow/.local/lib/python3.8/site-packages/airflow/example_dags/example_nested_branch_dag.py
[2024-04-02T02:09:10.545+0000] {processor.py:830} INFO - Processing file /home/airflow/.local/lib/python3.8/site-packages/airflow/example_dags/example_nested_branch_dag.py for tasks to queue
[2024-04-02T02:09:10.548+0000] {logging_mixin.py:188} INFO - [2024-04-02T02:09:10.548+0000] {dagbag.py:540} INFO - Filling up the DagBag from /home/airflow/.local/lib/python3.8/site-packages/airflow/example_dags/example_nested_branch_dag.py
[2024-04-02T02:09:10.565+0000] {processor.py:840} INFO - DAG(s) 'example_nested_branch_dag' retrieved from /home/airflow/.local/lib/python3.8/site-packages/airflow/example_dags/example_nested_branch_dag.py
[2024-04-02T02:09:10.611+0000] {logging_mixin.py:188} INFO - [2024-04-02T02:09:10.610+0000] {dag.py:3047} INFO - Sync 1 DAGs
[2024-04-02T02:09:10.657+0000] {logging_mixin.py:188} INFO - [2024-04-02T02:09:10.656+0000] {dag.py:3834} INFO - Setting next_dagrun for example_nested_branch_dag to 2024-04-01 00:00:00+00:00, run_after=2024-04-02 00:00:00+00:00
[2024-04-02T02:09:10.701+0000] {processor.py:183} INFO - Processing /home/airflow/.local/lib/python3.8/site-packages/airflow/example_dags/example_nested_branch_dag.py took 0.162 seconds
[2024-04-02T02:09:41.234+0000] {processor.py:161} INFO - Started process (PID=359) to work on /home/airflow/.local/lib/python3.8/site-packages/airflow/example_dags/example_nested_branch_dag.py
[2024-04-02T02:09:41.236+0000] {processor.py:830} INFO - Processing file /home/airflow/.local/lib/python3.8/site-packages/airflow/example_dags/example_nested_branch_dag.py for tasks to queue
[2024-04-02T02:09:41.239+0000] {logging_mixin.py:188} INFO - [2024-04-02T02:09:41.238+0000] {dagbag.py:540} INFO - Filling up the DagBag from /home/airflow/.local/lib/python3.8/site-packages/airflow/example_dags/example_nested_branch_dag.py
[2024-04-02T02:09:41.262+0000] {processor.py:840} INFO - DAG(s) 'example_nested_branch_dag' retrieved from /home/airflow/.local/lib/python3.8/site-packages/airflow/example_dags/example_nested_branch_dag.py
[2024-04-02T02:09:41.310+0000] {logging_mixin.py:188} INFO - [2024-04-02T02:09:41.310+0000] {dag.py:3047} INFO - Sync 1 DAGs
[2024-04-02T02:09:41.358+0000] {logging_mixin.py:188} INFO - [2024-04-02T02:09:41.358+0000] {dag.py:3834} INFO - Setting next_dagrun for example_nested_branch_dag to 2024-04-01 00:00:00+00:00, run_after=2024-04-02 00:00:00+00:00
[2024-04-02T02:09:41.403+0000] {processor.py:183} INFO - Processing /home/airflow/.local/lib/python3.8/site-packages/airflow/example_dags/example_nested_branch_dag.py took 0.175 seconds
[2024-04-02T02:12:17.383+0000] {processor.py:161} INFO - Started process (PID=77) to work on /home/airflow/.local/lib/python3.8/site-packages/airflow/example_dags/example_nested_branch_dag.py
[2024-04-02T02:12:17.384+0000] {processor.py:830} INFO - Processing file /home/airflow/.local/lib/python3.8/site-packages/airflow/example_dags/example_nested_branch_dag.py for tasks to queue
[2024-04-02T02:12:17.388+0000] {logging_mixin.py:188} INFO - [2024-04-02T02:12:17.387+0000] {dagbag.py:540} INFO - Filling up the DagBag from /home/airflow/.local/lib/python3.8/site-packages/airflow/example_dags/example_nested_branch_dag.py
[2024-04-02T02:12:17.410+0000] {processor.py:840} INFO - DAG(s) 'example_nested_branch_dag' retrieved from /home/airflow/.local/lib/python3.8/site-packages/airflow/example_dags/example_nested_branch_dag.py
[2024-04-02T02:12:17.691+0000] {logging_mixin.py:188} INFO - [2024-04-02T02:12:17.689+0000] {override.py:1769} INFO - Created Permission View: can read on DAG:example_nested_branch_dag
[2024-04-02T02:12:17.716+0000] {logging_mixin.py:188} INFO - [2024-04-02T02:12:17.715+0000] {override.py:1769} INFO - Created Permission View: can delete on DAG:example_nested_branch_dag
[2024-04-02T02:12:17.735+0000] {logging_mixin.py:188} INFO - [2024-04-02T02:12:17.734+0000] {override.py:1769} INFO - Created Permission View: can edit on DAG:example_nested_branch_dag
[2024-04-02T02:12:17.736+0000] {logging_mixin.py:188} INFO - [2024-04-02T02:12:17.736+0000] {dag.py:3047} INFO - Sync 1 DAGs
[2024-04-02T02:12:17.763+0000] {logging_mixin.py:188} INFO - [2024-04-02T02:12:17.763+0000] {dag.py:3069} INFO - Creating ORM DAG for example_nested_branch_dag
[2024-04-02T02:12:17.793+0000] {logging_mixin.py:188} INFO - [2024-04-02T02:12:17.792+0000] {dag.py:3834} INFO - Setting next_dagrun for example_nested_branch_dag to 2024-04-01 00:00:00+00:00, run_after=2024-04-02 00:00:00+00:00
[2024-04-02T02:12:17.853+0000] {processor.py:183} INFO - Processing /home/airflow/.local/lib/python3.8/site-packages/airflow/example_dags/example_nested_branch_dag.py took 0.475 seconds
[2024-04-02T02:12:48.540+0000] {processor.py:161} INFO - Started process (PID=132) to work on /home/airflow/.local/lib/python3.8/site-packages/airflow/example_dags/example_nested_branch_dag.py
[2024-04-02T02:12:48.543+0000] {processor.py:830} INFO - Processing file /home/airflow/.local/lib/python3.8/site-packages/airflow/example_dags/example_nested_branch_dag.py for tasks to queue
[2024-04-02T02:12:48.549+0000] {logging_mixin.py:188} INFO - [2024-04-02T02:12:48.548+0000] {dagbag.py:540} INFO - Filling up the DagBag from /home/airflow/.local/lib/python3.8/site-packages/airflow/example_dags/example_nested_branch_dag.py
[2024-04-02T02:12:48.575+0000] {processor.py:840} INFO - DAG(s) 'example_nested_branch_dag' retrieved from /home/airflow/.local/lib/python3.8/site-packages/airflow/example_dags/example_nested_branch_dag.py
[2024-04-02T02:12:48.604+0000] {logging_mixin.py:188} INFO - [2024-04-02T02:12:48.604+0000] {dag.py:3047} INFO - Sync 1 DAGs
[2024-04-02T02:12:48.657+0000] {logging_mixin.py:188} INFO - [2024-04-02T02:12:48.656+0000] {dag.py:3834} INFO - Setting next_dagrun for example_nested_branch_dag to 2024-04-01 00:00:00+00:00, run_after=2024-04-02 00:00:00+00:00
[2024-04-02T02:12:48.699+0000] {processor.py:183} INFO - Processing /home/airflow/.local/lib/python3.8/site-packages/airflow/example_dags/example_nested_branch_dag.py took 0.171 seconds
[2024-04-02T02:13:18.937+0000] {processor.py:161} INFO - Started process (PID=187) to work on /home/airflow/.local/lib/python3.8/site-packages/airflow/example_dags/example_nested_branch_dag.py
[2024-04-02T02:13:18.939+0000] {processor.py:830} INFO - Processing file /home/airflow/.local/lib/python3.8/site-packages/airflow/example_dags/example_nested_branch_dag.py for tasks to queue
[2024-04-02T02:13:18.943+0000] {logging_mixin.py:188} INFO - [2024-04-02T02:13:18.942+0000] {dagbag.py:540} INFO - Filling up the DagBag from /home/airflow/.local/lib/python3.8/site-packages/airflow/example_dags/example_nested_branch_dag.py
[2024-04-02T02:13:18.962+0000] {processor.py:840} INFO - DAG(s) 'example_nested_branch_dag' retrieved from /home/airflow/.local/lib/python3.8/site-packages/airflow/example_dags/example_nested_branch_dag.py
[2024-04-02T02:13:19.171+0000] {logging_mixin.py:188} INFO - [2024-04-02T02:13:19.170+0000] {dag.py:3047} INFO - Sync 1 DAGs
[2024-04-02T02:13:19.215+0000] {logging_mixin.py:188} INFO - [2024-04-02T02:13:19.214+0000] {dag.py:3834} INFO - Setting next_dagrun for example_nested_branch_dag to 2024-04-01 00:00:00+00:00, run_after=2024-04-02 00:00:00+00:00
[2024-04-02T02:13:19.257+0000] {processor.py:183} INFO - Processing /home/airflow/.local/lib/python3.8/site-packages/airflow/example_dags/example_nested_branch_dag.py took 0.325 seconds
[2024-04-02T02:13:49.977+0000] {processor.py:161} INFO - Started process (PID=242) to work on /home/airflow/.local/lib/python3.8/site-packages/airflow/example_dags/example_nested_branch_dag.py
[2024-04-02T02:13:49.979+0000] {processor.py:830} INFO - Processing file /home/airflow/.local/lib/python3.8/site-packages/airflow/example_dags/example_nested_branch_dag.py for tasks to queue
[2024-04-02T02:13:49.983+0000] {logging_mixin.py:188} INFO - [2024-04-02T02:13:49.982+0000] {dagbag.py:540} INFO - Filling up the DagBag from /home/airflow/.local/lib/python3.8/site-packages/airflow/example_dags/example_nested_branch_dag.py
[2024-04-02T02:13:50.000+0000] {processor.py:840} INFO - DAG(s) 'example_nested_branch_dag' retrieved from /home/airflow/.local/lib/python3.8/site-packages/airflow/example_dags/example_nested_branch_dag.py
[2024-04-02T02:13:50.045+0000] {logging_mixin.py:188} INFO - [2024-04-02T02:13:50.045+0000] {dag.py:3047} INFO - Sync 1 DAGs
[2024-04-02T02:13:50.094+0000] {logging_mixin.py:188} INFO - [2024-04-02T02:13:50.093+0000] {dag.py:3834} INFO - Setting next_dagrun for example_nested_branch_dag to 2024-04-01 00:00:00+00:00, run_after=2024-04-02 00:00:00+00:00
[2024-04-02T02:13:50.138+0000] {processor.py:183} INFO - Processing /home/airflow/.local/lib/python3.8/site-packages/airflow/example_dags/example_nested_branch_dag.py took 0.166 seconds
