[2024-04-02T02:07:07.608+0000] {processor.py:161} INFO - Started process (PID=86) to work on /home/airflow/.local/lib/python3.8/site-packages/airflow/example_dags/example_bash_operator.py
[2024-04-02T02:07:07.611+0000] {processor.py:830} INFO - Processing file /home/airflow/.local/lib/python3.8/site-packages/airflow/example_dags/example_bash_operator.py for tasks to queue
[2024-04-02T02:07:07.616+0000] {logging_mixin.py:188} INFO - [2024-04-02T02:07:07.615+0000] {dagbag.py:540} INFO - Filling up the DagBag from /home/airflow/.local/lib/python3.8/site-packages/airflow/example_dags/example_bash_operator.py
[2024-04-02T02:07:07.650+0000] {processor.py:840} INFO - DAG(s) 'example_bash_operator' retrieved from /home/airflow/.local/lib/python3.8/site-packages/airflow/example_dags/example_bash_operator.py
[2024-04-02T02:07:07.937+0000] {logging_mixin.py:188} INFO - [2024-04-02T02:07:07.936+0000] {dag.py:3047} INFO - Sync 1 DAGs
[2024-04-02T02:07:07.999+0000] {logging_mixin.py:188} INFO - [2024-04-02T02:07:07.998+0000] {dag.py:3834} INFO - Setting next_dagrun for example_bash_operator to 2024-04-02 00:00:00+00:00, run_after=2024-04-03 00:00:00+00:00
[2024-04-02T02:07:08.042+0000] {processor.py:183} INFO - Processing /home/airflow/.local/lib/python3.8/site-packages/airflow/example_dags/example_bash_operator.py took 0.443 seconds
[2024-04-02T02:07:38.307+0000] {processor.py:161} INFO - Started process (PID=141) to work on /home/airflow/.local/lib/python3.8/site-packages/airflow/example_dags/example_bash_operator.py
[2024-04-02T02:07:38.310+0000] {processor.py:830} INFO - Processing file /home/airflow/.local/lib/python3.8/site-packages/airflow/example_dags/example_bash_operator.py for tasks to queue
[2024-04-02T02:07:38.314+0000] {logging_mixin.py:188} INFO - [2024-04-02T02:07:38.313+0000] {dagbag.py:540} INFO - Filling up the DagBag from /home/airflow/.local/lib/python3.8/site-packages/airflow/example_dags/example_bash_operator.py
[2024-04-02T02:07:38.340+0000] {processor.py:840} INFO - DAG(s) 'example_bash_operator' retrieved from /home/airflow/.local/lib/python3.8/site-packages/airflow/example_dags/example_bash_operator.py
[2024-04-02T02:07:38.369+0000] {logging_mixin.py:188} INFO - [2024-04-02T02:07:38.368+0000] {dag.py:3047} INFO - Sync 1 DAGs
[2024-04-02T02:07:38.436+0000] {logging_mixin.py:188} INFO - [2024-04-02T02:07:38.435+0000] {dag.py:3834} INFO - Setting next_dagrun for example_bash_operator to 2024-04-02 00:00:00+00:00, run_after=2024-04-03 00:00:00+00:00
[2024-04-02T02:07:38.486+0000] {processor.py:183} INFO - Processing /home/airflow/.local/lib/python3.8/site-packages/airflow/example_dags/example_bash_operator.py took 0.184 seconds
[2024-04-02T02:08:10.104+0000] {processor.py:161} INFO - Started process (PID=195) to work on /home/airflow/.local/lib/python3.8/site-packages/airflow/example_dags/example_bash_operator.py
[2024-04-02T02:08:10.107+0000] {processor.py:830} INFO - Processing file /home/airflow/.local/lib/python3.8/site-packages/airflow/example_dags/example_bash_operator.py for tasks to queue
[2024-04-02T02:08:10.113+0000] {logging_mixin.py:188} INFO - [2024-04-02T02:08:10.111+0000] {dagbag.py:540} INFO - Filling up the DagBag from /home/airflow/.local/lib/python3.8/site-packages/airflow/example_dags/example_bash_operator.py
[2024-04-02T02:08:10.141+0000] {processor.py:840} INFO - DAG(s) 'example_bash_operator' retrieved from /home/airflow/.local/lib/python3.8/site-packages/airflow/example_dags/example_bash_operator.py
[2024-04-02T02:08:10.388+0000] {logging_mixin.py:188} INFO - [2024-04-02T02:08:10.388+0000] {dag.py:3047} INFO - Sync 1 DAGs
[2024-04-02T02:08:10.439+0000] {logging_mixin.py:188} INFO - [2024-04-02T02:08:10.438+0000] {dag.py:3834} INFO - Setting next_dagrun for example_bash_operator to 2024-04-02 00:00:00+00:00, run_after=2024-04-03 00:00:00+00:00
[2024-04-02T02:08:10.487+0000] {processor.py:183} INFO - Processing /home/airflow/.local/lib/python3.8/site-packages/airflow/example_dags/example_bash_operator.py took 0.392 seconds
[2024-04-02T02:08:40.689+0000] {processor.py:161} INFO - Started process (PID=250) to work on /home/airflow/.local/lib/python3.8/site-packages/airflow/example_dags/example_bash_operator.py
[2024-04-02T02:08:40.691+0000] {processor.py:830} INFO - Processing file /home/airflow/.local/lib/python3.8/site-packages/airflow/example_dags/example_bash_operator.py for tasks to queue
[2024-04-02T02:08:40.695+0000] {logging_mixin.py:188} INFO - [2024-04-02T02:08:40.694+0000] {dagbag.py:540} INFO - Filling up the DagBag from /home/airflow/.local/lib/python3.8/site-packages/airflow/example_dags/example_bash_operator.py
[2024-04-02T02:08:40.765+0000] {processor.py:840} INFO - DAG(s) 'example_bash_operator' retrieved from /home/airflow/.local/lib/python3.8/site-packages/airflow/example_dags/example_bash_operator.py
[2024-04-02T02:08:40.927+0000] {logging_mixin.py:188} INFO - [2024-04-02T02:08:40.926+0000] {dag.py:3047} INFO - Sync 1 DAGs
[2024-04-02T02:08:40.991+0000] {logging_mixin.py:188} INFO - [2024-04-02T02:08:40.991+0000] {dag.py:3834} INFO - Setting next_dagrun for example_bash_operator to 2024-04-02 00:00:00+00:00, run_after=2024-04-03 00:00:00+00:00
[2024-04-02T02:08:41.063+0000] {processor.py:183} INFO - Processing /home/airflow/.local/lib/python3.8/site-packages/airflow/example_dags/example_bash_operator.py took 0.381 seconds
[2024-04-02T02:09:11.811+0000] {processor.py:161} INFO - Started process (PID=305) to work on /home/airflow/.local/lib/python3.8/site-packages/airflow/example_dags/example_bash_operator.py
[2024-04-02T02:09:11.813+0000] {processor.py:830} INFO - Processing file /home/airflow/.local/lib/python3.8/site-packages/airflow/example_dags/example_bash_operator.py for tasks to queue
[2024-04-02T02:09:11.819+0000] {logging_mixin.py:188} INFO - [2024-04-02T02:09:11.818+0000] {dagbag.py:540} INFO - Filling up the DagBag from /home/airflow/.local/lib/python3.8/site-packages/airflow/example_dags/example_bash_operator.py
[2024-04-02T02:09:11.843+0000] {processor.py:840} INFO - DAG(s) 'example_bash_operator' retrieved from /home/airflow/.local/lib/python3.8/site-packages/airflow/example_dags/example_bash_operator.py
[2024-04-02T02:09:11.912+0000] {logging_mixin.py:188} INFO - [2024-04-02T02:09:11.911+0000] {dag.py:3047} INFO - Sync 1 DAGs
[2024-04-02T02:09:11.968+0000] {logging_mixin.py:188} INFO - [2024-04-02T02:09:11.967+0000] {dag.py:3834} INFO - Setting next_dagrun for example_bash_operator to 2024-04-02 00:00:00+00:00, run_after=2024-04-03 00:00:00+00:00
[2024-04-02T02:09:12.017+0000] {processor.py:183} INFO - Processing /home/airflow/.local/lib/python3.8/site-packages/airflow/example_dags/example_bash_operator.py took 0.211 seconds
[2024-04-02T02:09:42.291+0000] {processor.py:161} INFO - Started process (PID=361) to work on /home/airflow/.local/lib/python3.8/site-packages/airflow/example_dags/example_bash_operator.py
[2024-04-02T02:09:42.293+0000] {processor.py:830} INFO - Processing file /home/airflow/.local/lib/python3.8/site-packages/airflow/example_dags/example_bash_operator.py for tasks to queue
[2024-04-02T02:09:42.296+0000] {logging_mixin.py:188} INFO - [2024-04-02T02:09:42.296+0000] {dagbag.py:540} INFO - Filling up the DagBag from /home/airflow/.local/lib/python3.8/site-packages/airflow/example_dags/example_bash_operator.py
[2024-04-02T02:09:42.317+0000] {processor.py:840} INFO - DAG(s) 'example_bash_operator' retrieved from /home/airflow/.local/lib/python3.8/site-packages/airflow/example_dags/example_bash_operator.py
[2024-04-02T02:09:42.382+0000] {logging_mixin.py:188} INFO - [2024-04-02T02:09:42.381+0000] {dag.py:3047} INFO - Sync 1 DAGs
[2024-04-02T02:09:42.429+0000] {logging_mixin.py:188} INFO - [2024-04-02T02:09:42.429+0000] {dag.py:3834} INFO - Setting next_dagrun for example_bash_operator to 2024-04-02 00:00:00+00:00, run_after=2024-04-03 00:00:00+00:00
[2024-04-02T02:09:42.478+0000] {processor.py:183} INFO - Processing /home/airflow/.local/lib/python3.8/site-packages/airflow/example_dags/example_bash_operator.py took 0.192 seconds
[2024-04-02T02:12:17.912+0000] {processor.py:161} INFO - Started process (PID=79) to work on /home/airflow/.local/lib/python3.8/site-packages/airflow/example_dags/example_bash_operator.py
[2024-04-02T02:12:17.914+0000] {processor.py:830} INFO - Processing file /home/airflow/.local/lib/python3.8/site-packages/airflow/example_dags/example_bash_operator.py for tasks to queue
[2024-04-02T02:12:17.917+0000] {logging_mixin.py:188} INFO - [2024-04-02T02:12:17.916+0000] {dagbag.py:540} INFO - Filling up the DagBag from /home/airflow/.local/lib/python3.8/site-packages/airflow/example_dags/example_bash_operator.py
[2024-04-02T02:12:17.948+0000] {processor.py:840} INFO - DAG(s) 'example_bash_operator' retrieved from /home/airflow/.local/lib/python3.8/site-packages/airflow/example_dags/example_bash_operator.py
[2024-04-02T02:12:18.202+0000] {logging_mixin.py:188} INFO - [2024-04-02T02:12:18.200+0000] {override.py:1769} INFO - Created Permission View: can read on DAG:example_bash_operator
[2024-04-02T02:12:18.229+0000] {logging_mixin.py:188} INFO - [2024-04-02T02:12:18.228+0000] {override.py:1769} INFO - Created Permission View: can delete on DAG:example_bash_operator
[2024-04-02T02:12:18.248+0000] {logging_mixin.py:188} INFO - [2024-04-02T02:12:18.248+0000] {override.py:1769} INFO - Created Permission View: can edit on DAG:example_bash_operator
[2024-04-02T02:12:18.249+0000] {logging_mixin.py:188} INFO - [2024-04-02T02:12:18.249+0000] {dag.py:3047} INFO - Sync 1 DAGs
[2024-04-02T02:12:18.276+0000] {logging_mixin.py:188} INFO - [2024-04-02T02:12:18.275+0000] {dag.py:3069} INFO - Creating ORM DAG for example_bash_operator
[2024-04-02T02:12:18.308+0000] {logging_mixin.py:188} INFO - [2024-04-02T02:12:18.307+0000] {dag.py:3834} INFO - Setting next_dagrun for example_bash_operator to 2024-04-01 00:00:00+00:00, run_after=2024-04-02 00:00:00+00:00
[2024-04-02T02:12:18.355+0000] {processor.py:183} INFO - Processing /home/airflow/.local/lib/python3.8/site-packages/airflow/example_dags/example_bash_operator.py took 0.448 seconds
[2024-04-02T02:12:48.934+0000] {processor.py:161} INFO - Started process (PID=134) to work on /home/airflow/.local/lib/python3.8/site-packages/airflow/example_dags/example_bash_operator.py
[2024-04-02T02:12:48.936+0000] {processor.py:830} INFO - Processing file /home/airflow/.local/lib/python3.8/site-packages/airflow/example_dags/example_bash_operator.py for tasks to queue
[2024-04-02T02:12:48.939+0000] {logging_mixin.py:188} INFO - [2024-04-02T02:12:48.938+0000] {dagbag.py:540} INFO - Filling up the DagBag from /home/airflow/.local/lib/python3.8/site-packages/airflow/example_dags/example_bash_operator.py
[2024-04-02T02:12:48.962+0000] {processor.py:840} INFO - DAG(s) 'example_bash_operator' retrieved from /home/airflow/.local/lib/python3.8/site-packages/airflow/example_dags/example_bash_operator.py
[2024-04-02T02:12:48.984+0000] {logging_mixin.py:188} INFO - [2024-04-02T02:12:48.983+0000] {dag.py:3047} INFO - Sync 1 DAGs
[2024-04-02T02:12:49.033+0000] {logging_mixin.py:188} INFO - [2024-04-02T02:12:49.033+0000] {dag.py:3834} INFO - Setting next_dagrun for example_bash_operator to 2024-04-01 00:00:00+00:00, run_after=2024-04-02 00:00:00+00:00
[2024-04-02T02:12:49.078+0000] {processor.py:183} INFO - Processing /home/airflow/.local/lib/python3.8/site-packages/airflow/example_dags/example_bash_operator.py took 0.149 seconds
[2024-04-02T02:13:19.357+0000] {processor.py:161} INFO - Started process (PID=189) to work on /home/airflow/.local/lib/python3.8/site-packages/airflow/example_dags/example_bash_operator.py
[2024-04-02T02:13:19.358+0000] {processor.py:830} INFO - Processing file /home/airflow/.local/lib/python3.8/site-packages/airflow/example_dags/example_bash_operator.py for tasks to queue
[2024-04-02T02:13:19.361+0000] {logging_mixin.py:188} INFO - [2024-04-02T02:13:19.360+0000] {dagbag.py:540} INFO - Filling up the DagBag from /home/airflow/.local/lib/python3.8/site-packages/airflow/example_dags/example_bash_operator.py
[2024-04-02T02:13:19.380+0000] {processor.py:840} INFO - DAG(s) 'example_bash_operator' retrieved from /home/airflow/.local/lib/python3.8/site-packages/airflow/example_dags/example_bash_operator.py
[2024-04-02T02:13:19.593+0000] {logging_mixin.py:188} INFO - [2024-04-02T02:13:19.593+0000] {dag.py:3047} INFO - Sync 1 DAGs
[2024-04-02T02:13:19.633+0000] {logging_mixin.py:188} INFO - [2024-04-02T02:13:19.632+0000] {dag.py:3834} INFO - Setting next_dagrun for example_bash_operator to 2024-04-01 00:00:00+00:00, run_after=2024-04-02 00:00:00+00:00
[2024-04-02T02:13:19.671+0000] {processor.py:183} INFO - Processing /home/airflow/.local/lib/python3.8/site-packages/airflow/example_dags/example_bash_operator.py took 0.318 seconds
[2024-04-02T02:13:50.210+0000] {processor.py:161} INFO - Started process (PID=244) to work on /home/airflow/.local/lib/python3.8/site-packages/airflow/example_dags/example_bash_operator.py
[2024-04-02T02:13:50.212+0000] {processor.py:830} INFO - Processing file /home/airflow/.local/lib/python3.8/site-packages/airflow/example_dags/example_bash_operator.py for tasks to queue
[2024-04-02T02:13:50.215+0000] {logging_mixin.py:188} INFO - [2024-04-02T02:13:50.214+0000] {dagbag.py:540} INFO - Filling up the DagBag from /home/airflow/.local/lib/python3.8/site-packages/airflow/example_dags/example_bash_operator.py
[2024-04-02T02:13:50.236+0000] {processor.py:840} INFO - DAG(s) 'example_bash_operator' retrieved from /home/airflow/.local/lib/python3.8/site-packages/airflow/example_dags/example_bash_operator.py
[2024-04-02T02:13:50.294+0000] {logging_mixin.py:188} INFO - [2024-04-02T02:13:50.294+0000] {dag.py:3047} INFO - Sync 1 DAGs
[2024-04-02T02:13:50.337+0000] {logging_mixin.py:188} INFO - [2024-04-02T02:13:50.337+0000] {dag.py:3834} INFO - Setting next_dagrun for example_bash_operator to 2024-04-01 00:00:00+00:00, run_after=2024-04-02 00:00:00+00:00
[2024-04-02T02:13:50.375+0000] {processor.py:183} INFO - Processing /home/airflow/.local/lib/python3.8/site-packages/airflow/example_dags/example_bash_operator.py took 0.170 seconds
