[2024-04-02T02:07:06.152+0000] {processor.py:161} INFO - Started process (PID=80) to work on /home/airflow/.local/lib/python3.8/site-packages/airflow/example_dags/example_latest_only.py
[2024-04-02T02:07:06.154+0000] {processor.py:830} INFO - Processing file /home/airflow/.local/lib/python3.8/site-packages/airflow/example_dags/example_latest_only.py for tasks to queue
[2024-04-02T02:07:06.157+0000] {logging_mixin.py:188} INFO - [2024-04-02T02:07:06.157+0000] {dagbag.py:540} INFO - Filling up the DagBag from /home/airflow/.local/lib/python3.8/site-packages/airflow/example_dags/example_latest_only.py
[2024-04-02T02:07:06.171+0000] {processor.py:840} INFO - DAG(s) 'latest_only' retrieved from /home/airflow/.local/lib/python3.8/site-packages/airflow/example_dags/example_latest_only.py
[2024-04-02T02:07:06.435+0000] {logging_mixin.py:188} INFO - [2024-04-02T02:07:06.434+0000] {dag.py:3047} INFO - Sync 1 DAGs
[2024-04-02T02:07:06.486+0000] {logging_mixin.py:188} INFO - [2024-04-02T02:07:06.486+0000] {dag.py:3834} INFO - Setting next_dagrun for latest_only to 2024-04-01 20:00:00+00:00, run_after=2024-04-02 00:00:00+00:00
[2024-04-02T02:07:06.539+0000] {processor.py:183} INFO - Processing /home/airflow/.local/lib/python3.8/site-packages/airflow/example_dags/example_latest_only.py took 0.392 seconds
[2024-04-02T02:07:37.037+0000] {processor.py:161} INFO - Started process (PID=135) to work on /home/airflow/.local/lib/python3.8/site-packages/airflow/example_dags/example_latest_only.py
[2024-04-02T02:07:37.040+0000] {processor.py:830} INFO - Processing file /home/airflow/.local/lib/python3.8/site-packages/airflow/example_dags/example_latest_only.py for tasks to queue
[2024-04-02T02:07:37.044+0000] {logging_mixin.py:188} INFO - [2024-04-02T02:07:37.043+0000] {dagbag.py:540} INFO - Filling up the DagBag from /home/airflow/.local/lib/python3.8/site-packages/airflow/example_dags/example_latest_only.py
[2024-04-02T02:07:37.057+0000] {processor.py:840} INFO - DAG(s) 'latest_only' retrieved from /home/airflow/.local/lib/python3.8/site-packages/airflow/example_dags/example_latest_only.py
[2024-04-02T02:07:37.086+0000] {logging_mixin.py:188} INFO - [2024-04-02T02:07:37.085+0000] {dag.py:3047} INFO - Sync 1 DAGs
[2024-04-02T02:07:37.157+0000] {logging_mixin.py:188} INFO - [2024-04-02T02:07:37.157+0000] {dag.py:3834} INFO - Setting next_dagrun for latest_only to 2024-04-01 20:00:00+00:00, run_after=2024-04-02 00:00:00+00:00
[2024-04-02T02:07:37.242+0000] {processor.py:183} INFO - Processing /home/airflow/.local/lib/python3.8/site-packages/airflow/example_dags/example_latest_only.py took 0.213 seconds
[2024-04-02T02:08:08.743+0000] {processor.py:161} INFO - Started process (PID=189) to work on /home/airflow/.local/lib/python3.8/site-packages/airflow/example_dags/example_latest_only.py
[2024-04-02T02:08:08.747+0000] {processor.py:830} INFO - Processing file /home/airflow/.local/lib/python3.8/site-packages/airflow/example_dags/example_latest_only.py for tasks to queue
[2024-04-02T02:08:08.750+0000] {logging_mixin.py:188} INFO - [2024-04-02T02:08:08.750+0000] {dagbag.py:540} INFO - Filling up the DagBag from /home/airflow/.local/lib/python3.8/site-packages/airflow/example_dags/example_latest_only.py
[2024-04-02T02:08:08.760+0000] {processor.py:840} INFO - DAG(s) 'latest_only' retrieved from /home/airflow/.local/lib/python3.8/site-packages/airflow/example_dags/example_latest_only.py
[2024-04-02T02:08:09.006+0000] {logging_mixin.py:188} INFO - [2024-04-02T02:08:09.006+0000] {dag.py:3047} INFO - Sync 1 DAGs
[2024-04-02T02:08:09.057+0000] {logging_mixin.py:188} INFO - [2024-04-02T02:08:09.056+0000] {dag.py:3834} INFO - Setting next_dagrun for latest_only to 2024-04-01 20:00:00+00:00, run_after=2024-04-02 00:00:00+00:00
[2024-04-02T02:08:09.111+0000] {processor.py:183} INFO - Processing /home/airflow/.local/lib/python3.8/site-packages/airflow/example_dags/example_latest_only.py took 0.372 seconds
[2024-04-02T02:08:39.607+0000] {processor.py:161} INFO - Started process (PID=244) to work on /home/airflow/.local/lib/python3.8/site-packages/airflow/example_dags/example_latest_only.py
[2024-04-02T02:08:39.609+0000] {processor.py:830} INFO - Processing file /home/airflow/.local/lib/python3.8/site-packages/airflow/example_dags/example_latest_only.py for tasks to queue
[2024-04-02T02:08:39.611+0000] {logging_mixin.py:188} INFO - [2024-04-02T02:08:39.611+0000] {dagbag.py:540} INFO - Filling up the DagBag from /home/airflow/.local/lib/python3.8/site-packages/airflow/example_dags/example_latest_only.py
[2024-04-02T02:08:39.621+0000] {processor.py:840} INFO - DAG(s) 'latest_only' retrieved from /home/airflow/.local/lib/python3.8/site-packages/airflow/example_dags/example_latest_only.py
[2024-04-02T02:08:39.660+0000] {logging_mixin.py:188} INFO - [2024-04-02T02:08:39.659+0000] {dag.py:3047} INFO - Sync 1 DAGs
[2024-04-02T02:08:39.703+0000] {logging_mixin.py:188} INFO - [2024-04-02T02:08:39.703+0000] {dag.py:3834} INFO - Setting next_dagrun for latest_only to 2024-04-01 20:00:00+00:00, run_after=2024-04-02 00:00:00+00:00
[2024-04-02T02:08:39.743+0000] {processor.py:183} INFO - Processing /home/airflow/.local/lib/python3.8/site-packages/airflow/example_dags/example_latest_only.py took 0.142 seconds
[2024-04-02T02:09:09.916+0000] {processor.py:161} INFO - Started process (PID=299) to work on /home/airflow/.local/lib/python3.8/site-packages/airflow/example_dags/example_latest_only.py
[2024-04-02T02:09:09.918+0000] {processor.py:830} INFO - Processing file /home/airflow/.local/lib/python3.8/site-packages/airflow/example_dags/example_latest_only.py for tasks to queue
[2024-04-02T02:09:09.921+0000] {logging_mixin.py:188} INFO - [2024-04-02T02:09:09.920+0000] {dagbag.py:540} INFO - Filling up the DagBag from /home/airflow/.local/lib/python3.8/site-packages/airflow/example_dags/example_latest_only.py
[2024-04-02T02:09:09.931+0000] {processor.py:840} INFO - DAG(s) 'latest_only' retrieved from /home/airflow/.local/lib/python3.8/site-packages/airflow/example_dags/example_latest_only.py
[2024-04-02T02:09:09.974+0000] {logging_mixin.py:188} INFO - [2024-04-02T02:09:09.974+0000] {dag.py:3047} INFO - Sync 1 DAGs
[2024-04-02T02:09:10.017+0000] {logging_mixin.py:188} INFO - [2024-04-02T02:09:10.017+0000] {dag.py:3834} INFO - Setting next_dagrun for latest_only to 2024-04-01 20:00:00+00:00, run_after=2024-04-02 00:00:00+00:00
[2024-04-02T02:09:10.058+0000] {processor.py:183} INFO - Processing /home/airflow/.local/lib/python3.8/site-packages/airflow/example_dags/example_latest_only.py took 0.148 seconds
[2024-04-02T02:09:40.478+0000] {processor.py:161} INFO - Started process (PID=355) to work on /home/airflow/.local/lib/python3.8/site-packages/airflow/example_dags/example_latest_only.py
[2024-04-02T02:09:40.480+0000] {processor.py:830} INFO - Processing file /home/airflow/.local/lib/python3.8/site-packages/airflow/example_dags/example_latest_only.py for tasks to queue
[2024-04-02T02:09:40.488+0000] {logging_mixin.py:188} INFO - [2024-04-02T02:09:40.487+0000] {dagbag.py:540} INFO - Filling up the DagBag from /home/airflow/.local/lib/python3.8/site-packages/airflow/example_dags/example_latest_only.py
[2024-04-02T02:09:40.497+0000] {processor.py:840} INFO - DAG(s) 'latest_only' retrieved from /home/airflow/.local/lib/python3.8/site-packages/airflow/example_dags/example_latest_only.py
[2024-04-02T02:09:40.547+0000] {logging_mixin.py:188} INFO - [2024-04-02T02:09:40.546+0000] {dag.py:3047} INFO - Sync 1 DAGs
[2024-04-02T02:09:40.607+0000] {logging_mixin.py:188} INFO - [2024-04-02T02:09:40.606+0000] {dag.py:3834} INFO - Setting next_dagrun for latest_only to 2024-04-01 20:00:00+00:00, run_after=2024-04-02 00:00:00+00:00
[2024-04-02T02:09:40.669+0000] {processor.py:183} INFO - Processing /home/airflow/.local/lib/python3.8/site-packages/airflow/example_dags/example_latest_only.py took 0.196 seconds
[2024-04-02T02:12:16.400+0000] {processor.py:161} INFO - Started process (PID=73) to work on /home/airflow/.local/lib/python3.8/site-packages/airflow/example_dags/example_latest_only.py
[2024-04-02T02:12:16.403+0000] {processor.py:830} INFO - Processing file /home/airflow/.local/lib/python3.8/site-packages/airflow/example_dags/example_latest_only.py for tasks to queue
[2024-04-02T02:12:16.407+0000] {logging_mixin.py:188} INFO - [2024-04-02T02:12:16.407+0000] {dagbag.py:540} INFO - Filling up the DagBag from /home/airflow/.local/lib/python3.8/site-packages/airflow/example_dags/example_latest_only.py
[2024-04-02T02:12:16.419+0000] {processor.py:840} INFO - DAG(s) 'latest_only' retrieved from /home/airflow/.local/lib/python3.8/site-packages/airflow/example_dags/example_latest_only.py
[2024-04-02T02:12:16.653+0000] {logging_mixin.py:188} INFO - [2024-04-02T02:12:16.651+0000] {override.py:1769} INFO - Created Permission View: can read on DAG:latest_only
[2024-04-02T02:12:16.681+0000] {logging_mixin.py:188} INFO - [2024-04-02T02:12:16.680+0000] {override.py:1769} INFO - Created Permission View: can delete on DAG:latest_only
[2024-04-02T02:12:16.699+0000] {logging_mixin.py:188} INFO - [2024-04-02T02:12:16.699+0000] {override.py:1769} INFO - Created Permission View: can edit on DAG:latest_only
[2024-04-02T02:12:16.701+0000] {logging_mixin.py:188} INFO - [2024-04-02T02:12:16.700+0000] {dag.py:3047} INFO - Sync 1 DAGs
[2024-04-02T02:12:16.743+0000] {logging_mixin.py:188} INFO - [2024-04-02T02:12:16.743+0000] {dag.py:3069} INFO - Creating ORM DAG for latest_only
[2024-04-02T02:12:16.767+0000] {logging_mixin.py:188} INFO - [2024-04-02T02:12:16.767+0000] {dag.py:3834} INFO - Setting next_dagrun for latest_only to 2024-04-01 20:00:00+00:00, run_after=2024-04-02 00:00:00+00:00
[2024-04-02T02:12:16.826+0000] {processor.py:183} INFO - Processing /home/airflow/.local/lib/python3.8/site-packages/airflow/example_dags/example_latest_only.py took 0.430 seconds
[2024-04-02T02:12:47.064+0000] {processor.py:161} INFO - Started process (PID=128) to work on /home/airflow/.local/lib/python3.8/site-packages/airflow/example_dags/example_latest_only.py
[2024-04-02T02:12:47.066+0000] {processor.py:830} INFO - Processing file /home/airflow/.local/lib/python3.8/site-packages/airflow/example_dags/example_latest_only.py for tasks to queue
[2024-04-02T02:12:47.069+0000] {logging_mixin.py:188} INFO - [2024-04-02T02:12:47.069+0000] {dagbag.py:540} INFO - Filling up the DagBag from /home/airflow/.local/lib/python3.8/site-packages/airflow/example_dags/example_latest_only.py
[2024-04-02T02:12:47.078+0000] {processor.py:840} INFO - DAG(s) 'latest_only' retrieved from /home/airflow/.local/lib/python3.8/site-packages/airflow/example_dags/example_latest_only.py
[2024-04-02T02:12:47.102+0000] {logging_mixin.py:188} INFO - [2024-04-02T02:12:47.102+0000] {dag.py:3047} INFO - Sync 1 DAGs
[2024-04-02T02:12:47.149+0000] {logging_mixin.py:188} INFO - [2024-04-02T02:12:47.148+0000] {dag.py:3834} INFO - Setting next_dagrun for latest_only to 2024-04-01 20:00:00+00:00, run_after=2024-04-02 00:00:00+00:00
[2024-04-02T02:12:47.190+0000] {processor.py:183} INFO - Processing /home/airflow/.local/lib/python3.8/site-packages/airflow/example_dags/example_latest_only.py took 0.129 seconds
[2024-04-02T02:13:18.193+0000] {processor.py:161} INFO - Started process (PID=183) to work on /home/airflow/.local/lib/python3.8/site-packages/airflow/example_dags/example_latest_only.py
[2024-04-02T02:13:18.195+0000] {processor.py:830} INFO - Processing file /home/airflow/.local/lib/python3.8/site-packages/airflow/example_dags/example_latest_only.py for tasks to queue
[2024-04-02T02:13:18.198+0000] {logging_mixin.py:188} INFO - [2024-04-02T02:13:18.197+0000] {dagbag.py:540} INFO - Filling up the DagBag from /home/airflow/.local/lib/python3.8/site-packages/airflow/example_dags/example_latest_only.py
[2024-04-02T02:13:18.205+0000] {processor.py:840} INFO - DAG(s) 'latest_only' retrieved from /home/airflow/.local/lib/python3.8/site-packages/airflow/example_dags/example_latest_only.py
[2024-04-02T02:13:18.393+0000] {logging_mixin.py:188} INFO - [2024-04-02T02:13:18.393+0000] {dag.py:3047} INFO - Sync 1 DAGs
[2024-04-02T02:13:18.431+0000] {logging_mixin.py:188} INFO - [2024-04-02T02:13:18.431+0000] {dag.py:3834} INFO - Setting next_dagrun for latest_only to 2024-04-01 20:00:00+00:00, run_after=2024-04-02 00:00:00+00:00
[2024-04-02T02:13:18.470+0000] {processor.py:183} INFO - Processing /home/airflow/.local/lib/python3.8/site-packages/airflow/example_dags/example_latest_only.py took 0.281 seconds
[2024-04-02T02:13:49.295+0000] {processor.py:161} INFO - Started process (PID=238) to work on /home/airflow/.local/lib/python3.8/site-packages/airflow/example_dags/example_latest_only.py
[2024-04-02T02:13:49.297+0000] {processor.py:830} INFO - Processing file /home/airflow/.local/lib/python3.8/site-packages/airflow/example_dags/example_latest_only.py for tasks to queue
[2024-04-02T02:13:49.301+0000] {logging_mixin.py:188} INFO - [2024-04-02T02:13:49.300+0000] {dagbag.py:540} INFO - Filling up the DagBag from /home/airflow/.local/lib/python3.8/site-packages/airflow/example_dags/example_latest_only.py
[2024-04-02T02:13:49.310+0000] {processor.py:840} INFO - DAG(s) 'latest_only' retrieved from /home/airflow/.local/lib/python3.8/site-packages/airflow/example_dags/example_latest_only.py
[2024-04-02T02:13:49.349+0000] {logging_mixin.py:188} INFO - [2024-04-02T02:13:49.348+0000] {dag.py:3047} INFO - Sync 1 DAGs
[2024-04-02T02:13:49.393+0000] {logging_mixin.py:188} INFO - [2024-04-02T02:13:49.393+0000] {dag.py:3834} INFO - Setting next_dagrun for latest_only to 2024-04-01 20:00:00+00:00, run_after=2024-04-02 00:00:00+00:00
[2024-04-02T02:13:49.436+0000] {processor.py:183} INFO - Processing /home/airflow/.local/lib/python3.8/site-packages/airflow/example_dags/example_latest_only.py took 0.147 seconds
