[2024-04-02T02:07:08.640+0000] {processor.py:161} INFO - Started process (PID=90) to work on /home/airflow/.local/lib/python3.8/site-packages/airflow/example_dags/example_local_kubernetes_executor.py
[2024-04-02T02:07:08.649+0000] {processor.py:830} INFO - Processing file /home/airflow/.local/lib/python3.8/site-packages/airflow/example_dags/example_local_kubernetes_executor.py for tasks to queue
[2024-04-02T02:07:08.653+0000] {logging_mixin.py:188} INFO - [2024-04-02T02:07:08.652+0000] {dagbag.py:540} INFO - Filling up the DagBag from /home/airflow/.local/lib/python3.8/site-packages/airflow/example_dags/example_local_kubernetes_executor.py
[2024-04-02T02:07:08.677+0000] {processor.py:840} INFO - DAG(s) 'example_local_kubernetes_executor' retrieved from /home/airflow/.local/lib/python3.8/site-packages/airflow/example_dags/example_local_kubernetes_executor.py
[2024-04-02T02:07:09.102+0000] {logging_mixin.py:188} INFO - [2024-04-02T02:07:09.101+0000] {dag.py:3047} INFO - Sync 1 DAGs
[2024-04-02T02:07:09.143+0000] {logging_mixin.py:188} INFO - [2024-04-02T02:07:09.142+0000] {dag.py:3834} INFO - Setting next_dagrun for example_local_kubernetes_executor to None, run_after=None
[2024-04-02T02:07:09.207+0000] {processor.py:183} INFO - Processing /home/airflow/.local/lib/python3.8/site-packages/airflow/example_dags/example_local_kubernetes_executor.py took 0.586 seconds
[2024-04-02T02:07:39.298+0000] {processor.py:161} INFO - Started process (PID=145) to work on /home/airflow/.local/lib/python3.8/site-packages/airflow/example_dags/example_local_kubernetes_executor.py
[2024-04-02T02:07:39.301+0000] {processor.py:830} INFO - Processing file /home/airflow/.local/lib/python3.8/site-packages/airflow/example_dags/example_local_kubernetes_executor.py for tasks to queue
[2024-04-02T02:07:39.304+0000] {logging_mixin.py:188} INFO - [2024-04-02T02:07:39.304+0000] {dagbag.py:540} INFO - Filling up the DagBag from /home/airflow/.local/lib/python3.8/site-packages/airflow/example_dags/example_local_kubernetes_executor.py
[2024-04-02T02:07:39.319+0000] {processor.py:840} INFO - DAG(s) 'example_local_kubernetes_executor' retrieved from /home/airflow/.local/lib/python3.8/site-packages/airflow/example_dags/example_local_kubernetes_executor.py
[2024-04-02T02:07:39.343+0000] {logging_mixin.py:188} INFO - [2024-04-02T02:07:39.342+0000] {dag.py:3047} INFO - Sync 1 DAGs
[2024-04-02T02:07:39.378+0000] {logging_mixin.py:188} INFO - [2024-04-02T02:07:39.377+0000] {dag.py:3834} INFO - Setting next_dagrun for example_local_kubernetes_executor to None, run_after=None
[2024-04-02T02:07:39.430+0000] {processor.py:183} INFO - Processing /home/airflow/.local/lib/python3.8/site-packages/airflow/example_dags/example_local_kubernetes_executor.py took 0.138 seconds
[2024-04-02T02:08:10.983+0000] {processor.py:161} INFO - Started process (PID=199) to work on /home/airflow/.local/lib/python3.8/site-packages/airflow/example_dags/example_local_kubernetes_executor.py
[2024-04-02T02:08:10.986+0000] {processor.py:830} INFO - Processing file /home/airflow/.local/lib/python3.8/site-packages/airflow/example_dags/example_local_kubernetes_executor.py for tasks to queue
[2024-04-02T02:08:10.989+0000] {logging_mixin.py:188} INFO - [2024-04-02T02:08:10.989+0000] {dagbag.py:540} INFO - Filling up the DagBag from /home/airflow/.local/lib/python3.8/site-packages/airflow/example_dags/example_local_kubernetes_executor.py
[2024-04-02T02:08:11.003+0000] {processor.py:840} INFO - DAG(s) 'example_local_kubernetes_executor' retrieved from /home/airflow/.local/lib/python3.8/site-packages/airflow/example_dags/example_local_kubernetes_executor.py
[2024-04-02T02:08:11.254+0000] {logging_mixin.py:188} INFO - [2024-04-02T02:08:11.253+0000] {dag.py:3047} INFO - Sync 1 DAGs
[2024-04-02T02:08:11.280+0000] {logging_mixin.py:188} INFO - [2024-04-02T02:08:11.280+0000] {dag.py:3834} INFO - Setting next_dagrun for example_local_kubernetes_executor to None, run_after=None
[2024-04-02T02:08:11.332+0000] {processor.py:183} INFO - Processing /home/airflow/.local/lib/python3.8/site-packages/airflow/example_dags/example_local_kubernetes_executor.py took 0.354 seconds
[2024-04-02T02:08:41.409+0000] {processor.py:161} INFO - Started process (PID=254) to work on /home/airflow/.local/lib/python3.8/site-packages/airflow/example_dags/example_local_kubernetes_executor.py
[2024-04-02T02:08:41.411+0000] {processor.py:830} INFO - Processing file /home/airflow/.local/lib/python3.8/site-packages/airflow/example_dags/example_local_kubernetes_executor.py for tasks to queue
[2024-04-02T02:08:41.414+0000] {logging_mixin.py:188} INFO - [2024-04-02T02:08:41.413+0000] {dagbag.py:540} INFO - Filling up the DagBag from /home/airflow/.local/lib/python3.8/site-packages/airflow/example_dags/example_local_kubernetes_executor.py
[2024-04-02T02:08:41.427+0000] {processor.py:840} INFO - DAG(s) 'example_local_kubernetes_executor' retrieved from /home/airflow/.local/lib/python3.8/site-packages/airflow/example_dags/example_local_kubernetes_executor.py
[2024-04-02T02:08:41.496+0000] {logging_mixin.py:188} INFO - [2024-04-02T02:08:41.495+0000] {dag.py:3047} INFO - Sync 1 DAGs
[2024-04-02T02:08:41.521+0000] {logging_mixin.py:188} INFO - [2024-04-02T02:08:41.520+0000] {dag.py:3834} INFO - Setting next_dagrun for example_local_kubernetes_executor to None, run_after=None
[2024-04-02T02:08:41.567+0000] {processor.py:183} INFO - Processing /home/airflow/.local/lib/python3.8/site-packages/airflow/example_dags/example_local_kubernetes_executor.py took 0.163 seconds
[2024-04-02T02:09:12.814+0000] {processor.py:161} INFO - Started process (PID=309) to work on /home/airflow/.local/lib/python3.8/site-packages/airflow/example_dags/example_local_kubernetes_executor.py
[2024-04-02T02:09:12.816+0000] {processor.py:830} INFO - Processing file /home/airflow/.local/lib/python3.8/site-packages/airflow/example_dags/example_local_kubernetes_executor.py for tasks to queue
[2024-04-02T02:09:12.820+0000] {logging_mixin.py:188} INFO - [2024-04-02T02:09:12.819+0000] {dagbag.py:540} INFO - Filling up the DagBag from /home/airflow/.local/lib/python3.8/site-packages/airflow/example_dags/example_local_kubernetes_executor.py
[2024-04-02T02:09:12.834+0000] {processor.py:840} INFO - DAG(s) 'example_local_kubernetes_executor' retrieved from /home/airflow/.local/lib/python3.8/site-packages/airflow/example_dags/example_local_kubernetes_executor.py
[2024-04-02T02:09:12.922+0000] {logging_mixin.py:188} INFO - [2024-04-02T02:09:12.922+0000] {dag.py:3047} INFO - Sync 1 DAGs
[2024-04-02T02:09:12.951+0000] {logging_mixin.py:188} INFO - [2024-04-02T02:09:12.951+0000] {dag.py:3834} INFO - Setting next_dagrun for example_local_kubernetes_executor to None, run_after=None
[2024-04-02T02:09:13.005+0000] {processor.py:183} INFO - Processing /home/airflow/.local/lib/python3.8/site-packages/airflow/example_dags/example_local_kubernetes_executor.py took 0.197 seconds
[2024-04-02T02:09:43.804+0000] {processor.py:161} INFO - Started process (PID=365) to work on /home/airflow/.local/lib/python3.8/site-packages/airflow/example_dags/example_local_kubernetes_executor.py
[2024-04-02T02:09:43.806+0000] {processor.py:830} INFO - Processing file /home/airflow/.local/lib/python3.8/site-packages/airflow/example_dags/example_local_kubernetes_executor.py for tasks to queue
[2024-04-02T02:09:43.809+0000] {logging_mixin.py:188} INFO - [2024-04-02T02:09:43.808+0000] {dagbag.py:540} INFO - Filling up the DagBag from /home/airflow/.local/lib/python3.8/site-packages/airflow/example_dags/example_local_kubernetes_executor.py
[2024-04-02T02:09:43.821+0000] {processor.py:840} INFO - DAG(s) 'example_local_kubernetes_executor' retrieved from /home/airflow/.local/lib/python3.8/site-packages/airflow/example_dags/example_local_kubernetes_executor.py
[2024-04-02T02:09:43.894+0000] {logging_mixin.py:188} INFO - [2024-04-02T02:09:43.893+0000] {dag.py:3047} INFO - Sync 1 DAGs
[2024-04-02T02:09:43.925+0000] {logging_mixin.py:188} INFO - [2024-04-02T02:09:43.924+0000] {dag.py:3834} INFO - Setting next_dagrun for example_local_kubernetes_executor to None, run_after=None
[2024-04-02T02:09:43.972+0000] {processor.py:183} INFO - Processing /home/airflow/.local/lib/python3.8/site-packages/airflow/example_dags/example_local_kubernetes_executor.py took 0.175 seconds
[2024-04-02T02:12:19.413+0000] {processor.py:161} INFO - Started process (PID=83) to work on /home/airflow/.local/lib/python3.8/site-packages/airflow/example_dags/example_local_kubernetes_executor.py
[2024-04-02T02:12:19.415+0000] {processor.py:830} INFO - Processing file /home/airflow/.local/lib/python3.8/site-packages/airflow/example_dags/example_local_kubernetes_executor.py for tasks to queue
[2024-04-02T02:12:19.418+0000] {logging_mixin.py:188} INFO - [2024-04-02T02:12:19.417+0000] {dagbag.py:540} INFO - Filling up the DagBag from /home/airflow/.local/lib/python3.8/site-packages/airflow/example_dags/example_local_kubernetes_executor.py
[2024-04-02T02:12:19.433+0000] {processor.py:840} INFO - DAG(s) 'example_local_kubernetes_executor' retrieved from /home/airflow/.local/lib/python3.8/site-packages/airflow/example_dags/example_local_kubernetes_executor.py
[2024-04-02T02:12:19.686+0000] {logging_mixin.py:188} INFO - [2024-04-02T02:12:19.685+0000] {override.py:1769} INFO - Created Permission View: can read on DAG:example_local_kubernetes_executor
[2024-04-02T02:12:19.709+0000] {logging_mixin.py:188} INFO - [2024-04-02T02:12:19.708+0000] {override.py:1769} INFO - Created Permission View: can delete on DAG:example_local_kubernetes_executor
[2024-04-02T02:12:19.726+0000] {logging_mixin.py:188} INFO - [2024-04-02T02:12:19.725+0000] {override.py:1769} INFO - Created Permission View: can edit on DAG:example_local_kubernetes_executor
[2024-04-02T02:12:19.727+0000] {logging_mixin.py:188} INFO - [2024-04-02T02:12:19.727+0000] {dag.py:3047} INFO - Sync 1 DAGs
[2024-04-02T02:12:19.753+0000] {logging_mixin.py:188} INFO - [2024-04-02T02:12:19.753+0000] {dag.py:3069} INFO - Creating ORM DAG for example_local_kubernetes_executor
[2024-04-02T02:12:19.755+0000] {logging_mixin.py:188} INFO - [2024-04-02T02:12:19.755+0000] {dag.py:3834} INFO - Setting next_dagrun for example_local_kubernetes_executor to None, run_after=None
[2024-04-02T02:12:19.800+0000] {processor.py:183} INFO - Processing /home/airflow/.local/lib/python3.8/site-packages/airflow/example_dags/example_local_kubernetes_executor.py took 0.392 seconds
[2024-04-02T02:12:50.391+0000] {processor.py:161} INFO - Started process (PID=138) to work on /home/airflow/.local/lib/python3.8/site-packages/airflow/example_dags/example_local_kubernetes_executor.py
[2024-04-02T02:12:50.393+0000] {processor.py:830} INFO - Processing file /home/airflow/.local/lib/python3.8/site-packages/airflow/example_dags/example_local_kubernetes_executor.py for tasks to queue
[2024-04-02T02:12:50.407+0000] {logging_mixin.py:188} INFO - [2024-04-02T02:12:50.406+0000] {dagbag.py:540} INFO - Filling up the DagBag from /home/airflow/.local/lib/python3.8/site-packages/airflow/example_dags/example_local_kubernetes_executor.py
[2024-04-02T02:12:50.422+0000] {processor.py:840} INFO - DAG(s) 'example_local_kubernetes_executor' retrieved from /home/airflow/.local/lib/python3.8/site-packages/airflow/example_dags/example_local_kubernetes_executor.py
[2024-04-02T02:12:50.454+0000] {logging_mixin.py:188} INFO - [2024-04-02T02:12:50.453+0000] {dag.py:3047} INFO - Sync 1 DAGs
[2024-04-02T02:12:50.487+0000] {logging_mixin.py:188} INFO - [2024-04-02T02:12:50.486+0000] {dag.py:3834} INFO - Setting next_dagrun for example_local_kubernetes_executor to None, run_after=None
[2024-04-02T02:12:50.545+0000] {processor.py:183} INFO - Processing /home/airflow/.local/lib/python3.8/site-packages/airflow/example_dags/example_local_kubernetes_executor.py took 0.160 seconds
[2024-04-02T02:13:21.086+0000] {processor.py:161} INFO - Started process (PID=193) to work on /home/airflow/.local/lib/python3.8/site-packages/airflow/example_dags/example_local_kubernetes_executor.py
[2024-04-02T02:13:21.088+0000] {processor.py:830} INFO - Processing file /home/airflow/.local/lib/python3.8/site-packages/airflow/example_dags/example_local_kubernetes_executor.py for tasks to queue
[2024-04-02T02:13:21.090+0000] {logging_mixin.py:188} INFO - [2024-04-02T02:13:21.090+0000] {dagbag.py:540} INFO - Filling up the DagBag from /home/airflow/.local/lib/python3.8/site-packages/airflow/example_dags/example_local_kubernetes_executor.py
[2024-04-02T02:13:21.103+0000] {processor.py:840} INFO - DAG(s) 'example_local_kubernetes_executor' retrieved from /home/airflow/.local/lib/python3.8/site-packages/airflow/example_dags/example_local_kubernetes_executor.py
[2024-04-02T02:13:21.345+0000] {logging_mixin.py:188} INFO - [2024-04-02T02:13:21.344+0000] {dag.py:3047} INFO - Sync 1 DAGs
[2024-04-02T02:13:21.365+0000] {logging_mixin.py:188} INFO - [2024-04-02T02:13:21.365+0000] {dag.py:3834} INFO - Setting next_dagrun for example_local_kubernetes_executor to None, run_after=None
[2024-04-02T02:13:21.411+0000] {processor.py:183} INFO - Processing /home/airflow/.local/lib/python3.8/site-packages/airflow/example_dags/example_local_kubernetes_executor.py took 0.330 seconds
[2024-04-02T02:13:51.632+0000] {processor.py:161} INFO - Started process (PID=248) to work on /home/airflow/.local/lib/python3.8/site-packages/airflow/example_dags/example_local_kubernetes_executor.py
[2024-04-02T02:13:51.635+0000] {processor.py:830} INFO - Processing file /home/airflow/.local/lib/python3.8/site-packages/airflow/example_dags/example_local_kubernetes_executor.py for tasks to queue
[2024-04-02T02:13:51.638+0000] {logging_mixin.py:188} INFO - [2024-04-02T02:13:51.638+0000] {dagbag.py:540} INFO - Filling up the DagBag from /home/airflow/.local/lib/python3.8/site-packages/airflow/example_dags/example_local_kubernetes_executor.py
[2024-04-02T02:13:51.652+0000] {processor.py:840} INFO - DAG(s) 'example_local_kubernetes_executor' retrieved from /home/airflow/.local/lib/python3.8/site-packages/airflow/example_dags/example_local_kubernetes_executor.py
[2024-04-02T02:13:51.719+0000] {logging_mixin.py:188} INFO - [2024-04-02T02:13:51.718+0000] {dag.py:3047} INFO - Sync 1 DAGs
[2024-04-02T02:13:51.748+0000] {logging_mixin.py:188} INFO - [2024-04-02T02:13:51.748+0000] {dag.py:3834} INFO - Setting next_dagrun for example_local_kubernetes_executor to None, run_after=None
[2024-04-02T02:13:51.794+0000] {processor.py:183} INFO - Processing /home/airflow/.local/lib/python3.8/site-packages/airflow/example_dags/example_local_kubernetes_executor.py took 0.168 seconds
