[2024-04-02T02:07:03.055+0000] {processor.py:161} INFO - Started process (PID=70) to work on /home/airflow/.local/lib/python3.8/site-packages/airflow/example_dags/example_sensors.py
[2024-04-02T02:07:03.075+0000] {processor.py:830} INFO - Processing file /home/airflow/.local/lib/python3.8/site-packages/airflow/example_dags/example_sensors.py for tasks to queue
[2024-04-02T02:07:03.101+0000] {logging_mixin.py:188} INFO - [2024-04-02T02:07:03.101+0000] {dagbag.py:540} INFO - Filling up the DagBag from /home/airflow/.local/lib/python3.8/site-packages/airflow/example_dags/example_sensors.py
[2024-04-02T02:07:03.215+0000] {processor.py:840} INFO - DAG(s) 'example_sensors' retrieved from /home/airflow/.local/lib/python3.8/site-packages/airflow/example_dags/example_sensors.py
[2024-04-02T02:07:03.624+0000] {logging_mixin.py:188} INFO - [2024-04-02T02:07:03.623+0000] {dag.py:3047} INFO - Sync 1 DAGs
[2024-04-02T02:07:03.672+0000] {logging_mixin.py:188} INFO - [2024-04-02T02:07:03.671+0000] {dag.py:3834} INFO - Setting next_dagrun for example_sensors to None, run_after=None
[2024-04-02T02:07:03.750+0000] {processor.py:183} INFO - Processing /home/airflow/.local/lib/python3.8/site-packages/airflow/example_dags/example_sensors.py took 0.734 seconds
[2024-04-02T02:07:34.022+0000] {processor.py:161} INFO - Started process (PID=125) to work on /home/airflow/.local/lib/python3.8/site-packages/airflow/example_dags/example_sensors.py
[2024-04-02T02:07:34.025+0000] {processor.py:830} INFO - Processing file /home/airflow/.local/lib/python3.8/site-packages/airflow/example_dags/example_sensors.py for tasks to queue
[2024-04-02T02:07:34.032+0000] {logging_mixin.py:188} INFO - [2024-04-02T02:07:34.031+0000] {dagbag.py:540} INFO - Filling up the DagBag from /home/airflow/.local/lib/python3.8/site-packages/airflow/example_dags/example_sensors.py
[2024-04-02T02:07:34.058+0000] {processor.py:840} INFO - DAG(s) 'example_sensors' retrieved from /home/airflow/.local/lib/python3.8/site-packages/airflow/example_dags/example_sensors.py
[2024-04-02T02:07:34.088+0000] {logging_mixin.py:188} INFO - [2024-04-02T02:07:34.088+0000] {dag.py:3047} INFO - Sync 1 DAGs
[2024-04-02T02:07:34.120+0000] {logging_mixin.py:188} INFO - [2024-04-02T02:07:34.119+0000] {dag.py:3834} INFO - Setting next_dagrun for example_sensors to None, run_after=None
[2024-04-02T02:07:34.184+0000] {processor.py:183} INFO - Processing /home/airflow/.local/lib/python3.8/site-packages/airflow/example_dags/example_sensors.py took 0.168 seconds
[2024-04-02T02:08:04.320+0000] {processor.py:161} INFO - Started process (PID=179) to work on /home/airflow/.local/lib/python3.8/site-packages/airflow/example_dags/example_sensors.py
[2024-04-02T02:08:04.322+0000] {processor.py:830} INFO - Processing file /home/airflow/.local/lib/python3.8/site-packages/airflow/example_dags/example_sensors.py for tasks to queue
[2024-04-02T02:08:04.325+0000] {logging_mixin.py:188} INFO - [2024-04-02T02:08:04.324+0000] {dagbag.py:540} INFO - Filling up the DagBag from /home/airflow/.local/lib/python3.8/site-packages/airflow/example_dags/example_sensors.py
[2024-04-02T02:08:04.342+0000] {processor.py:840} INFO - DAG(s) 'example_sensors' retrieved from /home/airflow/.local/lib/python3.8/site-packages/airflow/example_dags/example_sensors.py
[2024-04-02T02:08:04.573+0000] {logging_mixin.py:188} INFO - [2024-04-02T02:08:04.573+0000] {dag.py:3047} INFO - Sync 1 DAGs
[2024-04-02T02:08:04.598+0000] {logging_mixin.py:188} INFO - [2024-04-02T02:08:04.598+0000] {dag.py:3834} INFO - Setting next_dagrun for example_sensors to None, run_after=None
[2024-04-02T02:08:04.643+0000] {processor.py:183} INFO - Processing /home/airflow/.local/lib/python3.8/site-packages/airflow/example_dags/example_sensors.py took 0.329 seconds
[2024-04-02T02:08:34.724+0000] {processor.py:161} INFO - Started process (PID=234) to work on /home/airflow/.local/lib/python3.8/site-packages/airflow/example_dags/example_sensors.py
[2024-04-02T02:08:34.726+0000] {processor.py:830} INFO - Processing file /home/airflow/.local/lib/python3.8/site-packages/airflow/example_dags/example_sensors.py for tasks to queue
[2024-04-02T02:08:34.730+0000] {logging_mixin.py:188} INFO - [2024-04-02T02:08:34.729+0000] {dagbag.py:540} INFO - Filling up the DagBag from /home/airflow/.local/lib/python3.8/site-packages/airflow/example_dags/example_sensors.py
[2024-04-02T02:08:34.747+0000] {processor.py:840} INFO - DAG(s) 'example_sensors' retrieved from /home/airflow/.local/lib/python3.8/site-packages/airflow/example_dags/example_sensors.py
[2024-04-02T02:08:34.794+0000] {logging_mixin.py:188} INFO - [2024-04-02T02:08:34.793+0000] {dag.py:3047} INFO - Sync 1 DAGs
[2024-04-02T02:08:34.817+0000] {logging_mixin.py:188} INFO - [2024-04-02T02:08:34.817+0000] {dag.py:3834} INFO - Setting next_dagrun for example_sensors to None, run_after=None
[2024-04-02T02:08:34.869+0000] {processor.py:183} INFO - Processing /home/airflow/.local/lib/python3.8/site-packages/airflow/example_dags/example_sensors.py took 0.149 seconds
[2024-04-02T02:09:05.793+0000] {processor.py:161} INFO - Started process (PID=289) to work on /home/airflow/.local/lib/python3.8/site-packages/airflow/example_dags/example_sensors.py
[2024-04-02T02:09:05.795+0000] {processor.py:830} INFO - Processing file /home/airflow/.local/lib/python3.8/site-packages/airflow/example_dags/example_sensors.py for tasks to queue
[2024-04-02T02:09:05.798+0000] {logging_mixin.py:188} INFO - [2024-04-02T02:09:05.798+0000] {dagbag.py:540} INFO - Filling up the DagBag from /home/airflow/.local/lib/python3.8/site-packages/airflow/example_dags/example_sensors.py
[2024-04-02T02:09:05.816+0000] {processor.py:840} INFO - DAG(s) 'example_sensors' retrieved from /home/airflow/.local/lib/python3.8/site-packages/airflow/example_dags/example_sensors.py
[2024-04-02T02:09:05.865+0000] {logging_mixin.py:188} INFO - [2024-04-02T02:09:05.865+0000] {dag.py:3047} INFO - Sync 1 DAGs
[2024-04-02T02:09:05.889+0000] {logging_mixin.py:188} INFO - [2024-04-02T02:09:05.888+0000] {dag.py:3834} INFO - Setting next_dagrun for example_sensors to None, run_after=None
[2024-04-02T02:09:05.927+0000] {processor.py:183} INFO - Processing /home/airflow/.local/lib/python3.8/site-packages/airflow/example_dags/example_sensors.py took 0.139 seconds
[2024-04-02T02:09:36.467+0000] {processor.py:161} INFO - Started process (PID=345) to work on /home/airflow/.local/lib/python3.8/site-packages/airflow/example_dags/example_sensors.py
[2024-04-02T02:09:36.470+0000] {processor.py:830} INFO - Processing file /home/airflow/.local/lib/python3.8/site-packages/airflow/example_dags/example_sensors.py for tasks to queue
[2024-04-02T02:09:36.474+0000] {logging_mixin.py:188} INFO - [2024-04-02T02:09:36.473+0000] {dagbag.py:540} INFO - Filling up the DagBag from /home/airflow/.local/lib/python3.8/site-packages/airflow/example_dags/example_sensors.py
[2024-04-02T02:09:36.491+0000] {processor.py:840} INFO - DAG(s) 'example_sensors' retrieved from /home/airflow/.local/lib/python3.8/site-packages/airflow/example_dags/example_sensors.py
[2024-04-02T02:09:36.544+0000] {logging_mixin.py:188} INFO - [2024-04-02T02:09:36.543+0000] {dag.py:3047} INFO - Sync 1 DAGs
[2024-04-02T02:09:36.572+0000] {logging_mixin.py:188} INFO - [2024-04-02T02:09:36.571+0000] {dag.py:3834} INFO - Setting next_dagrun for example_sensors to None, run_after=None
[2024-04-02T02:09:36.621+0000] {processor.py:183} INFO - Processing /home/airflow/.local/lib/python3.8/site-packages/airflow/example_dags/example_sensors.py took 0.160 seconds
[2024-04-02T02:12:13.903+0000] {processor.py:161} INFO - Started process (PID=63) to work on /home/airflow/.local/lib/python3.8/site-packages/airflow/example_dags/example_sensors.py
[2024-04-02T02:12:13.905+0000] {processor.py:830} INFO - Processing file /home/airflow/.local/lib/python3.8/site-packages/airflow/example_dags/example_sensors.py for tasks to queue
[2024-04-02T02:12:13.909+0000] {logging_mixin.py:188} INFO - [2024-04-02T02:12:13.908+0000] {dagbag.py:540} INFO - Filling up the DagBag from /home/airflow/.local/lib/python3.8/site-packages/airflow/example_dags/example_sensors.py
[2024-04-02T02:12:13.943+0000] {processor.py:840} INFO - DAG(s) 'example_sensors' retrieved from /home/airflow/.local/lib/python3.8/site-packages/airflow/example_dags/example_sensors.py
[2024-04-02T02:12:14.232+0000] {logging_mixin.py:188} INFO - [2024-04-02T02:12:14.231+0000] {override.py:1769} INFO - Created Permission View: can read on DAG:example_sensors
[2024-04-02T02:12:14.254+0000] {logging_mixin.py:188} INFO - [2024-04-02T02:12:14.253+0000] {override.py:1769} INFO - Created Permission View: can delete on DAG:example_sensors
[2024-04-02T02:12:14.272+0000] {logging_mixin.py:188} INFO - [2024-04-02T02:12:14.271+0000] {override.py:1769} INFO - Created Permission View: can edit on DAG:example_sensors
[2024-04-02T02:12:14.273+0000] {logging_mixin.py:188} INFO - [2024-04-02T02:12:14.273+0000] {dag.py:3047} INFO - Sync 1 DAGs
[2024-04-02T02:12:14.314+0000] {logging_mixin.py:188} INFO - [2024-04-02T02:12:14.313+0000] {dag.py:3069} INFO - Creating ORM DAG for example_sensors
[2024-04-02T02:12:14.318+0000] {logging_mixin.py:188} INFO - [2024-04-02T02:12:14.317+0000] {dag.py:3834} INFO - Setting next_dagrun for example_sensors to None, run_after=None
[2024-04-02T02:12:14.367+0000] {processor.py:183} INFO - Processing /home/airflow/.local/lib/python3.8/site-packages/airflow/example_dags/example_sensors.py took 0.471 seconds
[2024-04-02T02:12:44.433+0000] {processor.py:161} INFO - Started process (PID=118) to work on /home/airflow/.local/lib/python3.8/site-packages/airflow/example_dags/example_sensors.py
[2024-04-02T02:12:44.435+0000] {processor.py:830} INFO - Processing file /home/airflow/.local/lib/python3.8/site-packages/airflow/example_dags/example_sensors.py for tasks to queue
[2024-04-02T02:12:44.438+0000] {logging_mixin.py:188} INFO - [2024-04-02T02:12:44.438+0000] {dagbag.py:540} INFO - Filling up the DagBag from /home/airflow/.local/lib/python3.8/site-packages/airflow/example_dags/example_sensors.py
[2024-04-02T02:12:44.459+0000] {processor.py:840} INFO - DAG(s) 'example_sensors' retrieved from /home/airflow/.local/lib/python3.8/site-packages/airflow/example_dags/example_sensors.py
[2024-04-02T02:12:44.480+0000] {logging_mixin.py:188} INFO - [2024-04-02T02:12:44.480+0000] {dag.py:3047} INFO - Sync 1 DAGs
[2024-04-02T02:12:44.504+0000] {logging_mixin.py:188} INFO - [2024-04-02T02:12:44.503+0000] {dag.py:3834} INFO - Setting next_dagrun for example_sensors to None, run_after=None
[2024-04-02T02:12:44.540+0000] {processor.py:183} INFO - Processing /home/airflow/.local/lib/python3.8/site-packages/airflow/example_dags/example_sensors.py took 0.111 seconds
[2024-04-02T02:13:15.370+0000] {processor.py:161} INFO - Started process (PID=173) to work on /home/airflow/.local/lib/python3.8/site-packages/airflow/example_dags/example_sensors.py
[2024-04-02T02:13:15.372+0000] {processor.py:830} INFO - Processing file /home/airflow/.local/lib/python3.8/site-packages/airflow/example_dags/example_sensors.py for tasks to queue
[2024-04-02T02:13:15.375+0000] {logging_mixin.py:188} INFO - [2024-04-02T02:13:15.374+0000] {dagbag.py:540} INFO - Filling up the DagBag from /home/airflow/.local/lib/python3.8/site-packages/airflow/example_dags/example_sensors.py
[2024-04-02T02:13:15.391+0000] {processor.py:840} INFO - DAG(s) 'example_sensors' retrieved from /home/airflow/.local/lib/python3.8/site-packages/airflow/example_dags/example_sensors.py
[2024-04-02T02:13:15.592+0000] {logging_mixin.py:188} INFO - [2024-04-02T02:13:15.591+0000] {dag.py:3047} INFO - Sync 1 DAGs
[2024-04-02T02:13:15.612+0000] {logging_mixin.py:188} INFO - [2024-04-02T02:13:15.611+0000] {dag.py:3834} INFO - Setting next_dagrun for example_sensors to None, run_after=None
[2024-04-02T02:13:15.651+0000] {processor.py:183} INFO - Processing /home/airflow/.local/lib/python3.8/site-packages/airflow/example_dags/example_sensors.py took 0.288 seconds
[2024-04-02T02:13:45.965+0000] {processor.py:161} INFO - Started process (PID=228) to work on /home/airflow/.local/lib/python3.8/site-packages/airflow/example_dags/example_sensors.py
[2024-04-02T02:13:45.968+0000] {processor.py:830} INFO - Processing file /home/airflow/.local/lib/python3.8/site-packages/airflow/example_dags/example_sensors.py for tasks to queue
[2024-04-02T02:13:45.971+0000] {logging_mixin.py:188} INFO - [2024-04-02T02:13:45.970+0000] {dagbag.py:540} INFO - Filling up the DagBag from /home/airflow/.local/lib/python3.8/site-packages/airflow/example_dags/example_sensors.py
[2024-04-02T02:13:45.988+0000] {processor.py:840} INFO - DAG(s) 'example_sensors' retrieved from /home/airflow/.local/lib/python3.8/site-packages/airflow/example_dags/example_sensors.py
[2024-04-02T02:13:46.038+0000] {logging_mixin.py:188} INFO - [2024-04-02T02:13:46.038+0000] {dag.py:3047} INFO - Sync 1 DAGs
[2024-04-02T02:13:46.069+0000] {logging_mixin.py:188} INFO - [2024-04-02T02:13:46.068+0000] {dag.py:3834} INFO - Setting next_dagrun for example_sensors to None, run_after=None
[2024-04-02T02:13:46.114+0000] {processor.py:183} INFO - Processing /home/airflow/.local/lib/python3.8/site-packages/airflow/example_dags/example_sensors.py took 0.155 seconds
