[2024-04-02T02:07:09.832+0000] {processor.py:161} INFO - Started process (PID=94) to work on /home/airflow/.local/lib/python3.8/site-packages/airflow/example_dags/example_trigger_target_dag.py
[2024-04-02T02:07:09.834+0000] {processor.py:830} INFO - Processing file /home/airflow/.local/lib/python3.8/site-packages/airflow/example_dags/example_trigger_target_dag.py for tasks to queue
[2024-04-02T02:07:09.838+0000] {logging_mixin.py:188} INFO - [2024-04-02T02:07:09.837+0000] {dagbag.py:540} INFO - Filling up the DagBag from /home/airflow/.local/lib/python3.8/site-packages/airflow/example_dags/example_trigger_target_dag.py
[2024-04-02T02:07:09.857+0000] {processor.py:840} INFO - DAG(s) 'example_trigger_target_dag' retrieved from /home/airflow/.local/lib/python3.8/site-packages/airflow/example_dags/example_trigger_target_dag.py
[2024-04-02T02:07:10.136+0000] {logging_mixin.py:188} INFO - [2024-04-02T02:07:10.135+0000] {dag.py:3047} INFO - Sync 1 DAGs
[2024-04-02T02:07:10.161+0000] {logging_mixin.py:188} INFO - [2024-04-02T02:07:10.160+0000] {dag.py:3834} INFO - Setting next_dagrun for example_trigger_target_dag to None, run_after=None
[2024-04-02T02:07:10.215+0000] {processor.py:183} INFO - Processing /home/airflow/.local/lib/python3.8/site-packages/airflow/example_dags/example_trigger_target_dag.py took 0.393 seconds
[2024-04-02T02:07:40.791+0000] {processor.py:161} INFO - Started process (PID=149) to work on /home/airflow/.local/lib/python3.8/site-packages/airflow/example_dags/example_trigger_target_dag.py
[2024-04-02T02:07:40.793+0000] {processor.py:830} INFO - Processing file /home/airflow/.local/lib/python3.8/site-packages/airflow/example_dags/example_trigger_target_dag.py for tasks to queue
[2024-04-02T02:07:40.801+0000] {logging_mixin.py:188} INFO - [2024-04-02T02:07:40.800+0000] {dagbag.py:540} INFO - Filling up the DagBag from /home/airflow/.local/lib/python3.8/site-packages/airflow/example_dags/example_trigger_target_dag.py
[2024-04-02T02:07:40.813+0000] {processor.py:840} INFO - DAG(s) 'example_trigger_target_dag' retrieved from /home/airflow/.local/lib/python3.8/site-packages/airflow/example_dags/example_trigger_target_dag.py
[2024-04-02T02:07:40.838+0000] {logging_mixin.py:188} INFO - [2024-04-02T02:07:40.838+0000] {dag.py:3047} INFO - Sync 1 DAGs
[2024-04-02T02:07:40.875+0000] {logging_mixin.py:188} INFO - [2024-04-02T02:07:40.875+0000] {dag.py:3834} INFO - Setting next_dagrun for example_trigger_target_dag to None, run_after=None
[2024-04-02T02:07:40.933+0000] {processor.py:183} INFO - Processing /home/airflow/.local/lib/python3.8/site-packages/airflow/example_dags/example_trigger_target_dag.py took 0.148 seconds
[2024-04-02T02:08:11.794+0000] {processor.py:161} INFO - Started process (PID=203) to work on /home/airflow/.local/lib/python3.8/site-packages/airflow/example_dags/example_trigger_target_dag.py
[2024-04-02T02:08:11.798+0000] {processor.py:830} INFO - Processing file /home/airflow/.local/lib/python3.8/site-packages/airflow/example_dags/example_trigger_target_dag.py for tasks to queue
[2024-04-02T02:08:11.802+0000] {logging_mixin.py:188} INFO - [2024-04-02T02:08:11.801+0000] {dagbag.py:540} INFO - Filling up the DagBag from /home/airflow/.local/lib/python3.8/site-packages/airflow/example_dags/example_trigger_target_dag.py
[2024-04-02T02:08:11.815+0000] {processor.py:840} INFO - DAG(s) 'example_trigger_target_dag' retrieved from /home/airflow/.local/lib/python3.8/site-packages/airflow/example_dags/example_trigger_target_dag.py
[2024-04-02T02:08:12.060+0000] {logging_mixin.py:188} INFO - [2024-04-02T02:08:12.060+0000] {dag.py:3047} INFO - Sync 1 DAGs
[2024-04-02T02:08:12.086+0000] {logging_mixin.py:188} INFO - [2024-04-02T02:08:12.085+0000] {dag.py:3834} INFO - Setting next_dagrun for example_trigger_target_dag to None, run_after=None
[2024-04-02T02:08:12.137+0000] {processor.py:183} INFO - Processing /home/airflow/.local/lib/python3.8/site-packages/airflow/example_dags/example_trigger_target_dag.py took 0.347 seconds
[2024-04-02T02:08:42.895+0000] {processor.py:161} INFO - Started process (PID=258) to work on /home/airflow/.local/lib/python3.8/site-packages/airflow/example_dags/example_trigger_target_dag.py
[2024-04-02T02:08:42.897+0000] {processor.py:830} INFO - Processing file /home/airflow/.local/lib/python3.8/site-packages/airflow/example_dags/example_trigger_target_dag.py for tasks to queue
[2024-04-02T02:08:42.900+0000] {logging_mixin.py:188} INFO - [2024-04-02T02:08:42.899+0000] {dagbag.py:540} INFO - Filling up the DagBag from /home/airflow/.local/lib/python3.8/site-packages/airflow/example_dags/example_trigger_target_dag.py
[2024-04-02T02:08:42.909+0000] {processor.py:840} INFO - DAG(s) 'example_trigger_target_dag' retrieved from /home/airflow/.local/lib/python3.8/site-packages/airflow/example_dags/example_trigger_target_dag.py
[2024-04-02T02:08:42.943+0000] {logging_mixin.py:188} INFO - [2024-04-02T02:08:42.942+0000] {dag.py:3047} INFO - Sync 1 DAGs
[2024-04-02T02:08:42.965+0000] {logging_mixin.py:188} INFO - [2024-04-02T02:08:42.964+0000] {dag.py:3834} INFO - Setting next_dagrun for example_trigger_target_dag to None, run_after=None
[2024-04-02T02:08:43.004+0000] {processor.py:183} INFO - Processing /home/airflow/.local/lib/python3.8/site-packages/airflow/example_dags/example_trigger_target_dag.py took 0.113 seconds
[2024-04-02T02:09:13.588+0000] {processor.py:161} INFO - Started process (PID=313) to work on /home/airflow/.local/lib/python3.8/site-packages/airflow/example_dags/example_trigger_target_dag.py
[2024-04-02T02:09:13.590+0000] {processor.py:830} INFO - Processing file /home/airflow/.local/lib/python3.8/site-packages/airflow/example_dags/example_trigger_target_dag.py for tasks to queue
[2024-04-02T02:09:13.594+0000] {logging_mixin.py:188} INFO - [2024-04-02T02:09:13.594+0000] {dagbag.py:540} INFO - Filling up the DagBag from /home/airflow/.local/lib/python3.8/site-packages/airflow/example_dags/example_trigger_target_dag.py
[2024-04-02T02:09:13.606+0000] {processor.py:840} INFO - DAG(s) 'example_trigger_target_dag' retrieved from /home/airflow/.local/lib/python3.8/site-packages/airflow/example_dags/example_trigger_target_dag.py
[2024-04-02T02:09:13.648+0000] {logging_mixin.py:188} INFO - [2024-04-02T02:09:13.647+0000] {dag.py:3047} INFO - Sync 1 DAGs
[2024-04-02T02:09:13.681+0000] {logging_mixin.py:188} INFO - [2024-04-02T02:09:13.680+0000] {dag.py:3834} INFO - Setting next_dagrun for example_trigger_target_dag to None, run_after=None
[2024-04-02T02:09:13.729+0000] {processor.py:183} INFO - Processing /home/airflow/.local/lib/python3.8/site-packages/airflow/example_dags/example_trigger_target_dag.py took 0.146 seconds
[2024-04-02T02:09:44.530+0000] {processor.py:161} INFO - Started process (PID=369) to work on /home/airflow/.local/lib/python3.8/site-packages/airflow/example_dags/example_trigger_target_dag.py
[2024-04-02T02:09:44.533+0000] {processor.py:830} INFO - Processing file /home/airflow/.local/lib/python3.8/site-packages/airflow/example_dags/example_trigger_target_dag.py for tasks to queue
[2024-04-02T02:09:44.537+0000] {logging_mixin.py:188} INFO - [2024-04-02T02:09:44.536+0000] {dagbag.py:540} INFO - Filling up the DagBag from /home/airflow/.local/lib/python3.8/site-packages/airflow/example_dags/example_trigger_target_dag.py
[2024-04-02T02:09:44.547+0000] {processor.py:840} INFO - DAG(s) 'example_trigger_target_dag' retrieved from /home/airflow/.local/lib/python3.8/site-packages/airflow/example_dags/example_trigger_target_dag.py
[2024-04-02T02:09:44.590+0000] {logging_mixin.py:188} INFO - [2024-04-02T02:09:44.589+0000] {dag.py:3047} INFO - Sync 1 DAGs
[2024-04-02T02:09:44.615+0000] {logging_mixin.py:188} INFO - [2024-04-02T02:09:44.614+0000] {dag.py:3834} INFO - Setting next_dagrun for example_trigger_target_dag to None, run_after=None
[2024-04-02T02:09:44.671+0000] {processor.py:183} INFO - Processing /home/airflow/.local/lib/python3.8/site-packages/airflow/example_dags/example_trigger_target_dag.py took 0.144 seconds
[2024-04-02T02:12:20.285+0000] {processor.py:161} INFO - Started process (PID=87) to work on /home/airflow/.local/lib/python3.8/site-packages/airflow/example_dags/example_trigger_target_dag.py
[2024-04-02T02:12:20.287+0000] {processor.py:830} INFO - Processing file /home/airflow/.local/lib/python3.8/site-packages/airflow/example_dags/example_trigger_target_dag.py for tasks to queue
[2024-04-02T02:12:20.290+0000] {logging_mixin.py:188} INFO - [2024-04-02T02:12:20.290+0000] {dagbag.py:540} INFO - Filling up the DagBag from /home/airflow/.local/lib/python3.8/site-packages/airflow/example_dags/example_trigger_target_dag.py
[2024-04-02T02:12:20.307+0000] {processor.py:840} INFO - DAG(s) 'example_trigger_target_dag' retrieved from /home/airflow/.local/lib/python3.8/site-packages/airflow/example_dags/example_trigger_target_dag.py
[2024-04-02T02:12:20.506+0000] {logging_mixin.py:188} INFO - [2024-04-02T02:12:20.505+0000] {override.py:1769} INFO - Created Permission View: can read on DAG:example_trigger_target_dag
[2024-04-02T02:12:20.528+0000] {logging_mixin.py:188} INFO - [2024-04-02T02:12:20.527+0000] {override.py:1769} INFO - Created Permission View: can delete on DAG:example_trigger_target_dag
[2024-04-02T02:12:20.544+0000] {logging_mixin.py:188} INFO - [2024-04-02T02:12:20.543+0000] {override.py:1769} INFO - Created Permission View: can edit on DAG:example_trigger_target_dag
[2024-04-02T02:12:20.545+0000] {logging_mixin.py:188} INFO - [2024-04-02T02:12:20.545+0000] {dag.py:3047} INFO - Sync 1 DAGs
[2024-04-02T02:12:20.568+0000] {logging_mixin.py:188} INFO - [2024-04-02T02:12:20.567+0000] {dag.py:3069} INFO - Creating ORM DAG for example_trigger_target_dag
[2024-04-02T02:12:20.570+0000] {logging_mixin.py:188} INFO - [2024-04-02T02:12:20.569+0000] {dag.py:3834} INFO - Setting next_dagrun for example_trigger_target_dag to None, run_after=None
[2024-04-02T02:12:20.610+0000] {processor.py:183} INFO - Processing /home/airflow/.local/lib/python3.8/site-packages/airflow/example_dags/example_trigger_target_dag.py took 0.331 seconds
[2024-04-02T02:12:50.915+0000] {processor.py:161} INFO - Started process (PID=142) to work on /home/airflow/.local/lib/python3.8/site-packages/airflow/example_dags/example_trigger_target_dag.py
[2024-04-02T02:12:50.916+0000] {processor.py:830} INFO - Processing file /home/airflow/.local/lib/python3.8/site-packages/airflow/example_dags/example_trigger_target_dag.py for tasks to queue
[2024-04-02T02:12:50.920+0000] {logging_mixin.py:188} INFO - [2024-04-02T02:12:50.919+0000] {dagbag.py:540} INFO - Filling up the DagBag from /home/airflow/.local/lib/python3.8/site-packages/airflow/example_dags/example_trigger_target_dag.py
[2024-04-02T02:12:50.931+0000] {processor.py:840} INFO - DAG(s) 'example_trigger_target_dag' retrieved from /home/airflow/.local/lib/python3.8/site-packages/airflow/example_dags/example_trigger_target_dag.py
[2024-04-02T02:12:50.955+0000] {logging_mixin.py:188} INFO - [2024-04-02T02:12:50.954+0000] {dag.py:3047} INFO - Sync 1 DAGs
[2024-04-02T02:12:50.983+0000] {logging_mixin.py:188} INFO - [2024-04-02T02:12:50.982+0000] {dag.py:3834} INFO - Setting next_dagrun for example_trigger_target_dag to None, run_after=None
[2024-04-02T02:12:51.028+0000] {processor.py:183} INFO - Processing /home/airflow/.local/lib/python3.8/site-packages/airflow/example_dags/example_trigger_target_dag.py took 0.117 seconds
[2024-04-02T02:13:22.204+0000] {processor.py:161} INFO - Started process (PID=197) to work on /home/airflow/.local/lib/python3.8/site-packages/airflow/example_dags/example_trigger_target_dag.py
[2024-04-02T02:13:22.206+0000] {processor.py:830} INFO - Processing file /home/airflow/.local/lib/python3.8/site-packages/airflow/example_dags/example_trigger_target_dag.py for tasks to queue
[2024-04-02T02:13:22.209+0000] {logging_mixin.py:188} INFO - [2024-04-02T02:13:22.208+0000] {dagbag.py:540} INFO - Filling up the DagBag from /home/airflow/.local/lib/python3.8/site-packages/airflow/example_dags/example_trigger_target_dag.py
[2024-04-02T02:13:22.219+0000] {processor.py:840} INFO - DAG(s) 'example_trigger_target_dag' retrieved from /home/airflow/.local/lib/python3.8/site-packages/airflow/example_dags/example_trigger_target_dag.py
[2024-04-02T02:13:22.443+0000] {logging_mixin.py:188} INFO - [2024-04-02T02:13:22.442+0000] {dag.py:3047} INFO - Sync 1 DAGs
[2024-04-02T02:13:22.479+0000] {logging_mixin.py:188} INFO - [2024-04-02T02:13:22.478+0000] {dag.py:3834} INFO - Setting next_dagrun for example_trigger_target_dag to None, run_after=None
[2024-04-02T02:13:22.542+0000] {processor.py:183} INFO - Processing /home/airflow/.local/lib/python3.8/site-packages/airflow/example_dags/example_trigger_target_dag.py took 0.342 seconds
[2024-04-02T02:13:53.110+0000] {processor.py:161} INFO - Started process (PID=252) to work on /home/airflow/.local/lib/python3.8/site-packages/airflow/example_dags/example_trigger_target_dag.py
[2024-04-02T02:13:53.112+0000] {processor.py:830} INFO - Processing file /home/airflow/.local/lib/python3.8/site-packages/airflow/example_dags/example_trigger_target_dag.py for tasks to queue
[2024-04-02T02:13:53.115+0000] {logging_mixin.py:188} INFO - [2024-04-02T02:13:53.114+0000] {dagbag.py:540} INFO - Filling up the DagBag from /home/airflow/.local/lib/python3.8/site-packages/airflow/example_dags/example_trigger_target_dag.py
[2024-04-02T02:13:53.125+0000] {processor.py:840} INFO - DAG(s) 'example_trigger_target_dag' retrieved from /home/airflow/.local/lib/python3.8/site-packages/airflow/example_dags/example_trigger_target_dag.py
[2024-04-02T02:13:53.163+0000] {logging_mixin.py:188} INFO - [2024-04-02T02:13:53.162+0000] {dag.py:3047} INFO - Sync 1 DAGs
[2024-04-02T02:13:53.189+0000] {logging_mixin.py:188} INFO - [2024-04-02T02:13:53.189+0000] {dag.py:3834} INFO - Setting next_dagrun for example_trigger_target_dag to None, run_after=None
[2024-04-02T02:13:53.227+0000] {processor.py:183} INFO - Processing /home/airflow/.local/lib/python3.8/site-packages/airflow/example_dags/example_trigger_target_dag.py took 0.122 seconds
