[2024-04-02T02:07:01.232+0000] {processor.py:161} INFO - Started process (PID=66) to work on /home/airflow/.local/lib/python3.8/site-packages/airflow/example_dags/example_task_group.py
[2024-04-02T02:07:01.242+0000] {processor.py:830} INFO - Processing file /home/airflow/.local/lib/python3.8/site-packages/airflow/example_dags/example_task_group.py for tasks to queue
[2024-04-02T02:07:01.265+0000] {logging_mixin.py:188} INFO - [2024-04-02T02:07:01.263+0000] {dagbag.py:540} INFO - Filling up the DagBag from /home/airflow/.local/lib/python3.8/site-packages/airflow/example_dags/example_task_group.py
[2024-04-02T02:07:01.582+0000] {processor.py:840} INFO - DAG(s) 'example_task_group' retrieved from /home/airflow/.local/lib/python3.8/site-packages/airflow/example_dags/example_task_group.py
[2024-04-02T02:07:01.964+0000] {logging_mixin.py:188} INFO - [2024-04-02T02:07:01.964+0000] {dag.py:3047} INFO - Sync 1 DAGs
[2024-04-02T02:07:02.034+0000] {logging_mixin.py:188} INFO - [2024-04-02T02:07:02.033+0000] {dag.py:3834} INFO - Setting next_dagrun for example_task_group to 2024-04-01 00:00:00+00:00, run_after=2024-04-02 00:00:00+00:00
[2024-04-02T02:07:02.089+0000] {processor.py:183} INFO - Processing /home/airflow/.local/lib/python3.8/site-packages/airflow/example_dags/example_task_group.py took 0.908 seconds
[2024-04-02T02:07:32.644+0000] {processor.py:161} INFO - Started process (PID=121) to work on /home/airflow/.local/lib/python3.8/site-packages/airflow/example_dags/example_task_group.py
[2024-04-02T02:07:32.648+0000] {processor.py:830} INFO - Processing file /home/airflow/.local/lib/python3.8/site-packages/airflow/example_dags/example_task_group.py for tasks to queue
[2024-04-02T02:07:32.652+0000] {logging_mixin.py:188} INFO - [2024-04-02T02:07:32.651+0000] {dagbag.py:540} INFO - Filling up the DagBag from /home/airflow/.local/lib/python3.8/site-packages/airflow/example_dags/example_task_group.py
[2024-04-02T02:07:32.683+0000] {processor.py:840} INFO - DAG(s) 'example_task_group' retrieved from /home/airflow/.local/lib/python3.8/site-packages/airflow/example_dags/example_task_group.py
[2024-04-02T02:07:32.708+0000] {logging_mixin.py:188} INFO - [2024-04-02T02:07:32.708+0000] {dag.py:3047} INFO - Sync 1 DAGs
[2024-04-02T02:07:32.766+0000] {logging_mixin.py:188} INFO - [2024-04-02T02:07:32.765+0000] {dag.py:3834} INFO - Setting next_dagrun for example_task_group to 2024-04-01 00:00:00+00:00, run_after=2024-04-02 00:00:00+00:00
[2024-04-02T02:07:32.822+0000] {processor.py:183} INFO - Processing /home/airflow/.local/lib/python3.8/site-packages/airflow/example_dags/example_task_group.py took 0.195 seconds
[2024-04-02T02:08:03.469+0000] {processor.py:161} INFO - Started process (PID=175) to work on /home/airflow/.local/lib/python3.8/site-packages/airflow/example_dags/example_task_group.py
[2024-04-02T02:08:03.472+0000] {processor.py:830} INFO - Processing file /home/airflow/.local/lib/python3.8/site-packages/airflow/example_dags/example_task_group.py for tasks to queue
[2024-04-02T02:08:03.475+0000] {logging_mixin.py:188} INFO - [2024-04-02T02:08:03.474+0000] {dagbag.py:540} INFO - Filling up the DagBag from /home/airflow/.local/lib/python3.8/site-packages/airflow/example_dags/example_task_group.py
[2024-04-02T02:08:03.489+0000] {processor.py:840} INFO - DAG(s) 'example_task_group' retrieved from /home/airflow/.local/lib/python3.8/site-packages/airflow/example_dags/example_task_group.py
[2024-04-02T02:08:03.715+0000] {logging_mixin.py:188} INFO - [2024-04-02T02:08:03.715+0000] {dag.py:3047} INFO - Sync 1 DAGs
[2024-04-02T02:08:03.760+0000] {logging_mixin.py:188} INFO - [2024-04-02T02:08:03.760+0000] {dag.py:3834} INFO - Setting next_dagrun for example_task_group to 2024-04-01 00:00:00+00:00, run_after=2024-04-02 00:00:00+00:00
[2024-04-02T02:08:03.815+0000] {processor.py:183} INFO - Processing /home/airflow/.local/lib/python3.8/site-packages/airflow/example_dags/example_task_group.py took 0.351 seconds
[2024-04-02T02:08:34.162+0000] {processor.py:161} INFO - Started process (PID=230) to work on /home/airflow/.local/lib/python3.8/site-packages/airflow/example_dags/example_task_group.py
[2024-04-02T02:08:34.165+0000] {processor.py:830} INFO - Processing file /home/airflow/.local/lib/python3.8/site-packages/airflow/example_dags/example_task_group.py for tasks to queue
[2024-04-02T02:08:34.169+0000] {logging_mixin.py:188} INFO - [2024-04-02T02:08:34.169+0000] {dagbag.py:540} INFO - Filling up the DagBag from /home/airflow/.local/lib/python3.8/site-packages/airflow/example_dags/example_task_group.py
[2024-04-02T02:08:34.185+0000] {processor.py:840} INFO - DAG(s) 'example_task_group' retrieved from /home/airflow/.local/lib/python3.8/site-packages/airflow/example_dags/example_task_group.py
[2024-04-02T02:08:34.230+0000] {logging_mixin.py:188} INFO - [2024-04-02T02:08:34.229+0000] {dag.py:3047} INFO - Sync 1 DAGs
[2024-04-02T02:08:34.273+0000] {logging_mixin.py:188} INFO - [2024-04-02T02:08:34.273+0000] {dag.py:3834} INFO - Setting next_dagrun for example_task_group to 2024-04-01 00:00:00+00:00, run_after=2024-04-02 00:00:00+00:00
[2024-04-02T02:08:34.323+0000] {processor.py:183} INFO - Processing /home/airflow/.local/lib/python3.8/site-packages/airflow/example_dags/example_task_group.py took 0.166 seconds
[2024-04-02T02:09:05.084+0000] {processor.py:161} INFO - Started process (PID=285) to work on /home/airflow/.local/lib/python3.8/site-packages/airflow/example_dags/example_task_group.py
[2024-04-02T02:09:05.087+0000] {processor.py:830} INFO - Processing file /home/airflow/.local/lib/python3.8/site-packages/airflow/example_dags/example_task_group.py for tasks to queue
[2024-04-02T02:09:05.090+0000] {logging_mixin.py:188} INFO - [2024-04-02T02:09:05.089+0000] {dagbag.py:540} INFO - Filling up the DagBag from /home/airflow/.local/lib/python3.8/site-packages/airflow/example_dags/example_task_group.py
[2024-04-02T02:09:05.104+0000] {processor.py:840} INFO - DAG(s) 'example_task_group' retrieved from /home/airflow/.local/lib/python3.8/site-packages/airflow/example_dags/example_task_group.py
[2024-04-02T02:09:05.150+0000] {logging_mixin.py:188} INFO - [2024-04-02T02:09:05.150+0000] {dag.py:3047} INFO - Sync 1 DAGs
[2024-04-02T02:09:05.195+0000] {logging_mixin.py:188} INFO - [2024-04-02T02:09:05.195+0000] {dag.py:3834} INFO - Setting next_dagrun for example_task_group to 2024-04-01 00:00:00+00:00, run_after=2024-04-02 00:00:00+00:00
[2024-04-02T02:09:05.239+0000] {processor.py:183} INFO - Processing /home/airflow/.local/lib/python3.8/site-packages/airflow/example_dags/example_task_group.py took 0.160 seconds
[2024-04-02T02:09:35.661+0000] {processor.py:161} INFO - Started process (PID=341) to work on /home/airflow/.local/lib/python3.8/site-packages/airflow/example_dags/example_task_group.py
[2024-04-02T02:09:35.663+0000] {processor.py:830} INFO - Processing file /home/airflow/.local/lib/python3.8/site-packages/airflow/example_dags/example_task_group.py for tasks to queue
[2024-04-02T02:09:35.667+0000] {logging_mixin.py:188} INFO - [2024-04-02T02:09:35.667+0000] {dagbag.py:540} INFO - Filling up the DagBag from /home/airflow/.local/lib/python3.8/site-packages/airflow/example_dags/example_task_group.py
[2024-04-02T02:09:35.680+0000] {processor.py:840} INFO - DAG(s) 'example_task_group' retrieved from /home/airflow/.local/lib/python3.8/site-packages/airflow/example_dags/example_task_group.py
[2024-04-02T02:09:35.730+0000] {logging_mixin.py:188} INFO - [2024-04-02T02:09:35.730+0000] {dag.py:3047} INFO - Sync 1 DAGs
[2024-04-02T02:09:35.779+0000] {logging_mixin.py:188} INFO - [2024-04-02T02:09:35.779+0000] {dag.py:3834} INFO - Setting next_dagrun for example_task_group to 2024-04-01 00:00:00+00:00, run_after=2024-04-02 00:00:00+00:00
[2024-04-02T02:09:35.825+0000] {processor.py:183} INFO - Processing /home/airflow/.local/lib/python3.8/site-packages/airflow/example_dags/example_task_group.py took 0.169 seconds
[2024-04-02T02:12:12.287+0000] {processor.py:161} INFO - Started process (PID=59) to work on /home/airflow/.local/lib/python3.8/site-packages/airflow/example_dags/example_task_group.py
[2024-04-02T02:12:12.289+0000] {processor.py:830} INFO - Processing file /home/airflow/.local/lib/python3.8/site-packages/airflow/example_dags/example_task_group.py for tasks to queue
[2024-04-02T02:12:12.294+0000] {logging_mixin.py:188} INFO - [2024-04-02T02:12:12.293+0000] {dagbag.py:540} INFO - Filling up the DagBag from /home/airflow/.local/lib/python3.8/site-packages/airflow/example_dags/example_task_group.py
[2024-04-02T02:12:12.354+0000] {processor.py:840} INFO - DAG(s) 'example_task_group' retrieved from /home/airflow/.local/lib/python3.8/site-packages/airflow/example_dags/example_task_group.py
[2024-04-02T02:12:12.690+0000] {logging_mixin.py:188} INFO - [2024-04-02T02:12:12.688+0000] {override.py:1769} INFO - Created Permission View: can read on DAG:example_task_group
[2024-04-02T02:12:12.720+0000] {logging_mixin.py:188} INFO - [2024-04-02T02:12:12.719+0000] {override.py:1769} INFO - Created Permission View: can delete on DAG:example_task_group
[2024-04-02T02:12:12.739+0000] {logging_mixin.py:188} INFO - [2024-04-02T02:12:12.738+0000] {override.py:1769} INFO - Created Permission View: can edit on DAG:example_task_group
[2024-04-02T02:12:12.740+0000] {logging_mixin.py:188} INFO - [2024-04-02T02:12:12.740+0000] {dag.py:3047} INFO - Sync 1 DAGs
[2024-04-02T02:12:12.784+0000] {logging_mixin.py:188} INFO - [2024-04-02T02:12:12.783+0000] {dag.py:3069} INFO - Creating ORM DAG for example_task_group
[2024-04-02T02:12:12.810+0000] {logging_mixin.py:188} INFO - [2024-04-02T02:12:12.809+0000] {dag.py:3834} INFO - Setting next_dagrun for example_task_group to 2024-04-01 00:00:00+00:00, run_after=2024-04-02 00:00:00+00:00
[2024-04-02T02:12:12.864+0000] {processor.py:183} INFO - Processing /home/airflow/.local/lib/python3.8/site-packages/airflow/example_dags/example_task_group.py took 0.584 seconds
[2024-04-02T02:12:42.954+0000] {processor.py:161} INFO - Started process (PID=113) to work on /home/airflow/.local/lib/python3.8/site-packages/airflow/example_dags/example_task_group.py
[2024-04-02T02:12:42.956+0000] {processor.py:830} INFO - Processing file /home/airflow/.local/lib/python3.8/site-packages/airflow/example_dags/example_task_group.py for tasks to queue
[2024-04-02T02:12:42.958+0000] {logging_mixin.py:188} INFO - [2024-04-02T02:12:42.958+0000] {dagbag.py:540} INFO - Filling up the DagBag from /home/airflow/.local/lib/python3.8/site-packages/airflow/example_dags/example_task_group.py
[2024-04-02T02:12:42.971+0000] {processor.py:840} INFO - DAG(s) 'example_task_group' retrieved from /home/airflow/.local/lib/python3.8/site-packages/airflow/example_dags/example_task_group.py
[2024-04-02T02:12:42.994+0000] {logging_mixin.py:188} INFO - [2024-04-02T02:12:42.993+0000] {dag.py:3047} INFO - Sync 1 DAGs
[2024-04-02T02:12:43.033+0000] {logging_mixin.py:188} INFO - [2024-04-02T02:12:43.033+0000] {dag.py:3834} INFO - Setting next_dagrun for example_task_group to 2024-04-01 00:00:00+00:00, run_after=2024-04-02 00:00:00+00:00
[2024-04-02T02:12:43.075+0000] {processor.py:183} INFO - Processing /home/airflow/.local/lib/python3.8/site-packages/airflow/example_dags/example_task_group.py took 0.126 seconds
[2024-04-02T02:13:13.806+0000] {processor.py:161} INFO - Started process (PID=168) to work on /home/airflow/.local/lib/python3.8/site-packages/airflow/example_dags/example_task_group.py
[2024-04-02T02:13:13.813+0000] {processor.py:830} INFO - Processing file /home/airflow/.local/lib/python3.8/site-packages/airflow/example_dags/example_task_group.py for tasks to queue
[2024-04-02T02:13:13.818+0000] {logging_mixin.py:188} INFO - [2024-04-02T02:13:13.817+0000] {dagbag.py:540} INFO - Filling up the DagBag from /home/airflow/.local/lib/python3.8/site-packages/airflow/example_dags/example_task_group.py
[2024-04-02T02:13:13.856+0000] {processor.py:840} INFO - DAG(s) 'example_task_group' retrieved from /home/airflow/.local/lib/python3.8/site-packages/airflow/example_dags/example_task_group.py
[2024-04-02T02:13:14.101+0000] {logging_mixin.py:188} INFO - [2024-04-02T02:13:14.101+0000] {dag.py:3047} INFO - Sync 1 DAGs
[2024-04-02T02:13:14.149+0000] {logging_mixin.py:188} INFO - [2024-04-02T02:13:14.149+0000] {dag.py:3834} INFO - Setting next_dagrun for example_task_group to 2024-04-01 00:00:00+00:00, run_after=2024-04-02 00:00:00+00:00
[2024-04-02T02:13:14.196+0000] {processor.py:183} INFO - Processing /home/airflow/.local/lib/python3.8/site-packages/airflow/example_dags/example_task_group.py took 0.398 seconds
[2024-04-02T02:13:44.405+0000] {processor.py:161} INFO - Started process (PID=223) to work on /home/airflow/.local/lib/python3.8/site-packages/airflow/example_dags/example_task_group.py
[2024-04-02T02:13:44.407+0000] {processor.py:830} INFO - Processing file /home/airflow/.local/lib/python3.8/site-packages/airflow/example_dags/example_task_group.py for tasks to queue
[2024-04-02T02:13:44.411+0000] {logging_mixin.py:188} INFO - [2024-04-02T02:13:44.411+0000] {dagbag.py:540} INFO - Filling up the DagBag from /home/airflow/.local/lib/python3.8/site-packages/airflow/example_dags/example_task_group.py
[2024-04-02T02:13:44.427+0000] {processor.py:840} INFO - DAG(s) 'example_task_group' retrieved from /home/airflow/.local/lib/python3.8/site-packages/airflow/example_dags/example_task_group.py
[2024-04-02T02:13:44.472+0000] {logging_mixin.py:188} INFO - [2024-04-02T02:13:44.471+0000] {dag.py:3047} INFO - Sync 1 DAGs
[2024-04-02T02:13:44.513+0000] {logging_mixin.py:188} INFO - [2024-04-02T02:13:44.512+0000] {dag.py:3834} INFO - Setting next_dagrun for example_task_group to 2024-04-01 00:00:00+00:00, run_after=2024-04-02 00:00:00+00:00
[2024-04-02T02:13:44.556+0000] {processor.py:183} INFO - Processing /home/airflow/.local/lib/python3.8/site-packages/airflow/example_dags/example_task_group.py took 0.158 seconds
