[2024-04-02T02:07:06.387+0000] {processor.py:161} INFO - Started process (PID=81) to work on /home/airflow/.local/lib/python3.8/site-packages/airflow/example_dags/example_python_operator.py
[2024-04-02T02:07:06.391+0000] {processor.py:830} INFO - Processing file /home/airflow/.local/lib/python3.8/site-packages/airflow/example_dags/example_python_operator.py for tasks to queue
[2024-04-02T02:07:06.397+0000] {logging_mixin.py:188} INFO - [2024-04-02T02:07:06.395+0000] {dagbag.py:540} INFO - Filling up the DagBag from /home/airflow/.local/lib/python3.8/site-packages/airflow/example_dags/example_python_operator.py
[2024-04-02T02:07:06.430+0000] {processor.py:840} INFO - DAG(s) 'example_python_operator' retrieved from /home/airflow/.local/lib/python3.8/site-packages/airflow/example_dags/example_python_operator.py
[2024-04-02T02:07:06.715+0000] {logging_mixin.py:188} INFO - [2024-04-02T02:07:06.714+0000] {dag.py:3047} INFO - Sync 1 DAGs
[2024-04-02T02:07:06.741+0000] {logging_mixin.py:188} INFO - [2024-04-02T02:07:06.741+0000] {dag.py:3834} INFO - Setting next_dagrun for example_python_operator to None, run_after=None
[2024-04-02T02:07:06.798+0000] {processor.py:183} INFO - Processing /home/airflow/.local/lib/python3.8/site-packages/airflow/example_dags/example_python_operator.py took 0.420 seconds
[2024-04-02T02:07:37.197+0000] {processor.py:161} INFO - Started process (PID=136) to work on /home/airflow/.local/lib/python3.8/site-packages/airflow/example_dags/example_python_operator.py
[2024-04-02T02:07:37.202+0000] {processor.py:830} INFO - Processing file /home/airflow/.local/lib/python3.8/site-packages/airflow/example_dags/example_python_operator.py for tasks to queue
[2024-04-02T02:07:37.207+0000] {logging_mixin.py:188} INFO - [2024-04-02T02:07:37.206+0000] {dagbag.py:540} INFO - Filling up the DagBag from /home/airflow/.local/lib/python3.8/site-packages/airflow/example_dags/example_python_operator.py
[2024-04-02T02:07:37.237+0000] {processor.py:840} INFO - DAG(s) 'example_python_operator' retrieved from /home/airflow/.local/lib/python3.8/site-packages/airflow/example_dags/example_python_operator.py
[2024-04-02T02:07:37.279+0000] {logging_mixin.py:188} INFO - [2024-04-02T02:07:37.278+0000] {dag.py:3047} INFO - Sync 1 DAGs
[2024-04-02T02:07:37.313+0000] {logging_mixin.py:188} INFO - [2024-04-02T02:07:37.312+0000] {dag.py:3834} INFO - Setting next_dagrun for example_python_operator to None, run_after=None
[2024-04-02T02:07:37.390+0000] {processor.py:183} INFO - Processing /home/airflow/.local/lib/python3.8/site-packages/airflow/example_dags/example_python_operator.py took 0.208 seconds
[2024-04-02T02:08:08.743+0000] {processor.py:161} INFO - Started process (PID=190) to work on /home/airflow/.local/lib/python3.8/site-packages/airflow/example_dags/example_python_operator.py
[2024-04-02T02:08:08.747+0000] {processor.py:830} INFO - Processing file /home/airflow/.local/lib/python3.8/site-packages/airflow/example_dags/example_python_operator.py for tasks to queue
[2024-04-02T02:08:08.750+0000] {logging_mixin.py:188} INFO - [2024-04-02T02:08:08.750+0000] {dagbag.py:540} INFO - Filling up the DagBag from /home/airflow/.local/lib/python3.8/site-packages/airflow/example_dags/example_python_operator.py
[2024-04-02T02:08:08.775+0000] {processor.py:840} INFO - DAG(s) 'example_python_operator' retrieved from /home/airflow/.local/lib/python3.8/site-packages/airflow/example_dags/example_python_operator.py
[2024-04-02T02:08:09.023+0000] {logging_mixin.py:188} INFO - [2024-04-02T02:08:09.022+0000] {dag.py:3047} INFO - Sync 1 DAGs
[2024-04-02T02:08:09.051+0000] {logging_mixin.py:188} INFO - [2024-04-02T02:08:09.050+0000] {dag.py:3834} INFO - Setting next_dagrun for example_python_operator to None, run_after=None
[2024-04-02T02:08:09.110+0000] {processor.py:183} INFO - Processing /home/airflow/.local/lib/python3.8/site-packages/airflow/example_dags/example_python_operator.py took 0.370 seconds
[2024-04-02T02:08:39.803+0000] {processor.py:161} INFO - Started process (PID=245) to work on /home/airflow/.local/lib/python3.8/site-packages/airflow/example_dags/example_python_operator.py
[2024-04-02T02:08:39.805+0000] {processor.py:830} INFO - Processing file /home/airflow/.local/lib/python3.8/site-packages/airflow/example_dags/example_python_operator.py for tasks to queue
[2024-04-02T02:08:39.808+0000] {logging_mixin.py:188} INFO - [2024-04-02T02:08:39.808+0000] {dagbag.py:540} INFO - Filling up the DagBag from /home/airflow/.local/lib/python3.8/site-packages/airflow/example_dags/example_python_operator.py
[2024-04-02T02:08:39.826+0000] {processor.py:840} INFO - DAG(s) 'example_python_operator' retrieved from /home/airflow/.local/lib/python3.8/site-packages/airflow/example_dags/example_python_operator.py
[2024-04-02T02:08:39.871+0000] {logging_mixin.py:188} INFO - [2024-04-02T02:08:39.871+0000] {dag.py:3047} INFO - Sync 1 DAGs
[2024-04-02T02:08:39.896+0000] {logging_mixin.py:188} INFO - [2024-04-02T02:08:39.896+0000] {dag.py:3834} INFO - Setting next_dagrun for example_python_operator to None, run_after=None
[2024-04-02T02:08:39.938+0000] {processor.py:183} INFO - Processing /home/airflow/.local/lib/python3.8/site-packages/airflow/example_dags/example_python_operator.py took 0.142 seconds
[2024-04-02T02:09:10.121+0000] {processor.py:161} INFO - Started process (PID=300) to work on /home/airflow/.local/lib/python3.8/site-packages/airflow/example_dags/example_python_operator.py
[2024-04-02T02:09:10.123+0000] {processor.py:830} INFO - Processing file /home/airflow/.local/lib/python3.8/site-packages/airflow/example_dags/example_python_operator.py for tasks to queue
[2024-04-02T02:09:10.127+0000] {logging_mixin.py:188} INFO - [2024-04-02T02:09:10.126+0000] {dagbag.py:540} INFO - Filling up the DagBag from /home/airflow/.local/lib/python3.8/site-packages/airflow/example_dags/example_python_operator.py
[2024-04-02T02:09:10.145+0000] {processor.py:840} INFO - DAG(s) 'example_python_operator' retrieved from /home/airflow/.local/lib/python3.8/site-packages/airflow/example_dags/example_python_operator.py
[2024-04-02T02:09:10.187+0000] {logging_mixin.py:188} INFO - [2024-04-02T02:09:10.187+0000] {dag.py:3047} INFO - Sync 1 DAGs
[2024-04-02T02:09:10.209+0000] {logging_mixin.py:188} INFO - [2024-04-02T02:09:10.209+0000] {dag.py:3834} INFO - Setting next_dagrun for example_python_operator to None, run_after=None
[2024-04-02T02:09:10.254+0000] {processor.py:183} INFO - Processing /home/airflow/.local/lib/python3.8/site-packages/airflow/example_dags/example_python_operator.py took 0.139 seconds
[2024-04-02T02:09:40.740+0000] {processor.py:161} INFO - Started process (PID=356) to work on /home/airflow/.local/lib/python3.8/site-packages/airflow/example_dags/example_python_operator.py
[2024-04-02T02:09:40.743+0000] {processor.py:830} INFO - Processing file /home/airflow/.local/lib/python3.8/site-packages/airflow/example_dags/example_python_operator.py for tasks to queue
[2024-04-02T02:09:40.746+0000] {logging_mixin.py:188} INFO - [2024-04-02T02:09:40.746+0000] {dagbag.py:540} INFO - Filling up the DagBag from /home/airflow/.local/lib/python3.8/site-packages/airflow/example_dags/example_python_operator.py
[2024-04-02T02:09:40.774+0000] {processor.py:840} INFO - DAG(s) 'example_python_operator' retrieved from /home/airflow/.local/lib/python3.8/site-packages/airflow/example_dags/example_python_operator.py
[2024-04-02T02:09:40.830+0000] {logging_mixin.py:188} INFO - [2024-04-02T02:09:40.829+0000] {dag.py:3047} INFO - Sync 1 DAGs
[2024-04-02T02:09:40.863+0000] {logging_mixin.py:188} INFO - [2024-04-02T02:09:40.862+0000] {dag.py:3834} INFO - Setting next_dagrun for example_python_operator to None, run_after=None
[2024-04-02T02:09:40.924+0000] {processor.py:183} INFO - Processing /home/airflow/.local/lib/python3.8/site-packages/airflow/example_dags/example_python_operator.py took 0.193 seconds
[2024-04-02T02:12:16.787+0000] {processor.py:161} INFO - Started process (PID=74) to work on /home/airflow/.local/lib/python3.8/site-packages/airflow/example_dags/example_python_operator.py
[2024-04-02T02:12:16.789+0000] {processor.py:830} INFO - Processing file /home/airflow/.local/lib/python3.8/site-packages/airflow/example_dags/example_python_operator.py for tasks to queue
[2024-04-02T02:12:16.793+0000] {logging_mixin.py:188} INFO - [2024-04-02T02:12:16.792+0000] {dagbag.py:540} INFO - Filling up the DagBag from /home/airflow/.local/lib/python3.8/site-packages/airflow/example_dags/example_python_operator.py
[2024-04-02T02:12:16.840+0000] {processor.py:840} INFO - DAG(s) 'example_python_operator' retrieved from /home/airflow/.local/lib/python3.8/site-packages/airflow/example_dags/example_python_operator.py
[2024-04-02T02:12:17.087+0000] {logging_mixin.py:188} INFO - [2024-04-02T02:12:17.085+0000] {override.py:1769} INFO - Created Permission View: can read on DAG:example_python_operator
[2024-04-02T02:12:17.109+0000] {logging_mixin.py:188} INFO - [2024-04-02T02:12:17.108+0000] {override.py:1769} INFO - Created Permission View: can delete on DAG:example_python_operator
[2024-04-02T02:12:17.127+0000] {logging_mixin.py:188} INFO - [2024-04-02T02:12:17.126+0000] {override.py:1769} INFO - Created Permission View: can edit on DAG:example_python_operator
[2024-04-02T02:12:17.128+0000] {logging_mixin.py:188} INFO - [2024-04-02T02:12:17.128+0000] {dag.py:3047} INFO - Sync 1 DAGs
[2024-04-02T02:12:17.152+0000] {logging_mixin.py:188} INFO - [2024-04-02T02:12:17.152+0000] {dag.py:3069} INFO - Creating ORM DAG for example_python_operator
[2024-04-02T02:12:17.155+0000] {logging_mixin.py:188} INFO - [2024-04-02T02:12:17.154+0000] {dag.py:3834} INFO - Setting next_dagrun for example_python_operator to None, run_after=None
[2024-04-02T02:12:17.195+0000] {processor.py:183} INFO - Processing /home/airflow/.local/lib/python3.8/site-packages/airflow/example_dags/example_python_operator.py took 0.412 seconds
[2024-04-02T02:12:47.271+0000] {processor.py:161} INFO - Started process (PID=129) to work on /home/airflow/.local/lib/python3.8/site-packages/airflow/example_dags/example_python_operator.py
[2024-04-02T02:12:47.273+0000] {processor.py:830} INFO - Processing file /home/airflow/.local/lib/python3.8/site-packages/airflow/example_dags/example_python_operator.py for tasks to queue
[2024-04-02T02:12:47.277+0000] {logging_mixin.py:188} INFO - [2024-04-02T02:12:47.276+0000] {dagbag.py:540} INFO - Filling up the DagBag from /home/airflow/.local/lib/python3.8/site-packages/airflow/example_dags/example_python_operator.py
[2024-04-02T02:12:47.307+0000] {processor.py:840} INFO - DAG(s) 'example_python_operator' retrieved from /home/airflow/.local/lib/python3.8/site-packages/airflow/example_dags/example_python_operator.py
[2024-04-02T02:12:47.332+0000] {logging_mixin.py:188} INFO - [2024-04-02T02:12:47.332+0000] {dag.py:3047} INFO - Sync 1 DAGs
[2024-04-02T02:12:47.388+0000] {logging_mixin.py:188} INFO - [2024-04-02T02:12:47.387+0000] {dag.py:3834} INFO - Setting next_dagrun for example_python_operator to None, run_after=None
[2024-04-02T02:12:47.447+0000] {processor.py:183} INFO - Processing /home/airflow/.local/lib/python3.8/site-packages/airflow/example_dags/example_python_operator.py took 0.182 seconds
[2024-04-02T02:13:18.411+0000] {processor.py:161} INFO - Started process (PID=184) to work on /home/airflow/.local/lib/python3.8/site-packages/airflow/example_dags/example_python_operator.py
[2024-04-02T02:13:18.413+0000] {processor.py:830} INFO - Processing file /home/airflow/.local/lib/python3.8/site-packages/airflow/example_dags/example_python_operator.py for tasks to queue
[2024-04-02T02:13:18.416+0000] {logging_mixin.py:188} INFO - [2024-04-02T02:13:18.416+0000] {dagbag.py:540} INFO - Filling up the DagBag from /home/airflow/.local/lib/python3.8/site-packages/airflow/example_dags/example_python_operator.py
[2024-04-02T02:13:18.431+0000] {processor.py:840} INFO - DAG(s) 'example_python_operator' retrieved from /home/airflow/.local/lib/python3.8/site-packages/airflow/example_dags/example_python_operator.py
[2024-04-02T02:13:18.624+0000] {logging_mixin.py:188} INFO - [2024-04-02T02:13:18.624+0000] {dag.py:3047} INFO - Sync 1 DAGs
[2024-04-02T02:13:18.644+0000] {logging_mixin.py:188} INFO - [2024-04-02T02:13:18.643+0000] {dag.py:3834} INFO - Setting next_dagrun for example_python_operator to None, run_after=None
[2024-04-02T02:13:18.687+0000] {processor.py:183} INFO - Processing /home/airflow/.local/lib/python3.8/site-packages/airflow/example_dags/example_python_operator.py took 0.281 seconds
[2024-04-02T02:13:49.506+0000] {processor.py:161} INFO - Started process (PID=239) to work on /home/airflow/.local/lib/python3.8/site-packages/airflow/example_dags/example_python_operator.py
[2024-04-02T02:13:49.508+0000] {processor.py:830} INFO - Processing file /home/airflow/.local/lib/python3.8/site-packages/airflow/example_dags/example_python_operator.py for tasks to queue
[2024-04-02T02:13:49.511+0000] {logging_mixin.py:188} INFO - [2024-04-02T02:13:49.511+0000] {dagbag.py:540} INFO - Filling up the DagBag from /home/airflow/.local/lib/python3.8/site-packages/airflow/example_dags/example_python_operator.py
[2024-04-02T02:13:49.529+0000] {processor.py:840} INFO - DAG(s) 'example_python_operator' retrieved from /home/airflow/.local/lib/python3.8/site-packages/airflow/example_dags/example_python_operator.py
[2024-04-02T02:13:49.571+0000] {logging_mixin.py:188} INFO - [2024-04-02T02:13:49.570+0000] {dag.py:3047} INFO - Sync 1 DAGs
[2024-04-02T02:13:49.596+0000] {logging_mixin.py:188} INFO - [2024-04-02T02:13:49.595+0000] {dag.py:3834} INFO - Setting next_dagrun for example_python_operator to None, run_after=None
[2024-04-02T02:13:49.637+0000] {processor.py:183} INFO - Processing /home/airflow/.local/lib/python3.8/site-packages/airflow/example_dags/example_python_operator.py took 0.136 seconds
