[2024-04-02T02:06:55.285+0000] {processor.py:161} INFO - Started process (PID=43) to work on /home/airflow/.local/lib/python3.8/site-packages/airflow/example_dags/example_params_ui_tutorial.py
[2024-04-02T02:06:55.302+0000] {processor.py:830} INFO - Processing file /home/airflow/.local/lib/python3.8/site-packages/airflow/example_dags/example_params_ui_tutorial.py for tasks to queue
[2024-04-02T02:06:55.326+0000] {logging_mixin.py:188} INFO - [2024-04-02T02:06:55.324+0000] {dagbag.py:540} INFO - Filling up the DagBag from /home/airflow/.local/lib/python3.8/site-packages/airflow/example_dags/example_params_ui_tutorial.py
[2024-04-02T02:06:55.512+0000] {processor.py:840} INFO - DAG(s) 'example_params_ui_tutorial' retrieved from /home/airflow/.local/lib/python3.8/site-packages/airflow/example_dags/example_params_ui_tutorial.py
[2024-04-02T02:06:56.489+0000] {logging_mixin.py:188} INFO - [2024-04-02T02:06:56.488+0000] {dag.py:3047} INFO - Sync 1 DAGs
[2024-04-02T02:06:56.517+0000] {logging_mixin.py:188} INFO - [2024-04-02T02:06:56.517+0000] {dag.py:3834} INFO - Setting next_dagrun for example_params_ui_tutorial to None, run_after=None
[2024-04-02T02:06:56.563+0000] {processor.py:183} INFO - Processing /home/airflow/.local/lib/python3.8/site-packages/airflow/example_dags/example_params_ui_tutorial.py took 1.379 seconds
[2024-04-02T02:07:27.502+0000] {processor.py:161} INFO - Started process (PID=105) to work on /home/airflow/.local/lib/python3.8/site-packages/airflow/example_dags/example_params_ui_tutorial.py
[2024-04-02T02:07:27.507+0000] {processor.py:830} INFO - Processing file /home/airflow/.local/lib/python3.8/site-packages/airflow/example_dags/example_params_ui_tutorial.py for tasks to queue
[2024-04-02T02:07:27.511+0000] {logging_mixin.py:188} INFO - [2024-04-02T02:07:27.510+0000] {dagbag.py:540} INFO - Filling up the DagBag from /home/airflow/.local/lib/python3.8/site-packages/airflow/example_dags/example_params_ui_tutorial.py
[2024-04-02T02:07:27.543+0000] {processor.py:840} INFO - DAG(s) 'example_params_ui_tutorial' retrieved from /home/airflow/.local/lib/python3.8/site-packages/airflow/example_dags/example_params_ui_tutorial.py
[2024-04-02T02:07:27.689+0000] {logging_mixin.py:188} INFO - [2024-04-02T02:07:27.688+0000] {dag.py:3047} INFO - Sync 1 DAGs
[2024-04-02T02:07:27.719+0000] {logging_mixin.py:188} INFO - [2024-04-02T02:07:27.719+0000] {dag.py:3834} INFO - Setting next_dagrun for example_params_ui_tutorial to None, run_after=None
[2024-04-02T02:07:27.766+0000] {processor.py:183} INFO - Processing /home/airflow/.local/lib/python3.8/site-packages/airflow/example_dags/example_params_ui_tutorial.py took 0.271 seconds
[2024-04-02T02:07:57.922+0000] {processor.py:161} INFO - Started process (PID=160) to work on /home/airflow/.local/lib/python3.8/site-packages/airflow/example_dags/example_params_ui_tutorial.py
[2024-04-02T02:07:57.924+0000] {processor.py:830} INFO - Processing file /home/airflow/.local/lib/python3.8/site-packages/airflow/example_dags/example_params_ui_tutorial.py for tasks to queue
[2024-04-02T02:07:57.929+0000] {logging_mixin.py:188} INFO - [2024-04-02T02:07:57.927+0000] {dagbag.py:540} INFO - Filling up the DagBag from /home/airflow/.local/lib/python3.8/site-packages/airflow/example_dags/example_params_ui_tutorial.py
[2024-04-02T02:07:57.959+0000] {processor.py:840} INFO - DAG(s) 'example_params_ui_tutorial' retrieved from /home/airflow/.local/lib/python3.8/site-packages/airflow/example_dags/example_params_ui_tutorial.py
[2024-04-02T02:07:58.281+0000] {logging_mixin.py:188} INFO - [2024-04-02T02:07:58.281+0000] {dag.py:3047} INFO - Sync 1 DAGs
[2024-04-02T02:07:58.310+0000] {logging_mixin.py:188} INFO - [2024-04-02T02:07:58.310+0000] {dag.py:3834} INFO - Setting next_dagrun for example_params_ui_tutorial to None, run_after=None
[2024-04-02T02:07:58.366+0000] {processor.py:183} INFO - Processing /home/airflow/.local/lib/python3.8/site-packages/airflow/example_dags/example_params_ui_tutorial.py took 0.451 seconds
[2024-04-02T02:08:28.451+0000] {processor.py:161} INFO - Started process (PID=214) to work on /home/airflow/.local/lib/python3.8/site-packages/airflow/example_dags/example_params_ui_tutorial.py
[2024-04-02T02:08:28.453+0000] {processor.py:830} INFO - Processing file /home/airflow/.local/lib/python3.8/site-packages/airflow/example_dags/example_params_ui_tutorial.py for tasks to queue
[2024-04-02T02:08:28.456+0000] {logging_mixin.py:188} INFO - [2024-04-02T02:08:28.455+0000] {dagbag.py:540} INFO - Filling up the DagBag from /home/airflow/.local/lib/python3.8/site-packages/airflow/example_dags/example_params_ui_tutorial.py
[2024-04-02T02:08:28.477+0000] {processor.py:840} INFO - DAG(s) 'example_params_ui_tutorial' retrieved from /home/airflow/.local/lib/python3.8/site-packages/airflow/example_dags/example_params_ui_tutorial.py
[2024-04-02T02:08:28.613+0000] {logging_mixin.py:188} INFO - [2024-04-02T02:08:28.612+0000] {dag.py:3047} INFO - Sync 1 DAGs
[2024-04-02T02:08:28.640+0000] {logging_mixin.py:188} INFO - [2024-04-02T02:08:28.639+0000] {dag.py:3834} INFO - Setting next_dagrun for example_params_ui_tutorial to None, run_after=None
[2024-04-02T02:08:28.686+0000] {processor.py:183} INFO - Processing /home/airflow/.local/lib/python3.8/site-packages/airflow/example_dags/example_params_ui_tutorial.py took 0.241 seconds
[2024-04-02T02:08:58.992+0000] {processor.py:161} INFO - Started process (PID=269) to work on /home/airflow/.local/lib/python3.8/site-packages/airflow/example_dags/example_params_ui_tutorial.py
[2024-04-02T02:08:58.995+0000] {processor.py:830} INFO - Processing file /home/airflow/.local/lib/python3.8/site-packages/airflow/example_dags/example_params_ui_tutorial.py for tasks to queue
[2024-04-02T02:08:58.998+0000] {logging_mixin.py:188} INFO - [2024-04-02T02:08:58.997+0000] {dagbag.py:540} INFO - Filling up the DagBag from /home/airflow/.local/lib/python3.8/site-packages/airflow/example_dags/example_params_ui_tutorial.py
[2024-04-02T02:08:59.022+0000] {processor.py:840} INFO - DAG(s) 'example_params_ui_tutorial' retrieved from /home/airflow/.local/lib/python3.8/site-packages/airflow/example_dags/example_params_ui_tutorial.py
[2024-04-02T02:08:59.144+0000] {logging_mixin.py:188} INFO - [2024-04-02T02:08:59.144+0000] {dag.py:3047} INFO - Sync 1 DAGs
[2024-04-02T02:08:59.166+0000] {logging_mixin.py:188} INFO - [2024-04-02T02:08:59.166+0000] {dag.py:3834} INFO - Setting next_dagrun for example_params_ui_tutorial to None, run_after=None
[2024-04-02T02:08:59.210+0000] {processor.py:183} INFO - Processing /home/airflow/.local/lib/python3.8/site-packages/airflow/example_dags/example_params_ui_tutorial.py took 0.223 seconds
[2024-04-02T02:09:29.544+0000] {processor.py:161} INFO - Started process (PID=324) to work on /home/airflow/.local/lib/python3.8/site-packages/airflow/example_dags/example_params_ui_tutorial.py
[2024-04-02T02:09:29.546+0000] {processor.py:830} INFO - Processing file /home/airflow/.local/lib/python3.8/site-packages/airflow/example_dags/example_params_ui_tutorial.py for tasks to queue
[2024-04-02T02:09:29.552+0000] {logging_mixin.py:188} INFO - [2024-04-02T02:09:29.552+0000] {dagbag.py:540} INFO - Filling up the DagBag from /home/airflow/.local/lib/python3.8/site-packages/airflow/example_dags/example_params_ui_tutorial.py
[2024-04-02T02:09:29.575+0000] {processor.py:840} INFO - DAG(s) 'example_params_ui_tutorial' retrieved from /home/airflow/.local/lib/python3.8/site-packages/airflow/example_dags/example_params_ui_tutorial.py
[2024-04-02T02:09:29.769+0000] {logging_mixin.py:188} INFO - [2024-04-02T02:09:29.768+0000] {dag.py:3047} INFO - Sync 1 DAGs
[2024-04-02T02:09:29.797+0000] {logging_mixin.py:188} INFO - [2024-04-02T02:09:29.796+0000] {dag.py:3834} INFO - Setting next_dagrun for example_params_ui_tutorial to None, run_after=None
[2024-04-02T02:09:29.845+0000] {processor.py:183} INFO - Processing /home/airflow/.local/lib/python3.8/site-packages/airflow/example_dags/example_params_ui_tutorial.py took 0.306 seconds
[2024-04-02T02:10:00.308+0000] {processor.py:161} INFO - Started process (PID=386) to work on /home/airflow/.local/lib/python3.8/site-packages/airflow/example_dags/example_params_ui_tutorial.py
[2024-04-02T02:10:00.310+0000] {processor.py:830} INFO - Processing file /home/airflow/.local/lib/python3.8/site-packages/airflow/example_dags/example_params_ui_tutorial.py for tasks to queue
[2024-04-02T02:10:00.314+0000] {logging_mixin.py:188} INFO - [2024-04-02T02:10:00.313+0000] {dagbag.py:540} INFO - Filling up the DagBag from /home/airflow/.local/lib/python3.8/site-packages/airflow/example_dags/example_params_ui_tutorial.py
[2024-04-02T02:10:00.338+0000] {processor.py:840} INFO - DAG(s) 'example_params_ui_tutorial' retrieved from /home/airflow/.local/lib/python3.8/site-packages/airflow/example_dags/example_params_ui_tutorial.py
[2024-04-02T02:10:00.470+0000] {logging_mixin.py:188} INFO - [2024-04-02T02:10:00.469+0000] {dag.py:3047} INFO - Sync 1 DAGs
[2024-04-02T02:10:00.504+0000] {logging_mixin.py:188} INFO - [2024-04-02T02:10:00.504+0000] {dag.py:3834} INFO - Setting next_dagrun for example_params_ui_tutorial to None, run_after=None
[2024-04-02T02:10:00.561+0000] {processor.py:183} INFO - Processing /home/airflow/.local/lib/python3.8/site-packages/airflow/example_dags/example_params_ui_tutorial.py took 0.258 seconds
[2024-04-02T02:12:08.912+0000] {processor.py:161} INFO - Started process (PID=49) to work on /home/airflow/.local/lib/python3.8/site-packages/airflow/example_dags/example_params_ui_tutorial.py
[2024-04-02T02:12:08.915+0000] {processor.py:830} INFO - Processing file /home/airflow/.local/lib/python3.8/site-packages/airflow/example_dags/example_params_ui_tutorial.py for tasks to queue
[2024-04-02T02:12:08.921+0000] {logging_mixin.py:188} INFO - [2024-04-02T02:12:08.920+0000] {dagbag.py:540} INFO - Filling up the DagBag from /home/airflow/.local/lib/python3.8/site-packages/airflow/example_dags/example_params_ui_tutorial.py
[2024-04-02T02:12:08.976+0000] {processor.py:840} INFO - DAG(s) 'example_params_ui_tutorial' retrieved from /home/airflow/.local/lib/python3.8/site-packages/airflow/example_dags/example_params_ui_tutorial.py
[2024-04-02T02:12:09.548+0000] {logging_mixin.py:188} INFO - [2024-04-02T02:12:09.547+0000] {override.py:1769} INFO - Created Permission View: can read on DAG:example_params_ui_tutorial
[2024-04-02T02:12:09.569+0000] {logging_mixin.py:188} INFO - [2024-04-02T02:12:09.568+0000] {override.py:1769} INFO - Created Permission View: can delete on DAG:example_params_ui_tutorial
[2024-04-02T02:12:09.588+0000] {logging_mixin.py:188} INFO - [2024-04-02T02:12:09.587+0000] {override.py:1769} INFO - Created Permission View: can edit on DAG:example_params_ui_tutorial
[2024-04-02T02:12:09.590+0000] {logging_mixin.py:188} INFO - [2024-04-02T02:12:09.589+0000] {dag.py:3047} INFO - Sync 1 DAGs
[2024-04-02T02:12:09.623+0000] {logging_mixin.py:188} INFO - [2024-04-02T02:12:09.623+0000] {dag.py:3069} INFO - Creating ORM DAG for example_params_ui_tutorial
[2024-04-02T02:12:09.625+0000] {logging_mixin.py:188} INFO - [2024-04-02T02:12:09.625+0000] {dag.py:3834} INFO - Setting next_dagrun for example_params_ui_tutorial to None, run_after=None
[2024-04-02T02:12:09.673+0000] {processor.py:183} INFO - Processing /home/airflow/.local/lib/python3.8/site-packages/airflow/example_dags/example_params_ui_tutorial.py took 0.773 seconds
[2024-04-02T02:12:39.896+0000] {processor.py:161} INFO - Started process (PID=104) to work on /home/airflow/.local/lib/python3.8/site-packages/airflow/example_dags/example_params_ui_tutorial.py
[2024-04-02T02:12:39.899+0000] {processor.py:830} INFO - Processing file /home/airflow/.local/lib/python3.8/site-packages/airflow/example_dags/example_params_ui_tutorial.py for tasks to queue
[2024-04-02T02:12:39.903+0000] {logging_mixin.py:188} INFO - [2024-04-02T02:12:39.903+0000] {dagbag.py:540} INFO - Filling up the DagBag from /home/airflow/.local/lib/python3.8/site-packages/airflow/example_dags/example_params_ui_tutorial.py
[2024-04-02T02:12:39.932+0000] {processor.py:840} INFO - DAG(s) 'example_params_ui_tutorial' retrieved from /home/airflow/.local/lib/python3.8/site-packages/airflow/example_dags/example_params_ui_tutorial.py
[2024-04-02T02:12:39.955+0000] {logging_mixin.py:188} INFO - [2024-04-02T02:12:39.954+0000] {dag.py:3047} INFO - Sync 1 DAGs
[2024-04-02T02:12:39.985+0000] {logging_mixin.py:188} INFO - [2024-04-02T02:12:39.985+0000] {dag.py:3834} INFO - Setting next_dagrun for example_params_ui_tutorial to None, run_after=None
[2024-04-02T02:12:40.029+0000] {processor.py:183} INFO - Processing /home/airflow/.local/lib/python3.8/site-packages/airflow/example_dags/example_params_ui_tutorial.py took 0.140 seconds
[2024-04-02T02:13:10.710+0000] {processor.py:161} INFO - Started process (PID=159) to work on /home/airflow/.local/lib/python3.8/site-packages/airflow/example_dags/example_params_ui_tutorial.py
[2024-04-02T02:13:10.712+0000] {processor.py:830} INFO - Processing file /home/airflow/.local/lib/python3.8/site-packages/airflow/example_dags/example_params_ui_tutorial.py for tasks to queue
[2024-04-02T02:13:10.716+0000] {logging_mixin.py:188} INFO - [2024-04-02T02:13:10.716+0000] {dagbag.py:540} INFO - Filling up the DagBag from /home/airflow/.local/lib/python3.8/site-packages/airflow/example_dags/example_params_ui_tutorial.py
[2024-04-02T02:13:10.745+0000] {processor.py:840} INFO - DAG(s) 'example_params_ui_tutorial' retrieved from /home/airflow/.local/lib/python3.8/site-packages/airflow/example_dags/example_params_ui_tutorial.py
[2024-04-02T02:13:11.183+0000] {logging_mixin.py:188} INFO - [2024-04-02T02:13:11.182+0000] {dag.py:3047} INFO - Sync 1 DAGs
[2024-04-02T02:13:11.213+0000] {logging_mixin.py:188} INFO - [2024-04-02T02:13:11.212+0000] {dag.py:3834} INFO - Setting next_dagrun for example_params_ui_tutorial to None, run_after=None
[2024-04-02T02:13:11.271+0000] {processor.py:183} INFO - Processing /home/airflow/.local/lib/python3.8/site-packages/airflow/example_dags/example_params_ui_tutorial.py took 0.569 seconds
[2024-04-02T02:13:41.438+0000] {processor.py:161} INFO - Started process (PID=214) to work on /home/airflow/.local/lib/python3.8/site-packages/airflow/example_dags/example_params_ui_tutorial.py
[2024-04-02T02:13:41.440+0000] {processor.py:830} INFO - Processing file /home/airflow/.local/lib/python3.8/site-packages/airflow/example_dags/example_params_ui_tutorial.py for tasks to queue
[2024-04-02T02:13:41.444+0000] {logging_mixin.py:188} INFO - [2024-04-02T02:13:41.443+0000] {dagbag.py:540} INFO - Filling up the DagBag from /home/airflow/.local/lib/python3.8/site-packages/airflow/example_dags/example_params_ui_tutorial.py
[2024-04-02T02:13:41.472+0000] {processor.py:840} INFO - DAG(s) 'example_params_ui_tutorial' retrieved from /home/airflow/.local/lib/python3.8/site-packages/airflow/example_dags/example_params_ui_tutorial.py
[2024-04-02T02:13:41.620+0000] {logging_mixin.py:188} INFO - [2024-04-02T02:13:41.619+0000] {dag.py:3047} INFO - Sync 1 DAGs
[2024-04-02T02:13:41.653+0000] {logging_mixin.py:188} INFO - [2024-04-02T02:13:41.653+0000] {dag.py:3834} INFO - Setting next_dagrun for example_params_ui_tutorial to None, run_after=None
[2024-04-02T02:13:41.690+0000] {processor.py:183} INFO - Processing /home/airflow/.local/lib/python3.8/site-packages/airflow/example_dags/example_params_ui_tutorial.py took 0.257 seconds
