[2024-04-02T02:07:04.624+0000] {processor.py:161} INFO - Started process (PID=74) to work on /home/airflow/.local/lib/python3.8/site-packages/airflow/example_dags/tutorial.py
[2024-04-02T02:07:04.630+0000] {processor.py:830} INFO - Processing file /home/airflow/.local/lib/python3.8/site-packages/airflow/example_dags/tutorial.py for tasks to queue
[2024-04-02T02:07:04.637+0000] {logging_mixin.py:188} INFO - [2024-04-02T02:07:04.637+0000] {dagbag.py:540} INFO - Filling up the DagBag from /home/airflow/.local/lib/python3.8/site-packages/airflow/example_dags/tutorial.py
[2024-04-02T02:07:04.662+0000] {processor.py:840} INFO - DAG(s) 'tutorial' retrieved from /home/airflow/.local/lib/python3.8/site-packages/airflow/example_dags/tutorial.py
[2024-04-02T02:07:05.008+0000] {logging_mixin.py:188} INFO - [2024-04-02T02:07:05.008+0000] {dag.py:3047} INFO - Sync 1 DAGs
[2024-04-02T02:07:05.057+0000] {logging_mixin.py:188} INFO - [2024-04-02T02:07:05.056+0000] {dag.py:3834} INFO - Setting next_dagrun for tutorial to 2024-04-01 00:00:00+00:00, run_after=2024-04-02 00:00:00+00:00
[2024-04-02T02:07:05.106+0000] {processor.py:183} INFO - Processing /home/airflow/.local/lib/python3.8/site-packages/airflow/example_dags/tutorial.py took 0.489 seconds
[2024-04-02T02:07:35.301+0000] {processor.py:161} INFO - Started process (PID=129) to work on /home/airflow/.local/lib/python3.8/site-packages/airflow/example_dags/tutorial.py
[2024-04-02T02:07:35.304+0000] {processor.py:830} INFO - Processing file /home/airflow/.local/lib/python3.8/site-packages/airflow/example_dags/tutorial.py for tasks to queue
[2024-04-02T02:07:35.307+0000] {logging_mixin.py:188} INFO - [2024-04-02T02:07:35.306+0000] {dagbag.py:540} INFO - Filling up the DagBag from /home/airflow/.local/lib/python3.8/site-packages/airflow/example_dags/tutorial.py
[2024-04-02T02:07:35.320+0000] {processor.py:840} INFO - DAG(s) 'tutorial' retrieved from /home/airflow/.local/lib/python3.8/site-packages/airflow/example_dags/tutorial.py
[2024-04-02T02:07:35.346+0000] {logging_mixin.py:188} INFO - [2024-04-02T02:07:35.345+0000] {dag.py:3047} INFO - Sync 1 DAGs
[2024-04-02T02:07:35.406+0000] {logging_mixin.py:188} INFO - [2024-04-02T02:07:35.406+0000] {dag.py:3834} INFO - Setting next_dagrun for tutorial to 2024-04-01 00:00:00+00:00, run_after=2024-04-02 00:00:00+00:00
[2024-04-02T02:07:35.457+0000] {processor.py:183} INFO - Processing /home/airflow/.local/lib/python3.8/site-packages/airflow/example_dags/tutorial.py took 0.163 seconds
[2024-04-02T02:08:06.170+0000] {processor.py:161} INFO - Started process (PID=183) to work on /home/airflow/.local/lib/python3.8/site-packages/airflow/example_dags/tutorial.py
[2024-04-02T02:08:06.171+0000] {processor.py:830} INFO - Processing file /home/airflow/.local/lib/python3.8/site-packages/airflow/example_dags/tutorial.py for tasks to queue
[2024-04-02T02:08:06.174+0000] {logging_mixin.py:188} INFO - [2024-04-02T02:08:06.174+0000] {dagbag.py:540} INFO - Filling up the DagBag from /home/airflow/.local/lib/python3.8/site-packages/airflow/example_dags/tutorial.py
[2024-04-02T02:08:06.186+0000] {processor.py:840} INFO - DAG(s) 'tutorial' retrieved from /home/airflow/.local/lib/python3.8/site-packages/airflow/example_dags/tutorial.py
[2024-04-02T02:08:06.395+0000] {logging_mixin.py:188} INFO - [2024-04-02T02:08:06.394+0000] {dag.py:3047} INFO - Sync 1 DAGs
[2024-04-02T02:08:06.440+0000] {logging_mixin.py:188} INFO - [2024-04-02T02:08:06.440+0000] {dag.py:3834} INFO - Setting next_dagrun for tutorial to 2024-04-01 00:00:00+00:00, run_after=2024-04-02 00:00:00+00:00
[2024-04-02T02:08:06.485+0000] {processor.py:183} INFO - Processing /home/airflow/.local/lib/python3.8/site-packages/airflow/example_dags/tutorial.py took 0.320 seconds
[2024-04-02T02:08:37.065+0000] {processor.py:161} INFO - Started process (PID=238) to work on /home/airflow/.local/lib/python3.8/site-packages/airflow/example_dags/tutorial.py
[2024-04-02T02:08:37.067+0000] {processor.py:830} INFO - Processing file /home/airflow/.local/lib/python3.8/site-packages/airflow/example_dags/tutorial.py for tasks to queue
[2024-04-02T02:08:37.071+0000] {logging_mixin.py:188} INFO - [2024-04-02T02:08:37.070+0000] {dagbag.py:540} INFO - Filling up the DagBag from /home/airflow/.local/lib/python3.8/site-packages/airflow/example_dags/tutorial.py
[2024-04-02T02:08:37.080+0000] {processor.py:840} INFO - DAG(s) 'tutorial' retrieved from /home/airflow/.local/lib/python3.8/site-packages/airflow/example_dags/tutorial.py
[2024-04-02T02:08:37.122+0000] {logging_mixin.py:188} INFO - [2024-04-02T02:08:37.122+0000] {dag.py:3047} INFO - Sync 1 DAGs
[2024-04-02T02:08:37.173+0000] {logging_mixin.py:188} INFO - [2024-04-02T02:08:37.172+0000] {dag.py:3834} INFO - Setting next_dagrun for tutorial to 2024-04-01 00:00:00+00:00, run_after=2024-04-02 00:00:00+00:00
[2024-04-02T02:08:37.216+0000] {processor.py:183} INFO - Processing /home/airflow/.local/lib/python3.8/site-packages/airflow/example_dags/tutorial.py took 0.157 seconds
[2024-04-02T02:09:07.393+0000] {processor.py:161} INFO - Started process (PID=293) to work on /home/airflow/.local/lib/python3.8/site-packages/airflow/example_dags/tutorial.py
[2024-04-02T02:09:07.394+0000] {processor.py:830} INFO - Processing file /home/airflow/.local/lib/python3.8/site-packages/airflow/example_dags/tutorial.py for tasks to queue
[2024-04-02T02:09:07.398+0000] {logging_mixin.py:188} INFO - [2024-04-02T02:09:07.397+0000] {dagbag.py:540} INFO - Filling up the DagBag from /home/airflow/.local/lib/python3.8/site-packages/airflow/example_dags/tutorial.py
[2024-04-02T02:09:07.407+0000] {processor.py:840} INFO - DAG(s) 'tutorial' retrieved from /home/airflow/.local/lib/python3.8/site-packages/airflow/example_dags/tutorial.py
[2024-04-02T02:09:07.446+0000] {logging_mixin.py:188} INFO - [2024-04-02T02:09:07.445+0000] {dag.py:3047} INFO - Sync 1 DAGs
[2024-04-02T02:09:07.493+0000] {logging_mixin.py:188} INFO - [2024-04-02T02:09:07.492+0000] {dag.py:3834} INFO - Setting next_dagrun for tutorial to 2024-04-01 00:00:00+00:00, run_after=2024-04-02 00:00:00+00:00
[2024-04-02T02:09:07.542+0000] {processor.py:183} INFO - Processing /home/airflow/.local/lib/python3.8/site-packages/airflow/example_dags/tutorial.py took 0.154 seconds
[2024-04-02T02:09:37.869+0000] {processor.py:161} INFO - Started process (PID=349) to work on /home/airflow/.local/lib/python3.8/site-packages/airflow/example_dags/tutorial.py
[2024-04-02T02:09:37.872+0000] {processor.py:830} INFO - Processing file /home/airflow/.local/lib/python3.8/site-packages/airflow/example_dags/tutorial.py for tasks to queue
[2024-04-02T02:09:37.876+0000] {logging_mixin.py:188} INFO - [2024-04-02T02:09:37.875+0000] {dagbag.py:540} INFO - Filling up the DagBag from /home/airflow/.local/lib/python3.8/site-packages/airflow/example_dags/tutorial.py
[2024-04-02T02:09:37.888+0000] {processor.py:840} INFO - DAG(s) 'tutorial' retrieved from /home/airflow/.local/lib/python3.8/site-packages/airflow/example_dags/tutorial.py
[2024-04-02T02:09:37.930+0000] {logging_mixin.py:188} INFO - [2024-04-02T02:09:37.930+0000] {dag.py:3047} INFO - Sync 1 DAGs
[2024-04-02T02:09:37.984+0000] {logging_mixin.py:188} INFO - [2024-04-02T02:09:37.984+0000] {dag.py:3834} INFO - Setting next_dagrun for tutorial to 2024-04-01 00:00:00+00:00, run_after=2024-04-02 00:00:00+00:00
[2024-04-02T02:09:38.039+0000] {processor.py:183} INFO - Processing /home/airflow/.local/lib/python3.8/site-packages/airflow/example_dags/tutorial.py took 0.177 seconds
[2024-04-02T02:12:14.918+0000] {processor.py:161} INFO - Started process (PID=67) to work on /home/airflow/.local/lib/python3.8/site-packages/airflow/example_dags/tutorial.py
[2024-04-02T02:12:14.920+0000] {processor.py:830} INFO - Processing file /home/airflow/.local/lib/python3.8/site-packages/airflow/example_dags/tutorial.py for tasks to queue
[2024-04-02T02:12:14.924+0000] {logging_mixin.py:188} INFO - [2024-04-02T02:12:14.923+0000] {dagbag.py:540} INFO - Filling up the DagBag from /home/airflow/.local/lib/python3.8/site-packages/airflow/example_dags/tutorial.py
[2024-04-02T02:12:14.939+0000] {processor.py:840} INFO - DAG(s) 'tutorial' retrieved from /home/airflow/.local/lib/python3.8/site-packages/airflow/example_dags/tutorial.py
[2024-04-02T02:12:15.199+0000] {logging_mixin.py:188} INFO - [2024-04-02T02:12:15.197+0000] {override.py:1769} INFO - Created Permission View: can read on DAG:tutorial
[2024-04-02T02:12:15.226+0000] {logging_mixin.py:188} INFO - [2024-04-02T02:12:15.225+0000] {override.py:1769} INFO - Created Permission View: can delete on DAG:tutorial
[2024-04-02T02:12:15.242+0000] {logging_mixin.py:188} INFO - [2024-04-02T02:12:15.242+0000] {override.py:1769} INFO - Created Permission View: can edit on DAG:tutorial
[2024-04-02T02:12:15.244+0000] {logging_mixin.py:188} INFO - [2024-04-02T02:12:15.243+0000] {dag.py:3047} INFO - Sync 1 DAGs
[2024-04-02T02:12:15.267+0000] {logging_mixin.py:188} INFO - [2024-04-02T02:12:15.266+0000] {dag.py:3069} INFO - Creating ORM DAG for tutorial
[2024-04-02T02:12:15.294+0000] {logging_mixin.py:188} INFO - [2024-04-02T02:12:15.293+0000] {dag.py:3834} INFO - Setting next_dagrun for tutorial to 2024-04-01 00:00:00+00:00, run_after=2024-04-02 00:00:00+00:00
[2024-04-02T02:12:15.363+0000] {processor.py:183} INFO - Processing /home/airflow/.local/lib/python3.8/site-packages/airflow/example_dags/tutorial.py took 0.450 seconds
[2024-04-02T02:12:45.923+0000] {processor.py:161} INFO - Started process (PID=122) to work on /home/airflow/.local/lib/python3.8/site-packages/airflow/example_dags/tutorial.py
[2024-04-02T02:12:45.925+0000] {processor.py:830} INFO - Processing file /home/airflow/.local/lib/python3.8/site-packages/airflow/example_dags/tutorial.py for tasks to queue
[2024-04-02T02:12:45.929+0000] {logging_mixin.py:188} INFO - [2024-04-02T02:12:45.928+0000] {dagbag.py:540} INFO - Filling up the DagBag from /home/airflow/.local/lib/python3.8/site-packages/airflow/example_dags/tutorial.py
[2024-04-02T02:12:45.940+0000] {processor.py:840} INFO - DAG(s) 'tutorial' retrieved from /home/airflow/.local/lib/python3.8/site-packages/airflow/example_dags/tutorial.py
[2024-04-02T02:12:45.961+0000] {logging_mixin.py:188} INFO - [2024-04-02T02:12:45.961+0000] {dag.py:3047} INFO - Sync 1 DAGs
[2024-04-02T02:12:46.006+0000] {logging_mixin.py:188} INFO - [2024-04-02T02:12:46.006+0000] {dag.py:3834} INFO - Setting next_dagrun for tutorial to 2024-04-01 00:00:00+00:00, run_after=2024-04-02 00:00:00+00:00
[2024-04-02T02:12:46.047+0000] {processor.py:183} INFO - Processing /home/airflow/.local/lib/python3.8/site-packages/airflow/example_dags/tutorial.py took 0.131 seconds
[2024-04-02T02:13:17.056+0000] {processor.py:161} INFO - Started process (PID=177) to work on /home/airflow/.local/lib/python3.8/site-packages/airflow/example_dags/tutorial.py
[2024-04-02T02:13:17.058+0000] {processor.py:830} INFO - Processing file /home/airflow/.local/lib/python3.8/site-packages/airflow/example_dags/tutorial.py for tasks to queue
[2024-04-02T02:13:17.061+0000] {logging_mixin.py:188} INFO - [2024-04-02T02:13:17.060+0000] {dagbag.py:540} INFO - Filling up the DagBag from /home/airflow/.local/lib/python3.8/site-packages/airflow/example_dags/tutorial.py
[2024-04-02T02:13:17.071+0000] {processor.py:840} INFO - DAG(s) 'tutorial' retrieved from /home/airflow/.local/lib/python3.8/site-packages/airflow/example_dags/tutorial.py
[2024-04-02T02:13:17.266+0000] {logging_mixin.py:188} INFO - [2024-04-02T02:13:17.266+0000] {dag.py:3047} INFO - Sync 1 DAGs
[2024-04-02T02:13:17.304+0000] {logging_mixin.py:188} INFO - [2024-04-02T02:13:17.304+0000] {dag.py:3834} INFO - Setting next_dagrun for tutorial to 2024-04-01 00:00:00+00:00, run_after=2024-04-02 00:00:00+00:00
[2024-04-02T02:13:17.349+0000] {processor.py:183} INFO - Processing /home/airflow/.local/lib/python3.8/site-packages/airflow/example_dags/tutorial.py took 0.299 seconds
[2024-04-02T02:13:47.442+0000] {processor.py:161} INFO - Started process (PID=232) to work on /home/airflow/.local/lib/python3.8/site-packages/airflow/example_dags/tutorial.py
[2024-04-02T02:13:47.444+0000] {processor.py:830} INFO - Processing file /home/airflow/.local/lib/python3.8/site-packages/airflow/example_dags/tutorial.py for tasks to queue
[2024-04-02T02:13:47.449+0000] {logging_mixin.py:188} INFO - [2024-04-02T02:13:47.448+0000] {dagbag.py:540} INFO - Filling up the DagBag from /home/airflow/.local/lib/python3.8/site-packages/airflow/example_dags/tutorial.py
[2024-04-02T02:13:47.462+0000] {processor.py:840} INFO - DAG(s) 'tutorial' retrieved from /home/airflow/.local/lib/python3.8/site-packages/airflow/example_dags/tutorial.py
[2024-04-02T02:13:47.505+0000] {logging_mixin.py:188} INFO - [2024-04-02T02:13:47.504+0000] {dag.py:3047} INFO - Sync 1 DAGs
[2024-04-02T02:13:47.556+0000] {logging_mixin.py:188} INFO - [2024-04-02T02:13:47.556+0000] {dag.py:3834} INFO - Setting next_dagrun for tutorial to 2024-04-01 00:00:00+00:00, run_after=2024-04-02 00:00:00+00:00
[2024-04-02T02:13:47.599+0000] {processor.py:183} INFO - Processing /home/airflow/.local/lib/python3.8/site-packages/airflow/example_dags/tutorial.py took 0.164 seconds
