[2024-04-02T02:07:05.985+0000] {processor.py:161} INFO - Started process (PID=79) to work on /home/airflow/.local/lib/python3.8/site-packages/airflow/example_dags/tutorial_taskflow_api.py
[2024-04-02T02:07:05.988+0000] {processor.py:830} INFO - Processing file /home/airflow/.local/lib/python3.8/site-packages/airflow/example_dags/tutorial_taskflow_api.py for tasks to queue
[2024-04-02T02:07:05.993+0000] {logging_mixin.py:188} INFO - [2024-04-02T02:07:05.992+0000] {dagbag.py:540} INFO - Filling up the DagBag from /home/airflow/.local/lib/python3.8/site-packages/airflow/example_dags/tutorial_taskflow_api.py
[2024-04-02T02:07:06.014+0000] {processor.py:840} INFO - DAG(s) 'tutorial_taskflow_api' retrieved from /home/airflow/.local/lib/python3.8/site-packages/airflow/example_dags/tutorial_taskflow_api.py
[2024-04-02T02:07:06.235+0000] {logging_mixin.py:188} INFO - [2024-04-02T02:07:06.235+0000] {dag.py:3047} INFO - Sync 1 DAGs
[2024-04-02T02:07:06.265+0000] {logging_mixin.py:188} INFO - [2024-04-02T02:07:06.264+0000] {dag.py:3834} INFO - Setting next_dagrun for tutorial_taskflow_api to None, run_after=None
[2024-04-02T02:07:06.314+0000] {processor.py:183} INFO - Processing /home/airflow/.local/lib/python3.8/site-packages/airflow/example_dags/tutorial_taskflow_api.py took 0.335 seconds
[2024-04-02T02:07:36.973+0000] {processor.py:161} INFO - Started process (PID=134) to work on /home/airflow/.local/lib/python3.8/site-packages/airflow/example_dags/tutorial_taskflow_api.py
[2024-04-02T02:07:36.976+0000] {processor.py:830} INFO - Processing file /home/airflow/.local/lib/python3.8/site-packages/airflow/example_dags/tutorial_taskflow_api.py for tasks to queue
[2024-04-02T02:07:36.979+0000] {logging_mixin.py:188} INFO - [2024-04-02T02:07:36.979+0000] {dagbag.py:540} INFO - Filling up the DagBag from /home/airflow/.local/lib/python3.8/site-packages/airflow/example_dags/tutorial_taskflow_api.py
[2024-04-02T02:07:36.999+0000] {processor.py:840} INFO - DAG(s) 'tutorial_taskflow_api' retrieved from /home/airflow/.local/lib/python3.8/site-packages/airflow/example_dags/tutorial_taskflow_api.py
[2024-04-02T02:07:37.028+0000] {logging_mixin.py:188} INFO - [2024-04-02T02:07:37.026+0000] {dag.py:3047} INFO - Sync 1 DAGs
[2024-04-02T02:07:37.058+0000] {logging_mixin.py:188} INFO - [2024-04-02T02:07:37.057+0000] {dag.py:3834} INFO - Setting next_dagrun for tutorial_taskflow_api to None, run_after=None
[2024-04-02T02:07:37.114+0000] {processor.py:183} INFO - Processing /home/airflow/.local/lib/python3.8/site-packages/airflow/example_dags/tutorial_taskflow_api.py took 0.147 seconds
[2024-04-02T02:08:08.358+0000] {processor.py:161} INFO - Started process (PID=188) to work on /home/airflow/.local/lib/python3.8/site-packages/airflow/example_dags/tutorial_taskflow_api.py
[2024-04-02T02:08:08.360+0000] {processor.py:830} INFO - Processing file /home/airflow/.local/lib/python3.8/site-packages/airflow/example_dags/tutorial_taskflow_api.py for tasks to queue
[2024-04-02T02:08:08.363+0000] {logging_mixin.py:188} INFO - [2024-04-02T02:08:08.362+0000] {dagbag.py:540} INFO - Filling up the DagBag from /home/airflow/.local/lib/python3.8/site-packages/airflow/example_dags/tutorial_taskflow_api.py
[2024-04-02T02:08:08.374+0000] {processor.py:840} INFO - DAG(s) 'tutorial_taskflow_api' retrieved from /home/airflow/.local/lib/python3.8/site-packages/airflow/example_dags/tutorial_taskflow_api.py
[2024-04-02T02:08:08.593+0000] {logging_mixin.py:188} INFO - [2024-04-02T02:08:08.592+0000] {dag.py:3047} INFO - Sync 1 DAGs
[2024-04-02T02:08:08.618+0000] {logging_mixin.py:188} INFO - [2024-04-02T02:08:08.617+0000] {dag.py:3834} INFO - Setting next_dagrun for tutorial_taskflow_api to None, run_after=None
[2024-04-02T02:08:08.675+0000] {processor.py:183} INFO - Processing /home/airflow/.local/lib/python3.8/site-packages/airflow/example_dags/tutorial_taskflow_api.py took 0.323 seconds
[2024-04-02T02:08:39.607+0000] {processor.py:161} INFO - Started process (PID=243) to work on /home/airflow/.local/lib/python3.8/site-packages/airflow/example_dags/tutorial_taskflow_api.py
[2024-04-02T02:08:39.609+0000] {processor.py:830} INFO - Processing file /home/airflow/.local/lib/python3.8/site-packages/airflow/example_dags/tutorial_taskflow_api.py for tasks to queue
[2024-04-02T02:08:39.612+0000] {logging_mixin.py:188} INFO - [2024-04-02T02:08:39.611+0000] {dagbag.py:540} INFO - Filling up the DagBag from /home/airflow/.local/lib/python3.8/site-packages/airflow/example_dags/tutorial_taskflow_api.py
[2024-04-02T02:08:39.623+0000] {processor.py:840} INFO - DAG(s) 'tutorial_taskflow_api' retrieved from /home/airflow/.local/lib/python3.8/site-packages/airflow/example_dags/tutorial_taskflow_api.py
[2024-04-02T02:08:39.659+0000] {logging_mixin.py:188} INFO - [2024-04-02T02:08:39.659+0000] {dag.py:3047} INFO - Sync 1 DAGs
[2024-04-02T02:08:39.684+0000] {logging_mixin.py:188} INFO - [2024-04-02T02:08:39.683+0000] {dag.py:3834} INFO - Setting next_dagrun for tutorial_taskflow_api to None, run_after=None
[2024-04-02T02:08:39.731+0000] {processor.py:183} INFO - Processing /home/airflow/.local/lib/python3.8/site-packages/airflow/example_dags/tutorial_taskflow_api.py took 0.129 seconds
[2024-04-02T02:09:09.916+0000] {processor.py:161} INFO - Started process (PID=298) to work on /home/airflow/.local/lib/python3.8/site-packages/airflow/example_dags/tutorial_taskflow_api.py
[2024-04-02T02:09:09.918+0000] {processor.py:830} INFO - Processing file /home/airflow/.local/lib/python3.8/site-packages/airflow/example_dags/tutorial_taskflow_api.py for tasks to queue
[2024-04-02T02:09:09.921+0000] {logging_mixin.py:188} INFO - [2024-04-02T02:09:09.921+0000] {dagbag.py:540} INFO - Filling up the DagBag from /home/airflow/.local/lib/python3.8/site-packages/airflow/example_dags/tutorial_taskflow_api.py
[2024-04-02T02:09:09.933+0000] {processor.py:840} INFO - DAG(s) 'tutorial_taskflow_api' retrieved from /home/airflow/.local/lib/python3.8/site-packages/airflow/example_dags/tutorial_taskflow_api.py
[2024-04-02T02:09:09.975+0000] {logging_mixin.py:188} INFO - [2024-04-02T02:09:09.975+0000] {dag.py:3047} INFO - Sync 1 DAGs
[2024-04-02T02:09:09.997+0000] {logging_mixin.py:188} INFO - [2024-04-02T02:09:09.997+0000] {dag.py:3834} INFO - Setting next_dagrun for tutorial_taskflow_api to None, run_after=None
[2024-04-02T02:09:10.046+0000] {processor.py:183} INFO - Processing /home/airflow/.local/lib/python3.8/site-packages/airflow/example_dags/tutorial_taskflow_api.py took 0.136 seconds
[2024-04-02T02:09:40.478+0000] {processor.py:161} INFO - Started process (PID=354) to work on /home/airflow/.local/lib/python3.8/site-packages/airflow/example_dags/tutorial_taskflow_api.py
[2024-04-02T02:09:40.480+0000] {processor.py:830} INFO - Processing file /home/airflow/.local/lib/python3.8/site-packages/airflow/example_dags/tutorial_taskflow_api.py for tasks to queue
[2024-04-02T02:09:40.488+0000] {logging_mixin.py:188} INFO - [2024-04-02T02:09:40.487+0000] {dagbag.py:540} INFO - Filling up the DagBag from /home/airflow/.local/lib/python3.8/site-packages/airflow/example_dags/tutorial_taskflow_api.py
[2024-04-02T02:09:40.500+0000] {processor.py:840} INFO - DAG(s) 'tutorial_taskflow_api' retrieved from /home/airflow/.local/lib/python3.8/site-packages/airflow/example_dags/tutorial_taskflow_api.py
[2024-04-02T02:09:40.547+0000] {logging_mixin.py:188} INFO - [2024-04-02T02:09:40.546+0000] {dag.py:3047} INFO - Sync 1 DAGs
[2024-04-02T02:09:40.580+0000] {logging_mixin.py:188} INFO - [2024-04-02T02:09:40.579+0000] {dag.py:3834} INFO - Setting next_dagrun for tutorial_taskflow_api to None, run_after=None
[2024-04-02T02:09:40.643+0000] {processor.py:183} INFO - Processing /home/airflow/.local/lib/python3.8/site-packages/airflow/example_dags/tutorial_taskflow_api.py took 0.170 seconds
[2024-04-02T02:12:16.302+0000] {processor.py:161} INFO - Started process (PID=72) to work on /home/airflow/.local/lib/python3.8/site-packages/airflow/example_dags/tutorial_taskflow_api.py
[2024-04-02T02:12:16.304+0000] {processor.py:830} INFO - Processing file /home/airflow/.local/lib/python3.8/site-packages/airflow/example_dags/tutorial_taskflow_api.py for tasks to queue
[2024-04-02T02:12:16.309+0000] {logging_mixin.py:188} INFO - [2024-04-02T02:12:16.308+0000] {dagbag.py:540} INFO - Filling up the DagBag from /home/airflow/.local/lib/python3.8/site-packages/airflow/example_dags/tutorial_taskflow_api.py
[2024-04-02T02:12:16.346+0000] {processor.py:840} INFO - DAG(s) 'tutorial_taskflow_api' retrieved from /home/airflow/.local/lib/python3.8/site-packages/airflow/example_dags/tutorial_taskflow_api.py
[2024-04-02T02:12:16.595+0000] {logging_mixin.py:188} INFO - [2024-04-02T02:12:16.594+0000] {override.py:1769} INFO - Created Permission View: can read on DAG:tutorial_taskflow_api
[2024-04-02T02:12:16.619+0000] {logging_mixin.py:188} INFO - [2024-04-02T02:12:16.618+0000] {override.py:1769} INFO - Created Permission View: can delete on DAG:tutorial_taskflow_api
[2024-04-02T02:12:16.642+0000] {logging_mixin.py:188} INFO - [2024-04-02T02:12:16.641+0000] {override.py:1769} INFO - Created Permission View: can edit on DAG:tutorial_taskflow_api
[2024-04-02T02:12:16.644+0000] {logging_mixin.py:188} INFO - [2024-04-02T02:12:16.643+0000] {dag.py:3047} INFO - Sync 1 DAGs
[2024-04-02T02:12:16.674+0000] {logging_mixin.py:188} INFO - [2024-04-02T02:12:16.674+0000] {dag.py:3069} INFO - Creating ORM DAG for tutorial_taskflow_api
[2024-04-02T02:12:16.676+0000] {logging_mixin.py:188} INFO - [2024-04-02T02:12:16.676+0000] {dag.py:3834} INFO - Setting next_dagrun for tutorial_taskflow_api to None, run_after=None
[2024-04-02T02:12:16.730+0000] {processor.py:183} INFO - Processing /home/airflow/.local/lib/python3.8/site-packages/airflow/example_dags/tutorial_taskflow_api.py took 0.436 seconds
[2024-04-02T02:12:46.867+0000] {processor.py:161} INFO - Started process (PID=127) to work on /home/airflow/.local/lib/python3.8/site-packages/airflow/example_dags/tutorial_taskflow_api.py
[2024-04-02T02:12:46.870+0000] {processor.py:830} INFO - Processing file /home/airflow/.local/lib/python3.8/site-packages/airflow/example_dags/tutorial_taskflow_api.py for tasks to queue
[2024-04-02T02:12:46.876+0000] {logging_mixin.py:188} INFO - [2024-04-02T02:12:46.875+0000] {dagbag.py:540} INFO - Filling up the DagBag from /home/airflow/.local/lib/python3.8/site-packages/airflow/example_dags/tutorial_taskflow_api.py
[2024-04-02T02:12:46.892+0000] {processor.py:840} INFO - DAG(s) 'tutorial_taskflow_api' retrieved from /home/airflow/.local/lib/python3.8/site-packages/airflow/example_dags/tutorial_taskflow_api.py
[2024-04-02T02:12:46.916+0000] {logging_mixin.py:188} INFO - [2024-04-02T02:12:46.916+0000] {dag.py:3047} INFO - Sync 1 DAGs
[2024-04-02T02:12:46.944+0000] {logging_mixin.py:188} INFO - [2024-04-02T02:12:46.943+0000] {dag.py:3834} INFO - Setting next_dagrun for tutorial_taskflow_api to None, run_after=None
[2024-04-02T02:12:46.996+0000] {processor.py:183} INFO - Processing /home/airflow/.local/lib/python3.8/site-packages/airflow/example_dags/tutorial_taskflow_api.py took 0.135 seconds
[2024-04-02T02:13:18.102+0000] {processor.py:161} INFO - Started process (PID=182) to work on /home/airflow/.local/lib/python3.8/site-packages/airflow/example_dags/tutorial_taskflow_api.py
[2024-04-02T02:13:18.104+0000] {processor.py:830} INFO - Processing file /home/airflow/.local/lib/python3.8/site-packages/airflow/example_dags/tutorial_taskflow_api.py for tasks to queue
[2024-04-02T02:13:18.107+0000] {logging_mixin.py:188} INFO - [2024-04-02T02:13:18.106+0000] {dagbag.py:540} INFO - Filling up the DagBag from /home/airflow/.local/lib/python3.8/site-packages/airflow/example_dags/tutorial_taskflow_api.py
[2024-04-02T02:13:18.116+0000] {processor.py:840} INFO - DAG(s) 'tutorial_taskflow_api' retrieved from /home/airflow/.local/lib/python3.8/site-packages/airflow/example_dags/tutorial_taskflow_api.py
[2024-04-02T02:13:18.307+0000] {logging_mixin.py:188} INFO - [2024-04-02T02:13:18.307+0000] {dag.py:3047} INFO - Sync 1 DAGs
[2024-04-02T02:13:18.326+0000] {logging_mixin.py:188} INFO - [2024-04-02T02:13:18.326+0000] {dag.py:3834} INFO - Setting next_dagrun for tutorial_taskflow_api to None, run_after=None
[2024-04-02T02:13:18.363+0000] {processor.py:183} INFO - Processing /home/airflow/.local/lib/python3.8/site-packages/airflow/example_dags/tutorial_taskflow_api.py took 0.265 seconds
[2024-04-02T02:13:49.079+0000] {processor.py:161} INFO - Started process (PID=237) to work on /home/airflow/.local/lib/python3.8/site-packages/airflow/example_dags/tutorial_taskflow_api.py
[2024-04-02T02:13:49.081+0000] {processor.py:830} INFO - Processing file /home/airflow/.local/lib/python3.8/site-packages/airflow/example_dags/tutorial_taskflow_api.py for tasks to queue
[2024-04-02T02:13:49.084+0000] {logging_mixin.py:188} INFO - [2024-04-02T02:13:49.084+0000] {dagbag.py:540} INFO - Filling up the DagBag from /home/airflow/.local/lib/python3.8/site-packages/airflow/example_dags/tutorial_taskflow_api.py
[2024-04-02T02:13:49.096+0000] {processor.py:840} INFO - DAG(s) 'tutorial_taskflow_api' retrieved from /home/airflow/.local/lib/python3.8/site-packages/airflow/example_dags/tutorial_taskflow_api.py
[2024-04-02T02:13:49.139+0000] {logging_mixin.py:188} INFO - [2024-04-02T02:13:49.138+0000] {dag.py:3047} INFO - Sync 1 DAGs
[2024-04-02T02:13:49.175+0000] {logging_mixin.py:188} INFO - [2024-04-02T02:13:49.174+0000] {dag.py:3834} INFO - Setting next_dagrun for tutorial_taskflow_api to None, run_after=None
[2024-04-02T02:13:49.219+0000] {processor.py:183} INFO - Processing /home/airflow/.local/lib/python3.8/site-packages/airflow/example_dags/tutorial_taskflow_api.py took 0.145 seconds
