[2024-04-02T02:06:58.828+0000] {processor.py:161} INFO - Started process (PID=57) to work on /home/airflow/.local/lib/python3.8/site-packages/airflow/example_dags/tutorial_objectstorage.py
[2024-04-02T02:06:58.841+0000] {processor.py:830} INFO - Processing file /home/airflow/.local/lib/python3.8/site-packages/airflow/example_dags/tutorial_objectstorage.py for tasks to queue
[2024-04-02T02:06:58.861+0000] {logging_mixin.py:188} INFO - [2024-04-02T02:06:58.858+0000] {dagbag.py:540} INFO - Filling up the DagBag from /home/airflow/.local/lib/python3.8/site-packages/airflow/example_dags/tutorial_objectstorage.py
[2024-04-02T02:06:58.957+0000] {processor.py:840} INFO - DAG(s) 'tutorial_objectstorage' retrieved from /home/airflow/.local/lib/python3.8/site-packages/airflow/example_dags/tutorial_objectstorage.py
[2024-04-02T02:06:59.557+0000] {logging_mixin.py:188} INFO - [2024-04-02T02:06:59.556+0000] {dag.py:3047} INFO - Sync 1 DAGs
[2024-04-02T02:06:59.613+0000] {logging_mixin.py:188} INFO - [2024-04-02T02:06:59.613+0000] {dag.py:3834} INFO - Setting next_dagrun for tutorial_objectstorage to None, run_after=None
[2024-04-02T02:06:59.699+0000] {processor.py:183} INFO - Processing /home/airflow/.local/lib/python3.8/site-packages/airflow/example_dags/tutorial_objectstorage.py took 0.910 seconds
[2024-04-02T02:07:30.396+0000] {processor.py:161} INFO - Started process (PID=117) to work on /home/airflow/.local/lib/python3.8/site-packages/airflow/example_dags/tutorial_objectstorage.py
[2024-04-02T02:07:30.399+0000] {processor.py:830} INFO - Processing file /home/airflow/.local/lib/python3.8/site-packages/airflow/example_dags/tutorial_objectstorage.py for tasks to queue
[2024-04-02T02:07:30.402+0000] {logging_mixin.py:188} INFO - [2024-04-02T02:07:30.401+0000] {dagbag.py:540} INFO - Filling up the DagBag from /home/airflow/.local/lib/python3.8/site-packages/airflow/example_dags/tutorial_objectstorage.py
[2024-04-02T02:07:30.413+0000] {processor.py:840} INFO - DAG(s) 'tutorial_objectstorage' retrieved from /home/airflow/.local/lib/python3.8/site-packages/airflow/example_dags/tutorial_objectstorage.py
[2024-04-02T02:07:30.448+0000] {logging_mixin.py:188} INFO - [2024-04-02T02:07:30.447+0000] {dag.py:3047} INFO - Sync 1 DAGs
[2024-04-02T02:07:30.472+0000] {logging_mixin.py:188} INFO - [2024-04-02T02:07:30.471+0000] {dag.py:3834} INFO - Setting next_dagrun for tutorial_objectstorage to None, run_after=None
[2024-04-02T02:07:30.516+0000] {processor.py:183} INFO - Processing /home/airflow/.local/lib/python3.8/site-packages/airflow/example_dags/tutorial_objectstorage.py took 0.125 seconds
[2024-04-02T02:08:00.607+0000] {processor.py:161} INFO - Started process (PID=171) to work on /home/airflow/.local/lib/python3.8/site-packages/airflow/example_dags/tutorial_objectstorage.py
[2024-04-02T02:08:00.609+0000] {processor.py:830} INFO - Processing file /home/airflow/.local/lib/python3.8/site-packages/airflow/example_dags/tutorial_objectstorage.py for tasks to queue
[2024-04-02T02:08:00.613+0000] {logging_mixin.py:188} INFO - [2024-04-02T02:08:00.612+0000] {dagbag.py:540} INFO - Filling up the DagBag from /home/airflow/.local/lib/python3.8/site-packages/airflow/example_dags/tutorial_objectstorage.py
[2024-04-02T02:08:00.623+0000] {processor.py:840} INFO - DAG(s) 'tutorial_objectstorage' retrieved from /home/airflow/.local/lib/python3.8/site-packages/airflow/example_dags/tutorial_objectstorage.py
[2024-04-02T02:08:00.839+0000] {logging_mixin.py:188} INFO - [2024-04-02T02:08:00.839+0000] {dag.py:3047} INFO - Sync 1 DAGs
[2024-04-02T02:08:00.865+0000] {logging_mixin.py:188} INFO - [2024-04-02T02:08:00.865+0000] {dag.py:3834} INFO - Setting next_dagrun for tutorial_objectstorage to None, run_after=None
[2024-04-02T02:08:00.909+0000] {processor.py:183} INFO - Processing /home/airflow/.local/lib/python3.8/site-packages/airflow/example_dags/tutorial_objectstorage.py took 0.306 seconds
[2024-04-02T02:08:31.046+0000] {processor.py:161} INFO - Started process (PID=226) to work on /home/airflow/.local/lib/python3.8/site-packages/airflow/example_dags/tutorial_objectstorage.py
[2024-04-02T02:08:31.048+0000] {processor.py:830} INFO - Processing file /home/airflow/.local/lib/python3.8/site-packages/airflow/example_dags/tutorial_objectstorage.py for tasks to queue
[2024-04-02T02:08:31.051+0000] {logging_mixin.py:188} INFO - [2024-04-02T02:08:31.051+0000] {dagbag.py:540} INFO - Filling up the DagBag from /home/airflow/.local/lib/python3.8/site-packages/airflow/example_dags/tutorial_objectstorage.py
[2024-04-02T02:08:31.063+0000] {processor.py:840} INFO - DAG(s) 'tutorial_objectstorage' retrieved from /home/airflow/.local/lib/python3.8/site-packages/airflow/example_dags/tutorial_objectstorage.py
[2024-04-02T02:08:31.107+0000] {logging_mixin.py:188} INFO - [2024-04-02T02:08:31.107+0000] {dag.py:3047} INFO - Sync 1 DAGs
[2024-04-02T02:08:31.135+0000] {logging_mixin.py:188} INFO - [2024-04-02T02:08:31.134+0000] {dag.py:3834} INFO - Setting next_dagrun for tutorial_objectstorage to None, run_after=None
[2024-04-02T02:08:31.183+0000] {processor.py:183} INFO - Processing /home/airflow/.local/lib/python3.8/site-packages/airflow/example_dags/tutorial_objectstorage.py took 0.143 seconds
[2024-04-02T02:09:01.689+0000] {processor.py:161} INFO - Started process (PID=281) to work on /home/airflow/.local/lib/python3.8/site-packages/airflow/example_dags/tutorial_objectstorage.py
[2024-04-02T02:09:01.691+0000] {processor.py:830} INFO - Processing file /home/airflow/.local/lib/python3.8/site-packages/airflow/example_dags/tutorial_objectstorage.py for tasks to queue
[2024-04-02T02:09:01.694+0000] {logging_mixin.py:188} INFO - [2024-04-02T02:09:01.693+0000] {dagbag.py:540} INFO - Filling up the DagBag from /home/airflow/.local/lib/python3.8/site-packages/airflow/example_dags/tutorial_objectstorage.py
[2024-04-02T02:09:01.705+0000] {processor.py:840} INFO - DAG(s) 'tutorial_objectstorage' retrieved from /home/airflow/.local/lib/python3.8/site-packages/airflow/example_dags/tutorial_objectstorage.py
[2024-04-02T02:09:01.743+0000] {logging_mixin.py:188} INFO - [2024-04-02T02:09:01.742+0000] {dag.py:3047} INFO - Sync 1 DAGs
[2024-04-02T02:09:01.765+0000] {logging_mixin.py:188} INFO - [2024-04-02T02:09:01.765+0000] {dag.py:3834} INFO - Setting next_dagrun for tutorial_objectstorage to None, run_after=None
[2024-04-02T02:09:01.810+0000] {processor.py:183} INFO - Processing /home/airflow/.local/lib/python3.8/site-packages/airflow/example_dags/tutorial_objectstorage.py took 0.127 seconds
[2024-04-02T02:09:32.407+0000] {processor.py:161} INFO - Started process (PID=337) to work on /home/airflow/.local/lib/python3.8/site-packages/airflow/example_dags/tutorial_objectstorage.py
[2024-04-02T02:09:32.409+0000] {processor.py:830} INFO - Processing file /home/airflow/.local/lib/python3.8/site-packages/airflow/example_dags/tutorial_objectstorage.py for tasks to queue
[2024-04-02T02:09:32.412+0000] {logging_mixin.py:188} INFO - [2024-04-02T02:09:32.412+0000] {dagbag.py:540} INFO - Filling up the DagBag from /home/airflow/.local/lib/python3.8/site-packages/airflow/example_dags/tutorial_objectstorage.py
[2024-04-02T02:09:32.425+0000] {processor.py:840} INFO - DAG(s) 'tutorial_objectstorage' retrieved from /home/airflow/.local/lib/python3.8/site-packages/airflow/example_dags/tutorial_objectstorage.py
[2024-04-02T02:09:32.462+0000] {logging_mixin.py:188} INFO - [2024-04-02T02:09:32.462+0000] {dag.py:3047} INFO - Sync 1 DAGs
[2024-04-02T02:09:32.491+0000] {logging_mixin.py:188} INFO - [2024-04-02T02:09:32.490+0000] {dag.py:3834} INFO - Setting next_dagrun for tutorial_objectstorage to None, run_after=None
[2024-04-02T02:09:32.545+0000] {processor.py:183} INFO - Processing /home/airflow/.local/lib/python3.8/site-packages/airflow/example_dags/tutorial_objectstorage.py took 0.143 seconds
[2024-04-02T02:12:11.056+0000] {processor.py:161} INFO - Started process (PID=55) to work on /home/airflow/.local/lib/python3.8/site-packages/airflow/example_dags/tutorial_objectstorage.py
[2024-04-02T02:12:11.058+0000] {processor.py:830} INFO - Processing file /home/airflow/.local/lib/python3.8/site-packages/airflow/example_dags/tutorial_objectstorage.py for tasks to queue
[2024-04-02T02:12:11.062+0000] {logging_mixin.py:188} INFO - [2024-04-02T02:12:11.061+0000] {dagbag.py:540} INFO - Filling up the DagBag from /home/airflow/.local/lib/python3.8/site-packages/airflow/example_dags/tutorial_objectstorage.py
[2024-04-02T02:12:11.087+0000] {processor.py:840} INFO - DAG(s) 'tutorial_objectstorage' retrieved from /home/airflow/.local/lib/python3.8/site-packages/airflow/example_dags/tutorial_objectstorage.py
[2024-04-02T02:12:11.451+0000] {logging_mixin.py:188} INFO - [2024-04-02T02:12:11.449+0000] {override.py:1769} INFO - Created Permission View: can read on DAG:tutorial_objectstorage
[2024-04-02T02:12:11.483+0000] {logging_mixin.py:188} INFO - [2024-04-02T02:12:11.482+0000] {override.py:1769} INFO - Created Permission View: can delete on DAG:tutorial_objectstorage
[2024-04-02T02:12:11.506+0000] {logging_mixin.py:188} INFO - [2024-04-02T02:12:11.506+0000] {override.py:1769} INFO - Created Permission View: can edit on DAG:tutorial_objectstorage
[2024-04-02T02:12:11.508+0000] {logging_mixin.py:188} INFO - [2024-04-02T02:12:11.507+0000] {dag.py:3047} INFO - Sync 1 DAGs
[2024-04-02T02:12:11.536+0000] {logging_mixin.py:188} INFO - [2024-04-02T02:12:11.536+0000] {dag.py:3069} INFO - Creating ORM DAG for tutorial_objectstorage
[2024-04-02T02:12:11.539+0000] {logging_mixin.py:188} INFO - [2024-04-02T02:12:11.538+0000] {dag.py:3834} INFO - Setting next_dagrun for tutorial_objectstorage to None, run_after=None
[2024-04-02T02:12:11.585+0000] {processor.py:183} INFO - Processing /home/airflow/.local/lib/python3.8/site-packages/airflow/example_dags/tutorial_objectstorage.py took 0.535 seconds
[2024-04-02T02:12:41.659+0000] {processor.py:161} INFO - Started process (PID=110) to work on /home/airflow/.local/lib/python3.8/site-packages/airflow/example_dags/tutorial_objectstorage.py
[2024-04-02T02:12:41.661+0000] {processor.py:830} INFO - Processing file /home/airflow/.local/lib/python3.8/site-packages/airflow/example_dags/tutorial_objectstorage.py for tasks to queue
[2024-04-02T02:12:41.664+0000] {logging_mixin.py:188} INFO - [2024-04-02T02:12:41.663+0000] {dagbag.py:540} INFO - Filling up the DagBag from /home/airflow/.local/lib/python3.8/site-packages/airflow/example_dags/tutorial_objectstorage.py
[2024-04-02T02:12:41.674+0000] {processor.py:840} INFO - DAG(s) 'tutorial_objectstorage' retrieved from /home/airflow/.local/lib/python3.8/site-packages/airflow/example_dags/tutorial_objectstorage.py
[2024-04-02T02:12:41.699+0000] {logging_mixin.py:188} INFO - [2024-04-02T02:12:41.698+0000] {dag.py:3047} INFO - Sync 1 DAGs
[2024-04-02T02:12:41.724+0000] {logging_mixin.py:188} INFO - [2024-04-02T02:12:41.724+0000] {dag.py:3834} INFO - Setting next_dagrun for tutorial_objectstorage to None, run_after=None
[2024-04-02T02:12:41.762+0000] {processor.py:183} INFO - Processing /home/airflow/.local/lib/python3.8/site-packages/airflow/example_dags/tutorial_objectstorage.py took 0.108 seconds
[2024-04-02T02:13:12.134+0000] {processor.py:161} INFO - Started process (PID=165) to work on /home/airflow/.local/lib/python3.8/site-packages/airflow/example_dags/tutorial_objectstorage.py
[2024-04-02T02:13:12.135+0000] {processor.py:830} INFO - Processing file /home/airflow/.local/lib/python3.8/site-packages/airflow/example_dags/tutorial_objectstorage.py for tasks to queue
[2024-04-02T02:13:12.138+0000] {logging_mixin.py:188} INFO - [2024-04-02T02:13:12.137+0000] {dagbag.py:540} INFO - Filling up the DagBag from /home/airflow/.local/lib/python3.8/site-packages/airflow/example_dags/tutorial_objectstorage.py
[2024-04-02T02:13:12.147+0000] {processor.py:840} INFO - DAG(s) 'tutorial_objectstorage' retrieved from /home/airflow/.local/lib/python3.8/site-packages/airflow/example_dags/tutorial_objectstorage.py
[2024-04-02T02:13:12.337+0000] {logging_mixin.py:188} INFO - [2024-04-02T02:13:12.337+0000] {dag.py:3047} INFO - Sync 1 DAGs
[2024-04-02T02:13:12.357+0000] {logging_mixin.py:188} INFO - [2024-04-02T02:13:12.357+0000] {dag.py:3834} INFO - Setting next_dagrun for tutorial_objectstorage to None, run_after=None
[2024-04-02T02:13:12.396+0000] {processor.py:183} INFO - Processing /home/airflow/.local/lib/python3.8/site-packages/airflow/example_dags/tutorial_objectstorage.py took 0.267 seconds
[2024-04-02T02:13:42.599+0000] {processor.py:161} INFO - Started process (PID=220) to work on /home/airflow/.local/lib/python3.8/site-packages/airflow/example_dags/tutorial_objectstorage.py
[2024-04-02T02:13:42.602+0000] {processor.py:830} INFO - Processing file /home/airflow/.local/lib/python3.8/site-packages/airflow/example_dags/tutorial_objectstorage.py for tasks to queue
[2024-04-02T02:13:42.606+0000] {logging_mixin.py:188} INFO - [2024-04-02T02:13:42.605+0000] {dagbag.py:540} INFO - Filling up the DagBag from /home/airflow/.local/lib/python3.8/site-packages/airflow/example_dags/tutorial_objectstorage.py
[2024-04-02T02:13:42.617+0000] {processor.py:840} INFO - DAG(s) 'tutorial_objectstorage' retrieved from /home/airflow/.local/lib/python3.8/site-packages/airflow/example_dags/tutorial_objectstorage.py
[2024-04-02T02:13:42.670+0000] {logging_mixin.py:188} INFO - [2024-04-02T02:13:42.669+0000] {dag.py:3047} INFO - Sync 1 DAGs
[2024-04-02T02:13:42.697+0000] {logging_mixin.py:188} INFO - [2024-04-02T02:13:42.696+0000] {dag.py:3834} INFO - Setting next_dagrun for tutorial_objectstorage to None, run_after=None
[2024-04-02T02:13:42.744+0000] {processor.py:183} INFO - Processing /home/airflow/.local/lib/python3.8/site-packages/airflow/example_dags/tutorial_objectstorage.py took 0.150 seconds
