[2024-04-15T12:05:37.904+0000] {taskinstance.py:1979} INFO - Dependencies all met for dep_context=non-requeueable deps ti=<TaskInstance: extracting_files.combine_files scheduled__2024-04-07T00:00:00+00:00 [queued]>
[2024-04-15T12:05:37.913+0000] {taskinstance.py:1979} INFO - Dependencies all met for dep_context=requeueable deps ti=<TaskInstance: extracting_files.combine_files scheduled__2024-04-07T00:00:00+00:00 [queued]>
[2024-04-15T12:05:37.914+0000] {taskinstance.py:2193} INFO - Starting attempt 2 of 4
[2024-04-15T12:05:37.926+0000] {taskinstance.py:2217} INFO - Executing <Task(BashOperator): combine_files> on 2024-04-07 00:00:00+00:00
[2024-04-15T12:05:37.932+0000] {standard_task_runner.py:60} INFO - Started process 430 to run task
[2024-04-15T12:05:37.934+0000] {standard_task_runner.py:87} INFO - Running: ['***', 'tasks', 'run', 'extracting_files', 'combine_files', 'scheduled__2024-04-07T00:00:00+00:00', '--job-id', '1626', '--raw', '--subdir', 'DAGS_FOLDER/files_extraction.py', '--cfg-path', '/tmp/tmpd7by3mf3']
[2024-04-15T12:05:37.936+0000] {standard_task_runner.py:88} INFO - Job 1626: Subtask combine_files
[2024-04-15T12:05:37.978+0000] {task_command.py:423} INFO - Running <TaskInstance: extracting_files.combine_files scheduled__2024-04-07T00:00:00+00:00 [running]> on host fdd3cfdf3f53
[2024-04-15T12:05:38.037+0000] {taskinstance.py:2513} INFO - Exporting env vars: AIRFLOW_CTX_DAG_OWNER='***' AIRFLOW_CTX_DAG_ID='extracting_files' AIRFLOW_CTX_TASK_ID='combine_files' AIRFLOW_CTX_EXECUTION_DATE='2024-04-07T00:00:00+00:00' AIRFLOW_CTX_TRY_NUMBER='2' AIRFLOW_CTX_DAG_RUN_ID='scheduled__2024-04-07T00:00:00+00:00'
[2024-04-15T12:05:38.038+0000] {subprocess.py:63} INFO - Tmp dir root location: /tmp
[2024-04-15T12:05:38.039+0000] {subprocess.py:75} INFO - Running command: ['/usr/bin/bash', '-c', 'cat ../destination/csv_data.csv ../destination/tsv_data.csv ../destination/txt_data.csv > ../destination/combined_data.csv']
[2024-04-15T12:05:38.052+0000] {subprocess.py:86} INFO - Output:
[2024-04-15T12:05:38.054+0000] {subprocess.py:93} INFO - /usr/bin/bash: line 1: ../destination/combined_data.csv: No such file or directory
[2024-04-15T12:05:38.054+0000] {subprocess.py:97} INFO - Command exited with return code 1
[2024-04-15T12:05:38.064+0000] {taskinstance.py:2731} ERROR - Task failed with exception
Traceback (most recent call last):
  File "/home/airflow/.local/lib/python3.8/site-packages/airflow/models/taskinstance.py", line 444, in _execute_task
    result = _execute_callable(context=context, **execute_callable_kwargs)
  File "/home/airflow/.local/lib/python3.8/site-packages/airflow/models/taskinstance.py", line 414, in _execute_callable
    return execute_callable(context=context, **execute_callable_kwargs)
  File "/home/airflow/.local/lib/python3.8/site-packages/airflow/operators/bash.py", line 212, in execute
    raise AirflowException(
airflow.exceptions.AirflowException: Bash command failed. The command returned a non-zero exit code 1.
[2024-04-15T12:05:38.070+0000] {taskinstance.py:1149} INFO - Marking task as UP_FOR_RETRY. dag_id=extracting_files, task_id=combine_files, execution_date=20240407T000000, start_date=20240415T120537, end_date=20240415T120538
[2024-04-15T12:05:38.083+0000] {standard_task_runner.py:107} ERROR - Failed to execute job 1626 for task combine_files (Bash command failed. The command returned a non-zero exit code 1.; 430)
[2024-04-15T12:05:38.107+0000] {local_task_job_runner.py:234} INFO - Task exited with return code 1
[2024-04-15T12:05:38.122+0000] {taskinstance.py:3312} INFO - 0 downstream tasks scheduled from follow-on schedule check
