[2024-04-02T23:57:54.738+0000] {taskinstance.py:1979} INFO - Dependencies all met for dep_context=non-requeueable deps ti=<TaskInstance: dagwithpostgres.read_data manual__2024-04-02T23:56:14.021757+00:00 [queued]>
[2024-04-02T23:57:54.758+0000] {taskinstance.py:1979} INFO - Dependencies all met for dep_context=requeueable deps ti=<TaskInstance: dagwithpostgres.read_data manual__2024-04-02T23:56:14.021757+00:00 [queued]>
[2024-04-02T23:57:54.760+0000] {taskinstance.py:2193} INFO - Starting attempt 1 of 4
[2024-04-02T23:57:54.794+0000] {taskinstance.py:2217} INFO - Executing <Task(PostgresOperator): read_data> on 2024-04-02 23:56:14.021757+00:00
[2024-04-02T23:57:54.803+0000] {standard_task_runner.py:60} INFO - Started process 1124 to run task
[2024-04-02T23:57:54.806+0000] {standard_task_runner.py:87} INFO - Running: ['***', 'tasks', 'run', 'dagwithpostgres', 'read_data', 'manual__2024-04-02T23:56:14.021757+00:00', '--job-id', '237', '--raw', '--subdir', 'DAGS_FOLDER/dagwithpostgres.py', '--cfg-path', '/tmp/tmpexs4v8rq']
[2024-04-02T23:57:54.808+0000] {standard_task_runner.py:88} INFO - Job 237: Subtask read_data
[2024-04-02T23:57:54.891+0000] {task_command.py:423} INFO - Running <TaskInstance: dagwithpostgres.read_data manual__2024-04-02T23:56:14.021757+00:00 [running]> on host 41da1b14e620
[2024-04-02T23:57:55.059+0000] {taskinstance.py:2513} INFO - Exporting env vars: AIRFLOW_CTX_DAG_OWNER='***' AIRFLOW_CTX_DAG_ID='dagwithpostgres' AIRFLOW_CTX_TASK_ID='read_data' AIRFLOW_CTX_EXECUTION_DATE='2024-04-02T23:56:14.021757+00:00' AIRFLOW_CTX_TRY_NUMBER='1' AIRFLOW_CTX_DAG_RUN_ID='manual__2024-04-02T23:56:14.021757+00:00'
[2024-04-02T23:57:55.061+0000] {sql.py:276} INFO - Executing: 
        SELECT * FROM dag_runs
        
[2024-04-02T23:57:55.082+0000] {base.py:83} INFO - Using connection ID 'postgress_localhost' for task execution.
[2024-04-02T23:57:55.105+0000] {base.py:83} INFO - Using connection ID 'postgress_localhost' for task execution.
[2024-04-02T23:57:55.135+0000] {sql.py:457} INFO - Running statement: 
        SELECT * FROM dag_runs
        , parameters: None
[2024-04-02T23:57:55.154+0000] {sql.py:466} INFO - Rows affected: 1
[2024-04-02T23:57:55.158+0000] {warnings.py:109} WARNING - /home/***/.local/lib/python3.8/site-packages/***/providers/common/sql/hooks/sql.py:407: AirflowProviderDeprecationWarning: Call to deprecated method _make_common_data_structure. (The `_make_serializable` method is deprecated and support will be removed in a future version of the common.sql provider. Please update the DbApiHook's provider to a version based on common.sql >= 1.9.1.)
  result = self._make_common_data_structure(handler(cur))

[2024-04-02T23:57:55.214+0000] {taskinstance.py:1149} INFO - Marking task as SUCCESS. dag_id=dagwithpostgres, task_id=read_data, execution_date=20240402T235614, start_date=20240402T235754, end_date=20240402T235755
[2024-04-02T23:57:55.265+0000] {local_task_job_runner.py:234} INFO - Task exited with return code 0
[2024-04-02T23:57:55.303+0000] {taskinstance.py:3312} INFO - 0 downstream tasks scheduled from follow-on schedule check
