[2024-04-15T12:25:08.223+0000] {taskinstance.py:1979} INFO - Dependencies all met for dep_context=non-requeueable deps ti=<TaskInstance: etl_data.combine_files manual__2024-04-15T12:10:39.762581+00:00 [queued]>
[2024-04-15T12:25:08.244+0000] {taskinstance.py:1979} INFO - Dependencies all met for dep_context=requeueable deps ti=<TaskInstance: etl_data.combine_files manual__2024-04-15T12:10:39.762581+00:00 [queued]>
[2024-04-15T12:25:08.245+0000] {taskinstance.py:2193} INFO - Starting attempt 3 of 4
[2024-04-15T12:25:08.267+0000] {taskinstance.py:2217} INFO - Executing <Task(BashOperator): combine_files> on 2024-04-15 12:10:39.762581+00:00
[2024-04-15T12:25:08.281+0000] {standard_task_runner.py:60} INFO - Started process 1048 to run task
[2024-04-15T12:25:08.285+0000] {standard_task_runner.py:87} INFO - Running: ['***', 'tasks', 'run', 'etl_data', 'combine_files', 'manual__2024-04-15T12:10:39.762581+00:00', '--job-id', '1734', '--raw', '--subdir', 'DAGS_FOLDER/etl_data.py', '--cfg-path', '/tmp/tmpiszfdse1']
[2024-04-15T12:25:08.289+0000] {standard_task_runner.py:88} INFO - Job 1734: Subtask combine_files
[2024-04-15T12:25:08.415+0000] {task_command.py:423} INFO - Running <TaskInstance: etl_data.combine_files manual__2024-04-15T12:10:39.762581+00:00 [running]> on host fdd3cfdf3f53
[2024-04-15T12:25:08.565+0000] {taskinstance.py:2513} INFO - Exporting env vars: AIRFLOW_CTX_DAG_OWNER='***' AIRFLOW_CTX_DAG_ID='etl_data' AIRFLOW_CTX_TASK_ID='combine_files' AIRFLOW_CTX_EXECUTION_DATE='2024-04-15T12:10:39.762581+00:00' AIRFLOW_CTX_TRY_NUMBER='3' AIRFLOW_CTX_DAG_RUN_ID='manual__2024-04-15T12:10:39.762581+00:00'
[2024-04-15T12:25:08.567+0000] {subprocess.py:63} INFO - Tmp dir root location: /tmp
[2024-04-15T12:25:08.570+0000] {subprocess.py:75} INFO - Running command: ['/usr/bin/bash', '-c', 'cat ../destination/csv_data.csv ../destination/tsv_data.csv ../destination/txt_data.csv > ../destination/combined_data.csv']
[2024-04-15T12:25:08.603+0000] {subprocess.py:86} INFO - Output:
[2024-04-15T12:25:08.619+0000] {subprocess.py:93} INFO - /usr/bin/bash: line 1: ../destination/combined_data.csv: No such file or directory
[2024-04-15T12:25:08.620+0000] {subprocess.py:97} INFO - Command exited with return code 1
[2024-04-15T12:25:08.644+0000] {taskinstance.py:2731} ERROR - Task failed with exception
Traceback (most recent call last):
  File "/home/airflow/.local/lib/python3.8/site-packages/airflow/models/taskinstance.py", line 444, in _execute_task
    result = _execute_callable(context=context, **execute_callable_kwargs)
  File "/home/airflow/.local/lib/python3.8/site-packages/airflow/models/taskinstance.py", line 414, in _execute_callable
    return execute_callable(context=context, **execute_callable_kwargs)
  File "/home/airflow/.local/lib/python3.8/site-packages/airflow/operators/bash.py", line 212, in execute
    raise AirflowException(
airflow.exceptions.AirflowException: Bash command failed. The command returned a non-zero exit code 1.
[2024-04-15T12:25:08.652+0000] {taskinstance.py:1149} INFO - Marking task as UP_FOR_RETRY. dag_id=etl_data, task_id=combine_files, execution_date=20240415T121039, start_date=20240415T122508, end_date=20240415T122508
[2024-04-15T12:25:09.610+0000] {standard_task_runner.py:107} ERROR - Failed to execute job 1734 for task combine_files (Bash command failed. The command returned a non-zero exit code 1.; 1048)
[2024-04-15T12:25:09.648+0000] {local_task_job_runner.py:234} INFO - Task exited with return code 1
[2024-04-15T12:25:09.694+0000] {taskinstance.py:3312} INFO - 0 downstream tasks scheduled from follow-on schedule check
