[2024-04-15T12:30:09.546+0000] {taskinstance.py:1979} INFO - Dependencies all met for dep_context=non-requeueable deps ti=<TaskInstance: etl_data.combine_files manual__2024-04-15T12:10:39.762581+00:00 [queued]>
[2024-04-15T12:30:09.566+0000] {taskinstance.py:1979} INFO - Dependencies all met for dep_context=requeueable deps ti=<TaskInstance: etl_data.combine_files manual__2024-04-15T12:10:39.762581+00:00 [queued]>
[2024-04-15T12:30:09.567+0000] {taskinstance.py:2193} INFO - Starting attempt 4 of 4
[2024-04-15T12:30:09.592+0000] {taskinstance.py:2217} INFO - Executing <Task(BashOperator): combine_files> on 2024-04-15 12:10:39.762581+00:00
[2024-04-15T12:30:09.607+0000] {standard_task_runner.py:60} INFO - Started process 1234 to run task
[2024-04-15T12:30:09.613+0000] {standard_task_runner.py:87} INFO - Running: ['***', 'tasks', 'run', 'etl_data', 'combine_files', 'manual__2024-04-15T12:10:39.762581+00:00', '--job-id', '1765', '--raw', '--subdir', 'DAGS_FOLDER/etl_data.py', '--cfg-path', '/tmp/tmpin9fp8_v']
[2024-04-15T12:30:09.627+0000] {standard_task_runner.py:88} INFO - Job 1765: Subtask combine_files
[2024-04-15T12:30:09.702+0000] {task_command.py:423} INFO - Running <TaskInstance: etl_data.combine_files manual__2024-04-15T12:10:39.762581+00:00 [running]> on host fdd3cfdf3f53
[2024-04-15T12:30:09.789+0000] {taskinstance.py:2513} INFO - Exporting env vars: AIRFLOW_CTX_DAG_OWNER='***' AIRFLOW_CTX_DAG_ID='etl_data' AIRFLOW_CTX_TASK_ID='combine_files' AIRFLOW_CTX_EXECUTION_DATE='2024-04-15T12:10:39.762581+00:00' AIRFLOW_CTX_TRY_NUMBER='4' AIRFLOW_CTX_DAG_RUN_ID='manual__2024-04-15T12:10:39.762581+00:00'
[2024-04-15T12:30:09.791+0000] {subprocess.py:63} INFO - Tmp dir root location: /tmp
[2024-04-15T12:30:09.793+0000] {subprocess.py:75} INFO - Running command: ['/usr/bin/bash', '-c', 'cat ../destination/csv_data.csv ../destination/tsv_data.csv ../destination/txt_data.csv > ../destination/combined_data.csv']
[2024-04-15T12:30:09.818+0000] {subprocess.py:86} INFO - Output:
[2024-04-15T12:30:09.822+0000] {subprocess.py:93} INFO - /usr/bin/bash: line 1: ../destination/combined_data.csv: No such file or directory
[2024-04-15T12:30:09.823+0000] {subprocess.py:97} INFO - Command exited with return code 1
[2024-04-15T12:30:09.849+0000] {taskinstance.py:2731} ERROR - Task failed with exception
Traceback (most recent call last):
  File "/home/airflow/.local/lib/python3.8/site-packages/airflow/models/taskinstance.py", line 444, in _execute_task
    result = _execute_callable(context=context, **execute_callable_kwargs)
  File "/home/airflow/.local/lib/python3.8/site-packages/airflow/models/taskinstance.py", line 414, in _execute_callable
    return execute_callable(context=context, **execute_callable_kwargs)
  File "/home/airflow/.local/lib/python3.8/site-packages/airflow/operators/bash.py", line 212, in execute
    raise AirflowException(
airflow.exceptions.AirflowException: Bash command failed. The command returned a non-zero exit code 1.
[2024-04-15T12:30:09.857+0000] {taskinstance.py:1149} INFO - Marking task as FAILED. dag_id=etl_data, task_id=combine_files, execution_date=20240415T121039, start_date=20240415T123009, end_date=20240415T123009
[2024-04-15T12:30:10.244+0000] {standard_task_runner.py:107} ERROR - Failed to execute job 1765 for task combine_files (Bash command failed. The command returned a non-zero exit code 1.; 1234)
[2024-04-15T12:30:10.280+0000] {local_task_job_runner.py:234} INFO - Task exited with return code 1
[2024-04-15T12:30:10.308+0000] {taskinstance.py:3312} INFO - 0 downstream tasks scheduled from follow-on schedule check
