[2024-04-04T18:05:40.749+0000] {processor.py:161} INFO - Started process (PID=46) to work on /opt/airflow/dags/dag_catchup_backfil.py
[2024-04-04T18:05:40.750+0000] {processor.py:830} INFO - Processing file /opt/airflow/dags/dag_catchup_backfil.py for tasks to queue
[2024-04-04T18:05:40.751+0000] {logging_mixin.py:188} INFO - [2024-04-04T18:05:40.751+0000] {dagbag.py:540} INFO - Filling up the DagBag from /opt/airflow/dags/dag_catchup_backfil.py
[2024-04-04T18:05:40.771+0000] {processor.py:840} INFO - DAG(s) 'first_catchupbackfill' retrieved from /opt/airflow/dags/dag_catchup_backfil.py
[2024-04-04T18:05:40.791+0000] {logging_mixin.py:188} INFO - [2024-04-04T18:05:40.790+0000] {dag.py:3047} INFO - Sync 1 DAGs
[2024-04-04T18:05:40.810+0000] {logging_mixin.py:188} INFO - [2024-04-04T18:05:40.809+0000] {dag.py:3834} INFO - Setting next_dagrun for first_catchupbackfill to 2024-04-02 00:00:00+00:00, run_after=2024-04-03 00:00:00+00:00
[2024-04-04T18:05:40.830+0000] {processor.py:183} INFO - Processing /opt/airflow/dags/dag_catchup_backfil.py took 0.084 seconds
[2024-04-04T18:06:11.556+0000] {processor.py:161} INFO - Started process (PID=60) to work on /opt/airflow/dags/dag_catchup_backfil.py
[2024-04-04T18:06:11.558+0000] {processor.py:830} INFO - Processing file /opt/airflow/dags/dag_catchup_backfil.py for tasks to queue
[2024-04-04T18:06:11.559+0000] {logging_mixin.py:188} INFO - [2024-04-04T18:06:11.559+0000] {dagbag.py:540} INFO - Filling up the DagBag from /opt/airflow/dags/dag_catchup_backfil.py
[2024-04-04T18:06:11.576+0000] {processor.py:840} INFO - DAG(s) 'first_catchupbackfill' retrieved from /opt/airflow/dags/dag_catchup_backfil.py
[2024-04-04T18:06:11.593+0000] {logging_mixin.py:188} INFO - [2024-04-04T18:06:11.593+0000] {dag.py:3047} INFO - Sync 1 DAGs
[2024-04-04T18:06:11.613+0000] {logging_mixin.py:188} INFO - [2024-04-04T18:06:11.612+0000] {dag.py:3834} INFO - Setting next_dagrun for first_catchupbackfill to 2024-04-02 00:00:00+00:00, run_after=2024-04-03 00:00:00+00:00
[2024-04-04T18:06:11.628+0000] {processor.py:183} INFO - Processing /opt/airflow/dags/dag_catchup_backfil.py took 0.075 seconds
[2024-04-04T18:06:42.368+0000] {processor.py:161} INFO - Started process (PID=74) to work on /opt/airflow/dags/dag_catchup_backfil.py
[2024-04-04T18:06:42.369+0000] {processor.py:830} INFO - Processing file /opt/airflow/dags/dag_catchup_backfil.py for tasks to queue
[2024-04-04T18:06:42.370+0000] {logging_mixin.py:188} INFO - [2024-04-04T18:06:42.370+0000] {dagbag.py:540} INFO - Filling up the DagBag from /opt/airflow/dags/dag_catchup_backfil.py
[2024-04-04T18:06:42.386+0000] {processor.py:840} INFO - DAG(s) 'first_catchupbackfill' retrieved from /opt/airflow/dags/dag_catchup_backfil.py
[2024-04-04T18:06:42.406+0000] {logging_mixin.py:188} INFO - [2024-04-04T18:06:42.405+0000] {dag.py:3047} INFO - Sync 1 DAGs
[2024-04-04T18:06:42.431+0000] {logging_mixin.py:188} INFO - [2024-04-04T18:06:42.431+0000] {dag.py:3834} INFO - Setting next_dagrun for first_catchupbackfill to 2024-04-02 00:00:00+00:00, run_after=2024-04-03 00:00:00+00:00
[2024-04-04T18:06:42.454+0000] {processor.py:183} INFO - Processing /opt/airflow/dags/dag_catchup_backfil.py took 0.090 seconds
[2024-04-04T18:07:13.145+0000] {processor.py:161} INFO - Started process (PID=104) to work on /opt/airflow/dags/dag_catchup_backfil.py
[2024-04-04T18:07:13.146+0000] {processor.py:830} INFO - Processing file /opt/airflow/dags/dag_catchup_backfil.py for tasks to queue
[2024-04-04T18:07:13.148+0000] {logging_mixin.py:188} INFO - [2024-04-04T18:07:13.148+0000] {dagbag.py:540} INFO - Filling up the DagBag from /opt/airflow/dags/dag_catchup_backfil.py
[2024-04-04T18:07:13.164+0000] {processor.py:840} INFO - DAG(s) 'first_catchupbackfill' retrieved from /opt/airflow/dags/dag_catchup_backfil.py
[2024-04-04T18:07:13.182+0000] {logging_mixin.py:188} INFO - [2024-04-04T18:07:13.182+0000] {dag.py:3047} INFO - Sync 1 DAGs
[2024-04-04T18:07:13.202+0000] {logging_mixin.py:188} INFO - [2024-04-04T18:07:13.202+0000] {dag.py:3834} INFO - Setting next_dagrun for first_catchupbackfill to 2024-04-02 00:00:00+00:00, run_after=2024-04-03 00:00:00+00:00
[2024-04-04T18:07:13.220+0000] {processor.py:183} INFO - Processing /opt/airflow/dags/dag_catchup_backfil.py took 0.077 seconds
[2024-04-04T18:07:43.841+0000] {processor.py:161} INFO - Started process (PID=118) to work on /opt/airflow/dags/dag_catchup_backfil.py
[2024-04-04T18:07:43.842+0000] {processor.py:830} INFO - Processing file /opt/airflow/dags/dag_catchup_backfil.py for tasks to queue
[2024-04-04T18:07:43.843+0000] {logging_mixin.py:188} INFO - [2024-04-04T18:07:43.843+0000] {dagbag.py:540} INFO - Filling up the DagBag from /opt/airflow/dags/dag_catchup_backfil.py
[2024-04-04T18:07:43.859+0000] {processor.py:840} INFO - DAG(s) 'first_catchupbackfill' retrieved from /opt/airflow/dags/dag_catchup_backfil.py
[2024-04-04T18:07:43.877+0000] {logging_mixin.py:188} INFO - [2024-04-04T18:07:43.877+0000] {dag.py:3047} INFO - Sync 1 DAGs
[2024-04-04T18:07:43.895+0000] {logging_mixin.py:188} INFO - [2024-04-04T18:07:43.895+0000] {dag.py:3834} INFO - Setting next_dagrun for first_catchupbackfill to 2024-04-02 00:00:00+00:00, run_after=2024-04-03 00:00:00+00:00
[2024-04-04T18:07:43.910+0000] {processor.py:183} INFO - Processing /opt/airflow/dags/dag_catchup_backfil.py took 0.072 seconds
[2024-04-04T18:08:14.630+0000] {processor.py:161} INFO - Started process (PID=132) to work on /opt/airflow/dags/dag_catchup_backfil.py
[2024-04-04T18:08:14.631+0000] {processor.py:830} INFO - Processing file /opt/airflow/dags/dag_catchup_backfil.py for tasks to queue
[2024-04-04T18:08:14.633+0000] {logging_mixin.py:188} INFO - [2024-04-04T18:08:14.633+0000] {dagbag.py:540} INFO - Filling up the DagBag from /opt/airflow/dags/dag_catchup_backfil.py
[2024-04-04T18:08:14.651+0000] {processor.py:840} INFO - DAG(s) 'first_catchupbackfill' retrieved from /opt/airflow/dags/dag_catchup_backfil.py
[2024-04-04T18:08:14.670+0000] {logging_mixin.py:188} INFO - [2024-04-04T18:08:14.670+0000] {dag.py:3047} INFO - Sync 1 DAGs
[2024-04-04T18:08:14.694+0000] {logging_mixin.py:188} INFO - [2024-04-04T18:08:14.694+0000] {dag.py:3834} INFO - Setting next_dagrun for first_catchupbackfill to 2024-04-02 00:00:00+00:00, run_after=2024-04-03 00:00:00+00:00
[2024-04-04T18:08:14.712+0000] {processor.py:183} INFO - Processing /opt/airflow/dags/dag_catchup_backfil.py took 0.086 seconds
[2024-04-04T18:08:45.542+0000] {processor.py:161} INFO - Started process (PID=146) to work on /opt/airflow/dags/dag_catchup_backfil.py
[2024-04-04T18:08:45.544+0000] {processor.py:830} INFO - Processing file /opt/airflow/dags/dag_catchup_backfil.py for tasks to queue
[2024-04-04T18:08:45.547+0000] {logging_mixin.py:188} INFO - [2024-04-04T18:08:45.546+0000] {dagbag.py:540} INFO - Filling up the DagBag from /opt/airflow/dags/dag_catchup_backfil.py
[2024-04-04T18:08:45.567+0000] {processor.py:840} INFO - DAG(s) 'first_catchupbackfill' retrieved from /opt/airflow/dags/dag_catchup_backfil.py
[2024-04-04T18:08:45.590+0000] {logging_mixin.py:188} INFO - [2024-04-04T18:08:45.589+0000] {dag.py:3047} INFO - Sync 1 DAGs
[2024-04-04T18:08:45.614+0000] {logging_mixin.py:188} INFO - [2024-04-04T18:08:45.614+0000] {dag.py:3834} INFO - Setting next_dagrun for first_catchupbackfill to 2024-04-02 00:00:00+00:00, run_after=2024-04-03 00:00:00+00:00
[2024-04-04T18:08:45.636+0000] {processor.py:183} INFO - Processing /opt/airflow/dags/dag_catchup_backfil.py took 0.097 seconds
[2024-04-04T18:09:16.314+0000] {processor.py:161} INFO - Started process (PID=172) to work on /opt/airflow/dags/dag_catchup_backfil.py
[2024-04-04T18:09:16.315+0000] {processor.py:830} INFO - Processing file /opt/airflow/dags/dag_catchup_backfil.py for tasks to queue
[2024-04-04T18:09:16.317+0000] {logging_mixin.py:188} INFO - [2024-04-04T18:09:16.316+0000] {dagbag.py:540} INFO - Filling up the DagBag from /opt/airflow/dags/dag_catchup_backfil.py
[2024-04-04T18:09:16.333+0000] {processor.py:840} INFO - DAG(s) 'first_catchupbackfill' retrieved from /opt/airflow/dags/dag_catchup_backfil.py
[2024-04-04T18:09:16.353+0000] {logging_mixin.py:188} INFO - [2024-04-04T18:09:16.353+0000] {dag.py:3047} INFO - Sync 1 DAGs
[2024-04-04T18:09:16.373+0000] {logging_mixin.py:188} INFO - [2024-04-04T18:09:16.372+0000] {dag.py:3834} INFO - Setting next_dagrun for first_catchupbackfill to 2024-04-02 00:00:00+00:00, run_after=2024-04-03 00:00:00+00:00
[2024-04-04T18:09:16.391+0000] {processor.py:183} INFO - Processing /opt/airflow/dags/dag_catchup_backfil.py took 0.079 seconds
[2024-04-04T18:09:47.023+0000] {processor.py:161} INFO - Started process (PID=186) to work on /opt/airflow/dags/dag_catchup_backfil.py
[2024-04-04T18:09:47.025+0000] {processor.py:830} INFO - Processing file /opt/airflow/dags/dag_catchup_backfil.py for tasks to queue
[2024-04-04T18:09:47.026+0000] {logging_mixin.py:188} INFO - [2024-04-04T18:09:47.026+0000] {dagbag.py:540} INFO - Filling up the DagBag from /opt/airflow/dags/dag_catchup_backfil.py
[2024-04-04T18:09:47.041+0000] {processor.py:840} INFO - DAG(s) 'first_catchupbackfill' retrieved from /opt/airflow/dags/dag_catchup_backfil.py
[2024-04-04T18:09:47.059+0000] {logging_mixin.py:188} INFO - [2024-04-04T18:09:47.059+0000] {dag.py:3047} INFO - Sync 1 DAGs
[2024-04-04T18:09:47.078+0000] {logging_mixin.py:188} INFO - [2024-04-04T18:09:47.077+0000] {dag.py:3834} INFO - Setting next_dagrun for first_catchupbackfill to 2024-04-02 00:00:00+00:00, run_after=2024-04-03 00:00:00+00:00
[2024-04-04T18:09:47.094+0000] {processor.py:183} INFO - Processing /opt/airflow/dags/dag_catchup_backfil.py took 0.073 seconds
[2024-04-04T18:10:17.786+0000] {processor.py:161} INFO - Started process (PID=200) to work on /opt/airflow/dags/dag_catchup_backfil.py
[2024-04-04T18:10:17.787+0000] {processor.py:830} INFO - Processing file /opt/airflow/dags/dag_catchup_backfil.py for tasks to queue
[2024-04-04T18:10:17.789+0000] {logging_mixin.py:188} INFO - [2024-04-04T18:10:17.788+0000] {dagbag.py:540} INFO - Filling up the DagBag from /opt/airflow/dags/dag_catchup_backfil.py
[2024-04-04T18:10:17.803+0000] {processor.py:840} INFO - DAG(s) 'first_catchupbackfill' retrieved from /opt/airflow/dags/dag_catchup_backfil.py
[2024-04-04T18:10:17.820+0000] {logging_mixin.py:188} INFO - [2024-04-04T18:10:17.819+0000] {dag.py:3047} INFO - Sync 1 DAGs
[2024-04-04T18:10:17.838+0000] {logging_mixin.py:188} INFO - [2024-04-04T18:10:17.838+0000] {dag.py:3834} INFO - Setting next_dagrun for first_catchupbackfill to 2024-04-02 00:00:00+00:00, run_after=2024-04-03 00:00:00+00:00
[2024-04-04T18:10:17.854+0000] {processor.py:183} INFO - Processing /opt/airflow/dags/dag_catchup_backfil.py took 0.070 seconds
[2024-04-04T18:10:48.550+0000] {processor.py:161} INFO - Started process (PID=214) to work on /opt/airflow/dags/dag_catchup_backfil.py
[2024-04-04T18:10:48.551+0000] {processor.py:830} INFO - Processing file /opt/airflow/dags/dag_catchup_backfil.py for tasks to queue
[2024-04-04T18:10:48.552+0000] {logging_mixin.py:188} INFO - [2024-04-04T18:10:48.552+0000] {dagbag.py:540} INFO - Filling up the DagBag from /opt/airflow/dags/dag_catchup_backfil.py
[2024-04-04T18:10:48.567+0000] {processor.py:840} INFO - DAG(s) 'first_catchupbackfill' retrieved from /opt/airflow/dags/dag_catchup_backfil.py
[2024-04-04T18:10:48.582+0000] {logging_mixin.py:188} INFO - [2024-04-04T18:10:48.582+0000] {dag.py:3047} INFO - Sync 1 DAGs
[2024-04-04T18:10:48.600+0000] {logging_mixin.py:188} INFO - [2024-04-04T18:10:48.600+0000] {dag.py:3834} INFO - Setting next_dagrun for first_catchupbackfill to 2024-04-02 00:00:00+00:00, run_after=2024-04-03 00:00:00+00:00
[2024-04-04T18:10:48.615+0000] {processor.py:183} INFO - Processing /opt/airflow/dags/dag_catchup_backfil.py took 0.067 seconds
[2024-04-04T18:11:19.266+0000] {processor.py:161} INFO - Started process (PID=228) to work on /opt/airflow/dags/dag_catchup_backfil.py
[2024-04-04T18:11:19.267+0000] {processor.py:830} INFO - Processing file /opt/airflow/dags/dag_catchup_backfil.py for tasks to queue
[2024-04-04T18:11:19.269+0000] {logging_mixin.py:188} INFO - [2024-04-04T18:11:19.269+0000] {dagbag.py:540} INFO - Filling up the DagBag from /opt/airflow/dags/dag_catchup_backfil.py
[2024-04-04T18:11:19.291+0000] {processor.py:840} INFO - DAG(s) 'first_catchupbackfill' retrieved from /opt/airflow/dags/dag_catchup_backfil.py
[2024-04-04T18:11:19.314+0000] {logging_mixin.py:188} INFO - [2024-04-04T18:11:19.314+0000] {dag.py:3047} INFO - Sync 1 DAGs
[2024-04-04T18:11:19.337+0000] {logging_mixin.py:188} INFO - [2024-04-04T18:11:19.337+0000] {dag.py:3834} INFO - Setting next_dagrun for first_catchupbackfill to 2024-04-02 00:00:00+00:00, run_after=2024-04-03 00:00:00+00:00
[2024-04-04T18:11:19.357+0000] {processor.py:183} INFO - Processing /opt/airflow/dags/dag_catchup_backfil.py took 0.094 seconds
[2024-04-04T18:11:50.233+0000] {processor.py:161} INFO - Started process (PID=242) to work on /opt/airflow/dags/dag_catchup_backfil.py
[2024-04-04T18:11:50.234+0000] {processor.py:830} INFO - Processing file /opt/airflow/dags/dag_catchup_backfil.py for tasks to queue
[2024-04-04T18:11:50.235+0000] {logging_mixin.py:188} INFO - [2024-04-04T18:11:50.235+0000] {dagbag.py:540} INFO - Filling up the DagBag from /opt/airflow/dags/dag_catchup_backfil.py
[2024-04-04T18:11:50.249+0000] {processor.py:840} INFO - DAG(s) 'first_catchupbackfill' retrieved from /opt/airflow/dags/dag_catchup_backfil.py
[2024-04-04T18:11:50.349+0000] {logging_mixin.py:188} INFO - [2024-04-04T18:11:50.349+0000] {dag.py:3047} INFO - Sync 1 DAGs
[2024-04-04T18:11:50.380+0000] {logging_mixin.py:188} INFO - [2024-04-04T18:11:50.380+0000] {dag.py:3834} INFO - Setting next_dagrun for first_catchupbackfill to 2024-04-02 00:00:00+00:00, run_after=2024-04-03 00:00:00+00:00
[2024-04-04T18:11:50.407+0000] {processor.py:183} INFO - Processing /opt/airflow/dags/dag_catchup_backfil.py took 0.176 seconds
[2024-04-04T18:12:21.221+0000] {processor.py:161} INFO - Started process (PID=256) to work on /opt/airflow/dags/dag_catchup_backfil.py
[2024-04-04T18:12:21.222+0000] {processor.py:830} INFO - Processing file /opt/airflow/dags/dag_catchup_backfil.py for tasks to queue
[2024-04-04T18:12:21.223+0000] {logging_mixin.py:188} INFO - [2024-04-04T18:12:21.223+0000] {dagbag.py:540} INFO - Filling up the DagBag from /opt/airflow/dags/dag_catchup_backfil.py
[2024-04-04T18:12:21.236+0000] {processor.py:840} INFO - DAG(s) 'first_catchupbackfill' retrieved from /opt/airflow/dags/dag_catchup_backfil.py
[2024-04-04T18:12:21.252+0000] {logging_mixin.py:188} INFO - [2024-04-04T18:12:21.252+0000] {dag.py:3047} INFO - Sync 1 DAGs
[2024-04-04T18:12:21.274+0000] {logging_mixin.py:188} INFO - [2024-04-04T18:12:21.273+0000] {dag.py:3834} INFO - Setting next_dagrun for first_catchupbackfill to 2024-04-02 00:00:00+00:00, run_after=2024-04-03 00:00:00+00:00
[2024-04-04T18:12:21.292+0000] {processor.py:183} INFO - Processing /opt/airflow/dags/dag_catchup_backfil.py took 0.073 seconds
[2024-04-04T18:12:51.900+0000] {processor.py:161} INFO - Started process (PID=270) to work on /opt/airflow/dags/dag_catchup_backfil.py
[2024-04-04T18:12:51.901+0000] {processor.py:830} INFO - Processing file /opt/airflow/dags/dag_catchup_backfil.py for tasks to queue
[2024-04-04T18:12:51.903+0000] {logging_mixin.py:188} INFO - [2024-04-04T18:12:51.903+0000] {dagbag.py:540} INFO - Filling up the DagBag from /opt/airflow/dags/dag_catchup_backfil.py
[2024-04-04T18:12:51.921+0000] {processor.py:840} INFO - DAG(s) 'first_catchupbackfill' retrieved from /opt/airflow/dags/dag_catchup_backfil.py
[2024-04-04T18:12:51.941+0000] {logging_mixin.py:188} INFO - [2024-04-04T18:12:51.941+0000] {dag.py:3047} INFO - Sync 1 DAGs
[2024-04-04T18:12:51.962+0000] {logging_mixin.py:188} INFO - [2024-04-04T18:12:51.962+0000] {dag.py:3834} INFO - Setting next_dagrun for first_catchupbackfill to 2024-04-02 00:00:00+00:00, run_after=2024-04-03 00:00:00+00:00
[2024-04-04T18:12:51.980+0000] {processor.py:183} INFO - Processing /opt/airflow/dags/dag_catchup_backfil.py took 0.083 seconds
[2024-04-04T18:13:22.586+0000] {processor.py:161} INFO - Started process (PID=288) to work on /opt/airflow/dags/dag_catchup_backfil.py
[2024-04-04T18:13:22.587+0000] {processor.py:830} INFO - Processing file /opt/airflow/dags/dag_catchup_backfil.py for tasks to queue
[2024-04-04T18:13:22.590+0000] {logging_mixin.py:188} INFO - [2024-04-04T18:13:22.590+0000] {dagbag.py:540} INFO - Filling up the DagBag from /opt/airflow/dags/dag_catchup_backfil.py
[2024-04-04T18:13:22.619+0000] {processor.py:840} INFO - DAG(s) 'first_catchupbackfill' retrieved from /opt/airflow/dags/dag_catchup_backfil.py
[2024-04-04T18:13:22.649+0000] {logging_mixin.py:188} INFO - [2024-04-04T18:13:22.649+0000] {dag.py:3047} INFO - Sync 1 DAGs
[2024-04-04T18:13:22.671+0000] {logging_mixin.py:188} INFO - [2024-04-04T18:13:22.671+0000] {dag.py:3834} INFO - Setting next_dagrun for first_catchupbackfill to 2024-04-02 00:00:00+00:00, run_after=2024-04-03 00:00:00+00:00
[2024-04-04T18:13:22.685+0000] {processor.py:183} INFO - Processing /opt/airflow/dags/dag_catchup_backfil.py took 0.102 seconds
[2024-04-04T18:13:53.257+0000] {processor.py:161} INFO - Started process (PID=302) to work on /opt/airflow/dags/dag_catchup_backfil.py
[2024-04-04T18:13:53.257+0000] {processor.py:830} INFO - Processing file /opt/airflow/dags/dag_catchup_backfil.py for tasks to queue
[2024-04-04T18:13:53.259+0000] {logging_mixin.py:188} INFO - [2024-04-04T18:13:53.258+0000] {dagbag.py:540} INFO - Filling up the DagBag from /opt/airflow/dags/dag_catchup_backfil.py
[2024-04-04T18:13:53.272+0000] {processor.py:840} INFO - DAG(s) 'first_catchupbackfill' retrieved from /opt/airflow/dags/dag_catchup_backfil.py
[2024-04-04T18:13:53.288+0000] {logging_mixin.py:188} INFO - [2024-04-04T18:13:53.288+0000] {dag.py:3047} INFO - Sync 1 DAGs
[2024-04-04T18:13:53.306+0000] {logging_mixin.py:188} INFO - [2024-04-04T18:13:53.305+0000] {dag.py:3834} INFO - Setting next_dagrun for first_catchupbackfill to 2024-04-02 00:00:00+00:00, run_after=2024-04-03 00:00:00+00:00
[2024-04-04T18:13:53.321+0000] {processor.py:183} INFO - Processing /opt/airflow/dags/dag_catchup_backfil.py took 0.066 seconds
[2024-04-04T18:14:23.939+0000] {processor.py:161} INFO - Started process (PID=316) to work on /opt/airflow/dags/dag_catchup_backfil.py
[2024-04-04T18:14:23.940+0000] {processor.py:830} INFO - Processing file /opt/airflow/dags/dag_catchup_backfil.py for tasks to queue
[2024-04-04T18:14:23.942+0000] {logging_mixin.py:188} INFO - [2024-04-04T18:14:23.941+0000] {dagbag.py:540} INFO - Filling up the DagBag from /opt/airflow/dags/dag_catchup_backfil.py
[2024-04-04T18:14:23.959+0000] {processor.py:840} INFO - DAG(s) 'first_catchupbackfill' retrieved from /opt/airflow/dags/dag_catchup_backfil.py
[2024-04-04T18:14:23.980+0000] {logging_mixin.py:188} INFO - [2024-04-04T18:14:23.979+0000] {dag.py:3047} INFO - Sync 1 DAGs
[2024-04-04T18:14:23.999+0000] {logging_mixin.py:188} INFO - [2024-04-04T18:14:23.999+0000] {dag.py:3834} INFO - Setting next_dagrun for first_catchupbackfill to 2024-04-02 00:00:00+00:00, run_after=2024-04-03 00:00:00+00:00
[2024-04-04T18:14:24.016+0000] {processor.py:183} INFO - Processing /opt/airflow/dags/dag_catchup_backfil.py took 0.079 seconds
[2024-04-04T18:14:54.549+0000] {processor.py:161} INFO - Started process (PID=330) to work on /opt/airflow/dags/dag_catchup_backfil.py
[2024-04-04T18:14:54.551+0000] {processor.py:830} INFO - Processing file /opt/airflow/dags/dag_catchup_backfil.py for tasks to queue
[2024-04-04T18:14:54.553+0000] {logging_mixin.py:188} INFO - [2024-04-04T18:14:54.553+0000] {dagbag.py:540} INFO - Filling up the DagBag from /opt/airflow/dags/dag_catchup_backfil.py
[2024-04-04T18:14:54.577+0000] {processor.py:840} INFO - DAG(s) 'first_catchupbackfill' retrieved from /opt/airflow/dags/dag_catchup_backfil.py
[2024-04-04T18:14:54.599+0000] {logging_mixin.py:188} INFO - [2024-04-04T18:14:54.599+0000] {dag.py:3047} INFO - Sync 1 DAGs
[2024-04-04T18:14:54.619+0000] {logging_mixin.py:188} INFO - [2024-04-04T18:14:54.619+0000] {dag.py:3834} INFO - Setting next_dagrun for first_catchupbackfill to 2024-04-02 00:00:00+00:00, run_after=2024-04-03 00:00:00+00:00
[2024-04-04T18:14:54.637+0000] {processor.py:183} INFO - Processing /opt/airflow/dags/dag_catchup_backfil.py took 0.091 seconds
[2024-04-04T18:15:25.182+0000] {processor.py:161} INFO - Started process (PID=344) to work on /opt/airflow/dags/dag_catchup_backfil.py
[2024-04-04T18:15:25.182+0000] {processor.py:830} INFO - Processing file /opt/airflow/dags/dag_catchup_backfil.py for tasks to queue
[2024-04-04T18:15:25.183+0000] {logging_mixin.py:188} INFO - [2024-04-04T18:15:25.183+0000] {dagbag.py:540} INFO - Filling up the DagBag from /opt/airflow/dags/dag_catchup_backfil.py
[2024-04-04T18:15:25.197+0000] {processor.py:840} INFO - DAG(s) 'first_catchupbackfill' retrieved from /opt/airflow/dags/dag_catchup_backfil.py
[2024-04-04T18:15:25.213+0000] {logging_mixin.py:188} INFO - [2024-04-04T18:15:25.213+0000] {dag.py:3047} INFO - Sync 1 DAGs
[2024-04-04T18:15:25.231+0000] {logging_mixin.py:188} INFO - [2024-04-04T18:15:25.230+0000] {dag.py:3834} INFO - Setting next_dagrun for first_catchupbackfill to 2024-04-02 00:00:00+00:00, run_after=2024-04-03 00:00:00+00:00
[2024-04-04T18:15:25.249+0000] {processor.py:183} INFO - Processing /opt/airflow/dags/dag_catchup_backfil.py took 0.069 seconds
[2024-04-04T18:15:55.839+0000] {processor.py:161} INFO - Started process (PID=358) to work on /opt/airflow/dags/dag_catchup_backfil.py
[2024-04-04T18:15:55.840+0000] {processor.py:830} INFO - Processing file /opt/airflow/dags/dag_catchup_backfil.py for tasks to queue
[2024-04-04T18:15:55.841+0000] {logging_mixin.py:188} INFO - [2024-04-04T18:15:55.841+0000] {dagbag.py:540} INFO - Filling up the DagBag from /opt/airflow/dags/dag_catchup_backfil.py
[2024-04-04T18:15:55.858+0000] {processor.py:840} INFO - DAG(s) 'first_catchupbackfill' retrieved from /opt/airflow/dags/dag_catchup_backfil.py
[2024-04-04T18:15:55.876+0000] {logging_mixin.py:188} INFO - [2024-04-04T18:15:55.876+0000] {dag.py:3047} INFO - Sync 1 DAGs
[2024-04-04T18:15:55.896+0000] {logging_mixin.py:188} INFO - [2024-04-04T18:15:55.896+0000] {dag.py:3834} INFO - Setting next_dagrun for first_catchupbackfill to 2024-04-02 00:00:00+00:00, run_after=2024-04-03 00:00:00+00:00
[2024-04-04T18:15:55.912+0000] {processor.py:183} INFO - Processing /opt/airflow/dags/dag_catchup_backfil.py took 0.075 seconds
[2024-04-04T18:16:26.363+0000] {processor.py:161} INFO - Started process (PID=372) to work on /opt/airflow/dags/dag_catchup_backfil.py
[2024-04-04T18:16:26.364+0000] {processor.py:830} INFO - Processing file /opt/airflow/dags/dag_catchup_backfil.py for tasks to queue
[2024-04-04T18:16:26.365+0000] {logging_mixin.py:188} INFO - [2024-04-04T18:16:26.365+0000] {dagbag.py:540} INFO - Filling up the DagBag from /opt/airflow/dags/dag_catchup_backfil.py
[2024-04-04T18:16:26.379+0000] {processor.py:840} INFO - DAG(s) 'first_catchupbackfill' retrieved from /opt/airflow/dags/dag_catchup_backfil.py
[2024-04-04T18:16:26.396+0000] {logging_mixin.py:188} INFO - [2024-04-04T18:16:26.396+0000] {dag.py:3047} INFO - Sync 1 DAGs
[2024-04-04T18:16:26.414+0000] {logging_mixin.py:188} INFO - [2024-04-04T18:16:26.414+0000] {dag.py:3834} INFO - Setting next_dagrun for first_catchupbackfill to 2024-04-02 00:00:00+00:00, run_after=2024-04-03 00:00:00+00:00
[2024-04-04T18:16:26.429+0000] {processor.py:183} INFO - Processing /opt/airflow/dags/dag_catchup_backfil.py took 0.068 seconds
[2024-04-04T18:16:57.040+0000] {processor.py:161} INFO - Started process (PID=386) to work on /opt/airflow/dags/dag_catchup_backfil.py
[2024-04-04T18:16:57.041+0000] {processor.py:830} INFO - Processing file /opt/airflow/dags/dag_catchup_backfil.py for tasks to queue
[2024-04-04T18:16:57.043+0000] {logging_mixin.py:188} INFO - [2024-04-04T18:16:57.043+0000] {dagbag.py:540} INFO - Filling up the DagBag from /opt/airflow/dags/dag_catchup_backfil.py
[2024-04-04T18:16:57.056+0000] {processor.py:840} INFO - DAG(s) 'first_catchupbackfill' retrieved from /opt/airflow/dags/dag_catchup_backfil.py
[2024-04-04T18:16:57.073+0000] {logging_mixin.py:188} INFO - [2024-04-04T18:16:57.072+0000] {dag.py:3047} INFO - Sync 1 DAGs
[2024-04-04T18:16:57.090+0000] {logging_mixin.py:188} INFO - [2024-04-04T18:16:57.090+0000] {dag.py:3834} INFO - Setting next_dagrun for first_catchupbackfill to 2024-04-02 00:00:00+00:00, run_after=2024-04-03 00:00:00+00:00
[2024-04-04T18:16:57.106+0000] {processor.py:183} INFO - Processing /opt/airflow/dags/dag_catchup_backfil.py took 0.067 seconds
[2024-04-04T18:17:27.644+0000] {processor.py:161} INFO - Started process (PID=400) to work on /opt/airflow/dags/dag_catchup_backfil.py
[2024-04-04T18:17:27.645+0000] {processor.py:830} INFO - Processing file /opt/airflow/dags/dag_catchup_backfil.py for tasks to queue
[2024-04-04T18:17:27.646+0000] {logging_mixin.py:188} INFO - [2024-04-04T18:17:27.646+0000] {dagbag.py:540} INFO - Filling up the DagBag from /opt/airflow/dags/dag_catchup_backfil.py
[2024-04-04T18:17:27.662+0000] {processor.py:840} INFO - DAG(s) 'first_catchupbackfill' retrieved from /opt/airflow/dags/dag_catchup_backfil.py
[2024-04-04T18:17:27.679+0000] {logging_mixin.py:188} INFO - [2024-04-04T18:17:27.678+0000] {dag.py:3047} INFO - Sync 1 DAGs
[2024-04-04T18:17:27.696+0000] {logging_mixin.py:188} INFO - [2024-04-04T18:17:27.696+0000] {dag.py:3834} INFO - Setting next_dagrun for first_catchupbackfill to 2024-04-02 00:00:00+00:00, run_after=2024-04-03 00:00:00+00:00
[2024-04-04T18:17:27.710+0000] {processor.py:183} INFO - Processing /opt/airflow/dags/dag_catchup_backfil.py took 0.068 seconds
[2024-04-04T18:17:58.177+0000] {processor.py:161} INFO - Started process (PID=414) to work on /opt/airflow/dags/dag_catchup_backfil.py
[2024-04-04T18:17:58.178+0000] {processor.py:830} INFO - Processing file /opt/airflow/dags/dag_catchup_backfil.py for tasks to queue
[2024-04-04T18:17:58.180+0000] {logging_mixin.py:188} INFO - [2024-04-04T18:17:58.179+0000] {dagbag.py:540} INFO - Filling up the DagBag from /opt/airflow/dags/dag_catchup_backfil.py
[2024-04-04T18:17:58.199+0000] {processor.py:840} INFO - DAG(s) 'first_catchupbackfill' retrieved from /opt/airflow/dags/dag_catchup_backfil.py
[2024-04-04T18:17:58.217+0000] {logging_mixin.py:188} INFO - [2024-04-04T18:17:58.217+0000] {dag.py:3047} INFO - Sync 1 DAGs
[2024-04-04T18:17:58.237+0000] {logging_mixin.py:188} INFO - [2024-04-04T18:17:58.237+0000] {dag.py:3834} INFO - Setting next_dagrun for first_catchupbackfill to 2024-04-02 00:00:00+00:00, run_after=2024-04-03 00:00:00+00:00
[2024-04-04T18:17:58.254+0000] {processor.py:183} INFO - Processing /opt/airflow/dags/dag_catchup_backfil.py took 0.080 seconds
[2024-04-04T18:18:28.884+0000] {processor.py:161} INFO - Started process (PID=428) to work on /opt/airflow/dags/dag_catchup_backfil.py
[2024-04-04T18:18:28.886+0000] {processor.py:830} INFO - Processing file /opt/airflow/dags/dag_catchup_backfil.py for tasks to queue
[2024-04-04T18:18:28.888+0000] {logging_mixin.py:188} INFO - [2024-04-04T18:18:28.887+0000] {dagbag.py:540} INFO - Filling up the DagBag from /opt/airflow/dags/dag_catchup_backfil.py
[2024-04-04T18:18:28.901+0000] {processor.py:840} INFO - DAG(s) 'first_catchupbackfill' retrieved from /opt/airflow/dags/dag_catchup_backfil.py
[2024-04-04T18:18:28.917+0000] {logging_mixin.py:188} INFO - [2024-04-04T18:18:28.917+0000] {dag.py:3047} INFO - Sync 1 DAGs
[2024-04-04T18:18:28.934+0000] {logging_mixin.py:188} INFO - [2024-04-04T18:18:28.934+0000] {dag.py:3834} INFO - Setting next_dagrun for first_catchupbackfill to 2024-04-02 00:00:00+00:00, run_after=2024-04-03 00:00:00+00:00
[2024-04-04T18:18:28.951+0000] {processor.py:183} INFO - Processing /opt/airflow/dags/dag_catchup_backfil.py took 0.068 seconds
