[2024-04-04T18:05:40.626+0000] {processor.py:161} INFO - Started process (PID=44) to work on /opt/airflow/dags/dagwithpostgres.py
[2024-04-04T18:05:40.627+0000] {processor.py:830} INFO - Processing file /opt/airflow/dags/dagwithpostgres.py for tasks to queue
[2024-04-04T18:05:40.629+0000] {logging_mixin.py:188} INFO - [2024-04-04T18:05:40.628+0000] {dagbag.py:540} INFO - Filling up the DagBag from /opt/airflow/dags/dagwithpostgres.py
[2024-04-04T18:05:40.647+0000] {processor.py:840} INFO - DAG(s) 'dagwithpostgres' retrieved from /opt/airflow/dags/dagwithpostgres.py
[2024-04-04T18:05:40.665+0000] {logging_mixin.py:188} INFO - [2024-04-04T18:05:40.665+0000] {dag.py:3047} INFO - Sync 1 DAGs
[2024-04-04T18:05:40.687+0000] {logging_mixin.py:188} INFO - [2024-04-04T18:05:40.687+0000] {dag.py:3834} INFO - Setting next_dagrun for dagwithpostgres to 2024-04-03 04:05:00+00:00, run_after=2024-04-04 04:05:00+00:00
[2024-04-04T18:05:40.707+0000] {processor.py:183} INFO - Processing /opt/airflow/dags/dagwithpostgres.py took 0.083 seconds
[2024-04-04T18:06:11.438+0000] {processor.py:161} INFO - Started process (PID=58) to work on /opt/airflow/dags/dagwithpostgres.py
[2024-04-04T18:06:11.439+0000] {processor.py:830} INFO - Processing file /opt/airflow/dags/dagwithpostgres.py for tasks to queue
[2024-04-04T18:06:11.441+0000] {logging_mixin.py:188} INFO - [2024-04-04T18:06:11.441+0000] {dagbag.py:540} INFO - Filling up the DagBag from /opt/airflow/dags/dagwithpostgres.py
[2024-04-04T18:06:11.463+0000] {processor.py:840} INFO - DAG(s) 'dagwithpostgres' retrieved from /opt/airflow/dags/dagwithpostgres.py
[2024-04-04T18:06:11.484+0000] {logging_mixin.py:188} INFO - [2024-04-04T18:06:11.483+0000] {dag.py:3047} INFO - Sync 1 DAGs
[2024-04-04T18:06:11.506+0000] {logging_mixin.py:188} INFO - [2024-04-04T18:06:11.505+0000] {dag.py:3834} INFO - Setting next_dagrun for dagwithpostgres to 2024-04-03 04:05:00+00:00, run_after=2024-04-04 04:05:00+00:00
[2024-04-04T18:06:11.525+0000] {processor.py:183} INFO - Processing /opt/airflow/dags/dagwithpostgres.py took 0.090 seconds
[2024-04-04T18:06:42.252+0000] {processor.py:161} INFO - Started process (PID=72) to work on /opt/airflow/dags/dagwithpostgres.py
[2024-04-04T18:06:42.254+0000] {processor.py:830} INFO - Processing file /opt/airflow/dags/dagwithpostgres.py for tasks to queue
[2024-04-04T18:06:42.255+0000] {logging_mixin.py:188} INFO - [2024-04-04T18:06:42.255+0000] {dagbag.py:540} INFO - Filling up the DagBag from /opt/airflow/dags/dagwithpostgres.py
[2024-04-04T18:06:42.277+0000] {processor.py:840} INFO - DAG(s) 'dagwithpostgres' retrieved from /opt/airflow/dags/dagwithpostgres.py
[2024-04-04T18:06:42.298+0000] {logging_mixin.py:188} INFO - [2024-04-04T18:06:42.298+0000] {dag.py:3047} INFO - Sync 1 DAGs
[2024-04-04T18:06:42.318+0000] {logging_mixin.py:188} INFO - [2024-04-04T18:06:42.318+0000] {dag.py:3834} INFO - Setting next_dagrun for dagwithpostgres to 2024-04-03 04:05:00+00:00, run_after=2024-04-04 04:05:00+00:00
[2024-04-04T18:06:42.337+0000] {processor.py:183} INFO - Processing /opt/airflow/dags/dagwithpostgres.py took 0.087 seconds
[2024-04-04T18:07:13.044+0000] {processor.py:161} INFO - Started process (PID=102) to work on /opt/airflow/dags/dagwithpostgres.py
[2024-04-04T18:07:13.045+0000] {processor.py:830} INFO - Processing file /opt/airflow/dags/dagwithpostgres.py for tasks to queue
[2024-04-04T18:07:13.047+0000] {logging_mixin.py:188} INFO - [2024-04-04T18:07:13.047+0000] {dagbag.py:540} INFO - Filling up the DagBag from /opt/airflow/dags/dagwithpostgres.py
[2024-04-04T18:07:13.062+0000] {processor.py:840} INFO - DAG(s) 'dagwithpostgres' retrieved from /opt/airflow/dags/dagwithpostgres.py
[2024-04-04T18:07:13.080+0000] {logging_mixin.py:188} INFO - [2024-04-04T18:07:13.080+0000] {dag.py:3047} INFO - Sync 1 DAGs
[2024-04-04T18:07:13.098+0000] {logging_mixin.py:188} INFO - [2024-04-04T18:07:13.098+0000] {dag.py:3834} INFO - Setting next_dagrun for dagwithpostgres to 2024-04-03 04:05:00+00:00, run_after=2024-04-04 04:05:00+00:00
[2024-04-04T18:07:13.115+0000] {processor.py:183} INFO - Processing /opt/airflow/dags/dagwithpostgres.py took 0.074 seconds
[2024-04-04T18:07:43.729+0000] {processor.py:161} INFO - Started process (PID=116) to work on /opt/airflow/dags/dagwithpostgres.py
[2024-04-04T18:07:43.730+0000] {processor.py:830} INFO - Processing file /opt/airflow/dags/dagwithpostgres.py for tasks to queue
[2024-04-04T18:07:43.731+0000] {logging_mixin.py:188} INFO - [2024-04-04T18:07:43.731+0000] {dagbag.py:540} INFO - Filling up the DagBag from /opt/airflow/dags/dagwithpostgres.py
[2024-04-04T18:07:43.753+0000] {processor.py:840} INFO - DAG(s) 'dagwithpostgres' retrieved from /opt/airflow/dags/dagwithpostgres.py
[2024-04-04T18:07:43.774+0000] {logging_mixin.py:188} INFO - [2024-04-04T18:07:43.774+0000] {dag.py:3047} INFO - Sync 1 DAGs
[2024-04-04T18:07:43.796+0000] {logging_mixin.py:188} INFO - [2024-04-04T18:07:43.796+0000] {dag.py:3834} INFO - Setting next_dagrun for dagwithpostgres to 2024-04-03 04:05:00+00:00, run_after=2024-04-04 04:05:00+00:00
[2024-04-04T18:07:43.815+0000] {processor.py:183} INFO - Processing /opt/airflow/dags/dagwithpostgres.py took 0.088 seconds
[2024-04-04T18:08:14.477+0000] {processor.py:161} INFO - Started process (PID=130) to work on /opt/airflow/dags/dagwithpostgres.py
[2024-04-04T18:08:14.479+0000] {processor.py:830} INFO - Processing file /opt/airflow/dags/dagwithpostgres.py for tasks to queue
[2024-04-04T18:08:14.480+0000] {logging_mixin.py:188} INFO - [2024-04-04T18:08:14.480+0000] {dagbag.py:540} INFO - Filling up the DagBag from /opt/airflow/dags/dagwithpostgres.py
[2024-04-04T18:08:14.503+0000] {processor.py:840} INFO - DAG(s) 'dagwithpostgres' retrieved from /opt/airflow/dags/dagwithpostgres.py
[2024-04-04T18:08:14.528+0000] {logging_mixin.py:188} INFO - [2024-04-04T18:08:14.527+0000] {dag.py:3047} INFO - Sync 1 DAGs
[2024-04-04T18:08:14.558+0000] {logging_mixin.py:188} INFO - [2024-04-04T18:08:14.557+0000] {dag.py:3834} INFO - Setting next_dagrun for dagwithpostgres to 2024-04-03 04:05:00+00:00, run_after=2024-04-04 04:05:00+00:00
[2024-04-04T18:08:14.580+0000] {processor.py:183} INFO - Processing /opt/airflow/dags/dagwithpostgres.py took 0.105 seconds
[2024-04-04T18:08:45.391+0000] {processor.py:161} INFO - Started process (PID=144) to work on /opt/airflow/dags/dagwithpostgres.py
[2024-04-04T18:08:45.393+0000] {processor.py:830} INFO - Processing file /opt/airflow/dags/dagwithpostgres.py for tasks to queue
[2024-04-04T18:08:45.397+0000] {logging_mixin.py:188} INFO - [2024-04-04T18:08:45.396+0000] {dagbag.py:540} INFO - Filling up the DagBag from /opt/airflow/dags/dagwithpostgres.py
[2024-04-04T18:08:45.422+0000] {processor.py:840} INFO - DAG(s) 'dagwithpostgres' retrieved from /opt/airflow/dags/dagwithpostgres.py
[2024-04-04T18:08:45.447+0000] {logging_mixin.py:188} INFO - [2024-04-04T18:08:45.447+0000] {dag.py:3047} INFO - Sync 1 DAGs
[2024-04-04T18:08:45.470+0000] {logging_mixin.py:188} INFO - [2024-04-04T18:08:45.470+0000] {dag.py:3834} INFO - Setting next_dagrun for dagwithpostgres to 2024-04-03 04:05:00+00:00, run_after=2024-04-04 04:05:00+00:00
[2024-04-04T18:08:45.495+0000] {processor.py:183} INFO - Processing /opt/airflow/dags/dagwithpostgres.py took 0.108 seconds
[2024-04-04T18:09:16.199+0000] {processor.py:161} INFO - Started process (PID=170) to work on /opt/airflow/dags/dagwithpostgres.py
[2024-04-04T18:09:16.200+0000] {processor.py:830} INFO - Processing file /opt/airflow/dags/dagwithpostgres.py for tasks to queue
[2024-04-04T18:09:16.201+0000] {logging_mixin.py:188} INFO - [2024-04-04T18:09:16.201+0000] {dagbag.py:540} INFO - Filling up the DagBag from /opt/airflow/dags/dagwithpostgres.py
[2024-04-04T18:09:16.220+0000] {processor.py:840} INFO - DAG(s) 'dagwithpostgres' retrieved from /opt/airflow/dags/dagwithpostgres.py
[2024-04-04T18:09:16.240+0000] {logging_mixin.py:188} INFO - [2024-04-04T18:09:16.240+0000] {dag.py:3047} INFO - Sync 1 DAGs
[2024-04-04T18:09:16.260+0000] {logging_mixin.py:188} INFO - [2024-04-04T18:09:16.260+0000] {dag.py:3834} INFO - Setting next_dagrun for dagwithpostgres to 2024-04-03 04:05:00+00:00, run_after=2024-04-04 04:05:00+00:00
[2024-04-04T18:09:16.278+0000] {processor.py:183} INFO - Processing /opt/airflow/dags/dagwithpostgres.py took 0.081 seconds
[2024-04-04T18:09:46.921+0000] {processor.py:161} INFO - Started process (PID=184) to work on /opt/airflow/dags/dagwithpostgres.py
[2024-04-04T18:09:46.922+0000] {processor.py:830} INFO - Processing file /opt/airflow/dags/dagwithpostgres.py for tasks to queue
[2024-04-04T18:09:46.923+0000] {logging_mixin.py:188} INFO - [2024-04-04T18:09:46.923+0000] {dagbag.py:540} INFO - Filling up the DagBag from /opt/airflow/dags/dagwithpostgres.py
[2024-04-04T18:09:46.942+0000] {processor.py:840} INFO - DAG(s) 'dagwithpostgres' retrieved from /opt/airflow/dags/dagwithpostgres.py
[2024-04-04T18:09:46.959+0000] {logging_mixin.py:188} INFO - [2024-04-04T18:09:46.959+0000] {dag.py:3047} INFO - Sync 1 DAGs
[2024-04-04T18:09:46.979+0000] {logging_mixin.py:188} INFO - [2024-04-04T18:09:46.979+0000] {dag.py:3834} INFO - Setting next_dagrun for dagwithpostgres to 2024-04-03 04:05:00+00:00, run_after=2024-04-04 04:05:00+00:00
[2024-04-04T18:09:46.997+0000] {processor.py:183} INFO - Processing /opt/airflow/dags/dagwithpostgres.py took 0.078 seconds
[2024-04-04T18:10:17.683+0000] {processor.py:161} INFO - Started process (PID=198) to work on /opt/airflow/dags/dagwithpostgres.py
[2024-04-04T18:10:17.684+0000] {processor.py:830} INFO - Processing file /opt/airflow/dags/dagwithpostgres.py for tasks to queue
[2024-04-04T18:10:17.686+0000] {logging_mixin.py:188} INFO - [2024-04-04T18:10:17.686+0000] {dagbag.py:540} INFO - Filling up the DagBag from /opt/airflow/dags/dagwithpostgres.py
[2024-04-04T18:10:17.705+0000] {processor.py:840} INFO - DAG(s) 'dagwithpostgres' retrieved from /opt/airflow/dags/dagwithpostgres.py
[2024-04-04T18:10:17.722+0000] {logging_mixin.py:188} INFO - [2024-04-04T18:10:17.722+0000] {dag.py:3047} INFO - Sync 1 DAGs
[2024-04-04T18:10:17.741+0000] {logging_mixin.py:188} INFO - [2024-04-04T18:10:17.741+0000] {dag.py:3834} INFO - Setting next_dagrun for dagwithpostgres to 2024-04-03 04:05:00+00:00, run_after=2024-04-04 04:05:00+00:00
[2024-04-04T18:10:17.759+0000] {processor.py:183} INFO - Processing /opt/airflow/dags/dagwithpostgres.py took 0.079 seconds
[2024-04-04T18:10:48.446+0000] {processor.py:161} INFO - Started process (PID=212) to work on /opt/airflow/dags/dagwithpostgres.py
[2024-04-04T18:10:48.447+0000] {processor.py:830} INFO - Processing file /opt/airflow/dags/dagwithpostgres.py for tasks to queue
[2024-04-04T18:10:48.449+0000] {logging_mixin.py:188} INFO - [2024-04-04T18:10:48.448+0000] {dagbag.py:540} INFO - Filling up the DagBag from /opt/airflow/dags/dagwithpostgres.py
[2024-04-04T18:10:48.464+0000] {processor.py:840} INFO - DAG(s) 'dagwithpostgres' retrieved from /opt/airflow/dags/dagwithpostgres.py
[2024-04-04T18:10:48.481+0000] {logging_mixin.py:188} INFO - [2024-04-04T18:10:48.480+0000] {dag.py:3047} INFO - Sync 1 DAGs
[2024-04-04T18:10:48.502+0000] {logging_mixin.py:188} INFO - [2024-04-04T18:10:48.502+0000] {dag.py:3834} INFO - Setting next_dagrun for dagwithpostgres to 2024-04-03 04:05:00+00:00, run_after=2024-04-04 04:05:00+00:00
[2024-04-04T18:10:48.517+0000] {processor.py:183} INFO - Processing /opt/airflow/dags/dagwithpostgres.py took 0.073 seconds
[2024-04-04T18:11:19.126+0000] {processor.py:161} INFO - Started process (PID=226) to work on /opt/airflow/dags/dagwithpostgres.py
[2024-04-04T18:11:19.126+0000] {processor.py:830} INFO - Processing file /opt/airflow/dags/dagwithpostgres.py for tasks to queue
[2024-04-04T18:11:19.128+0000] {logging_mixin.py:188} INFO - [2024-04-04T18:11:19.127+0000] {dagbag.py:540} INFO - Filling up the DagBag from /opt/airflow/dags/dagwithpostgres.py
[2024-04-04T18:11:19.147+0000] {processor.py:840} INFO - DAG(s) 'dagwithpostgres' retrieved from /opt/airflow/dags/dagwithpostgres.py
[2024-04-04T18:11:19.178+0000] {logging_mixin.py:188} INFO - [2024-04-04T18:11:19.177+0000] {dag.py:3047} INFO - Sync 1 DAGs
[2024-04-04T18:11:19.207+0000] {logging_mixin.py:188} INFO - [2024-04-04T18:11:19.207+0000] {dag.py:3834} INFO - Setting next_dagrun for dagwithpostgres to 2024-04-03 04:05:00+00:00, run_after=2024-04-04 04:05:00+00:00
[2024-04-04T18:11:19.229+0000] {processor.py:183} INFO - Processing /opt/airflow/dags/dagwithpostgres.py took 0.106 seconds
[2024-04-04T18:11:50.069+0000] {processor.py:161} INFO - Started process (PID=240) to work on /opt/airflow/dags/dagwithpostgres.py
[2024-04-04T18:11:50.069+0000] {processor.py:830} INFO - Processing file /opt/airflow/dags/dagwithpostgres.py for tasks to queue
[2024-04-04T18:11:50.071+0000] {logging_mixin.py:188} INFO - [2024-04-04T18:11:50.071+0000] {dagbag.py:540} INFO - Filling up the DagBag from /opt/airflow/dags/dagwithpostgres.py
[2024-04-04T18:11:50.091+0000] {processor.py:840} INFO - DAG(s) 'dagwithpostgres' retrieved from /opt/airflow/dags/dagwithpostgres.py
[2024-04-04T18:11:50.170+0000] {logging_mixin.py:188} INFO - [2024-04-04T18:11:50.170+0000] {dag.py:3047} INFO - Sync 1 DAGs
[2024-04-04T18:11:50.187+0000] {logging_mixin.py:188} INFO - [2024-04-04T18:11:50.187+0000] {dag.py:3834} INFO - Setting next_dagrun for dagwithpostgres to 2024-04-03 04:05:00+00:00, run_after=2024-04-04 04:05:00+00:00
[2024-04-04T18:11:50.205+0000] {processor.py:183} INFO - Processing /opt/airflow/dags/dagwithpostgres.py took 0.139 seconds
[2024-04-04T18:12:21.125+0000] {processor.py:161} INFO - Started process (PID=254) to work on /opt/airflow/dags/dagwithpostgres.py
[2024-04-04T18:12:21.126+0000] {processor.py:830} INFO - Processing file /opt/airflow/dags/dagwithpostgres.py for tasks to queue
[2024-04-04T18:12:21.127+0000] {logging_mixin.py:188} INFO - [2024-04-04T18:12:21.127+0000] {dagbag.py:540} INFO - Filling up the DagBag from /opt/airflow/dags/dagwithpostgres.py
[2024-04-04T18:12:21.144+0000] {processor.py:840} INFO - DAG(s) 'dagwithpostgres' retrieved from /opt/airflow/dags/dagwithpostgres.py
[2024-04-04T18:12:21.162+0000] {logging_mixin.py:188} INFO - [2024-04-04T18:12:21.161+0000] {dag.py:3047} INFO - Sync 1 DAGs
[2024-04-04T18:12:21.179+0000] {logging_mixin.py:188} INFO - [2024-04-04T18:12:21.179+0000] {dag.py:3834} INFO - Setting next_dagrun for dagwithpostgres to 2024-04-03 04:05:00+00:00, run_after=2024-04-04 04:05:00+00:00
[2024-04-04T18:12:21.195+0000] {processor.py:183} INFO - Processing /opt/airflow/dags/dagwithpostgres.py took 0.073 seconds
[2024-04-04T18:12:51.786+0000] {processor.py:161} INFO - Started process (PID=268) to work on /opt/airflow/dags/dagwithpostgres.py
[2024-04-04T18:12:51.787+0000] {processor.py:830} INFO - Processing file /opt/airflow/dags/dagwithpostgres.py for tasks to queue
[2024-04-04T18:12:51.789+0000] {logging_mixin.py:188} INFO - [2024-04-04T18:12:51.789+0000] {dagbag.py:540} INFO - Filling up the DagBag from /opt/airflow/dags/dagwithpostgres.py
[2024-04-04T18:12:51.810+0000] {processor.py:840} INFO - DAG(s) 'dagwithpostgres' retrieved from /opt/airflow/dags/dagwithpostgres.py
[2024-04-04T18:12:51.829+0000] {logging_mixin.py:188} INFO - [2024-04-04T18:12:51.829+0000] {dag.py:3047} INFO - Sync 1 DAGs
[2024-04-04T18:12:51.849+0000] {logging_mixin.py:188} INFO - [2024-04-04T18:12:51.849+0000] {dag.py:3834} INFO - Setting next_dagrun for dagwithpostgres to 2024-04-03 04:05:00+00:00, run_after=2024-04-04 04:05:00+00:00
[2024-04-04T18:12:51.868+0000] {processor.py:183} INFO - Processing /opt/airflow/dags/dagwithpostgres.py took 0.086 seconds
[2024-04-04T18:13:22.474+0000] {processor.py:161} INFO - Started process (PID=286) to work on /opt/airflow/dags/dagwithpostgres.py
[2024-04-04T18:13:22.475+0000] {processor.py:830} INFO - Processing file /opt/airflow/dags/dagwithpostgres.py for tasks to queue
[2024-04-04T18:13:22.477+0000] {logging_mixin.py:188} INFO - [2024-04-04T18:13:22.477+0000] {dagbag.py:540} INFO - Filling up the DagBag from /opt/airflow/dags/dagwithpostgres.py
[2024-04-04T18:13:22.498+0000] {processor.py:840} INFO - DAG(s) 'dagwithpostgres' retrieved from /opt/airflow/dags/dagwithpostgres.py
[2024-04-04T18:13:22.515+0000] {logging_mixin.py:188} INFO - [2024-04-04T18:13:22.515+0000] {dag.py:3047} INFO - Sync 1 DAGs
[2024-04-04T18:13:22.533+0000] {logging_mixin.py:188} INFO - [2024-04-04T18:13:22.532+0000] {dag.py:3834} INFO - Setting next_dagrun for dagwithpostgres to 2024-04-03 04:05:00+00:00, run_after=2024-04-04 04:05:00+00:00
[2024-04-04T18:13:22.549+0000] {processor.py:183} INFO - Processing /opt/airflow/dags/dagwithpostgres.py took 0.078 seconds
[2024-04-04T18:13:53.146+0000] {processor.py:161} INFO - Started process (PID=300) to work on /opt/airflow/dags/dagwithpostgres.py
[2024-04-04T18:13:53.147+0000] {processor.py:830} INFO - Processing file /opt/airflow/dags/dagwithpostgres.py for tasks to queue
[2024-04-04T18:13:53.148+0000] {logging_mixin.py:188} INFO - [2024-04-04T18:13:53.148+0000] {dagbag.py:540} INFO - Filling up the DagBag from /opt/airflow/dags/dagwithpostgres.py
[2024-04-04T18:13:53.170+0000] {processor.py:840} INFO - DAG(s) 'dagwithpostgres' retrieved from /opt/airflow/dags/dagwithpostgres.py
[2024-04-04T18:13:53.191+0000] {logging_mixin.py:188} INFO - [2024-04-04T18:13:53.191+0000] {dag.py:3047} INFO - Sync 1 DAGs
[2024-04-04T18:13:53.212+0000] {logging_mixin.py:188} INFO - [2024-04-04T18:13:53.211+0000] {dag.py:3834} INFO - Setting next_dagrun for dagwithpostgres to 2024-04-03 04:05:00+00:00, run_after=2024-04-04 04:05:00+00:00
[2024-04-04T18:13:53.229+0000] {processor.py:183} INFO - Processing /opt/airflow/dags/dagwithpostgres.py took 0.085 seconds
[2024-04-04T18:14:23.832+0000] {processor.py:161} INFO - Started process (PID=314) to work on /opt/airflow/dags/dagwithpostgres.py
[2024-04-04T18:14:23.832+0000] {processor.py:830} INFO - Processing file /opt/airflow/dags/dagwithpostgres.py for tasks to queue
[2024-04-04T18:14:23.834+0000] {logging_mixin.py:188} INFO - [2024-04-04T18:14:23.834+0000] {dagbag.py:540} INFO - Filling up the DagBag from /opt/airflow/dags/dagwithpostgres.py
[2024-04-04T18:14:23.854+0000] {processor.py:840} INFO - DAG(s) 'dagwithpostgres' retrieved from /opt/airflow/dags/dagwithpostgres.py
[2024-04-04T18:14:23.874+0000] {logging_mixin.py:188} INFO - [2024-04-04T18:14:23.873+0000] {dag.py:3047} INFO - Sync 1 DAGs
[2024-04-04T18:14:23.893+0000] {logging_mixin.py:188} INFO - [2024-04-04T18:14:23.893+0000] {dag.py:3834} INFO - Setting next_dagrun for dagwithpostgres to 2024-04-03 04:05:00+00:00, run_after=2024-04-04 04:05:00+00:00
[2024-04-04T18:14:23.910+0000] {processor.py:183} INFO - Processing /opt/airflow/dags/dagwithpostgres.py took 0.081 seconds
[2024-04-04T18:14:54.445+0000] {processor.py:161} INFO - Started process (PID=328) to work on /opt/airflow/dags/dagwithpostgres.py
[2024-04-04T18:14:54.446+0000] {processor.py:830} INFO - Processing file /opt/airflow/dags/dagwithpostgres.py for tasks to queue
[2024-04-04T18:14:54.448+0000] {logging_mixin.py:188} INFO - [2024-04-04T18:14:54.448+0000] {dagbag.py:540} INFO - Filling up the DagBag from /opt/airflow/dags/dagwithpostgres.py
[2024-04-04T18:14:54.467+0000] {processor.py:840} INFO - DAG(s) 'dagwithpostgres' retrieved from /opt/airflow/dags/dagwithpostgres.py
[2024-04-04T18:14:54.484+0000] {logging_mixin.py:188} INFO - [2024-04-04T18:14:54.483+0000] {dag.py:3047} INFO - Sync 1 DAGs
[2024-04-04T18:14:54.502+0000] {logging_mixin.py:188} INFO - [2024-04-04T18:14:54.501+0000] {dag.py:3834} INFO - Setting next_dagrun for dagwithpostgres to 2024-04-03 04:05:00+00:00, run_after=2024-04-04 04:05:00+00:00
[2024-04-04T18:14:54.520+0000] {processor.py:183} INFO - Processing /opt/airflow/dags/dagwithpostgres.py took 0.078 seconds
[2024-04-04T18:15:25.076+0000] {processor.py:161} INFO - Started process (PID=342) to work on /opt/airflow/dags/dagwithpostgres.py
[2024-04-04T18:15:25.077+0000] {processor.py:830} INFO - Processing file /opt/airflow/dags/dagwithpostgres.py for tasks to queue
[2024-04-04T18:15:25.079+0000] {logging_mixin.py:188} INFO - [2024-04-04T18:15:25.078+0000] {dagbag.py:540} INFO - Filling up the DagBag from /opt/airflow/dags/dagwithpostgres.py
[2024-04-04T18:15:25.096+0000] {processor.py:840} INFO - DAG(s) 'dagwithpostgres' retrieved from /opt/airflow/dags/dagwithpostgres.py
[2024-04-04T18:15:25.115+0000] {logging_mixin.py:188} INFO - [2024-04-04T18:15:25.115+0000] {dag.py:3047} INFO - Sync 1 DAGs
[2024-04-04T18:15:25.133+0000] {logging_mixin.py:188} INFO - [2024-04-04T18:15:25.133+0000] {dag.py:3834} INFO - Setting next_dagrun for dagwithpostgres to 2024-04-03 04:05:00+00:00, run_after=2024-04-04 04:05:00+00:00
[2024-04-04T18:15:25.156+0000] {processor.py:183} INFO - Processing /opt/airflow/dags/dagwithpostgres.py took 0.082 seconds
[2024-04-04T18:15:55.744+0000] {processor.py:161} INFO - Started process (PID=356) to work on /opt/airflow/dags/dagwithpostgres.py
[2024-04-04T18:15:55.745+0000] {processor.py:830} INFO - Processing file /opt/airflow/dags/dagwithpostgres.py for tasks to queue
[2024-04-04T18:15:55.747+0000] {logging_mixin.py:188} INFO - [2024-04-04T18:15:55.746+0000] {dagbag.py:540} INFO - Filling up the DagBag from /opt/airflow/dags/dagwithpostgres.py
[2024-04-04T18:15:55.762+0000] {processor.py:840} INFO - DAG(s) 'dagwithpostgres' retrieved from /opt/airflow/dags/dagwithpostgres.py
[2024-04-04T18:15:55.779+0000] {logging_mixin.py:188} INFO - [2024-04-04T18:15:55.779+0000] {dag.py:3047} INFO - Sync 1 DAGs
[2024-04-04T18:15:55.797+0000] {logging_mixin.py:188} INFO - [2024-04-04T18:15:55.797+0000] {dag.py:3834} INFO - Setting next_dagrun for dagwithpostgres to 2024-04-03 04:05:00+00:00, run_after=2024-04-04 04:05:00+00:00
[2024-04-04T18:15:55.812+0000] {processor.py:183} INFO - Processing /opt/airflow/dags/dagwithpostgres.py took 0.070 seconds
[2024-04-04T18:16:26.270+0000] {processor.py:161} INFO - Started process (PID=370) to work on /opt/airflow/dags/dagwithpostgres.py
[2024-04-04T18:16:26.270+0000] {processor.py:830} INFO - Processing file /opt/airflow/dags/dagwithpostgres.py for tasks to queue
[2024-04-04T18:16:26.272+0000] {logging_mixin.py:188} INFO - [2024-04-04T18:16:26.271+0000] {dagbag.py:540} INFO - Filling up the DagBag from /opt/airflow/dags/dagwithpostgres.py
[2024-04-04T18:16:26.290+0000] {processor.py:840} INFO - DAG(s) 'dagwithpostgres' retrieved from /opt/airflow/dags/dagwithpostgres.py
[2024-04-04T18:16:26.306+0000] {logging_mixin.py:188} INFO - [2024-04-04T18:16:26.306+0000] {dag.py:3047} INFO - Sync 1 DAGs
[2024-04-04T18:16:26.323+0000] {logging_mixin.py:188} INFO - [2024-04-04T18:16:26.323+0000] {dag.py:3834} INFO - Setting next_dagrun for dagwithpostgres to 2024-04-03 04:05:00+00:00, run_after=2024-04-04 04:05:00+00:00
[2024-04-04T18:16:26.338+0000] {processor.py:183} INFO - Processing /opt/airflow/dags/dagwithpostgres.py took 0.071 seconds
[2024-04-04T18:16:56.938+0000] {processor.py:161} INFO - Started process (PID=384) to work on /opt/airflow/dags/dagwithpostgres.py
[2024-04-04T18:16:56.939+0000] {processor.py:830} INFO - Processing file /opt/airflow/dags/dagwithpostgres.py for tasks to queue
[2024-04-04T18:16:56.940+0000] {logging_mixin.py:188} INFO - [2024-04-04T18:16:56.940+0000] {dagbag.py:540} INFO - Filling up the DagBag from /opt/airflow/dags/dagwithpostgres.py
[2024-04-04T18:16:56.959+0000] {processor.py:840} INFO - DAG(s) 'dagwithpostgres' retrieved from /opt/airflow/dags/dagwithpostgres.py
[2024-04-04T18:16:56.977+0000] {logging_mixin.py:188} INFO - [2024-04-04T18:16:56.976+0000] {dag.py:3047} INFO - Sync 1 DAGs
[2024-04-04T18:16:56.994+0000] {logging_mixin.py:188} INFO - [2024-04-04T18:16:56.994+0000] {dag.py:3834} INFO - Setting next_dagrun for dagwithpostgres to 2024-04-03 04:05:00+00:00, run_after=2024-04-04 04:05:00+00:00
[2024-04-04T18:16:57.014+0000] {processor.py:183} INFO - Processing /opt/airflow/dags/dagwithpostgres.py took 0.079 seconds
[2024-04-04T18:17:27.550+0000] {processor.py:161} INFO - Started process (PID=398) to work on /opt/airflow/dags/dagwithpostgres.py
[2024-04-04T18:17:27.551+0000] {processor.py:830} INFO - Processing file /opt/airflow/dags/dagwithpostgres.py for tasks to queue
[2024-04-04T18:17:27.552+0000] {logging_mixin.py:188} INFO - [2024-04-04T18:17:27.552+0000] {dagbag.py:540} INFO - Filling up the DagBag from /opt/airflow/dags/dagwithpostgres.py
[2024-04-04T18:17:27.569+0000] {processor.py:840} INFO - DAG(s) 'dagwithpostgres' retrieved from /opt/airflow/dags/dagwithpostgres.py
[2024-04-04T18:17:27.585+0000] {logging_mixin.py:188} INFO - [2024-04-04T18:17:27.585+0000] {dag.py:3047} INFO - Sync 1 DAGs
[2024-04-04T18:17:27.602+0000] {logging_mixin.py:188} INFO - [2024-04-04T18:17:27.602+0000] {dag.py:3834} INFO - Setting next_dagrun for dagwithpostgres to 2024-04-03 04:05:00+00:00, run_after=2024-04-04 04:05:00+00:00
[2024-04-04T18:17:27.618+0000] {processor.py:183} INFO - Processing /opt/airflow/dags/dagwithpostgres.py took 0.071 seconds
[2024-04-04T18:17:58.071+0000] {processor.py:161} INFO - Started process (PID=412) to work on /opt/airflow/dags/dagwithpostgres.py
[2024-04-04T18:17:58.072+0000] {processor.py:830} INFO - Processing file /opt/airflow/dags/dagwithpostgres.py for tasks to queue
[2024-04-04T18:17:58.073+0000] {logging_mixin.py:188} INFO - [2024-04-04T18:17:58.073+0000] {dagbag.py:540} INFO - Filling up the DagBag from /opt/airflow/dags/dagwithpostgres.py
[2024-04-04T18:17:58.090+0000] {processor.py:840} INFO - DAG(s) 'dagwithpostgres' retrieved from /opt/airflow/dags/dagwithpostgres.py
[2024-04-04T18:17:58.106+0000] {logging_mixin.py:188} INFO - [2024-04-04T18:17:58.106+0000] {dag.py:3047} INFO - Sync 1 DAGs
[2024-04-04T18:17:58.125+0000] {logging_mixin.py:188} INFO - [2024-04-04T18:17:58.125+0000] {dag.py:3834} INFO - Setting next_dagrun for dagwithpostgres to 2024-04-03 04:05:00+00:00, run_after=2024-04-04 04:05:00+00:00
[2024-04-04T18:17:58.148+0000] {processor.py:183} INFO - Processing /opt/airflow/dags/dagwithpostgres.py took 0.079 seconds
[2024-04-04T18:18:28.791+0000] {processor.py:161} INFO - Started process (PID=426) to work on /opt/airflow/dags/dagwithpostgres.py
[2024-04-04T18:18:28.792+0000] {processor.py:830} INFO - Processing file /opt/airflow/dags/dagwithpostgres.py for tasks to queue
[2024-04-04T18:18:28.794+0000] {logging_mixin.py:188} INFO - [2024-04-04T18:18:28.794+0000] {dagbag.py:540} INFO - Filling up the DagBag from /opt/airflow/dags/dagwithpostgres.py
[2024-04-04T18:18:28.811+0000] {processor.py:840} INFO - DAG(s) 'dagwithpostgres' retrieved from /opt/airflow/dags/dagwithpostgres.py
[2024-04-04T18:18:28.827+0000] {logging_mixin.py:188} INFO - [2024-04-04T18:18:28.827+0000] {dag.py:3047} INFO - Sync 1 DAGs
[2024-04-04T18:18:28.844+0000] {logging_mixin.py:188} INFO - [2024-04-04T18:18:28.844+0000] {dag.py:3834} INFO - Setting next_dagrun for dagwithpostgres to 2024-04-03 04:05:00+00:00, run_after=2024-04-04 04:05:00+00:00
[2024-04-04T18:18:28.859+0000] {processor.py:183} INFO - Processing /opt/airflow/dags/dagwithpostgres.py took 0.070 seconds
