[2024-04-04T18:05:40.889+0000] {processor.py:161} INFO - Started process (PID=48) to work on /opt/airflow/dags/first_day_pythonop.py
[2024-04-04T18:05:40.890+0000] {processor.py:830} INFO - Processing file /opt/airflow/dags/first_day_pythonop.py for tasks to queue
[2024-04-04T18:05:40.892+0000] {logging_mixin.py:188} INFO - [2024-04-04T18:05:40.891+0000] {dagbag.py:540} INFO - Filling up the DagBag from /opt/airflow/dags/first_day_pythonop.py
[2024-04-04T18:05:40.911+0000] {processor.py:840} INFO - DAG(s) 'first_dag_pythonop' retrieved from /opt/airflow/dags/first_day_pythonop.py
[2024-04-04T18:05:40.931+0000] {logging_mixin.py:188} INFO - [2024-04-04T18:05:40.931+0000] {dag.py:3047} INFO - Sync 1 DAGs
[2024-04-04T18:05:40.951+0000] {logging_mixin.py:188} INFO - [2024-04-04T18:05:40.950+0000] {dag.py:3834} INFO - Setting next_dagrun for first_dag_pythonop to 2024-04-02 00:00:00+00:00, run_after=2024-04-03 00:00:00+00:00
[2024-04-04T18:05:40.969+0000] {processor.py:183} INFO - Processing /opt/airflow/dags/first_day_pythonop.py took 0.083 seconds
[2024-04-04T18:06:11.654+0000] {processor.py:161} INFO - Started process (PID=62) to work on /opt/airflow/dags/first_day_pythonop.py
[2024-04-04T18:06:11.655+0000] {processor.py:830} INFO - Processing file /opt/airflow/dags/first_day_pythonop.py for tasks to queue
[2024-04-04T18:06:11.657+0000] {logging_mixin.py:188} INFO - [2024-04-04T18:06:11.656+0000] {dagbag.py:540} INFO - Filling up the DagBag from /opt/airflow/dags/first_day_pythonop.py
[2024-04-04T18:06:11.671+0000] {processor.py:840} INFO - DAG(s) 'first_dag_pythonop' retrieved from /opt/airflow/dags/first_day_pythonop.py
[2024-04-04T18:06:11.688+0000] {logging_mixin.py:188} INFO - [2024-04-04T18:06:11.687+0000] {dag.py:3047} INFO - Sync 1 DAGs
[2024-04-04T18:06:11.707+0000] {logging_mixin.py:188} INFO - [2024-04-04T18:06:11.706+0000] {dag.py:3834} INFO - Setting next_dagrun for first_dag_pythonop to 2024-04-02 00:00:00+00:00, run_after=2024-04-03 00:00:00+00:00
[2024-04-04T18:06:11.721+0000] {processor.py:183} INFO - Processing /opt/airflow/dags/first_day_pythonop.py took 0.069 seconds
[2024-04-04T18:06:42.512+0000] {processor.py:161} INFO - Started process (PID=76) to work on /opt/airflow/dags/first_day_pythonop.py
[2024-04-04T18:06:42.514+0000] {processor.py:830} INFO - Processing file /opt/airflow/dags/first_day_pythonop.py for tasks to queue
[2024-04-04T18:06:42.516+0000] {logging_mixin.py:188} INFO - [2024-04-04T18:06:42.515+0000] {dagbag.py:540} INFO - Filling up the DagBag from /opt/airflow/dags/first_day_pythonop.py
[2024-04-04T18:06:42.538+0000] {processor.py:840} INFO - DAG(s) 'first_dag_pythonop' retrieved from /opt/airflow/dags/first_day_pythonop.py
[2024-04-04T18:06:42.565+0000] {logging_mixin.py:188} INFO - [2024-04-04T18:06:42.564+0000] {dag.py:3047} INFO - Sync 1 DAGs
[2024-04-04T18:06:42.590+0000] {logging_mixin.py:188} INFO - [2024-04-04T18:06:42.590+0000] {dag.py:3834} INFO - Setting next_dagrun for first_dag_pythonop to 2024-04-02 00:00:00+00:00, run_after=2024-04-03 00:00:00+00:00
[2024-04-04T18:06:42.613+0000] {processor.py:183} INFO - Processing /opt/airflow/dags/first_day_pythonop.py took 0.104 seconds
[2024-04-04T18:07:13.258+0000] {processor.py:161} INFO - Started process (PID=106) to work on /opt/airflow/dags/first_day_pythonop.py
[2024-04-04T18:07:13.259+0000] {processor.py:830} INFO - Processing file /opt/airflow/dags/first_day_pythonop.py for tasks to queue
[2024-04-04T18:07:13.261+0000] {logging_mixin.py:188} INFO - [2024-04-04T18:07:13.261+0000] {dagbag.py:540} INFO - Filling up the DagBag from /opt/airflow/dags/first_day_pythonop.py
[2024-04-04T18:07:13.274+0000] {processor.py:840} INFO - DAG(s) 'first_dag_pythonop' retrieved from /opt/airflow/dags/first_day_pythonop.py
[2024-04-04T18:07:13.292+0000] {logging_mixin.py:188} INFO - [2024-04-04T18:07:13.292+0000] {dag.py:3047} INFO - Sync 1 DAGs
[2024-04-04T18:07:13.308+0000] {logging_mixin.py:188} INFO - [2024-04-04T18:07:13.308+0000] {dag.py:3834} INFO - Setting next_dagrun for first_dag_pythonop to 2024-04-02 00:00:00+00:00, run_after=2024-04-03 00:00:00+00:00
[2024-04-04T18:07:13.322+0000] {processor.py:183} INFO - Processing /opt/airflow/dags/first_day_pythonop.py took 0.067 seconds
[2024-04-04T18:07:43.945+0000] {processor.py:161} INFO - Started process (PID=120) to work on /opt/airflow/dags/first_day_pythonop.py
[2024-04-04T18:07:43.946+0000] {processor.py:830} INFO - Processing file /opt/airflow/dags/first_day_pythonop.py for tasks to queue
[2024-04-04T18:07:43.947+0000] {logging_mixin.py:188} INFO - [2024-04-04T18:07:43.947+0000] {dagbag.py:540} INFO - Filling up the DagBag from /opt/airflow/dags/first_day_pythonop.py
[2024-04-04T18:07:43.963+0000] {processor.py:840} INFO - DAG(s) 'first_dag_pythonop' retrieved from /opt/airflow/dags/first_day_pythonop.py
[2024-04-04T18:07:43.979+0000] {logging_mixin.py:188} INFO - [2024-04-04T18:07:43.979+0000] {dag.py:3047} INFO - Sync 1 DAGs
[2024-04-04T18:07:43.997+0000] {logging_mixin.py:188} INFO - [2024-04-04T18:07:43.996+0000] {dag.py:3834} INFO - Setting next_dagrun for first_dag_pythonop to 2024-04-02 00:00:00+00:00, run_after=2024-04-03 00:00:00+00:00
[2024-04-04T18:07:44.012+0000] {processor.py:183} INFO - Processing /opt/airflow/dags/first_day_pythonop.py took 0.070 seconds
[2024-04-04T18:08:14.844+0000] {processor.py:161} INFO - Started process (PID=134) to work on /opt/airflow/dags/first_day_pythonop.py
[2024-04-04T18:08:14.845+0000] {processor.py:830} INFO - Processing file /opt/airflow/dags/first_day_pythonop.py for tasks to queue
[2024-04-04T18:08:14.847+0000] {logging_mixin.py:188} INFO - [2024-04-04T18:08:14.847+0000] {dagbag.py:540} INFO - Filling up the DagBag from /opt/airflow/dags/first_day_pythonop.py
[2024-04-04T18:08:14.864+0000] {processor.py:840} INFO - DAG(s) 'first_dag_pythonop' retrieved from /opt/airflow/dags/first_day_pythonop.py
[2024-04-04T18:08:14.884+0000] {logging_mixin.py:188} INFO - [2024-04-04T18:08:14.883+0000] {dag.py:3047} INFO - Sync 1 DAGs
[2024-04-04T18:08:14.905+0000] {logging_mixin.py:188} INFO - [2024-04-04T18:08:14.905+0000] {dag.py:3834} INFO - Setting next_dagrun for first_dag_pythonop to 2024-04-02 00:00:00+00:00, run_after=2024-04-03 00:00:00+00:00
[2024-04-04T18:08:14.925+0000] {processor.py:183} INFO - Processing /opt/airflow/dags/first_day_pythonop.py took 0.084 seconds
[2024-04-04T18:08:45.687+0000] {processor.py:161} INFO - Started process (PID=148) to work on /opt/airflow/dags/first_day_pythonop.py
[2024-04-04T18:08:45.688+0000] {processor.py:830} INFO - Processing file /opt/airflow/dags/first_day_pythonop.py for tasks to queue
[2024-04-04T18:08:45.691+0000] {logging_mixin.py:188} INFO - [2024-04-04T18:08:45.690+0000] {dagbag.py:540} INFO - Filling up the DagBag from /opt/airflow/dags/first_day_pythonop.py
[2024-04-04T18:08:45.711+0000] {processor.py:840} INFO - DAG(s) 'first_dag_pythonop' retrieved from /opt/airflow/dags/first_day_pythonop.py
[2024-04-04T18:08:45.735+0000] {logging_mixin.py:188} INFO - [2024-04-04T18:08:45.735+0000] {dag.py:3047} INFO - Sync 1 DAGs
[2024-04-04T18:08:45.759+0000] {logging_mixin.py:188} INFO - [2024-04-04T18:08:45.759+0000] {dag.py:3834} INFO - Setting next_dagrun for first_dag_pythonop to 2024-04-02 00:00:00+00:00, run_after=2024-04-03 00:00:00+00:00
[2024-04-04T18:08:45.780+0000] {processor.py:183} INFO - Processing /opt/airflow/dags/first_day_pythonop.py took 0.098 seconds
[2024-04-04T18:09:16.527+0000] {processor.py:161} INFO - Started process (PID=174) to work on /opt/airflow/dags/first_day_pythonop.py
[2024-04-04T18:09:16.528+0000] {processor.py:830} INFO - Processing file /opt/airflow/dags/first_day_pythonop.py for tasks to queue
[2024-04-04T18:09:16.530+0000] {logging_mixin.py:188} INFO - [2024-04-04T18:09:16.530+0000] {dagbag.py:540} INFO - Filling up the DagBag from /opt/airflow/dags/first_day_pythonop.py
[2024-04-04T18:09:16.549+0000] {processor.py:840} INFO - DAG(s) 'first_dag_pythonop' retrieved from /opt/airflow/dags/first_day_pythonop.py
[2024-04-04T18:09:16.569+0000] {logging_mixin.py:188} INFO - [2024-04-04T18:09:16.569+0000] {dag.py:3047} INFO - Sync 1 DAGs
[2024-04-04T18:09:16.589+0000] {logging_mixin.py:188} INFO - [2024-04-04T18:09:16.589+0000] {dag.py:3834} INFO - Setting next_dagrun for first_dag_pythonop to 2024-04-02 00:00:00+00:00, run_after=2024-04-03 00:00:00+00:00
[2024-04-04T18:09:16.606+0000] {processor.py:183} INFO - Processing /opt/airflow/dags/first_day_pythonop.py took 0.081 seconds
[2024-04-04T18:09:47.130+0000] {processor.py:161} INFO - Started process (PID=188) to work on /opt/airflow/dags/first_day_pythonop.py
[2024-04-04T18:09:47.130+0000] {processor.py:830} INFO - Processing file /opt/airflow/dags/first_day_pythonop.py for tasks to queue
[2024-04-04T18:09:47.132+0000] {logging_mixin.py:188} INFO - [2024-04-04T18:09:47.131+0000] {dagbag.py:540} INFO - Filling up the DagBag from /opt/airflow/dags/first_day_pythonop.py
[2024-04-04T18:09:47.147+0000] {processor.py:840} INFO - DAG(s) 'first_dag_pythonop' retrieved from /opt/airflow/dags/first_day_pythonop.py
[2024-04-04T18:09:47.165+0000] {logging_mixin.py:188} INFO - [2024-04-04T18:09:47.165+0000] {dag.py:3047} INFO - Sync 1 DAGs
[2024-04-04T18:09:47.189+0000] {logging_mixin.py:188} INFO - [2024-04-04T18:09:47.188+0000] {dag.py:3834} INFO - Setting next_dagrun for first_dag_pythonop to 2024-04-02 00:00:00+00:00, run_after=2024-04-03 00:00:00+00:00
[2024-04-04T18:09:47.207+0000] {processor.py:183} INFO - Processing /opt/airflow/dags/first_day_pythonop.py took 0.080 seconds
[2024-04-04T18:10:17.889+0000] {processor.py:161} INFO - Started process (PID=202) to work on /opt/airflow/dags/first_day_pythonop.py
[2024-04-04T18:10:17.889+0000] {processor.py:830} INFO - Processing file /opt/airflow/dags/first_day_pythonop.py for tasks to queue
[2024-04-04T18:10:17.891+0000] {logging_mixin.py:188} INFO - [2024-04-04T18:10:17.891+0000] {dagbag.py:540} INFO - Filling up the DagBag from /opt/airflow/dags/first_day_pythonop.py
[2024-04-04T18:10:17.907+0000] {processor.py:840} INFO - DAG(s) 'first_dag_pythonop' retrieved from /opt/airflow/dags/first_day_pythonop.py
[2024-04-04T18:10:17.925+0000] {logging_mixin.py:188} INFO - [2024-04-04T18:10:17.925+0000] {dag.py:3047} INFO - Sync 1 DAGs
[2024-04-04T18:10:17.944+0000] {logging_mixin.py:188} INFO - [2024-04-04T18:10:17.944+0000] {dag.py:3834} INFO - Setting next_dagrun for first_dag_pythonop to 2024-04-02 00:00:00+00:00, run_after=2024-04-03 00:00:00+00:00
[2024-04-04T18:10:17.961+0000] {processor.py:183} INFO - Processing /opt/airflow/dags/first_day_pythonop.py took 0.075 seconds
[2024-04-04T18:10:48.735+0000] {processor.py:161} INFO - Started process (PID=216) to work on /opt/airflow/dags/first_day_pythonop.py
[2024-04-04T18:10:48.736+0000] {processor.py:830} INFO - Processing file /opt/airflow/dags/first_day_pythonop.py for tasks to queue
[2024-04-04T18:10:48.738+0000] {logging_mixin.py:188} INFO - [2024-04-04T18:10:48.738+0000] {dagbag.py:540} INFO - Filling up the DagBag from /opt/airflow/dags/first_day_pythonop.py
[2024-04-04T18:10:48.755+0000] {processor.py:840} INFO - DAG(s) 'first_dag_pythonop' retrieved from /opt/airflow/dags/first_day_pythonop.py
[2024-04-04T18:10:48.775+0000] {logging_mixin.py:188} INFO - [2024-04-04T18:10:48.775+0000] {dag.py:3047} INFO - Sync 1 DAGs
[2024-04-04T18:10:48.795+0000] {logging_mixin.py:188} INFO - [2024-04-04T18:10:48.795+0000] {dag.py:3834} INFO - Setting next_dagrun for first_dag_pythonop to 2024-04-02 00:00:00+00:00, run_after=2024-04-03 00:00:00+00:00
[2024-04-04T18:10:48.811+0000] {processor.py:183} INFO - Processing /opt/airflow/dags/first_day_pythonop.py took 0.079 seconds
[2024-04-04T18:11:19.390+0000] {processor.py:161} INFO - Started process (PID=230) to work on /opt/airflow/dags/first_day_pythonop.py
[2024-04-04T18:11:19.391+0000] {processor.py:830} INFO - Processing file /opt/airflow/dags/first_day_pythonop.py for tasks to queue
[2024-04-04T18:11:19.392+0000] {logging_mixin.py:188} INFO - [2024-04-04T18:11:19.392+0000] {dagbag.py:540} INFO - Filling up the DagBag from /opt/airflow/dags/first_day_pythonop.py
[2024-04-04T18:11:19.412+0000] {processor.py:840} INFO - DAG(s) 'first_dag_pythonop' retrieved from /opt/airflow/dags/first_day_pythonop.py
[2024-04-04T18:11:19.437+0000] {logging_mixin.py:188} INFO - [2024-04-04T18:11:19.437+0000] {dag.py:3047} INFO - Sync 1 DAGs
[2024-04-04T18:11:19.461+0000] {logging_mixin.py:188} INFO - [2024-04-04T18:11:19.461+0000] {dag.py:3834} INFO - Setting next_dagrun for first_dag_pythonop to 2024-04-02 00:00:00+00:00, run_after=2024-04-03 00:00:00+00:00
[2024-04-04T18:11:19.484+0000] {processor.py:183} INFO - Processing /opt/airflow/dags/first_day_pythonop.py took 0.096 seconds
[2024-04-04T18:11:50.473+0000] {processor.py:161} INFO - Started process (PID=244) to work on /opt/airflow/dags/first_day_pythonop.py
[2024-04-04T18:11:50.475+0000] {processor.py:830} INFO - Processing file /opt/airflow/dags/first_day_pythonop.py for tasks to queue
[2024-04-04T18:11:50.480+0000] {logging_mixin.py:188} INFO - [2024-04-04T18:11:50.479+0000] {dagbag.py:540} INFO - Filling up the DagBag from /opt/airflow/dags/first_day_pythonop.py
[2024-04-04T18:11:50.507+0000] {processor.py:840} INFO - DAG(s) 'first_dag_pythonop' retrieved from /opt/airflow/dags/first_day_pythonop.py
[2024-04-04T18:11:50.631+0000] {logging_mixin.py:188} INFO - [2024-04-04T18:11:50.631+0000] {dag.py:3047} INFO - Sync 1 DAGs
[2024-04-04T18:11:50.649+0000] {logging_mixin.py:188} INFO - [2024-04-04T18:11:50.648+0000] {dag.py:3834} INFO - Setting next_dagrun for first_dag_pythonop to 2024-04-02 00:00:00+00:00, run_after=2024-04-03 00:00:00+00:00
[2024-04-04T18:11:50.666+0000] {processor.py:183} INFO - Processing /opt/airflow/dags/first_day_pythonop.py took 0.197 seconds
[2024-04-04T18:12:21.331+0000] {processor.py:161} INFO - Started process (PID=258) to work on /opt/airflow/dags/first_day_pythonop.py
[2024-04-04T18:12:21.332+0000] {processor.py:830} INFO - Processing file /opt/airflow/dags/first_day_pythonop.py for tasks to queue
[2024-04-04T18:12:21.334+0000] {logging_mixin.py:188} INFO - [2024-04-04T18:12:21.334+0000] {dagbag.py:540} INFO - Filling up the DagBag from /opt/airflow/dags/first_day_pythonop.py
[2024-04-04T18:12:21.350+0000] {processor.py:840} INFO - DAG(s) 'first_dag_pythonop' retrieved from /opt/airflow/dags/first_day_pythonop.py
[2024-04-04T18:12:21.370+0000] {logging_mixin.py:188} INFO - [2024-04-04T18:12:21.369+0000] {dag.py:3047} INFO - Sync 1 DAGs
[2024-04-04T18:12:21.390+0000] {logging_mixin.py:188} INFO - [2024-04-04T18:12:21.390+0000] {dag.py:3834} INFO - Setting next_dagrun for first_dag_pythonop to 2024-04-02 00:00:00+00:00, run_after=2024-04-03 00:00:00+00:00
[2024-04-04T18:12:21.408+0000] {processor.py:183} INFO - Processing /opt/airflow/dags/first_day_pythonop.py took 0.080 seconds
[2024-04-04T18:12:52.018+0000] {processor.py:161} INFO - Started process (PID=272) to work on /opt/airflow/dags/first_day_pythonop.py
[2024-04-04T18:12:52.019+0000] {processor.py:830} INFO - Processing file /opt/airflow/dags/first_day_pythonop.py for tasks to queue
[2024-04-04T18:12:52.021+0000] {logging_mixin.py:188} INFO - [2024-04-04T18:12:52.021+0000] {dagbag.py:540} INFO - Filling up the DagBag from /opt/airflow/dags/first_day_pythonop.py
[2024-04-04T18:12:52.037+0000] {processor.py:840} INFO - DAG(s) 'first_dag_pythonop' retrieved from /opt/airflow/dags/first_day_pythonop.py
[2024-04-04T18:12:52.055+0000] {logging_mixin.py:188} INFO - [2024-04-04T18:12:52.055+0000] {dag.py:3047} INFO - Sync 1 DAGs
[2024-04-04T18:12:52.074+0000] {logging_mixin.py:188} INFO - [2024-04-04T18:12:52.074+0000] {dag.py:3834} INFO - Setting next_dagrun for first_dag_pythonop to 2024-04-02 00:00:00+00:00, run_after=2024-04-03 00:00:00+00:00
[2024-04-04T18:12:52.089+0000] {processor.py:183} INFO - Processing /opt/airflow/dags/first_day_pythonop.py took 0.074 seconds
[2024-04-04T18:13:22.710+0000] {processor.py:161} INFO - Started process (PID=290) to work on /opt/airflow/dags/first_day_pythonop.py
[2024-04-04T18:13:22.711+0000] {processor.py:830} INFO - Processing file /opt/airflow/dags/first_day_pythonop.py for tasks to queue
[2024-04-04T18:13:22.712+0000] {logging_mixin.py:188} INFO - [2024-04-04T18:13:22.712+0000] {dagbag.py:540} INFO - Filling up the DagBag from /opt/airflow/dags/first_day_pythonop.py
[2024-04-04T18:13:22.725+0000] {processor.py:840} INFO - DAG(s) 'first_dag_pythonop' retrieved from /opt/airflow/dags/first_day_pythonop.py
[2024-04-04T18:13:22.742+0000] {logging_mixin.py:188} INFO - [2024-04-04T18:13:22.742+0000] {dag.py:3047} INFO - Sync 1 DAGs
[2024-04-04T18:13:22.760+0000] {logging_mixin.py:188} INFO - [2024-04-04T18:13:22.760+0000] {dag.py:3834} INFO - Setting next_dagrun for first_dag_pythonop to 2024-04-02 00:00:00+00:00, run_after=2024-04-03 00:00:00+00:00
[2024-04-04T18:13:22.775+0000] {processor.py:183} INFO - Processing /opt/airflow/dags/first_day_pythonop.py took 0.067 seconds
[2024-04-04T18:13:53.356+0000] {processor.py:161} INFO - Started process (PID=304) to work on /opt/airflow/dags/first_day_pythonop.py
[2024-04-04T18:13:53.357+0000] {processor.py:830} INFO - Processing file /opt/airflow/dags/first_day_pythonop.py for tasks to queue
[2024-04-04T18:13:53.358+0000] {logging_mixin.py:188} INFO - [2024-04-04T18:13:53.358+0000] {dagbag.py:540} INFO - Filling up the DagBag from /opt/airflow/dags/first_day_pythonop.py
[2024-04-04T18:13:53.375+0000] {processor.py:840} INFO - DAG(s) 'first_dag_pythonop' retrieved from /opt/airflow/dags/first_day_pythonop.py
[2024-04-04T18:13:53.464+0000] {logging_mixin.py:188} INFO - [2024-04-04T18:13:53.464+0000] {dag.py:3047} INFO - Sync 1 DAGs
[2024-04-04T18:13:53.486+0000] {logging_mixin.py:188} INFO - [2024-04-04T18:13:53.486+0000] {dag.py:3834} INFO - Setting next_dagrun for first_dag_pythonop to 2024-04-02 00:00:00+00:00, run_after=2024-04-03 00:00:00+00:00
[2024-04-04T18:13:53.501+0000] {processor.py:183} INFO - Processing /opt/airflow/dags/first_day_pythonop.py took 0.148 seconds
[2024-04-04T18:14:24.044+0000] {processor.py:161} INFO - Started process (PID=318) to work on /opt/airflow/dags/first_day_pythonop.py
[2024-04-04T18:14:24.045+0000] {processor.py:830} INFO - Processing file /opt/airflow/dags/first_day_pythonop.py for tasks to queue
[2024-04-04T18:14:24.046+0000] {logging_mixin.py:188} INFO - [2024-04-04T18:14:24.046+0000] {dagbag.py:540} INFO - Filling up the DagBag from /opt/airflow/dags/first_day_pythonop.py
[2024-04-04T18:14:24.062+0000] {processor.py:840} INFO - DAG(s) 'first_dag_pythonop' retrieved from /opt/airflow/dags/first_day_pythonop.py
[2024-04-04T18:14:24.080+0000] {logging_mixin.py:188} INFO - [2024-04-04T18:14:24.080+0000] {dag.py:3047} INFO - Sync 1 DAGs
[2024-04-04T18:14:24.099+0000] {logging_mixin.py:188} INFO - [2024-04-04T18:14:24.099+0000] {dag.py:3834} INFO - Setting next_dagrun for first_dag_pythonop to 2024-04-02 00:00:00+00:00, run_after=2024-04-03 00:00:00+00:00
[2024-04-04T18:14:24.116+0000] {processor.py:183} INFO - Processing /opt/airflow/dags/first_day_pythonop.py took 0.074 seconds
[2024-04-04T18:14:54.667+0000] {processor.py:161} INFO - Started process (PID=332) to work on /opt/airflow/dags/first_day_pythonop.py
[2024-04-04T18:14:54.668+0000] {processor.py:830} INFO - Processing file /opt/airflow/dags/first_day_pythonop.py for tasks to queue
[2024-04-04T18:14:54.669+0000] {logging_mixin.py:188} INFO - [2024-04-04T18:14:54.669+0000] {dagbag.py:540} INFO - Filling up the DagBag from /opt/airflow/dags/first_day_pythonop.py
[2024-04-04T18:14:54.685+0000] {processor.py:840} INFO - DAG(s) 'first_dag_pythonop' retrieved from /opt/airflow/dags/first_day_pythonop.py
[2024-04-04T18:14:54.704+0000] {logging_mixin.py:188} INFO - [2024-04-04T18:14:54.704+0000] {dag.py:3047} INFO - Sync 1 DAGs
[2024-04-04T18:14:54.724+0000] {logging_mixin.py:188} INFO - [2024-04-04T18:14:54.723+0000] {dag.py:3834} INFO - Setting next_dagrun for first_dag_pythonop to 2024-04-02 00:00:00+00:00, run_after=2024-04-03 00:00:00+00:00
[2024-04-04T18:14:54.742+0000] {processor.py:183} INFO - Processing /opt/airflow/dags/first_day_pythonop.py took 0.077 seconds
[2024-04-04T18:15:25.274+0000] {processor.py:161} INFO - Started process (PID=346) to work on /opt/airflow/dags/first_day_pythonop.py
[2024-04-04T18:15:25.275+0000] {processor.py:830} INFO - Processing file /opt/airflow/dags/first_day_pythonop.py for tasks to queue
[2024-04-04T18:15:25.276+0000] {logging_mixin.py:188} INFO - [2024-04-04T18:15:25.276+0000] {dagbag.py:540} INFO - Filling up the DagBag from /opt/airflow/dags/first_day_pythonop.py
[2024-04-04T18:15:25.289+0000] {processor.py:840} INFO - DAG(s) 'first_dag_pythonop' retrieved from /opt/airflow/dags/first_day_pythonop.py
[2024-04-04T18:15:25.306+0000] {logging_mixin.py:188} INFO - [2024-04-04T18:15:25.306+0000] {dag.py:3047} INFO - Sync 1 DAGs
[2024-04-04T18:15:25.325+0000] {logging_mixin.py:188} INFO - [2024-04-04T18:15:25.324+0000] {dag.py:3834} INFO - Setting next_dagrun for first_dag_pythonop to 2024-04-02 00:00:00+00:00, run_after=2024-04-03 00:00:00+00:00
[2024-04-04T18:15:25.348+0000] {processor.py:183} INFO - Processing /opt/airflow/dags/first_day_pythonop.py took 0.076 seconds
[2024-04-04T18:15:55.938+0000] {processor.py:161} INFO - Started process (PID=360) to work on /opt/airflow/dags/first_day_pythonop.py
[2024-04-04T18:15:55.939+0000] {processor.py:830} INFO - Processing file /opt/airflow/dags/first_day_pythonop.py for tasks to queue
[2024-04-04T18:15:55.941+0000] {logging_mixin.py:188} INFO - [2024-04-04T18:15:55.940+0000] {dagbag.py:540} INFO - Filling up the DagBag from /opt/airflow/dags/first_day_pythonop.py
[2024-04-04T18:15:55.955+0000] {processor.py:840} INFO - DAG(s) 'first_dag_pythonop' retrieved from /opt/airflow/dags/first_day_pythonop.py
[2024-04-04T18:15:55.972+0000] {logging_mixin.py:188} INFO - [2024-04-04T18:15:55.972+0000] {dag.py:3047} INFO - Sync 1 DAGs
[2024-04-04T18:15:55.990+0000] {logging_mixin.py:188} INFO - [2024-04-04T18:15:55.990+0000] {dag.py:3834} INFO - Setting next_dagrun for first_dag_pythonop to 2024-04-02 00:00:00+00:00, run_after=2024-04-03 00:00:00+00:00
[2024-04-04T18:15:56.005+0000] {processor.py:183} INFO - Processing /opt/airflow/dags/first_day_pythonop.py took 0.069 seconds
[2024-04-04T18:16:26.455+0000] {processor.py:161} INFO - Started process (PID=374) to work on /opt/airflow/dags/first_day_pythonop.py
[2024-04-04T18:16:26.456+0000] {processor.py:830} INFO - Processing file /opt/airflow/dags/first_day_pythonop.py for tasks to queue
[2024-04-04T18:16:26.457+0000] {logging_mixin.py:188} INFO - [2024-04-04T18:16:26.456+0000] {dagbag.py:540} INFO - Filling up the DagBag from /opt/airflow/dags/first_day_pythonop.py
[2024-04-04T18:16:26.470+0000] {processor.py:840} INFO - DAG(s) 'first_dag_pythonop' retrieved from /opt/airflow/dags/first_day_pythonop.py
[2024-04-04T18:16:26.488+0000] {logging_mixin.py:188} INFO - [2024-04-04T18:16:26.487+0000] {dag.py:3047} INFO - Sync 1 DAGs
[2024-04-04T18:16:26.506+0000] {logging_mixin.py:188} INFO - [2024-04-04T18:16:26.505+0000] {dag.py:3834} INFO - Setting next_dagrun for first_dag_pythonop to 2024-04-02 00:00:00+00:00, run_after=2024-04-03 00:00:00+00:00
[2024-04-04T18:16:26.521+0000] {processor.py:183} INFO - Processing /opt/airflow/dags/first_day_pythonop.py took 0.068 seconds
[2024-04-04T18:16:57.132+0000] {processor.py:161} INFO - Started process (PID=388) to work on /opt/airflow/dags/first_day_pythonop.py
[2024-04-04T18:16:57.132+0000] {processor.py:830} INFO - Processing file /opt/airflow/dags/first_day_pythonop.py for tasks to queue
[2024-04-04T18:16:57.134+0000] {logging_mixin.py:188} INFO - [2024-04-04T18:16:57.134+0000] {dagbag.py:540} INFO - Filling up the DagBag from /opt/airflow/dags/first_day_pythonop.py
[2024-04-04T18:16:57.148+0000] {processor.py:840} INFO - DAG(s) 'first_dag_pythonop' retrieved from /opt/airflow/dags/first_day_pythonop.py
[2024-04-04T18:16:57.164+0000] {logging_mixin.py:188} INFO - [2024-04-04T18:16:57.164+0000] {dag.py:3047} INFO - Sync 1 DAGs
[2024-04-04T18:16:57.183+0000] {logging_mixin.py:188} INFO - [2024-04-04T18:16:57.182+0000] {dag.py:3834} INFO - Setting next_dagrun for first_dag_pythonop to 2024-04-02 00:00:00+00:00, run_after=2024-04-03 00:00:00+00:00
[2024-04-04T18:16:57.199+0000] {processor.py:183} INFO - Processing /opt/airflow/dags/first_day_pythonop.py took 0.069 seconds
[2024-04-04T18:17:27.738+0000] {processor.py:161} INFO - Started process (PID=402) to work on /opt/airflow/dags/first_day_pythonop.py
[2024-04-04T18:17:27.739+0000] {processor.py:830} INFO - Processing file /opt/airflow/dags/first_day_pythonop.py for tasks to queue
[2024-04-04T18:17:27.741+0000] {logging_mixin.py:188} INFO - [2024-04-04T18:17:27.741+0000] {dagbag.py:540} INFO - Filling up the DagBag from /opt/airflow/dags/first_day_pythonop.py
[2024-04-04T18:17:27.757+0000] {processor.py:840} INFO - DAG(s) 'first_dag_pythonop' retrieved from /opt/airflow/dags/first_day_pythonop.py
[2024-04-04T18:17:27.774+0000] {logging_mixin.py:188} INFO - [2024-04-04T18:17:27.773+0000] {dag.py:3047} INFO - Sync 1 DAGs
[2024-04-04T18:17:27.791+0000] {logging_mixin.py:188} INFO - [2024-04-04T18:17:27.790+0000] {dag.py:3834} INFO - Setting next_dagrun for first_dag_pythonop to 2024-04-02 00:00:00+00:00, run_after=2024-04-03 00:00:00+00:00
[2024-04-04T18:17:27.806+0000] {processor.py:183} INFO - Processing /opt/airflow/dags/first_day_pythonop.py took 0.070 seconds
[2024-04-04T18:17:58.281+0000] {processor.py:161} INFO - Started process (PID=416) to work on /opt/airflow/dags/first_day_pythonop.py
[2024-04-04T18:17:58.282+0000] {processor.py:830} INFO - Processing file /opt/airflow/dags/first_day_pythonop.py for tasks to queue
[2024-04-04T18:17:58.283+0000] {logging_mixin.py:188} INFO - [2024-04-04T18:17:58.283+0000] {dagbag.py:540} INFO - Filling up the DagBag from /opt/airflow/dags/first_day_pythonop.py
[2024-04-04T18:17:58.299+0000] {processor.py:840} INFO - DAG(s) 'first_dag_pythonop' retrieved from /opt/airflow/dags/first_day_pythonop.py
[2024-04-04T18:17:58.401+0000] {logging_mixin.py:188} INFO - [2024-04-04T18:17:58.401+0000] {dag.py:3047} INFO - Sync 1 DAGs
[2024-04-04T18:17:58.420+0000] {logging_mixin.py:188} INFO - [2024-04-04T18:17:58.419+0000] {dag.py:3834} INFO - Setting next_dagrun for first_dag_pythonop to 2024-04-02 00:00:00+00:00, run_after=2024-04-03 00:00:00+00:00
[2024-04-04T18:17:58.437+0000] {processor.py:183} INFO - Processing /opt/airflow/dags/first_day_pythonop.py took 0.159 seconds
[2024-04-04T18:18:28.979+0000] {processor.py:161} INFO - Started process (PID=430) to work on /opt/airflow/dags/first_day_pythonop.py
[2024-04-04T18:18:28.980+0000] {processor.py:830} INFO - Processing file /opt/airflow/dags/first_day_pythonop.py for tasks to queue
[2024-04-04T18:18:28.981+0000] {logging_mixin.py:188} INFO - [2024-04-04T18:18:28.981+0000] {dagbag.py:540} INFO - Filling up the DagBag from /opt/airflow/dags/first_day_pythonop.py
[2024-04-04T18:18:28.996+0000] {processor.py:840} INFO - DAG(s) 'first_dag_pythonop' retrieved from /opt/airflow/dags/first_day_pythonop.py
[2024-04-04T18:18:29.013+0000] {logging_mixin.py:188} INFO - [2024-04-04T18:18:29.013+0000] {dag.py:3047} INFO - Sync 1 DAGs
[2024-04-04T18:18:29.031+0000] {logging_mixin.py:188} INFO - [2024-04-04T18:18:29.030+0000] {dag.py:3834} INFO - Setting next_dagrun for first_dag_pythonop to 2024-04-02 00:00:00+00:00, run_after=2024-04-03 00:00:00+00:00
[2024-04-04T18:18:29.045+0000] {processor.py:183} INFO - Processing /opt/airflow/dags/first_day_pythonop.py took 0.068 seconds
