[2024-04-04T18:05:40.880+0000] {processor.py:161} INFO - Started process (PID=47) to work on /opt/airflow/dags/first_taskflowpyt.py
[2024-04-04T18:05:40.881+0000] {processor.py:830} INFO - Processing file /opt/airflow/dags/first_taskflowpyt.py for tasks to queue
[2024-04-04T18:05:40.883+0000] {logging_mixin.py:188} INFO - [2024-04-04T18:05:40.882+0000] {dagbag.py:540} INFO - Filling up the DagBag from /opt/airflow/dags/first_taskflowpyt.py
[2024-04-04T18:05:40.903+0000] {processor.py:840} INFO - DAG(s) 'first_taskflow' retrieved from /opt/airflow/dags/first_taskflowpyt.py
[2024-04-04T18:05:40.926+0000] {logging_mixin.py:188} INFO - [2024-04-04T18:05:40.926+0000] {dag.py:3047} INFO - Sync 1 DAGs
[2024-04-04T18:05:40.945+0000] {logging_mixin.py:188} INFO - [2024-04-04T18:05:40.945+0000] {dag.py:3834} INFO - Setting next_dagrun for first_taskflow to 2024-04-02 00:00:00+00:00, run_after=2024-04-03 00:00:00+00:00
[2024-04-04T18:05:40.964+0000] {processor.py:183} INFO - Processing /opt/airflow/dags/first_taskflowpyt.py took 0.087 seconds
[2024-04-04T18:06:11.564+0000] {processor.py:161} INFO - Started process (PID=61) to work on /opt/airflow/dags/first_taskflowpyt.py
[2024-04-04T18:06:11.565+0000] {processor.py:830} INFO - Processing file /opt/airflow/dags/first_taskflowpyt.py for tasks to queue
[2024-04-04T18:06:11.567+0000] {logging_mixin.py:188} INFO - [2024-04-04T18:06:11.566+0000] {dagbag.py:540} INFO - Filling up the DagBag from /opt/airflow/dags/first_taskflowpyt.py
[2024-04-04T18:06:11.584+0000] {processor.py:840} INFO - DAG(s) 'first_taskflow' retrieved from /opt/airflow/dags/first_taskflowpyt.py
[2024-04-04T18:06:11.602+0000] {logging_mixin.py:188} INFO - [2024-04-04T18:06:11.602+0000] {dag.py:3047} INFO - Sync 1 DAGs
[2024-04-04T18:06:11.622+0000] {logging_mixin.py:188} INFO - [2024-04-04T18:06:11.621+0000] {dag.py:3834} INFO - Setting next_dagrun for first_taskflow to 2024-04-02 00:00:00+00:00, run_after=2024-04-03 00:00:00+00:00
[2024-04-04T18:06:11.638+0000] {processor.py:183} INFO - Processing /opt/airflow/dags/first_taskflowpyt.py took 0.077 seconds
[2024-04-04T18:06:42.501+0000] {processor.py:161} INFO - Started process (PID=75) to work on /opt/airflow/dags/first_taskflowpyt.py
[2024-04-04T18:06:42.503+0000] {processor.py:830} INFO - Processing file /opt/airflow/dags/first_taskflowpyt.py for tasks to queue
[2024-04-04T18:06:42.504+0000] {logging_mixin.py:188} INFO - [2024-04-04T18:06:42.504+0000] {dagbag.py:540} INFO - Filling up the DagBag from /opt/airflow/dags/first_taskflowpyt.py
[2024-04-04T18:06:42.530+0000] {processor.py:840} INFO - DAG(s) 'first_taskflow' retrieved from /opt/airflow/dags/first_taskflowpyt.py
[2024-04-04T18:06:42.558+0000] {logging_mixin.py:188} INFO - [2024-04-04T18:06:42.557+0000] {dag.py:3047} INFO - Sync 1 DAGs
[2024-04-04T18:06:42.584+0000] {logging_mixin.py:188} INFO - [2024-04-04T18:06:42.583+0000] {dag.py:3834} INFO - Setting next_dagrun for first_taskflow to 2024-04-02 00:00:00+00:00, run_after=2024-04-03 00:00:00+00:00
[2024-04-04T18:06:42.606+0000] {processor.py:183} INFO - Processing /opt/airflow/dags/first_taskflowpyt.py took 0.109 seconds
[2024-04-04T18:07:13.251+0000] {processor.py:161} INFO - Started process (PID=105) to work on /opt/airflow/dags/first_taskflowpyt.py
[2024-04-04T18:07:13.252+0000] {processor.py:830} INFO - Processing file /opt/airflow/dags/first_taskflowpyt.py for tasks to queue
[2024-04-04T18:07:13.253+0000] {logging_mixin.py:188} INFO - [2024-04-04T18:07:13.253+0000] {dagbag.py:540} INFO - Filling up the DagBag from /opt/airflow/dags/first_taskflowpyt.py
[2024-04-04T18:07:13.268+0000] {processor.py:840} INFO - DAG(s) 'first_taskflow' retrieved from /opt/airflow/dags/first_taskflowpyt.py
[2024-04-04T18:07:13.287+0000] {logging_mixin.py:188} INFO - [2024-04-04T18:07:13.287+0000] {dag.py:3047} INFO - Sync 1 DAGs
[2024-04-04T18:07:13.306+0000] {logging_mixin.py:188} INFO - [2024-04-04T18:07:13.306+0000] {dag.py:3834} INFO - Setting next_dagrun for first_taskflow to 2024-04-04 00:00:00+00:00, run_after=2024-04-05 00:00:00+00:00
[2024-04-04T18:07:13.322+0000] {processor.py:183} INFO - Processing /opt/airflow/dags/first_taskflowpyt.py took 0.074 seconds
[2024-04-04T18:07:43.937+0000] {processor.py:161} INFO - Started process (PID=119) to work on /opt/airflow/dags/first_taskflowpyt.py
[2024-04-04T18:07:43.938+0000] {processor.py:830} INFO - Processing file /opt/airflow/dags/first_taskflowpyt.py for tasks to queue
[2024-04-04T18:07:43.939+0000] {logging_mixin.py:188} INFO - [2024-04-04T18:07:43.939+0000] {dagbag.py:540} INFO - Filling up the DagBag from /opt/airflow/dags/first_taskflowpyt.py
[2024-04-04T18:07:43.958+0000] {processor.py:840} INFO - DAG(s) 'first_taskflow' retrieved from /opt/airflow/dags/first_taskflowpyt.py
[2024-04-04T18:07:43.975+0000] {logging_mixin.py:188} INFO - [2024-04-04T18:07:43.975+0000] {dag.py:3047} INFO - Sync 1 DAGs
[2024-04-04T18:07:43.993+0000] {logging_mixin.py:188} INFO - [2024-04-04T18:07:43.992+0000] {dag.py:3834} INFO - Setting next_dagrun for first_taskflow to 2024-04-04 00:00:00+00:00, run_after=2024-04-05 00:00:00+00:00
[2024-04-04T18:07:44.008+0000] {processor.py:183} INFO - Processing /opt/airflow/dags/first_taskflowpyt.py took 0.073 seconds
[2024-04-04T18:08:14.738+0000] {processor.py:161} INFO - Started process (PID=133) to work on /opt/airflow/dags/first_taskflowpyt.py
[2024-04-04T18:08:14.739+0000] {processor.py:830} INFO - Processing file /opt/airflow/dags/first_taskflowpyt.py for tasks to queue
[2024-04-04T18:08:14.741+0000] {logging_mixin.py:188} INFO - [2024-04-04T18:08:14.740+0000] {dagbag.py:540} INFO - Filling up the DagBag from /opt/airflow/dags/first_taskflowpyt.py
[2024-04-04T18:08:14.759+0000] {processor.py:840} INFO - DAG(s) 'first_taskflow' retrieved from /opt/airflow/dags/first_taskflowpyt.py
[2024-04-04T18:08:14.778+0000] {logging_mixin.py:188} INFO - [2024-04-04T18:08:14.777+0000] {dag.py:3047} INFO - Sync 1 DAGs
[2024-04-04T18:08:14.798+0000] {logging_mixin.py:188} INFO - [2024-04-04T18:08:14.798+0000] {dag.py:3834} INFO - Setting next_dagrun for first_taskflow to 2024-04-04 00:00:00+00:00, run_after=2024-04-05 00:00:00+00:00
[2024-04-04T18:08:14.814+0000] {processor.py:183} INFO - Processing /opt/airflow/dags/first_taskflowpyt.py took 0.079 seconds
[2024-04-04T18:08:45.674+0000] {processor.py:161} INFO - Started process (PID=147) to work on /opt/airflow/dags/first_taskflowpyt.py
[2024-04-04T18:08:45.675+0000] {processor.py:830} INFO - Processing file /opt/airflow/dags/first_taskflowpyt.py for tasks to queue
[2024-04-04T18:08:45.677+0000] {logging_mixin.py:188} INFO - [2024-04-04T18:08:45.677+0000] {dagbag.py:540} INFO - Filling up the DagBag from /opt/airflow/dags/first_taskflowpyt.py
[2024-04-04T18:08:45.700+0000] {processor.py:840} INFO - DAG(s) 'first_taskflow' retrieved from /opt/airflow/dags/first_taskflowpyt.py
[2024-04-04T18:08:45.724+0000] {logging_mixin.py:188} INFO - [2024-04-04T18:08:45.724+0000] {dag.py:3047} INFO - Sync 1 DAGs
[2024-04-04T18:08:45.749+0000] {logging_mixin.py:188} INFO - [2024-04-04T18:08:45.749+0000] {dag.py:3834} INFO - Setting next_dagrun for first_taskflow to 2024-04-04 00:00:00+00:00, run_after=2024-04-05 00:00:00+00:00
[2024-04-04T18:08:45.772+0000] {processor.py:183} INFO - Processing /opt/airflow/dags/first_taskflowpyt.py took 0.101 seconds
[2024-04-04T18:09:16.419+0000] {processor.py:161} INFO - Started process (PID=173) to work on /opt/airflow/dags/first_taskflowpyt.py
[2024-04-04T18:09:16.420+0000] {processor.py:830} INFO - Processing file /opt/airflow/dags/first_taskflowpyt.py for tasks to queue
[2024-04-04T18:09:16.422+0000] {logging_mixin.py:188} INFO - [2024-04-04T18:09:16.421+0000] {dagbag.py:540} INFO - Filling up the DagBag from /opt/airflow/dags/first_taskflowpyt.py
[2024-04-04T18:09:16.439+0000] {processor.py:840} INFO - DAG(s) 'first_taskflow' retrieved from /opt/airflow/dags/first_taskflowpyt.py
[2024-04-04T18:09:16.458+0000] {logging_mixin.py:188} INFO - [2024-04-04T18:09:16.458+0000] {dag.py:3047} INFO - Sync 1 DAGs
[2024-04-04T18:09:16.478+0000] {logging_mixin.py:188} INFO - [2024-04-04T18:09:16.477+0000] {dag.py:3834} INFO - Setting next_dagrun for first_taskflow to 2024-04-04 00:00:00+00:00, run_after=2024-04-05 00:00:00+00:00
[2024-04-04T18:09:16.495+0000] {processor.py:183} INFO - Processing /opt/airflow/dags/first_taskflowpyt.py took 0.078 seconds
[2024-04-04T18:09:47.121+0000] {processor.py:161} INFO - Started process (PID=187) to work on /opt/airflow/dags/first_taskflowpyt.py
[2024-04-04T18:09:47.122+0000] {processor.py:830} INFO - Processing file /opt/airflow/dags/first_taskflowpyt.py for tasks to queue
[2024-04-04T18:09:47.124+0000] {logging_mixin.py:188} INFO - [2024-04-04T18:09:47.123+0000] {dagbag.py:540} INFO - Filling up the DagBag from /opt/airflow/dags/first_taskflowpyt.py
[2024-04-04T18:09:47.140+0000] {processor.py:840} INFO - DAG(s) 'first_taskflow' retrieved from /opt/airflow/dags/first_taskflowpyt.py
[2024-04-04T18:09:47.159+0000] {logging_mixin.py:188} INFO - [2024-04-04T18:09:47.158+0000] {dag.py:3047} INFO - Sync 1 DAGs
[2024-04-04T18:09:47.179+0000] {logging_mixin.py:188} INFO - [2024-04-04T18:09:47.179+0000] {dag.py:3834} INFO - Setting next_dagrun for first_taskflow to 2024-04-04 00:00:00+00:00, run_after=2024-04-05 00:00:00+00:00
[2024-04-04T18:09:47.198+0000] {processor.py:183} INFO - Processing /opt/airflow/dags/first_taskflowpyt.py took 0.079 seconds
[2024-04-04T18:10:17.880+0000] {processor.py:161} INFO - Started process (PID=201) to work on /opt/airflow/dags/first_taskflowpyt.py
[2024-04-04T18:10:17.881+0000] {processor.py:830} INFO - Processing file /opt/airflow/dags/first_taskflowpyt.py for tasks to queue
[2024-04-04T18:10:17.882+0000] {logging_mixin.py:188} INFO - [2024-04-04T18:10:17.882+0000] {dagbag.py:540} INFO - Filling up the DagBag from /opt/airflow/dags/first_taskflowpyt.py
[2024-04-04T18:10:17.900+0000] {processor.py:840} INFO - DAG(s) 'first_taskflow' retrieved from /opt/airflow/dags/first_taskflowpyt.py
[2024-04-04T18:10:17.919+0000] {logging_mixin.py:188} INFO - [2024-04-04T18:10:17.919+0000] {dag.py:3047} INFO - Sync 1 DAGs
[2024-04-04T18:10:17.939+0000] {logging_mixin.py:188} INFO - [2024-04-04T18:10:17.938+0000] {dag.py:3834} INFO - Setting next_dagrun for first_taskflow to 2024-04-04 00:00:00+00:00, run_after=2024-04-05 00:00:00+00:00
[2024-04-04T18:10:17.957+0000] {processor.py:183} INFO - Processing /opt/airflow/dags/first_taskflowpyt.py took 0.080 seconds
[2024-04-04T18:10:48.639+0000] {processor.py:161} INFO - Started process (PID=215) to work on /opt/airflow/dags/first_taskflowpyt.py
[2024-04-04T18:10:48.640+0000] {processor.py:830} INFO - Processing file /opt/airflow/dags/first_taskflowpyt.py for tasks to queue
[2024-04-04T18:10:48.641+0000] {logging_mixin.py:188} INFO - [2024-04-04T18:10:48.641+0000] {dagbag.py:540} INFO - Filling up the DagBag from /opt/airflow/dags/first_taskflowpyt.py
[2024-04-04T18:10:48.657+0000] {processor.py:840} INFO - DAG(s) 'first_taskflow' retrieved from /opt/airflow/dags/first_taskflowpyt.py
[2024-04-04T18:10:48.674+0000] {logging_mixin.py:188} INFO - [2024-04-04T18:10:48.674+0000] {dag.py:3047} INFO - Sync 1 DAGs
[2024-04-04T18:10:48.693+0000] {logging_mixin.py:188} INFO - [2024-04-04T18:10:48.692+0000] {dag.py:3834} INFO - Setting next_dagrun for first_taskflow to 2024-04-04 00:00:00+00:00, run_after=2024-04-05 00:00:00+00:00
[2024-04-04T18:10:48.708+0000] {processor.py:183} INFO - Processing /opt/airflow/dags/first_taskflowpyt.py took 0.071 seconds
[2024-04-04T18:11:19.277+0000] {processor.py:161} INFO - Started process (PID=229) to work on /opt/airflow/dags/first_taskflowpyt.py
[2024-04-04T18:11:19.278+0000] {processor.py:830} INFO - Processing file /opt/airflow/dags/first_taskflowpyt.py for tasks to queue
[2024-04-04T18:11:19.280+0000] {logging_mixin.py:188} INFO - [2024-04-04T18:11:19.279+0000] {dagbag.py:540} INFO - Filling up the DagBag from /opt/airflow/dags/first_taskflowpyt.py
[2024-04-04T18:11:19.304+0000] {processor.py:840} INFO - DAG(s) 'first_taskflow' retrieved from /opt/airflow/dags/first_taskflowpyt.py
[2024-04-04T18:11:19.326+0000] {logging_mixin.py:188} INFO - [2024-04-04T18:11:19.326+0000] {dag.py:3047} INFO - Sync 1 DAGs
[2024-04-04T18:11:19.347+0000] {logging_mixin.py:188} INFO - [2024-04-04T18:11:19.346+0000] {dag.py:3834} INFO - Setting next_dagrun for first_taskflow to 2024-04-04 00:00:00+00:00, run_after=2024-04-05 00:00:00+00:00
[2024-04-04T18:11:19.367+0000] {processor.py:183} INFO - Processing /opt/airflow/dags/first_taskflowpyt.py took 0.094 seconds
[2024-04-04T18:11:50.456+0000] {processor.py:161} INFO - Started process (PID=243) to work on /opt/airflow/dags/first_taskflowpyt.py
[2024-04-04T18:11:50.457+0000] {processor.py:830} INFO - Processing file /opt/airflow/dags/first_taskflowpyt.py for tasks to queue
[2024-04-04T18:11:50.460+0000] {logging_mixin.py:188} INFO - [2024-04-04T18:11:50.460+0000] {dagbag.py:540} INFO - Filling up the DagBag from /opt/airflow/dags/first_taskflowpyt.py
[2024-04-04T18:11:50.496+0000] {processor.py:840} INFO - DAG(s) 'first_taskflow' retrieved from /opt/airflow/dags/first_taskflowpyt.py
[2024-04-04T18:11:50.630+0000] {logging_mixin.py:188} INFO - [2024-04-04T18:11:50.629+0000] {dag.py:3047} INFO - Sync 1 DAGs
[2024-04-04T18:11:50.648+0000] {logging_mixin.py:188} INFO - [2024-04-04T18:11:50.647+0000] {dag.py:3834} INFO - Setting next_dagrun for first_taskflow to 2024-04-04 00:00:00+00:00, run_after=2024-04-05 00:00:00+00:00
[2024-04-04T18:11:50.666+0000] {processor.py:183} INFO - Processing /opt/airflow/dags/first_taskflowpyt.py took 0.214 seconds
[2024-04-04T18:12:21.324+0000] {processor.py:161} INFO - Started process (PID=257) to work on /opt/airflow/dags/first_taskflowpyt.py
[2024-04-04T18:12:21.325+0000] {processor.py:830} INFO - Processing file /opt/airflow/dags/first_taskflowpyt.py for tasks to queue
[2024-04-04T18:12:21.326+0000] {logging_mixin.py:188} INFO - [2024-04-04T18:12:21.326+0000] {dagbag.py:540} INFO - Filling up the DagBag from /opt/airflow/dags/first_taskflowpyt.py
[2024-04-04T18:12:21.343+0000] {processor.py:840} INFO - DAG(s) 'first_taskflow' retrieved from /opt/airflow/dags/first_taskflowpyt.py
[2024-04-04T18:12:21.364+0000] {logging_mixin.py:188} INFO - [2024-04-04T18:12:21.363+0000] {dag.py:3047} INFO - Sync 1 DAGs
[2024-04-04T18:12:21.384+0000] {logging_mixin.py:188} INFO - [2024-04-04T18:12:21.384+0000] {dag.py:3834} INFO - Setting next_dagrun for first_taskflow to 2024-04-04 00:00:00+00:00, run_after=2024-04-05 00:00:00+00:00
[2024-04-04T18:12:21.403+0000] {processor.py:183} INFO - Processing /opt/airflow/dags/first_taskflowpyt.py took 0.082 seconds
[2024-04-04T18:12:52.011+0000] {processor.py:161} INFO - Started process (PID=271) to work on /opt/airflow/dags/first_taskflowpyt.py
[2024-04-04T18:12:52.012+0000] {processor.py:830} INFO - Processing file /opt/airflow/dags/first_taskflowpyt.py for tasks to queue
[2024-04-04T18:12:52.014+0000] {logging_mixin.py:188} INFO - [2024-04-04T18:12:52.013+0000] {dagbag.py:540} INFO - Filling up the DagBag from /opt/airflow/dags/first_taskflowpyt.py
[2024-04-04T18:12:52.032+0000] {processor.py:840} INFO - DAG(s) 'first_taskflow' retrieved from /opt/airflow/dags/first_taskflowpyt.py
[2024-04-04T18:12:52.052+0000] {logging_mixin.py:188} INFO - [2024-04-04T18:12:52.052+0000] {dag.py:3047} INFO - Sync 1 DAGs
[2024-04-04T18:12:52.072+0000] {logging_mixin.py:188} INFO - [2024-04-04T18:12:52.071+0000] {dag.py:3834} INFO - Setting next_dagrun for first_taskflow to 2024-04-04 00:00:00+00:00, run_after=2024-04-05 00:00:00+00:00
[2024-04-04T18:12:52.089+0000] {processor.py:183} INFO - Processing /opt/airflow/dags/first_taskflowpyt.py took 0.081 seconds
[2024-04-04T18:13:22.598+0000] {processor.py:161} INFO - Started process (PID=289) to work on /opt/airflow/dags/first_taskflowpyt.py
[2024-04-04T18:13:22.599+0000] {processor.py:830} INFO - Processing file /opt/airflow/dags/first_taskflowpyt.py for tasks to queue
[2024-04-04T18:13:22.600+0000] {logging_mixin.py:188} INFO - [2024-04-04T18:13:22.600+0000] {dagbag.py:540} INFO - Filling up the DagBag from /opt/airflow/dags/first_taskflowpyt.py
[2024-04-04T18:13:22.633+0000] {processor.py:840} INFO - DAG(s) 'first_taskflow' retrieved from /opt/airflow/dags/first_taskflowpyt.py
[2024-04-04T18:13:22.658+0000] {logging_mixin.py:188} INFO - [2024-04-04T18:13:22.658+0000] {dag.py:3047} INFO - Sync 1 DAGs
[2024-04-04T18:13:22.677+0000] {logging_mixin.py:188} INFO - [2024-04-04T18:13:22.677+0000] {dag.py:3834} INFO - Setting next_dagrun for first_taskflow to 2024-04-04 00:00:00+00:00, run_after=2024-04-05 00:00:00+00:00
[2024-04-04T18:13:22.692+0000] {processor.py:183} INFO - Processing /opt/airflow/dags/first_taskflowpyt.py took 0.098 seconds
[2024-04-04T18:13:53.347+0000] {processor.py:161} INFO - Started process (PID=303) to work on /opt/airflow/dags/first_taskflowpyt.py
[2024-04-04T18:13:53.348+0000] {processor.py:830} INFO - Processing file /opt/airflow/dags/first_taskflowpyt.py for tasks to queue
[2024-04-04T18:13:53.350+0000] {logging_mixin.py:188} INFO - [2024-04-04T18:13:53.349+0000] {dagbag.py:540} INFO - Filling up the DagBag from /opt/airflow/dags/first_taskflowpyt.py
[2024-04-04T18:13:53.368+0000] {processor.py:840} INFO - DAG(s) 'first_taskflow' retrieved from /opt/airflow/dags/first_taskflowpyt.py
[2024-04-04T18:13:53.387+0000] {logging_mixin.py:188} INFO - [2024-04-04T18:13:53.387+0000] {dag.py:3047} INFO - Sync 1 DAGs
[2024-04-04T18:13:53.405+0000] {logging_mixin.py:188} INFO - [2024-04-04T18:13:53.405+0000] {dag.py:3834} INFO - Setting next_dagrun for first_taskflow to 2024-04-04 00:00:00+00:00, run_after=2024-04-05 00:00:00+00:00
[2024-04-04T18:13:53.420+0000] {processor.py:183} INFO - Processing /opt/airflow/dags/first_taskflowpyt.py took 0.076 seconds
[2024-04-04T18:14:23.947+0000] {processor.py:161} INFO - Started process (PID=317) to work on /opt/airflow/dags/first_taskflowpyt.py
[2024-04-04T18:14:23.948+0000] {processor.py:830} INFO - Processing file /opt/airflow/dags/first_taskflowpyt.py for tasks to queue
[2024-04-04T18:14:23.951+0000] {logging_mixin.py:188} INFO - [2024-04-04T18:14:23.950+0000] {dagbag.py:540} INFO - Filling up the DagBag from /opt/airflow/dags/first_taskflowpyt.py
[2024-04-04T18:14:23.971+0000] {processor.py:840} INFO - DAG(s) 'first_taskflow' retrieved from /opt/airflow/dags/first_taskflowpyt.py
[2024-04-04T18:14:23.991+0000] {logging_mixin.py:188} INFO - [2024-04-04T18:14:23.991+0000] {dag.py:3047} INFO - Sync 1 DAGs
[2024-04-04T18:14:24.010+0000] {logging_mixin.py:188} INFO - [2024-04-04T18:14:24.010+0000] {dag.py:3834} INFO - Setting next_dagrun for first_taskflow to 2024-04-04 00:00:00+00:00, run_after=2024-04-05 00:00:00+00:00
[2024-04-04T18:14:24.028+0000] {processor.py:183} INFO - Processing /opt/airflow/dags/first_taskflowpyt.py took 0.083 seconds
[2024-04-04T18:14:54.556+0000] {processor.py:161} INFO - Started process (PID=331) to work on /opt/airflow/dags/first_taskflowpyt.py
[2024-04-04T18:14:54.557+0000] {processor.py:830} INFO - Processing file /opt/airflow/dags/first_taskflowpyt.py for tasks to queue
[2024-04-04T18:14:54.559+0000] {logging_mixin.py:188} INFO - [2024-04-04T18:14:54.558+0000] {dagbag.py:540} INFO - Filling up the DagBag from /opt/airflow/dags/first_taskflowpyt.py
[2024-04-04T18:14:54.580+0000] {processor.py:840} INFO - DAG(s) 'first_taskflow' retrieved from /opt/airflow/dags/first_taskflowpyt.py
[2024-04-04T18:14:54.602+0000] {logging_mixin.py:188} INFO - [2024-04-04T18:14:54.601+0000] {dag.py:3047} INFO - Sync 1 DAGs
[2024-04-04T18:14:54.621+0000] {logging_mixin.py:188} INFO - [2024-04-04T18:14:54.621+0000] {dag.py:3834} INFO - Setting next_dagrun for first_taskflow to 2024-04-04 00:00:00+00:00, run_after=2024-04-05 00:00:00+00:00
[2024-04-04T18:14:54.637+0000] {processor.py:183} INFO - Processing /opt/airflow/dags/first_taskflowpyt.py took 0.084 seconds
[2024-04-04T18:15:25.187+0000] {processor.py:161} INFO - Started process (PID=345) to work on /opt/airflow/dags/first_taskflowpyt.py
[2024-04-04T18:15:25.187+0000] {processor.py:830} INFO - Processing file /opt/airflow/dags/first_taskflowpyt.py for tasks to queue
[2024-04-04T18:15:25.189+0000] {logging_mixin.py:188} INFO - [2024-04-04T18:15:25.188+0000] {dagbag.py:540} INFO - Filling up the DagBag from /opt/airflow/dags/first_taskflowpyt.py
[2024-04-04T18:15:25.203+0000] {processor.py:840} INFO - DAG(s) 'first_taskflow' retrieved from /opt/airflow/dags/first_taskflowpyt.py
[2024-04-04T18:15:25.220+0000] {logging_mixin.py:188} INFO - [2024-04-04T18:15:25.220+0000] {dag.py:3047} INFO - Sync 1 DAGs
[2024-04-04T18:15:25.236+0000] {logging_mixin.py:188} INFO - [2024-04-04T18:15:25.236+0000] {dag.py:3834} INFO - Setting next_dagrun for first_taskflow to 2024-04-04 00:00:00+00:00, run_after=2024-04-05 00:00:00+00:00
[2024-04-04T18:15:25.251+0000] {processor.py:183} INFO - Processing /opt/airflow/dags/first_taskflowpyt.py took 0.066 seconds
[2024-04-04T18:15:55.844+0000] {processor.py:161} INFO - Started process (PID=359) to work on /opt/airflow/dags/first_taskflowpyt.py
[2024-04-04T18:15:55.845+0000] {processor.py:830} INFO - Processing file /opt/airflow/dags/first_taskflowpyt.py for tasks to queue
[2024-04-04T18:15:55.846+0000] {logging_mixin.py:188} INFO - [2024-04-04T18:15:55.846+0000] {dagbag.py:540} INFO - Filling up the DagBag from /opt/airflow/dags/first_taskflowpyt.py
[2024-04-04T18:15:55.863+0000] {processor.py:840} INFO - DAG(s) 'first_taskflow' retrieved from /opt/airflow/dags/first_taskflowpyt.py
[2024-04-04T18:15:55.880+0000] {logging_mixin.py:188} INFO - [2024-04-04T18:15:55.879+0000] {dag.py:3047} INFO - Sync 1 DAGs
[2024-04-04T18:15:55.897+0000] {logging_mixin.py:188} INFO - [2024-04-04T18:15:55.897+0000] {dag.py:3834} INFO - Setting next_dagrun for first_taskflow to 2024-04-04 00:00:00+00:00, run_after=2024-04-05 00:00:00+00:00
[2024-04-04T18:15:55.912+0000] {processor.py:183} INFO - Processing /opt/airflow/dags/first_taskflowpyt.py took 0.069 seconds
[2024-04-04T18:16:26.369+0000] {processor.py:161} INFO - Started process (PID=373) to work on /opt/airflow/dags/first_taskflowpyt.py
[2024-04-04T18:16:26.369+0000] {processor.py:830} INFO - Processing file /opt/airflow/dags/first_taskflowpyt.py for tasks to queue
[2024-04-04T18:16:26.370+0000] {logging_mixin.py:188} INFO - [2024-04-04T18:16:26.370+0000] {dagbag.py:540} INFO - Filling up the DagBag from /opt/airflow/dags/first_taskflowpyt.py
[2024-04-04T18:16:26.386+0000] {processor.py:840} INFO - DAG(s) 'first_taskflow' retrieved from /opt/airflow/dags/first_taskflowpyt.py
[2024-04-04T18:16:26.404+0000] {logging_mixin.py:188} INFO - [2024-04-04T18:16:26.403+0000] {dag.py:3047} INFO - Sync 1 DAGs
[2024-04-04T18:16:26.420+0000] {logging_mixin.py:188} INFO - [2024-04-04T18:16:26.420+0000] {dag.py:3834} INFO - Setting next_dagrun for first_taskflow to 2024-04-04 00:00:00+00:00, run_after=2024-04-05 00:00:00+00:00
[2024-04-04T18:16:26.435+0000] {processor.py:183} INFO - Processing /opt/airflow/dags/first_taskflowpyt.py took 0.069 seconds
[2024-04-04T18:16:57.047+0000] {processor.py:161} INFO - Started process (PID=387) to work on /opt/airflow/dags/first_taskflowpyt.py
[2024-04-04T18:16:57.048+0000] {processor.py:830} INFO - Processing file /opt/airflow/dags/first_taskflowpyt.py for tasks to queue
[2024-04-04T18:16:57.049+0000] {logging_mixin.py:188} INFO - [2024-04-04T18:16:57.049+0000] {dagbag.py:540} INFO - Filling up the DagBag from /opt/airflow/dags/first_taskflowpyt.py
[2024-04-04T18:16:57.064+0000] {processor.py:840} INFO - DAG(s) 'first_taskflow' retrieved from /opt/airflow/dags/first_taskflowpyt.py
[2024-04-04T18:16:57.081+0000] {logging_mixin.py:188} INFO - [2024-04-04T18:16:57.081+0000] {dag.py:3047} INFO - Sync 1 DAGs
[2024-04-04T18:16:57.099+0000] {logging_mixin.py:188} INFO - [2024-04-04T18:16:57.098+0000] {dag.py:3834} INFO - Setting next_dagrun for first_taskflow to 2024-04-04 00:00:00+00:00, run_after=2024-04-05 00:00:00+00:00
[2024-04-04T18:16:57.114+0000] {processor.py:183} INFO - Processing /opt/airflow/dags/first_taskflowpyt.py took 0.069 seconds
[2024-04-04T18:17:27.651+0000] {processor.py:161} INFO - Started process (PID=401) to work on /opt/airflow/dags/first_taskflowpyt.py
[2024-04-04T18:17:27.651+0000] {processor.py:830} INFO - Processing file /opt/airflow/dags/first_taskflowpyt.py for tasks to queue
[2024-04-04T18:17:27.653+0000] {logging_mixin.py:188} INFO - [2024-04-04T18:17:27.652+0000] {dagbag.py:540} INFO - Filling up the DagBag from /opt/airflow/dags/first_taskflowpyt.py
[2024-04-04T18:17:27.669+0000] {processor.py:840} INFO - DAG(s) 'first_taskflow' retrieved from /opt/airflow/dags/first_taskflowpyt.py
[2024-04-04T18:17:27.688+0000] {logging_mixin.py:188} INFO - [2024-04-04T18:17:27.688+0000] {dag.py:3047} INFO - Sync 1 DAGs
[2024-04-04T18:17:27.707+0000] {logging_mixin.py:188} INFO - [2024-04-04T18:17:27.706+0000] {dag.py:3834} INFO - Setting next_dagrun for first_taskflow to 2024-04-04 00:00:00+00:00, run_after=2024-04-05 00:00:00+00:00
[2024-04-04T18:17:27.723+0000] {processor.py:183} INFO - Processing /opt/airflow/dags/first_taskflowpyt.py took 0.075 seconds
[2024-04-04T18:17:58.184+0000] {processor.py:161} INFO - Started process (PID=415) to work on /opt/airflow/dags/first_taskflowpyt.py
[2024-04-04T18:17:58.185+0000] {processor.py:830} INFO - Processing file /opt/airflow/dags/first_taskflowpyt.py for tasks to queue
[2024-04-04T18:17:58.186+0000] {logging_mixin.py:188} INFO - [2024-04-04T18:17:58.186+0000] {dagbag.py:540} INFO - Filling up the DagBag from /opt/airflow/dags/first_taskflowpyt.py
[2024-04-04T18:17:58.204+0000] {processor.py:840} INFO - DAG(s) 'first_taskflow' retrieved from /opt/airflow/dags/first_taskflowpyt.py
[2024-04-04T18:17:58.223+0000] {logging_mixin.py:188} INFO - [2024-04-04T18:17:58.223+0000] {dag.py:3047} INFO - Sync 1 DAGs
[2024-04-04T18:17:58.242+0000] {logging_mixin.py:188} INFO - [2024-04-04T18:17:58.242+0000] {dag.py:3834} INFO - Setting next_dagrun for first_taskflow to 2024-04-04 00:00:00+00:00, run_after=2024-04-05 00:00:00+00:00
[2024-04-04T18:17:58.258+0000] {processor.py:183} INFO - Processing /opt/airflow/dags/first_taskflowpyt.py took 0.077 seconds
[2024-04-04T18:18:28.890+0000] {processor.py:161} INFO - Started process (PID=429) to work on /opt/airflow/dags/first_taskflowpyt.py
[2024-04-04T18:18:28.891+0000] {processor.py:830} INFO - Processing file /opt/airflow/dags/first_taskflowpyt.py for tasks to queue
[2024-04-04T18:18:28.892+0000] {logging_mixin.py:188} INFO - [2024-04-04T18:18:28.892+0000] {dagbag.py:540} INFO - Filling up the DagBag from /opt/airflow/dags/first_taskflowpyt.py
[2024-04-04T18:18:28.907+0000] {processor.py:840} INFO - DAG(s) 'first_taskflow' retrieved from /opt/airflow/dags/first_taskflowpyt.py
[2024-04-04T18:18:28.924+0000] {logging_mixin.py:188} INFO - [2024-04-04T18:18:28.924+0000] {dag.py:3047} INFO - Sync 1 DAGs
[2024-04-04T18:18:28.941+0000] {logging_mixin.py:188} INFO - [2024-04-04T18:18:28.941+0000] {dag.py:3834} INFO - Setting next_dagrun for first_taskflow to 2024-04-04 00:00:00+00:00, run_after=2024-04-05 00:00:00+00:00
[2024-04-04T18:18:28.957+0000] {processor.py:183} INFO - Processing /opt/airflow/dags/first_taskflowpyt.py took 0.068 seconds
