[2024-04-04T18:05:40.744+0000] {processor.py:161} INFO - Started process (PID=45) to work on /opt/airflow/dags/first_crnschedular.py
[2024-04-04T18:05:40.745+0000] {processor.py:830} INFO - Processing file /opt/airflow/dags/first_crnschedular.py for tasks to queue
[2024-04-04T18:05:40.747+0000] {logging_mixin.py:188} INFO - [2024-04-04T18:05:40.747+0000] {dagbag.py:540} INFO - Filling up the DagBag from /opt/airflow/dags/first_crnschedular.py
[2024-04-04T18:05:40.767+0000] {processor.py:840} INFO - DAG(s) 'first_cron' retrieved from /opt/airflow/dags/first_crnschedular.py
[2024-04-04T18:05:40.789+0000] {logging_mixin.py:188} INFO - [2024-04-04T18:05:40.788+0000] {dag.py:3047} INFO - Sync 1 DAGs
[2024-04-04T18:05:40.810+0000] {logging_mixin.py:188} INFO - [2024-04-04T18:05:40.809+0000] {dag.py:3834} INFO - Setting next_dagrun for first_cron to 2024-04-02 04:05:00+00:00, run_after=2024-04-03 04:05:00+00:00
[2024-04-04T18:05:40.830+0000] {processor.py:183} INFO - Processing /opt/airflow/dags/first_crnschedular.py took 0.089 seconds
[2024-04-04T18:06:11.444+0000] {processor.py:161} INFO - Started process (PID=59) to work on /opt/airflow/dags/first_crnschedular.py
[2024-04-04T18:06:11.446+0000] {processor.py:830} INFO - Processing file /opt/airflow/dags/first_crnschedular.py for tasks to queue
[2024-04-04T18:06:11.448+0000] {logging_mixin.py:188} INFO - [2024-04-04T18:06:11.447+0000] {dagbag.py:540} INFO - Filling up the DagBag from /opt/airflow/dags/first_crnschedular.py
[2024-04-04T18:06:11.467+0000] {processor.py:840} INFO - DAG(s) 'first_cron' retrieved from /opt/airflow/dags/first_crnschedular.py
[2024-04-04T18:06:11.487+0000] {logging_mixin.py:188} INFO - [2024-04-04T18:06:11.487+0000] {dag.py:3047} INFO - Sync 1 DAGs
[2024-04-04T18:06:11.508+0000] {logging_mixin.py:188} INFO - [2024-04-04T18:06:11.508+0000] {dag.py:3834} INFO - Setting next_dagrun for first_cron to 2024-04-02 04:05:00+00:00, run_after=2024-04-03 04:05:00+00:00
[2024-04-04T18:06:11.526+0000] {processor.py:183} INFO - Processing /opt/airflow/dags/first_crnschedular.py took 0.084 seconds
[2024-04-04T18:06:42.260+0000] {processor.py:161} INFO - Started process (PID=73) to work on /opt/airflow/dags/first_crnschedular.py
[2024-04-04T18:06:42.261+0000] {processor.py:830} INFO - Processing file /opt/airflow/dags/first_crnschedular.py for tasks to queue
[2024-04-04T18:06:42.263+0000] {logging_mixin.py:188} INFO - [2024-04-04T18:06:42.262+0000] {dagbag.py:540} INFO - Filling up the DagBag from /opt/airflow/dags/first_crnschedular.py
[2024-04-04T18:06:42.280+0000] {processor.py:840} INFO - DAG(s) 'first_cron' retrieved from /opt/airflow/dags/first_crnschedular.py
[2024-04-04T18:06:42.299+0000] {logging_mixin.py:188} INFO - [2024-04-04T18:06:42.298+0000] {dag.py:3047} INFO - Sync 1 DAGs
[2024-04-04T18:06:42.318+0000] {logging_mixin.py:188} INFO - [2024-04-04T18:06:42.318+0000] {dag.py:3834} INFO - Setting next_dagrun for first_cron to 2024-04-02 04:05:00+00:00, run_after=2024-04-03 04:05:00+00:00
[2024-04-04T18:06:42.337+0000] {processor.py:183} INFO - Processing /opt/airflow/dags/first_crnschedular.py took 0.079 seconds
[2024-04-04T18:07:13.050+0000] {processor.py:161} INFO - Started process (PID=103) to work on /opt/airflow/dags/first_crnschedular.py
[2024-04-04T18:07:13.051+0000] {processor.py:830} INFO - Processing file /opt/airflow/dags/first_crnschedular.py for tasks to queue
[2024-04-04T18:07:13.054+0000] {logging_mixin.py:188} INFO - [2024-04-04T18:07:13.054+0000] {dagbag.py:540} INFO - Filling up the DagBag from /opt/airflow/dags/first_crnschedular.py
[2024-04-04T18:07:13.067+0000] {processor.py:840} INFO - DAG(s) 'first_cron' retrieved from /opt/airflow/dags/first_crnschedular.py
[2024-04-04T18:07:13.083+0000] {logging_mixin.py:188} INFO - [2024-04-04T18:07:13.083+0000] {dag.py:3047} INFO - Sync 1 DAGs
[2024-04-04T18:07:13.100+0000] {logging_mixin.py:188} INFO - [2024-04-04T18:07:13.100+0000] {dag.py:3834} INFO - Setting next_dagrun for first_cron to 2024-04-02 04:05:00+00:00, run_after=2024-04-03 04:05:00+00:00
[2024-04-04T18:07:13.117+0000] {processor.py:183} INFO - Processing /opt/airflow/dags/first_crnschedular.py took 0.070 seconds
[2024-04-04T18:07:43.736+0000] {processor.py:161} INFO - Started process (PID=117) to work on /opt/airflow/dags/first_crnschedular.py
[2024-04-04T18:07:43.737+0000] {processor.py:830} INFO - Processing file /opt/airflow/dags/first_crnschedular.py for tasks to queue
[2024-04-04T18:07:43.739+0000] {logging_mixin.py:188} INFO - [2024-04-04T18:07:43.738+0000] {dagbag.py:540} INFO - Filling up the DagBag from /opt/airflow/dags/first_crnschedular.py
[2024-04-04T18:07:43.755+0000] {processor.py:840} INFO - DAG(s) 'first_cron' retrieved from /opt/airflow/dags/first_crnschedular.py
[2024-04-04T18:07:43.773+0000] {logging_mixin.py:188} INFO - [2024-04-04T18:07:43.773+0000] {dag.py:3047} INFO - Sync 1 DAGs
[2024-04-04T18:07:43.792+0000] {logging_mixin.py:188} INFO - [2024-04-04T18:07:43.792+0000] {dag.py:3834} INFO - Setting next_dagrun for first_cron to 2024-04-02 04:05:00+00:00, run_after=2024-04-03 04:05:00+00:00
[2024-04-04T18:07:43.810+0000] {processor.py:183} INFO - Processing /opt/airflow/dags/first_crnschedular.py took 0.076 seconds
[2024-04-04T18:08:14.619+0000] {processor.py:161} INFO - Started process (PID=131) to work on /opt/airflow/dags/first_crnschedular.py
[2024-04-04T18:08:14.621+0000] {processor.py:830} INFO - Processing file /opt/airflow/dags/first_crnschedular.py for tasks to queue
[2024-04-04T18:08:14.623+0000] {logging_mixin.py:188} INFO - [2024-04-04T18:08:14.622+0000] {dagbag.py:540} INFO - Filling up the DagBag from /opt/airflow/dags/first_crnschedular.py
[2024-04-04T18:08:14.644+0000] {processor.py:840} INFO - DAG(s) 'first_cron' retrieved from /opt/airflow/dags/first_crnschedular.py
[2024-04-04T18:08:14.665+0000] {logging_mixin.py:188} INFO - [2024-04-04T18:08:14.665+0000] {dag.py:3047} INFO - Sync 1 DAGs
[2024-04-04T18:08:14.689+0000] {logging_mixin.py:188} INFO - [2024-04-04T18:08:14.688+0000] {dag.py:3834} INFO - Setting next_dagrun for first_cron to 2024-04-02 04:05:00+00:00, run_after=2024-04-03 04:05:00+00:00
[2024-04-04T18:08:14.707+0000] {processor.py:183} INFO - Processing /opt/airflow/dags/first_crnschedular.py took 0.091 seconds
[2024-04-04T18:08:45.531+0000] {processor.py:161} INFO - Started process (PID=145) to work on /opt/airflow/dags/first_crnschedular.py
[2024-04-04T18:08:45.533+0000] {processor.py:830} INFO - Processing file /opt/airflow/dags/first_crnschedular.py for tasks to queue
[2024-04-04T18:08:45.537+0000] {logging_mixin.py:188} INFO - [2024-04-04T18:08:45.536+0000] {dagbag.py:540} INFO - Filling up the DagBag from /opt/airflow/dags/first_crnschedular.py
[2024-04-04T18:08:45.562+0000] {processor.py:840} INFO - DAG(s) 'first_cron' retrieved from /opt/airflow/dags/first_crnschedular.py
[2024-04-04T18:08:45.586+0000] {logging_mixin.py:188} INFO - [2024-04-04T18:08:45.585+0000] {dag.py:3047} INFO - Sync 1 DAGs
[2024-04-04T18:08:45.610+0000] {logging_mixin.py:188} INFO - [2024-04-04T18:08:45.610+0000] {dag.py:3834} INFO - Setting next_dagrun for first_cron to 2024-04-02 04:05:00+00:00, run_after=2024-04-03 04:05:00+00:00
[2024-04-04T18:08:45.636+0000] {processor.py:183} INFO - Processing /opt/airflow/dags/first_crnschedular.py took 0.108 seconds
[2024-04-04T18:09:16.308+0000] {processor.py:161} INFO - Started process (PID=171) to work on /opt/airflow/dags/first_crnschedular.py
[2024-04-04T18:09:16.309+0000] {processor.py:830} INFO - Processing file /opt/airflow/dags/first_crnschedular.py for tasks to queue
[2024-04-04T18:09:16.311+0000] {logging_mixin.py:188} INFO - [2024-04-04T18:09:16.310+0000] {dagbag.py:540} INFO - Filling up the DagBag from /opt/airflow/dags/first_crnschedular.py
[2024-04-04T18:09:16.327+0000] {processor.py:840} INFO - DAG(s) 'first_cron' retrieved from /opt/airflow/dags/first_crnschedular.py
[2024-04-04T18:09:16.346+0000] {logging_mixin.py:188} INFO - [2024-04-04T18:09:16.346+0000] {dag.py:3047} INFO - Sync 1 DAGs
[2024-04-04T18:09:16.366+0000] {logging_mixin.py:188} INFO - [2024-04-04T18:09:16.365+0000] {dag.py:3834} INFO - Setting next_dagrun for first_cron to 2024-04-02 04:05:00+00:00, run_after=2024-04-03 04:05:00+00:00
[2024-04-04T18:09:16.389+0000] {processor.py:183} INFO - Processing /opt/airflow/dags/first_crnschedular.py took 0.083 seconds
[2024-04-04T18:09:46.932+0000] {processor.py:161} INFO - Started process (PID=185) to work on /opt/airflow/dags/first_crnschedular.py
[2024-04-04T18:09:46.933+0000] {processor.py:830} INFO - Processing file /opt/airflow/dags/first_crnschedular.py for tasks to queue
[2024-04-04T18:09:46.934+0000] {logging_mixin.py:188} INFO - [2024-04-04T18:09:46.934+0000] {dagbag.py:540} INFO - Filling up the DagBag from /opt/airflow/dags/first_crnschedular.py
[2024-04-04T18:09:46.948+0000] {processor.py:840} INFO - DAG(s) 'first_cron' retrieved from /opt/airflow/dags/first_crnschedular.py
[2024-04-04T18:09:46.966+0000] {logging_mixin.py:188} INFO - [2024-04-04T18:09:46.966+0000] {dag.py:3047} INFO - Sync 1 DAGs
[2024-04-04T18:09:46.986+0000] {logging_mixin.py:188} INFO - [2024-04-04T18:09:46.986+0000] {dag.py:3834} INFO - Setting next_dagrun for first_cron to 2024-04-02 04:05:00+00:00, run_after=2024-04-03 04:05:00+00:00
[2024-04-04T18:09:47.003+0000] {processor.py:183} INFO - Processing /opt/airflow/dags/first_crnschedular.py took 0.073 seconds
[2024-04-04T18:10:17.692+0000] {processor.py:161} INFO - Started process (PID=199) to work on /opt/airflow/dags/first_crnschedular.py
[2024-04-04T18:10:17.693+0000] {processor.py:830} INFO - Processing file /opt/airflow/dags/first_crnschedular.py for tasks to queue
[2024-04-04T18:10:17.694+0000] {logging_mixin.py:188} INFO - [2024-04-04T18:10:17.694+0000] {dagbag.py:540} INFO - Filling up the DagBag from /opt/airflow/dags/first_crnschedular.py
[2024-04-04T18:10:17.710+0000] {processor.py:840} INFO - DAG(s) 'first_cron' retrieved from /opt/airflow/dags/first_crnschedular.py
[2024-04-04T18:10:17.728+0000] {logging_mixin.py:188} INFO - [2024-04-04T18:10:17.727+0000] {dag.py:3047} INFO - Sync 1 DAGs
[2024-04-04T18:10:17.746+0000] {logging_mixin.py:188} INFO - [2024-04-04T18:10:17.746+0000] {dag.py:3834} INFO - Setting next_dagrun for first_cron to 2024-04-02 04:05:00+00:00, run_after=2024-04-03 04:05:00+00:00
[2024-04-04T18:10:17.762+0000] {processor.py:183} INFO - Processing /opt/airflow/dags/first_crnschedular.py took 0.073 seconds
[2024-04-04T18:10:48.543+0000] {processor.py:161} INFO - Started process (PID=213) to work on /opt/airflow/dags/first_crnschedular.py
[2024-04-04T18:10:48.544+0000] {processor.py:830} INFO - Processing file /opt/airflow/dags/first_crnschedular.py for tasks to queue
[2024-04-04T18:10:48.545+0000] {logging_mixin.py:188} INFO - [2024-04-04T18:10:48.545+0000] {dagbag.py:540} INFO - Filling up the DagBag from /opt/airflow/dags/first_crnschedular.py
[2024-04-04T18:10:48.560+0000] {processor.py:840} INFO - DAG(s) 'first_cron' retrieved from /opt/airflow/dags/first_crnschedular.py
[2024-04-04T18:10:48.577+0000] {logging_mixin.py:188} INFO - [2024-04-04T18:10:48.577+0000] {dag.py:3047} INFO - Sync 1 DAGs
[2024-04-04T18:10:48.595+0000] {logging_mixin.py:188} INFO - [2024-04-04T18:10:48.594+0000] {dag.py:3834} INFO - Setting next_dagrun for first_cron to 2024-04-02 04:05:00+00:00, run_after=2024-04-03 04:05:00+00:00
[2024-04-04T18:10:48.611+0000] {processor.py:183} INFO - Processing /opt/airflow/dags/first_crnschedular.py took 0.070 seconds
[2024-04-04T18:11:19.132+0000] {processor.py:161} INFO - Started process (PID=227) to work on /opt/airflow/dags/first_crnschedular.py
[2024-04-04T18:11:19.132+0000] {processor.py:830} INFO - Processing file /opt/airflow/dags/first_crnschedular.py for tasks to queue
[2024-04-04T18:11:19.134+0000] {logging_mixin.py:188} INFO - [2024-04-04T18:11:19.134+0000] {dagbag.py:540} INFO - Filling up the DagBag from /opt/airflow/dags/first_crnschedular.py
[2024-04-04T18:11:19.150+0000] {processor.py:840} INFO - DAG(s) 'first_cron' retrieved from /opt/airflow/dags/first_crnschedular.py
[2024-04-04T18:11:19.183+0000] {logging_mixin.py:188} INFO - [2024-04-04T18:11:19.183+0000] {dag.py:3047} INFO - Sync 1 DAGs
[2024-04-04T18:11:19.210+0000] {logging_mixin.py:188} INFO - [2024-04-04T18:11:19.209+0000] {dag.py:3834} INFO - Setting next_dagrun for first_cron to 2024-04-02 04:05:00+00:00, run_after=2024-04-03 04:05:00+00:00
[2024-04-04T18:11:19.229+0000] {processor.py:183} INFO - Processing /opt/airflow/dags/first_crnschedular.py took 0.100 seconds
[2024-04-04T18:11:50.076+0000] {processor.py:161} INFO - Started process (PID=241) to work on /opt/airflow/dags/first_crnschedular.py
[2024-04-04T18:11:50.077+0000] {processor.py:830} INFO - Processing file /opt/airflow/dags/first_crnschedular.py for tasks to queue
[2024-04-04T18:11:50.078+0000] {logging_mixin.py:188} INFO - [2024-04-04T18:11:50.078+0000] {dagbag.py:540} INFO - Filling up the DagBag from /opt/airflow/dags/first_crnschedular.py
[2024-04-04T18:11:50.094+0000] {processor.py:840} INFO - DAG(s) 'first_cron' retrieved from /opt/airflow/dags/first_crnschedular.py
[2024-04-04T18:11:50.173+0000] {logging_mixin.py:188} INFO - [2024-04-04T18:11:50.173+0000] {dag.py:3047} INFO - Sync 1 DAGs
[2024-04-04T18:11:50.191+0000] {logging_mixin.py:188} INFO - [2024-04-04T18:11:50.191+0000] {dag.py:3834} INFO - Setting next_dagrun for first_cron to 2024-04-02 04:05:00+00:00, run_after=2024-04-03 04:05:00+00:00
[2024-04-04T18:11:50.209+0000] {processor.py:183} INFO - Processing /opt/airflow/dags/first_crnschedular.py took 0.135 seconds
[2024-04-04T18:12:21.133+0000] {processor.py:161} INFO - Started process (PID=255) to work on /opt/airflow/dags/first_crnschedular.py
[2024-04-04T18:12:21.133+0000] {processor.py:830} INFO - Processing file /opt/airflow/dags/first_crnschedular.py for tasks to queue
[2024-04-04T18:12:21.135+0000] {logging_mixin.py:188} INFO - [2024-04-04T18:12:21.134+0000] {dagbag.py:540} INFO - Filling up the DagBag from /opt/airflow/dags/first_crnschedular.py
[2024-04-04T18:12:21.149+0000] {processor.py:840} INFO - DAG(s) 'first_cron' retrieved from /opt/airflow/dags/first_crnschedular.py
[2024-04-04T18:12:21.165+0000] {logging_mixin.py:188} INFO - [2024-04-04T18:12:21.165+0000] {dag.py:3047} INFO - Sync 1 DAGs
[2024-04-04T18:12:21.182+0000] {logging_mixin.py:188} INFO - [2024-04-04T18:12:21.182+0000] {dag.py:3834} INFO - Setting next_dagrun for first_cron to 2024-04-02 04:05:00+00:00, run_after=2024-04-03 04:05:00+00:00
[2024-04-04T18:12:21.197+0000] {processor.py:183} INFO - Processing /opt/airflow/dags/first_crnschedular.py took 0.067 seconds
[2024-04-04T18:12:51.792+0000] {processor.py:161} INFO - Started process (PID=269) to work on /opt/airflow/dags/first_crnschedular.py
[2024-04-04T18:12:51.793+0000] {processor.py:830} INFO - Processing file /opt/airflow/dags/first_crnschedular.py for tasks to queue
[2024-04-04T18:12:51.795+0000] {logging_mixin.py:188} INFO - [2024-04-04T18:12:51.794+0000] {dagbag.py:540} INFO - Filling up the DagBag from /opt/airflow/dags/first_crnschedular.py
[2024-04-04T18:12:51.810+0000] {processor.py:840} INFO - DAG(s) 'first_cron' retrieved from /opt/airflow/dags/first_crnschedular.py
[2024-04-04T18:12:51.829+0000] {logging_mixin.py:188} INFO - [2024-04-04T18:12:51.829+0000] {dag.py:3047} INFO - Sync 1 DAGs
[2024-04-04T18:12:51.849+0000] {logging_mixin.py:188} INFO - [2024-04-04T18:12:51.849+0000] {dag.py:3834} INFO - Setting next_dagrun for first_cron to 2024-04-02 04:05:00+00:00, run_after=2024-04-03 04:05:00+00:00
[2024-04-04T18:12:51.868+0000] {processor.py:183} INFO - Processing /opt/airflow/dags/first_crnschedular.py took 0.078 seconds
[2024-04-04T18:13:22.480+0000] {processor.py:161} INFO - Started process (PID=287) to work on /opt/airflow/dags/first_crnschedular.py
[2024-04-04T18:13:22.481+0000] {processor.py:830} INFO - Processing file /opt/airflow/dags/first_crnschedular.py for tasks to queue
[2024-04-04T18:13:22.483+0000] {logging_mixin.py:188} INFO - [2024-04-04T18:13:22.482+0000] {dagbag.py:540} INFO - Filling up the DagBag from /opt/airflow/dags/first_crnschedular.py
[2024-04-04T18:13:22.498+0000] {processor.py:840} INFO - DAG(s) 'first_cron' retrieved from /opt/airflow/dags/first_crnschedular.py
[2024-04-04T18:13:22.515+0000] {logging_mixin.py:188} INFO - [2024-04-04T18:13:22.515+0000] {dag.py:3047} INFO - Sync 1 DAGs
[2024-04-04T18:13:22.533+0000] {logging_mixin.py:188} INFO - [2024-04-04T18:13:22.532+0000] {dag.py:3834} INFO - Setting next_dagrun for first_cron to 2024-04-02 04:05:00+00:00, run_after=2024-04-03 04:05:00+00:00
[2024-04-04T18:13:22.549+0000] {processor.py:183} INFO - Processing /opt/airflow/dags/first_crnschedular.py took 0.072 seconds
[2024-04-04T18:13:53.155+0000] {processor.py:161} INFO - Started process (PID=301) to work on /opt/airflow/dags/first_crnschedular.py
[2024-04-04T18:13:53.156+0000] {processor.py:830} INFO - Processing file /opt/airflow/dags/first_crnschedular.py for tasks to queue
[2024-04-04T18:13:53.158+0000] {logging_mixin.py:188} INFO - [2024-04-04T18:13:53.158+0000] {dagbag.py:540} INFO - Filling up the DagBag from /opt/airflow/dags/first_crnschedular.py
[2024-04-04T18:13:53.176+0000] {processor.py:840} INFO - DAG(s) 'first_cron' retrieved from /opt/airflow/dags/first_crnschedular.py
[2024-04-04T18:13:53.196+0000] {logging_mixin.py:188} INFO - [2024-04-04T18:13:53.195+0000] {dag.py:3047} INFO - Sync 1 DAGs
[2024-04-04T18:13:53.216+0000] {logging_mixin.py:188} INFO - [2024-04-04T18:13:53.215+0000] {dag.py:3834} INFO - Setting next_dagrun for first_cron to 2024-04-02 04:05:00+00:00, run_after=2024-04-03 04:05:00+00:00
[2024-04-04T18:13:53.233+0000] {processor.py:183} INFO - Processing /opt/airflow/dags/first_crnschedular.py took 0.080 seconds
[2024-04-04T18:14:23.838+0000] {processor.py:161} INFO - Started process (PID=315) to work on /opt/airflow/dags/first_crnschedular.py
[2024-04-04T18:14:23.839+0000] {processor.py:830} INFO - Processing file /opt/airflow/dags/first_crnschedular.py for tasks to queue
[2024-04-04T18:14:23.840+0000] {logging_mixin.py:188} INFO - [2024-04-04T18:14:23.840+0000] {dagbag.py:540} INFO - Filling up the DagBag from /opt/airflow/dags/first_crnschedular.py
[2024-04-04T18:14:23.856+0000] {processor.py:840} INFO - DAG(s) 'first_cron' retrieved from /opt/airflow/dags/first_crnschedular.py
[2024-04-04T18:14:23.874+0000] {logging_mixin.py:188} INFO - [2024-04-04T18:14:23.873+0000] {dag.py:3047} INFO - Sync 1 DAGs
[2024-04-04T18:14:23.893+0000] {logging_mixin.py:188} INFO - [2024-04-04T18:14:23.893+0000] {dag.py:3834} INFO - Setting next_dagrun for first_cron to 2024-04-02 04:05:00+00:00, run_after=2024-04-03 04:05:00+00:00
[2024-04-04T18:14:23.910+0000] {processor.py:183} INFO - Processing /opt/airflow/dags/first_crnschedular.py took 0.075 seconds
[2024-04-04T18:14:54.450+0000] {processor.py:161} INFO - Started process (PID=329) to work on /opt/airflow/dags/first_crnschedular.py
[2024-04-04T18:14:54.451+0000] {processor.py:830} INFO - Processing file /opt/airflow/dags/first_crnschedular.py for tasks to queue
[2024-04-04T18:14:54.452+0000] {logging_mixin.py:188} INFO - [2024-04-04T18:14:54.452+0000] {dagbag.py:540} INFO - Filling up the DagBag from /opt/airflow/dags/first_crnschedular.py
[2024-04-04T18:14:54.467+0000] {processor.py:840} INFO - DAG(s) 'first_cron' retrieved from /opt/airflow/dags/first_crnschedular.py
[2024-04-04T18:14:54.484+0000] {logging_mixin.py:188} INFO - [2024-04-04T18:14:54.483+0000] {dag.py:3047} INFO - Sync 1 DAGs
[2024-04-04T18:14:54.501+0000] {logging_mixin.py:188} INFO - [2024-04-04T18:14:54.501+0000] {dag.py:3834} INFO - Setting next_dagrun for first_cron to 2024-04-02 04:05:00+00:00, run_after=2024-04-03 04:05:00+00:00
[2024-04-04T18:14:54.520+0000] {processor.py:183} INFO - Processing /opt/airflow/dags/first_crnschedular.py took 0.072 seconds
[2024-04-04T18:15:25.082+0000] {processor.py:161} INFO - Started process (PID=343) to work on /opt/airflow/dags/first_crnschedular.py
[2024-04-04T18:15:25.083+0000] {processor.py:830} INFO - Processing file /opt/airflow/dags/first_crnschedular.py for tasks to queue
[2024-04-04T18:15:25.085+0000] {logging_mixin.py:188} INFO - [2024-04-04T18:15:25.085+0000] {dagbag.py:540} INFO - Filling up the DagBag from /opt/airflow/dags/first_crnschedular.py
[2024-04-04T18:15:25.099+0000] {processor.py:840} INFO - DAG(s) 'first_cron' retrieved from /opt/airflow/dags/first_crnschedular.py
[2024-04-04T18:15:25.116+0000] {logging_mixin.py:188} INFO - [2024-04-04T18:15:25.116+0000] {dag.py:3047} INFO - Sync 1 DAGs
[2024-04-04T18:15:25.134+0000] {logging_mixin.py:188} INFO - [2024-04-04T18:15:25.134+0000] {dag.py:3834} INFO - Setting next_dagrun for first_cron to 2024-04-02 04:05:00+00:00, run_after=2024-04-03 04:05:00+00:00
[2024-04-04T18:15:25.156+0000] {processor.py:183} INFO - Processing /opt/airflow/dags/first_crnschedular.py took 0.076 seconds
[2024-04-04T18:15:55.750+0000] {processor.py:161} INFO - Started process (PID=357) to work on /opt/airflow/dags/first_crnschedular.py
[2024-04-04T18:15:55.751+0000] {processor.py:830} INFO - Processing file /opt/airflow/dags/first_crnschedular.py for tasks to queue
[2024-04-04T18:15:55.752+0000] {logging_mixin.py:188} INFO - [2024-04-04T18:15:55.752+0000] {dagbag.py:540} INFO - Filling up the DagBag from /opt/airflow/dags/first_crnschedular.py
[2024-04-04T18:15:55.766+0000] {processor.py:840} INFO - DAG(s) 'first_cron' retrieved from /opt/airflow/dags/first_crnschedular.py
[2024-04-04T18:15:55.782+0000] {logging_mixin.py:188} INFO - [2024-04-04T18:15:55.782+0000] {dag.py:3047} INFO - Sync 1 DAGs
[2024-04-04T18:15:55.798+0000] {logging_mixin.py:188} INFO - [2024-04-04T18:15:55.798+0000] {dag.py:3834} INFO - Setting next_dagrun for first_cron to 2024-04-02 04:05:00+00:00, run_after=2024-04-03 04:05:00+00:00
[2024-04-04T18:15:55.812+0000] {processor.py:183} INFO - Processing /opt/airflow/dags/first_crnschedular.py took 0.064 seconds
[2024-04-04T18:16:26.274+0000] {processor.py:161} INFO - Started process (PID=371) to work on /opt/airflow/dags/first_crnschedular.py
[2024-04-04T18:16:26.275+0000] {processor.py:830} INFO - Processing file /opt/airflow/dags/first_crnschedular.py for tasks to queue
[2024-04-04T18:16:26.276+0000] {logging_mixin.py:188} INFO - [2024-04-04T18:16:26.276+0000] {dagbag.py:540} INFO - Filling up the DagBag from /opt/airflow/dags/first_crnschedular.py
[2024-04-04T18:16:26.290+0000] {processor.py:840} INFO - DAG(s) 'first_cron' retrieved from /opt/airflow/dags/first_crnschedular.py
[2024-04-04T18:16:26.306+0000] {logging_mixin.py:188} INFO - [2024-04-04T18:16:26.306+0000] {dag.py:3047} INFO - Sync 1 DAGs
[2024-04-04T18:16:26.323+0000] {logging_mixin.py:188} INFO - [2024-04-04T18:16:26.323+0000] {dag.py:3834} INFO - Setting next_dagrun for first_cron to 2024-04-02 04:05:00+00:00, run_after=2024-04-03 04:05:00+00:00
[2024-04-04T18:16:26.339+0000] {processor.py:183} INFO - Processing /opt/airflow/dags/first_crnschedular.py took 0.067 seconds
[2024-04-04T18:16:56.942+0000] {processor.py:161} INFO - Started process (PID=385) to work on /opt/airflow/dags/first_crnschedular.py
[2024-04-04T18:16:56.943+0000] {processor.py:830} INFO - Processing file /opt/airflow/dags/first_crnschedular.py for tasks to queue
[2024-04-04T18:16:56.944+0000] {logging_mixin.py:188} INFO - [2024-04-04T18:16:56.944+0000] {dagbag.py:540} INFO - Filling up the DagBag from /opt/airflow/dags/first_crnschedular.py
[2024-04-04T18:16:56.962+0000] {processor.py:840} INFO - DAG(s) 'first_cron' retrieved from /opt/airflow/dags/first_crnschedular.py
[2024-04-04T18:16:56.977+0000] {logging_mixin.py:188} INFO - [2024-04-04T18:16:56.976+0000] {dag.py:3047} INFO - Sync 1 DAGs
[2024-04-04T18:16:56.994+0000] {logging_mixin.py:188} INFO - [2024-04-04T18:16:56.994+0000] {dag.py:3834} INFO - Setting next_dagrun for first_cron to 2024-04-02 04:05:00+00:00, run_after=2024-04-03 04:05:00+00:00
[2024-04-04T18:16:57.014+0000] {processor.py:183} INFO - Processing /opt/airflow/dags/first_crnschedular.py took 0.074 seconds
[2024-04-04T18:17:27.555+0000] {processor.py:161} INFO - Started process (PID=399) to work on /opt/airflow/dags/first_crnschedular.py
[2024-04-04T18:17:27.555+0000] {processor.py:830} INFO - Processing file /opt/airflow/dags/first_crnschedular.py for tasks to queue
[2024-04-04T18:17:27.557+0000] {logging_mixin.py:188} INFO - [2024-04-04T18:17:27.557+0000] {dagbag.py:540} INFO - Filling up the DagBag from /opt/airflow/dags/first_crnschedular.py
[2024-04-04T18:17:27.570+0000] {processor.py:840} INFO - DAG(s) 'first_cron' retrieved from /opt/airflow/dags/first_crnschedular.py
[2024-04-04T18:17:27.586+0000] {logging_mixin.py:188} INFO - [2024-04-04T18:17:27.585+0000] {dag.py:3047} INFO - Sync 1 DAGs
[2024-04-04T18:17:27.603+0000] {logging_mixin.py:188} INFO - [2024-04-04T18:17:27.603+0000] {dag.py:3834} INFO - Setting next_dagrun for first_cron to 2024-04-02 04:05:00+00:00, run_after=2024-04-03 04:05:00+00:00
[2024-04-04T18:17:27.618+0000] {processor.py:183} INFO - Processing /opt/airflow/dags/first_crnschedular.py took 0.066 seconds
[2024-04-04T18:17:58.077+0000] {processor.py:161} INFO - Started process (PID=413) to work on /opt/airflow/dags/first_crnschedular.py
[2024-04-04T18:17:58.077+0000] {processor.py:830} INFO - Processing file /opt/airflow/dags/first_crnschedular.py for tasks to queue
[2024-04-04T18:17:58.079+0000] {logging_mixin.py:188} INFO - [2024-04-04T18:17:58.079+0000] {dagbag.py:540} INFO - Filling up the DagBag from /opt/airflow/dags/first_crnschedular.py
[2024-04-04T18:17:58.092+0000] {processor.py:840} INFO - DAG(s) 'first_cron' retrieved from /opt/airflow/dags/first_crnschedular.py
[2024-04-04T18:17:58.107+0000] {logging_mixin.py:188} INFO - [2024-04-04T18:17:58.107+0000] {dag.py:3047} INFO - Sync 1 DAGs
[2024-04-04T18:17:58.125+0000] {logging_mixin.py:188} INFO - [2024-04-04T18:17:58.125+0000] {dag.py:3834} INFO - Setting next_dagrun for first_cron to 2024-04-02 04:05:00+00:00, run_after=2024-04-03 04:05:00+00:00
[2024-04-04T18:17:58.148+0000] {processor.py:183} INFO - Processing /opt/airflow/dags/first_crnschedular.py took 0.073 seconds
[2024-04-04T18:18:28.796+0000] {processor.py:161} INFO - Started process (PID=427) to work on /opt/airflow/dags/first_crnschedular.py
[2024-04-04T18:18:28.797+0000] {processor.py:830} INFO - Processing file /opt/airflow/dags/first_crnschedular.py for tasks to queue
[2024-04-04T18:18:28.798+0000] {logging_mixin.py:188} INFO - [2024-04-04T18:18:28.798+0000] {dagbag.py:540} INFO - Filling up the DagBag from /opt/airflow/dags/first_crnschedular.py
[2024-04-04T18:18:28.811+0000] {processor.py:840} INFO - DAG(s) 'first_cron' retrieved from /opt/airflow/dags/first_crnschedular.py
[2024-04-04T18:18:28.827+0000] {logging_mixin.py:188} INFO - [2024-04-04T18:18:28.827+0000] {dag.py:3047} INFO - Sync 1 DAGs
[2024-04-04T18:18:28.844+0000] {logging_mixin.py:188} INFO - [2024-04-04T18:18:28.844+0000] {dag.py:3834} INFO - Setting next_dagrun for first_cron to 2024-04-02 04:05:00+00:00, run_after=2024-04-03 04:05:00+00:00
[2024-04-04T18:18:28.860+0000] {processor.py:183} INFO - Processing /opt/airflow/dags/first_crnschedular.py took 0.065 seconds
