[2024-04-04T18:05:40.998+0000] {processor.py:161} INFO - Started process (PID=49) to work on /opt/airflow/dags/first_day.py
[2024-04-04T18:05:40.999+0000] {processor.py:830} INFO - Processing file /opt/airflow/dags/first_day.py for tasks to queue
[2024-04-04T18:05:41.001+0000] {logging_mixin.py:188} INFO - [2024-04-04T18:05:41.001+0000] {dagbag.py:540} INFO - Filling up the DagBag from /opt/airflow/dags/first_day.py
[2024-04-04T18:05:41.019+0000] {processor.py:840} INFO - DAG(s) 'first_dag_bitwise3' retrieved from /opt/airflow/dags/first_day.py
[2024-04-04T18:05:41.039+0000] {logging_mixin.py:188} INFO - [2024-04-04T18:05:41.039+0000] {dag.py:3047} INFO - Sync 1 DAGs
[2024-04-04T18:05:41.060+0000] {logging_mixin.py:188} INFO - [2024-04-04T18:05:41.060+0000] {dag.py:3834} INFO - Setting next_dagrun for first_dag_bitwise3 to 2024-04-02 00:00:00+00:00, run_after=2024-04-03 00:00:00+00:00
[2024-04-04T18:05:41.077+0000] {processor.py:183} INFO - Processing /opt/airflow/dags/first_day.py took 0.083 seconds
[2024-04-04T18:06:11.749+0000] {processor.py:161} INFO - Started process (PID=63) to work on /opt/airflow/dags/first_day.py
[2024-04-04T18:06:11.750+0000] {processor.py:830} INFO - Processing file /opt/airflow/dags/first_day.py for tasks to queue
[2024-04-04T18:06:11.752+0000] {logging_mixin.py:188} INFO - [2024-04-04T18:06:11.751+0000] {dagbag.py:540} INFO - Filling up the DagBag from /opt/airflow/dags/first_day.py
[2024-04-04T18:06:11.767+0000] {processor.py:840} INFO - DAG(s) 'first_dag_bitwise3' retrieved from /opt/airflow/dags/first_day.py
[2024-04-04T18:06:11.786+0000] {logging_mixin.py:188} INFO - [2024-04-04T18:06:11.786+0000] {dag.py:3047} INFO - Sync 1 DAGs
[2024-04-04T18:06:11.807+0000] {logging_mixin.py:188} INFO - [2024-04-04T18:06:11.807+0000] {dag.py:3834} INFO - Setting next_dagrun for first_dag_bitwise3 to 2024-04-02 00:00:00+00:00, run_after=2024-04-03 00:00:00+00:00
[2024-04-04T18:06:11.832+0000] {processor.py:183} INFO - Processing /opt/airflow/dags/first_day.py took 0.085 seconds
[2024-04-04T18:06:42.645+0000] {processor.py:161} INFO - Started process (PID=77) to work on /opt/airflow/dags/first_day.py
[2024-04-04T18:06:42.647+0000] {processor.py:830} INFO - Processing file /opt/airflow/dags/first_day.py for tasks to queue
[2024-04-04T18:06:42.649+0000] {logging_mixin.py:188} INFO - [2024-04-04T18:06:42.648+0000] {dagbag.py:540} INFO - Filling up the DagBag from /opt/airflow/dags/first_day.py
[2024-04-04T18:06:42.667+0000] {processor.py:840} INFO - DAG(s) 'first_dag_bitwise3' retrieved from /opt/airflow/dags/first_day.py
[2024-04-04T18:06:42.693+0000] {logging_mixin.py:188} INFO - [2024-04-04T18:06:42.693+0000] {dag.py:3047} INFO - Sync 1 DAGs
[2024-04-04T18:06:42.730+0000] {logging_mixin.py:188} INFO - [2024-04-04T18:06:42.730+0000] {dag.py:3834} INFO - Setting next_dagrun for first_dag_bitwise3 to 2024-04-02 00:00:00+00:00, run_after=2024-04-03 00:00:00+00:00
[2024-04-04T18:06:42.762+0000] {processor.py:183} INFO - Processing /opt/airflow/dags/first_day.py took 0.119 seconds
[2024-04-04T18:07:13.349+0000] {processor.py:161} INFO - Started process (PID=107) to work on /opt/airflow/dags/first_day.py
[2024-04-04T18:07:13.349+0000] {processor.py:830} INFO - Processing file /opt/airflow/dags/first_day.py for tasks to queue
[2024-04-04T18:07:13.350+0000] {logging_mixin.py:188} INFO - [2024-04-04T18:07:13.350+0000] {dagbag.py:540} INFO - Filling up the DagBag from /opt/airflow/dags/first_day.py
[2024-04-04T18:07:13.364+0000] {processor.py:840} INFO - DAG(s) 'first_dag_bitwise3' retrieved from /opt/airflow/dags/first_day.py
[2024-04-04T18:07:13.381+0000] {logging_mixin.py:188} INFO - [2024-04-04T18:07:13.380+0000] {dag.py:3047} INFO - Sync 1 DAGs
[2024-04-04T18:07:13.399+0000] {logging_mixin.py:188} INFO - [2024-04-04T18:07:13.399+0000] {dag.py:3834} INFO - Setting next_dagrun for first_dag_bitwise3 to 2024-04-02 00:00:00+00:00, run_after=2024-04-03 00:00:00+00:00
[2024-04-04T18:07:13.414+0000] {processor.py:183} INFO - Processing /opt/airflow/dags/first_day.py took 0.068 seconds
[2024-04-04T18:07:44.035+0000] {processor.py:161} INFO - Started process (PID=121) to work on /opt/airflow/dags/first_day.py
[2024-04-04T18:07:44.035+0000] {processor.py:830} INFO - Processing file /opt/airflow/dags/first_day.py for tasks to queue
[2024-04-04T18:07:44.037+0000] {logging_mixin.py:188} INFO - [2024-04-04T18:07:44.037+0000] {dagbag.py:540} INFO - Filling up the DagBag from /opt/airflow/dags/first_day.py
[2024-04-04T18:07:44.051+0000] {processor.py:840} INFO - DAG(s) 'first_dag_bitwise3' retrieved from /opt/airflow/dags/first_day.py
[2024-04-04T18:07:44.069+0000] {logging_mixin.py:188} INFO - [2024-04-04T18:07:44.069+0000] {dag.py:3047} INFO - Sync 1 DAGs
[2024-04-04T18:07:44.086+0000] {logging_mixin.py:188} INFO - [2024-04-04T18:07:44.086+0000] {dag.py:3834} INFO - Setting next_dagrun for first_dag_bitwise3 to 2024-04-02 00:00:00+00:00, run_after=2024-04-03 00:00:00+00:00
[2024-04-04T18:07:44.101+0000] {processor.py:183} INFO - Processing /opt/airflow/dags/first_day.py took 0.069 seconds
[2024-04-04T18:08:14.851+0000] {processor.py:161} INFO - Started process (PID=135) to work on /opt/airflow/dags/first_day.py
[2024-04-04T18:08:14.853+0000] {processor.py:830} INFO - Processing file /opt/airflow/dags/first_day.py for tasks to queue
[2024-04-04T18:08:14.855+0000] {logging_mixin.py:188} INFO - [2024-04-04T18:08:14.854+0000] {dagbag.py:540} INFO - Filling up the DagBag from /opt/airflow/dags/first_day.py
[2024-04-04T18:08:14.871+0000] {processor.py:840} INFO - DAG(s) 'first_dag_bitwise3' retrieved from /opt/airflow/dags/first_day.py
[2024-04-04T18:08:14.895+0000] {logging_mixin.py:188} INFO - [2024-04-04T18:08:14.894+0000] {dag.py:3047} INFO - Sync 1 DAGs
[2024-04-04T18:08:14.919+0000] {logging_mixin.py:188} INFO - [2024-04-04T18:08:14.918+0000] {dag.py:3834} INFO - Setting next_dagrun for first_dag_bitwise3 to 2024-04-02 00:00:00+00:00, run_after=2024-04-03 00:00:00+00:00
[2024-04-04T18:08:14.938+0000] {processor.py:183} INFO - Processing /opt/airflow/dags/first_day.py took 0.090 seconds
[2024-04-04T18:08:45.803+0000] {processor.py:161} INFO - Started process (PID=149) to work on /opt/airflow/dags/first_day.py
[2024-04-04T18:08:45.805+0000] {processor.py:830} INFO - Processing file /opt/airflow/dags/first_day.py for tasks to queue
[2024-04-04T18:08:45.807+0000] {logging_mixin.py:188} INFO - [2024-04-04T18:08:45.806+0000] {dagbag.py:540} INFO - Filling up the DagBag from /opt/airflow/dags/first_day.py
[2024-04-04T18:08:45.824+0000] {processor.py:840} INFO - DAG(s) 'first_dag_bitwise3' retrieved from /opt/airflow/dags/first_day.py
[2024-04-04T18:08:45.844+0000] {logging_mixin.py:188} INFO - [2024-04-04T18:08:45.844+0000] {dag.py:3047} INFO - Sync 1 DAGs
[2024-04-04T18:08:45.864+0000] {logging_mixin.py:188} INFO - [2024-04-04T18:08:45.864+0000] {dag.py:3834} INFO - Setting next_dagrun for first_dag_bitwise3 to 2024-04-02 00:00:00+00:00, run_after=2024-04-03 00:00:00+00:00
[2024-04-04T18:08:45.886+0000] {processor.py:183} INFO - Processing /opt/airflow/dags/first_day.py took 0.085 seconds
[2024-04-04T18:09:16.532+0000] {processor.py:161} INFO - Started process (PID=175) to work on /opt/airflow/dags/first_day.py
[2024-04-04T18:09:16.534+0000] {processor.py:830} INFO - Processing file /opt/airflow/dags/first_day.py for tasks to queue
[2024-04-04T18:09:16.535+0000] {logging_mixin.py:188} INFO - [2024-04-04T18:09:16.535+0000] {dagbag.py:540} INFO - Filling up the DagBag from /opt/airflow/dags/first_day.py
[2024-04-04T18:09:16.551+0000] {processor.py:840} INFO - DAG(s) 'first_dag_bitwise3' retrieved from /opt/airflow/dags/first_day.py
[2024-04-04T18:09:16.569+0000] {logging_mixin.py:188} INFO - [2024-04-04T18:09:16.569+0000] {dag.py:3047} INFO - Sync 1 DAGs
[2024-04-04T18:09:16.588+0000] {logging_mixin.py:188} INFO - [2024-04-04T18:09:16.588+0000] {dag.py:3834} INFO - Setting next_dagrun for first_dag_bitwise3 to 2024-04-02 00:00:00+00:00, run_after=2024-04-03 00:00:00+00:00
[2024-04-04T18:09:16.606+0000] {processor.py:183} INFO - Processing /opt/airflow/dags/first_day.py took 0.076 seconds
[2024-04-04T18:09:47.224+0000] {processor.py:161} INFO - Started process (PID=189) to work on /opt/airflow/dags/first_day.py
[2024-04-04T18:09:47.225+0000] {processor.py:830} INFO - Processing file /opt/airflow/dags/first_day.py for tasks to queue
[2024-04-04T18:09:47.227+0000] {logging_mixin.py:188} INFO - [2024-04-04T18:09:47.226+0000] {dagbag.py:540} INFO - Filling up the DagBag from /opt/airflow/dags/first_day.py
[2024-04-04T18:09:47.242+0000] {processor.py:840} INFO - DAG(s) 'first_dag_bitwise3' retrieved from /opt/airflow/dags/first_day.py
[2024-04-04T18:09:47.261+0000] {logging_mixin.py:188} INFO - [2024-04-04T18:09:47.261+0000] {dag.py:3047} INFO - Sync 1 DAGs
[2024-04-04T18:09:47.281+0000] {logging_mixin.py:188} INFO - [2024-04-04T18:09:47.280+0000] {dag.py:3834} INFO - Setting next_dagrun for first_dag_bitwise3 to 2024-04-02 00:00:00+00:00, run_after=2024-04-03 00:00:00+00:00
[2024-04-04T18:09:47.298+0000] {processor.py:183} INFO - Processing /opt/airflow/dags/first_day.py took 0.076 seconds
[2024-04-04T18:10:17.984+0000] {processor.py:161} INFO - Started process (PID=203) to work on /opt/airflow/dags/first_day.py
[2024-04-04T18:10:17.985+0000] {processor.py:830} INFO - Processing file /opt/airflow/dags/first_day.py for tasks to queue
[2024-04-04T18:10:17.987+0000] {logging_mixin.py:188} INFO - [2024-04-04T18:10:17.987+0000] {dagbag.py:540} INFO - Filling up the DagBag from /opt/airflow/dags/first_day.py
[2024-04-04T18:10:18.002+0000] {processor.py:840} INFO - DAG(s) 'first_dag_bitwise3' retrieved from /opt/airflow/dags/first_day.py
[2024-04-04T18:10:18.020+0000] {logging_mixin.py:188} INFO - [2024-04-04T18:10:18.020+0000] {dag.py:3047} INFO - Sync 1 DAGs
[2024-04-04T18:10:18.038+0000] {logging_mixin.py:188} INFO - [2024-04-04T18:10:18.038+0000] {dag.py:3834} INFO - Setting next_dagrun for first_dag_bitwise3 to 2024-04-02 00:00:00+00:00, run_after=2024-04-03 00:00:00+00:00
[2024-04-04T18:10:18.053+0000] {processor.py:183} INFO - Processing /opt/airflow/dags/first_day.py took 0.071 seconds
[2024-04-04T18:10:48.742+0000] {processor.py:161} INFO - Started process (PID=217) to work on /opt/airflow/dags/first_day.py
[2024-04-04T18:10:48.743+0000] {processor.py:830} INFO - Processing file /opt/airflow/dags/first_day.py for tasks to queue
[2024-04-04T18:10:48.744+0000] {logging_mixin.py:188} INFO - [2024-04-04T18:10:48.744+0000] {dagbag.py:540} INFO - Filling up the DagBag from /opt/airflow/dags/first_day.py
[2024-04-04T18:10:48.759+0000] {processor.py:840} INFO - DAG(s) 'first_dag_bitwise3' retrieved from /opt/airflow/dags/first_day.py
[2024-04-04T18:10:48.777+0000] {logging_mixin.py:188} INFO - [2024-04-04T18:10:48.777+0000] {dag.py:3047} INFO - Sync 1 DAGs
[2024-04-04T18:10:48.795+0000] {logging_mixin.py:188} INFO - [2024-04-04T18:10:48.795+0000] {dag.py:3834} INFO - Setting next_dagrun for first_dag_bitwise3 to 2024-04-02 00:00:00+00:00, run_after=2024-04-03 00:00:00+00:00
[2024-04-04T18:10:48.811+0000] {processor.py:183} INFO - Processing /opt/airflow/dags/first_day.py took 0.071 seconds
[2024-04-04T18:11:19.518+0000] {processor.py:161} INFO - Started process (PID=231) to work on /opt/airflow/dags/first_day.py
[2024-04-04T18:11:19.519+0000] {processor.py:830} INFO - Processing file /opt/airflow/dags/first_day.py for tasks to queue
[2024-04-04T18:11:19.521+0000] {logging_mixin.py:188} INFO - [2024-04-04T18:11:19.521+0000] {dagbag.py:540} INFO - Filling up the DagBag from /opt/airflow/dags/first_day.py
[2024-04-04T18:11:19.538+0000] {processor.py:840} INFO - DAG(s) 'first_dag_bitwise3' retrieved from /opt/airflow/dags/first_day.py
[2024-04-04T18:11:19.556+0000] {logging_mixin.py:188} INFO - [2024-04-04T18:11:19.555+0000] {dag.py:3047} INFO - Sync 1 DAGs
[2024-04-04T18:11:19.574+0000] {logging_mixin.py:188} INFO - [2024-04-04T18:11:19.573+0000] {dag.py:3834} INFO - Setting next_dagrun for first_dag_bitwise3 to 2024-04-02 00:00:00+00:00, run_after=2024-04-03 00:00:00+00:00
[2024-04-04T18:11:19.590+0000] {processor.py:183} INFO - Processing /opt/airflow/dags/first_day.py took 0.074 seconds
[2024-04-04T18:11:50.696+0000] {processor.py:161} INFO - Started process (PID=245) to work on /opt/airflow/dags/first_day.py
[2024-04-04T18:11:50.697+0000] {processor.py:830} INFO - Processing file /opt/airflow/dags/first_day.py for tasks to queue
[2024-04-04T18:11:50.698+0000] {logging_mixin.py:188} INFO - [2024-04-04T18:11:50.698+0000] {dagbag.py:540} INFO - Filling up the DagBag from /opt/airflow/dags/first_day.py
[2024-04-04T18:11:50.715+0000] {processor.py:840} INFO - DAG(s) 'first_dag_bitwise3' retrieved from /opt/airflow/dags/first_day.py
[2024-04-04T18:11:50.796+0000] {logging_mixin.py:188} INFO - [2024-04-04T18:11:50.796+0000] {dag.py:3047} INFO - Sync 1 DAGs
[2024-04-04T18:11:50.814+0000] {logging_mixin.py:188} INFO - [2024-04-04T18:11:50.813+0000] {dag.py:3834} INFO - Setting next_dagrun for first_dag_bitwise3 to 2024-04-02 00:00:00+00:00, run_after=2024-04-03 00:00:00+00:00
[2024-04-04T18:11:50.830+0000] {processor.py:183} INFO - Processing /opt/airflow/dags/first_day.py took 0.136 seconds
[2024-04-04T18:12:21.434+0000] {processor.py:161} INFO - Started process (PID=259) to work on /opt/airflow/dags/first_day.py
[2024-04-04T18:12:21.435+0000] {processor.py:830} INFO - Processing file /opt/airflow/dags/first_day.py for tasks to queue
[2024-04-04T18:12:21.436+0000] {logging_mixin.py:188} INFO - [2024-04-04T18:12:21.436+0000] {dagbag.py:540} INFO - Filling up the DagBag from /opt/airflow/dags/first_day.py
[2024-04-04T18:12:21.453+0000] {processor.py:840} INFO - DAG(s) 'first_dag_bitwise3' retrieved from /opt/airflow/dags/first_day.py
[2024-04-04T18:12:21.471+0000] {logging_mixin.py:188} INFO - [2024-04-04T18:12:21.471+0000] {dag.py:3047} INFO - Sync 1 DAGs
[2024-04-04T18:12:21.491+0000] {logging_mixin.py:188} INFO - [2024-04-04T18:12:21.491+0000] {dag.py:3834} INFO - Setting next_dagrun for first_dag_bitwise3 to 2024-04-02 00:00:00+00:00, run_after=2024-04-03 00:00:00+00:00
[2024-04-04T18:12:21.510+0000] {processor.py:183} INFO - Processing /opt/airflow/dags/first_day.py took 0.079 seconds
[2024-04-04T18:12:52.118+0000] {processor.py:161} INFO - Started process (PID=273) to work on /opt/airflow/dags/first_day.py
[2024-04-04T18:12:52.119+0000] {processor.py:830} INFO - Processing file /opt/airflow/dags/first_day.py for tasks to queue
[2024-04-04T18:12:52.120+0000] {logging_mixin.py:188} INFO - [2024-04-04T18:12:52.120+0000] {dagbag.py:540} INFO - Filling up the DagBag from /opt/airflow/dags/first_day.py
[2024-04-04T18:12:52.135+0000] {processor.py:840} INFO - DAG(s) 'first_dag_bitwise3' retrieved from /opt/airflow/dags/first_day.py
[2024-04-04T18:12:52.152+0000] {logging_mixin.py:188} INFO - [2024-04-04T18:12:52.151+0000] {dag.py:3047} INFO - Sync 1 DAGs
[2024-04-04T18:12:52.168+0000] {logging_mixin.py:188} INFO - [2024-04-04T18:12:52.168+0000] {dag.py:3834} INFO - Setting next_dagrun for first_dag_bitwise3 to 2024-04-02 00:00:00+00:00, run_after=2024-04-03 00:00:00+00:00
[2024-04-04T18:12:52.183+0000] {processor.py:183} INFO - Processing /opt/airflow/dags/first_day.py took 0.067 seconds
[2024-04-04T18:13:22.801+0000] {processor.py:161} INFO - Started process (PID=291) to work on /opt/airflow/dags/first_day.py
[2024-04-04T18:13:22.802+0000] {processor.py:830} INFO - Processing file /opt/airflow/dags/first_day.py for tasks to queue
[2024-04-04T18:13:22.803+0000] {logging_mixin.py:188} INFO - [2024-04-04T18:13:22.803+0000] {dagbag.py:540} INFO - Filling up the DagBag from /opt/airflow/dags/first_day.py
[2024-04-04T18:13:22.816+0000] {processor.py:840} INFO - DAG(s) 'first_dag_bitwise3' retrieved from /opt/airflow/dags/first_day.py
[2024-04-04T18:13:22.832+0000] {logging_mixin.py:188} INFO - [2024-04-04T18:13:22.832+0000] {dag.py:3047} INFO - Sync 1 DAGs
[2024-04-04T18:13:22.850+0000] {logging_mixin.py:188} INFO - [2024-04-04T18:13:22.850+0000] {dag.py:3834} INFO - Setting next_dagrun for first_dag_bitwise3 to 2024-04-02 00:00:00+00:00, run_after=2024-04-03 00:00:00+00:00
[2024-04-04T18:13:22.864+0000] {processor.py:183} INFO - Processing /opt/airflow/dags/first_day.py took 0.066 seconds
[2024-04-04T18:13:53.472+0000] {processor.py:161} INFO - Started process (PID=305) to work on /opt/airflow/dags/first_day.py
[2024-04-04T18:13:53.473+0000] {processor.py:830} INFO - Processing file /opt/airflow/dags/first_day.py for tasks to queue
[2024-04-04T18:13:53.475+0000] {logging_mixin.py:188} INFO - [2024-04-04T18:13:53.475+0000] {dagbag.py:540} INFO - Filling up the DagBag from /opt/airflow/dags/first_day.py
[2024-04-04T18:13:53.490+0000] {processor.py:840} INFO - DAG(s) 'first_dag_bitwise3' retrieved from /opt/airflow/dags/first_day.py
[2024-04-04T18:13:53.508+0000] {logging_mixin.py:188} INFO - [2024-04-04T18:13:53.507+0000] {dag.py:3047} INFO - Sync 1 DAGs
[2024-04-04T18:13:53.526+0000] {logging_mixin.py:188} INFO - [2024-04-04T18:13:53.526+0000] {dag.py:3834} INFO - Setting next_dagrun for first_dag_bitwise3 to 2024-04-02 00:00:00+00:00, run_after=2024-04-03 00:00:00+00:00
[2024-04-04T18:13:53.539+0000] {processor.py:183} INFO - Processing /opt/airflow/dags/first_day.py took 0.069 seconds
[2024-04-04T18:14:24.057+0000] {processor.py:161} INFO - Started process (PID=319) to work on /opt/airflow/dags/first_day.py
[2024-04-04T18:14:24.058+0000] {processor.py:830} INFO - Processing file /opt/airflow/dags/first_day.py for tasks to queue
[2024-04-04T18:14:24.059+0000] {logging_mixin.py:188} INFO - [2024-04-04T18:14:24.059+0000] {dagbag.py:540} INFO - Filling up the DagBag from /opt/airflow/dags/first_day.py
[2024-04-04T18:14:24.074+0000] {processor.py:840} INFO - DAG(s) 'first_dag_bitwise3' retrieved from /opt/airflow/dags/first_day.py
[2024-04-04T18:14:24.092+0000] {logging_mixin.py:188} INFO - [2024-04-04T18:14:24.092+0000] {dag.py:3047} INFO - Sync 1 DAGs
[2024-04-04T18:14:24.111+0000] {logging_mixin.py:188} INFO - [2024-04-04T18:14:24.111+0000] {dag.py:3834} INFO - Setting next_dagrun for first_dag_bitwise3 to 2024-04-02 00:00:00+00:00, run_after=2024-04-03 00:00:00+00:00
[2024-04-04T18:14:24.129+0000] {processor.py:183} INFO - Processing /opt/airflow/dags/first_day.py took 0.075 seconds
[2024-04-04T18:14:54.674+0000] {processor.py:161} INFO - Started process (PID=333) to work on /opt/airflow/dags/first_day.py
[2024-04-04T18:14:54.675+0000] {processor.py:830} INFO - Processing file /opt/airflow/dags/first_day.py for tasks to queue
[2024-04-04T18:14:54.678+0000] {logging_mixin.py:188} INFO - [2024-04-04T18:14:54.678+0000] {dagbag.py:540} INFO - Filling up the DagBag from /opt/airflow/dags/first_day.py
[2024-04-04T18:14:54.692+0000] {processor.py:840} INFO - DAG(s) 'first_dag_bitwise3' retrieved from /opt/airflow/dags/first_day.py
[2024-04-04T18:14:54.712+0000] {logging_mixin.py:188} INFO - [2024-04-04T18:14:54.712+0000] {dag.py:3047} INFO - Sync 1 DAGs
[2024-04-04T18:14:54.731+0000] {logging_mixin.py:188} INFO - [2024-04-04T18:14:54.731+0000] {dag.py:3834} INFO - Setting next_dagrun for first_dag_bitwise3 to 2024-04-02 00:00:00+00:00, run_after=2024-04-03 00:00:00+00:00
[2024-04-04T18:14:54.749+0000] {processor.py:183} INFO - Processing /opt/airflow/dags/first_day.py took 0.078 seconds
[2024-04-04T18:15:25.380+0000] {processor.py:161} INFO - Started process (PID=347) to work on /opt/airflow/dags/first_day.py
[2024-04-04T18:15:25.381+0000] {processor.py:830} INFO - Processing file /opt/airflow/dags/first_day.py for tasks to queue
[2024-04-04T18:15:25.382+0000] {logging_mixin.py:188} INFO - [2024-04-04T18:15:25.382+0000] {dagbag.py:540} INFO - Filling up the DagBag from /opt/airflow/dags/first_day.py
[2024-04-04T18:15:25.400+0000] {processor.py:840} INFO - DAG(s) 'first_dag_bitwise3' retrieved from /opt/airflow/dags/first_day.py
[2024-04-04T18:15:25.424+0000] {logging_mixin.py:188} INFO - [2024-04-04T18:15:25.423+0000] {dag.py:3047} INFO - Sync 1 DAGs
[2024-04-04T18:15:25.446+0000] {logging_mixin.py:188} INFO - [2024-04-04T18:15:25.445+0000] {dag.py:3834} INFO - Setting next_dagrun for first_dag_bitwise3 to 2024-04-02 00:00:00+00:00, run_after=2024-04-03 00:00:00+00:00
[2024-04-04T18:15:25.462+0000] {processor.py:183} INFO - Processing /opt/airflow/dags/first_day.py took 0.085 seconds
[2024-04-04T18:15:55.946+0000] {processor.py:161} INFO - Started process (PID=361) to work on /opt/airflow/dags/first_day.py
[2024-04-04T18:15:55.947+0000] {processor.py:830} INFO - Processing file /opt/airflow/dags/first_day.py for tasks to queue
[2024-04-04T18:15:55.949+0000] {logging_mixin.py:188} INFO - [2024-04-04T18:15:55.948+0000] {dagbag.py:540} INFO - Filling up the DagBag from /opt/airflow/dags/first_day.py
[2024-04-04T18:15:55.961+0000] {processor.py:840} INFO - DAG(s) 'first_dag_bitwise3' retrieved from /opt/airflow/dags/first_day.py
[2024-04-04T18:15:55.977+0000] {logging_mixin.py:188} INFO - [2024-04-04T18:15:55.977+0000] {dag.py:3047} INFO - Sync 1 DAGs
[2024-04-04T18:15:55.994+0000] {logging_mixin.py:188} INFO - [2024-04-04T18:15:55.994+0000] {dag.py:3834} INFO - Setting next_dagrun for first_dag_bitwise3 to 2024-04-02 00:00:00+00:00, run_after=2024-04-03 00:00:00+00:00
[2024-04-04T18:15:56.010+0000] {processor.py:183} INFO - Processing /opt/airflow/dags/first_day.py took 0.068 seconds
[2024-04-04T18:16:26.546+0000] {processor.py:161} INFO - Started process (PID=375) to work on /opt/airflow/dags/first_day.py
[2024-04-04T18:16:26.547+0000] {processor.py:830} INFO - Processing file /opt/airflow/dags/first_day.py for tasks to queue
[2024-04-04T18:16:26.548+0000] {logging_mixin.py:188} INFO - [2024-04-04T18:16:26.548+0000] {dagbag.py:540} INFO - Filling up the DagBag from /opt/airflow/dags/first_day.py
[2024-04-04T18:16:26.561+0000] {processor.py:840} INFO - DAG(s) 'first_dag_bitwise3' retrieved from /opt/airflow/dags/first_day.py
[2024-04-04T18:16:26.577+0000] {logging_mixin.py:188} INFO - [2024-04-04T18:16:26.577+0000] {dag.py:3047} INFO - Sync 1 DAGs
[2024-04-04T18:16:26.596+0000] {logging_mixin.py:188} INFO - [2024-04-04T18:16:26.595+0000] {dag.py:3834} INFO - Setting next_dagrun for first_dag_bitwise3 to 2024-04-02 00:00:00+00:00, run_after=2024-04-03 00:00:00+00:00
[2024-04-04T18:16:26.610+0000] {processor.py:183} INFO - Processing /opt/airflow/dags/first_day.py took 0.066 seconds
[2024-04-04T18:16:57.225+0000] {processor.py:161} INFO - Started process (PID=389) to work on /opt/airflow/dags/first_day.py
[2024-04-04T18:16:57.226+0000] {processor.py:830} INFO - Processing file /opt/airflow/dags/first_day.py for tasks to queue
[2024-04-04T18:16:57.227+0000] {logging_mixin.py:188} INFO - [2024-04-04T18:16:57.227+0000] {dagbag.py:540} INFO - Filling up the DagBag from /opt/airflow/dags/first_day.py
[2024-04-04T18:16:57.241+0000] {processor.py:840} INFO - DAG(s) 'first_dag_bitwise3' retrieved from /opt/airflow/dags/first_day.py
[2024-04-04T18:16:57.258+0000] {logging_mixin.py:188} INFO - [2024-04-04T18:16:57.257+0000] {dag.py:3047} INFO - Sync 1 DAGs
[2024-04-04T18:16:57.274+0000] {logging_mixin.py:188} INFO - [2024-04-04T18:16:57.274+0000] {dag.py:3834} INFO - Setting next_dagrun for first_dag_bitwise3 to 2024-04-02 00:00:00+00:00, run_after=2024-04-03 00:00:00+00:00
[2024-04-04T18:16:57.288+0000] {processor.py:183} INFO - Processing /opt/airflow/dags/first_day.py took 0.065 seconds
[2024-04-04T18:17:27.748+0000] {processor.py:161} INFO - Started process (PID=403) to work on /opt/airflow/dags/first_day.py
[2024-04-04T18:17:27.749+0000] {processor.py:830} INFO - Processing file /opt/airflow/dags/first_day.py for tasks to queue
[2024-04-04T18:17:27.750+0000] {logging_mixin.py:188} INFO - [2024-04-04T18:17:27.750+0000] {dagbag.py:540} INFO - Filling up the DagBag from /opt/airflow/dags/first_day.py
[2024-04-04T18:17:27.765+0000] {processor.py:840} INFO - DAG(s) 'first_dag_bitwise3' retrieved from /opt/airflow/dags/first_day.py
[2024-04-04T18:17:27.781+0000] {logging_mixin.py:188} INFO - [2024-04-04T18:17:27.781+0000] {dag.py:3047} INFO - Sync 1 DAGs
[2024-04-04T18:17:27.798+0000] {logging_mixin.py:188} INFO - [2024-04-04T18:17:27.798+0000] {dag.py:3834} INFO - Setting next_dagrun for first_dag_bitwise3 to 2024-04-02 00:00:00+00:00, run_after=2024-04-03 00:00:00+00:00
[2024-04-04T18:17:27.812+0000] {processor.py:183} INFO - Processing /opt/airflow/dags/first_day.py took 0.066 seconds
[2024-04-04T18:17:58.461+0000] {processor.py:161} INFO - Started process (PID=417) to work on /opt/airflow/dags/first_day.py
[2024-04-04T18:17:58.462+0000] {processor.py:830} INFO - Processing file /opt/airflow/dags/first_day.py for tasks to queue
[2024-04-04T18:17:58.463+0000] {logging_mixin.py:188} INFO - [2024-04-04T18:17:58.463+0000] {dagbag.py:540} INFO - Filling up the DagBag from /opt/airflow/dags/first_day.py
[2024-04-04T18:17:58.477+0000] {processor.py:840} INFO - DAG(s) 'first_dag_bitwise3' retrieved from /opt/airflow/dags/first_day.py
[2024-04-04T18:17:58.494+0000] {logging_mixin.py:188} INFO - [2024-04-04T18:17:58.493+0000] {dag.py:3047} INFO - Sync 1 DAGs
[2024-04-04T18:17:58.511+0000] {logging_mixin.py:188} INFO - [2024-04-04T18:17:58.511+0000] {dag.py:3834} INFO - Setting next_dagrun for first_dag_bitwise3 to 2024-04-02 00:00:00+00:00, run_after=2024-04-03 00:00:00+00:00
[2024-04-04T18:17:58.526+0000] {processor.py:183} INFO - Processing /opt/airflow/dags/first_day.py took 0.067 seconds
[2024-04-04T18:18:29.069+0000] {processor.py:161} INFO - Started process (PID=431) to work on /opt/airflow/dags/first_day.py
[2024-04-04T18:18:29.070+0000] {processor.py:830} INFO - Processing file /opt/airflow/dags/first_day.py for tasks to queue
[2024-04-04T18:18:29.071+0000] {logging_mixin.py:188} INFO - [2024-04-04T18:18:29.071+0000] {dagbag.py:540} INFO - Filling up the DagBag from /opt/airflow/dags/first_day.py
[2024-04-04T18:18:29.085+0000] {processor.py:840} INFO - DAG(s) 'first_dag_bitwise3' retrieved from /opt/airflow/dags/first_day.py
[2024-04-04T18:18:29.103+0000] {logging_mixin.py:188} INFO - [2024-04-04T18:18:29.103+0000] {dag.py:3047} INFO - Sync 1 DAGs
[2024-04-04T18:18:29.123+0000] {logging_mixin.py:188} INFO - [2024-04-04T18:18:29.123+0000] {dag.py:3834} INFO - Setting next_dagrun for first_dag_bitwise3 to 2024-04-02 00:00:00+00:00, run_after=2024-04-03 00:00:00+00:00
[2024-04-04T18:18:29.139+0000] {processor.py:183} INFO - Processing /opt/airflow/dags/first_day.py took 0.072 seconds
