[2024-04-04T18:05:40.490+0000] {processor.py:161} INFO - Started process (PID=43) to work on /opt/airflow/dags/minios3buc.py
[2024-04-04T18:05:40.492+0000] {processor.py:830} INFO - Processing file /opt/airflow/dags/minios3buc.py for tasks to queue
[2024-04-04T18:05:40.495+0000] {logging_mixin.py:188} INFO - [2024-04-04T18:05:40.494+0000] {dagbag.py:540} INFO - Filling up the DagBag from /opt/airflow/dags/minios3buc.py
[2024-04-04T18:05:40.530+0000] {processor.py:840} INFO - DAG(s) 'miniouss3dag' retrieved from /opt/airflow/dags/minios3buc.py
[2024-04-04T18:05:40.553+0000] {logging_mixin.py:188} INFO - [2024-04-04T18:05:40.553+0000] {dag.py:3047} INFO - Sync 1 DAGs
[2024-04-04T18:05:40.578+0000] {logging_mixin.py:188} INFO - [2024-04-04T18:05:40.578+0000] {dag.py:3834} INFO - Setting next_dagrun for miniouss3dag to 2024-04-03 04:05:00+00:00, run_after=2024-04-04 04:05:00+00:00
[2024-04-04T18:05:40.596+0000] {processor.py:183} INFO - Processing /opt/airflow/dags/minios3buc.py took 0.109 seconds
[2024-04-04T18:06:11.316+0000] {processor.py:161} INFO - Started process (PID=57) to work on /opt/airflow/dags/minios3buc.py
[2024-04-04T18:06:11.317+0000] {processor.py:830} INFO - Processing file /opt/airflow/dags/minios3buc.py for tasks to queue
[2024-04-04T18:06:11.319+0000] {logging_mixin.py:188} INFO - [2024-04-04T18:06:11.319+0000] {dagbag.py:540} INFO - Filling up the DagBag from /opt/airflow/dags/minios3buc.py
[2024-04-04T18:06:11.340+0000] {processor.py:840} INFO - DAG(s) 'miniouss3dag' retrieved from /opt/airflow/dags/minios3buc.py
[2024-04-04T18:06:11.359+0000] {logging_mixin.py:188} INFO - [2024-04-04T18:06:11.358+0000] {dag.py:3047} INFO - Sync 1 DAGs
[2024-04-04T18:06:11.385+0000] {logging_mixin.py:188} INFO - [2024-04-04T18:06:11.385+0000] {dag.py:3834} INFO - Setting next_dagrun for miniouss3dag to 2024-04-03 04:05:00+00:00, run_after=2024-04-04 04:05:00+00:00
[2024-04-04T18:06:11.405+0000] {processor.py:183} INFO - Processing /opt/airflow/dags/minios3buc.py took 0.093 seconds
[2024-04-04T18:06:42.059+0000] {processor.py:161} INFO - Started process (PID=71) to work on /opt/airflow/dags/minios3buc.py
[2024-04-04T18:06:42.060+0000] {processor.py:830} INFO - Processing file /opt/airflow/dags/minios3buc.py for tasks to queue
[2024-04-04T18:06:42.062+0000] {logging_mixin.py:188} INFO - [2024-04-04T18:06:42.062+0000] {dagbag.py:540} INFO - Filling up the DagBag from /opt/airflow/dags/minios3buc.py
[2024-04-04T18:06:42.111+0000] {processor.py:840} INFO - DAG(s) 'miniouss3dag' retrieved from /opt/airflow/dags/minios3buc.py
[2024-04-04T18:06:42.164+0000] {logging_mixin.py:188} INFO - [2024-04-04T18:06:42.163+0000] {dag.py:3047} INFO - Sync 1 DAGs
[2024-04-04T18:06:42.199+0000] {logging_mixin.py:188} INFO - [2024-04-04T18:06:42.198+0000] {dag.py:3834} INFO - Setting next_dagrun for miniouss3dag to 2024-04-03 04:05:00+00:00, run_after=2024-04-04 04:05:00+00:00
[2024-04-04T18:06:42.221+0000] {processor.py:183} INFO - Processing /opt/airflow/dags/minios3buc.py took 0.166 seconds
[2024-04-04T18:07:12.939+0000] {processor.py:161} INFO - Started process (PID=101) to work on /opt/airflow/dags/minios3buc.py
[2024-04-04T18:07:12.940+0000] {processor.py:830} INFO - Processing file /opt/airflow/dags/minios3buc.py for tasks to queue
[2024-04-04T18:07:12.942+0000] {logging_mixin.py:188} INFO - [2024-04-04T18:07:12.942+0000] {dagbag.py:540} INFO - Filling up the DagBag from /opt/airflow/dags/minios3buc.py
[2024-04-04T18:07:12.959+0000] {processor.py:840} INFO - DAG(s) 'miniouss3dag' retrieved from /opt/airflow/dags/minios3buc.py
[2024-04-04T18:07:12.976+0000] {logging_mixin.py:188} INFO - [2024-04-04T18:07:12.975+0000] {dag.py:3047} INFO - Sync 1 DAGs
[2024-04-04T18:07:12.995+0000] {logging_mixin.py:188} INFO - [2024-04-04T18:07:12.995+0000] {dag.py:3834} INFO - Setting next_dagrun for miniouss3dag to 2024-04-03 04:05:00+00:00, run_after=2024-04-04 04:05:00+00:00
[2024-04-04T18:07:13.016+0000] {processor.py:183} INFO - Processing /opt/airflow/dags/minios3buc.py took 0.079 seconds
[2024-04-04T18:07:43.631+0000] {processor.py:161} INFO - Started process (PID=115) to work on /opt/airflow/dags/minios3buc.py
[2024-04-04T18:07:43.631+0000] {processor.py:830} INFO - Processing file /opt/airflow/dags/minios3buc.py for tasks to queue
[2024-04-04T18:07:43.633+0000] {logging_mixin.py:188} INFO - [2024-04-04T18:07:43.632+0000] {dagbag.py:540} INFO - Filling up the DagBag from /opt/airflow/dags/minios3buc.py
[2024-04-04T18:07:43.648+0000] {processor.py:840} INFO - DAG(s) 'miniouss3dag' retrieved from /opt/airflow/dags/minios3buc.py
[2024-04-04T18:07:43.663+0000] {logging_mixin.py:188} INFO - [2024-04-04T18:07:43.662+0000] {dag.py:3047} INFO - Sync 1 DAGs
[2024-04-04T18:07:43.679+0000] {logging_mixin.py:188} INFO - [2024-04-04T18:07:43.679+0000] {dag.py:3834} INFO - Setting next_dagrun for miniouss3dag to 2024-04-03 04:05:00+00:00, run_after=2024-04-04 04:05:00+00:00
[2024-04-04T18:07:43.701+0000] {processor.py:183} INFO - Processing /opt/airflow/dags/minios3buc.py took 0.073 seconds
[2024-04-04T18:08:14.337+0000] {processor.py:161} INFO - Started process (PID=129) to work on /opt/airflow/dags/minios3buc.py
[2024-04-04T18:08:14.338+0000] {processor.py:830} INFO - Processing file /opt/airflow/dags/minios3buc.py for tasks to queue
[2024-04-04T18:08:14.341+0000] {logging_mixin.py:188} INFO - [2024-04-04T18:08:14.341+0000] {dagbag.py:540} INFO - Filling up the DagBag from /opt/airflow/dags/minios3buc.py
[2024-04-04T18:08:14.368+0000] {processor.py:840} INFO - DAG(s) 'miniouss3dag' retrieved from /opt/airflow/dags/minios3buc.py
[2024-04-04T18:08:14.393+0000] {logging_mixin.py:188} INFO - [2024-04-04T18:08:14.393+0000] {dag.py:3047} INFO - Sync 1 DAGs
[2024-04-04T18:08:14.420+0000] {logging_mixin.py:188} INFO - [2024-04-04T18:08:14.420+0000] {dag.py:3834} INFO - Setting next_dagrun for miniouss3dag to 2024-04-03 04:05:00+00:00, run_after=2024-04-04 04:05:00+00:00
[2024-04-04T18:08:14.443+0000] {processor.py:183} INFO - Processing /opt/airflow/dags/minios3buc.py took 0.111 seconds
[2024-04-04T18:08:45.262+0000] {processor.py:161} INFO - Started process (PID=143) to work on /opt/airflow/dags/minios3buc.py
[2024-04-04T18:08:45.264+0000] {processor.py:830} INFO - Processing file /opt/airflow/dags/minios3buc.py for tasks to queue
[2024-04-04T18:08:45.267+0000] {logging_mixin.py:188} INFO - [2024-04-04T18:08:45.267+0000] {dagbag.py:540} INFO - Filling up the DagBag from /opt/airflow/dags/minios3buc.py
[2024-04-04T18:08:45.289+0000] {processor.py:840} INFO - DAG(s) 'miniouss3dag' retrieved from /opt/airflow/dags/minios3buc.py
[2024-04-04T18:08:45.311+0000] {logging_mixin.py:188} INFO - [2024-04-04T18:08:45.310+0000] {dag.py:3047} INFO - Sync 1 DAGs
[2024-04-04T18:08:45.336+0000] {logging_mixin.py:188} INFO - [2024-04-04T18:08:45.335+0000] {dag.py:3834} INFO - Setting next_dagrun for miniouss3dag to 2024-04-03 04:05:00+00:00, run_after=2024-04-04 04:05:00+00:00
[2024-04-04T18:08:45.357+0000] {processor.py:183} INFO - Processing /opt/airflow/dags/minios3buc.py took 0.097 seconds
[2024-04-04T18:09:16.087+0000] {processor.py:161} INFO - Started process (PID=169) to work on /opt/airflow/dags/minios3buc.py
[2024-04-04T18:09:16.088+0000] {processor.py:830} INFO - Processing file /opt/airflow/dags/minios3buc.py for tasks to queue
[2024-04-04T18:09:16.089+0000] {logging_mixin.py:188} INFO - [2024-04-04T18:09:16.089+0000] {dagbag.py:540} INFO - Filling up the DagBag from /opt/airflow/dags/minios3buc.py
[2024-04-04T18:09:16.109+0000] {processor.py:840} INFO - DAG(s) 'miniouss3dag' retrieved from /opt/airflow/dags/minios3buc.py
[2024-04-04T18:09:16.131+0000] {logging_mixin.py:188} INFO - [2024-04-04T18:09:16.131+0000] {dag.py:3047} INFO - Sync 1 DAGs
[2024-04-04T18:09:16.152+0000] {logging_mixin.py:188} INFO - [2024-04-04T18:09:16.152+0000] {dag.py:3834} INFO - Setting next_dagrun for miniouss3dag to 2024-04-03 04:05:00+00:00, run_after=2024-04-04 04:05:00+00:00
[2024-04-04T18:09:16.173+0000] {processor.py:183} INFO - Processing /opt/airflow/dags/minios3buc.py took 0.089 seconds
[2024-04-04T18:09:46.817+0000] {processor.py:161} INFO - Started process (PID=183) to work on /opt/airflow/dags/minios3buc.py
[2024-04-04T18:09:46.818+0000] {processor.py:830} INFO - Processing file /opt/airflow/dags/minios3buc.py for tasks to queue
[2024-04-04T18:09:46.820+0000] {logging_mixin.py:188} INFO - [2024-04-04T18:09:46.820+0000] {dagbag.py:540} INFO - Filling up the DagBag from /opt/airflow/dags/minios3buc.py
[2024-04-04T18:09:46.844+0000] {processor.py:840} INFO - DAG(s) 'miniouss3dag' retrieved from /opt/airflow/dags/minios3buc.py
[2024-04-04T18:09:46.865+0000] {logging_mixin.py:188} INFO - [2024-04-04T18:09:46.865+0000] {dag.py:3047} INFO - Sync 1 DAGs
[2024-04-04T18:09:46.886+0000] {logging_mixin.py:188} INFO - [2024-04-04T18:09:46.886+0000] {dag.py:3834} INFO - Setting next_dagrun for miniouss3dag to 2024-04-03 04:05:00+00:00, run_after=2024-04-04 04:05:00+00:00
[2024-04-04T18:09:46.904+0000] {processor.py:183} INFO - Processing /opt/airflow/dags/minios3buc.py took 0.090 seconds
[2024-04-04T18:10:17.577+0000] {processor.py:161} INFO - Started process (PID=197) to work on /opt/airflow/dags/minios3buc.py
[2024-04-04T18:10:17.578+0000] {processor.py:830} INFO - Processing file /opt/airflow/dags/minios3buc.py for tasks to queue
[2024-04-04T18:10:17.579+0000] {logging_mixin.py:188} INFO - [2024-04-04T18:10:17.579+0000] {dagbag.py:540} INFO - Filling up the DagBag from /opt/airflow/dags/minios3buc.py
[2024-04-04T18:10:17.598+0000] {processor.py:840} INFO - DAG(s) 'miniouss3dag' retrieved from /opt/airflow/dags/minios3buc.py
[2024-04-04T18:10:17.616+0000] {logging_mixin.py:188} INFO - [2024-04-04T18:10:17.616+0000] {dag.py:3047} INFO - Sync 1 DAGs
[2024-04-04T18:10:17.635+0000] {logging_mixin.py:188} INFO - [2024-04-04T18:10:17.635+0000] {dag.py:3834} INFO - Setting next_dagrun for miniouss3dag to 2024-04-03 04:05:00+00:00, run_after=2024-04-04 04:05:00+00:00
[2024-04-04T18:10:17.653+0000] {processor.py:183} INFO - Processing /opt/airflow/dags/minios3buc.py took 0.079 seconds
[2024-04-04T18:10:48.349+0000] {processor.py:161} INFO - Started process (PID=211) to work on /opt/airflow/dags/minios3buc.py
[2024-04-04T18:10:48.350+0000] {processor.py:830} INFO - Processing file /opt/airflow/dags/minios3buc.py for tasks to queue
[2024-04-04T18:10:48.352+0000] {logging_mixin.py:188} INFO - [2024-04-04T18:10:48.352+0000] {dagbag.py:540} INFO - Filling up the DagBag from /opt/airflow/dags/minios3buc.py
[2024-04-04T18:10:48.369+0000] {processor.py:840} INFO - DAG(s) 'miniouss3dag' retrieved from /opt/airflow/dags/minios3buc.py
[2024-04-04T18:10:48.386+0000] {logging_mixin.py:188} INFO - [2024-04-04T18:10:48.386+0000] {dag.py:3047} INFO - Sync 1 DAGs
[2024-04-04T18:10:48.405+0000] {logging_mixin.py:188} INFO - [2024-04-04T18:10:48.405+0000] {dag.py:3834} INFO - Setting next_dagrun for miniouss3dag to 2024-04-03 04:05:00+00:00, run_after=2024-04-04 04:05:00+00:00
[2024-04-04T18:10:48.421+0000] {processor.py:183} INFO - Processing /opt/airflow/dags/minios3buc.py took 0.073 seconds
[2024-04-04T18:11:19.027+0000] {processor.py:161} INFO - Started process (PID=225) to work on /opt/airflow/dags/minios3buc.py
[2024-04-04T18:11:19.027+0000] {processor.py:830} INFO - Processing file /opt/airflow/dags/minios3buc.py for tasks to queue
[2024-04-04T18:11:19.029+0000] {logging_mixin.py:188} INFO - [2024-04-04T18:11:19.028+0000] {dagbag.py:540} INFO - Filling up the DagBag from /opt/airflow/dags/minios3buc.py
[2024-04-04T18:11:19.047+0000] {processor.py:840} INFO - DAG(s) 'miniouss3dag' retrieved from /opt/airflow/dags/minios3buc.py
[2024-04-04T18:11:19.063+0000] {logging_mixin.py:188} INFO - [2024-04-04T18:11:19.063+0000] {dag.py:3047} INFO - Sync 1 DAGs
[2024-04-04T18:11:19.081+0000] {logging_mixin.py:188} INFO - [2024-04-04T18:11:19.081+0000] {dag.py:3834} INFO - Setting next_dagrun for miniouss3dag to 2024-04-03 04:05:00+00:00, run_after=2024-04-04 04:05:00+00:00
[2024-04-04T18:11:19.098+0000] {processor.py:183} INFO - Processing /opt/airflow/dags/minios3buc.py took 0.074 seconds
[2024-04-04T18:11:49.824+0000] {processor.py:161} INFO - Started process (PID=239) to work on /opt/airflow/dags/minios3buc.py
[2024-04-04T18:11:49.825+0000] {processor.py:830} INFO - Processing file /opt/airflow/dags/minios3buc.py for tasks to queue
[2024-04-04T18:11:49.826+0000] {logging_mixin.py:188} INFO - [2024-04-04T18:11:49.826+0000] {dagbag.py:540} INFO - Filling up the DagBag from /opt/airflow/dags/minios3buc.py
[2024-04-04T18:11:49.843+0000] {processor.py:840} INFO - DAG(s) 'miniouss3dag' retrieved from /opt/airflow/dags/minios3buc.py
[2024-04-04T18:11:50.004+0000] {logging_mixin.py:188} INFO - [2024-04-04T18:11:50.003+0000] {dag.py:3047} INFO - Sync 1 DAGs
[2024-04-04T18:11:50.021+0000] {logging_mixin.py:188} INFO - [2024-04-04T18:11:50.020+0000] {dag.py:3834} INFO - Setting next_dagrun for miniouss3dag to 2024-04-03 04:05:00+00:00, run_after=2024-04-04 04:05:00+00:00
[2024-04-04T18:11:50.039+0000] {processor.py:183} INFO - Processing /opt/airflow/dags/minios3buc.py took 0.217 seconds
[2024-04-04T18:12:20.107+0000] {processor.py:161} INFO - Started process (PID=253) to work on /opt/airflow/dags/minios3buc.py
[2024-04-04T18:12:20.108+0000] {processor.py:830} INFO - Processing file /opt/airflow/dags/minios3buc.py for tasks to queue
[2024-04-04T18:12:20.110+0000] {logging_mixin.py:188} INFO - [2024-04-04T18:12:20.110+0000] {dagbag.py:540} INFO - Filling up the DagBag from /opt/airflow/dags/minios3buc.py
[2024-04-04T18:12:20.127+0000] {processor.py:840} INFO - DAG(s) 'miniouss3dag' retrieved from /opt/airflow/dags/minios3buc.py
[2024-04-04T18:12:20.143+0000] {logging_mixin.py:188} INFO - [2024-04-04T18:12:20.143+0000] {dag.py:3047} INFO - Sync 1 DAGs
[2024-04-04T18:12:20.160+0000] {logging_mixin.py:188} INFO - [2024-04-04T18:12:20.160+0000] {dag.py:3834} INFO - Setting next_dagrun for miniouss3dag to 2024-04-03 04:05:00+00:00, run_after=2024-04-04 04:05:00+00:00
[2024-04-04T18:12:20.176+0000] {processor.py:183} INFO - Processing /opt/airflow/dags/minios3buc.py took 0.071 seconds
[2024-04-04T18:12:50.722+0000] {processor.py:161} INFO - Started process (PID=267) to work on /opt/airflow/dags/minios3buc.py
[2024-04-04T18:12:50.723+0000] {processor.py:830} INFO - Processing file /opt/airflow/dags/minios3buc.py for tasks to queue
[2024-04-04T18:12:50.725+0000] {logging_mixin.py:188} INFO - [2024-04-04T18:12:50.725+0000] {dagbag.py:540} INFO - Filling up the DagBag from /opt/airflow/dags/minios3buc.py
[2024-04-04T18:12:50.743+0000] {processor.py:840} INFO - DAG(s) 'miniouss3dag' retrieved from /opt/airflow/dags/minios3buc.py
[2024-04-04T18:12:50.763+0000] {logging_mixin.py:188} INFO - [2024-04-04T18:12:50.763+0000] {dag.py:3047} INFO - Sync 1 DAGs
[2024-04-04T18:12:50.783+0000] {logging_mixin.py:188} INFO - [2024-04-04T18:12:50.782+0000] {dag.py:3834} INFO - Setting next_dagrun for miniouss3dag to 2024-04-03 04:05:00+00:00, run_after=2024-04-04 04:05:00+00:00
[2024-04-04T18:12:50.803+0000] {processor.py:183} INFO - Processing /opt/airflow/dags/minios3buc.py took 0.083 seconds
[2024-04-04T18:13:21.423+0000] {processor.py:161} INFO - Started process (PID=285) to work on /opt/airflow/dags/minios3buc.py
[2024-04-04T18:13:21.424+0000] {processor.py:830} INFO - Processing file /opt/airflow/dags/minios3buc.py for tasks to queue
[2024-04-04T18:13:21.427+0000] {logging_mixin.py:188} INFO - [2024-04-04T18:13:21.426+0000] {dagbag.py:540} INFO - Filling up the DagBag from /opt/airflow/dags/minios3buc.py
[2024-04-04T18:13:21.447+0000] {processor.py:840} INFO - DAG(s) 'miniouss3dag' retrieved from /opt/airflow/dags/minios3buc.py
[2024-04-04T18:13:21.465+0000] {logging_mixin.py:188} INFO - [2024-04-04T18:13:21.464+0000] {dag.py:3047} INFO - Sync 1 DAGs
[2024-04-04T18:13:21.485+0000] {logging_mixin.py:188} INFO - [2024-04-04T18:13:21.485+0000] {dag.py:3834} INFO - Setting next_dagrun for miniouss3dag to 2024-04-04 04:05:00+00:00, run_after=2024-04-05 04:05:00+00:00
[2024-04-04T18:13:21.502+0000] {processor.py:183} INFO - Processing /opt/airflow/dags/minios3buc.py took 0.084 seconds
[2024-04-04T18:13:52.093+0000] {processor.py:161} INFO - Started process (PID=299) to work on /opt/airflow/dags/minios3buc.py
[2024-04-04T18:13:52.093+0000] {processor.py:830} INFO - Processing file /opt/airflow/dags/minios3buc.py for tasks to queue
[2024-04-04T18:13:52.095+0000] {logging_mixin.py:188} INFO - [2024-04-04T18:13:52.094+0000] {dagbag.py:540} INFO - Filling up the DagBag from /opt/airflow/dags/minios3buc.py
[2024-04-04T18:13:52.111+0000] {processor.py:840} INFO - DAG(s) 'miniouss3dag' retrieved from /opt/airflow/dags/minios3buc.py
[2024-04-04T18:13:52.127+0000] {logging_mixin.py:188} INFO - [2024-04-04T18:13:52.127+0000] {dag.py:3047} INFO - Sync 1 DAGs
[2024-04-04T18:13:52.144+0000] {logging_mixin.py:188} INFO - [2024-04-04T18:13:52.144+0000] {dag.py:3834} INFO - Setting next_dagrun for miniouss3dag to 2024-04-04 04:05:00+00:00, run_after=2024-04-05 04:05:00+00:00
[2024-04-04T18:13:52.159+0000] {processor.py:183} INFO - Processing /opt/airflow/dags/minios3buc.py took 0.068 seconds
[2024-04-04T18:14:22.803+0000] {processor.py:161} INFO - Started process (PID=313) to work on /opt/airflow/dags/minios3buc.py
[2024-04-04T18:14:22.804+0000] {processor.py:830} INFO - Processing file /opt/airflow/dags/minios3buc.py for tasks to queue
[2024-04-04T18:14:22.805+0000] {logging_mixin.py:188} INFO - [2024-04-04T18:14:22.805+0000] {dagbag.py:540} INFO - Filling up the DagBag from /opt/airflow/dags/minios3buc.py
[2024-04-04T18:14:22.823+0000] {processor.py:840} INFO - DAG(s) 'miniouss3dag' retrieved from /opt/airflow/dags/minios3buc.py
[2024-04-04T18:14:22.851+0000] {logging_mixin.py:188} INFO - [2024-04-04T18:14:22.851+0000] {dag.py:3047} INFO - Sync 1 DAGs
[2024-04-04T18:14:22.879+0000] {logging_mixin.py:188} INFO - [2024-04-04T18:14:22.878+0000] {dag.py:3834} INFO - Setting next_dagrun for miniouss3dag to 2024-04-04 04:05:00+00:00, run_after=2024-04-05 04:05:00+00:00
[2024-04-04T18:14:22.896+0000] {processor.py:183} INFO - Processing /opt/airflow/dags/minios3buc.py took 0.095 seconds
[2024-04-04T18:14:53.416+0000] {processor.py:161} INFO - Started process (PID=327) to work on /opt/airflow/dags/minios3buc.py
[2024-04-04T18:14:53.417+0000] {processor.py:830} INFO - Processing file /opt/airflow/dags/minios3buc.py for tasks to queue
[2024-04-04T18:14:53.418+0000] {logging_mixin.py:188} INFO - [2024-04-04T18:14:53.418+0000] {dagbag.py:540} INFO - Filling up the DagBag from /opt/airflow/dags/minios3buc.py
[2024-04-04T18:14:53.436+0000] {processor.py:840} INFO - DAG(s) 'miniouss3dag' retrieved from /opt/airflow/dags/minios3buc.py
[2024-04-04T18:14:53.454+0000] {logging_mixin.py:188} INFO - [2024-04-04T18:14:53.454+0000] {dag.py:3047} INFO - Sync 1 DAGs
[2024-04-04T18:14:53.475+0000] {logging_mixin.py:188} INFO - [2024-04-04T18:14:53.475+0000] {dag.py:3834} INFO - Setting next_dagrun for miniouss3dag to 2024-04-04 04:05:00+00:00, run_after=2024-04-05 04:05:00+00:00
[2024-04-04T18:14:53.493+0000] {processor.py:183} INFO - Processing /opt/airflow/dags/minios3buc.py took 0.080 seconds
[2024-04-04T18:15:24.045+0000] {processor.py:161} INFO - Started process (PID=341) to work on /opt/airflow/dags/minios3buc.py
[2024-04-04T18:15:24.046+0000] {processor.py:830} INFO - Processing file /opt/airflow/dags/minios3buc.py for tasks to queue
[2024-04-04T18:15:24.047+0000] {logging_mixin.py:188} INFO - [2024-04-04T18:15:24.047+0000] {dagbag.py:540} INFO - Filling up the DagBag from /opt/airflow/dags/minios3buc.py
[2024-04-04T18:15:24.063+0000] {processor.py:840} INFO - DAG(s) 'miniouss3dag' retrieved from /opt/airflow/dags/minios3buc.py
[2024-04-04T18:15:24.080+0000] {logging_mixin.py:188} INFO - [2024-04-04T18:15:24.080+0000] {dag.py:3047} INFO - Sync 1 DAGs
[2024-04-04T18:15:24.098+0000] {logging_mixin.py:188} INFO - [2024-04-04T18:15:24.098+0000] {dag.py:3834} INFO - Setting next_dagrun for miniouss3dag to 2024-04-04 04:05:00+00:00, run_after=2024-04-05 04:05:00+00:00
[2024-04-04T18:15:24.115+0000] {processor.py:183} INFO - Processing /opt/airflow/dags/minios3buc.py took 0.072 seconds
[2024-04-04T18:15:54.715+0000] {processor.py:161} INFO - Started process (PID=355) to work on /opt/airflow/dags/minios3buc.py
[2024-04-04T18:15:54.715+0000] {processor.py:830} INFO - Processing file /opt/airflow/dags/minios3buc.py for tasks to queue
[2024-04-04T18:15:54.717+0000] {logging_mixin.py:188} INFO - [2024-04-04T18:15:54.717+0000] {dagbag.py:540} INFO - Filling up the DagBag from /opt/airflow/dags/minios3buc.py
[2024-04-04T18:15:54.731+0000] {processor.py:840} INFO - DAG(s) 'miniouss3dag' retrieved from /opt/airflow/dags/minios3buc.py
[2024-04-04T18:15:54.746+0000] {logging_mixin.py:188} INFO - [2024-04-04T18:15:54.746+0000] {dag.py:3047} INFO - Sync 1 DAGs
[2024-04-04T18:15:54.763+0000] {logging_mixin.py:188} INFO - [2024-04-04T18:15:54.763+0000] {dag.py:3834} INFO - Setting next_dagrun for miniouss3dag to 2024-04-04 04:05:00+00:00, run_after=2024-04-05 04:05:00+00:00
[2024-04-04T18:15:54.777+0000] {processor.py:183} INFO - Processing /opt/airflow/dags/minios3buc.py took 0.064 seconds
[2024-04-04T18:16:25.210+0000] {processor.py:161} INFO - Started process (PID=369) to work on /opt/airflow/dags/minios3buc.py
[2024-04-04T18:16:25.211+0000] {processor.py:830} INFO - Processing file /opt/airflow/dags/minios3buc.py for tasks to queue
[2024-04-04T18:16:25.212+0000] {logging_mixin.py:188} INFO - [2024-04-04T18:16:25.212+0000] {dagbag.py:540} INFO - Filling up the DagBag from /opt/airflow/dags/minios3buc.py
[2024-04-04T18:16:25.228+0000] {processor.py:840} INFO - DAG(s) 'miniouss3dag' retrieved from /opt/airflow/dags/minios3buc.py
[2024-04-04T18:16:25.244+0000] {logging_mixin.py:188} INFO - [2024-04-04T18:16:25.244+0000] {dag.py:3047} INFO - Sync 1 DAGs
[2024-04-04T18:16:25.261+0000] {logging_mixin.py:188} INFO - [2024-04-04T18:16:25.261+0000] {dag.py:3834} INFO - Setting next_dagrun for miniouss3dag to 2024-04-04 04:05:00+00:00, run_after=2024-04-05 04:05:00+00:00
[2024-04-04T18:16:25.274+0000] {processor.py:183} INFO - Processing /opt/airflow/dags/minios3buc.py took 0.066 seconds
[2024-04-04T18:16:55.819+0000] {processor.py:161} INFO - Started process (PID=383) to work on /opt/airflow/dags/minios3buc.py
[2024-04-04T18:16:55.820+0000] {processor.py:830} INFO - Processing file /opt/airflow/dags/minios3buc.py for tasks to queue
[2024-04-04T18:16:55.821+0000] {logging_mixin.py:188} INFO - [2024-04-04T18:16:55.821+0000] {dagbag.py:540} INFO - Filling up the DagBag from /opt/airflow/dags/minios3buc.py
[2024-04-04T18:16:55.837+0000] {processor.py:840} INFO - DAG(s) 'miniouss3dag' retrieved from /opt/airflow/dags/minios3buc.py
[2024-04-04T18:16:55.854+0000] {logging_mixin.py:188} INFO - [2024-04-04T18:16:55.853+0000] {dag.py:3047} INFO - Sync 1 DAGs
[2024-04-04T18:16:55.873+0000] {logging_mixin.py:188} INFO - [2024-04-04T18:16:55.872+0000] {dag.py:3834} INFO - Setting next_dagrun for miniouss3dag to 2024-04-04 04:05:00+00:00, run_after=2024-04-05 04:05:00+00:00
[2024-04-04T18:16:55.899+0000] {processor.py:183} INFO - Processing /opt/airflow/dags/minios3buc.py took 0.082 seconds
[2024-04-04T18:17:26.502+0000] {processor.py:161} INFO - Started process (PID=397) to work on /opt/airflow/dags/minios3buc.py
[2024-04-04T18:17:26.503+0000] {processor.py:830} INFO - Processing file /opt/airflow/dags/minios3buc.py for tasks to queue
[2024-04-04T18:17:26.504+0000] {logging_mixin.py:188} INFO - [2024-04-04T18:17:26.504+0000] {dagbag.py:540} INFO - Filling up the DagBag from /opt/airflow/dags/minios3buc.py
[2024-04-04T18:17:26.519+0000] {processor.py:840} INFO - DAG(s) 'miniouss3dag' retrieved from /opt/airflow/dags/minios3buc.py
[2024-04-04T18:17:26.534+0000] {logging_mixin.py:188} INFO - [2024-04-04T18:17:26.534+0000] {dag.py:3047} INFO - Sync 1 DAGs
[2024-04-04T18:17:26.550+0000] {logging_mixin.py:188} INFO - [2024-04-04T18:17:26.550+0000] {dag.py:3834} INFO - Setting next_dagrun for miniouss3dag to 2024-04-04 04:05:00+00:00, run_after=2024-04-05 04:05:00+00:00
[2024-04-04T18:17:26.570+0000] {processor.py:183} INFO - Processing /opt/airflow/dags/minios3buc.py took 0.070 seconds
[2024-04-04T18:17:57.024+0000] {processor.py:161} INFO - Started process (PID=411) to work on /opt/airflow/dags/minios3buc.py
[2024-04-04T18:17:57.025+0000] {processor.py:830} INFO - Processing file /opt/airflow/dags/minios3buc.py for tasks to queue
[2024-04-04T18:17:57.026+0000] {logging_mixin.py:188} INFO - [2024-04-04T18:17:57.026+0000] {dagbag.py:540} INFO - Filling up the DagBag from /opt/airflow/dags/minios3buc.py
[2024-04-04T18:17:57.042+0000] {processor.py:840} INFO - DAG(s) 'miniouss3dag' retrieved from /opt/airflow/dags/minios3buc.py
[2024-04-04T18:17:57.057+0000] {logging_mixin.py:188} INFO - [2024-04-04T18:17:57.057+0000] {dag.py:3047} INFO - Sync 1 DAGs
[2024-04-04T18:17:57.074+0000] {logging_mixin.py:188} INFO - [2024-04-04T18:17:57.074+0000] {dag.py:3834} INFO - Setting next_dagrun for miniouss3dag to 2024-04-04 04:05:00+00:00, run_after=2024-04-05 04:05:00+00:00
[2024-04-04T18:17:57.089+0000] {processor.py:183} INFO - Processing /opt/airflow/dags/minios3buc.py took 0.067 seconds
[2024-04-04T18:18:27.728+0000] {processor.py:161} INFO - Started process (PID=425) to work on /opt/airflow/dags/minios3buc.py
[2024-04-04T18:18:27.729+0000] {processor.py:830} INFO - Processing file /opt/airflow/dags/minios3buc.py for tasks to queue
[2024-04-04T18:18:27.730+0000] {logging_mixin.py:188} INFO - [2024-04-04T18:18:27.730+0000] {dagbag.py:540} INFO - Filling up the DagBag from /opt/airflow/dags/minios3buc.py
[2024-04-04T18:18:27.745+0000] {processor.py:840} INFO - DAG(s) 'miniouss3dag' retrieved from /opt/airflow/dags/minios3buc.py
[2024-04-04T18:18:27.760+0000] {logging_mixin.py:188} INFO - [2024-04-04T18:18:27.759+0000] {dag.py:3047} INFO - Sync 1 DAGs
[2024-04-04T18:18:27.778+0000] {logging_mixin.py:188} INFO - [2024-04-04T18:18:27.778+0000] {dag.py:3834} INFO - Setting next_dagrun for miniouss3dag to 2024-04-04 04:05:00+00:00, run_after=2024-04-05 04:05:00+00:00
[2024-04-04T18:18:27.793+0000] {processor.py:183} INFO - Processing /opt/airflow/dags/minios3buc.py took 0.068 seconds
