[2024-04-04T18:05:40.483+0000] {processor.py:161} INFO - Started process (PID=42) to work on /opt/airflow/dags/s3postgress.py
[2024-04-04T18:05:40.485+0000] {processor.py:830} INFO - Processing file /opt/airflow/dags/s3postgress.py for tasks to queue
[2024-04-04T18:05:40.487+0000] {logging_mixin.py:188} INFO - [2024-04-04T18:05:40.487+0000] {dagbag.py:540} INFO - Filling up the DagBag from /opt/airflow/dags/s3postgress.py
[2024-04-04T18:05:40.530+0000] {processor.py:840} INFO - DAG(s) 's3postgress' retrieved from /opt/airflow/dags/s3postgress.py
[2024-04-04T18:05:40.553+0000] {logging_mixin.py:188} INFO - [2024-04-04T18:05:40.553+0000] {dag.py:3047} INFO - Sync 1 DAGs
[2024-04-04T18:05:40.577+0000] {logging_mixin.py:188} INFO - [2024-04-04T18:05:40.577+0000] {dag.py:3834} INFO - Setting next_dagrun for s3postgress to 2024-04-03 00:00:00+00:00, run_after=2024-04-04 00:00:00+00:00
[2024-04-04T18:05:40.599+0000] {processor.py:183} INFO - Processing /opt/airflow/dags/s3postgress.py took 0.122 seconds
[2024-04-04T18:06:11.306+0000] {processor.py:161} INFO - Started process (PID=56) to work on /opt/airflow/dags/s3postgress.py
[2024-04-04T18:06:11.308+0000] {processor.py:830} INFO - Processing file /opt/airflow/dags/s3postgress.py for tasks to queue
[2024-04-04T18:06:11.310+0000] {logging_mixin.py:188} INFO - [2024-04-04T18:06:11.309+0000] {dagbag.py:540} INFO - Filling up the DagBag from /opt/airflow/dags/s3postgress.py
[2024-04-04T18:06:11.336+0000] {processor.py:840} INFO - DAG(s) 's3postgress' retrieved from /opt/airflow/dags/s3postgress.py
[2024-04-04T18:06:11.358+0000] {logging_mixin.py:188} INFO - [2024-04-04T18:06:11.357+0000] {dag.py:3047} INFO - Sync 1 DAGs
[2024-04-04T18:06:11.385+0000] {logging_mixin.py:188} INFO - [2024-04-04T18:06:11.385+0000] {dag.py:3834} INFO - Setting next_dagrun for s3postgress to 2024-04-03 00:00:00+00:00, run_after=2024-04-04 00:00:00+00:00
[2024-04-04T18:06:11.405+0000] {processor.py:183} INFO - Processing /opt/airflow/dags/s3postgress.py took 0.103 seconds
[2024-04-04T18:06:42.051+0000] {processor.py:161} INFO - Started process (PID=70) to work on /opt/airflow/dags/s3postgress.py
[2024-04-04T18:06:42.052+0000] {processor.py:830} INFO - Processing file /opt/airflow/dags/s3postgress.py for tasks to queue
[2024-04-04T18:06:42.055+0000] {logging_mixin.py:188} INFO - [2024-04-04T18:06:42.054+0000] {dagbag.py:540} INFO - Filling up the DagBag from /opt/airflow/dags/s3postgress.py
[2024-04-04T18:06:42.086+0000] {processor.py:840} INFO - DAG(s) 's3postgress' retrieved from /opt/airflow/dags/s3postgress.py
[2024-04-04T18:06:42.153+0000] {logging_mixin.py:188} INFO - [2024-04-04T18:06:42.153+0000] {dag.py:3047} INFO - Sync 1 DAGs
[2024-04-04T18:06:42.197+0000] {logging_mixin.py:188} INFO - [2024-04-04T18:06:42.197+0000] {dag.py:3834} INFO - Setting next_dagrun for s3postgress to 2024-04-03 00:00:00+00:00, run_after=2024-04-04 00:00:00+00:00
[2024-04-04T18:06:42.221+0000] {processor.py:183} INFO - Processing /opt/airflow/dags/s3postgress.py took 0.174 seconds
[2024-04-04T18:07:12.935+0000] {processor.py:161} INFO - Started process (PID=100) to work on /opt/airflow/dags/s3postgress.py
[2024-04-04T18:07:12.936+0000] {processor.py:830} INFO - Processing file /opt/airflow/dags/s3postgress.py for tasks to queue
[2024-04-04T18:07:12.939+0000] {logging_mixin.py:188} INFO - [2024-04-04T18:07:12.939+0000] {dagbag.py:540} INFO - Filling up the DagBag from /opt/airflow/dags/s3postgress.py
[2024-04-04T18:07:12.957+0000] {processor.py:840} INFO - DAG(s) 's3postgress' retrieved from /opt/airflow/dags/s3postgress.py
[2024-04-04T18:07:12.976+0000] {logging_mixin.py:188} INFO - [2024-04-04T18:07:12.975+0000] {dag.py:3047} INFO - Sync 1 DAGs
[2024-04-04T18:07:12.995+0000] {logging_mixin.py:188} INFO - [2024-04-04T18:07:12.994+0000] {dag.py:3834} INFO - Setting next_dagrun for s3postgress to 2024-04-03 00:00:00+00:00, run_after=2024-04-04 00:00:00+00:00
[2024-04-04T18:07:13.016+0000] {processor.py:183} INFO - Processing /opt/airflow/dags/s3postgress.py took 0.085 seconds
[2024-04-04T18:07:43.625+0000] {processor.py:161} INFO - Started process (PID=114) to work on /opt/airflow/dags/s3postgress.py
[2024-04-04T18:07:43.626+0000] {processor.py:830} INFO - Processing file /opt/airflow/dags/s3postgress.py for tasks to queue
[2024-04-04T18:07:43.627+0000] {logging_mixin.py:188} INFO - [2024-04-04T18:07:43.627+0000] {dagbag.py:540} INFO - Filling up the DagBag from /opt/airflow/dags/s3postgress.py
[2024-04-04T18:07:43.644+0000] {processor.py:840} INFO - DAG(s) 's3postgress' retrieved from /opt/airflow/dags/s3postgress.py
[2024-04-04T18:07:43.660+0000] {logging_mixin.py:188} INFO - [2024-04-04T18:07:43.660+0000] {dag.py:3047} INFO - Sync 1 DAGs
[2024-04-04T18:07:43.678+0000] {logging_mixin.py:188} INFO - [2024-04-04T18:07:43.678+0000] {dag.py:3834} INFO - Setting next_dagrun for s3postgress to 2024-04-03 00:00:00+00:00, run_after=2024-04-04 00:00:00+00:00
[2024-04-04T18:07:43.701+0000] {processor.py:183} INFO - Processing /opt/airflow/dags/s3postgress.py took 0.079 seconds
[2024-04-04T18:08:14.329+0000] {processor.py:161} INFO - Started process (PID=128) to work on /opt/airflow/dags/s3postgress.py
[2024-04-04T18:08:14.330+0000] {processor.py:830} INFO - Processing file /opt/airflow/dags/s3postgress.py for tasks to queue
[2024-04-04T18:08:14.334+0000] {logging_mixin.py:188} INFO - [2024-04-04T18:08:14.333+0000] {dagbag.py:540} INFO - Filling up the DagBag from /opt/airflow/dags/s3postgress.py
[2024-04-04T18:08:14.362+0000] {processor.py:840} INFO - DAG(s) 's3postgress' retrieved from /opt/airflow/dags/s3postgress.py
[2024-04-04T18:08:14.392+0000] {logging_mixin.py:188} INFO - [2024-04-04T18:08:14.392+0000] {dag.py:3047} INFO - Sync 1 DAGs
[2024-04-04T18:08:14.420+0000] {logging_mixin.py:188} INFO - [2024-04-04T18:08:14.420+0000] {dag.py:3834} INFO - Setting next_dagrun for s3postgress to 2024-04-03 00:00:00+00:00, run_after=2024-04-04 00:00:00+00:00
[2024-04-04T18:08:14.443+0000] {processor.py:183} INFO - Processing /opt/airflow/dags/s3postgress.py took 0.121 seconds
[2024-04-04T18:08:45.252+0000] {processor.py:161} INFO - Started process (PID=142) to work on /opt/airflow/dags/s3postgress.py
[2024-04-04T18:08:45.254+0000] {processor.py:830} INFO - Processing file /opt/airflow/dags/s3postgress.py for tasks to queue
[2024-04-04T18:08:45.258+0000] {logging_mixin.py:188} INFO - [2024-04-04T18:08:45.257+0000] {dagbag.py:540} INFO - Filling up the DagBag from /opt/airflow/dags/s3postgress.py
[2024-04-04T18:08:45.282+0000] {processor.py:840} INFO - DAG(s) 's3postgress' retrieved from /opt/airflow/dags/s3postgress.py
[2024-04-04T18:08:45.305+0000] {logging_mixin.py:188} INFO - [2024-04-04T18:08:45.305+0000] {dag.py:3047} INFO - Sync 1 DAGs
[2024-04-04T18:08:45.330+0000] {logging_mixin.py:188} INFO - [2024-04-04T18:08:45.330+0000] {dag.py:3834} INFO - Setting next_dagrun for s3postgress to 2024-04-03 00:00:00+00:00, run_after=2024-04-04 00:00:00+00:00
[2024-04-04T18:08:45.355+0000] {processor.py:183} INFO - Processing /opt/airflow/dags/s3postgress.py took 0.105 seconds
[2024-04-04T18:09:16.081+0000] {processor.py:161} INFO - Started process (PID=168) to work on /opt/airflow/dags/s3postgress.py
[2024-04-04T18:09:16.082+0000] {processor.py:830} INFO - Processing file /opt/airflow/dags/s3postgress.py for tasks to queue
[2024-04-04T18:09:16.084+0000] {logging_mixin.py:188} INFO - [2024-04-04T18:09:16.084+0000] {dagbag.py:540} INFO - Filling up the DagBag from /opt/airflow/dags/s3postgress.py
[2024-04-04T18:09:16.103+0000] {processor.py:840} INFO - DAG(s) 's3postgress' retrieved from /opt/airflow/dags/s3postgress.py
[2024-04-04T18:09:16.124+0000] {logging_mixin.py:188} INFO - [2024-04-04T18:09:16.123+0000] {dag.py:3047} INFO - Sync 1 DAGs
[2024-04-04T18:09:16.147+0000] {logging_mixin.py:188} INFO - [2024-04-04T18:09:16.147+0000] {dag.py:3834} INFO - Setting next_dagrun for s3postgress to 2024-04-03 00:00:00+00:00, run_after=2024-04-04 00:00:00+00:00
[2024-04-04T18:09:16.167+0000] {processor.py:183} INFO - Processing /opt/airflow/dags/s3postgress.py took 0.089 seconds
[2024-04-04T18:09:46.807+0000] {processor.py:161} INFO - Started process (PID=182) to work on /opt/airflow/dags/s3postgress.py
[2024-04-04T18:09:46.809+0000] {processor.py:830} INFO - Processing file /opt/airflow/dags/s3postgress.py for tasks to queue
[2024-04-04T18:09:46.810+0000] {logging_mixin.py:188} INFO - [2024-04-04T18:09:46.810+0000] {dagbag.py:540} INFO - Filling up the DagBag from /opt/airflow/dags/s3postgress.py
[2024-04-04T18:09:46.834+0000] {processor.py:840} INFO - DAG(s) 's3postgress' retrieved from /opt/airflow/dags/s3postgress.py
[2024-04-04T18:09:46.856+0000] {logging_mixin.py:188} INFO - [2024-04-04T18:09:46.855+0000] {dag.py:3047} INFO - Sync 1 DAGs
[2024-04-04T18:09:46.876+0000] {logging_mixin.py:188} INFO - [2024-04-04T18:09:46.875+0000] {dag.py:3834} INFO - Setting next_dagrun for s3postgress to 2024-04-03 00:00:00+00:00, run_after=2024-04-04 00:00:00+00:00
[2024-04-04T18:09:46.892+0000] {processor.py:183} INFO - Processing /opt/airflow/dags/s3postgress.py took 0.087 seconds
[2024-04-04T18:10:17.568+0000] {processor.py:161} INFO - Started process (PID=196) to work on /opt/airflow/dags/s3postgress.py
[2024-04-04T18:10:17.570+0000] {processor.py:830} INFO - Processing file /opt/airflow/dags/s3postgress.py for tasks to queue
[2024-04-04T18:10:17.572+0000] {logging_mixin.py:188} INFO - [2024-04-04T18:10:17.572+0000] {dagbag.py:540} INFO - Filling up the DagBag from /opt/airflow/dags/s3postgress.py
[2024-04-04T18:10:17.592+0000] {processor.py:840} INFO - DAG(s) 's3postgress' retrieved from /opt/airflow/dags/s3postgress.py
[2024-04-04T18:10:17.613+0000] {logging_mixin.py:188} INFO - [2024-04-04T18:10:17.613+0000] {dag.py:3047} INFO - Sync 1 DAGs
[2024-04-04T18:10:17.634+0000] {logging_mixin.py:188} INFO - [2024-04-04T18:10:17.634+0000] {dag.py:3834} INFO - Setting next_dagrun for s3postgress to 2024-04-03 00:00:00+00:00, run_after=2024-04-04 00:00:00+00:00
[2024-04-04T18:10:17.653+0000] {processor.py:183} INFO - Processing /opt/airflow/dags/s3postgress.py took 0.089 seconds
[2024-04-04T18:10:48.342+0000] {processor.py:161} INFO - Started process (PID=210) to work on /opt/airflow/dags/s3postgress.py
[2024-04-04T18:10:48.344+0000] {processor.py:830} INFO - Processing file /opt/airflow/dags/s3postgress.py for tasks to queue
[2024-04-04T18:10:48.346+0000] {logging_mixin.py:188} INFO - [2024-04-04T18:10:48.346+0000] {dagbag.py:540} INFO - Filling up the DagBag from /opt/airflow/dags/s3postgress.py
[2024-04-04T18:10:48.366+0000] {processor.py:840} INFO - DAG(s) 's3postgress' retrieved from /opt/airflow/dags/s3postgress.py
[2024-04-04T18:10:48.386+0000] {logging_mixin.py:188} INFO - [2024-04-04T18:10:48.386+0000] {dag.py:3047} INFO - Sync 1 DAGs
[2024-04-04T18:10:48.405+0000] {logging_mixin.py:188} INFO - [2024-04-04T18:10:48.405+0000] {dag.py:3834} INFO - Setting next_dagrun for s3postgress to 2024-04-03 00:00:00+00:00, run_after=2024-04-04 00:00:00+00:00
[2024-04-04T18:10:48.421+0000] {processor.py:183} INFO - Processing /opt/airflow/dags/s3postgress.py took 0.082 seconds
[2024-04-04T18:11:19.020+0000] {processor.py:161} INFO - Started process (PID=224) to work on /opt/airflow/dags/s3postgress.py
[2024-04-04T18:11:19.021+0000] {processor.py:830} INFO - Processing file /opt/airflow/dags/s3postgress.py for tasks to queue
[2024-04-04T18:11:19.023+0000] {logging_mixin.py:188} INFO - [2024-04-04T18:11:19.023+0000] {dagbag.py:540} INFO - Filling up the DagBag from /opt/airflow/dags/s3postgress.py
[2024-04-04T18:11:19.040+0000] {processor.py:840} INFO - DAG(s) 's3postgress' retrieved from /opt/airflow/dags/s3postgress.py
[2024-04-04T18:11:19.058+0000] {logging_mixin.py:188} INFO - [2024-04-04T18:11:19.057+0000] {dag.py:3047} INFO - Sync 1 DAGs
[2024-04-04T18:11:19.076+0000] {logging_mixin.py:188} INFO - [2024-04-04T18:11:19.076+0000] {dag.py:3834} INFO - Setting next_dagrun for s3postgress to 2024-04-03 00:00:00+00:00, run_after=2024-04-04 00:00:00+00:00
[2024-04-04T18:11:19.098+0000] {processor.py:183} INFO - Processing /opt/airflow/dags/s3postgress.py took 0.080 seconds
[2024-04-04T18:11:49.819+0000] {processor.py:161} INFO - Started process (PID=238) to work on /opt/airflow/dags/s3postgress.py
[2024-04-04T18:11:49.819+0000] {processor.py:830} INFO - Processing file /opt/airflow/dags/s3postgress.py for tasks to queue
[2024-04-04T18:11:49.821+0000] {logging_mixin.py:188} INFO - [2024-04-04T18:11:49.821+0000] {dagbag.py:540} INFO - Filling up the DagBag from /opt/airflow/dags/s3postgress.py
[2024-04-04T18:11:49.838+0000] {processor.py:840} INFO - DAG(s) 's3postgress' retrieved from /opt/airflow/dags/s3postgress.py
[2024-04-04T18:11:50.004+0000] {logging_mixin.py:188} INFO - [2024-04-04T18:11:50.003+0000] {dag.py:3047} INFO - Sync 1 DAGs
[2024-04-04T18:11:50.020+0000] {logging_mixin.py:188} INFO - [2024-04-04T18:11:50.020+0000] {dag.py:3834} INFO - Setting next_dagrun for s3postgress to 2024-04-03 00:00:00+00:00, run_after=2024-04-04 00:00:00+00:00
[2024-04-04T18:11:50.039+0000] {processor.py:183} INFO - Processing /opt/airflow/dags/s3postgress.py took 0.223 seconds
[2024-04-04T18:12:20.100+0000] {processor.py:161} INFO - Started process (PID=252) to work on /opt/airflow/dags/s3postgress.py
[2024-04-04T18:12:20.101+0000] {processor.py:830} INFO - Processing file /opt/airflow/dags/s3postgress.py for tasks to queue
[2024-04-04T18:12:20.102+0000] {logging_mixin.py:188} INFO - [2024-04-04T18:12:20.102+0000] {dagbag.py:540} INFO - Filling up the DagBag from /opt/airflow/dags/s3postgress.py
[2024-04-04T18:12:20.120+0000] {processor.py:840} INFO - DAG(s) 's3postgress' retrieved from /opt/airflow/dags/s3postgress.py
[2024-04-04T18:12:20.138+0000] {logging_mixin.py:188} INFO - [2024-04-04T18:12:20.138+0000] {dag.py:3047} INFO - Sync 1 DAGs
[2024-04-04T18:12:20.156+0000] {logging_mixin.py:188} INFO - [2024-04-04T18:12:20.156+0000] {dag.py:3834} INFO - Setting next_dagrun for s3postgress to 2024-04-03 00:00:00+00:00, run_after=2024-04-04 00:00:00+00:00
[2024-04-04T18:12:20.171+0000] {processor.py:183} INFO - Processing /opt/airflow/dags/s3postgress.py took 0.074 seconds
[2024-04-04T18:12:50.713+0000] {processor.py:161} INFO - Started process (PID=266) to work on /opt/airflow/dags/s3postgress.py
[2024-04-04T18:12:50.714+0000] {processor.py:830} INFO - Processing file /opt/airflow/dags/s3postgress.py for tasks to queue
[2024-04-04T18:12:50.716+0000] {logging_mixin.py:188} INFO - [2024-04-04T18:12:50.716+0000] {dagbag.py:540} INFO - Filling up the DagBag from /opt/airflow/dags/s3postgress.py
[2024-04-04T18:12:50.736+0000] {processor.py:840} INFO - DAG(s) 's3postgress' retrieved from /opt/airflow/dags/s3postgress.py
[2024-04-04T18:12:50.756+0000] {logging_mixin.py:188} INFO - [2024-04-04T18:12:50.756+0000] {dag.py:3047} INFO - Sync 1 DAGs
[2024-04-04T18:12:50.777+0000] {logging_mixin.py:188} INFO - [2024-04-04T18:12:50.776+0000] {dag.py:3834} INFO - Setting next_dagrun for s3postgress to 2024-04-03 00:00:00+00:00, run_after=2024-04-04 00:00:00+00:00
[2024-04-04T18:12:50.797+0000] {processor.py:183} INFO - Processing /opt/airflow/dags/s3postgress.py took 0.086 seconds
[2024-04-04T18:13:21.415+0000] {processor.py:161} INFO - Started process (PID=284) to work on /opt/airflow/dags/s3postgress.py
[2024-04-04T18:13:21.416+0000] {processor.py:830} INFO - Processing file /opt/airflow/dags/s3postgress.py for tasks to queue
[2024-04-04T18:13:21.418+0000] {logging_mixin.py:188} INFO - [2024-04-04T18:13:21.417+0000] {dagbag.py:540} INFO - Filling up the DagBag from /opt/airflow/dags/s3postgress.py
[2024-04-04T18:13:21.439+0000] {processor.py:840} INFO - DAG(s) 's3postgress' retrieved from /opt/airflow/dags/s3postgress.py
[2024-04-04T18:13:21.459+0000] {logging_mixin.py:188} INFO - [2024-04-04T18:13:21.459+0000] {dag.py:3047} INFO - Sync 1 DAGs
[2024-04-04T18:13:21.480+0000] {logging_mixin.py:188} INFO - [2024-04-04T18:13:21.480+0000] {dag.py:3834} INFO - Setting next_dagrun for s3postgress to 2024-04-03 00:00:00+00:00, run_after=2024-04-04 00:00:00+00:00
[2024-04-04T18:13:21.497+0000] {processor.py:183} INFO - Processing /opt/airflow/dags/s3postgress.py took 0.085 seconds
[2024-04-04T18:13:52.085+0000] {processor.py:161} INFO - Started process (PID=298) to work on /opt/airflow/dags/s3postgress.py
[2024-04-04T18:13:52.086+0000] {processor.py:830} INFO - Processing file /opt/airflow/dags/s3postgress.py for tasks to queue
[2024-04-04T18:13:52.088+0000] {logging_mixin.py:188} INFO - [2024-04-04T18:13:52.087+0000] {dagbag.py:540} INFO - Filling up the DagBag from /opt/airflow/dags/s3postgress.py
[2024-04-04T18:13:52.105+0000] {processor.py:840} INFO - DAG(s) 's3postgress' retrieved from /opt/airflow/dags/s3postgress.py
[2024-04-04T18:13:52.123+0000] {logging_mixin.py:188} INFO - [2024-04-04T18:13:52.123+0000] {dag.py:3047} INFO - Sync 1 DAGs
[2024-04-04T18:13:52.141+0000] {logging_mixin.py:188} INFO - [2024-04-04T18:13:52.141+0000] {dag.py:3834} INFO - Setting next_dagrun for s3postgress to 2024-04-04 00:00:00+00:00, run_after=2024-04-05 00:00:00+00:00
[2024-04-04T18:13:52.156+0000] {processor.py:183} INFO - Processing /opt/airflow/dags/s3postgress.py took 0.074 seconds
[2024-04-04T18:14:22.796+0000] {processor.py:161} INFO - Started process (PID=312) to work on /opt/airflow/dags/s3postgress.py
[2024-04-04T18:14:22.797+0000] {processor.py:830} INFO - Processing file /opt/airflow/dags/s3postgress.py for tasks to queue
[2024-04-04T18:14:22.799+0000] {logging_mixin.py:188} INFO - [2024-04-04T18:14:22.798+0000] {dagbag.py:540} INFO - Filling up the DagBag from /opt/airflow/dags/s3postgress.py
[2024-04-04T18:14:22.817+0000] {processor.py:840} INFO - DAG(s) 's3postgress' retrieved from /opt/airflow/dags/s3postgress.py
[2024-04-04T18:14:22.847+0000] {logging_mixin.py:188} INFO - [2024-04-04T18:14:22.846+0000] {dag.py:3047} INFO - Sync 1 DAGs
[2024-04-04T18:14:22.875+0000] {logging_mixin.py:188} INFO - [2024-04-04T18:14:22.874+0000] {dag.py:3834} INFO - Setting next_dagrun for s3postgress to 2024-04-04 00:00:00+00:00, run_after=2024-04-05 00:00:00+00:00
[2024-04-04T18:14:22.895+0000] {processor.py:183} INFO - Processing /opt/airflow/dags/s3postgress.py took 0.102 seconds
[2024-04-04T18:14:53.408+0000] {processor.py:161} INFO - Started process (PID=326) to work on /opt/airflow/dags/s3postgress.py
[2024-04-04T18:14:53.410+0000] {processor.py:830} INFO - Processing file /opt/airflow/dags/s3postgress.py for tasks to queue
[2024-04-04T18:14:53.412+0000] {logging_mixin.py:188} INFO - [2024-04-04T18:14:53.411+0000] {dagbag.py:540} INFO - Filling up the DagBag from /opt/airflow/dags/s3postgress.py
[2024-04-04T18:14:53.430+0000] {processor.py:840} INFO - DAG(s) 's3postgress' retrieved from /opt/airflow/dags/s3postgress.py
[2024-04-04T18:14:53.449+0000] {logging_mixin.py:188} INFO - [2024-04-04T18:14:53.449+0000] {dag.py:3047} INFO - Sync 1 DAGs
[2024-04-04T18:14:53.470+0000] {logging_mixin.py:188} INFO - [2024-04-04T18:14:53.469+0000] {dag.py:3834} INFO - Setting next_dagrun for s3postgress to 2024-04-04 00:00:00+00:00, run_after=2024-04-05 00:00:00+00:00
[2024-04-04T18:14:53.488+0000] {processor.py:183} INFO - Processing /opt/airflow/dags/s3postgress.py took 0.082 seconds
[2024-04-04T18:15:24.037+0000] {processor.py:161} INFO - Started process (PID=340) to work on /opt/airflow/dags/s3postgress.py
[2024-04-04T18:15:24.038+0000] {processor.py:830} INFO - Processing file /opt/airflow/dags/s3postgress.py for tasks to queue
[2024-04-04T18:15:24.039+0000] {logging_mixin.py:188} INFO - [2024-04-04T18:15:24.039+0000] {dagbag.py:540} INFO - Filling up the DagBag from /opt/airflow/dags/s3postgress.py
[2024-04-04T18:15:24.058+0000] {processor.py:840} INFO - DAG(s) 's3postgress' retrieved from /opt/airflow/dags/s3postgress.py
[2024-04-04T18:15:24.077+0000] {logging_mixin.py:188} INFO - [2024-04-04T18:15:24.076+0000] {dag.py:3047} INFO - Sync 1 DAGs
[2024-04-04T18:15:24.096+0000] {logging_mixin.py:188} INFO - [2024-04-04T18:15:24.096+0000] {dag.py:3834} INFO - Setting next_dagrun for s3postgress to 2024-04-04 00:00:00+00:00, run_after=2024-04-05 00:00:00+00:00
[2024-04-04T18:15:24.113+0000] {processor.py:183} INFO - Processing /opt/airflow/dags/s3postgress.py took 0.078 seconds
[2024-04-04T18:15:54.708+0000] {processor.py:161} INFO - Started process (PID=354) to work on /opt/airflow/dags/s3postgress.py
[2024-04-04T18:15:54.709+0000] {processor.py:830} INFO - Processing file /opt/airflow/dags/s3postgress.py for tasks to queue
[2024-04-04T18:15:54.711+0000] {logging_mixin.py:188} INFO - [2024-04-04T18:15:54.710+0000] {dagbag.py:540} INFO - Filling up the DagBag from /opt/airflow/dags/s3postgress.py
[2024-04-04T18:15:54.727+0000] {processor.py:840} INFO - DAG(s) 's3postgress' retrieved from /opt/airflow/dags/s3postgress.py
[2024-04-04T18:15:54.743+0000] {logging_mixin.py:188} INFO - [2024-04-04T18:15:54.743+0000] {dag.py:3047} INFO - Sync 1 DAGs
[2024-04-04T18:15:54.761+0000] {logging_mixin.py:188} INFO - [2024-04-04T18:15:54.761+0000] {dag.py:3834} INFO - Setting next_dagrun for s3postgress to 2024-04-04 00:00:00+00:00, run_after=2024-04-05 00:00:00+00:00
[2024-04-04T18:15:54.776+0000] {processor.py:183} INFO - Processing /opt/airflow/dags/s3postgress.py took 0.070 seconds
[2024-04-04T18:16:25.203+0000] {processor.py:161} INFO - Started process (PID=368) to work on /opt/airflow/dags/s3postgress.py
[2024-04-04T18:16:25.204+0000] {processor.py:830} INFO - Processing file /opt/airflow/dags/s3postgress.py for tasks to queue
[2024-04-04T18:16:25.206+0000] {logging_mixin.py:188} INFO - [2024-04-04T18:16:25.205+0000] {dagbag.py:540} INFO - Filling up the DagBag from /opt/airflow/dags/s3postgress.py
[2024-04-04T18:16:25.221+0000] {processor.py:840} INFO - DAG(s) 's3postgress' retrieved from /opt/airflow/dags/s3postgress.py
[2024-04-04T18:16:25.237+0000] {logging_mixin.py:188} INFO - [2024-04-04T18:16:25.237+0000] {dag.py:3047} INFO - Sync 1 DAGs
[2024-04-04T18:16:25.255+0000] {logging_mixin.py:188} INFO - [2024-04-04T18:16:25.255+0000] {dag.py:3834} INFO - Setting next_dagrun for s3postgress to 2024-04-04 00:00:00+00:00, run_after=2024-04-05 00:00:00+00:00
[2024-04-04T18:16:25.271+0000] {processor.py:183} INFO - Processing /opt/airflow/dags/s3postgress.py took 0.070 seconds
[2024-04-04T18:16:55.811+0000] {processor.py:161} INFO - Started process (PID=382) to work on /opt/airflow/dags/s3postgress.py
[2024-04-04T18:16:55.812+0000] {processor.py:830} INFO - Processing file /opt/airflow/dags/s3postgress.py for tasks to queue
[2024-04-04T18:16:55.814+0000] {logging_mixin.py:188} INFO - [2024-04-04T18:16:55.814+0000] {dagbag.py:540} INFO - Filling up the DagBag from /opt/airflow/dags/s3postgress.py
[2024-04-04T18:16:55.831+0000] {processor.py:840} INFO - DAG(s) 's3postgress' retrieved from /opt/airflow/dags/s3postgress.py
[2024-04-04T18:16:55.849+0000] {logging_mixin.py:188} INFO - [2024-04-04T18:16:55.848+0000] {dag.py:3047} INFO - Sync 1 DAGs
[2024-04-04T18:16:55.866+0000] {logging_mixin.py:188} INFO - [2024-04-04T18:16:55.866+0000] {dag.py:3834} INFO - Setting next_dagrun for s3postgress to 2024-04-04 00:00:00+00:00, run_after=2024-04-05 00:00:00+00:00
[2024-04-04T18:16:55.891+0000] {processor.py:183} INFO - Processing /opt/airflow/dags/s3postgress.py took 0.082 seconds
[2024-04-04T18:17:26.497+0000] {processor.py:161} INFO - Started process (PID=396) to work on /opt/airflow/dags/s3postgress.py
[2024-04-04T18:17:26.498+0000] {processor.py:830} INFO - Processing file /opt/airflow/dags/s3postgress.py for tasks to queue
[2024-04-04T18:17:26.499+0000] {logging_mixin.py:188} INFO - [2024-04-04T18:17:26.499+0000] {dagbag.py:540} INFO - Filling up the DagBag from /opt/airflow/dags/s3postgress.py
[2024-04-04T18:17:26.515+0000] {processor.py:840} INFO - DAG(s) 's3postgress' retrieved from /opt/airflow/dags/s3postgress.py
[2024-04-04T18:17:26.532+0000] {logging_mixin.py:188} INFO - [2024-04-04T18:17:26.531+0000] {dag.py:3047} INFO - Sync 1 DAGs
[2024-04-04T18:17:26.549+0000] {logging_mixin.py:188} INFO - [2024-04-04T18:17:26.549+0000] {dag.py:3834} INFO - Setting next_dagrun for s3postgress to 2024-04-04 00:00:00+00:00, run_after=2024-04-05 00:00:00+00:00
[2024-04-04T18:17:26.570+0000] {processor.py:183} INFO - Processing /opt/airflow/dags/s3postgress.py took 0.075 seconds
[2024-04-04T18:17:57.019+0000] {processor.py:161} INFO - Started process (PID=410) to work on /opt/airflow/dags/s3postgress.py
[2024-04-04T18:17:57.020+0000] {processor.py:830} INFO - Processing file /opt/airflow/dags/s3postgress.py for tasks to queue
[2024-04-04T18:17:57.021+0000] {logging_mixin.py:188} INFO - [2024-04-04T18:17:57.021+0000] {dagbag.py:540} INFO - Filling up the DagBag from /opt/airflow/dags/s3postgress.py
[2024-04-04T18:17:57.037+0000] {processor.py:840} INFO - DAG(s) 's3postgress' retrieved from /opt/airflow/dags/s3postgress.py
[2024-04-04T18:17:57.054+0000] {logging_mixin.py:188} INFO - [2024-04-04T18:17:57.054+0000] {dag.py:3047} INFO - Sync 1 DAGs
[2024-04-04T18:17:57.071+0000] {logging_mixin.py:188} INFO - [2024-04-04T18:17:57.071+0000] {dag.py:3834} INFO - Setting next_dagrun for s3postgress to 2024-04-04 00:00:00+00:00, run_after=2024-04-05 00:00:00+00:00
[2024-04-04T18:17:57.088+0000] {processor.py:183} INFO - Processing /opt/airflow/dags/s3postgress.py took 0.071 seconds
[2024-04-04T18:18:27.723+0000] {processor.py:161} INFO - Started process (PID=424) to work on /opt/airflow/dags/s3postgress.py
[2024-04-04T18:18:27.724+0000] {processor.py:830} INFO - Processing file /opt/airflow/dags/s3postgress.py for tasks to queue
[2024-04-04T18:18:27.726+0000] {logging_mixin.py:188} INFO - [2024-04-04T18:18:27.726+0000] {dagbag.py:540} INFO - Filling up the DagBag from /opt/airflow/dags/s3postgress.py
[2024-04-04T18:18:27.743+0000] {processor.py:840} INFO - DAG(s) 's3postgress' retrieved from /opt/airflow/dags/s3postgress.py
[2024-04-04T18:18:27.758+0000] {logging_mixin.py:188} INFO - [2024-04-04T18:18:27.758+0000] {dag.py:3047} INFO - Sync 1 DAGs
[2024-04-04T18:18:27.778+0000] {logging_mixin.py:188} INFO - [2024-04-04T18:18:27.778+0000] {dag.py:3834} INFO - Setting next_dagrun for s3postgress to 2024-04-04 00:00:00+00:00, run_after=2024-04-05 00:00:00+00:00
[2024-04-04T18:18:27.793+0000] {processor.py:183} INFO - Processing /opt/airflow/dags/s3postgress.py took 0.072 seconds
