[2024-04-09T15:01:32.626+0000] {processor.py:161} INFO - Started process (PID=52) to work on /opt/airflow/dags/dag_catchup_backfil.py
[2024-04-09T15:01:32.628+0000] {processor.py:830} INFO - Processing file /opt/airflow/dags/dag_catchup_backfil.py for tasks to queue
[2024-04-09T15:01:32.633+0000] {logging_mixin.py:188} INFO - [2024-04-09T15:01:32.632+0000] {dagbag.py:540} INFO - Filling up the DagBag from /opt/airflow/dags/dag_catchup_backfil.py
[2024-04-09T15:01:32.701+0000] {processor.py:840} INFO - DAG(s) 'first_catchupbackfill' retrieved from /opt/airflow/dags/dag_catchup_backfil.py
[2024-04-09T15:01:32.781+0000] {logging_mixin.py:188} INFO - [2024-04-09T15:01:32.781+0000] {dag.py:3047} INFO - Sync 1 DAGs
[2024-04-09T15:01:32.891+0000] {logging_mixin.py:188} INFO - [2024-04-09T15:01:32.890+0000] {dag.py:3834} INFO - Setting next_dagrun for first_catchupbackfill to 2024-04-02 00:00:00+00:00, run_after=2024-04-03 00:00:00+00:00
[2024-04-09T15:01:32.942+0000] {processor.py:183} INFO - Processing /opt/airflow/dags/dag_catchup_backfil.py took 0.323 seconds
[2024-04-09T15:02:03.579+0000] {processor.py:161} INFO - Started process (PID=66) to work on /opt/airflow/dags/dag_catchup_backfil.py
[2024-04-09T15:02:03.581+0000] {processor.py:830} INFO - Processing file /opt/airflow/dags/dag_catchup_backfil.py for tasks to queue
[2024-04-09T15:02:03.585+0000] {logging_mixin.py:188} INFO - [2024-04-09T15:02:03.584+0000] {dagbag.py:540} INFO - Filling up the DagBag from /opt/airflow/dags/dag_catchup_backfil.py
[2024-04-09T15:02:03.635+0000] {processor.py:840} INFO - DAG(s) 'first_catchupbackfill' retrieved from /opt/airflow/dags/dag_catchup_backfil.py
[2024-04-09T15:02:03.882+0000] {logging_mixin.py:188} INFO - [2024-04-09T15:02:03.881+0000] {dag.py:3047} INFO - Sync 1 DAGs
[2024-04-09T15:02:03.927+0000] {logging_mixin.py:188} INFO - [2024-04-09T15:02:03.927+0000] {dag.py:3834} INFO - Setting next_dagrun for first_catchupbackfill to 2024-04-02 00:00:00+00:00, run_after=2024-04-03 00:00:00+00:00
[2024-04-09T15:02:03.972+0000] {processor.py:183} INFO - Processing /opt/airflow/dags/dag_catchup_backfil.py took 0.398 seconds
[2024-04-09T15:02:34.625+0000] {processor.py:161} INFO - Started process (PID=80) to work on /opt/airflow/dags/dag_catchup_backfil.py
[2024-04-09T15:02:34.627+0000] {processor.py:830} INFO - Processing file /opt/airflow/dags/dag_catchup_backfil.py for tasks to queue
[2024-04-09T15:02:34.630+0000] {logging_mixin.py:188} INFO - [2024-04-09T15:02:34.629+0000] {dagbag.py:540} INFO - Filling up the DagBag from /opt/airflow/dags/dag_catchup_backfil.py
[2024-04-09T15:02:34.671+0000] {processor.py:840} INFO - DAG(s) 'first_catchupbackfill' retrieved from /opt/airflow/dags/dag_catchup_backfil.py
[2024-04-09T15:02:34.712+0000] {logging_mixin.py:188} INFO - [2024-04-09T15:02:34.711+0000] {dag.py:3047} INFO - Sync 1 DAGs
[2024-04-09T15:02:34.757+0000] {logging_mixin.py:188} INFO - [2024-04-09T15:02:34.756+0000] {dag.py:3834} INFO - Setting next_dagrun for first_catchupbackfill to 2024-04-02 00:00:00+00:00, run_after=2024-04-03 00:00:00+00:00
[2024-04-09T15:02:34.803+0000] {processor.py:183} INFO - Processing /opt/airflow/dags/dag_catchup_backfil.py took 0.182 seconds
[2024-04-09T15:03:05.449+0000] {processor.py:161} INFO - Started process (PID=94) to work on /opt/airflow/dags/dag_catchup_backfil.py
[2024-04-09T15:03:05.452+0000] {processor.py:830} INFO - Processing file /opt/airflow/dags/dag_catchup_backfil.py for tasks to queue
[2024-04-09T15:03:05.455+0000] {logging_mixin.py:188} INFO - [2024-04-09T15:03:05.455+0000] {dagbag.py:540} INFO - Filling up the DagBag from /opt/airflow/dags/dag_catchup_backfil.py
[2024-04-09T15:03:05.505+0000] {processor.py:840} INFO - DAG(s) 'first_catchupbackfill' retrieved from /opt/airflow/dags/dag_catchup_backfil.py
[2024-04-09T15:03:05.551+0000] {logging_mixin.py:188} INFO - [2024-04-09T15:03:05.551+0000] {dag.py:3047} INFO - Sync 1 DAGs
[2024-04-09T15:03:05.595+0000] {logging_mixin.py:188} INFO - [2024-04-09T15:03:05.595+0000] {dag.py:3834} INFO - Setting next_dagrun for first_catchupbackfill to 2024-04-02 00:00:00+00:00, run_after=2024-04-03 00:00:00+00:00
[2024-04-09T15:03:05.638+0000] {processor.py:183} INFO - Processing /opt/airflow/dags/dag_catchup_backfil.py took 0.194 seconds
[2024-04-09T15:03:36.054+0000] {processor.py:161} INFO - Started process (PID=108) to work on /opt/airflow/dags/dag_catchup_backfil.py
[2024-04-09T15:03:36.056+0000] {processor.py:830} INFO - Processing file /opt/airflow/dags/dag_catchup_backfil.py for tasks to queue
[2024-04-09T15:03:36.059+0000] {logging_mixin.py:188} INFO - [2024-04-09T15:03:36.059+0000] {dagbag.py:540} INFO - Filling up the DagBag from /opt/airflow/dags/dag_catchup_backfil.py
[2024-04-09T15:03:36.107+0000] {processor.py:840} INFO - DAG(s) 'first_catchupbackfill' retrieved from /opt/airflow/dags/dag_catchup_backfil.py
[2024-04-09T15:03:36.153+0000] {logging_mixin.py:188} INFO - [2024-04-09T15:03:36.153+0000] {dag.py:3047} INFO - Sync 1 DAGs
[2024-04-09T15:03:36.194+0000] {logging_mixin.py:188} INFO - [2024-04-09T15:03:36.194+0000] {dag.py:3834} INFO - Setting next_dagrun for first_catchupbackfill to 2024-04-02 00:00:00+00:00, run_after=2024-04-03 00:00:00+00:00
[2024-04-09T15:03:36.237+0000] {processor.py:183} INFO - Processing /opt/airflow/dags/dag_catchup_backfil.py took 0.188 seconds
[2024-04-09T15:04:06.833+0000] {processor.py:161} INFO - Started process (PID=122) to work on /opt/airflow/dags/dag_catchup_backfil.py
[2024-04-09T15:04:06.837+0000] {processor.py:830} INFO - Processing file /opt/airflow/dags/dag_catchup_backfil.py for tasks to queue
[2024-04-09T15:04:06.840+0000] {logging_mixin.py:188} INFO - [2024-04-09T15:04:06.839+0000] {dagbag.py:540} INFO - Filling up the DagBag from /opt/airflow/dags/dag_catchup_backfil.py
[2024-04-09T15:04:06.893+0000] {processor.py:840} INFO - DAG(s) 'first_catchupbackfill' retrieved from /opt/airflow/dags/dag_catchup_backfil.py
[2024-04-09T15:04:06.942+0000] {logging_mixin.py:188} INFO - [2024-04-09T15:04:06.941+0000] {dag.py:3047} INFO - Sync 1 DAGs
[2024-04-09T15:04:06.991+0000] {logging_mixin.py:188} INFO - [2024-04-09T15:04:06.991+0000] {dag.py:3834} INFO - Setting next_dagrun for first_catchupbackfill to 2024-04-02 00:00:00+00:00, run_after=2024-04-03 00:00:00+00:00
[2024-04-09T15:04:07.038+0000] {processor.py:183} INFO - Processing /opt/airflow/dags/dag_catchup_backfil.py took 0.211 seconds
[2024-04-09T15:04:37.831+0000] {processor.py:161} INFO - Started process (PID=136) to work on /opt/airflow/dags/dag_catchup_backfil.py
[2024-04-09T15:04:37.834+0000] {processor.py:830} INFO - Processing file /opt/airflow/dags/dag_catchup_backfil.py for tasks to queue
[2024-04-09T15:04:37.838+0000] {logging_mixin.py:188} INFO - [2024-04-09T15:04:37.837+0000] {dagbag.py:540} INFO - Filling up the DagBag from /opt/airflow/dags/dag_catchup_backfil.py
[2024-04-09T15:04:37.891+0000] {processor.py:840} INFO - DAG(s) 'first_catchupbackfill' retrieved from /opt/airflow/dags/dag_catchup_backfil.py
[2024-04-09T15:04:37.936+0000] {logging_mixin.py:188} INFO - [2024-04-09T15:04:37.936+0000] {dag.py:3047} INFO - Sync 1 DAGs
[2024-04-09T15:04:38.003+0000] {logging_mixin.py:188} INFO - [2024-04-09T15:04:38.003+0000] {dag.py:3834} INFO - Setting next_dagrun for first_catchupbackfill to 2024-04-02 00:00:00+00:00, run_after=2024-04-03 00:00:00+00:00
[2024-04-09T15:04:38.046+0000] {processor.py:183} INFO - Processing /opt/airflow/dags/dag_catchup_backfil.py took 0.221 seconds
[2024-04-09T15:05:11.535+0000] {processor.py:161} INFO - Started process (PID=150) to work on /opt/airflow/dags/dag_catchup_backfil.py
[2024-04-09T15:05:11.537+0000] {processor.py:830} INFO - Processing file /opt/airflow/dags/dag_catchup_backfil.py for tasks to queue
[2024-04-09T15:05:11.541+0000] {logging_mixin.py:188} INFO - [2024-04-09T15:05:11.540+0000] {dagbag.py:540} INFO - Filling up the DagBag from /opt/airflow/dags/dag_catchup_backfil.py
[2024-04-09T15:05:11.587+0000] {processor.py:840} INFO - DAG(s) 'first_catchupbackfill' retrieved from /opt/airflow/dags/dag_catchup_backfil.py
[2024-04-09T15:05:11.629+0000] {logging_mixin.py:188} INFO - [2024-04-09T15:05:11.628+0000] {dag.py:3047} INFO - Sync 1 DAGs
[2024-04-09T15:05:11.676+0000] {logging_mixin.py:188} INFO - [2024-04-09T15:05:11.675+0000] {dag.py:3834} INFO - Setting next_dagrun for first_catchupbackfill to 2024-04-02 00:00:00+00:00, run_after=2024-04-03 00:00:00+00:00
[2024-04-09T15:05:12.075+0000] {processor.py:183} INFO - Processing /opt/airflow/dags/dag_catchup_backfil.py took 0.621 seconds
[2024-04-09T15:05:42.552+0000] {processor.py:161} INFO - Started process (PID=164) to work on /opt/airflow/dags/dag_catchup_backfil.py
[2024-04-09T15:05:42.556+0000] {processor.py:830} INFO - Processing file /opt/airflow/dags/dag_catchup_backfil.py for tasks to queue
[2024-04-09T15:05:42.561+0000] {logging_mixin.py:188} INFO - [2024-04-09T15:05:42.560+0000] {dagbag.py:540} INFO - Filling up the DagBag from /opt/airflow/dags/dag_catchup_backfil.py
[2024-04-09T15:05:42.609+0000] {processor.py:840} INFO - DAG(s) 'first_catchupbackfill' retrieved from /opt/airflow/dags/dag_catchup_backfil.py
[2024-04-09T15:05:42.666+0000] {logging_mixin.py:188} INFO - [2024-04-09T15:05:42.665+0000] {dag.py:3047} INFO - Sync 1 DAGs
[2024-04-09T15:05:42.724+0000] {logging_mixin.py:188} INFO - [2024-04-09T15:05:42.724+0000] {dag.py:3834} INFO - Setting next_dagrun for first_catchupbackfill to 2024-04-02 00:00:00+00:00, run_after=2024-04-03 00:00:00+00:00
[2024-04-09T15:05:42.770+0000] {processor.py:183} INFO - Processing /opt/airflow/dags/dag_catchup_backfil.py took 0.223 seconds
[2024-04-09T15:06:13.459+0000] {processor.py:161} INFO - Started process (PID=178) to work on /opt/airflow/dags/dag_catchup_backfil.py
[2024-04-09T15:06:13.462+0000] {processor.py:830} INFO - Processing file /opt/airflow/dags/dag_catchup_backfil.py for tasks to queue
[2024-04-09T15:06:13.465+0000] {logging_mixin.py:188} INFO - [2024-04-09T15:06:13.465+0000] {dagbag.py:540} INFO - Filling up the DagBag from /opt/airflow/dags/dag_catchup_backfil.py
[2024-04-09T15:06:13.511+0000] {processor.py:840} INFO - DAG(s) 'first_catchupbackfill' retrieved from /opt/airflow/dags/dag_catchup_backfil.py
[2024-04-09T15:06:13.549+0000] {logging_mixin.py:188} INFO - [2024-04-09T15:06:13.548+0000] {dag.py:3047} INFO - Sync 1 DAGs
[2024-04-09T15:06:13.598+0000] {logging_mixin.py:188} INFO - [2024-04-09T15:06:13.597+0000] {dag.py:3834} INFO - Setting next_dagrun for first_catchupbackfill to 2024-04-02 00:00:00+00:00, run_after=2024-04-03 00:00:00+00:00
[2024-04-09T15:06:13.645+0000] {processor.py:183} INFO - Processing /opt/airflow/dags/dag_catchup_backfil.py took 0.191 seconds
[2024-04-09T15:06:43.886+0000] {processor.py:161} INFO - Started process (PID=192) to work on /opt/airflow/dags/dag_catchup_backfil.py
[2024-04-09T15:06:43.888+0000] {processor.py:830} INFO - Processing file /opt/airflow/dags/dag_catchup_backfil.py for tasks to queue
[2024-04-09T15:06:43.891+0000] {logging_mixin.py:188} INFO - [2024-04-09T15:06:43.891+0000] {dagbag.py:540} INFO - Filling up the DagBag from /opt/airflow/dags/dag_catchup_backfil.py
[2024-04-09T15:06:43.937+0000] {processor.py:840} INFO - DAG(s) 'first_catchupbackfill' retrieved from /opt/airflow/dags/dag_catchup_backfil.py
[2024-04-09T15:06:43.992+0000] {logging_mixin.py:188} INFO - [2024-04-09T15:06:43.992+0000] {dag.py:3047} INFO - Sync 1 DAGs
[2024-04-09T15:06:44.048+0000] {logging_mixin.py:188} INFO - [2024-04-09T15:06:44.047+0000] {dag.py:3834} INFO - Setting next_dagrun for first_catchupbackfill to 2024-04-02 00:00:00+00:00, run_after=2024-04-03 00:00:00+00:00
[2024-04-09T15:06:44.096+0000] {processor.py:183} INFO - Processing /opt/airflow/dags/dag_catchup_backfil.py took 0.216 seconds
[2024-04-09T15:07:14.805+0000] {processor.py:161} INFO - Started process (PID=206) to work on /opt/airflow/dags/dag_catchup_backfil.py
[2024-04-09T15:07:14.807+0000] {processor.py:830} INFO - Processing file /opt/airflow/dags/dag_catchup_backfil.py for tasks to queue
[2024-04-09T15:07:14.810+0000] {logging_mixin.py:188} INFO - [2024-04-09T15:07:14.809+0000] {dagbag.py:540} INFO - Filling up the DagBag from /opt/airflow/dags/dag_catchup_backfil.py
[2024-04-09T15:07:14.856+0000] {processor.py:840} INFO - DAG(s) 'first_catchupbackfill' retrieved from /opt/airflow/dags/dag_catchup_backfil.py
[2024-04-09T15:07:14.899+0000] {logging_mixin.py:188} INFO - [2024-04-09T15:07:14.898+0000] {dag.py:3047} INFO - Sync 1 DAGs
[2024-04-09T15:07:14.943+0000] {logging_mixin.py:188} INFO - [2024-04-09T15:07:14.942+0000] {dag.py:3834} INFO - Setting next_dagrun for first_catchupbackfill to 2024-04-02 00:00:00+00:00, run_after=2024-04-03 00:00:00+00:00
[2024-04-09T15:07:14.989+0000] {processor.py:183} INFO - Processing /opt/airflow/dags/dag_catchup_backfil.py took 0.190 seconds
[2024-04-09T15:07:45.654+0000] {processor.py:161} INFO - Started process (PID=220) to work on /opt/airflow/dags/dag_catchup_backfil.py
[2024-04-09T15:07:45.656+0000] {processor.py:830} INFO - Processing file /opt/airflow/dags/dag_catchup_backfil.py for tasks to queue
[2024-04-09T15:07:45.660+0000] {logging_mixin.py:188} INFO - [2024-04-09T15:07:45.659+0000] {dagbag.py:540} INFO - Filling up the DagBag from /opt/airflow/dags/dag_catchup_backfil.py
[2024-04-09T15:07:45.702+0000] {processor.py:840} INFO - DAG(s) 'first_catchupbackfill' retrieved from /opt/airflow/dags/dag_catchup_backfil.py
[2024-04-09T15:07:45.746+0000] {logging_mixin.py:188} INFO - [2024-04-09T15:07:45.745+0000] {dag.py:3047} INFO - Sync 1 DAGs
[2024-04-09T15:07:45.792+0000] {logging_mixin.py:188} INFO - [2024-04-09T15:07:45.791+0000] {dag.py:3834} INFO - Setting next_dagrun for first_catchupbackfill to 2024-04-02 00:00:00+00:00, run_after=2024-04-03 00:00:00+00:00
[2024-04-09T15:07:45.832+0000] {processor.py:183} INFO - Processing /opt/airflow/dags/dag_catchup_backfil.py took 0.183 seconds
[2024-04-09T15:08:16.458+0000] {processor.py:161} INFO - Started process (PID=234) to work on /opt/airflow/dags/dag_catchup_backfil.py
[2024-04-09T15:08:16.460+0000] {processor.py:830} INFO - Processing file /opt/airflow/dags/dag_catchup_backfil.py for tasks to queue
[2024-04-09T15:08:16.464+0000] {logging_mixin.py:188} INFO - [2024-04-09T15:08:16.463+0000] {dagbag.py:540} INFO - Filling up the DagBag from /opt/airflow/dags/dag_catchup_backfil.py
[2024-04-09T15:08:16.509+0000] {processor.py:840} INFO - DAG(s) 'first_catchupbackfill' retrieved from /opt/airflow/dags/dag_catchup_backfil.py
[2024-04-09T15:08:16.547+0000] {logging_mixin.py:188} INFO - [2024-04-09T15:08:16.547+0000] {dag.py:3047} INFO - Sync 1 DAGs
[2024-04-09T15:08:16.591+0000] {logging_mixin.py:188} INFO - [2024-04-09T15:08:16.591+0000] {dag.py:3834} INFO - Setting next_dagrun for first_catchupbackfill to 2024-04-02 00:00:00+00:00, run_after=2024-04-03 00:00:00+00:00
[2024-04-09T15:08:16.635+0000] {processor.py:183} INFO - Processing /opt/airflow/dags/dag_catchup_backfil.py took 0.182 seconds
[2024-04-09T15:08:47.386+0000] {processor.py:161} INFO - Started process (PID=248) to work on /opt/airflow/dags/dag_catchup_backfil.py
[2024-04-09T15:08:47.388+0000] {processor.py:830} INFO - Processing file /opt/airflow/dags/dag_catchup_backfil.py for tasks to queue
[2024-04-09T15:08:47.391+0000] {logging_mixin.py:188} INFO - [2024-04-09T15:08:47.391+0000] {dagbag.py:540} INFO - Filling up the DagBag from /opt/airflow/dags/dag_catchup_backfil.py
[2024-04-09T15:08:47.436+0000] {processor.py:840} INFO - DAG(s) 'first_catchupbackfill' retrieved from /opt/airflow/dags/dag_catchup_backfil.py
[2024-04-09T15:08:47.488+0000] {logging_mixin.py:188} INFO - [2024-04-09T15:08:47.488+0000] {dag.py:3047} INFO - Sync 1 DAGs
[2024-04-09T15:08:47.535+0000] {logging_mixin.py:188} INFO - [2024-04-09T15:08:47.534+0000] {dag.py:3834} INFO - Setting next_dagrun for first_catchupbackfill to 2024-04-02 00:00:00+00:00, run_after=2024-04-03 00:00:00+00:00
[2024-04-09T15:08:47.577+0000] {processor.py:183} INFO - Processing /opt/airflow/dags/dag_catchup_backfil.py took 0.196 seconds
[2024-04-09T15:09:18.455+0000] {processor.py:161} INFO - Started process (PID=262) to work on /opt/airflow/dags/dag_catchup_backfil.py
[2024-04-09T15:09:18.456+0000] {processor.py:830} INFO - Processing file /opt/airflow/dags/dag_catchup_backfil.py for tasks to queue
[2024-04-09T15:09:18.460+0000] {logging_mixin.py:188} INFO - [2024-04-09T15:09:18.459+0000] {dagbag.py:540} INFO - Filling up the DagBag from /opt/airflow/dags/dag_catchup_backfil.py
[2024-04-09T15:09:18.508+0000] {processor.py:840} INFO - DAG(s) 'first_catchupbackfill' retrieved from /opt/airflow/dags/dag_catchup_backfil.py
[2024-04-09T15:09:18.545+0000] {logging_mixin.py:188} INFO - [2024-04-09T15:09:18.545+0000] {dag.py:3047} INFO - Sync 1 DAGs
[2024-04-09T15:09:18.588+0000] {logging_mixin.py:188} INFO - [2024-04-09T15:09:18.588+0000] {dag.py:3834} INFO - Setting next_dagrun for first_catchupbackfill to 2024-04-02 00:00:00+00:00, run_after=2024-04-03 00:00:00+00:00
[2024-04-09T15:09:18.634+0000] {processor.py:183} INFO - Processing /opt/airflow/dags/dag_catchup_backfil.py took 0.184 seconds
[2024-04-09T15:09:49.028+0000] {processor.py:161} INFO - Started process (PID=276) to work on /opt/airflow/dags/dag_catchup_backfil.py
[2024-04-09T15:09:49.031+0000] {processor.py:830} INFO - Processing file /opt/airflow/dags/dag_catchup_backfil.py for tasks to queue
[2024-04-09T15:09:49.034+0000] {logging_mixin.py:188} INFO - [2024-04-09T15:09:49.033+0000] {dagbag.py:540} INFO - Filling up the DagBag from /opt/airflow/dags/dag_catchup_backfil.py
[2024-04-09T15:09:49.086+0000] {processor.py:840} INFO - DAG(s) 'first_catchupbackfill' retrieved from /opt/airflow/dags/dag_catchup_backfil.py
[2024-04-09T15:09:49.136+0000] {logging_mixin.py:188} INFO - [2024-04-09T15:09:49.135+0000] {dag.py:3047} INFO - Sync 1 DAGs
[2024-04-09T15:09:49.196+0000] {logging_mixin.py:188} INFO - [2024-04-09T15:09:49.196+0000] {dag.py:3834} INFO - Setting next_dagrun for first_catchupbackfill to 2024-04-02 00:00:00+00:00, run_after=2024-04-03 00:00:00+00:00
[2024-04-09T15:09:49.242+0000] {processor.py:183} INFO - Processing /opt/airflow/dags/dag_catchup_backfil.py took 0.220 seconds
[2024-04-09T15:10:19.976+0000] {processor.py:161} INFO - Started process (PID=290) to work on /opt/airflow/dags/dag_catchup_backfil.py
[2024-04-09T15:10:19.979+0000] {processor.py:830} INFO - Processing file /opt/airflow/dags/dag_catchup_backfil.py for tasks to queue
[2024-04-09T15:10:19.984+0000] {logging_mixin.py:188} INFO - [2024-04-09T15:10:19.983+0000] {dagbag.py:540} INFO - Filling up the DagBag from /opt/airflow/dags/dag_catchup_backfil.py
[2024-04-09T15:10:20.044+0000] {processor.py:840} INFO - DAG(s) 'first_catchupbackfill' retrieved from /opt/airflow/dags/dag_catchup_backfil.py
[2024-04-09T15:10:20.094+0000] {logging_mixin.py:188} INFO - [2024-04-09T15:10:20.093+0000] {dag.py:3047} INFO - Sync 1 DAGs
[2024-04-09T15:10:20.157+0000] {logging_mixin.py:188} INFO - [2024-04-09T15:10:20.156+0000] {dag.py:3834} INFO - Setting next_dagrun for first_catchupbackfill to 2024-04-02 00:00:00+00:00, run_after=2024-04-03 00:00:00+00:00
[2024-04-09T15:10:20.206+0000] {processor.py:183} INFO - Processing /opt/airflow/dags/dag_catchup_backfil.py took 0.238 seconds
[2024-04-09T15:10:50.871+0000] {processor.py:161} INFO - Started process (PID=304) to work on /opt/airflow/dags/dag_catchup_backfil.py
[2024-04-09T15:10:50.873+0000] {processor.py:830} INFO - Processing file /opt/airflow/dags/dag_catchup_backfil.py for tasks to queue
[2024-04-09T15:10:50.876+0000] {logging_mixin.py:188} INFO - [2024-04-09T15:10:50.876+0000] {dagbag.py:540} INFO - Filling up the DagBag from /opt/airflow/dags/dag_catchup_backfil.py
[2024-04-09T15:10:50.925+0000] {processor.py:840} INFO - DAG(s) 'first_catchupbackfill' retrieved from /opt/airflow/dags/dag_catchup_backfil.py
[2024-04-09T15:10:50.969+0000] {logging_mixin.py:188} INFO - [2024-04-09T15:10:50.968+0000] {dag.py:3047} INFO - Sync 1 DAGs
[2024-04-09T15:10:51.016+0000] {logging_mixin.py:188} INFO - [2024-04-09T15:10:51.016+0000] {dag.py:3834} INFO - Setting next_dagrun for first_catchupbackfill to 2024-04-02 00:00:00+00:00, run_after=2024-04-03 00:00:00+00:00
[2024-04-09T15:10:51.069+0000] {processor.py:183} INFO - Processing /opt/airflow/dags/dag_catchup_backfil.py took 0.204 seconds
[2024-04-09T15:11:21.289+0000] {processor.py:161} INFO - Started process (PID=318) to work on /opt/airflow/dags/dag_catchup_backfil.py
[2024-04-09T15:11:21.291+0000] {processor.py:830} INFO - Processing file /opt/airflow/dags/dag_catchup_backfil.py for tasks to queue
[2024-04-09T15:11:21.295+0000] {logging_mixin.py:188} INFO - [2024-04-09T15:11:21.294+0000] {dagbag.py:540} INFO - Filling up the DagBag from /opt/airflow/dags/dag_catchup_backfil.py
[2024-04-09T15:11:21.344+0000] {processor.py:840} INFO - DAG(s) 'first_catchupbackfill' retrieved from /opt/airflow/dags/dag_catchup_backfil.py
[2024-04-09T15:11:21.386+0000] {logging_mixin.py:188} INFO - [2024-04-09T15:11:21.386+0000] {dag.py:3047} INFO - Sync 1 DAGs
[2024-04-09T15:11:21.440+0000] {logging_mixin.py:188} INFO - [2024-04-09T15:11:21.439+0000] {dag.py:3834} INFO - Setting next_dagrun for first_catchupbackfill to 2024-04-02 00:00:00+00:00, run_after=2024-04-03 00:00:00+00:00
[2024-04-09T15:11:21.480+0000] {processor.py:183} INFO - Processing /opt/airflow/dags/dag_catchup_backfil.py took 0.195 seconds
[2024-04-09T15:11:51.736+0000] {processor.py:161} INFO - Started process (PID=332) to work on /opt/airflow/dags/dag_catchup_backfil.py
[2024-04-09T15:11:51.738+0000] {processor.py:830} INFO - Processing file /opt/airflow/dags/dag_catchup_backfil.py for tasks to queue
[2024-04-09T15:11:51.742+0000] {logging_mixin.py:188} INFO - [2024-04-09T15:11:51.742+0000] {dagbag.py:540} INFO - Filling up the DagBag from /opt/airflow/dags/dag_catchup_backfil.py
[2024-04-09T15:11:51.798+0000] {processor.py:840} INFO - DAG(s) 'first_catchupbackfill' retrieved from /opt/airflow/dags/dag_catchup_backfil.py
[2024-04-09T15:11:51.840+0000] {logging_mixin.py:188} INFO - [2024-04-09T15:11:51.840+0000] {dag.py:3047} INFO - Sync 1 DAGs
[2024-04-09T15:11:51.886+0000] {logging_mixin.py:188} INFO - [2024-04-09T15:11:51.885+0000] {dag.py:3834} INFO - Setting next_dagrun for first_catchupbackfill to 2024-04-02 00:00:00+00:00, run_after=2024-04-03 00:00:00+00:00
[2024-04-09T15:11:51.935+0000] {processor.py:183} INFO - Processing /opt/airflow/dags/dag_catchup_backfil.py took 0.206 seconds
[2024-04-09T15:12:22.026+0000] {processor.py:161} INFO - Started process (PID=346) to work on /opt/airflow/dags/dag_catchup_backfil.py
[2024-04-09T15:12:22.028+0000] {processor.py:830} INFO - Processing file /opt/airflow/dags/dag_catchup_backfil.py for tasks to queue
[2024-04-09T15:12:22.031+0000] {logging_mixin.py:188} INFO - [2024-04-09T15:12:22.031+0000] {dagbag.py:540} INFO - Filling up the DagBag from /opt/airflow/dags/dag_catchup_backfil.py
[2024-04-09T15:12:22.075+0000] {processor.py:840} INFO - DAG(s) 'first_catchupbackfill' retrieved from /opt/airflow/dags/dag_catchup_backfil.py
[2024-04-09T15:12:22.114+0000] {logging_mixin.py:188} INFO - [2024-04-09T15:12:22.114+0000] {dag.py:3047} INFO - Sync 1 DAGs
[2024-04-09T15:12:22.159+0000] {logging_mixin.py:188} INFO - [2024-04-09T15:12:22.158+0000] {dag.py:3834} INFO - Setting next_dagrun for first_catchupbackfill to 2024-04-02 00:00:00+00:00, run_after=2024-04-03 00:00:00+00:00
[2024-04-09T15:12:22.205+0000] {processor.py:183} INFO - Processing /opt/airflow/dags/dag_catchup_backfil.py took 0.183 seconds
[2024-04-09T15:12:52.392+0000] {processor.py:161} INFO - Started process (PID=361) to work on /opt/airflow/dags/dag_catchup_backfil.py
[2024-04-09T15:12:52.394+0000] {processor.py:830} INFO - Processing file /opt/airflow/dags/dag_catchup_backfil.py for tasks to queue
[2024-04-09T15:12:52.397+0000] {logging_mixin.py:188} INFO - [2024-04-09T15:12:52.397+0000] {dagbag.py:540} INFO - Filling up the DagBag from /opt/airflow/dags/dag_catchup_backfil.py
[2024-04-09T15:12:52.438+0000] {processor.py:840} INFO - DAG(s) 'first_catchupbackfill' retrieved from /opt/airflow/dags/dag_catchup_backfil.py
[2024-04-09T15:12:52.499+0000] {logging_mixin.py:188} INFO - [2024-04-09T15:12:52.498+0000] {dag.py:3047} INFO - Sync 1 DAGs
[2024-04-09T15:12:52.552+0000] {logging_mixin.py:188} INFO - [2024-04-09T15:12:52.552+0000] {dag.py:3834} INFO - Setting next_dagrun for first_catchupbackfill to 2024-04-02 00:00:00+00:00, run_after=2024-04-03 00:00:00+00:00
[2024-04-09T15:12:52.597+0000] {processor.py:183} INFO - Processing /opt/airflow/dags/dag_catchup_backfil.py took 0.211 seconds
[2024-04-09T15:13:23.023+0000] {processor.py:161} INFO - Started process (PID=375) to work on /opt/airflow/dags/dag_catchup_backfil.py
[2024-04-09T15:13:23.026+0000] {processor.py:830} INFO - Processing file /opt/airflow/dags/dag_catchup_backfil.py for tasks to queue
[2024-04-09T15:13:23.030+0000] {logging_mixin.py:188} INFO - [2024-04-09T15:13:23.029+0000] {dagbag.py:540} INFO - Filling up the DagBag from /opt/airflow/dags/dag_catchup_backfil.py
[2024-04-09T15:13:23.088+0000] {processor.py:840} INFO - DAG(s) 'first_catchupbackfill' retrieved from /opt/airflow/dags/dag_catchup_backfil.py
[2024-04-09T15:13:23.152+0000] {logging_mixin.py:188} INFO - [2024-04-09T15:13:23.151+0000] {dag.py:3047} INFO - Sync 1 DAGs
[2024-04-09T15:13:23.220+0000] {logging_mixin.py:188} INFO - [2024-04-09T15:13:23.219+0000] {dag.py:3834} INFO - Setting next_dagrun for first_catchupbackfill to 2024-04-02 00:00:00+00:00, run_after=2024-04-03 00:00:00+00:00
[2024-04-09T15:13:23.272+0000] {processor.py:183} INFO - Processing /opt/airflow/dags/dag_catchup_backfil.py took 0.256 seconds
[2024-04-09T15:13:53.916+0000] {processor.py:161} INFO - Started process (PID=389) to work on /opt/airflow/dags/dag_catchup_backfil.py
[2024-04-09T15:13:53.919+0000] {processor.py:830} INFO - Processing file /opt/airflow/dags/dag_catchup_backfil.py for tasks to queue
[2024-04-09T15:13:53.922+0000] {logging_mixin.py:188} INFO - [2024-04-09T15:13:53.921+0000] {dagbag.py:540} INFO - Filling up the DagBag from /opt/airflow/dags/dag_catchup_backfil.py
[2024-04-09T15:13:53.974+0000] {processor.py:840} INFO - DAG(s) 'first_catchupbackfill' retrieved from /opt/airflow/dags/dag_catchup_backfil.py
[2024-04-09T15:13:54.027+0000] {logging_mixin.py:188} INFO - [2024-04-09T15:13:54.027+0000] {dag.py:3047} INFO - Sync 1 DAGs
[2024-04-09T15:13:54.083+0000] {logging_mixin.py:188} INFO - [2024-04-09T15:13:54.082+0000] {dag.py:3834} INFO - Setting next_dagrun for first_catchupbackfill to 2024-04-02 00:00:00+00:00, run_after=2024-04-03 00:00:00+00:00
[2024-04-09T15:13:54.129+0000] {processor.py:183} INFO - Processing /opt/airflow/dags/dag_catchup_backfil.py took 0.220 seconds
[2024-04-09T15:14:24.335+0000] {processor.py:161} INFO - Started process (PID=404) to work on /opt/airflow/dags/dag_catchup_backfil.py
[2024-04-09T15:14:24.337+0000] {processor.py:830} INFO - Processing file /opt/airflow/dags/dag_catchup_backfil.py for tasks to queue
[2024-04-09T15:14:24.341+0000] {logging_mixin.py:188} INFO - [2024-04-09T15:14:24.341+0000] {dagbag.py:540} INFO - Filling up the DagBag from /opt/airflow/dags/dag_catchup_backfil.py
[2024-04-09T15:14:24.394+0000] {processor.py:840} INFO - DAG(s) 'first_catchupbackfill' retrieved from /opt/airflow/dags/dag_catchup_backfil.py
[2024-04-09T15:14:24.438+0000] {logging_mixin.py:188} INFO - [2024-04-09T15:14:24.437+0000] {dag.py:3047} INFO - Sync 1 DAGs
[2024-04-09T15:14:24.481+0000] {logging_mixin.py:188} INFO - [2024-04-09T15:14:24.481+0000] {dag.py:3834} INFO - Setting next_dagrun for first_catchupbackfill to 2024-04-02 00:00:00+00:00, run_after=2024-04-03 00:00:00+00:00
[2024-04-09T15:14:24.527+0000] {processor.py:183} INFO - Processing /opt/airflow/dags/dag_catchup_backfil.py took 0.199 seconds
[2024-04-09T15:14:55.317+0000] {processor.py:161} INFO - Started process (PID=418) to work on /opt/airflow/dags/dag_catchup_backfil.py
[2024-04-09T15:14:55.319+0000] {processor.py:830} INFO - Processing file /opt/airflow/dags/dag_catchup_backfil.py for tasks to queue
[2024-04-09T15:14:55.324+0000] {logging_mixin.py:188} INFO - [2024-04-09T15:14:55.323+0000] {dagbag.py:540} INFO - Filling up the DagBag from /opt/airflow/dags/dag_catchup_backfil.py
[2024-04-09T15:14:55.368+0000] {processor.py:840} INFO - DAG(s) 'first_catchupbackfill' retrieved from /opt/airflow/dags/dag_catchup_backfil.py
[2024-04-09T15:14:55.411+0000] {logging_mixin.py:188} INFO - [2024-04-09T15:14:55.411+0000] {dag.py:3047} INFO - Sync 1 DAGs
[2024-04-09T15:14:55.456+0000] {logging_mixin.py:188} INFO - [2024-04-09T15:14:55.456+0000] {dag.py:3834} INFO - Setting next_dagrun for first_catchupbackfill to 2024-04-02 00:00:00+00:00, run_after=2024-04-03 00:00:00+00:00
[2024-04-09T15:14:55.504+0000] {processor.py:183} INFO - Processing /opt/airflow/dags/dag_catchup_backfil.py took 0.194 seconds
[2024-04-09T15:15:26.176+0000] {processor.py:161} INFO - Started process (PID=432) to work on /opt/airflow/dags/dag_catchup_backfil.py
[2024-04-09T15:15:26.178+0000] {processor.py:830} INFO - Processing file /opt/airflow/dags/dag_catchup_backfil.py for tasks to queue
[2024-04-09T15:15:26.182+0000] {logging_mixin.py:188} INFO - [2024-04-09T15:15:26.181+0000] {dagbag.py:540} INFO - Filling up the DagBag from /opt/airflow/dags/dag_catchup_backfil.py
[2024-04-09T15:15:26.229+0000] {processor.py:840} INFO - DAG(s) 'first_catchupbackfill' retrieved from /opt/airflow/dags/dag_catchup_backfil.py
[2024-04-09T15:15:26.268+0000] {logging_mixin.py:188} INFO - [2024-04-09T15:15:26.267+0000] {dag.py:3047} INFO - Sync 1 DAGs
[2024-04-09T15:15:26.310+0000] {logging_mixin.py:188} INFO - [2024-04-09T15:15:26.310+0000] {dag.py:3834} INFO - Setting next_dagrun for first_catchupbackfill to 2024-04-02 00:00:00+00:00, run_after=2024-04-03 00:00:00+00:00
[2024-04-09T15:15:26.354+0000] {processor.py:183} INFO - Processing /opt/airflow/dags/dag_catchup_backfil.py took 0.183 seconds
[2024-04-09T15:15:56.771+0000] {processor.py:161} INFO - Started process (PID=447) to work on /opt/airflow/dags/dag_catchup_backfil.py
[2024-04-09T15:15:56.773+0000] {processor.py:830} INFO - Processing file /opt/airflow/dags/dag_catchup_backfil.py for tasks to queue
[2024-04-09T15:15:56.778+0000] {logging_mixin.py:188} INFO - [2024-04-09T15:15:56.777+0000] {dagbag.py:540} INFO - Filling up the DagBag from /opt/airflow/dags/dag_catchup_backfil.py
[2024-04-09T15:15:56.825+0000] {processor.py:840} INFO - DAG(s) 'first_catchupbackfill' retrieved from /opt/airflow/dags/dag_catchup_backfil.py
[2024-04-09T15:15:56.875+0000] {logging_mixin.py:188} INFO - [2024-04-09T15:15:56.875+0000] {dag.py:3047} INFO - Sync 1 DAGs
[2024-04-09T15:15:56.928+0000] {logging_mixin.py:188} INFO - [2024-04-09T15:15:56.928+0000] {dag.py:3834} INFO - Setting next_dagrun for first_catchupbackfill to 2024-04-02 00:00:00+00:00, run_after=2024-04-03 00:00:00+00:00
[2024-04-09T15:15:56.978+0000] {processor.py:183} INFO - Processing /opt/airflow/dags/dag_catchup_backfil.py took 0.216 seconds
[2024-04-09T15:16:27.276+0000] {processor.py:161} INFO - Started process (PID=461) to work on /opt/airflow/dags/dag_catchup_backfil.py
[2024-04-09T15:16:27.278+0000] {processor.py:830} INFO - Processing file /opt/airflow/dags/dag_catchup_backfil.py for tasks to queue
[2024-04-09T15:16:27.281+0000] {logging_mixin.py:188} INFO - [2024-04-09T15:16:27.281+0000] {dagbag.py:540} INFO - Filling up the DagBag from /opt/airflow/dags/dag_catchup_backfil.py
[2024-04-09T15:16:27.329+0000] {processor.py:840} INFO - DAG(s) 'first_catchupbackfill' retrieved from /opt/airflow/dags/dag_catchup_backfil.py
[2024-04-09T15:16:27.372+0000] {logging_mixin.py:188} INFO - [2024-04-09T15:16:27.372+0000] {dag.py:3047} INFO - Sync 1 DAGs
[2024-04-09T15:16:27.424+0000] {logging_mixin.py:188} INFO - [2024-04-09T15:16:27.423+0000] {dag.py:3834} INFO - Setting next_dagrun for first_catchupbackfill to 2024-04-02 00:00:00+00:00, run_after=2024-04-03 00:00:00+00:00
[2024-04-09T15:16:27.471+0000] {processor.py:183} INFO - Processing /opt/airflow/dags/dag_catchup_backfil.py took 0.200 seconds
[2024-04-09T15:16:58.616+0000] {processor.py:161} INFO - Started process (PID=475) to work on /opt/airflow/dags/dag_catchup_backfil.py
[2024-04-09T15:16:58.618+0000] {processor.py:830} INFO - Processing file /opt/airflow/dags/dag_catchup_backfil.py for tasks to queue
[2024-04-09T15:16:58.628+0000] {logging_mixin.py:188} INFO - [2024-04-09T15:16:58.625+0000] {dagbag.py:540} INFO - Filling up the DagBag from /opt/airflow/dags/dag_catchup_backfil.py
[2024-04-09T15:16:58.732+0000] {processor.py:840} INFO - DAG(s) 'first_catchupbackfill' retrieved from /opt/airflow/dags/dag_catchup_backfil.py
[2024-04-09T15:16:58.837+0000] {logging_mixin.py:188} INFO - [2024-04-09T15:16:58.836+0000] {dag.py:3047} INFO - Sync 1 DAGs
[2024-04-09T15:16:58.934+0000] {logging_mixin.py:188} INFO - [2024-04-09T15:16:58.933+0000] {dag.py:3834} INFO - Setting next_dagrun for first_catchupbackfill to 2024-04-02 00:00:00+00:00, run_after=2024-04-03 00:00:00+00:00
[2024-04-09T15:16:59.032+0000] {processor.py:183} INFO - Processing /opt/airflow/dags/dag_catchup_backfil.py took 0.437 seconds
[2024-04-09T15:17:29.878+0000] {processor.py:161} INFO - Started process (PID=489) to work on /opt/airflow/dags/dag_catchup_backfil.py
[2024-04-09T15:17:29.880+0000] {processor.py:830} INFO - Processing file /opt/airflow/dags/dag_catchup_backfil.py for tasks to queue
[2024-04-09T15:17:29.883+0000] {logging_mixin.py:188} INFO - [2024-04-09T15:17:29.882+0000] {dagbag.py:540} INFO - Filling up the DagBag from /opt/airflow/dags/dag_catchup_backfil.py
[2024-04-09T15:17:29.932+0000] {processor.py:840} INFO - DAG(s) 'first_catchupbackfill' retrieved from /opt/airflow/dags/dag_catchup_backfil.py
[2024-04-09T15:17:29.975+0000] {logging_mixin.py:188} INFO - [2024-04-09T15:17:29.975+0000] {dag.py:3047} INFO - Sync 1 DAGs
[2024-04-09T15:17:30.020+0000] {logging_mixin.py:188} INFO - [2024-04-09T15:17:30.019+0000] {dag.py:3834} INFO - Setting next_dagrun for first_catchupbackfill to 2024-04-02 00:00:00+00:00, run_after=2024-04-03 00:00:00+00:00
[2024-04-09T15:17:30.058+0000] {processor.py:183} INFO - Processing /opt/airflow/dags/dag_catchup_backfil.py took 0.185 seconds
[2024-04-09T15:18:00.657+0000] {processor.py:161} INFO - Started process (PID=503) to work on /opt/airflow/dags/dag_catchup_backfil.py
[2024-04-09T15:18:00.659+0000] {processor.py:830} INFO - Processing file /opt/airflow/dags/dag_catchup_backfil.py for tasks to queue
[2024-04-09T15:18:00.663+0000] {logging_mixin.py:188} INFO - [2024-04-09T15:18:00.662+0000] {dagbag.py:540} INFO - Filling up the DagBag from /opt/airflow/dags/dag_catchup_backfil.py
[2024-04-09T15:18:00.715+0000] {processor.py:840} INFO - DAG(s) 'first_catchupbackfill' retrieved from /opt/airflow/dags/dag_catchup_backfil.py
[2024-04-09T15:18:00.761+0000] {logging_mixin.py:188} INFO - [2024-04-09T15:18:00.760+0000] {dag.py:3047} INFO - Sync 1 DAGs
[2024-04-09T15:18:00.806+0000] {logging_mixin.py:188} INFO - [2024-04-09T15:18:00.806+0000] {dag.py:3834} INFO - Setting next_dagrun for first_catchupbackfill to 2024-04-02 00:00:00+00:00, run_after=2024-04-03 00:00:00+00:00
[2024-04-09T15:18:00.857+0000] {processor.py:183} INFO - Processing /opt/airflow/dags/dag_catchup_backfil.py took 0.206 seconds
[2024-04-09T15:18:31.476+0000] {processor.py:161} INFO - Started process (PID=517) to work on /opt/airflow/dags/dag_catchup_backfil.py
[2024-04-09T15:18:31.479+0000] {processor.py:830} INFO - Processing file /opt/airflow/dags/dag_catchup_backfil.py for tasks to queue
[2024-04-09T15:18:31.483+0000] {logging_mixin.py:188} INFO - [2024-04-09T15:18:31.483+0000] {dagbag.py:540} INFO - Filling up the DagBag from /opt/airflow/dags/dag_catchup_backfil.py
[2024-04-09T15:18:31.537+0000] {processor.py:840} INFO - DAG(s) 'first_catchupbackfill' retrieved from /opt/airflow/dags/dag_catchup_backfil.py
[2024-04-09T15:18:31.580+0000] {logging_mixin.py:188} INFO - [2024-04-09T15:18:31.580+0000] {dag.py:3047} INFO - Sync 1 DAGs
[2024-04-09T15:18:31.622+0000] {logging_mixin.py:188} INFO - [2024-04-09T15:18:31.621+0000] {dag.py:3834} INFO - Setting next_dagrun for first_catchupbackfill to 2024-04-02 00:00:00+00:00, run_after=2024-04-03 00:00:00+00:00
[2024-04-09T15:18:31.670+0000] {processor.py:183} INFO - Processing /opt/airflow/dags/dag_catchup_backfil.py took 0.201 seconds
[2024-04-09T15:19:02.349+0000] {processor.py:161} INFO - Started process (PID=531) to work on /opt/airflow/dags/dag_catchup_backfil.py
[2024-04-09T15:19:02.352+0000] {processor.py:830} INFO - Processing file /opt/airflow/dags/dag_catchup_backfil.py for tasks to queue
[2024-04-09T15:19:02.356+0000] {logging_mixin.py:188} INFO - [2024-04-09T15:19:02.355+0000] {dagbag.py:540} INFO - Filling up the DagBag from /opt/airflow/dags/dag_catchup_backfil.py
[2024-04-09T15:19:02.404+0000] {processor.py:840} INFO - DAG(s) 'first_catchupbackfill' retrieved from /opt/airflow/dags/dag_catchup_backfil.py
[2024-04-09T15:19:02.447+0000] {logging_mixin.py:188} INFO - [2024-04-09T15:19:02.446+0000] {dag.py:3047} INFO - Sync 1 DAGs
[2024-04-09T15:19:02.494+0000] {logging_mixin.py:188} INFO - [2024-04-09T15:19:02.494+0000] {dag.py:3834} INFO - Setting next_dagrun for first_catchupbackfill to 2024-04-02 00:00:00+00:00, run_after=2024-04-03 00:00:00+00:00
[2024-04-09T15:19:02.532+0000] {processor.py:183} INFO - Processing /opt/airflow/dags/dag_catchup_backfil.py took 0.190 seconds
[2024-04-09T15:19:32.935+0000] {processor.py:161} INFO - Started process (PID=545) to work on /opt/airflow/dags/dag_catchup_backfil.py
[2024-04-09T15:19:32.937+0000] {processor.py:830} INFO - Processing file /opt/airflow/dags/dag_catchup_backfil.py for tasks to queue
[2024-04-09T15:19:32.942+0000] {logging_mixin.py:188} INFO - [2024-04-09T15:19:32.941+0000] {dagbag.py:540} INFO - Filling up the DagBag from /opt/airflow/dags/dag_catchup_backfil.py
[2024-04-09T15:19:32.991+0000] {processor.py:840} INFO - DAG(s) 'first_catchupbackfill' retrieved from /opt/airflow/dags/dag_catchup_backfil.py
[2024-04-09T15:19:33.041+0000] {logging_mixin.py:188} INFO - [2024-04-09T15:19:33.040+0000] {dag.py:3047} INFO - Sync 1 DAGs
[2024-04-09T15:19:33.092+0000] {logging_mixin.py:188} INFO - [2024-04-09T15:19:33.091+0000] {dag.py:3834} INFO - Setting next_dagrun for first_catchupbackfill to 2024-04-02 00:00:00+00:00, run_after=2024-04-03 00:00:00+00:00
[2024-04-09T15:19:33.143+0000] {processor.py:183} INFO - Processing /opt/airflow/dags/dag_catchup_backfil.py took 0.215 seconds
[2024-04-09T15:20:03.762+0000] {processor.py:161} INFO - Started process (PID=559) to work on /opt/airflow/dags/dag_catchup_backfil.py
[2024-04-09T15:20:03.764+0000] {processor.py:830} INFO - Processing file /opt/airflow/dags/dag_catchup_backfil.py for tasks to queue
[2024-04-09T15:20:03.770+0000] {logging_mixin.py:188} INFO - [2024-04-09T15:20:03.769+0000] {dagbag.py:540} INFO - Filling up the DagBag from /opt/airflow/dags/dag_catchup_backfil.py
[2024-04-09T15:20:03.824+0000] {processor.py:840} INFO - DAG(s) 'first_catchupbackfill' retrieved from /opt/airflow/dags/dag_catchup_backfil.py
[2024-04-09T15:20:03.871+0000] {logging_mixin.py:188} INFO - [2024-04-09T15:20:03.870+0000] {dag.py:3047} INFO - Sync 1 DAGs
[2024-04-09T15:20:03.922+0000] {logging_mixin.py:188} INFO - [2024-04-09T15:20:03.922+0000] {dag.py:3834} INFO - Setting next_dagrun for first_catchupbackfill to 2024-04-02 00:00:00+00:00, run_after=2024-04-03 00:00:00+00:00
[2024-04-09T15:20:03.968+0000] {processor.py:183} INFO - Processing /opt/airflow/dags/dag_catchup_backfil.py took 0.211 seconds
[2024-04-09T15:20:34.670+0000] {processor.py:161} INFO - Started process (PID=573) to work on /opt/airflow/dags/dag_catchup_backfil.py
[2024-04-09T15:20:34.672+0000] {processor.py:830} INFO - Processing file /opt/airflow/dags/dag_catchup_backfil.py for tasks to queue
[2024-04-09T15:20:34.676+0000] {logging_mixin.py:188} INFO - [2024-04-09T15:20:34.675+0000] {dagbag.py:540} INFO - Filling up the DagBag from /opt/airflow/dags/dag_catchup_backfil.py
[2024-04-09T15:20:34.728+0000] {processor.py:840} INFO - DAG(s) 'first_catchupbackfill' retrieved from /opt/airflow/dags/dag_catchup_backfil.py
[2024-04-09T15:20:34.768+0000] {logging_mixin.py:188} INFO - [2024-04-09T15:20:34.768+0000] {dag.py:3047} INFO - Sync 1 DAGs
[2024-04-09T15:20:34.809+0000] {logging_mixin.py:188} INFO - [2024-04-09T15:20:34.809+0000] {dag.py:3834} INFO - Setting next_dagrun for first_catchupbackfill to 2024-04-02 00:00:00+00:00, run_after=2024-04-03 00:00:00+00:00
[2024-04-09T15:20:34.855+0000] {processor.py:183} INFO - Processing /opt/airflow/dags/dag_catchup_backfil.py took 0.191 seconds
[2024-04-09T15:21:05.454+0000] {processor.py:161} INFO - Started process (PID=588) to work on /opt/airflow/dags/dag_catchup_backfil.py
[2024-04-09T15:21:05.456+0000] {processor.py:830} INFO - Processing file /opt/airflow/dags/dag_catchup_backfil.py for tasks to queue
[2024-04-09T15:21:05.463+0000] {logging_mixin.py:188} INFO - [2024-04-09T15:21:05.461+0000] {dagbag.py:540} INFO - Filling up the DagBag from /opt/airflow/dags/dag_catchup_backfil.py
[2024-04-09T15:21:05.506+0000] {processor.py:840} INFO - DAG(s) 'first_catchupbackfill' retrieved from /opt/airflow/dags/dag_catchup_backfil.py
[2024-04-09T15:21:05.547+0000] {logging_mixin.py:188} INFO - [2024-04-09T15:21:05.546+0000] {dag.py:3047} INFO - Sync 1 DAGs
[2024-04-09T15:21:05.595+0000] {logging_mixin.py:188} INFO - [2024-04-09T15:21:05.595+0000] {dag.py:3834} INFO - Setting next_dagrun for first_catchupbackfill to 2024-04-02 00:00:00+00:00, run_after=2024-04-03 00:00:00+00:00
[2024-04-09T15:21:05.637+0000] {processor.py:183} INFO - Processing /opt/airflow/dags/dag_catchup_backfil.py took 0.189 seconds
[2024-04-09T15:21:36.011+0000] {processor.py:161} INFO - Started process (PID=601) to work on /opt/airflow/dags/dag_catchup_backfil.py
[2024-04-09T15:21:36.013+0000] {processor.py:830} INFO - Processing file /opt/airflow/dags/dag_catchup_backfil.py for tasks to queue
[2024-04-09T15:21:36.017+0000] {logging_mixin.py:188} INFO - [2024-04-09T15:21:36.016+0000] {dagbag.py:540} INFO - Filling up the DagBag from /opt/airflow/dags/dag_catchup_backfil.py
[2024-04-09T15:21:36.068+0000] {processor.py:840} INFO - DAG(s) 'first_catchupbackfill' retrieved from /opt/airflow/dags/dag_catchup_backfil.py
[2024-04-09T15:21:36.111+0000] {logging_mixin.py:188} INFO - [2024-04-09T15:21:36.110+0000] {dag.py:3047} INFO - Sync 1 DAGs
[2024-04-09T15:21:36.155+0000] {logging_mixin.py:188} INFO - [2024-04-09T15:21:36.154+0000] {dag.py:3834} INFO - Setting next_dagrun for first_catchupbackfill to 2024-04-02 00:00:00+00:00, run_after=2024-04-03 00:00:00+00:00
[2024-04-09T15:21:36.206+0000] {processor.py:183} INFO - Processing /opt/airflow/dags/dag_catchup_backfil.py took 0.200 seconds
[2024-04-09T15:22:06.806+0000] {processor.py:161} INFO - Started process (PID=616) to work on /opt/airflow/dags/dag_catchup_backfil.py
[2024-04-09T15:22:06.808+0000] {processor.py:830} INFO - Processing file /opt/airflow/dags/dag_catchup_backfil.py for tasks to queue
[2024-04-09T15:22:06.811+0000] {logging_mixin.py:188} INFO - [2024-04-09T15:22:06.811+0000] {dagbag.py:540} INFO - Filling up the DagBag from /opt/airflow/dags/dag_catchup_backfil.py
[2024-04-09T15:22:06.865+0000] {processor.py:840} INFO - DAG(s) 'first_catchupbackfill' retrieved from /opt/airflow/dags/dag_catchup_backfil.py
[2024-04-09T15:22:06.910+0000] {logging_mixin.py:188} INFO - [2024-04-09T15:22:06.909+0000] {dag.py:3047} INFO - Sync 1 DAGs
[2024-04-09T15:22:06.954+0000] {logging_mixin.py:188} INFO - [2024-04-09T15:22:06.953+0000] {dag.py:3834} INFO - Setting next_dagrun for first_catchupbackfill to 2024-04-02 00:00:00+00:00, run_after=2024-04-03 00:00:00+00:00
[2024-04-09T15:22:07.000+0000] {processor.py:183} INFO - Processing /opt/airflow/dags/dag_catchup_backfil.py took 0.201 seconds
[2024-04-09T15:22:37.681+0000] {processor.py:161} INFO - Started process (PID=630) to work on /opt/airflow/dags/dag_catchup_backfil.py
[2024-04-09T15:22:37.683+0000] {processor.py:830} INFO - Processing file /opt/airflow/dags/dag_catchup_backfil.py for tasks to queue
[2024-04-09T15:22:37.688+0000] {logging_mixin.py:188} INFO - [2024-04-09T15:22:37.687+0000] {dagbag.py:540} INFO - Filling up the DagBag from /opt/airflow/dags/dag_catchup_backfil.py
[2024-04-09T15:22:37.735+0000] {processor.py:840} INFO - DAG(s) 'first_catchupbackfill' retrieved from /opt/airflow/dags/dag_catchup_backfil.py
[2024-04-09T15:22:37.785+0000] {logging_mixin.py:188} INFO - [2024-04-09T15:22:37.784+0000] {dag.py:3047} INFO - Sync 1 DAGs
[2024-04-09T15:22:37.841+0000] {logging_mixin.py:188} INFO - [2024-04-09T15:22:37.840+0000] {dag.py:3834} INFO - Setting next_dagrun for first_catchupbackfill to 2024-04-02 00:00:00+00:00, run_after=2024-04-03 00:00:00+00:00
[2024-04-09T15:22:37.889+0000] {processor.py:183} INFO - Processing /opt/airflow/dags/dag_catchup_backfil.py took 0.214 seconds
[2024-04-09T15:23:08.508+0000] {processor.py:161} INFO - Started process (PID=644) to work on /opt/airflow/dags/dag_catchup_backfil.py
[2024-04-09T15:23:08.510+0000] {processor.py:830} INFO - Processing file /opt/airflow/dags/dag_catchup_backfil.py for tasks to queue
[2024-04-09T15:23:08.515+0000] {logging_mixin.py:188} INFO - [2024-04-09T15:23:08.515+0000] {dagbag.py:540} INFO - Filling up the DagBag from /opt/airflow/dags/dag_catchup_backfil.py
[2024-04-09T15:23:08.571+0000] {processor.py:840} INFO - DAG(s) 'first_catchupbackfill' retrieved from /opt/airflow/dags/dag_catchup_backfil.py
[2024-04-09T15:23:08.612+0000] {logging_mixin.py:188} INFO - [2024-04-09T15:23:08.611+0000] {dag.py:3047} INFO - Sync 1 DAGs
[2024-04-09T15:23:08.660+0000] {logging_mixin.py:188} INFO - [2024-04-09T15:23:08.659+0000] {dag.py:3834} INFO - Setting next_dagrun for first_catchupbackfill to 2024-04-02 00:00:00+00:00, run_after=2024-04-03 00:00:00+00:00
[2024-04-09T15:23:08.699+0000] {processor.py:183} INFO - Processing /opt/airflow/dags/dag_catchup_backfil.py took 0.198 seconds
[2024-04-09T15:23:39.360+0000] {processor.py:161} INFO - Started process (PID=659) to work on /opt/airflow/dags/dag_catchup_backfil.py
[2024-04-09T15:23:39.362+0000] {processor.py:830} INFO - Processing file /opt/airflow/dags/dag_catchup_backfil.py for tasks to queue
[2024-04-09T15:23:39.366+0000] {logging_mixin.py:188} INFO - [2024-04-09T15:23:39.365+0000] {dagbag.py:540} INFO - Filling up the DagBag from /opt/airflow/dags/dag_catchup_backfil.py
[2024-04-09T15:23:39.414+0000] {processor.py:840} INFO - DAG(s) 'first_catchupbackfill' retrieved from /opt/airflow/dags/dag_catchup_backfil.py
[2024-04-09T15:23:39.451+0000] {logging_mixin.py:188} INFO - [2024-04-09T15:23:39.451+0000] {dag.py:3047} INFO - Sync 1 DAGs
[2024-04-09T15:23:39.493+0000] {logging_mixin.py:188} INFO - [2024-04-09T15:23:39.493+0000] {dag.py:3834} INFO - Setting next_dagrun for first_catchupbackfill to 2024-04-02 00:00:00+00:00, run_after=2024-04-03 00:00:00+00:00
[2024-04-09T15:23:39.530+0000] {processor.py:183} INFO - Processing /opt/airflow/dags/dag_catchup_backfil.py took 0.176 seconds
[2024-04-09T15:24:10.143+0000] {processor.py:161} INFO - Started process (PID=673) to work on /opt/airflow/dags/dag_catchup_backfil.py
[2024-04-09T15:24:10.147+0000] {processor.py:830} INFO - Processing file /opt/airflow/dags/dag_catchup_backfil.py for tasks to queue
[2024-04-09T15:24:10.151+0000] {logging_mixin.py:188} INFO - [2024-04-09T15:24:10.150+0000] {dagbag.py:540} INFO - Filling up the DagBag from /opt/airflow/dags/dag_catchup_backfil.py
[2024-04-09T15:24:10.196+0000] {processor.py:840} INFO - DAG(s) 'first_catchupbackfill' retrieved from /opt/airflow/dags/dag_catchup_backfil.py
[2024-04-09T15:24:10.239+0000] {logging_mixin.py:188} INFO - [2024-04-09T15:24:10.239+0000] {dag.py:3047} INFO - Sync 1 DAGs
[2024-04-09T15:24:10.284+0000] {logging_mixin.py:188} INFO - [2024-04-09T15:24:10.283+0000] {dag.py:3834} INFO - Setting next_dagrun for first_catchupbackfill to 2024-04-02 00:00:00+00:00, run_after=2024-04-03 00:00:00+00:00
[2024-04-09T15:24:10.333+0000] {processor.py:183} INFO - Processing /opt/airflow/dags/dag_catchup_backfil.py took 0.196 seconds
[2024-04-09T15:24:40.668+0000] {processor.py:161} INFO - Started process (PID=687) to work on /opt/airflow/dags/dag_catchup_backfil.py
[2024-04-09T15:24:40.670+0000] {processor.py:830} INFO - Processing file /opt/airflow/dags/dag_catchup_backfil.py for tasks to queue
[2024-04-09T15:24:40.675+0000] {logging_mixin.py:188} INFO - [2024-04-09T15:24:40.675+0000] {dagbag.py:540} INFO - Filling up the DagBag from /opt/airflow/dags/dag_catchup_backfil.py
[2024-04-09T15:24:40.725+0000] {processor.py:840} INFO - DAG(s) 'first_catchupbackfill' retrieved from /opt/airflow/dags/dag_catchup_backfil.py
[2024-04-09T15:24:40.771+0000] {logging_mixin.py:188} INFO - [2024-04-09T15:24:40.770+0000] {dag.py:3047} INFO - Sync 1 DAGs
[2024-04-09T15:24:40.818+0000] {logging_mixin.py:188} INFO - [2024-04-09T15:24:40.818+0000] {dag.py:3834} INFO - Setting next_dagrun for first_catchupbackfill to 2024-04-02 00:00:00+00:00, run_after=2024-04-03 00:00:00+00:00
[2024-04-09T15:24:40.860+0000] {processor.py:183} INFO - Processing /opt/airflow/dags/dag_catchup_backfil.py took 0.198 seconds
[2024-04-09T15:25:11.447+0000] {processor.py:161} INFO - Started process (PID=702) to work on /opt/airflow/dags/dag_catchup_backfil.py
[2024-04-09T15:25:11.449+0000] {processor.py:830} INFO - Processing file /opt/airflow/dags/dag_catchup_backfil.py for tasks to queue
[2024-04-09T15:25:11.452+0000] {logging_mixin.py:188} INFO - [2024-04-09T15:25:11.451+0000] {dagbag.py:540} INFO - Filling up the DagBag from /opt/airflow/dags/dag_catchup_backfil.py
[2024-04-09T15:25:11.502+0000] {processor.py:840} INFO - DAG(s) 'first_catchupbackfill' retrieved from /opt/airflow/dags/dag_catchup_backfil.py
[2024-04-09T15:25:11.547+0000] {logging_mixin.py:188} INFO - [2024-04-09T15:25:11.547+0000] {dag.py:3047} INFO - Sync 1 DAGs
[2024-04-09T15:25:11.593+0000] {logging_mixin.py:188} INFO - [2024-04-09T15:25:11.592+0000] {dag.py:3834} INFO - Setting next_dagrun for first_catchupbackfill to 2024-04-02 00:00:00+00:00, run_after=2024-04-03 00:00:00+00:00
[2024-04-09T15:25:11.648+0000] {processor.py:183} INFO - Processing /opt/airflow/dags/dag_catchup_backfil.py took 0.206 seconds
[2024-04-09T15:25:42.070+0000] {processor.py:161} INFO - Started process (PID=723) to work on /opt/airflow/dags/dag_catchup_backfil.py
[2024-04-09T15:25:42.072+0000] {processor.py:830} INFO - Processing file /opt/airflow/dags/dag_catchup_backfil.py for tasks to queue
[2024-04-09T15:25:42.077+0000] {logging_mixin.py:188} INFO - [2024-04-09T15:25:42.076+0000] {dagbag.py:540} INFO - Filling up the DagBag from /opt/airflow/dags/dag_catchup_backfil.py
[2024-04-09T15:25:42.128+0000] {processor.py:840} INFO - DAG(s) 'first_catchupbackfill' retrieved from /opt/airflow/dags/dag_catchup_backfil.py
[2024-04-09T15:25:42.173+0000] {logging_mixin.py:188} INFO - [2024-04-09T15:25:42.173+0000] {dag.py:3047} INFO - Sync 1 DAGs
[2024-04-09T15:25:42.221+0000] {logging_mixin.py:188} INFO - [2024-04-09T15:25:42.220+0000] {dag.py:3834} INFO - Setting next_dagrun for first_catchupbackfill to 2024-04-02 00:00:00+00:00, run_after=2024-04-03 00:00:00+00:00
[2024-04-09T15:25:42.269+0000] {processor.py:183} INFO - Processing /opt/airflow/dags/dag_catchup_backfil.py took 0.204 seconds
[2024-04-09T15:26:12.663+0000] {processor.py:161} INFO - Started process (PID=737) to work on /opt/airflow/dags/dag_catchup_backfil.py
[2024-04-09T15:26:12.665+0000] {processor.py:830} INFO - Processing file /opt/airflow/dags/dag_catchup_backfil.py for tasks to queue
[2024-04-09T15:26:12.671+0000] {logging_mixin.py:188} INFO - [2024-04-09T15:26:12.670+0000] {dagbag.py:540} INFO - Filling up the DagBag from /opt/airflow/dags/dag_catchup_backfil.py
[2024-04-09T15:26:12.727+0000] {processor.py:840} INFO - DAG(s) 'first_catchupbackfill' retrieved from /opt/airflow/dags/dag_catchup_backfil.py
[2024-04-09T15:26:12.781+0000] {logging_mixin.py:188} INFO - [2024-04-09T15:26:12.781+0000] {dag.py:3047} INFO - Sync 1 DAGs
[2024-04-09T15:26:12.842+0000] {logging_mixin.py:188} INFO - [2024-04-09T15:26:12.842+0000] {dag.py:3834} INFO - Setting next_dagrun for first_catchupbackfill to 2024-04-02 00:00:00+00:00, run_after=2024-04-03 00:00:00+00:00
[2024-04-09T15:26:12.892+0000] {processor.py:183} INFO - Processing /opt/airflow/dags/dag_catchup_backfil.py took 0.235 seconds
[2024-04-09T15:26:43.281+0000] {processor.py:161} INFO - Started process (PID=751) to work on /opt/airflow/dags/dag_catchup_backfil.py
[2024-04-09T15:26:43.283+0000] {processor.py:830} INFO - Processing file /opt/airflow/dags/dag_catchup_backfil.py for tasks to queue
[2024-04-09T15:26:43.287+0000] {logging_mixin.py:188} INFO - [2024-04-09T15:26:43.287+0000] {dagbag.py:540} INFO - Filling up the DagBag from /opt/airflow/dags/dag_catchup_backfil.py
[2024-04-09T15:26:43.335+0000] {processor.py:840} INFO - DAG(s) 'first_catchupbackfill' retrieved from /opt/airflow/dags/dag_catchup_backfil.py
[2024-04-09T15:26:43.385+0000] {logging_mixin.py:188} INFO - [2024-04-09T15:26:43.385+0000] {dag.py:3047} INFO - Sync 1 DAGs
[2024-04-09T15:26:43.451+0000] {logging_mixin.py:188} INFO - [2024-04-09T15:26:43.451+0000] {dag.py:3834} INFO - Setting next_dagrun for first_catchupbackfill to 2024-04-02 00:00:00+00:00, run_after=2024-04-03 00:00:00+00:00
[2024-04-09T15:26:43.497+0000] {processor.py:183} INFO - Processing /opt/airflow/dags/dag_catchup_backfil.py took 0.221 seconds
[2024-04-09T17:56:26.333+0000] {processor.py:161} INFO - Started process (PID=52) to work on /opt/airflow/dags/dag_catchup_backfil.py
[2024-04-09T17:56:26.349+0000] {processor.py:830} INFO - Processing file /opt/airflow/dags/dag_catchup_backfil.py for tasks to queue
[2024-04-09T17:56:26.377+0000] {logging_mixin.py:188} INFO - [2024-04-09T17:56:26.370+0000] {dagbag.py:540} INFO - Filling up the DagBag from /opt/airflow/dags/dag_catchup_backfil.py
[2024-04-09T17:56:26.474+0000] {processor.py:840} INFO - DAG(s) 'first_catchupbackfill' retrieved from /opt/airflow/dags/dag_catchup_backfil.py
[2024-04-09T17:56:27.210+0000] {logging_mixin.py:188} INFO - [2024-04-09T17:56:27.208+0000] {dag.py:3047} INFO - Sync 1 DAGs
[2024-04-09T17:56:27.313+0000] {logging_mixin.py:188} INFO - [2024-04-09T17:56:27.311+0000] {dag.py:3834} INFO - Setting next_dagrun for first_catchupbackfill to 2024-04-02 00:00:00+00:00, run_after=2024-04-03 00:00:00+00:00
[2024-04-09T17:56:27.447+0000] {processor.py:183} INFO - Processing /opt/airflow/dags/dag_catchup_backfil.py took 1.147 seconds
[2024-04-09T17:56:57.857+0000] {processor.py:161} INFO - Started process (PID=67) to work on /opt/airflow/dags/dag_catchup_backfil.py
[2024-04-09T17:56:57.859+0000] {processor.py:830} INFO - Processing file /opt/airflow/dags/dag_catchup_backfil.py for tasks to queue
[2024-04-09T17:56:57.862+0000] {logging_mixin.py:188} INFO - [2024-04-09T17:56:57.861+0000] {dagbag.py:540} INFO - Filling up the DagBag from /opt/airflow/dags/dag_catchup_backfil.py
[2024-04-09T17:56:57.910+0000] {processor.py:840} INFO - DAG(s) 'first_catchupbackfill' retrieved from /opt/airflow/dags/dag_catchup_backfil.py
[2024-04-09T17:56:57.971+0000] {logging_mixin.py:188} INFO - [2024-04-09T17:56:57.970+0000] {dag.py:3047} INFO - Sync 1 DAGs
[2024-04-09T17:56:58.038+0000] {logging_mixin.py:188} INFO - [2024-04-09T17:56:58.037+0000] {dag.py:3834} INFO - Setting next_dagrun for first_catchupbackfill to 2024-04-02 00:00:00+00:00, run_after=2024-04-03 00:00:00+00:00
[2024-04-09T17:56:58.090+0000] {processor.py:183} INFO - Processing /opt/airflow/dags/dag_catchup_backfil.py took 0.239 seconds
[2024-04-09T17:57:28.656+0000] {processor.py:161} INFO - Started process (PID=81) to work on /opt/airflow/dags/dag_catchup_backfil.py
[2024-04-09T17:57:28.658+0000] {processor.py:830} INFO - Processing file /opt/airflow/dags/dag_catchup_backfil.py for tasks to queue
[2024-04-09T17:57:28.662+0000] {logging_mixin.py:188} INFO - [2024-04-09T17:57:28.661+0000] {dagbag.py:540} INFO - Filling up the DagBag from /opt/airflow/dags/dag_catchup_backfil.py
[2024-04-09T17:57:28.915+0000] {processor.py:840} INFO - DAG(s) 'first_catchupbackfill' retrieved from /opt/airflow/dags/dag_catchup_backfil.py
[2024-04-09T17:57:28.976+0000] {logging_mixin.py:188} INFO - [2024-04-09T17:57:28.975+0000] {dag.py:3047} INFO - Sync 1 DAGs
[2024-04-09T17:57:29.030+0000] {logging_mixin.py:188} INFO - [2024-04-09T17:57:29.029+0000] {dag.py:3834} INFO - Setting next_dagrun for first_catchupbackfill to 2024-04-02 00:00:00+00:00, run_after=2024-04-03 00:00:00+00:00
[2024-04-09T17:57:31.733+0000] {processor.py:183} INFO - Processing /opt/airflow/dags/dag_catchup_backfil.py took 3.082 seconds
[2024-04-09T17:58:02.103+0000] {processor.py:161} INFO - Started process (PID=89) to work on /opt/airflow/dags/dag_catchup_backfil.py
[2024-04-09T17:58:02.105+0000] {processor.py:830} INFO - Processing file /opt/airflow/dags/dag_catchup_backfil.py for tasks to queue
[2024-04-09T17:58:02.111+0000] {logging_mixin.py:188} INFO - [2024-04-09T17:58:02.111+0000] {dagbag.py:540} INFO - Filling up the DagBag from /opt/airflow/dags/dag_catchup_backfil.py
[2024-04-09T17:58:02.158+0000] {processor.py:840} INFO - DAG(s) 'first_catchupbackfill' retrieved from /opt/airflow/dags/dag_catchup_backfil.py
[2024-04-09T17:58:02.203+0000] {logging_mixin.py:188} INFO - [2024-04-09T17:58:02.202+0000] {dag.py:3047} INFO - Sync 1 DAGs
[2024-04-09T17:58:02.264+0000] {logging_mixin.py:188} INFO - [2024-04-09T17:58:02.263+0000] {dag.py:3834} INFO - Setting next_dagrun for first_catchupbackfill to 2024-04-02 00:00:00+00:00, run_after=2024-04-03 00:00:00+00:00
[2024-04-09T17:58:02.315+0000] {processor.py:183} INFO - Processing /opt/airflow/dags/dag_catchup_backfil.py took 0.216 seconds
[2024-04-09T17:58:32.833+0000] {processor.py:161} INFO - Started process (PID=112) to work on /opt/airflow/dags/dag_catchup_backfil.py
[2024-04-09T17:58:32.836+0000] {processor.py:830} INFO - Processing file /opt/airflow/dags/dag_catchup_backfil.py for tasks to queue
[2024-04-09T17:58:32.841+0000] {logging_mixin.py:188} INFO - [2024-04-09T17:58:32.840+0000] {dagbag.py:540} INFO - Filling up the DagBag from /opt/airflow/dags/dag_catchup_backfil.py
[2024-04-09T17:58:32.901+0000] {processor.py:840} INFO - DAG(s) 'first_catchupbackfill' retrieved from /opt/airflow/dags/dag_catchup_backfil.py
[2024-04-09T17:58:32.953+0000] {logging_mixin.py:188} INFO - [2024-04-09T17:58:32.952+0000] {dag.py:3047} INFO - Sync 1 DAGs
[2024-04-09T17:58:33.016+0000] {logging_mixin.py:188} INFO - [2024-04-09T17:58:33.016+0000] {dag.py:3834} INFO - Setting next_dagrun for first_catchupbackfill to 2024-04-02 00:00:00+00:00, run_after=2024-04-03 00:00:00+00:00
[2024-04-09T17:58:33.072+0000] {processor.py:183} INFO - Processing /opt/airflow/dags/dag_catchup_backfil.py took 0.246 seconds
