[2024-04-09T15:01:32.235+0000] {processor.py:161} INFO - Started process (PID=50) to work on /opt/airflow/dags/dagwithpostgres.py
[2024-04-09T15:01:32.237+0000] {processor.py:830} INFO - Processing file /opt/airflow/dags/dagwithpostgres.py for tasks to queue
[2024-04-09T15:01:32.241+0000] {logging_mixin.py:188} INFO - [2024-04-09T15:01:32.240+0000] {dagbag.py:540} INFO - Filling up the DagBag from /opt/airflow/dags/dagwithpostgres.py
[2024-04-09T15:01:32.302+0000] {processor.py:840} INFO - DAG(s) 'dagwithpostgres' retrieved from /opt/airflow/dags/dagwithpostgres.py
[2024-04-09T15:01:32.379+0000] {logging_mixin.py:188} INFO - [2024-04-09T15:01:32.378+0000] {dag.py:3047} INFO - Sync 1 DAGs
[2024-04-09T15:01:32.460+0000] {logging_mixin.py:188} INFO - [2024-04-09T15:01:32.459+0000] {dag.py:3834} INFO - Setting next_dagrun for dagwithpostgres to 2024-04-03 04:05:00+00:00, run_after=2024-04-04 04:05:00+00:00
[2024-04-09T15:01:32.527+0000] {processor.py:183} INFO - Processing /opt/airflow/dags/dagwithpostgres.py took 0.300 seconds
[2024-04-09T15:02:03.139+0000] {processor.py:161} INFO - Started process (PID=64) to work on /opt/airflow/dags/dagwithpostgres.py
[2024-04-09T15:02:03.141+0000] {processor.py:830} INFO - Processing file /opt/airflow/dags/dagwithpostgres.py for tasks to queue
[2024-04-09T15:02:03.144+0000] {logging_mixin.py:188} INFO - [2024-04-09T15:02:03.144+0000] {dagbag.py:540} INFO - Filling up the DagBag from /opt/airflow/dags/dagwithpostgres.py
[2024-04-09T15:02:03.199+0000] {processor.py:840} INFO - DAG(s) 'dagwithpostgres' retrieved from /opt/airflow/dags/dagwithpostgres.py
[2024-04-09T15:02:03.411+0000] {logging_mixin.py:188} INFO - [2024-04-09T15:02:03.411+0000] {dag.py:3047} INFO - Sync 1 DAGs
[2024-04-09T15:02:03.451+0000] {logging_mixin.py:188} INFO - [2024-04-09T15:02:03.451+0000] {dag.py:3834} INFO - Setting next_dagrun for dagwithpostgres to 2024-04-03 04:05:00+00:00, run_after=2024-04-04 04:05:00+00:00
[2024-04-09T15:02:03.492+0000] {processor.py:183} INFO - Processing /opt/airflow/dags/dagwithpostgres.py took 0.358 seconds
[2024-04-09T15:02:34.331+0000] {processor.py:161} INFO - Started process (PID=78) to work on /opt/airflow/dags/dagwithpostgres.py
[2024-04-09T15:02:34.336+0000] {processor.py:830} INFO - Processing file /opt/airflow/dags/dagwithpostgres.py for tasks to queue
[2024-04-09T15:02:34.342+0000] {logging_mixin.py:188} INFO - [2024-04-09T15:02:34.341+0000] {dagbag.py:540} INFO - Filling up the DagBag from /opt/airflow/dags/dagwithpostgres.py
[2024-04-09T15:02:34.417+0000] {processor.py:840} INFO - DAG(s) 'dagwithpostgres' retrieved from /opt/airflow/dags/dagwithpostgres.py
[2024-04-09T15:02:34.472+0000] {logging_mixin.py:188} INFO - [2024-04-09T15:02:34.472+0000] {dag.py:3047} INFO - Sync 1 DAGs
[2024-04-09T15:02:34.525+0000] {logging_mixin.py:188} INFO - [2024-04-09T15:02:34.525+0000] {dag.py:3834} INFO - Setting next_dagrun for dagwithpostgres to 2024-04-03 04:05:00+00:00, run_after=2024-04-04 04:05:00+00:00
[2024-04-09T15:02:34.569+0000] {processor.py:183} INFO - Processing /opt/airflow/dags/dagwithpostgres.py took 0.248 seconds
[2024-04-09T15:03:05.163+0000] {processor.py:161} INFO - Started process (PID=92) to work on /opt/airflow/dags/dagwithpostgres.py
[2024-04-09T15:03:05.165+0000] {processor.py:830} INFO - Processing file /opt/airflow/dags/dagwithpostgres.py for tasks to queue
[2024-04-09T15:03:05.168+0000] {logging_mixin.py:188} INFO - [2024-04-09T15:03:05.168+0000] {dagbag.py:540} INFO - Filling up the DagBag from /opt/airflow/dags/dagwithpostgres.py
[2024-04-09T15:03:05.229+0000] {processor.py:840} INFO - DAG(s) 'dagwithpostgres' retrieved from /opt/airflow/dags/dagwithpostgres.py
[2024-04-09T15:03:05.276+0000] {logging_mixin.py:188} INFO - [2024-04-09T15:03:05.275+0000] {dag.py:3047} INFO - Sync 1 DAGs
[2024-04-09T15:03:05.324+0000] {logging_mixin.py:188} INFO - [2024-04-09T15:03:05.323+0000] {dag.py:3834} INFO - Setting next_dagrun for dagwithpostgres to 2024-04-03 04:05:00+00:00, run_after=2024-04-04 04:05:00+00:00
[2024-04-09T15:03:05.369+0000] {processor.py:183} INFO - Processing /opt/airflow/dags/dagwithpostgres.py took 0.212 seconds
[2024-04-09T15:03:35.761+0000] {processor.py:161} INFO - Started process (PID=106) to work on /opt/airflow/dags/dagwithpostgres.py
[2024-04-09T15:03:35.764+0000] {processor.py:830} INFO - Processing file /opt/airflow/dags/dagwithpostgres.py for tasks to queue
[2024-04-09T15:03:35.769+0000] {logging_mixin.py:188} INFO - [2024-04-09T15:03:35.768+0000] {dagbag.py:540} INFO - Filling up the DagBag from /opt/airflow/dags/dagwithpostgres.py
[2024-04-09T15:03:35.825+0000] {processor.py:840} INFO - DAG(s) 'dagwithpostgres' retrieved from /opt/airflow/dags/dagwithpostgres.py
[2024-04-09T15:03:35.875+0000] {logging_mixin.py:188} INFO - [2024-04-09T15:03:35.875+0000] {dag.py:3047} INFO - Sync 1 DAGs
[2024-04-09T15:03:35.925+0000] {logging_mixin.py:188} INFO - [2024-04-09T15:03:35.924+0000] {dag.py:3834} INFO - Setting next_dagrun for dagwithpostgres to 2024-04-03 04:05:00+00:00, run_after=2024-04-04 04:05:00+00:00
[2024-04-09T15:03:35.973+0000] {processor.py:183} INFO - Processing /opt/airflow/dags/dagwithpostgres.py took 0.219 seconds
[2024-04-09T15:04:06.539+0000] {processor.py:161} INFO - Started process (PID=120) to work on /opt/airflow/dags/dagwithpostgres.py
[2024-04-09T15:04:06.541+0000] {processor.py:830} INFO - Processing file /opt/airflow/dags/dagwithpostgres.py for tasks to queue
[2024-04-09T15:04:06.546+0000] {logging_mixin.py:188} INFO - [2024-04-09T15:04:06.546+0000] {dagbag.py:540} INFO - Filling up the DagBag from /opt/airflow/dags/dagwithpostgres.py
[2024-04-09T15:04:06.612+0000] {processor.py:840} INFO - DAG(s) 'dagwithpostgres' retrieved from /opt/airflow/dags/dagwithpostgres.py
[2024-04-09T15:04:06.666+0000] {logging_mixin.py:188} INFO - [2024-04-09T15:04:06.665+0000] {dag.py:3047} INFO - Sync 1 DAGs
[2024-04-09T15:04:06.716+0000] {logging_mixin.py:188} INFO - [2024-04-09T15:04:06.715+0000] {dag.py:3834} INFO - Setting next_dagrun for dagwithpostgres to 2024-04-03 04:05:00+00:00, run_after=2024-04-04 04:05:00+00:00
[2024-04-09T15:04:06.760+0000] {processor.py:183} INFO - Processing /opt/airflow/dags/dagwithpostgres.py took 0.230 seconds
[2024-04-09T15:04:37.532+0000] {processor.py:161} INFO - Started process (PID=134) to work on /opt/airflow/dags/dagwithpostgres.py
[2024-04-09T15:04:37.535+0000] {processor.py:830} INFO - Processing file /opt/airflow/dags/dagwithpostgres.py for tasks to queue
[2024-04-09T15:04:37.538+0000] {logging_mixin.py:188} INFO - [2024-04-09T15:04:37.538+0000] {dagbag.py:540} INFO - Filling up the DagBag from /opt/airflow/dags/dagwithpostgres.py
[2024-04-09T15:04:37.596+0000] {processor.py:840} INFO - DAG(s) 'dagwithpostgres' retrieved from /opt/airflow/dags/dagwithpostgres.py
[2024-04-09T15:04:37.648+0000] {logging_mixin.py:188} INFO - [2024-04-09T15:04:37.647+0000] {dag.py:3047} INFO - Sync 1 DAGs
[2024-04-09T15:04:37.706+0000] {logging_mixin.py:188} INFO - [2024-04-09T15:04:37.705+0000] {dag.py:3834} INFO - Setting next_dagrun for dagwithpostgres to 2024-04-03 04:05:00+00:00, run_after=2024-04-04 04:05:00+00:00
[2024-04-09T15:04:37.750+0000] {processor.py:183} INFO - Processing /opt/airflow/dags/dagwithpostgres.py took 0.224 seconds
[2024-04-09T15:05:10.009+0000] {processor.py:161} INFO - Started process (PID=148) to work on /opt/airflow/dags/dagwithpostgres.py
[2024-04-09T15:05:10.012+0000] {processor.py:830} INFO - Processing file /opt/airflow/dags/dagwithpostgres.py for tasks to queue
[2024-04-09T15:05:10.016+0000] {logging_mixin.py:188} INFO - [2024-04-09T15:05:10.015+0000] {dagbag.py:540} INFO - Filling up the DagBag from /opt/airflow/dags/dagwithpostgres.py
[2024-04-09T15:05:10.070+0000] {processor.py:840} INFO - DAG(s) 'dagwithpostgres' retrieved from /opt/airflow/dags/dagwithpostgres.py
[2024-04-09T15:05:10.116+0000] {logging_mixin.py:188} INFO - [2024-04-09T15:05:10.116+0000] {dag.py:3047} INFO - Sync 1 DAGs
[2024-04-09T15:05:10.425+0000] {logging_mixin.py:188} INFO - [2024-04-09T15:05:10.424+0000] {dag.py:3834} INFO - Setting next_dagrun for dagwithpostgres to 2024-04-03 04:05:00+00:00, run_after=2024-04-04 04:05:00+00:00
[2024-04-09T15:05:10.880+0000] {processor.py:183} INFO - Processing /opt/airflow/dags/dagwithpostgres.py took 1.080 seconds
[2024-04-09T15:05:41.207+0000] {processor.py:161} INFO - Started process (PID=162) to work on /opt/airflow/dags/dagwithpostgres.py
[2024-04-09T15:05:41.209+0000] {processor.py:830} INFO - Processing file /opt/airflow/dags/dagwithpostgres.py for tasks to queue
[2024-04-09T15:05:41.212+0000] {logging_mixin.py:188} INFO - [2024-04-09T15:05:41.212+0000] {dagbag.py:540} INFO - Filling up the DagBag from /opt/airflow/dags/dagwithpostgres.py
[2024-04-09T15:05:41.271+0000] {processor.py:840} INFO - DAG(s) 'dagwithpostgres' retrieved from /opt/airflow/dags/dagwithpostgres.py
[2024-04-09T15:05:41.316+0000] {logging_mixin.py:188} INFO - [2024-04-09T15:05:41.316+0000] {dag.py:3047} INFO - Sync 1 DAGs
[2024-04-09T15:05:41.368+0000] {logging_mixin.py:188} INFO - [2024-04-09T15:05:41.367+0000] {dag.py:3834} INFO - Setting next_dagrun for dagwithpostgres to 2024-04-03 04:05:00+00:00, run_after=2024-04-04 04:05:00+00:00
[2024-04-09T15:05:41.415+0000] {processor.py:183} INFO - Processing /opt/airflow/dags/dagwithpostgres.py took 0.214 seconds
[2024-04-09T15:06:12.106+0000] {processor.py:161} INFO - Started process (PID=176) to work on /opt/airflow/dags/dagwithpostgres.py
[2024-04-09T15:06:12.109+0000] {processor.py:830} INFO - Processing file /opt/airflow/dags/dagwithpostgres.py for tasks to queue
[2024-04-09T15:06:12.112+0000] {logging_mixin.py:188} INFO - [2024-04-09T15:06:12.112+0000] {dagbag.py:540} INFO - Filling up the DagBag from /opt/airflow/dags/dagwithpostgres.py
[2024-04-09T15:06:12.172+0000] {processor.py:840} INFO - DAG(s) 'dagwithpostgres' retrieved from /opt/airflow/dags/dagwithpostgres.py
[2024-04-09T15:06:12.222+0000] {logging_mixin.py:188} INFO - [2024-04-09T15:06:12.221+0000] {dag.py:3047} INFO - Sync 1 DAGs
[2024-04-09T15:06:12.270+0000] {logging_mixin.py:188} INFO - [2024-04-09T15:06:12.270+0000] {dag.py:3834} INFO - Setting next_dagrun for dagwithpostgres to 2024-04-03 04:05:00+00:00, run_after=2024-04-04 04:05:00+00:00
[2024-04-09T15:06:12.311+0000] {processor.py:183} INFO - Processing /opt/airflow/dags/dagwithpostgres.py took 0.213 seconds
[2024-04-09T15:06:43.339+0000] {processor.py:161} INFO - Started process (PID=190) to work on /opt/airflow/dags/dagwithpostgres.py
[2024-04-09T15:06:43.341+0000] {processor.py:830} INFO - Processing file /opt/airflow/dags/dagwithpostgres.py for tasks to queue
[2024-04-09T15:06:43.345+0000] {logging_mixin.py:188} INFO - [2024-04-09T15:06:43.344+0000] {dagbag.py:540} INFO - Filling up the DagBag from /opt/airflow/dags/dagwithpostgres.py
[2024-04-09T15:06:43.399+0000] {processor.py:840} INFO - DAG(s) 'dagwithpostgres' retrieved from /opt/airflow/dags/dagwithpostgres.py
[2024-04-09T15:06:43.441+0000] {logging_mixin.py:188} INFO - [2024-04-09T15:06:43.440+0000] {dag.py:3047} INFO - Sync 1 DAGs
[2024-04-09T15:06:43.485+0000] {logging_mixin.py:188} INFO - [2024-04-09T15:06:43.484+0000] {dag.py:3834} INFO - Setting next_dagrun for dagwithpostgres to 2024-04-03 04:05:00+00:00, run_after=2024-04-04 04:05:00+00:00
[2024-04-09T15:06:43.532+0000] {processor.py:183} INFO - Processing /opt/airflow/dags/dagwithpostgres.py took 0.198 seconds
[2024-04-09T15:07:14.506+0000] {processor.py:161} INFO - Started process (PID=204) to work on /opt/airflow/dags/dagwithpostgres.py
[2024-04-09T15:07:14.508+0000] {processor.py:830} INFO - Processing file /opt/airflow/dags/dagwithpostgres.py for tasks to queue
[2024-04-09T15:07:14.512+0000] {logging_mixin.py:188} INFO - [2024-04-09T15:07:14.511+0000] {dagbag.py:540} INFO - Filling up the DagBag from /opt/airflow/dags/dagwithpostgres.py
[2024-04-09T15:07:14.571+0000] {processor.py:840} INFO - DAG(s) 'dagwithpostgres' retrieved from /opt/airflow/dags/dagwithpostgres.py
[2024-04-09T15:07:14.625+0000] {logging_mixin.py:188} INFO - [2024-04-09T15:07:14.625+0000] {dag.py:3047} INFO - Sync 1 DAGs
[2024-04-09T15:07:14.675+0000] {logging_mixin.py:188} INFO - [2024-04-09T15:07:14.675+0000] {dag.py:3834} INFO - Setting next_dagrun for dagwithpostgres to 2024-04-03 04:05:00+00:00, run_after=2024-04-04 04:05:00+00:00
[2024-04-09T15:07:14.722+0000] {processor.py:183} INFO - Processing /opt/airflow/dags/dagwithpostgres.py took 0.223 seconds
[2024-04-09T15:07:45.375+0000] {processor.py:161} INFO - Started process (PID=218) to work on /opt/airflow/dags/dagwithpostgres.py
[2024-04-09T15:07:45.378+0000] {processor.py:830} INFO - Processing file /opt/airflow/dags/dagwithpostgres.py for tasks to queue
[2024-04-09T15:07:45.382+0000] {logging_mixin.py:188} INFO - [2024-04-09T15:07:45.381+0000] {dagbag.py:540} INFO - Filling up the DagBag from /opt/airflow/dags/dagwithpostgres.py
[2024-04-09T15:07:45.439+0000] {processor.py:840} INFO - DAG(s) 'dagwithpostgres' retrieved from /opt/airflow/dags/dagwithpostgres.py
[2024-04-09T15:07:45.484+0000] {logging_mixin.py:188} INFO - [2024-04-09T15:07:45.483+0000] {dag.py:3047} INFO - Sync 1 DAGs
[2024-04-09T15:07:45.531+0000] {logging_mixin.py:188} INFO - [2024-04-09T15:07:45.531+0000] {dag.py:3834} INFO - Setting next_dagrun for dagwithpostgres to 2024-04-03 04:05:00+00:00, run_after=2024-04-04 04:05:00+00:00
[2024-04-09T15:07:45.576+0000] {processor.py:183} INFO - Processing /opt/airflow/dags/dagwithpostgres.py took 0.207 seconds
[2024-04-09T15:08:16.189+0000] {processor.py:161} INFO - Started process (PID=232) to work on /opt/airflow/dags/dagwithpostgres.py
[2024-04-09T15:08:16.190+0000] {processor.py:830} INFO - Processing file /opt/airflow/dags/dagwithpostgres.py for tasks to queue
[2024-04-09T15:08:16.193+0000] {logging_mixin.py:188} INFO - [2024-04-09T15:08:16.193+0000] {dagbag.py:540} INFO - Filling up the DagBag from /opt/airflow/dags/dagwithpostgres.py
[2024-04-09T15:08:16.242+0000] {processor.py:840} INFO - DAG(s) 'dagwithpostgres' retrieved from /opt/airflow/dags/dagwithpostgres.py
[2024-04-09T15:08:16.285+0000] {logging_mixin.py:188} INFO - [2024-04-09T15:08:16.284+0000] {dag.py:3047} INFO - Sync 1 DAGs
[2024-04-09T15:08:16.328+0000] {logging_mixin.py:188} INFO - [2024-04-09T15:08:16.328+0000] {dag.py:3834} INFO - Setting next_dagrun for dagwithpostgres to 2024-04-03 04:05:00+00:00, run_after=2024-04-04 04:05:00+00:00
[2024-04-09T15:08:16.367+0000] {processor.py:183} INFO - Processing /opt/airflow/dags/dagwithpostgres.py took 0.183 seconds
[2024-04-09T15:08:47.083+0000] {processor.py:161} INFO - Started process (PID=246) to work on /opt/airflow/dags/dagwithpostgres.py
[2024-04-09T15:08:47.086+0000] {processor.py:830} INFO - Processing file /opt/airflow/dags/dagwithpostgres.py for tasks to queue
[2024-04-09T15:08:47.089+0000] {logging_mixin.py:188} INFO - [2024-04-09T15:08:47.089+0000] {dagbag.py:540} INFO - Filling up the DagBag from /opt/airflow/dags/dagwithpostgres.py
[2024-04-09T15:08:47.149+0000] {processor.py:840} INFO - DAG(s) 'dagwithpostgres' retrieved from /opt/airflow/dags/dagwithpostgres.py
[2024-04-09T15:08:47.201+0000] {logging_mixin.py:188} INFO - [2024-04-09T15:08:47.201+0000] {dag.py:3047} INFO - Sync 1 DAGs
[2024-04-09T15:08:47.252+0000] {logging_mixin.py:188} INFO - [2024-04-09T15:08:47.252+0000] {dag.py:3834} INFO - Setting next_dagrun for dagwithpostgres to 2024-04-03 04:05:00+00:00, run_after=2024-04-04 04:05:00+00:00
[2024-04-09T15:08:47.304+0000] {processor.py:183} INFO - Processing /opt/airflow/dags/dagwithpostgres.py took 0.227 seconds
[2024-04-09T15:09:17.873+0000] {processor.py:161} INFO - Started process (PID=260) to work on /opt/airflow/dags/dagwithpostgres.py
[2024-04-09T15:09:17.876+0000] {processor.py:830} INFO - Processing file /opt/airflow/dags/dagwithpostgres.py for tasks to queue
[2024-04-09T15:09:17.879+0000] {logging_mixin.py:188} INFO - [2024-04-09T15:09:17.879+0000] {dagbag.py:540} INFO - Filling up the DagBag from /opt/airflow/dags/dagwithpostgres.py
[2024-04-09T15:09:17.940+0000] {processor.py:840} INFO - DAG(s) 'dagwithpostgres' retrieved from /opt/airflow/dags/dagwithpostgres.py
[2024-04-09T15:09:17.993+0000] {logging_mixin.py:188} INFO - [2024-04-09T15:09:17.991+0000] {dag.py:3047} INFO - Sync 1 DAGs
[2024-04-09T15:09:18.048+0000] {logging_mixin.py:188} INFO - [2024-04-09T15:09:18.048+0000] {dag.py:3834} INFO - Setting next_dagrun for dagwithpostgres to 2024-04-03 04:05:00+00:00, run_after=2024-04-04 04:05:00+00:00
[2024-04-09T15:09:18.089+0000] {processor.py:183} INFO - Processing /opt/airflow/dags/dagwithpostgres.py took 0.223 seconds
[2024-04-09T15:09:48.348+0000] {processor.py:161} INFO - Started process (PID=274) to work on /opt/airflow/dags/dagwithpostgres.py
[2024-04-09T15:09:48.350+0000] {processor.py:830} INFO - Processing file /opt/airflow/dags/dagwithpostgres.py for tasks to queue
[2024-04-09T15:09:48.354+0000] {logging_mixin.py:188} INFO - [2024-04-09T15:09:48.353+0000] {dagbag.py:540} INFO - Filling up the DagBag from /opt/airflow/dags/dagwithpostgres.py
[2024-04-09T15:09:48.407+0000] {processor.py:840} INFO - DAG(s) 'dagwithpostgres' retrieved from /opt/airflow/dags/dagwithpostgres.py
[2024-04-09T15:09:48.463+0000] {logging_mixin.py:188} INFO - [2024-04-09T15:09:48.462+0000] {dag.py:3047} INFO - Sync 1 DAGs
[2024-04-09T15:09:48.532+0000] {logging_mixin.py:188} INFO - [2024-04-09T15:09:48.531+0000] {dag.py:3834} INFO - Setting next_dagrun for dagwithpostgres to 2024-04-03 04:05:00+00:00, run_after=2024-04-04 04:05:00+00:00
[2024-04-09T15:09:48.590+0000] {processor.py:183} INFO - Processing /opt/airflow/dags/dagwithpostgres.py took 0.250 seconds
[2024-04-09T15:10:19.363+0000] {processor.py:161} INFO - Started process (PID=288) to work on /opt/airflow/dags/dagwithpostgres.py
[2024-04-09T15:10:19.365+0000] {processor.py:830} INFO - Processing file /opt/airflow/dags/dagwithpostgres.py for tasks to queue
[2024-04-09T15:10:19.369+0000] {logging_mixin.py:188} INFO - [2024-04-09T15:10:19.368+0000] {dagbag.py:540} INFO - Filling up the DagBag from /opt/airflow/dags/dagwithpostgres.py
[2024-04-09T15:10:19.432+0000] {processor.py:840} INFO - DAG(s) 'dagwithpostgres' retrieved from /opt/airflow/dags/dagwithpostgres.py
[2024-04-09T15:10:19.482+0000] {logging_mixin.py:188} INFO - [2024-04-09T15:10:19.481+0000] {dag.py:3047} INFO - Sync 1 DAGs
[2024-04-09T15:10:19.535+0000] {logging_mixin.py:188} INFO - [2024-04-09T15:10:19.534+0000] {dag.py:3834} INFO - Setting next_dagrun for dagwithpostgres to 2024-04-03 04:05:00+00:00, run_after=2024-04-04 04:05:00+00:00
[2024-04-09T15:10:19.582+0000] {processor.py:183} INFO - Processing /opt/airflow/dags/dagwithpostgres.py took 0.227 seconds
[2024-04-09T15:10:50.294+0000] {processor.py:161} INFO - Started process (PID=302) to work on /opt/airflow/dags/dagwithpostgres.py
[2024-04-09T15:10:50.296+0000] {processor.py:830} INFO - Processing file /opt/airflow/dags/dagwithpostgres.py for tasks to queue
[2024-04-09T15:10:50.300+0000] {logging_mixin.py:188} INFO - [2024-04-09T15:10:50.299+0000] {dagbag.py:540} INFO - Filling up the DagBag from /opt/airflow/dags/dagwithpostgres.py
[2024-04-09T15:10:50.352+0000] {processor.py:840} INFO - DAG(s) 'dagwithpostgres' retrieved from /opt/airflow/dags/dagwithpostgres.py
[2024-04-09T15:10:50.397+0000] {logging_mixin.py:188} INFO - [2024-04-09T15:10:50.394+0000] {dag.py:3047} INFO - Sync 1 DAGs
[2024-04-09T15:10:50.447+0000] {logging_mixin.py:188} INFO - [2024-04-09T15:10:50.446+0000] {dag.py:3834} INFO - Setting next_dagrun for dagwithpostgres to 2024-04-03 04:05:00+00:00, run_after=2024-04-04 04:05:00+00:00
[2024-04-09T15:10:50.489+0000] {processor.py:183} INFO - Processing /opt/airflow/dags/dagwithpostgres.py took 0.200 seconds
[2024-04-09T15:11:20.702+0000] {processor.py:161} INFO - Started process (PID=316) to work on /opt/airflow/dags/dagwithpostgres.py
[2024-04-09T15:11:20.704+0000] {processor.py:830} INFO - Processing file /opt/airflow/dags/dagwithpostgres.py for tasks to queue
[2024-04-09T15:11:20.709+0000] {logging_mixin.py:188} INFO - [2024-04-09T15:11:20.707+0000] {dagbag.py:540} INFO - Filling up the DagBag from /opt/airflow/dags/dagwithpostgres.py
[2024-04-09T15:11:20.764+0000] {processor.py:840} INFO - DAG(s) 'dagwithpostgres' retrieved from /opt/airflow/dags/dagwithpostgres.py
[2024-04-09T15:11:20.821+0000] {logging_mixin.py:188} INFO - [2024-04-09T15:11:20.820+0000] {dag.py:3047} INFO - Sync 1 DAGs
[2024-04-09T15:11:20.872+0000] {logging_mixin.py:188} INFO - [2024-04-09T15:11:20.872+0000] {dag.py:3834} INFO - Setting next_dagrun for dagwithpostgres to 2024-04-03 04:05:00+00:00, run_after=2024-04-04 04:05:00+00:00
[2024-04-09T15:11:20.918+0000] {processor.py:183} INFO - Processing /opt/airflow/dags/dagwithpostgres.py took 0.222 seconds
[2024-04-09T15:11:51.160+0000] {processor.py:161} INFO - Started process (PID=330) to work on /opt/airflow/dags/dagwithpostgres.py
[2024-04-09T15:11:51.162+0000] {processor.py:830} INFO - Processing file /opt/airflow/dags/dagwithpostgres.py for tasks to queue
[2024-04-09T15:11:51.166+0000] {logging_mixin.py:188} INFO - [2024-04-09T15:11:51.165+0000] {dagbag.py:540} INFO - Filling up the DagBag from /opt/airflow/dags/dagwithpostgres.py
[2024-04-09T15:11:51.213+0000] {processor.py:840} INFO - DAG(s) 'dagwithpostgres' retrieved from /opt/airflow/dags/dagwithpostgres.py
[2024-04-09T15:11:51.258+0000] {logging_mixin.py:188} INFO - [2024-04-09T15:11:51.257+0000] {dag.py:3047} INFO - Sync 1 DAGs
[2024-04-09T15:11:51.304+0000] {logging_mixin.py:188} INFO - [2024-04-09T15:11:51.303+0000] {dag.py:3834} INFO - Setting next_dagrun for dagwithpostgres to 2024-04-03 04:05:00+00:00, run_after=2024-04-04 04:05:00+00:00
[2024-04-09T15:11:51.353+0000] {processor.py:183} INFO - Processing /opt/airflow/dags/dagwithpostgres.py took 0.199 seconds
[2024-04-09T15:12:21.478+0000] {processor.py:161} INFO - Started process (PID=344) to work on /opt/airflow/dags/dagwithpostgres.py
[2024-04-09T15:12:21.479+0000] {processor.py:830} INFO - Processing file /opt/airflow/dags/dagwithpostgres.py for tasks to queue
[2024-04-09T15:12:21.482+0000] {logging_mixin.py:188} INFO - [2024-04-09T15:12:21.482+0000] {dagbag.py:540} INFO - Filling up the DagBag from /opt/airflow/dags/dagwithpostgres.py
[2024-04-09T15:12:21.539+0000] {processor.py:840} INFO - DAG(s) 'dagwithpostgres' retrieved from /opt/airflow/dags/dagwithpostgres.py
[2024-04-09T15:12:21.584+0000] {logging_mixin.py:188} INFO - [2024-04-09T15:12:21.583+0000] {dag.py:3047} INFO - Sync 1 DAGs
[2024-04-09T15:12:21.629+0000] {logging_mixin.py:188} INFO - [2024-04-09T15:12:21.628+0000] {dag.py:3834} INFO - Setting next_dagrun for dagwithpostgres to 2024-04-03 04:05:00+00:00, run_after=2024-04-04 04:05:00+00:00
[2024-04-09T15:12:21.676+0000] {processor.py:183} INFO - Processing /opt/airflow/dags/dagwithpostgres.py took 0.203 seconds
[2024-04-09T15:12:51.813+0000] {processor.py:161} INFO - Started process (PID=359) to work on /opt/airflow/dags/dagwithpostgres.py
[2024-04-09T15:12:51.815+0000] {processor.py:830} INFO - Processing file /opt/airflow/dags/dagwithpostgres.py for tasks to queue
[2024-04-09T15:12:51.819+0000] {logging_mixin.py:188} INFO - [2024-04-09T15:12:51.818+0000] {dagbag.py:540} INFO - Filling up the DagBag from /opt/airflow/dags/dagwithpostgres.py
[2024-04-09T15:12:51.872+0000] {processor.py:840} INFO - DAG(s) 'dagwithpostgres' retrieved from /opt/airflow/dags/dagwithpostgres.py
[2024-04-09T15:12:51.917+0000] {logging_mixin.py:188} INFO - [2024-04-09T15:12:51.916+0000] {dag.py:3047} INFO - Sync 1 DAGs
[2024-04-09T15:12:51.958+0000] {logging_mixin.py:188} INFO - [2024-04-09T15:12:51.957+0000] {dag.py:3834} INFO - Setting next_dagrun for dagwithpostgres to 2024-04-03 04:05:00+00:00, run_after=2024-04-04 04:05:00+00:00
[2024-04-09T15:12:52.008+0000] {processor.py:183} INFO - Processing /opt/airflow/dags/dagwithpostgres.py took 0.203 seconds
[2024-04-09T15:13:22.228+0000] {processor.py:161} INFO - Started process (PID=373) to work on /opt/airflow/dags/dagwithpostgres.py
[2024-04-09T15:13:22.231+0000] {processor.py:830} INFO - Processing file /opt/airflow/dags/dagwithpostgres.py for tasks to queue
[2024-04-09T15:13:22.237+0000] {logging_mixin.py:188} INFO - [2024-04-09T15:13:22.235+0000] {dagbag.py:540} INFO - Filling up the DagBag from /opt/airflow/dags/dagwithpostgres.py
[2024-04-09T15:13:22.304+0000] {processor.py:840} INFO - DAG(s) 'dagwithpostgres' retrieved from /opt/airflow/dags/dagwithpostgres.py
[2024-04-09T15:13:22.378+0000] {logging_mixin.py:188} INFO - [2024-04-09T15:13:22.377+0000] {dag.py:3047} INFO - Sync 1 DAGs
[2024-04-09T15:13:22.448+0000] {logging_mixin.py:188} INFO - [2024-04-09T15:13:22.447+0000] {dag.py:3834} INFO - Setting next_dagrun for dagwithpostgres to 2024-04-03 04:05:00+00:00, run_after=2024-04-04 04:05:00+00:00
[2024-04-09T15:13:22.520+0000] {processor.py:183} INFO - Processing /opt/airflow/dags/dagwithpostgres.py took 0.301 seconds
[2024-04-09T15:13:53.370+0000] {processor.py:161} INFO - Started process (PID=387) to work on /opt/airflow/dags/dagwithpostgres.py
[2024-04-09T15:13:53.372+0000] {processor.py:830} INFO - Processing file /opt/airflow/dags/dagwithpostgres.py for tasks to queue
[2024-04-09T15:13:53.375+0000] {logging_mixin.py:188} INFO - [2024-04-09T15:13:53.375+0000] {dagbag.py:540} INFO - Filling up the DagBag from /opt/airflow/dags/dagwithpostgres.py
[2024-04-09T15:13:53.425+0000] {processor.py:840} INFO - DAG(s) 'dagwithpostgres' retrieved from /opt/airflow/dags/dagwithpostgres.py
[2024-04-09T15:13:53.474+0000] {logging_mixin.py:188} INFO - [2024-04-09T15:13:53.473+0000] {dag.py:3047} INFO - Sync 1 DAGs
[2024-04-09T15:13:53.517+0000] {logging_mixin.py:188} INFO - [2024-04-09T15:13:53.516+0000] {dag.py:3834} INFO - Setting next_dagrun for dagwithpostgres to 2024-04-03 04:05:00+00:00, run_after=2024-04-04 04:05:00+00:00
[2024-04-09T15:13:53.558+0000] {processor.py:183} INFO - Processing /opt/airflow/dags/dagwithpostgres.py took 0.195 seconds
[2024-04-09T15:14:24.015+0000] {processor.py:161} INFO - Started process (PID=402) to work on /opt/airflow/dags/dagwithpostgres.py
[2024-04-09T15:14:24.019+0000] {processor.py:830} INFO - Processing file /opt/airflow/dags/dagwithpostgres.py for tasks to queue
[2024-04-09T15:14:24.026+0000] {logging_mixin.py:188} INFO - [2024-04-09T15:14:24.025+0000] {dagbag.py:540} INFO - Filling up the DagBag from /opt/airflow/dags/dagwithpostgres.py
[2024-04-09T15:14:24.085+0000] {processor.py:840} INFO - DAG(s) 'dagwithpostgres' retrieved from /opt/airflow/dags/dagwithpostgres.py
[2024-04-09T15:14:24.138+0000] {logging_mixin.py:188} INFO - [2024-04-09T15:14:24.137+0000] {dag.py:3047} INFO - Sync 1 DAGs
[2024-04-09T15:14:24.191+0000] {logging_mixin.py:188} INFO - [2024-04-09T15:14:24.190+0000] {dag.py:3834} INFO - Setting next_dagrun for dagwithpostgres to 2024-04-03 04:05:00+00:00, run_after=2024-04-04 04:05:00+00:00
[2024-04-09T15:14:24.238+0000] {processor.py:183} INFO - Processing /opt/airflow/dags/dagwithpostgres.py took 0.235 seconds
[2024-04-09T15:14:54.676+0000] {processor.py:161} INFO - Started process (PID=416) to work on /opt/airflow/dags/dagwithpostgres.py
[2024-04-09T15:14:54.679+0000] {processor.py:830} INFO - Processing file /opt/airflow/dags/dagwithpostgres.py for tasks to queue
[2024-04-09T15:14:54.682+0000] {logging_mixin.py:188} INFO - [2024-04-09T15:14:54.682+0000] {dagbag.py:540} INFO - Filling up the DagBag from /opt/airflow/dags/dagwithpostgres.py
[2024-04-09T15:14:54.733+0000] {processor.py:840} INFO - DAG(s) 'dagwithpostgres' retrieved from /opt/airflow/dags/dagwithpostgres.py
[2024-04-09T15:14:54.781+0000] {logging_mixin.py:188} INFO - [2024-04-09T15:14:54.780+0000] {dag.py:3047} INFO - Sync 1 DAGs
[2024-04-09T15:14:54.831+0000] {logging_mixin.py:188} INFO - [2024-04-09T15:14:54.830+0000] {dag.py:3834} INFO - Setting next_dagrun for dagwithpostgres to 2024-04-03 04:05:00+00:00, run_after=2024-04-04 04:05:00+00:00
[2024-04-09T15:14:54.875+0000] {processor.py:183} INFO - Processing /opt/airflow/dags/dagwithpostgres.py took 0.205 seconds
[2024-04-09T15:15:25.612+0000] {processor.py:161} INFO - Started process (PID=430) to work on /opt/airflow/dags/dagwithpostgres.py
[2024-04-09T15:15:25.614+0000] {processor.py:830} INFO - Processing file /opt/airflow/dags/dagwithpostgres.py for tasks to queue
[2024-04-09T15:15:25.618+0000] {logging_mixin.py:188} INFO - [2024-04-09T15:15:25.618+0000] {dagbag.py:540} INFO - Filling up the DagBag from /opt/airflow/dags/dagwithpostgres.py
[2024-04-09T15:15:25.668+0000] {processor.py:840} INFO - DAG(s) 'dagwithpostgres' retrieved from /opt/airflow/dags/dagwithpostgres.py
[2024-04-09T15:15:25.746+0000] {logging_mixin.py:188} INFO - [2024-04-09T15:15:25.745+0000] {dag.py:3047} INFO - Sync 1 DAGs
[2024-04-09T15:15:25.798+0000] {logging_mixin.py:188} INFO - [2024-04-09T15:15:25.798+0000] {dag.py:3834} INFO - Setting next_dagrun for dagwithpostgres to 2024-04-03 04:05:00+00:00, run_after=2024-04-04 04:05:00+00:00
[2024-04-09T15:15:25.837+0000] {processor.py:183} INFO - Processing /opt/airflow/dags/dagwithpostgres.py took 0.233 seconds
[2024-04-09T15:15:56.229+0000] {processor.py:161} INFO - Started process (PID=445) to work on /opt/airflow/dags/dagwithpostgres.py
[2024-04-09T15:15:56.231+0000] {processor.py:830} INFO - Processing file /opt/airflow/dags/dagwithpostgres.py for tasks to queue
[2024-04-09T15:15:56.235+0000] {logging_mixin.py:188} INFO - [2024-04-09T15:15:56.235+0000] {dagbag.py:540} INFO - Filling up the DagBag from /opt/airflow/dags/dagwithpostgres.py
[2024-04-09T15:15:56.285+0000] {processor.py:840} INFO - DAG(s) 'dagwithpostgres' retrieved from /opt/airflow/dags/dagwithpostgres.py
[2024-04-09T15:15:56.328+0000] {logging_mixin.py:188} INFO - [2024-04-09T15:15:56.327+0000] {dag.py:3047} INFO - Sync 1 DAGs
[2024-04-09T15:15:56.371+0000] {logging_mixin.py:188} INFO - [2024-04-09T15:15:56.370+0000] {dag.py:3834} INFO - Setting next_dagrun for dagwithpostgres to 2024-04-03 04:05:00+00:00, run_after=2024-04-04 04:05:00+00:00
[2024-04-09T15:15:56.412+0000] {processor.py:183} INFO - Processing /opt/airflow/dags/dagwithpostgres.py took 0.191 seconds
[2024-04-09T15:16:26.778+0000] {processor.py:161} INFO - Started process (PID=459) to work on /opt/airflow/dags/dagwithpostgres.py
[2024-04-09T15:16:26.781+0000] {processor.py:830} INFO - Processing file /opt/airflow/dags/dagwithpostgres.py for tasks to queue
[2024-04-09T15:16:26.785+0000] {logging_mixin.py:188} INFO - [2024-04-09T15:16:26.784+0000] {dagbag.py:540} INFO - Filling up the DagBag from /opt/airflow/dags/dagwithpostgres.py
[2024-04-09T15:16:26.832+0000] {processor.py:840} INFO - DAG(s) 'dagwithpostgres' retrieved from /opt/airflow/dags/dagwithpostgres.py
[2024-04-09T15:16:26.871+0000] {logging_mixin.py:188} INFO - [2024-04-09T15:16:26.870+0000] {dag.py:3047} INFO - Sync 1 DAGs
[2024-04-09T15:16:26.913+0000] {logging_mixin.py:188} INFO - [2024-04-09T15:16:26.912+0000] {dag.py:3834} INFO - Setting next_dagrun for dagwithpostgres to 2024-04-03 04:05:00+00:00, run_after=2024-04-04 04:05:00+00:00
[2024-04-09T15:16:26.951+0000] {processor.py:183} INFO - Processing /opt/airflow/dags/dagwithpostgres.py took 0.180 seconds
[2024-04-09T15:16:57.405+0000] {processor.py:161} INFO - Started process (PID=473) to work on /opt/airflow/dags/dagwithpostgres.py
[2024-04-09T15:16:57.409+0000] {processor.py:830} INFO - Processing file /opt/airflow/dags/dagwithpostgres.py for tasks to queue
[2024-04-09T15:16:57.415+0000] {logging_mixin.py:188} INFO - [2024-04-09T15:16:57.414+0000] {dagbag.py:540} INFO - Filling up the DagBag from /opt/airflow/dags/dagwithpostgres.py
[2024-04-09T15:16:57.510+0000] {processor.py:840} INFO - DAG(s) 'dagwithpostgres' retrieved from /opt/airflow/dags/dagwithpostgres.py
[2024-04-09T15:16:57.619+0000] {logging_mixin.py:188} INFO - [2024-04-09T15:16:57.618+0000] {dag.py:3047} INFO - Sync 1 DAGs
[2024-04-09T15:16:57.805+0000] {logging_mixin.py:188} INFO - [2024-04-09T15:16:57.802+0000] {dag.py:3834} INFO - Setting next_dagrun for dagwithpostgres to 2024-04-03 04:05:00+00:00, run_after=2024-04-04 04:05:00+00:00
[2024-04-09T15:16:57.945+0000] {processor.py:183} INFO - Processing /opt/airflow/dags/dagwithpostgres.py took 0.554 seconds
[2024-04-09T15:17:28.539+0000] {processor.py:161} INFO - Started process (PID=487) to work on /opt/airflow/dags/dagwithpostgres.py
[2024-04-09T15:17:28.541+0000] {processor.py:830} INFO - Processing file /opt/airflow/dags/dagwithpostgres.py for tasks to queue
[2024-04-09T15:17:28.545+0000] {logging_mixin.py:188} INFO - [2024-04-09T15:17:28.544+0000] {dagbag.py:540} INFO - Filling up the DagBag from /opt/airflow/dags/dagwithpostgres.py
[2024-04-09T15:17:28.601+0000] {processor.py:840} INFO - DAG(s) 'dagwithpostgres' retrieved from /opt/airflow/dags/dagwithpostgres.py
[2024-04-09T15:17:28.647+0000] {logging_mixin.py:188} INFO - [2024-04-09T15:17:28.647+0000] {dag.py:3047} INFO - Sync 1 DAGs
[2024-04-09T15:17:28.696+0000] {logging_mixin.py:188} INFO - [2024-04-09T15:17:28.696+0000] {dag.py:3834} INFO - Setting next_dagrun for dagwithpostgres to 2024-04-03 04:05:00+00:00, run_after=2024-04-04 04:05:00+00:00
[2024-04-09T15:17:28.740+0000] {processor.py:183} INFO - Processing /opt/airflow/dags/dagwithpostgres.py took 0.208 seconds
[2024-04-09T15:17:59.352+0000] {processor.py:161} INFO - Started process (PID=501) to work on /opt/airflow/dags/dagwithpostgres.py
[2024-04-09T15:17:59.354+0000] {processor.py:830} INFO - Processing file /opt/airflow/dags/dagwithpostgres.py for tasks to queue
[2024-04-09T15:17:59.361+0000] {logging_mixin.py:188} INFO - [2024-04-09T15:17:59.359+0000] {dagbag.py:540} INFO - Filling up the DagBag from /opt/airflow/dags/dagwithpostgres.py
[2024-04-09T15:17:59.409+0000] {processor.py:840} INFO - DAG(s) 'dagwithpostgres' retrieved from /opt/airflow/dags/dagwithpostgres.py
[2024-04-09T15:17:59.452+0000] {logging_mixin.py:188} INFO - [2024-04-09T15:17:59.451+0000] {dag.py:3047} INFO - Sync 1 DAGs
[2024-04-09T15:17:59.500+0000] {logging_mixin.py:188} INFO - [2024-04-09T15:17:59.500+0000] {dag.py:3834} INFO - Setting next_dagrun for dagwithpostgres to 2024-04-03 04:05:00+00:00, run_after=2024-04-04 04:05:00+00:00
[2024-04-09T15:17:59.544+0000] {processor.py:183} INFO - Processing /opt/airflow/dags/dagwithpostgres.py took 0.202 seconds
[2024-04-09T15:18:30.176+0000] {processor.py:161} INFO - Started process (PID=515) to work on /opt/airflow/dags/dagwithpostgres.py
[2024-04-09T15:18:30.178+0000] {processor.py:830} INFO - Processing file /opt/airflow/dags/dagwithpostgres.py for tasks to queue
[2024-04-09T15:18:30.184+0000] {logging_mixin.py:188} INFO - [2024-04-09T15:18:30.183+0000] {dagbag.py:540} INFO - Filling up the DagBag from /opt/airflow/dags/dagwithpostgres.py
[2024-04-09T15:18:30.236+0000] {processor.py:840} INFO - DAG(s) 'dagwithpostgres' retrieved from /opt/airflow/dags/dagwithpostgres.py
[2024-04-09T15:18:30.285+0000] {logging_mixin.py:188} INFO - [2024-04-09T15:18:30.284+0000] {dag.py:3047} INFO - Sync 1 DAGs
[2024-04-09T15:18:30.328+0000] {logging_mixin.py:188} INFO - [2024-04-09T15:18:30.328+0000] {dag.py:3834} INFO - Setting next_dagrun for dagwithpostgres to 2024-04-03 04:05:00+00:00, run_after=2024-04-04 04:05:00+00:00
[2024-04-09T15:18:30.371+0000] {processor.py:183} INFO - Processing /opt/airflow/dags/dagwithpostgres.py took 0.201 seconds
[2024-04-09T15:19:01.026+0000] {processor.py:161} INFO - Started process (PID=529) to work on /opt/airflow/dags/dagwithpostgres.py
[2024-04-09T15:19:01.028+0000] {processor.py:830} INFO - Processing file /opt/airflow/dags/dagwithpostgres.py for tasks to queue
[2024-04-09T15:19:01.036+0000] {logging_mixin.py:188} INFO - [2024-04-09T15:19:01.032+0000] {dagbag.py:540} INFO - Filling up the DagBag from /opt/airflow/dags/dagwithpostgres.py
[2024-04-09T15:19:01.087+0000] {processor.py:840} INFO - DAG(s) 'dagwithpostgres' retrieved from /opt/airflow/dags/dagwithpostgres.py
[2024-04-09T15:19:01.131+0000] {logging_mixin.py:188} INFO - [2024-04-09T15:19:01.130+0000] {dag.py:3047} INFO - Sync 1 DAGs
[2024-04-09T15:19:01.177+0000] {logging_mixin.py:188} INFO - [2024-04-09T15:19:01.177+0000] {dag.py:3834} INFO - Setting next_dagrun for dagwithpostgres to 2024-04-03 04:05:00+00:00, run_after=2024-04-04 04:05:00+00:00
[2024-04-09T15:19:01.219+0000] {processor.py:183} INFO - Processing /opt/airflow/dags/dagwithpostgres.py took 0.199 seconds
[2024-04-09T15:19:31.625+0000] {processor.py:161} INFO - Started process (PID=543) to work on /opt/airflow/dags/dagwithpostgres.py
[2024-04-09T15:19:31.628+0000] {processor.py:830} INFO - Processing file /opt/airflow/dags/dagwithpostgres.py for tasks to queue
[2024-04-09T15:19:31.633+0000] {logging_mixin.py:188} INFO - [2024-04-09T15:19:31.632+0000] {dagbag.py:540} INFO - Filling up the DagBag from /opt/airflow/dags/dagwithpostgres.py
[2024-04-09T15:19:31.685+0000] {processor.py:840} INFO - DAG(s) 'dagwithpostgres' retrieved from /opt/airflow/dags/dagwithpostgres.py
[2024-04-09T15:19:31.726+0000] {logging_mixin.py:188} INFO - [2024-04-09T15:19:31.725+0000] {dag.py:3047} INFO - Sync 1 DAGs
[2024-04-09T15:19:31.776+0000] {logging_mixin.py:188} INFO - [2024-04-09T15:19:31.775+0000] {dag.py:3834} INFO - Setting next_dagrun for dagwithpostgres to 2024-04-03 04:05:00+00:00, run_after=2024-04-04 04:05:00+00:00
[2024-04-09T15:19:31.816+0000] {processor.py:183} INFO - Processing /opt/airflow/dags/dagwithpostgres.py took 0.197 seconds
[2024-04-09T15:20:02.462+0000] {processor.py:161} INFO - Started process (PID=557) to work on /opt/airflow/dags/dagwithpostgres.py
[2024-04-09T15:20:02.464+0000] {processor.py:830} INFO - Processing file /opt/airflow/dags/dagwithpostgres.py for tasks to queue
[2024-04-09T15:20:02.468+0000] {logging_mixin.py:188} INFO - [2024-04-09T15:20:02.467+0000] {dagbag.py:540} INFO - Filling up the DagBag from /opt/airflow/dags/dagwithpostgres.py
[2024-04-09T15:20:02.521+0000] {processor.py:840} INFO - DAG(s) 'dagwithpostgres' retrieved from /opt/airflow/dags/dagwithpostgres.py
[2024-04-09T15:20:02.564+0000] {logging_mixin.py:188} INFO - [2024-04-09T15:20:02.564+0000] {dag.py:3047} INFO - Sync 1 DAGs
[2024-04-09T15:20:02.617+0000] {logging_mixin.py:188} INFO - [2024-04-09T15:20:02.616+0000] {dag.py:3834} INFO - Setting next_dagrun for dagwithpostgres to 2024-04-03 04:05:00+00:00, run_after=2024-04-04 04:05:00+00:00
[2024-04-09T15:20:02.664+0000] {processor.py:183} INFO - Processing /opt/airflow/dags/dagwithpostgres.py took 0.207 seconds
[2024-04-09T15:20:33.361+0000] {processor.py:161} INFO - Started process (PID=571) to work on /opt/airflow/dags/dagwithpostgres.py
[2024-04-09T15:20:33.363+0000] {processor.py:830} INFO - Processing file /opt/airflow/dags/dagwithpostgres.py for tasks to queue
[2024-04-09T15:20:33.367+0000] {logging_mixin.py:188} INFO - [2024-04-09T15:20:33.366+0000] {dagbag.py:540} INFO - Filling up the DagBag from /opt/airflow/dags/dagwithpostgres.py
[2024-04-09T15:20:33.424+0000] {processor.py:840} INFO - DAG(s) 'dagwithpostgres' retrieved from /opt/airflow/dags/dagwithpostgres.py
[2024-04-09T15:20:33.470+0000] {logging_mixin.py:188} INFO - [2024-04-09T15:20:33.470+0000] {dag.py:3047} INFO - Sync 1 DAGs
[2024-04-09T15:20:33.518+0000] {logging_mixin.py:188} INFO - [2024-04-09T15:20:33.518+0000] {dag.py:3834} INFO - Setting next_dagrun for dagwithpostgres to 2024-04-03 04:05:00+00:00, run_after=2024-04-04 04:05:00+00:00
[2024-04-09T15:20:33.563+0000] {processor.py:183} INFO - Processing /opt/airflow/dags/dagwithpostgres.py took 0.208 seconds
[2024-04-09T15:21:04.114+0000] {processor.py:161} INFO - Started process (PID=586) to work on /opt/airflow/dags/dagwithpostgres.py
[2024-04-09T15:21:04.117+0000] {processor.py:830} INFO - Processing file /opt/airflow/dags/dagwithpostgres.py for tasks to queue
[2024-04-09T15:21:04.122+0000] {logging_mixin.py:188} INFO - [2024-04-09T15:21:04.121+0000] {dagbag.py:540} INFO - Filling up the DagBag from /opt/airflow/dags/dagwithpostgres.py
[2024-04-09T15:21:04.182+0000] {processor.py:840} INFO - DAG(s) 'dagwithpostgres' retrieved from /opt/airflow/dags/dagwithpostgres.py
[2024-04-09T15:21:04.228+0000] {logging_mixin.py:188} INFO - [2024-04-09T15:21:04.227+0000] {dag.py:3047} INFO - Sync 1 DAGs
[2024-04-09T15:21:04.282+0000] {logging_mixin.py:188} INFO - [2024-04-09T15:21:04.282+0000] {dag.py:3834} INFO - Setting next_dagrun for dagwithpostgres to 2024-04-03 04:05:00+00:00, run_after=2024-04-04 04:05:00+00:00
[2024-04-09T15:21:04.337+0000] {processor.py:183} INFO - Processing /opt/airflow/dags/dagwithpostgres.py took 0.231 seconds
[2024-04-09T15:21:34.696+0000] {processor.py:161} INFO - Started process (PID=599) to work on /opt/airflow/dags/dagwithpostgres.py
[2024-04-09T15:21:34.698+0000] {processor.py:830} INFO - Processing file /opt/airflow/dags/dagwithpostgres.py for tasks to queue
[2024-04-09T15:21:34.702+0000] {logging_mixin.py:188} INFO - [2024-04-09T15:21:34.701+0000] {dagbag.py:540} INFO - Filling up the DagBag from /opt/airflow/dags/dagwithpostgres.py
[2024-04-09T15:21:34.757+0000] {processor.py:840} INFO - DAG(s) 'dagwithpostgres' retrieved from /opt/airflow/dags/dagwithpostgres.py
[2024-04-09T15:21:34.800+0000] {logging_mixin.py:188} INFO - [2024-04-09T15:21:34.799+0000] {dag.py:3047} INFO - Sync 1 DAGs
[2024-04-09T15:21:34.847+0000] {logging_mixin.py:188} INFO - [2024-04-09T15:21:34.847+0000] {dag.py:3834} INFO - Setting next_dagrun for dagwithpostgres to 2024-04-03 04:05:00+00:00, run_after=2024-04-04 04:05:00+00:00
[2024-04-09T15:21:34.889+0000] {processor.py:183} INFO - Processing /opt/airflow/dags/dagwithpostgres.py took 0.199 seconds
[2024-04-09T15:22:05.502+0000] {processor.py:161} INFO - Started process (PID=614) to work on /opt/airflow/dags/dagwithpostgres.py
[2024-04-09T15:22:05.504+0000] {processor.py:830} INFO - Processing file /opt/airflow/dags/dagwithpostgres.py for tasks to queue
[2024-04-09T15:22:05.508+0000] {logging_mixin.py:188} INFO - [2024-04-09T15:22:05.507+0000] {dagbag.py:540} INFO - Filling up the DagBag from /opt/airflow/dags/dagwithpostgres.py
[2024-04-09T15:22:05.560+0000] {processor.py:840} INFO - DAG(s) 'dagwithpostgres' retrieved from /opt/airflow/dags/dagwithpostgres.py
[2024-04-09T15:22:05.604+0000] {logging_mixin.py:188} INFO - [2024-04-09T15:22:05.603+0000] {dag.py:3047} INFO - Sync 1 DAGs
[2024-04-09T15:22:05.647+0000] {logging_mixin.py:188} INFO - [2024-04-09T15:22:05.646+0000] {dag.py:3834} INFO - Setting next_dagrun for dagwithpostgres to 2024-04-03 04:05:00+00:00, run_after=2024-04-04 04:05:00+00:00
[2024-04-09T15:22:05.687+0000] {processor.py:183} INFO - Processing /opt/airflow/dags/dagwithpostgres.py took 0.190 seconds
[2024-04-09T15:22:36.366+0000] {processor.py:161} INFO - Started process (PID=628) to work on /opt/airflow/dags/dagwithpostgres.py
[2024-04-09T15:22:36.369+0000] {processor.py:830} INFO - Processing file /opt/airflow/dags/dagwithpostgres.py for tasks to queue
[2024-04-09T15:22:36.372+0000] {logging_mixin.py:188} INFO - [2024-04-09T15:22:36.372+0000] {dagbag.py:540} INFO - Filling up the DagBag from /opt/airflow/dags/dagwithpostgres.py
[2024-04-09T15:22:36.428+0000] {processor.py:840} INFO - DAG(s) 'dagwithpostgres' retrieved from /opt/airflow/dags/dagwithpostgres.py
[2024-04-09T15:22:36.470+0000] {logging_mixin.py:188} INFO - [2024-04-09T15:22:36.470+0000] {dag.py:3047} INFO - Sync 1 DAGs
[2024-04-09T15:22:36.517+0000] {logging_mixin.py:188} INFO - [2024-04-09T15:22:36.516+0000] {dag.py:3834} INFO - Setting next_dagrun for dagwithpostgres to 2024-04-03 04:05:00+00:00, run_after=2024-04-04 04:05:00+00:00
[2024-04-09T15:22:36.559+0000] {processor.py:183} INFO - Processing /opt/airflow/dags/dagwithpostgres.py took 0.198 seconds
[2024-04-09T15:23:07.208+0000] {processor.py:161} INFO - Started process (PID=642) to work on /opt/airflow/dags/dagwithpostgres.py
[2024-04-09T15:23:07.211+0000] {processor.py:830} INFO - Processing file /opt/airflow/dags/dagwithpostgres.py for tasks to queue
[2024-04-09T15:23:07.215+0000] {logging_mixin.py:188} INFO - [2024-04-09T15:23:07.215+0000] {dagbag.py:540} INFO - Filling up the DagBag from /opt/airflow/dags/dagwithpostgres.py
[2024-04-09T15:23:07.266+0000] {processor.py:840} INFO - DAG(s) 'dagwithpostgres' retrieved from /opt/airflow/dags/dagwithpostgres.py
[2024-04-09T15:23:07.308+0000] {logging_mixin.py:188} INFO - [2024-04-09T15:23:07.308+0000] {dag.py:3047} INFO - Sync 1 DAGs
[2024-04-09T15:23:07.349+0000] {logging_mixin.py:188} INFO - [2024-04-09T15:23:07.348+0000] {dag.py:3834} INFO - Setting next_dagrun for dagwithpostgres to 2024-04-03 04:05:00+00:00, run_after=2024-04-04 04:05:00+00:00
[2024-04-09T15:23:07.390+0000] {processor.py:183} INFO - Processing /opt/airflow/dags/dagwithpostgres.py took 0.189 seconds
[2024-04-09T15:23:38.040+0000] {processor.py:161} INFO - Started process (PID=657) to work on /opt/airflow/dags/dagwithpostgres.py
[2024-04-09T15:23:38.041+0000] {processor.py:830} INFO - Processing file /opt/airflow/dags/dagwithpostgres.py for tasks to queue
[2024-04-09T15:23:38.045+0000] {logging_mixin.py:188} INFO - [2024-04-09T15:23:38.044+0000] {dagbag.py:540} INFO - Filling up the DagBag from /opt/airflow/dags/dagwithpostgres.py
[2024-04-09T15:23:38.094+0000] {processor.py:840} INFO - DAG(s) 'dagwithpostgres' retrieved from /opt/airflow/dags/dagwithpostgres.py
[2024-04-09T15:23:38.135+0000] {logging_mixin.py:188} INFO - [2024-04-09T15:23:38.134+0000] {dag.py:3047} INFO - Sync 1 DAGs
[2024-04-09T15:23:38.190+0000] {logging_mixin.py:188} INFO - [2024-04-09T15:23:38.189+0000] {dag.py:3834} INFO - Setting next_dagrun for dagwithpostgres to 2024-04-03 04:05:00+00:00, run_after=2024-04-04 04:05:00+00:00
[2024-04-09T15:23:38.235+0000] {processor.py:183} INFO - Processing /opt/airflow/dags/dagwithpostgres.py took 0.200 seconds
[2024-04-09T15:24:08.833+0000] {processor.py:161} INFO - Started process (PID=671) to work on /opt/airflow/dags/dagwithpostgres.py
[2024-04-09T15:24:08.835+0000] {processor.py:830} INFO - Processing file /opt/airflow/dags/dagwithpostgres.py for tasks to queue
[2024-04-09T15:24:08.839+0000] {logging_mixin.py:188} INFO - [2024-04-09T15:24:08.838+0000] {dagbag.py:540} INFO - Filling up the DagBag from /opt/airflow/dags/dagwithpostgres.py
[2024-04-09T15:24:08.892+0000] {processor.py:840} INFO - DAG(s) 'dagwithpostgres' retrieved from /opt/airflow/dags/dagwithpostgres.py
[2024-04-09T15:24:08.933+0000] {logging_mixin.py:188} INFO - [2024-04-09T15:24:08.932+0000] {dag.py:3047} INFO - Sync 1 DAGs
[2024-04-09T15:24:08.975+0000] {logging_mixin.py:188} INFO - [2024-04-09T15:24:08.975+0000] {dag.py:3834} INFO - Setting next_dagrun for dagwithpostgres to 2024-04-03 04:05:00+00:00, run_after=2024-04-04 04:05:00+00:00
[2024-04-09T15:24:09.025+0000] {processor.py:183} INFO - Processing /opt/airflow/dags/dagwithpostgres.py took 0.197 seconds
[2024-04-09T15:24:39.390+0000] {processor.py:161} INFO - Started process (PID=685) to work on /opt/airflow/dags/dagwithpostgres.py
[2024-04-09T15:24:39.392+0000] {processor.py:830} INFO - Processing file /opt/airflow/dags/dagwithpostgres.py for tasks to queue
[2024-04-09T15:24:39.396+0000] {logging_mixin.py:188} INFO - [2024-04-09T15:24:39.395+0000] {dagbag.py:540} INFO - Filling up the DagBag from /opt/airflow/dags/dagwithpostgres.py
[2024-04-09T15:24:39.441+0000] {processor.py:840} INFO - DAG(s) 'dagwithpostgres' retrieved from /opt/airflow/dags/dagwithpostgres.py
[2024-04-09T15:24:39.478+0000] {logging_mixin.py:188} INFO - [2024-04-09T15:24:39.478+0000] {dag.py:3047} INFO - Sync 1 DAGs
[2024-04-09T15:24:39.524+0000] {logging_mixin.py:188} INFO - [2024-04-09T15:24:39.523+0000] {dag.py:3834} INFO - Setting next_dagrun for dagwithpostgres to 2024-04-03 04:05:00+00:00, run_after=2024-04-04 04:05:00+00:00
[2024-04-09T15:24:39.562+0000] {processor.py:183} INFO - Processing /opt/airflow/dags/dagwithpostgres.py took 0.180 seconds
[2024-04-09T15:25:10.166+0000] {processor.py:161} INFO - Started process (PID=700) to work on /opt/airflow/dags/dagwithpostgres.py
[2024-04-09T15:25:10.168+0000] {processor.py:830} INFO - Processing file /opt/airflow/dags/dagwithpostgres.py for tasks to queue
[2024-04-09T15:25:10.172+0000] {logging_mixin.py:188} INFO - [2024-04-09T15:25:10.171+0000] {dagbag.py:540} INFO - Filling up the DagBag from /opt/airflow/dags/dagwithpostgres.py
[2024-04-09T15:25:10.222+0000] {processor.py:840} INFO - DAG(s) 'dagwithpostgres' retrieved from /opt/airflow/dags/dagwithpostgres.py
[2024-04-09T15:25:10.267+0000] {logging_mixin.py:188} INFO - [2024-04-09T15:25:10.266+0000] {dag.py:3047} INFO - Sync 1 DAGs
[2024-04-09T15:25:10.313+0000] {logging_mixin.py:188} INFO - [2024-04-09T15:25:10.313+0000] {dag.py:3834} INFO - Setting next_dagrun for dagwithpostgres to 2024-04-03 04:05:00+00:00, run_after=2024-04-04 04:05:00+00:00
[2024-04-09T15:25:10.350+0000] {processor.py:183} INFO - Processing /opt/airflow/dags/dagwithpostgres.py took 0.189 seconds
[2024-04-09T15:25:40.739+0000] {processor.py:161} INFO - Started process (PID=714) to work on /opt/airflow/dags/dagwithpostgres.py
[2024-04-09T15:25:40.741+0000] {processor.py:830} INFO - Processing file /opt/airflow/dags/dagwithpostgres.py for tasks to queue
[2024-04-09T15:25:40.745+0000] {logging_mixin.py:188} INFO - [2024-04-09T15:25:40.744+0000] {dagbag.py:540} INFO - Filling up the DagBag from /opt/airflow/dags/dagwithpostgres.py
[2024-04-09T15:25:40.800+0000] {processor.py:840} INFO - DAG(s) 'dagwithpostgres' retrieved from /opt/airflow/dags/dagwithpostgres.py
[2024-04-09T15:25:40.844+0000] {logging_mixin.py:188} INFO - [2024-04-09T15:25:40.844+0000] {dag.py:3047} INFO - Sync 1 DAGs
[2024-04-09T15:25:40.890+0000] {logging_mixin.py:188} INFO - [2024-04-09T15:25:40.889+0000] {dag.py:3834} INFO - Setting next_dagrun for dagwithpostgres to 2024-04-03 04:05:00+00:00, run_after=2024-04-04 04:05:00+00:00
[2024-04-09T15:25:40.938+0000] {processor.py:183} INFO - Processing /opt/airflow/dags/dagwithpostgres.py took 0.206 seconds
[2024-04-09T15:26:11.362+0000] {processor.py:161} INFO - Started process (PID=729) to work on /opt/airflow/dags/dagwithpostgres.py
[2024-04-09T15:26:11.364+0000] {processor.py:830} INFO - Processing file /opt/airflow/dags/dagwithpostgres.py for tasks to queue
[2024-04-09T15:26:11.368+0000] {logging_mixin.py:188} INFO - [2024-04-09T15:26:11.367+0000] {dagbag.py:540} INFO - Filling up the DagBag from /opt/airflow/dags/dagwithpostgres.py
[2024-04-09T15:26:11.423+0000] {processor.py:840} INFO - DAG(s) 'dagwithpostgres' retrieved from /opt/airflow/dags/dagwithpostgres.py
[2024-04-09T15:26:11.465+0000] {logging_mixin.py:188} INFO - [2024-04-09T15:26:11.464+0000] {dag.py:3047} INFO - Sync 1 DAGs
[2024-04-09T15:26:11.511+0000] {logging_mixin.py:188} INFO - [2024-04-09T15:26:11.511+0000] {dag.py:3834} INFO - Setting next_dagrun for dagwithpostgres to 2024-04-03 04:05:00+00:00, run_after=2024-04-04 04:05:00+00:00
[2024-04-09T15:26:11.552+0000] {processor.py:183} INFO - Processing /opt/airflow/dags/dagwithpostgres.py took 0.196 seconds
[2024-04-09T15:26:41.965+0000] {processor.py:161} INFO - Started process (PID=743) to work on /opt/airflow/dags/dagwithpostgres.py
[2024-04-09T15:26:41.967+0000] {processor.py:830} INFO - Processing file /opt/airflow/dags/dagwithpostgres.py for tasks to queue
[2024-04-09T15:26:41.970+0000] {logging_mixin.py:188} INFO - [2024-04-09T15:26:41.970+0000] {dagbag.py:540} INFO - Filling up the DagBag from /opt/airflow/dags/dagwithpostgres.py
[2024-04-09T15:26:42.021+0000] {processor.py:840} INFO - DAG(s) 'dagwithpostgres' retrieved from /opt/airflow/dags/dagwithpostgres.py
[2024-04-09T15:26:42.073+0000] {logging_mixin.py:188} INFO - [2024-04-09T15:26:42.073+0000] {dag.py:3047} INFO - Sync 1 DAGs
[2024-04-09T15:26:42.122+0000] {logging_mixin.py:188} INFO - [2024-04-09T15:26:42.121+0000] {dag.py:3834} INFO - Setting next_dagrun for dagwithpostgres to 2024-04-03 04:05:00+00:00, run_after=2024-04-04 04:05:00+00:00
[2024-04-09T15:26:42.166+0000] {processor.py:183} INFO - Processing /opt/airflow/dags/dagwithpostgres.py took 0.208 seconds
[2024-04-09T17:56:25.212+0000] {processor.py:161} INFO - Started process (PID=50) to work on /opt/airflow/dags/dagwithpostgres.py
[2024-04-09T17:56:25.224+0000] {processor.py:830} INFO - Processing file /opt/airflow/dags/dagwithpostgres.py for tasks to queue
[2024-04-09T17:56:25.249+0000] {logging_mixin.py:188} INFO - [2024-04-09T17:56:25.245+0000] {dagbag.py:540} INFO - Filling up the DagBag from /opt/airflow/dags/dagwithpostgres.py
[2024-04-09T17:56:25.364+0000] {processor.py:840} INFO - DAG(s) 'dagwithpostgres' retrieved from /opt/airflow/dags/dagwithpostgres.py
[2024-04-09T17:56:25.996+0000] {logging_mixin.py:188} INFO - [2024-04-09T17:56:25.995+0000] {dag.py:3047} INFO - Sync 1 DAGs
[2024-04-09T17:56:26.090+0000] {logging_mixin.py:188} INFO - [2024-04-09T17:56:26.089+0000] {dag.py:3834} INFO - Setting next_dagrun for dagwithpostgres to 2024-04-03 04:05:00+00:00, run_after=2024-04-04 04:05:00+00:00
[2024-04-09T17:56:26.194+0000] {processor.py:183} INFO - Processing /opt/airflow/dags/dagwithpostgres.py took 1.012 seconds
[2024-04-09T17:56:56.681+0000] {processor.py:161} INFO - Started process (PID=65) to work on /opt/airflow/dags/dagwithpostgres.py
[2024-04-09T17:56:56.683+0000] {processor.py:830} INFO - Processing file /opt/airflow/dags/dagwithpostgres.py for tasks to queue
[2024-04-09T17:56:56.687+0000] {logging_mixin.py:188} INFO - [2024-04-09T17:56:56.687+0000] {dagbag.py:540} INFO - Filling up the DagBag from /opt/airflow/dags/dagwithpostgres.py
[2024-04-09T17:56:56.754+0000] {processor.py:840} INFO - DAG(s) 'dagwithpostgres' retrieved from /opt/airflow/dags/dagwithpostgres.py
[2024-04-09T17:56:56.809+0000] {logging_mixin.py:188} INFO - [2024-04-09T17:56:56.808+0000] {dag.py:3047} INFO - Sync 1 DAGs
[2024-04-09T17:56:56.858+0000] {logging_mixin.py:188} INFO - [2024-04-09T17:56:56.857+0000] {dag.py:3834} INFO - Setting next_dagrun for dagwithpostgres to 2024-04-03 04:05:00+00:00, run_after=2024-04-04 04:05:00+00:00
[2024-04-09T17:56:56.917+0000] {processor.py:183} INFO - Processing /opt/airflow/dags/dagwithpostgres.py took 0.244 seconds
[2024-04-09T17:57:27.285+0000] {processor.py:161} INFO - Started process (PID=79) to work on /opt/airflow/dags/dagwithpostgres.py
[2024-04-09T17:57:27.287+0000] {processor.py:830} INFO - Processing file /opt/airflow/dags/dagwithpostgres.py for tasks to queue
[2024-04-09T17:57:27.292+0000] {logging_mixin.py:188} INFO - [2024-04-09T17:57:27.291+0000] {dagbag.py:540} INFO - Filling up the DagBag from /opt/airflow/dags/dagwithpostgres.py
[2024-04-09T17:57:27.347+0000] {processor.py:840} INFO - DAG(s) 'dagwithpostgres' retrieved from /opt/airflow/dags/dagwithpostgres.py
[2024-04-09T17:57:27.563+0000] {logging_mixin.py:188} INFO - [2024-04-09T17:57:27.562+0000] {dag.py:3047} INFO - Sync 1 DAGs
[2024-04-09T17:57:27.617+0000] {logging_mixin.py:188} INFO - [2024-04-09T17:57:27.617+0000] {dag.py:3834} INFO - Setting next_dagrun for dagwithpostgres to 2024-04-03 04:05:00+00:00, run_after=2024-04-04 04:05:00+00:00
[2024-04-09T17:57:28.575+0000] {processor.py:183} INFO - Processing /opt/airflow/dags/dagwithpostgres.py took 1.295 seconds
[2024-04-09T17:57:58.749+0000] {processor.py:161} INFO - Started process (PID=87) to work on /opt/airflow/dags/dagwithpostgres.py
[2024-04-09T17:57:58.751+0000] {processor.py:830} INFO - Processing file /opt/airflow/dags/dagwithpostgres.py for tasks to queue
[2024-04-09T17:57:58.754+0000] {logging_mixin.py:188} INFO - [2024-04-09T17:57:58.753+0000] {dagbag.py:540} INFO - Filling up the DagBag from /opt/airflow/dags/dagwithpostgres.py
[2024-04-09T17:57:58.805+0000] {processor.py:840} INFO - DAG(s) 'dagwithpostgres' retrieved from /opt/airflow/dags/dagwithpostgres.py
[2024-04-09T17:57:58.850+0000] {logging_mixin.py:188} INFO - [2024-04-09T17:57:58.850+0000] {dag.py:3047} INFO - Sync 1 DAGs
[2024-04-09T17:57:58.892+0000] {logging_mixin.py:188} INFO - [2024-04-09T17:57:58.891+0000] {dag.py:3834} INFO - Setting next_dagrun for dagwithpostgres to 2024-04-03 04:05:00+00:00, run_after=2024-04-04 04:05:00+00:00
[2024-04-09T17:57:58.937+0000] {processor.py:183} INFO - Processing /opt/airflow/dags/dagwithpostgres.py took 0.193 seconds
[2024-04-09T17:58:29.456+0000] {processor.py:161} INFO - Started process (PID=102) to work on /opt/airflow/dags/dagwithpostgres.py
[2024-04-09T17:58:29.458+0000] {processor.py:830} INFO - Processing file /opt/airflow/dags/dagwithpostgres.py for tasks to queue
[2024-04-09T17:58:29.463+0000] {logging_mixin.py:188} INFO - [2024-04-09T17:58:29.462+0000] {dagbag.py:540} INFO - Filling up the DagBag from /opt/airflow/dags/dagwithpostgres.py
[2024-04-09T17:58:29.524+0000] {processor.py:840} INFO - DAG(s) 'dagwithpostgres' retrieved from /opt/airflow/dags/dagwithpostgres.py
[2024-04-09T17:58:29.571+0000] {logging_mixin.py:188} INFO - [2024-04-09T17:58:29.570+0000] {dag.py:3047} INFO - Sync 1 DAGs
[2024-04-09T17:58:29.622+0000] {logging_mixin.py:188} INFO - [2024-04-09T17:58:29.622+0000] {dag.py:3834} INFO - Setting next_dagrun for dagwithpostgres to 2024-04-03 04:05:00+00:00, run_after=2024-04-04 04:05:00+00:00
[2024-04-09T17:58:29.675+0000] {processor.py:183} INFO - Processing /opt/airflow/dags/dagwithpostgres.py took 0.226 seconds
