[2024-04-09T15:01:33.510+0000] {processor.py:161} INFO - Started process (PID=55) to work on /opt/airflow/dags/first_day.py
[2024-04-09T15:01:33.518+0000] {processor.py:830} INFO - Processing file /opt/airflow/dags/first_day.py for tasks to queue
[2024-04-09T15:01:33.526+0000] {logging_mixin.py:188} INFO - [2024-04-09T15:01:33.525+0000] {dagbag.py:540} INFO - Filling up the DagBag from /opt/airflow/dags/first_day.py
[2024-04-09T15:01:33.589+0000] {processor.py:840} INFO - DAG(s) 'first_dag_bitwise3' retrieved from /opt/airflow/dags/first_day.py
[2024-04-09T15:01:33.662+0000] {logging_mixin.py:188} INFO - [2024-04-09T15:01:33.661+0000] {dag.py:3047} INFO - Sync 1 DAGs
[2024-04-09T15:01:33.731+0000] {logging_mixin.py:188} INFO - [2024-04-09T15:01:33.731+0000] {dag.py:3834} INFO - Setting next_dagrun for first_dag_bitwise3 to 2024-04-02 00:00:00+00:00, run_after=2024-04-03 00:00:00+00:00
[2024-04-09T15:01:33.782+0000] {processor.py:183} INFO - Processing /opt/airflow/dags/first_day.py took 0.286 seconds
[2024-04-09T15:02:04.535+0000] {processor.py:161} INFO - Started process (PID=69) to work on /opt/airflow/dags/first_day.py
[2024-04-09T15:02:04.537+0000] {processor.py:830} INFO - Processing file /opt/airflow/dags/first_day.py for tasks to queue
[2024-04-09T15:02:04.541+0000] {logging_mixin.py:188} INFO - [2024-04-09T15:02:04.540+0000] {dagbag.py:540} INFO - Filling up the DagBag from /opt/airflow/dags/first_day.py
[2024-04-09T15:02:04.590+0000] {processor.py:840} INFO - DAG(s) 'first_dag_bitwise3' retrieved from /opt/airflow/dags/first_day.py
[2024-04-09T15:02:04.804+0000] {logging_mixin.py:188} INFO - [2024-04-09T15:02:04.803+0000] {dag.py:3047} INFO - Sync 1 DAGs
[2024-04-09T15:02:04.859+0000] {logging_mixin.py:188} INFO - [2024-04-09T15:02:04.859+0000] {dag.py:3834} INFO - Setting next_dagrun for first_dag_bitwise3 to 2024-04-02 00:00:00+00:00, run_after=2024-04-03 00:00:00+00:00
[2024-04-09T15:02:04.910+0000] {processor.py:183} INFO - Processing /opt/airflow/dags/first_day.py took 0.381 seconds
[2024-04-09T15:02:35.207+0000] {processor.py:161} INFO - Started process (PID=83) to work on /opt/airflow/dags/first_day.py
[2024-04-09T15:02:35.209+0000] {processor.py:830} INFO - Processing file /opt/airflow/dags/first_day.py for tasks to queue
[2024-04-09T15:02:35.213+0000] {logging_mixin.py:188} INFO - [2024-04-09T15:02:35.212+0000] {dagbag.py:540} INFO - Filling up the DagBag from /opt/airflow/dags/first_day.py
[2024-04-09T15:02:35.262+0000] {processor.py:840} INFO - DAG(s) 'first_dag_bitwise3' retrieved from /opt/airflow/dags/first_day.py
[2024-04-09T15:02:35.306+0000] {logging_mixin.py:188} INFO - [2024-04-09T15:02:35.306+0000] {dag.py:3047} INFO - Sync 1 DAGs
[2024-04-09T15:02:35.350+0000] {logging_mixin.py:188} INFO - [2024-04-09T15:02:35.349+0000] {dag.py:3834} INFO - Setting next_dagrun for first_dag_bitwise3 to 2024-04-02 00:00:00+00:00, run_after=2024-04-03 00:00:00+00:00
[2024-04-09T15:02:35.392+0000] {processor.py:183} INFO - Processing /opt/airflow/dags/first_day.py took 0.191 seconds
[2024-04-09T15:03:06.028+0000] {processor.py:161} INFO - Started process (PID=97) to work on /opt/airflow/dags/first_day.py
[2024-04-09T15:03:06.031+0000] {processor.py:830} INFO - Processing file /opt/airflow/dags/first_day.py for tasks to queue
[2024-04-09T15:03:06.035+0000] {logging_mixin.py:188} INFO - [2024-04-09T15:03:06.034+0000] {dagbag.py:540} INFO - Filling up the DagBag from /opt/airflow/dags/first_day.py
[2024-04-09T15:03:06.083+0000] {processor.py:840} INFO - DAG(s) 'first_dag_bitwise3' retrieved from /opt/airflow/dags/first_day.py
[2024-04-09T15:03:06.135+0000] {logging_mixin.py:188} INFO - [2024-04-09T15:03:06.134+0000] {dag.py:3047} INFO - Sync 1 DAGs
[2024-04-09T15:03:06.189+0000] {logging_mixin.py:188} INFO - [2024-04-09T15:03:06.188+0000] {dag.py:3834} INFO - Setting next_dagrun for first_dag_bitwise3 to 2024-04-02 00:00:00+00:00, run_after=2024-04-03 00:00:00+00:00
[2024-04-09T15:03:06.232+0000] {processor.py:183} INFO - Processing /opt/airflow/dags/first_day.py took 0.210 seconds
[2024-04-09T15:03:36.618+0000] {processor.py:161} INFO - Started process (PID=111) to work on /opt/airflow/dags/first_day.py
[2024-04-09T15:03:36.620+0000] {processor.py:830} INFO - Processing file /opt/airflow/dags/first_day.py for tasks to queue
[2024-04-09T15:03:36.624+0000] {logging_mixin.py:188} INFO - [2024-04-09T15:03:36.623+0000] {dagbag.py:540} INFO - Filling up the DagBag from /opt/airflow/dags/first_day.py
[2024-04-09T15:03:36.671+0000] {processor.py:840} INFO - DAG(s) 'first_dag_bitwise3' retrieved from /opt/airflow/dags/first_day.py
[2024-04-09T15:03:36.711+0000] {logging_mixin.py:188} INFO - [2024-04-09T15:03:36.710+0000] {dag.py:3047} INFO - Sync 1 DAGs
[2024-04-09T15:03:36.756+0000] {logging_mixin.py:188} INFO - [2024-04-09T15:03:36.756+0000] {dag.py:3834} INFO - Setting next_dagrun for first_dag_bitwise3 to 2024-04-02 00:00:00+00:00, run_after=2024-04-03 00:00:00+00:00
[2024-04-09T15:03:36.793+0000] {processor.py:183} INFO - Processing /opt/airflow/dags/first_day.py took 0.181 seconds
[2024-04-09T15:04:07.418+0000] {processor.py:161} INFO - Started process (PID=125) to work on /opt/airflow/dags/first_day.py
[2024-04-09T15:04:07.421+0000] {processor.py:830} INFO - Processing file /opt/airflow/dags/first_day.py for tasks to queue
[2024-04-09T15:04:07.426+0000] {logging_mixin.py:188} INFO - [2024-04-09T15:04:07.425+0000] {dagbag.py:540} INFO - Filling up the DagBag from /opt/airflow/dags/first_day.py
[2024-04-09T15:04:07.480+0000] {processor.py:840} INFO - DAG(s) 'first_dag_bitwise3' retrieved from /opt/airflow/dags/first_day.py
[2024-04-09T15:04:07.532+0000] {logging_mixin.py:188} INFO - [2024-04-09T15:04:07.531+0000] {dag.py:3047} INFO - Sync 1 DAGs
[2024-04-09T15:04:07.582+0000] {logging_mixin.py:188} INFO - [2024-04-09T15:04:07.582+0000] {dag.py:3834} INFO - Setting next_dagrun for first_dag_bitwise3 to 2024-04-02 00:00:00+00:00, run_after=2024-04-03 00:00:00+00:00
[2024-04-09T15:04:07.625+0000] {processor.py:183} INFO - Processing /opt/airflow/dags/first_day.py took 0.215 seconds
[2024-04-09T15:04:38.436+0000] {processor.py:161} INFO - Started process (PID=139) to work on /opt/airflow/dags/first_day.py
[2024-04-09T15:04:38.438+0000] {processor.py:830} INFO - Processing file /opt/airflow/dags/first_day.py for tasks to queue
[2024-04-09T15:04:38.441+0000] {logging_mixin.py:188} INFO - [2024-04-09T15:04:38.441+0000] {dagbag.py:540} INFO - Filling up the DagBag from /opt/airflow/dags/first_day.py
[2024-04-09T15:04:38.488+0000] {processor.py:840} INFO - DAG(s) 'first_dag_bitwise3' retrieved from /opt/airflow/dags/first_day.py
[2024-04-09T15:04:38.533+0000] {logging_mixin.py:188} INFO - [2024-04-09T15:04:38.532+0000] {dag.py:3047} INFO - Sync 1 DAGs
[2024-04-09T15:04:38.581+0000] {logging_mixin.py:188} INFO - [2024-04-09T15:04:38.580+0000] {dag.py:3834} INFO - Setting next_dagrun for first_dag_bitwise3 to 2024-04-02 00:00:00+00:00, run_after=2024-04-03 00:00:00+00:00
[2024-04-09T15:04:38.625+0000] {processor.py:183} INFO - Processing /opt/airflow/dags/first_day.py took 0.195 seconds
[2024-04-09T15:05:13.993+0000] {processor.py:161} INFO - Started process (PID=153) to work on /opt/airflow/dags/first_day.py
[2024-04-09T15:05:13.996+0000] {processor.py:830} INFO - Processing file /opt/airflow/dags/first_day.py for tasks to queue
[2024-04-09T15:05:14.002+0000] {logging_mixin.py:188} INFO - [2024-04-09T15:05:14.001+0000] {dagbag.py:540} INFO - Filling up the DagBag from /opt/airflow/dags/first_day.py
[2024-04-09T15:05:14.049+0000] {processor.py:840} INFO - DAG(s) 'first_dag_bitwise3' retrieved from /opt/airflow/dags/first_day.py
[2024-04-09T15:05:14.733+0000] {logging_mixin.py:188} INFO - [2024-04-09T15:05:14.732+0000] {dag.py:3047} INFO - Sync 1 DAGs
[2024-04-09T15:05:15.331+0000] {logging_mixin.py:188} INFO - [2024-04-09T15:05:15.331+0000] {dag.py:3834} INFO - Setting next_dagrun for first_dag_bitwise3 to 2024-04-02 00:00:00+00:00, run_after=2024-04-03 00:00:00+00:00
[2024-04-09T15:05:15.835+0000] {processor.py:183} INFO - Processing /opt/airflow/dags/first_day.py took 1.850 seconds
[2024-04-09T15:05:45.977+0000] {processor.py:161} INFO - Started process (PID=167) to work on /opt/airflow/dags/first_day.py
[2024-04-09T15:05:45.980+0000] {processor.py:830} INFO - Processing file /opt/airflow/dags/first_day.py for tasks to queue
[2024-04-09T15:05:45.985+0000] {logging_mixin.py:188} INFO - [2024-04-09T15:05:45.984+0000] {dagbag.py:540} INFO - Filling up the DagBag from /opt/airflow/dags/first_day.py
[2024-04-09T15:05:46.030+0000] {processor.py:840} INFO - DAG(s) 'first_dag_bitwise3' retrieved from /opt/airflow/dags/first_day.py
[2024-04-09T15:05:46.080+0000] {logging_mixin.py:188} INFO - [2024-04-09T15:05:46.079+0000] {dag.py:3047} INFO - Sync 1 DAGs
[2024-04-09T15:05:46.131+0000] {logging_mixin.py:188} INFO - [2024-04-09T15:05:46.131+0000] {dag.py:3834} INFO - Setting next_dagrun for first_dag_bitwise3 to 2024-04-02 00:00:00+00:00, run_after=2024-04-03 00:00:00+00:00
[2024-04-09T15:05:46.172+0000] {processor.py:183} INFO - Processing /opt/airflow/dags/first_day.py took 0.199 seconds
[2024-04-09T15:06:16.871+0000] {processor.py:161} INFO - Started process (PID=181) to work on /opt/airflow/dags/first_day.py
[2024-04-09T15:06:16.873+0000] {processor.py:830} INFO - Processing file /opt/airflow/dags/first_day.py for tasks to queue
[2024-04-09T15:06:16.877+0000] {logging_mixin.py:188} INFO - [2024-04-09T15:06:16.876+0000] {dagbag.py:540} INFO - Filling up the DagBag from /opt/airflow/dags/first_day.py
[2024-04-09T15:06:16.923+0000] {processor.py:840} INFO - DAG(s) 'first_dag_bitwise3' retrieved from /opt/airflow/dags/first_day.py
[2024-04-09T15:06:16.967+0000] {logging_mixin.py:188} INFO - [2024-04-09T15:06:16.966+0000] {dag.py:3047} INFO - Sync 1 DAGs
[2024-04-09T15:06:17.053+0000] {logging_mixin.py:188} INFO - [2024-04-09T15:06:17.052+0000] {dag.py:3834} INFO - Setting next_dagrun for first_dag_bitwise3 to 2024-04-02 00:00:00+00:00, run_after=2024-04-03 00:00:00+00:00
[2024-04-09T15:06:17.096+0000] {processor.py:183} INFO - Processing /opt/airflow/dags/first_day.py took 0.230 seconds
[2024-04-09T15:06:47.294+0000] {processor.py:161} INFO - Started process (PID=195) to work on /opt/airflow/dags/first_day.py
[2024-04-09T15:06:47.297+0000] {processor.py:830} INFO - Processing file /opt/airflow/dags/first_day.py for tasks to queue
[2024-04-09T15:06:47.300+0000] {logging_mixin.py:188} INFO - [2024-04-09T15:06:47.300+0000] {dagbag.py:540} INFO - Filling up the DagBag from /opt/airflow/dags/first_day.py
[2024-04-09T15:06:47.345+0000] {processor.py:840} INFO - DAG(s) 'first_dag_bitwise3' retrieved from /opt/airflow/dags/first_day.py
[2024-04-09T15:06:47.390+0000] {logging_mixin.py:188} INFO - [2024-04-09T15:06:47.390+0000] {dag.py:3047} INFO - Sync 1 DAGs
[2024-04-09T15:06:47.434+0000] {logging_mixin.py:188} INFO - [2024-04-09T15:06:47.433+0000] {dag.py:3834} INFO - Setting next_dagrun for first_dag_bitwise3 to 2024-04-02 00:00:00+00:00, run_after=2024-04-03 00:00:00+00:00
[2024-04-09T15:06:47.484+0000] {processor.py:183} INFO - Processing /opt/airflow/dags/first_day.py took 0.195 seconds
[2024-04-09T15:07:18.232+0000] {processor.py:161} INFO - Started process (PID=209) to work on /opt/airflow/dags/first_day.py
[2024-04-09T15:07:18.235+0000] {processor.py:830} INFO - Processing file /opt/airflow/dags/first_day.py for tasks to queue
[2024-04-09T15:07:18.239+0000] {logging_mixin.py:188} INFO - [2024-04-09T15:07:18.239+0000] {dagbag.py:540} INFO - Filling up the DagBag from /opt/airflow/dags/first_day.py
[2024-04-09T15:07:18.289+0000] {processor.py:840} INFO - DAG(s) 'first_dag_bitwise3' retrieved from /opt/airflow/dags/first_day.py
[2024-04-09T15:07:18.337+0000] {logging_mixin.py:188} INFO - [2024-04-09T15:07:18.336+0000] {dag.py:3047} INFO - Sync 1 DAGs
[2024-04-09T15:07:18.383+0000] {logging_mixin.py:188} INFO - [2024-04-09T15:07:18.382+0000] {dag.py:3834} INFO - Setting next_dagrun for first_dag_bitwise3 to 2024-04-02 00:00:00+00:00, run_after=2024-04-03 00:00:00+00:00
[2024-04-09T15:07:18.427+0000] {processor.py:183} INFO - Processing /opt/airflow/dags/first_day.py took 0.206 seconds
[2024-04-09T15:07:49.060+0000] {processor.py:161} INFO - Started process (PID=223) to work on /opt/airflow/dags/first_day.py
[2024-04-09T15:07:49.062+0000] {processor.py:830} INFO - Processing file /opt/airflow/dags/first_day.py for tasks to queue
[2024-04-09T15:07:49.066+0000] {logging_mixin.py:188} INFO - [2024-04-09T15:07:49.065+0000] {dagbag.py:540} INFO - Filling up the DagBag from /opt/airflow/dags/first_day.py
[2024-04-09T15:07:49.116+0000] {processor.py:840} INFO - DAG(s) 'first_dag_bitwise3' retrieved from /opt/airflow/dags/first_day.py
[2024-04-09T15:07:49.169+0000] {logging_mixin.py:188} INFO - [2024-04-09T15:07:49.169+0000] {dag.py:3047} INFO - Sync 1 DAGs
[2024-04-09T15:07:49.230+0000] {logging_mixin.py:188} INFO - [2024-04-09T15:07:49.229+0000] {dag.py:3834} INFO - Setting next_dagrun for first_dag_bitwise3 to 2024-04-02 00:00:00+00:00, run_after=2024-04-03 00:00:00+00:00
[2024-04-09T15:07:49.277+0000] {processor.py:183} INFO - Processing /opt/airflow/dags/first_day.py took 0.223 seconds
[2024-04-09T15:08:19.871+0000] {processor.py:161} INFO - Started process (PID=237) to work on /opt/airflow/dags/first_day.py
[2024-04-09T15:08:19.873+0000] {processor.py:830} INFO - Processing file /opt/airflow/dags/first_day.py for tasks to queue
[2024-04-09T15:08:19.877+0000] {logging_mixin.py:188} INFO - [2024-04-09T15:08:19.876+0000] {dagbag.py:540} INFO - Filling up the DagBag from /opt/airflow/dags/first_day.py
[2024-04-09T15:08:19.924+0000] {processor.py:840} INFO - DAG(s) 'first_dag_bitwise3' retrieved from /opt/airflow/dags/first_day.py
[2024-04-09T15:08:19.967+0000] {logging_mixin.py:188} INFO - [2024-04-09T15:08:19.966+0000] {dag.py:3047} INFO - Sync 1 DAGs
[2024-04-09T15:08:20.012+0000] {logging_mixin.py:188} INFO - [2024-04-09T15:08:20.012+0000] {dag.py:3834} INFO - Setting next_dagrun for first_dag_bitwise3 to 2024-04-02 00:00:00+00:00, run_after=2024-04-03 00:00:00+00:00
[2024-04-09T15:08:20.060+0000] {processor.py:183} INFO - Processing /opt/airflow/dags/first_day.py took 0.195 seconds
[2024-04-09T15:08:50.738+0000] {processor.py:161} INFO - Started process (PID=251) to work on /opt/airflow/dags/first_day.py
[2024-04-09T15:08:50.740+0000] {processor.py:830} INFO - Processing file /opt/airflow/dags/first_day.py for tasks to queue
[2024-04-09T15:08:50.744+0000] {logging_mixin.py:188} INFO - [2024-04-09T15:08:50.743+0000] {dagbag.py:540} INFO - Filling up the DagBag from /opt/airflow/dags/first_day.py
[2024-04-09T15:08:50.785+0000] {processor.py:840} INFO - DAG(s) 'first_dag_bitwise3' retrieved from /opt/airflow/dags/first_day.py
[2024-04-09T15:08:50.832+0000] {logging_mixin.py:188} INFO - [2024-04-09T15:08:50.832+0000] {dag.py:3047} INFO - Sync 1 DAGs
[2024-04-09T15:08:50.876+0000] {logging_mixin.py:188} INFO - [2024-04-09T15:08:50.876+0000] {dag.py:3834} INFO - Setting next_dagrun for first_dag_bitwise3 to 2024-04-02 00:00:00+00:00, run_after=2024-04-03 00:00:00+00:00
[2024-04-09T15:08:50.911+0000] {processor.py:183} INFO - Processing /opt/airflow/dags/first_day.py took 0.177 seconds
[2024-04-09T15:09:21.079+0000] {processor.py:161} INFO - Started process (PID=265) to work on /opt/airflow/dags/first_day.py
[2024-04-09T15:09:21.081+0000] {processor.py:830} INFO - Processing file /opt/airflow/dags/first_day.py for tasks to queue
[2024-04-09T15:09:21.085+0000] {logging_mixin.py:188} INFO - [2024-04-09T15:09:21.084+0000] {dagbag.py:540} INFO - Filling up the DagBag from /opt/airflow/dags/first_day.py
[2024-04-09T15:09:21.132+0000] {processor.py:840} INFO - DAG(s) 'first_dag_bitwise3' retrieved from /opt/airflow/dags/first_day.py
[2024-04-09T15:09:21.179+0000] {logging_mixin.py:188} INFO - [2024-04-09T15:09:21.179+0000] {dag.py:3047} INFO - Sync 1 DAGs
[2024-04-09T15:09:21.227+0000] {logging_mixin.py:188} INFO - [2024-04-09T15:09:21.227+0000] {dag.py:3834} INFO - Setting next_dagrun for first_dag_bitwise3 to 2024-04-02 00:00:00+00:00, run_after=2024-04-03 00:00:00+00:00
[2024-04-09T15:09:21.274+0000] {processor.py:183} INFO - Processing /opt/airflow/dags/first_day.py took 0.201 seconds
[2024-04-09T15:09:51.403+0000] {processor.py:161} INFO - Started process (PID=279) to work on /opt/airflow/dags/first_day.py
[2024-04-09T15:09:51.406+0000] {processor.py:830} INFO - Processing file /opt/airflow/dags/first_day.py for tasks to queue
[2024-04-09T15:09:51.408+0000] {logging_mixin.py:188} INFO - [2024-04-09T15:09:51.408+0000] {dagbag.py:540} INFO - Filling up the DagBag from /opt/airflow/dags/first_day.py
[2024-04-09T15:09:51.455+0000] {processor.py:840} INFO - DAG(s) 'first_dag_bitwise3' retrieved from /opt/airflow/dags/first_day.py
[2024-04-09T15:09:51.498+0000] {logging_mixin.py:188} INFO - [2024-04-09T15:09:51.497+0000] {dag.py:3047} INFO - Sync 1 DAGs
[2024-04-09T15:09:51.547+0000] {logging_mixin.py:188} INFO - [2024-04-09T15:09:51.546+0000] {dag.py:3834} INFO - Setting next_dagrun for first_dag_bitwise3 to 2024-04-02 00:00:00+00:00, run_after=2024-04-03 00:00:00+00:00
[2024-04-09T15:09:51.589+0000] {processor.py:183} INFO - Processing /opt/airflow/dags/first_day.py took 0.190 seconds
[2024-04-09T15:10:22.095+0000] {processor.py:161} INFO - Started process (PID=293) to work on /opt/airflow/dags/first_day.py
[2024-04-09T15:10:22.098+0000] {processor.py:830} INFO - Processing file /opt/airflow/dags/first_day.py for tasks to queue
[2024-04-09T15:10:22.101+0000] {logging_mixin.py:188} INFO - [2024-04-09T15:10:22.101+0000] {dagbag.py:540} INFO - Filling up the DagBag from /opt/airflow/dags/first_day.py
[2024-04-09T15:10:22.153+0000] {processor.py:840} INFO - DAG(s) 'first_dag_bitwise3' retrieved from /opt/airflow/dags/first_day.py
[2024-04-09T15:10:22.206+0000] {logging_mixin.py:188} INFO - [2024-04-09T15:10:22.205+0000] {dag.py:3047} INFO - Sync 1 DAGs
[2024-04-09T15:10:22.263+0000] {logging_mixin.py:188} INFO - [2024-04-09T15:10:22.262+0000] {dag.py:3834} INFO - Setting next_dagrun for first_dag_bitwise3 to 2024-04-02 00:00:00+00:00, run_after=2024-04-03 00:00:00+00:00
[2024-04-09T15:10:22.314+0000] {processor.py:183} INFO - Processing /opt/airflow/dags/first_day.py took 0.224 seconds
[2024-04-09T15:10:52.482+0000] {processor.py:161} INFO - Started process (PID=307) to work on /opt/airflow/dags/first_day.py
[2024-04-09T15:10:52.484+0000] {processor.py:830} INFO - Processing file /opt/airflow/dags/first_day.py for tasks to queue
[2024-04-09T15:10:52.488+0000] {logging_mixin.py:188} INFO - [2024-04-09T15:10:52.487+0000] {dagbag.py:540} INFO - Filling up the DagBag from /opt/airflow/dags/first_day.py
[2024-04-09T15:10:52.537+0000] {processor.py:840} INFO - DAG(s) 'first_dag_bitwise3' retrieved from /opt/airflow/dags/first_day.py
[2024-04-09T15:10:52.581+0000] {logging_mixin.py:188} INFO - [2024-04-09T15:10:52.580+0000] {dag.py:3047} INFO - Sync 1 DAGs
[2024-04-09T15:10:52.634+0000] {logging_mixin.py:188} INFO - [2024-04-09T15:10:52.633+0000] {dag.py:3834} INFO - Setting next_dagrun for first_dag_bitwise3 to 2024-04-02 00:00:00+00:00, run_after=2024-04-03 00:00:00+00:00
[2024-04-09T15:10:52.680+0000] {processor.py:183} INFO - Processing /opt/airflow/dags/first_day.py took 0.203 seconds
[2024-04-09T15:11:22.903+0000] {processor.py:161} INFO - Started process (PID=321) to work on /opt/airflow/dags/first_day.py
[2024-04-09T15:11:22.906+0000] {processor.py:830} INFO - Processing file /opt/airflow/dags/first_day.py for tasks to queue
[2024-04-09T15:11:22.909+0000] {logging_mixin.py:188} INFO - [2024-04-09T15:11:22.909+0000] {dagbag.py:540} INFO - Filling up the DagBag from /opt/airflow/dags/first_day.py
[2024-04-09T15:11:22.963+0000] {processor.py:840} INFO - DAG(s) 'first_dag_bitwise3' retrieved from /opt/airflow/dags/first_day.py
[2024-04-09T15:11:23.015+0000] {logging_mixin.py:188} INFO - [2024-04-09T15:11:23.014+0000] {dag.py:3047} INFO - Sync 1 DAGs
[2024-04-09T15:11:23.062+0000] {logging_mixin.py:188} INFO - [2024-04-09T15:11:23.062+0000] {dag.py:3834} INFO - Setting next_dagrun for first_dag_bitwise3 to 2024-04-02 00:00:00+00:00, run_after=2024-04-03 00:00:00+00:00
[2024-04-09T15:11:23.109+0000] {processor.py:183} INFO - Processing /opt/airflow/dags/first_day.py took 0.213 seconds
[2024-04-09T15:11:53.321+0000] {processor.py:161} INFO - Started process (PID=335) to work on /opt/airflow/dags/first_day.py
[2024-04-09T15:11:53.323+0000] {processor.py:830} INFO - Processing file /opt/airflow/dags/first_day.py for tasks to queue
[2024-04-09T15:11:53.327+0000] {logging_mixin.py:188} INFO - [2024-04-09T15:11:53.326+0000] {dagbag.py:540} INFO - Filling up the DagBag from /opt/airflow/dags/first_day.py
[2024-04-09T15:11:53.373+0000] {processor.py:840} INFO - DAG(s) 'first_dag_bitwise3' retrieved from /opt/airflow/dags/first_day.py
[2024-04-09T15:11:53.413+0000] {logging_mixin.py:188} INFO - [2024-04-09T15:11:53.413+0000] {dag.py:3047} INFO - Sync 1 DAGs
[2024-04-09T15:11:53.453+0000] {logging_mixin.py:188} INFO - [2024-04-09T15:11:53.453+0000] {dag.py:3834} INFO - Setting next_dagrun for first_dag_bitwise3 to 2024-04-02 00:00:00+00:00, run_after=2024-04-03 00:00:00+00:00
[2024-04-09T15:11:53.499+0000] {processor.py:183} INFO - Processing /opt/airflow/dags/first_day.py took 0.182 seconds
[2024-04-09T15:12:23.603+0000] {processor.py:161} INFO - Started process (PID=349) to work on /opt/airflow/dags/first_day.py
[2024-04-09T15:12:23.605+0000] {processor.py:830} INFO - Processing file /opt/airflow/dags/first_day.py for tasks to queue
[2024-04-09T15:12:23.608+0000] {logging_mixin.py:188} INFO - [2024-04-09T15:12:23.608+0000] {dagbag.py:540} INFO - Filling up the DagBag from /opt/airflow/dags/first_day.py
[2024-04-09T15:12:23.652+0000] {processor.py:840} INFO - DAG(s) 'first_dag_bitwise3' retrieved from /opt/airflow/dags/first_day.py
[2024-04-09T15:12:23.695+0000] {logging_mixin.py:188} INFO - [2024-04-09T15:12:23.694+0000] {dag.py:3047} INFO - Sync 1 DAGs
[2024-04-09T15:12:23.735+0000] {logging_mixin.py:188} INFO - [2024-04-09T15:12:23.734+0000] {dag.py:3834} INFO - Setting next_dagrun for first_dag_bitwise3 to 2024-04-02 00:00:00+00:00, run_after=2024-04-03 00:00:00+00:00
[2024-04-09T15:12:23.774+0000] {processor.py:183} INFO - Processing /opt/airflow/dags/first_day.py took 0.176 seconds
[2024-04-09T15:12:54.005+0000] {processor.py:161} INFO - Started process (PID=364) to work on /opt/airflow/dags/first_day.py
[2024-04-09T15:12:54.007+0000] {processor.py:830} INFO - Processing file /opt/airflow/dags/first_day.py for tasks to queue
[2024-04-09T15:12:54.011+0000] {logging_mixin.py:188} INFO - [2024-04-09T15:12:54.010+0000] {dagbag.py:540} INFO - Filling up the DagBag from /opt/airflow/dags/first_day.py
[2024-04-09T15:12:54.060+0000] {processor.py:840} INFO - DAG(s) 'first_dag_bitwise3' retrieved from /opt/airflow/dags/first_day.py
[2024-04-09T15:12:54.103+0000] {logging_mixin.py:188} INFO - [2024-04-09T15:12:54.103+0000] {dag.py:3047} INFO - Sync 1 DAGs
[2024-04-09T15:12:54.156+0000] {logging_mixin.py:188} INFO - [2024-04-09T15:12:54.156+0000] {dag.py:3834} INFO - Setting next_dagrun for first_dag_bitwise3 to 2024-04-02 00:00:00+00:00, run_after=2024-04-03 00:00:00+00:00
[2024-04-09T15:12:54.197+0000] {processor.py:183} INFO - Processing /opt/airflow/dags/first_day.py took 0.198 seconds
[2024-04-09T15:13:24.412+0000] {processor.py:161} INFO - Started process (PID=378) to work on /opt/airflow/dags/first_day.py
[2024-04-09T15:13:24.417+0000] {processor.py:830} INFO - Processing file /opt/airflow/dags/first_day.py for tasks to queue
[2024-04-09T15:13:24.423+0000] {logging_mixin.py:188} INFO - [2024-04-09T15:13:24.422+0000] {dagbag.py:540} INFO - Filling up the DagBag from /opt/airflow/dags/first_day.py
[2024-04-09T15:13:24.465+0000] {processor.py:840} INFO - DAG(s) 'first_dag_bitwise3' retrieved from /opt/airflow/dags/first_day.py
[2024-04-09T15:13:24.504+0000] {logging_mixin.py:188} INFO - [2024-04-09T15:13:24.504+0000] {dag.py:3047} INFO - Sync 1 DAGs
[2024-04-09T15:13:24.552+0000] {logging_mixin.py:188} INFO - [2024-04-09T15:13:24.552+0000] {dag.py:3834} INFO - Setting next_dagrun for first_dag_bitwise3 to 2024-04-02 00:00:00+00:00, run_after=2024-04-03 00:00:00+00:00
[2024-04-09T15:13:24.595+0000] {processor.py:183} INFO - Processing /opt/airflow/dags/first_day.py took 0.196 seconds
[2024-04-09T15:13:55.010+0000] {processor.py:161} INFO - Started process (PID=392) to work on /opt/airflow/dags/first_day.py
[2024-04-09T15:13:55.012+0000] {processor.py:830} INFO - Processing file /opt/airflow/dags/first_day.py for tasks to queue
[2024-04-09T15:13:55.017+0000] {logging_mixin.py:188} INFO - [2024-04-09T15:13:55.016+0000] {dagbag.py:540} INFO - Filling up the DagBag from /opt/airflow/dags/first_day.py
[2024-04-09T15:13:55.059+0000] {processor.py:840} INFO - DAG(s) 'first_dag_bitwise3' retrieved from /opt/airflow/dags/first_day.py
[2024-04-09T15:13:55.100+0000] {logging_mixin.py:188} INFO - [2024-04-09T15:13:55.100+0000] {dag.py:3047} INFO - Sync 1 DAGs
[2024-04-09T15:13:55.144+0000] {logging_mixin.py:188} INFO - [2024-04-09T15:13:55.143+0000] {dag.py:3834} INFO - Setting next_dagrun for first_dag_bitwise3 to 2024-04-02 00:00:00+00:00, run_after=2024-04-03 00:00:00+00:00
[2024-04-09T15:13:55.194+0000] {processor.py:183} INFO - Processing /opt/airflow/dags/first_day.py took 0.192 seconds
[2024-04-09T15:14:25.671+0000] {processor.py:161} INFO - Started process (PID=407) to work on /opt/airflow/dags/first_day.py
[2024-04-09T15:14:25.673+0000] {processor.py:830} INFO - Processing file /opt/airflow/dags/first_day.py for tasks to queue
[2024-04-09T15:14:25.677+0000] {logging_mixin.py:188} INFO - [2024-04-09T15:14:25.676+0000] {dagbag.py:540} INFO - Filling up the DagBag from /opt/airflow/dags/first_day.py
[2024-04-09T15:14:25.727+0000] {processor.py:840} INFO - DAG(s) 'first_dag_bitwise3' retrieved from /opt/airflow/dags/first_day.py
[2024-04-09T15:14:25.773+0000] {logging_mixin.py:188} INFO - [2024-04-09T15:14:25.772+0000] {dag.py:3047} INFO - Sync 1 DAGs
[2024-04-09T15:14:25.813+0000] {logging_mixin.py:188} INFO - [2024-04-09T15:14:25.813+0000] {dag.py:3834} INFO - Setting next_dagrun for first_dag_bitwise3 to 2024-04-02 00:00:00+00:00, run_after=2024-04-03 00:00:00+00:00
[2024-04-09T15:14:25.861+0000] {processor.py:183} INFO - Processing /opt/airflow/dags/first_day.py took 0.197 seconds
[2024-04-09T15:14:56.662+0000] {processor.py:161} INFO - Started process (PID=421) to work on /opt/airflow/dags/first_day.py
[2024-04-09T15:14:56.664+0000] {processor.py:830} INFO - Processing file /opt/airflow/dags/first_day.py for tasks to queue
[2024-04-09T15:14:56.668+0000] {logging_mixin.py:188} INFO - [2024-04-09T15:14:56.667+0000] {dagbag.py:540} INFO - Filling up the DagBag from /opt/airflow/dags/first_day.py
[2024-04-09T15:14:56.715+0000] {processor.py:840} INFO - DAG(s) 'first_dag_bitwise3' retrieved from /opt/airflow/dags/first_day.py
[2024-04-09T15:14:56.756+0000] {logging_mixin.py:188} INFO - [2024-04-09T15:14:56.756+0000] {dag.py:3047} INFO - Sync 1 DAGs
[2024-04-09T15:14:56.800+0000] {logging_mixin.py:188} INFO - [2024-04-09T15:14:56.800+0000] {dag.py:3834} INFO - Setting next_dagrun for first_dag_bitwise3 to 2024-04-02 00:00:00+00:00, run_after=2024-04-03 00:00:00+00:00
[2024-04-09T15:14:56.842+0000] {processor.py:183} INFO - Processing /opt/airflow/dags/first_day.py took 0.188 seconds
[2024-04-09T15:15:27.266+0000] {processor.py:161} INFO - Started process (PID=435) to work on /opt/airflow/dags/first_day.py
[2024-04-09T15:15:27.268+0000] {processor.py:830} INFO - Processing file /opt/airflow/dags/first_day.py for tasks to queue
[2024-04-09T15:15:27.272+0000] {logging_mixin.py:188} INFO - [2024-04-09T15:15:27.271+0000] {dagbag.py:540} INFO - Filling up the DagBag from /opt/airflow/dags/first_day.py
[2024-04-09T15:15:27.322+0000] {processor.py:840} INFO - DAG(s) 'first_dag_bitwise3' retrieved from /opt/airflow/dags/first_day.py
[2024-04-09T15:15:27.363+0000] {logging_mixin.py:188} INFO - [2024-04-09T15:15:27.363+0000] {dag.py:3047} INFO - Sync 1 DAGs
[2024-04-09T15:15:27.406+0000] {logging_mixin.py:188} INFO - [2024-04-09T15:15:27.406+0000] {dag.py:3834} INFO - Setting next_dagrun for first_dag_bitwise3 to 2024-04-02 00:00:00+00:00, run_after=2024-04-03 00:00:00+00:00
[2024-04-09T15:15:27.444+0000] {processor.py:183} INFO - Processing /opt/airflow/dags/first_day.py took 0.185 seconds
[2024-04-09T15:15:57.849+0000] {processor.py:161} INFO - Started process (PID=450) to work on /opt/airflow/dags/first_day.py
[2024-04-09T15:15:57.851+0000] {processor.py:830} INFO - Processing file /opt/airflow/dags/first_day.py for tasks to queue
[2024-04-09T15:15:57.855+0000] {logging_mixin.py:188} INFO - [2024-04-09T15:15:57.854+0000] {dagbag.py:540} INFO - Filling up the DagBag from /opt/airflow/dags/first_day.py
[2024-04-09T15:15:57.898+0000] {processor.py:840} INFO - DAG(s) 'first_dag_bitwise3' retrieved from /opt/airflow/dags/first_day.py
[2024-04-09T15:15:57.942+0000] {logging_mixin.py:188} INFO - [2024-04-09T15:15:57.942+0000] {dag.py:3047} INFO - Sync 1 DAGs
[2024-04-09T15:15:57.987+0000] {logging_mixin.py:188} INFO - [2024-04-09T15:15:57.987+0000] {dag.py:3834} INFO - Setting next_dagrun for first_dag_bitwise3 to 2024-04-02 00:00:00+00:00, run_after=2024-04-03 00:00:00+00:00
[2024-04-09T15:15:58.028+0000] {processor.py:183} INFO - Processing /opt/airflow/dags/first_day.py took 0.184 seconds
[2024-04-09T15:16:28.603+0000] {processor.py:161} INFO - Started process (PID=464) to work on /opt/airflow/dags/first_day.py
[2024-04-09T15:16:28.605+0000] {processor.py:830} INFO - Processing file /opt/airflow/dags/first_day.py for tasks to queue
[2024-04-09T15:16:28.609+0000] {logging_mixin.py:188} INFO - [2024-04-09T15:16:28.608+0000] {dagbag.py:540} INFO - Filling up the DagBag from /opt/airflow/dags/first_day.py
[2024-04-09T15:16:28.657+0000] {processor.py:840} INFO - DAG(s) 'first_dag_bitwise3' retrieved from /opt/airflow/dags/first_day.py
[2024-04-09T15:16:28.698+0000] {logging_mixin.py:188} INFO - [2024-04-09T15:16:28.697+0000] {dag.py:3047} INFO - Sync 1 DAGs
[2024-04-09T15:16:28.742+0000] {logging_mixin.py:188} INFO - [2024-04-09T15:16:28.742+0000] {dag.py:3834} INFO - Setting next_dagrun for first_dag_bitwise3 to 2024-04-02 00:00:00+00:00, run_after=2024-04-03 00:00:00+00:00
[2024-04-09T15:16:28.782+0000] {processor.py:183} INFO - Processing /opt/airflow/dags/first_day.py took 0.184 seconds
[2024-04-09T15:16:59.472+0000] {processor.py:161} INFO - Started process (PID=478) to work on /opt/airflow/dags/first_day.py
[2024-04-09T15:16:59.476+0000] {processor.py:830} INFO - Processing file /opt/airflow/dags/first_day.py for tasks to queue
[2024-04-09T15:16:59.487+0000] {logging_mixin.py:188} INFO - [2024-04-09T15:16:59.485+0000] {dagbag.py:540} INFO - Filling up the DagBag from /opt/airflow/dags/first_day.py
[2024-04-09T15:16:59.563+0000] {processor.py:840} INFO - DAG(s) 'first_dag_bitwise3' retrieved from /opt/airflow/dags/first_day.py
[2024-04-09T15:16:59.624+0000] {logging_mixin.py:188} INFO - [2024-04-09T15:16:59.623+0000] {dag.py:3047} INFO - Sync 1 DAGs
[2024-04-09T15:16:59.682+0000] {logging_mixin.py:188} INFO - [2024-04-09T15:16:59.682+0000] {dag.py:3834} INFO - Setting next_dagrun for first_dag_bitwise3 to 2024-04-02 00:00:00+00:00, run_after=2024-04-03 00:00:00+00:00
[2024-04-09T15:16:59.734+0000] {processor.py:183} INFO - Processing /opt/airflow/dags/first_day.py took 0.278 seconds
[2024-04-09T15:17:30.374+0000] {processor.py:161} INFO - Started process (PID=492) to work on /opt/airflow/dags/first_day.py
[2024-04-09T15:17:30.376+0000] {processor.py:830} INFO - Processing file /opt/airflow/dags/first_day.py for tasks to queue
[2024-04-09T15:17:30.381+0000] {logging_mixin.py:188} INFO - [2024-04-09T15:17:30.380+0000] {dagbag.py:540} INFO - Filling up the DagBag from /opt/airflow/dags/first_day.py
[2024-04-09T15:17:30.425+0000] {processor.py:840} INFO - DAG(s) 'first_dag_bitwise3' retrieved from /opt/airflow/dags/first_day.py
[2024-04-09T15:17:30.473+0000] {logging_mixin.py:188} INFO - [2024-04-09T15:17:30.473+0000] {dag.py:3047} INFO - Sync 1 DAGs
[2024-04-09T15:17:30.515+0000] {logging_mixin.py:188} INFO - [2024-04-09T15:17:30.514+0000] {dag.py:3834} INFO - Setting next_dagrun for first_dag_bitwise3 to 2024-04-02 00:00:00+00:00, run_after=2024-04-03 00:00:00+00:00
[2024-04-09T15:17:30.558+0000] {processor.py:183} INFO - Processing /opt/airflow/dags/first_day.py took 0.188 seconds
[2024-04-09T15:18:01.215+0000] {processor.py:161} INFO - Started process (PID=506) to work on /opt/airflow/dags/first_day.py
[2024-04-09T15:18:01.217+0000] {processor.py:830} INFO - Processing file /opt/airflow/dags/first_day.py for tasks to queue
[2024-04-09T15:18:01.220+0000] {logging_mixin.py:188} INFO - [2024-04-09T15:18:01.220+0000] {dagbag.py:540} INFO - Filling up the DagBag from /opt/airflow/dags/first_day.py
[2024-04-09T15:18:01.271+0000] {processor.py:840} INFO - DAG(s) 'first_dag_bitwise3' retrieved from /opt/airflow/dags/first_day.py
[2024-04-09T15:18:01.324+0000] {logging_mixin.py:188} INFO - [2024-04-09T15:18:01.323+0000] {dag.py:3047} INFO - Sync 1 DAGs
[2024-04-09T15:18:01.377+0000] {logging_mixin.py:188} INFO - [2024-04-09T15:18:01.376+0000] {dag.py:3834} INFO - Setting next_dagrun for first_dag_bitwise3 to 2024-04-02 00:00:00+00:00, run_after=2024-04-03 00:00:00+00:00
[2024-04-09T15:18:01.420+0000] {processor.py:183} INFO - Processing /opt/airflow/dags/first_day.py took 0.211 seconds
[2024-04-09T15:18:32.031+0000] {processor.py:161} INFO - Started process (PID=520) to work on /opt/airflow/dags/first_day.py
[2024-04-09T15:18:32.033+0000] {processor.py:830} INFO - Processing file /opt/airflow/dags/first_day.py for tasks to queue
[2024-04-09T15:18:32.037+0000] {logging_mixin.py:188} INFO - [2024-04-09T15:18:32.036+0000] {dagbag.py:540} INFO - Filling up the DagBag from /opt/airflow/dags/first_day.py
[2024-04-09T15:18:32.084+0000] {processor.py:840} INFO - DAG(s) 'first_dag_bitwise3' retrieved from /opt/airflow/dags/first_day.py
[2024-04-09T15:18:32.134+0000] {logging_mixin.py:188} INFO - [2024-04-09T15:18:32.133+0000] {dag.py:3047} INFO - Sync 1 DAGs
[2024-04-09T15:18:32.179+0000] {logging_mixin.py:188} INFO - [2024-04-09T15:18:32.178+0000] {dag.py:3834} INFO - Setting next_dagrun for first_dag_bitwise3 to 2024-04-02 00:00:00+00:00, run_after=2024-04-03 00:00:00+00:00
[2024-04-09T15:18:32.221+0000] {processor.py:183} INFO - Processing /opt/airflow/dags/first_day.py took 0.195 seconds
[2024-04-09T15:19:02.648+0000] {processor.py:161} INFO - Started process (PID=534) to work on /opt/airflow/dags/first_day.py
[2024-04-09T15:19:02.651+0000] {processor.py:830} INFO - Processing file /opt/airflow/dags/first_day.py for tasks to queue
[2024-04-09T15:19:02.655+0000] {logging_mixin.py:188} INFO - [2024-04-09T15:19:02.654+0000] {dagbag.py:540} INFO - Filling up the DagBag from /opt/airflow/dags/first_day.py
[2024-04-09T15:19:02.703+0000] {processor.py:840} INFO - DAG(s) 'first_dag_bitwise3' retrieved from /opt/airflow/dags/first_day.py
[2024-04-09T15:19:02.748+0000] {logging_mixin.py:188} INFO - [2024-04-09T15:19:02.747+0000] {dag.py:3047} INFO - Sync 1 DAGs
[2024-04-09T15:19:02.801+0000] {logging_mixin.py:188} INFO - [2024-04-09T15:19:02.801+0000] {dag.py:3834} INFO - Setting next_dagrun for first_dag_bitwise3 to 2024-04-02 00:00:00+00:00, run_after=2024-04-03 00:00:00+00:00
[2024-04-09T15:19:02.852+0000] {processor.py:183} INFO - Processing /opt/airflow/dags/first_day.py took 0.210 seconds
[2024-04-09T15:19:33.500+0000] {processor.py:161} INFO - Started process (PID=548) to work on /opt/airflow/dags/first_day.py
[2024-04-09T15:19:33.502+0000] {processor.py:830} INFO - Processing file /opt/airflow/dags/first_day.py for tasks to queue
[2024-04-09T15:19:33.505+0000] {logging_mixin.py:188} INFO - [2024-04-09T15:19:33.505+0000] {dagbag.py:540} INFO - Filling up the DagBag from /opt/airflow/dags/first_day.py
[2024-04-09T15:19:33.555+0000] {processor.py:840} INFO - DAG(s) 'first_dag_bitwise3' retrieved from /opt/airflow/dags/first_day.py
[2024-04-09T15:19:33.599+0000] {logging_mixin.py:188} INFO - [2024-04-09T15:19:33.599+0000] {dag.py:3047} INFO - Sync 1 DAGs
[2024-04-09T15:19:33.643+0000] {logging_mixin.py:188} INFO - [2024-04-09T15:19:33.642+0000] {dag.py:3834} INFO - Setting next_dagrun for first_dag_bitwise3 to 2024-04-02 00:00:00+00:00, run_after=2024-04-03 00:00:00+00:00
[2024-04-09T15:19:33.692+0000] {processor.py:183} INFO - Processing /opt/airflow/dags/first_day.py took 0.198 seconds
[2024-04-09T15:20:04.373+0000] {processor.py:161} INFO - Started process (PID=562) to work on /opt/airflow/dags/first_day.py
[2024-04-09T15:20:04.376+0000] {processor.py:830} INFO - Processing file /opt/airflow/dags/first_day.py for tasks to queue
[2024-04-09T15:20:04.390+0000] {logging_mixin.py:188} INFO - [2024-04-09T15:20:04.389+0000] {dagbag.py:540} INFO - Filling up the DagBag from /opt/airflow/dags/first_day.py
[2024-04-09T15:20:04.436+0000] {processor.py:840} INFO - DAG(s) 'first_dag_bitwise3' retrieved from /opt/airflow/dags/first_day.py
[2024-04-09T15:20:04.480+0000] {logging_mixin.py:188} INFO - [2024-04-09T15:20:04.480+0000] {dag.py:3047} INFO - Sync 1 DAGs
[2024-04-09T15:20:04.528+0000] {logging_mixin.py:188} INFO - [2024-04-09T15:20:04.527+0000] {dag.py:3834} INFO - Setting next_dagrun for first_dag_bitwise3 to 2024-04-02 00:00:00+00:00, run_after=2024-04-03 00:00:00+00:00
[2024-04-09T15:20:04.576+0000] {processor.py:183} INFO - Processing /opt/airflow/dags/first_day.py took 0.212 seconds
[2024-04-09T15:20:35.177+0000] {processor.py:161} INFO - Started process (PID=576) to work on /opt/airflow/dags/first_day.py
[2024-04-09T15:20:35.178+0000] {processor.py:830} INFO - Processing file /opt/airflow/dags/first_day.py for tasks to queue
[2024-04-09T15:20:35.181+0000] {logging_mixin.py:188} INFO - [2024-04-09T15:20:35.181+0000] {dagbag.py:540} INFO - Filling up the DagBag from /opt/airflow/dags/first_day.py
[2024-04-09T15:20:35.221+0000] {processor.py:840} INFO - DAG(s) 'first_dag_bitwise3' retrieved from /opt/airflow/dags/first_day.py
[2024-04-09T15:20:35.263+0000] {logging_mixin.py:188} INFO - [2024-04-09T15:20:35.263+0000] {dag.py:3047} INFO - Sync 1 DAGs
[2024-04-09T15:20:35.311+0000] {logging_mixin.py:188} INFO - [2024-04-09T15:20:35.311+0000] {dag.py:3834} INFO - Setting next_dagrun for first_dag_bitwise3 to 2024-04-02 00:00:00+00:00, run_after=2024-04-03 00:00:00+00:00
[2024-04-09T15:20:35.355+0000] {processor.py:183} INFO - Processing /opt/airflow/dags/first_day.py took 0.183 seconds
[2024-04-09T15:21:05.941+0000] {processor.py:161} INFO - Started process (PID=591) to work on /opt/airflow/dags/first_day.py
[2024-04-09T15:21:05.943+0000] {processor.py:830} INFO - Processing file /opt/airflow/dags/first_day.py for tasks to queue
[2024-04-09T15:21:05.946+0000] {logging_mixin.py:188} INFO - [2024-04-09T15:21:05.945+0000] {dagbag.py:540} INFO - Filling up the DagBag from /opt/airflow/dags/first_day.py
[2024-04-09T15:21:05.989+0000] {processor.py:840} INFO - DAG(s) 'first_dag_bitwise3' retrieved from /opt/airflow/dags/first_day.py
[2024-04-09T15:21:06.029+0000] {logging_mixin.py:188} INFO - [2024-04-09T15:21:06.028+0000] {dag.py:3047} INFO - Sync 1 DAGs
[2024-04-09T15:21:06.075+0000] {logging_mixin.py:188} INFO - [2024-04-09T15:21:06.074+0000] {dag.py:3834} INFO - Setting next_dagrun for first_dag_bitwise3 to 2024-04-02 00:00:00+00:00, run_after=2024-04-03 00:00:00+00:00
[2024-04-09T15:21:06.115+0000] {processor.py:183} INFO - Processing /opt/airflow/dags/first_day.py took 0.178 seconds
[2024-04-09T15:21:36.571+0000] {processor.py:161} INFO - Started process (PID=604) to work on /opt/airflow/dags/first_day.py
[2024-04-09T15:21:36.573+0000] {processor.py:830} INFO - Processing file /opt/airflow/dags/first_day.py for tasks to queue
[2024-04-09T15:21:36.576+0000] {logging_mixin.py:188} INFO - [2024-04-09T15:21:36.575+0000] {dagbag.py:540} INFO - Filling up the DagBag from /opt/airflow/dags/first_day.py
[2024-04-09T15:21:36.623+0000] {processor.py:840} INFO - DAG(s) 'first_dag_bitwise3' retrieved from /opt/airflow/dags/first_day.py
[2024-04-09T15:21:36.671+0000] {logging_mixin.py:188} INFO - [2024-04-09T15:21:36.670+0000] {dag.py:3047} INFO - Sync 1 DAGs
[2024-04-09T15:21:36.713+0000] {logging_mixin.py:188} INFO - [2024-04-09T15:21:36.713+0000] {dag.py:3834} INFO - Setting next_dagrun for first_dag_bitwise3 to 2024-04-02 00:00:00+00:00, run_after=2024-04-03 00:00:00+00:00
[2024-04-09T15:21:36.754+0000] {processor.py:183} INFO - Processing /opt/airflow/dags/first_day.py took 0.189 seconds
[2024-04-09T15:22:07.384+0000] {processor.py:161} INFO - Started process (PID=619) to work on /opt/airflow/dags/first_day.py
[2024-04-09T15:22:07.386+0000] {processor.py:830} INFO - Processing file /opt/airflow/dags/first_day.py for tasks to queue
[2024-04-09T15:22:07.389+0000] {logging_mixin.py:188} INFO - [2024-04-09T15:22:07.389+0000] {dagbag.py:540} INFO - Filling up the DagBag from /opt/airflow/dags/first_day.py
[2024-04-09T15:22:07.437+0000] {processor.py:840} INFO - DAG(s) 'first_dag_bitwise3' retrieved from /opt/airflow/dags/first_day.py
[2024-04-09T15:22:07.485+0000] {logging_mixin.py:188} INFO - [2024-04-09T15:22:07.484+0000] {dag.py:3047} INFO - Sync 1 DAGs
[2024-04-09T15:22:07.527+0000] {logging_mixin.py:188} INFO - [2024-04-09T15:22:07.526+0000] {dag.py:3834} INFO - Setting next_dagrun for first_dag_bitwise3 to 2024-04-02 00:00:00+00:00, run_after=2024-04-03 00:00:00+00:00
[2024-04-09T15:22:07.576+0000] {processor.py:183} INFO - Processing /opt/airflow/dags/first_day.py took 0.198 seconds
[2024-04-09T15:22:38.261+0000] {processor.py:161} INFO - Started process (PID=633) to work on /opt/airflow/dags/first_day.py
[2024-04-09T15:22:38.263+0000] {processor.py:830} INFO - Processing file /opt/airflow/dags/first_day.py for tasks to queue
[2024-04-09T15:22:38.266+0000] {logging_mixin.py:188} INFO - [2024-04-09T15:22:38.266+0000] {dagbag.py:540} INFO - Filling up the DagBag from /opt/airflow/dags/first_day.py
[2024-04-09T15:22:38.314+0000] {processor.py:840} INFO - DAG(s) 'first_dag_bitwise3' retrieved from /opt/airflow/dags/first_day.py
[2024-04-09T15:22:38.358+0000] {logging_mixin.py:188} INFO - [2024-04-09T15:22:38.357+0000] {dag.py:3047} INFO - Sync 1 DAGs
[2024-04-09T15:22:38.410+0000] {logging_mixin.py:188} INFO - [2024-04-09T15:22:38.410+0000] {dag.py:3834} INFO - Setting next_dagrun for first_dag_bitwise3 to 2024-04-02 00:00:00+00:00, run_after=2024-04-03 00:00:00+00:00
[2024-04-09T15:22:38.452+0000] {processor.py:183} INFO - Processing /opt/airflow/dags/first_day.py took 0.196 seconds
[2024-04-09T15:23:09.064+0000] {processor.py:161} INFO - Started process (PID=647) to work on /opt/airflow/dags/first_day.py
[2024-04-09T15:23:09.067+0000] {processor.py:830} INFO - Processing file /opt/airflow/dags/first_day.py for tasks to queue
[2024-04-09T15:23:09.070+0000] {logging_mixin.py:188} INFO - [2024-04-09T15:23:09.070+0000] {dagbag.py:540} INFO - Filling up the DagBag from /opt/airflow/dags/first_day.py
[2024-04-09T15:23:09.118+0000] {processor.py:840} INFO - DAG(s) 'first_dag_bitwise3' retrieved from /opt/airflow/dags/first_day.py
[2024-04-09T15:23:09.172+0000] {logging_mixin.py:188} INFO - [2024-04-09T15:23:09.171+0000] {dag.py:3047} INFO - Sync 1 DAGs
[2024-04-09T15:23:09.225+0000] {logging_mixin.py:188} INFO - [2024-04-09T15:23:09.224+0000] {dag.py:3834} INFO - Setting next_dagrun for first_dag_bitwise3 to 2024-04-02 00:00:00+00:00, run_after=2024-04-03 00:00:00+00:00
[2024-04-09T15:23:09.270+0000] {processor.py:183} INFO - Processing /opt/airflow/dags/first_day.py took 0.212 seconds
[2024-04-09T15:23:39.845+0000] {processor.py:161} INFO - Started process (PID=662) to work on /opt/airflow/dags/first_day.py
[2024-04-09T15:23:39.847+0000] {processor.py:830} INFO - Processing file /opt/airflow/dags/first_day.py for tasks to queue
[2024-04-09T15:23:39.850+0000] {logging_mixin.py:188} INFO - [2024-04-09T15:23:39.850+0000] {dagbag.py:540} INFO - Filling up the DagBag from /opt/airflow/dags/first_day.py
[2024-04-09T15:23:39.900+0000] {processor.py:840} INFO - DAG(s) 'first_dag_bitwise3' retrieved from /opt/airflow/dags/first_day.py
[2024-04-09T15:23:39.946+0000] {logging_mixin.py:188} INFO - [2024-04-09T15:23:39.945+0000] {dag.py:3047} INFO - Sync 1 DAGs
[2024-04-09T15:23:39.995+0000] {logging_mixin.py:188} INFO - [2024-04-09T15:23:39.995+0000] {dag.py:3834} INFO - Setting next_dagrun for first_dag_bitwise3 to 2024-04-02 00:00:00+00:00, run_after=2024-04-03 00:00:00+00:00
[2024-04-09T15:23:40.039+0000] {processor.py:183} INFO - Processing /opt/airflow/dags/first_day.py took 0.198 seconds
[2024-04-09T15:24:10.436+0000] {processor.py:161} INFO - Started process (PID=676) to work on /opt/airflow/dags/first_day.py
[2024-04-09T15:24:10.438+0000] {processor.py:830} INFO - Processing file /opt/airflow/dags/first_day.py for tasks to queue
[2024-04-09T15:24:10.443+0000] {logging_mixin.py:188} INFO - [2024-04-09T15:24:10.443+0000] {dagbag.py:540} INFO - Filling up the DagBag from /opt/airflow/dags/first_day.py
[2024-04-09T15:24:10.489+0000] {processor.py:840} INFO - DAG(s) 'first_dag_bitwise3' retrieved from /opt/airflow/dags/first_day.py
[2024-04-09T15:24:10.532+0000] {logging_mixin.py:188} INFO - [2024-04-09T15:24:10.531+0000] {dag.py:3047} INFO - Sync 1 DAGs
[2024-04-09T15:24:10.579+0000] {logging_mixin.py:188} INFO - [2024-04-09T15:24:10.579+0000] {dag.py:3834} INFO - Setting next_dagrun for first_dag_bitwise3 to 2024-04-02 00:00:00+00:00, run_after=2024-04-03 00:00:00+00:00
[2024-04-09T15:24:10.620+0000] {processor.py:183} INFO - Processing /opt/airflow/dags/first_day.py took 0.190 seconds
[2024-04-09T15:24:41.205+0000] {processor.py:161} INFO - Started process (PID=690) to work on /opt/airflow/dags/first_day.py
[2024-04-09T15:24:41.207+0000] {processor.py:830} INFO - Processing file /opt/airflow/dags/first_day.py for tasks to queue
[2024-04-09T15:24:41.210+0000] {logging_mixin.py:188} INFO - [2024-04-09T15:24:41.209+0000] {dagbag.py:540} INFO - Filling up the DagBag from /opt/airflow/dags/first_day.py
[2024-04-09T15:24:41.258+0000] {processor.py:840} INFO - DAG(s) 'first_dag_bitwise3' retrieved from /opt/airflow/dags/first_day.py
[2024-04-09T15:24:41.307+0000] {logging_mixin.py:188} INFO - [2024-04-09T15:24:41.306+0000] {dag.py:3047} INFO - Sync 1 DAGs
[2024-04-09T15:24:41.361+0000] {logging_mixin.py:188} INFO - [2024-04-09T15:24:41.361+0000] {dag.py:3834} INFO - Setting next_dagrun for first_dag_bitwise3 to 2024-04-02 00:00:00+00:00, run_after=2024-04-03 00:00:00+00:00
[2024-04-09T15:24:41.405+0000] {processor.py:183} INFO - Processing /opt/airflow/dags/first_day.py took 0.206 seconds
[2024-04-09T15:25:11.817+0000] {processor.py:161} INFO - Started process (PID=711) to work on /opt/airflow/dags/first_day.py
[2024-04-09T15:25:11.819+0000] {processor.py:830} INFO - Processing file /opt/airflow/dags/first_day.py for tasks to queue
[2024-04-09T15:25:11.821+0000] {logging_mixin.py:188} INFO - [2024-04-09T15:25:11.821+0000] {dagbag.py:540} INFO - Filling up the DagBag from /opt/airflow/dags/first_day.py
[2024-04-09T15:25:11.855+0000] {processor.py:840} INFO - DAG(s) 'first_dag_bitwise3' retrieved from /opt/airflow/dags/first_day.py
[2024-04-09T15:25:11.895+0000] {logging_mixin.py:188} INFO - [2024-04-09T15:25:11.894+0000] {dag.py:3047} INFO - Sync 1 DAGs
[2024-04-09T15:25:11.939+0000] {logging_mixin.py:188} INFO - [2024-04-09T15:25:11.939+0000] {dag.py:3834} INFO - Setting next_dagrun for first_dag_bitwise3 to 2024-04-02 00:00:00+00:00, run_after=2024-04-03 00:00:00+00:00
[2024-04-09T15:25:11.975+0000] {processor.py:183} INFO - Processing /opt/airflow/dags/first_day.py took 0.162 seconds
[2024-04-09T15:25:42.620+0000] {processor.py:161} INFO - Started process (PID=726) to work on /opt/airflow/dags/first_day.py
[2024-04-09T15:25:42.622+0000] {processor.py:830} INFO - Processing file /opt/airflow/dags/first_day.py for tasks to queue
[2024-04-09T15:25:42.626+0000] {logging_mixin.py:188} INFO - [2024-04-09T15:25:42.625+0000] {dagbag.py:540} INFO - Filling up the DagBag from /opt/airflow/dags/first_day.py
[2024-04-09T15:25:42.686+0000] {processor.py:840} INFO - DAG(s) 'first_dag_bitwise3' retrieved from /opt/airflow/dags/first_day.py
[2024-04-09T15:25:42.752+0000] {logging_mixin.py:188} INFO - [2024-04-09T15:25:42.751+0000] {dag.py:3047} INFO - Sync 1 DAGs
[2024-04-09T15:25:42.810+0000] {logging_mixin.py:188} INFO - [2024-04-09T15:25:42.809+0000] {dag.py:3834} INFO - Setting next_dagrun for first_dag_bitwise3 to 2024-04-02 00:00:00+00:00, run_after=2024-04-03 00:00:00+00:00
[2024-04-09T15:25:42.869+0000] {processor.py:183} INFO - Processing /opt/airflow/dags/first_day.py took 0.256 seconds
[2024-04-09T15:26:13.252+0000] {processor.py:161} INFO - Started process (PID=740) to work on /opt/airflow/dags/first_day.py
[2024-04-09T15:26:13.255+0000] {processor.py:830} INFO - Processing file /opt/airflow/dags/first_day.py for tasks to queue
[2024-04-09T15:26:13.258+0000] {logging_mixin.py:188} INFO - [2024-04-09T15:26:13.258+0000] {dagbag.py:540} INFO - Filling up the DagBag from /opt/airflow/dags/first_day.py
[2024-04-09T15:26:13.307+0000] {processor.py:840} INFO - DAG(s) 'first_dag_bitwise3' retrieved from /opt/airflow/dags/first_day.py
[2024-04-09T15:26:13.352+0000] {logging_mixin.py:188} INFO - [2024-04-09T15:26:13.351+0000] {dag.py:3047} INFO - Sync 1 DAGs
[2024-04-09T15:26:13.396+0000] {logging_mixin.py:188} INFO - [2024-04-09T15:26:13.395+0000] {dag.py:3834} INFO - Setting next_dagrun for first_dag_bitwise3 to 2024-04-02 00:00:00+00:00, run_after=2024-04-03 00:00:00+00:00
[2024-04-09T15:26:13.454+0000] {processor.py:183} INFO - Processing /opt/airflow/dags/first_day.py took 0.207 seconds
[2024-04-09T15:26:43.618+0000] {processor.py:161} INFO - Started process (PID=754) to work on /opt/airflow/dags/first_day.py
[2024-04-09T15:26:43.621+0000] {processor.py:830} INFO - Processing file /opt/airflow/dags/first_day.py for tasks to queue
[2024-04-09T15:26:43.625+0000] {logging_mixin.py:188} INFO - [2024-04-09T15:26:43.623+0000] {dagbag.py:540} INFO - Filling up the DagBag from /opt/airflow/dags/first_day.py
[2024-04-09T15:26:43.673+0000] {processor.py:840} INFO - DAG(s) 'first_dag_bitwise3' retrieved from /opt/airflow/dags/first_day.py
[2024-04-09T15:26:43.732+0000] {logging_mixin.py:188} INFO - [2024-04-09T15:26:43.732+0000] {dag.py:3047} INFO - Sync 1 DAGs
[2024-04-09T15:26:43.804+0000] {logging_mixin.py:188} INFO - [2024-04-09T15:26:43.803+0000] {dag.py:3834} INFO - Setting next_dagrun for first_dag_bitwise3 to 2024-04-02 00:00:00+00:00, run_after=2024-04-03 00:00:00+00:00
[2024-04-09T15:26:43.852+0000] {processor.py:183} INFO - Processing /opt/airflow/dags/first_day.py took 0.239 seconds
[2024-04-09T17:56:28.033+0000] {processor.py:161} INFO - Started process (PID=55) to work on /opt/airflow/dags/first_day.py
[2024-04-09T17:56:28.037+0000] {processor.py:830} INFO - Processing file /opt/airflow/dags/first_day.py for tasks to queue
[2024-04-09T17:56:28.048+0000] {logging_mixin.py:188} INFO - [2024-04-09T17:56:28.047+0000] {dagbag.py:540} INFO - Filling up the DagBag from /opt/airflow/dags/first_day.py
[2024-04-09T17:56:28.201+0000] {processor.py:840} INFO - DAG(s) 'first_dag_bitwise3' retrieved from /opt/airflow/dags/first_day.py
[2024-04-09T17:56:28.732+0000] {logging_mixin.py:188} INFO - [2024-04-09T17:56:28.731+0000] {dag.py:3047} INFO - Sync 1 DAGs
[2024-04-09T17:56:28.831+0000] {logging_mixin.py:188} INFO - [2024-04-09T17:56:28.830+0000] {dag.py:3834} INFO - Setting next_dagrun for first_dag_bitwise3 to 2024-04-02 00:00:00+00:00, run_after=2024-04-03 00:00:00+00:00
[2024-04-09T17:56:28.909+0000] {processor.py:183} INFO - Processing /opt/airflow/dags/first_day.py took 0.893 seconds
[2024-04-09T17:56:59.240+0000] {processor.py:161} INFO - Started process (PID=70) to work on /opt/airflow/dags/first_day.py
[2024-04-09T17:56:59.243+0000] {processor.py:830} INFO - Processing file /opt/airflow/dags/first_day.py for tasks to queue
[2024-04-09T17:56:59.248+0000] {logging_mixin.py:188} INFO - [2024-04-09T17:56:59.247+0000] {dagbag.py:540} INFO - Filling up the DagBag from /opt/airflow/dags/first_day.py
[2024-04-09T17:56:59.309+0000] {processor.py:840} INFO - DAG(s) 'first_dag_bitwise3' retrieved from /opt/airflow/dags/first_day.py
[2024-04-09T17:56:59.383+0000] {logging_mixin.py:188} INFO - [2024-04-09T17:56:59.383+0000] {dag.py:3047} INFO - Sync 1 DAGs
[2024-04-09T17:56:59.448+0000] {logging_mixin.py:188} INFO - [2024-04-09T17:56:59.448+0000] {dag.py:3834} INFO - Setting next_dagrun for first_dag_bitwise3 to 2024-04-02 00:00:00+00:00, run_after=2024-04-03 00:00:00+00:00
[2024-04-09T17:56:59.528+0000] {processor.py:183} INFO - Processing /opt/airflow/dags/first_day.py took 0.294 seconds
[2024-04-09T17:57:32.576+0000] {processor.py:161} INFO - Started process (PID=84) to work on /opt/airflow/dags/first_day.py
[2024-04-09T17:57:32.579+0000] {processor.py:830} INFO - Processing file /opt/airflow/dags/first_day.py for tasks to queue
[2024-04-09T17:57:32.584+0000] {logging_mixin.py:188} INFO - [2024-04-09T17:57:32.583+0000] {dagbag.py:540} INFO - Filling up the DagBag from /opt/airflow/dags/first_day.py
[2024-04-09T17:57:32.627+0000] {processor.py:840} INFO - DAG(s) 'first_dag_bitwise3' retrieved from /opt/airflow/dags/first_day.py
[2024-04-09T17:57:32.676+0000] {logging_mixin.py:188} INFO - [2024-04-09T17:57:32.675+0000] {dag.py:3047} INFO - Sync 1 DAGs
[2024-04-09T17:57:32.732+0000] {logging_mixin.py:188} INFO - [2024-04-09T17:57:32.731+0000] {dag.py:3834} INFO - Setting next_dagrun for first_dag_bitwise3 to 2024-04-02 00:00:00+00:00, run_after=2024-04-03 00:00:00+00:00
[2024-04-09T17:57:32.782+0000] {processor.py:183} INFO - Processing /opt/airflow/dags/first_day.py took 0.211 seconds
[2024-04-09T17:58:03.488+0000] {processor.py:161} INFO - Started process (PID=99) to work on /opt/airflow/dags/first_day.py
[2024-04-09T17:58:03.490+0000] {processor.py:830} INFO - Processing file /opt/airflow/dags/first_day.py for tasks to queue
[2024-04-09T17:58:03.494+0000] {logging_mixin.py:188} INFO - [2024-04-09T17:58:03.493+0000] {dagbag.py:540} INFO - Filling up the DagBag from /opt/airflow/dags/first_day.py
[2024-04-09T17:58:03.537+0000] {processor.py:840} INFO - DAG(s) 'first_dag_bitwise3' retrieved from /opt/airflow/dags/first_day.py
[2024-04-09T17:58:03.588+0000] {logging_mixin.py:188} INFO - [2024-04-09T17:58:03.587+0000] {dag.py:3047} INFO - Sync 1 DAGs
[2024-04-09T17:58:03.631+0000] {logging_mixin.py:188} INFO - [2024-04-09T17:58:03.631+0000] {dag.py:3834} INFO - Setting next_dagrun for first_dag_bitwise3 to 2024-04-02 00:00:00+00:00, run_after=2024-04-03 00:00:00+00:00
[2024-04-09T17:58:03.673+0000] {processor.py:183} INFO - Processing /opt/airflow/dags/first_day.py took 0.193 seconds
[2024-04-09T17:58:34.274+0000] {processor.py:161} INFO - Started process (PID=115) to work on /opt/airflow/dags/first_day.py
[2024-04-09T17:58:34.276+0000] {processor.py:830} INFO - Processing file /opt/airflow/dags/first_day.py for tasks to queue
[2024-04-09T17:58:34.279+0000] {logging_mixin.py:188} INFO - [2024-04-09T17:58:34.279+0000] {dagbag.py:540} INFO - Filling up the DagBag from /opt/airflow/dags/first_day.py
[2024-04-09T17:58:34.329+0000] {processor.py:840} INFO - DAG(s) 'first_dag_bitwise3' retrieved from /opt/airflow/dags/first_day.py
[2024-04-09T17:58:34.375+0000] {logging_mixin.py:188} INFO - [2024-04-09T17:58:34.374+0000] {dag.py:3047} INFO - Sync 1 DAGs
[2024-04-09T17:58:34.423+0000] {logging_mixin.py:188} INFO - [2024-04-09T17:58:34.423+0000] {dag.py:3834} INFO - Setting next_dagrun for first_dag_bitwise3 to 2024-04-02 00:00:00+00:00, run_after=2024-04-03 00:00:00+00:00
[2024-04-09T17:58:34.462+0000] {processor.py:183} INFO - Processing /opt/airflow/dags/first_day.py took 0.195 seconds
