[2024-04-09T15:01:32.622+0000] {processor.py:161} INFO - Started process (PID=51) to work on /opt/airflow/dags/first_crnschedular.py
[2024-04-09T15:01:32.625+0000] {processor.py:830} INFO - Processing file /opt/airflow/dags/first_crnschedular.py for tasks to queue
[2024-04-09T15:01:32.635+0000] {logging_mixin.py:188} INFO - [2024-04-09T15:01:32.633+0000] {dagbag.py:540} INFO - Filling up the DagBag from /opt/airflow/dags/first_crnschedular.py
[2024-04-09T15:01:32.722+0000] {processor.py:840} INFO - DAG(s) 'first_cron' retrieved from /opt/airflow/dags/first_crnschedular.py
[2024-04-09T15:01:32.819+0000] {logging_mixin.py:188} INFO - [2024-04-09T15:01:32.818+0000] {dag.py:3047} INFO - Sync 1 DAGs
[2024-04-09T15:01:32.916+0000] {logging_mixin.py:188} INFO - [2024-04-09T15:01:32.915+0000] {dag.py:3834} INFO - Setting next_dagrun for first_cron to 2024-04-02 04:05:00+00:00, run_after=2024-04-03 04:05:00+00:00
[2024-04-09T15:01:32.970+0000] {processor.py:183} INFO - Processing /opt/airflow/dags/first_crnschedular.py took 0.359 seconds
[2024-04-09T15:02:03.567+0000] {processor.py:161} INFO - Started process (PID=65) to work on /opt/airflow/dags/first_crnschedular.py
[2024-04-09T15:02:03.569+0000] {processor.py:830} INFO - Processing file /opt/airflow/dags/first_crnschedular.py for tasks to queue
[2024-04-09T15:02:03.573+0000] {logging_mixin.py:188} INFO - [2024-04-09T15:02:03.572+0000] {dagbag.py:540} INFO - Filling up the DagBag from /opt/airflow/dags/first_crnschedular.py
[2024-04-09T15:02:03.620+0000] {processor.py:840} INFO - DAG(s) 'first_cron' retrieved from /opt/airflow/dags/first_crnschedular.py
[2024-04-09T15:02:03.854+0000] {logging_mixin.py:188} INFO - [2024-04-09T15:02:03.854+0000] {dag.py:3047} INFO - Sync 1 DAGs
[2024-04-09T15:02:03.901+0000] {logging_mixin.py:188} INFO - [2024-04-09T15:02:03.901+0000] {dag.py:3834} INFO - Setting next_dagrun for first_cron to 2024-04-02 04:05:00+00:00, run_after=2024-04-03 04:05:00+00:00
[2024-04-09T15:02:03.946+0000] {processor.py:183} INFO - Processing /opt/airflow/dags/first_crnschedular.py took 0.384 seconds
[2024-04-09T15:02:34.343+0000] {processor.py:161} INFO - Started process (PID=79) to work on /opt/airflow/dags/first_crnschedular.py
[2024-04-09T15:02:34.346+0000] {processor.py:830} INFO - Processing file /opt/airflow/dags/first_crnschedular.py for tasks to queue
[2024-04-09T15:02:34.351+0000] {logging_mixin.py:188} INFO - [2024-04-09T15:02:34.350+0000] {dagbag.py:540} INFO - Filling up the DagBag from /opt/airflow/dags/first_crnschedular.py
[2024-04-09T15:02:34.408+0000] {processor.py:840} INFO - DAG(s) 'first_cron' retrieved from /opt/airflow/dags/first_crnschedular.py
[2024-04-09T15:02:34.455+0000] {logging_mixin.py:188} INFO - [2024-04-09T15:02:34.455+0000] {dag.py:3047} INFO - Sync 1 DAGs
[2024-04-09T15:02:34.514+0000] {logging_mixin.py:188} INFO - [2024-04-09T15:02:34.514+0000] {dag.py:3834} INFO - Setting next_dagrun for first_cron to 2024-04-02 04:05:00+00:00, run_after=2024-04-03 04:05:00+00:00
[2024-04-09T15:02:34.560+0000] {processor.py:183} INFO - Processing /opt/airflow/dags/first_crnschedular.py took 0.223 seconds
[2024-04-09T15:03:05.185+0000] {processor.py:161} INFO - Started process (PID=93) to work on /opt/airflow/dags/first_crnschedular.py
[2024-04-09T15:03:05.187+0000] {processor.py:830} INFO - Processing file /opt/airflow/dags/first_crnschedular.py for tasks to queue
[2024-04-09T15:03:05.191+0000] {logging_mixin.py:188} INFO - [2024-04-09T15:03:05.190+0000] {dagbag.py:540} INFO - Filling up the DagBag from /opt/airflow/dags/first_crnschedular.py
[2024-04-09T15:03:05.240+0000] {processor.py:840} INFO - DAG(s) 'first_cron' retrieved from /opt/airflow/dags/first_crnschedular.py
[2024-04-09T15:03:05.281+0000] {logging_mixin.py:188} INFO - [2024-04-09T15:03:05.280+0000] {dag.py:3047} INFO - Sync 1 DAGs
[2024-04-09T15:03:05.327+0000] {logging_mixin.py:188} INFO - [2024-04-09T15:03:05.327+0000] {dag.py:3834} INFO - Setting next_dagrun for first_cron to 2024-04-02 04:05:00+00:00, run_after=2024-04-03 04:05:00+00:00
[2024-04-09T15:03:05.370+0000] {processor.py:183} INFO - Processing /opt/airflow/dags/first_crnschedular.py took 0.192 seconds
[2024-04-09T15:03:35.777+0000] {processor.py:161} INFO - Started process (PID=107) to work on /opt/airflow/dags/first_crnschedular.py
[2024-04-09T15:03:35.780+0000] {processor.py:830} INFO - Processing file /opt/airflow/dags/first_crnschedular.py for tasks to queue
[2024-04-09T15:03:35.785+0000] {logging_mixin.py:188} INFO - [2024-04-09T15:03:35.784+0000] {dagbag.py:540} INFO - Filling up the DagBag from /opt/airflow/dags/first_crnschedular.py
[2024-04-09T15:03:35.830+0000] {processor.py:840} INFO - DAG(s) 'first_cron' retrieved from /opt/airflow/dags/first_crnschedular.py
[2024-04-09T15:03:35.876+0000] {logging_mixin.py:188} INFO - [2024-04-09T15:03:35.876+0000] {dag.py:3047} INFO - Sync 1 DAGs
[2024-04-09T15:03:35.924+0000] {logging_mixin.py:188} INFO - [2024-04-09T15:03:35.924+0000] {dag.py:3834} INFO - Setting next_dagrun for first_cron to 2024-04-02 04:05:00+00:00, run_after=2024-04-03 04:05:00+00:00
[2024-04-09T15:03:35.972+0000] {processor.py:183} INFO - Processing /opt/airflow/dags/first_crnschedular.py took 0.203 seconds
[2024-04-09T15:04:06.557+0000] {processor.py:161} INFO - Started process (PID=121) to work on /opt/airflow/dags/first_crnschedular.py
[2024-04-09T15:04:06.560+0000] {processor.py:830} INFO - Processing file /opt/airflow/dags/first_crnschedular.py for tasks to queue
[2024-04-09T15:04:06.566+0000] {logging_mixin.py:188} INFO - [2024-04-09T15:04:06.565+0000] {dagbag.py:540} INFO - Filling up the DagBag from /opt/airflow/dags/first_crnschedular.py
[2024-04-09T15:04:06.619+0000] {processor.py:840} INFO - DAG(s) 'first_cron' retrieved from /opt/airflow/dags/first_crnschedular.py
[2024-04-09T15:04:06.668+0000] {logging_mixin.py:188} INFO - [2024-04-09T15:04:06.667+0000] {dag.py:3047} INFO - Sync 1 DAGs
[2024-04-09T15:04:06.717+0000] {logging_mixin.py:188} INFO - [2024-04-09T15:04:06.717+0000] {dag.py:3834} INFO - Setting next_dagrun for first_cron to 2024-04-02 04:05:00+00:00, run_after=2024-04-03 04:05:00+00:00
[2024-04-09T15:04:06.764+0000] {processor.py:183} INFO - Processing /opt/airflow/dags/first_crnschedular.py took 0.218 seconds
[2024-04-09T15:04:37.542+0000] {processor.py:161} INFO - Started process (PID=135) to work on /opt/airflow/dags/first_crnschedular.py
[2024-04-09T15:04:37.545+0000] {processor.py:830} INFO - Processing file /opt/airflow/dags/first_crnschedular.py for tasks to queue
[2024-04-09T15:04:37.549+0000] {logging_mixin.py:188} INFO - [2024-04-09T15:04:37.548+0000] {dagbag.py:540} INFO - Filling up the DagBag from /opt/airflow/dags/first_crnschedular.py
[2024-04-09T15:04:37.603+0000] {processor.py:840} INFO - DAG(s) 'first_cron' retrieved from /opt/airflow/dags/first_crnschedular.py
[2024-04-09T15:04:37.651+0000] {logging_mixin.py:188} INFO - [2024-04-09T15:04:37.651+0000] {dag.py:3047} INFO - Sync 1 DAGs
[2024-04-09T15:04:37.707+0000] {logging_mixin.py:188} INFO - [2024-04-09T15:04:37.706+0000] {dag.py:3834} INFO - Setting next_dagrun for first_cron to 2024-04-02 04:05:00+00:00, run_after=2024-04-03 04:05:00+00:00
[2024-04-09T15:04:37.750+0000] {processor.py:183} INFO - Processing /opt/airflow/dags/first_crnschedular.py took 0.213 seconds
[2024-04-09T15:05:10.012+0000] {processor.py:161} INFO - Started process (PID=149) to work on /opt/airflow/dags/first_crnschedular.py
[2024-04-09T15:05:10.015+0000] {processor.py:830} INFO - Processing file /opt/airflow/dags/first_crnschedular.py for tasks to queue
[2024-04-09T15:05:10.019+0000] {logging_mixin.py:188} INFO - [2024-04-09T15:05:10.018+0000] {dagbag.py:540} INFO - Filling up the DagBag from /opt/airflow/dags/first_crnschedular.py
[2024-04-09T15:05:10.065+0000] {processor.py:840} INFO - DAG(s) 'first_cron' retrieved from /opt/airflow/dags/first_crnschedular.py
[2024-04-09T15:05:10.115+0000] {logging_mixin.py:188} INFO - [2024-04-09T15:05:10.114+0000] {dag.py:3047} INFO - Sync 1 DAGs
[2024-04-09T15:05:10.496+0000] {logging_mixin.py:188} INFO - [2024-04-09T15:05:10.496+0000] {dag.py:3834} INFO - Setting next_dagrun for first_cron to 2024-04-02 04:05:00+00:00, run_after=2024-04-03 04:05:00+00:00
[2024-04-09T15:05:10.990+0000] {processor.py:183} INFO - Processing /opt/airflow/dags/first_crnschedular.py took 1.050 seconds
[2024-04-09T15:05:41.507+0000] {processor.py:161} INFO - Started process (PID=163) to work on /opt/airflow/dags/first_crnschedular.py
[2024-04-09T15:05:41.509+0000] {processor.py:830} INFO - Processing file /opt/airflow/dags/first_crnschedular.py for tasks to queue
[2024-04-09T15:05:41.512+0000] {logging_mixin.py:188} INFO - [2024-04-09T15:05:41.512+0000] {dagbag.py:540} INFO - Filling up the DagBag from /opt/airflow/dags/first_crnschedular.py
[2024-04-09T15:05:41.565+0000] {processor.py:840} INFO - DAG(s) 'first_cron' retrieved from /opt/airflow/dags/first_crnschedular.py
[2024-04-09T15:05:41.622+0000] {logging_mixin.py:188} INFO - [2024-04-09T15:05:41.621+0000] {dag.py:3047} INFO - Sync 1 DAGs
[2024-04-09T15:05:41.695+0000] {logging_mixin.py:188} INFO - [2024-04-09T15:05:41.694+0000] {dag.py:3834} INFO - Setting next_dagrun for first_cron to 2024-04-02 04:05:00+00:00, run_after=2024-04-03 04:05:00+00:00
[2024-04-09T15:05:41.745+0000] {processor.py:183} INFO - Processing /opt/airflow/dags/first_crnschedular.py took 0.242 seconds
[2024-04-09T15:06:12.410+0000] {processor.py:161} INFO - Started process (PID=177) to work on /opt/airflow/dags/first_crnschedular.py
[2024-04-09T15:06:12.413+0000] {processor.py:830} INFO - Processing file /opt/airflow/dags/first_crnschedular.py for tasks to queue
[2024-04-09T15:06:12.418+0000] {logging_mixin.py:188} INFO - [2024-04-09T15:06:12.418+0000] {dagbag.py:540} INFO - Filling up the DagBag from /opt/airflow/dags/first_crnschedular.py
[2024-04-09T15:06:12.475+0000] {processor.py:840} INFO - DAG(s) 'first_cron' retrieved from /opt/airflow/dags/first_crnschedular.py
[2024-04-09T15:06:12.526+0000] {logging_mixin.py:188} INFO - [2024-04-09T15:06:12.526+0000] {dag.py:3047} INFO - Sync 1 DAGs
[2024-04-09T15:06:12.594+0000] {logging_mixin.py:188} INFO - [2024-04-09T15:06:12.593+0000] {dag.py:3834} INFO - Setting next_dagrun for first_cron to 2024-04-02 04:05:00+00:00, run_after=2024-04-03 04:05:00+00:00
[2024-04-09T15:06:12.657+0000] {processor.py:183} INFO - Processing /opt/airflow/dags/first_crnschedular.py took 0.253 seconds
[2024-04-09T15:06:43.608+0000] {processor.py:161} INFO - Started process (PID=191) to work on /opt/airflow/dags/first_crnschedular.py
[2024-04-09T15:06:43.610+0000] {processor.py:830} INFO - Processing file /opt/airflow/dags/first_crnschedular.py for tasks to queue
[2024-04-09T15:06:43.613+0000] {logging_mixin.py:188} INFO - [2024-04-09T15:06:43.613+0000] {dagbag.py:540} INFO - Filling up the DagBag from /opt/airflow/dags/first_crnschedular.py
[2024-04-09T15:06:43.658+0000] {processor.py:840} INFO - DAG(s) 'first_cron' retrieved from /opt/airflow/dags/first_crnschedular.py
[2024-04-09T15:06:43.701+0000] {logging_mixin.py:188} INFO - [2024-04-09T15:06:43.701+0000] {dag.py:3047} INFO - Sync 1 DAGs
[2024-04-09T15:06:43.746+0000] {logging_mixin.py:188} INFO - [2024-04-09T15:06:43.746+0000] {dag.py:3834} INFO - Setting next_dagrun for first_cron to 2024-04-02 04:05:00+00:00, run_after=2024-04-03 04:05:00+00:00
[2024-04-09T15:06:43.790+0000] {processor.py:183} INFO - Processing /opt/airflow/dags/first_crnschedular.py took 0.187 seconds
[2024-04-09T15:07:14.523+0000] {processor.py:161} INFO - Started process (PID=205) to work on /opt/airflow/dags/first_crnschedular.py
[2024-04-09T15:07:14.525+0000] {processor.py:830} INFO - Processing file /opt/airflow/dags/first_crnschedular.py for tasks to queue
[2024-04-09T15:07:14.530+0000] {logging_mixin.py:188} INFO - [2024-04-09T15:07:14.529+0000] {dagbag.py:540} INFO - Filling up the DagBag from /opt/airflow/dags/first_crnschedular.py
[2024-04-09T15:07:14.579+0000] {processor.py:840} INFO - DAG(s) 'first_cron' retrieved from /opt/airflow/dags/first_crnschedular.py
[2024-04-09T15:07:14.625+0000] {logging_mixin.py:188} INFO - [2024-04-09T15:07:14.625+0000] {dag.py:3047} INFO - Sync 1 DAGs
[2024-04-09T15:07:14.675+0000] {logging_mixin.py:188} INFO - [2024-04-09T15:07:14.675+0000] {dag.py:3834} INFO - Setting next_dagrun for first_cron to 2024-04-02 04:05:00+00:00, run_after=2024-04-03 04:05:00+00:00
[2024-04-09T15:07:14.721+0000] {processor.py:183} INFO - Processing /opt/airflow/dags/first_crnschedular.py took 0.205 seconds
[2024-04-09T15:07:45.390+0000] {processor.py:161} INFO - Started process (PID=219) to work on /opt/airflow/dags/first_crnschedular.py
[2024-04-09T15:07:45.392+0000] {processor.py:830} INFO - Processing file /opt/airflow/dags/first_crnschedular.py for tasks to queue
[2024-04-09T15:07:45.396+0000] {logging_mixin.py:188} INFO - [2024-04-09T15:07:45.396+0000] {dagbag.py:540} INFO - Filling up the DagBag from /opt/airflow/dags/first_crnschedular.py
[2024-04-09T15:07:45.444+0000] {processor.py:840} INFO - DAG(s) 'first_cron' retrieved from /opt/airflow/dags/first_crnschedular.py
[2024-04-09T15:07:45.486+0000] {logging_mixin.py:188} INFO - [2024-04-09T15:07:45.485+0000] {dag.py:3047} INFO - Sync 1 DAGs
[2024-04-09T15:07:45.531+0000] {logging_mixin.py:188} INFO - [2024-04-09T15:07:45.530+0000] {dag.py:3834} INFO - Setting next_dagrun for first_cron to 2024-04-02 04:05:00+00:00, run_after=2024-04-03 04:05:00+00:00
[2024-04-09T15:07:45.576+0000] {processor.py:183} INFO - Processing /opt/airflow/dags/first_crnschedular.py took 0.193 seconds
[2024-04-09T15:08:16.446+0000] {processor.py:161} INFO - Started process (PID=233) to work on /opt/airflow/dags/first_crnschedular.py
[2024-04-09T15:08:16.449+0000] {processor.py:830} INFO - Processing file /opt/airflow/dags/first_crnschedular.py for tasks to queue
[2024-04-09T15:08:16.454+0000] {logging_mixin.py:188} INFO - [2024-04-09T15:08:16.453+0000] {dagbag.py:540} INFO - Filling up the DagBag from /opt/airflow/dags/first_crnschedular.py
[2024-04-09T15:08:16.505+0000] {processor.py:840} INFO - DAG(s) 'first_cron' retrieved from /opt/airflow/dags/first_crnschedular.py
[2024-04-09T15:08:16.548+0000] {logging_mixin.py:188} INFO - [2024-04-09T15:08:16.547+0000] {dag.py:3047} INFO - Sync 1 DAGs
[2024-04-09T15:08:16.591+0000] {logging_mixin.py:188} INFO - [2024-04-09T15:08:16.590+0000] {dag.py:3834} INFO - Setting next_dagrun for first_cron to 2024-04-02 04:05:00+00:00, run_after=2024-04-03 04:05:00+00:00
[2024-04-09T15:08:16.636+0000] {processor.py:183} INFO - Processing /opt/airflow/dags/first_crnschedular.py took 0.198 seconds
[2024-04-09T15:08:47.101+0000] {processor.py:161} INFO - Started process (PID=247) to work on /opt/airflow/dags/first_crnschedular.py
[2024-04-09T15:08:47.103+0000] {processor.py:830} INFO - Processing file /opt/airflow/dags/first_crnschedular.py for tasks to queue
[2024-04-09T15:08:47.108+0000] {logging_mixin.py:188} INFO - [2024-04-09T15:08:47.107+0000] {dagbag.py:540} INFO - Filling up the DagBag from /opt/airflow/dags/first_crnschedular.py
[2024-04-09T15:08:47.155+0000] {processor.py:840} INFO - DAG(s) 'first_cron' retrieved from /opt/airflow/dags/first_crnschedular.py
[2024-04-09T15:08:47.204+0000] {logging_mixin.py:188} INFO - [2024-04-09T15:08:47.204+0000] {dag.py:3047} INFO - Sync 1 DAGs
[2024-04-09T15:08:47.252+0000] {logging_mixin.py:188} INFO - [2024-04-09T15:08:47.252+0000] {dag.py:3834} INFO - Setting next_dagrun for first_cron to 2024-04-02 04:05:00+00:00, run_after=2024-04-03 04:05:00+00:00
[2024-04-09T15:08:47.304+0000] {processor.py:183} INFO - Processing /opt/airflow/dags/first_crnschedular.py took 0.208 seconds
[2024-04-09T15:09:18.176+0000] {processor.py:161} INFO - Started process (PID=261) to work on /opt/airflow/dags/first_crnschedular.py
[2024-04-09T15:09:18.178+0000] {processor.py:830} INFO - Processing file /opt/airflow/dags/first_crnschedular.py for tasks to queue
[2024-04-09T15:09:18.182+0000] {logging_mixin.py:188} INFO - [2024-04-09T15:09:18.181+0000] {dagbag.py:540} INFO - Filling up the DagBag from /opt/airflow/dags/first_crnschedular.py
[2024-04-09T15:09:18.232+0000] {processor.py:840} INFO - DAG(s) 'first_cron' retrieved from /opt/airflow/dags/first_crnschedular.py
[2024-04-09T15:09:18.279+0000] {logging_mixin.py:188} INFO - [2024-04-09T15:09:18.278+0000] {dag.py:3047} INFO - Sync 1 DAGs
[2024-04-09T15:09:18.322+0000] {logging_mixin.py:188} INFO - [2024-04-09T15:09:18.322+0000] {dag.py:3834} INFO - Setting next_dagrun for first_cron to 2024-04-02 04:05:00+00:00, run_after=2024-04-03 04:05:00+00:00
[2024-04-09T15:09:18.362+0000] {processor.py:183} INFO - Processing /opt/airflow/dags/first_crnschedular.py took 0.192 seconds
[2024-04-09T15:09:48.691+0000] {processor.py:161} INFO - Started process (PID=275) to work on /opt/airflow/dags/first_crnschedular.py
[2024-04-09T15:09:48.693+0000] {processor.py:830} INFO - Processing file /opt/airflow/dags/first_crnschedular.py for tasks to queue
[2024-04-09T15:09:48.698+0000] {logging_mixin.py:188} INFO - [2024-04-09T15:09:48.697+0000] {dagbag.py:540} INFO - Filling up the DagBag from /opt/airflow/dags/first_crnschedular.py
[2024-04-09T15:09:48.756+0000] {processor.py:840} INFO - DAG(s) 'first_cron' retrieved from /opt/airflow/dags/first_crnschedular.py
[2024-04-09T15:09:48.826+0000] {logging_mixin.py:188} INFO - [2024-04-09T15:09:48.825+0000] {dag.py:3047} INFO - Sync 1 DAGs
[2024-04-09T15:09:48.879+0000] {logging_mixin.py:188} INFO - [2024-04-09T15:09:48.879+0000] {dag.py:3834} INFO - Setting next_dagrun for first_cron to 2024-04-02 04:05:00+00:00, run_after=2024-04-03 04:05:00+00:00
[2024-04-09T15:09:48.932+0000] {processor.py:183} INFO - Processing /opt/airflow/dags/first_crnschedular.py took 0.248 seconds
[2024-04-09T15:10:19.669+0000] {processor.py:161} INFO - Started process (PID=289) to work on /opt/airflow/dags/first_crnschedular.py
[2024-04-09T15:10:19.671+0000] {processor.py:830} INFO - Processing file /opt/airflow/dags/first_crnschedular.py for tasks to queue
[2024-04-09T15:10:19.676+0000] {logging_mixin.py:188} INFO - [2024-04-09T15:10:19.675+0000] {dagbag.py:540} INFO - Filling up the DagBag from /opt/airflow/dags/first_crnschedular.py
[2024-04-09T15:10:19.724+0000] {processor.py:840} INFO - DAG(s) 'first_cron' retrieved from /opt/airflow/dags/first_crnschedular.py
[2024-04-09T15:10:19.775+0000] {logging_mixin.py:188} INFO - [2024-04-09T15:10:19.774+0000] {dag.py:3047} INFO - Sync 1 DAGs
[2024-04-09T15:10:19.827+0000] {logging_mixin.py:188} INFO - [2024-04-09T15:10:19.826+0000] {dag.py:3834} INFO - Setting next_dagrun for first_cron to 2024-04-02 04:05:00+00:00, run_after=2024-04-03 04:05:00+00:00
[2024-04-09T15:10:19.871+0000] {processor.py:183} INFO - Processing /opt/airflow/dags/first_crnschedular.py took 0.208 seconds
[2024-04-09T15:10:50.570+0000] {processor.py:161} INFO - Started process (PID=303) to work on /opt/airflow/dags/first_crnschedular.py
[2024-04-09T15:10:50.571+0000] {processor.py:830} INFO - Processing file /opt/airflow/dags/first_crnschedular.py for tasks to queue
[2024-04-09T15:10:50.575+0000] {logging_mixin.py:188} INFO - [2024-04-09T15:10:50.574+0000] {dagbag.py:540} INFO - Filling up the DagBag from /opt/airflow/dags/first_crnschedular.py
[2024-04-09T15:10:50.623+0000] {processor.py:840} INFO - DAG(s) 'first_cron' retrieved from /opt/airflow/dags/first_crnschedular.py
[2024-04-09T15:10:50.685+0000] {logging_mixin.py:188} INFO - [2024-04-09T15:10:50.684+0000] {dag.py:3047} INFO - Sync 1 DAGs
[2024-04-09T15:10:50.732+0000] {logging_mixin.py:188} INFO - [2024-04-09T15:10:50.731+0000] {dag.py:3834} INFO - Setting next_dagrun for first_cron to 2024-04-02 04:05:00+00:00, run_after=2024-04-03 04:05:00+00:00
[2024-04-09T15:10:50.772+0000] {processor.py:183} INFO - Processing /opt/airflow/dags/first_crnschedular.py took 0.208 seconds
[2024-04-09T15:11:21.021+0000] {processor.py:161} INFO - Started process (PID=317) to work on /opt/airflow/dags/first_crnschedular.py
[2024-04-09T15:11:21.023+0000] {processor.py:830} INFO - Processing file /opt/airflow/dags/first_crnschedular.py for tasks to queue
[2024-04-09T15:11:21.026+0000] {logging_mixin.py:188} INFO - [2024-04-09T15:11:21.026+0000] {dagbag.py:540} INFO - Filling up the DagBag from /opt/airflow/dags/first_crnschedular.py
[2024-04-09T15:11:21.076+0000] {processor.py:840} INFO - DAG(s) 'first_cron' retrieved from /opt/airflow/dags/first_crnschedular.py
[2024-04-09T15:11:21.120+0000] {logging_mixin.py:188} INFO - [2024-04-09T15:11:21.120+0000] {dag.py:3047} INFO - Sync 1 DAGs
[2024-04-09T15:11:21.165+0000] {logging_mixin.py:188} INFO - [2024-04-09T15:11:21.164+0000] {dag.py:3834} INFO - Setting next_dagrun for first_cron to 2024-04-02 04:05:00+00:00, run_after=2024-04-03 04:05:00+00:00
[2024-04-09T15:11:21.206+0000] {processor.py:183} INFO - Processing /opt/airflow/dags/first_crnschedular.py took 0.191 seconds
[2024-04-09T15:11:51.445+0000] {processor.py:161} INFO - Started process (PID=331) to work on /opt/airflow/dags/first_crnschedular.py
[2024-04-09T15:11:51.447+0000] {processor.py:830} INFO - Processing file /opt/airflow/dags/first_crnschedular.py for tasks to queue
[2024-04-09T15:11:51.452+0000] {logging_mixin.py:188} INFO - [2024-04-09T15:11:51.451+0000] {dagbag.py:540} INFO - Filling up the DagBag from /opt/airflow/dags/first_crnschedular.py
[2024-04-09T15:11:51.498+0000] {processor.py:840} INFO - DAG(s) 'first_cron' retrieved from /opt/airflow/dags/first_crnschedular.py
[2024-04-09T15:11:51.546+0000] {logging_mixin.py:188} INFO - [2024-04-09T15:11:51.545+0000] {dag.py:3047} INFO - Sync 1 DAGs
[2024-04-09T15:11:51.594+0000] {logging_mixin.py:188} INFO - [2024-04-09T15:11:51.593+0000] {dag.py:3834} INFO - Setting next_dagrun for first_cron to 2024-04-02 04:05:00+00:00, run_after=2024-04-03 04:05:00+00:00
[2024-04-09T15:11:51.640+0000] {processor.py:183} INFO - Processing /opt/airflow/dags/first_crnschedular.py took 0.200 seconds
[2024-04-09T15:12:21.758+0000] {processor.py:161} INFO - Started process (PID=345) to work on /opt/airflow/dags/first_crnschedular.py
[2024-04-09T15:12:21.760+0000] {processor.py:830} INFO - Processing file /opt/airflow/dags/first_crnschedular.py for tasks to queue
[2024-04-09T15:12:21.763+0000] {logging_mixin.py:188} INFO - [2024-04-09T15:12:21.763+0000] {dagbag.py:540} INFO - Filling up the DagBag from /opt/airflow/dags/first_crnschedular.py
[2024-04-09T15:12:21.807+0000] {processor.py:840} INFO - DAG(s) 'first_cron' retrieved from /opt/airflow/dags/first_crnschedular.py
[2024-04-09T15:12:21.846+0000] {logging_mixin.py:188} INFO - [2024-04-09T15:12:21.845+0000] {dag.py:3047} INFO - Sync 1 DAGs
[2024-04-09T15:12:21.897+0000] {logging_mixin.py:188} INFO - [2024-04-09T15:12:21.896+0000] {dag.py:3834} INFO - Setting next_dagrun for first_cron to 2024-04-02 04:05:00+00:00, run_after=2024-04-03 04:05:00+00:00
[2024-04-09T15:12:21.944+0000] {processor.py:183} INFO - Processing /opt/airflow/dags/first_crnschedular.py took 0.190 seconds
[2024-04-09T15:12:52.095+0000] {processor.py:161} INFO - Started process (PID=360) to work on /opt/airflow/dags/first_crnschedular.py
[2024-04-09T15:12:52.097+0000] {processor.py:830} INFO - Processing file /opt/airflow/dags/first_crnschedular.py for tasks to queue
[2024-04-09T15:12:52.100+0000] {logging_mixin.py:188} INFO - [2024-04-09T15:12:52.099+0000] {dagbag.py:540} INFO - Filling up the DagBag from /opt/airflow/dags/first_crnschedular.py
[2024-04-09T15:12:52.150+0000] {processor.py:840} INFO - DAG(s) 'first_cron' retrieved from /opt/airflow/dags/first_crnschedular.py
[2024-04-09T15:12:52.197+0000] {logging_mixin.py:188} INFO - [2024-04-09T15:12:52.197+0000] {dag.py:3047} INFO - Sync 1 DAGs
[2024-04-09T15:12:52.238+0000] {logging_mixin.py:188} INFO - [2024-04-09T15:12:52.237+0000] {dag.py:3834} INFO - Setting next_dagrun for first_cron to 2024-04-02 04:05:00+00:00, run_after=2024-04-03 04:05:00+00:00
[2024-04-09T15:12:52.284+0000] {processor.py:183} INFO - Processing /opt/airflow/dags/first_crnschedular.py took 0.196 seconds
[2024-04-09T15:13:22.633+0000] {processor.py:161} INFO - Started process (PID=374) to work on /opt/airflow/dags/first_crnschedular.py
[2024-04-09T15:13:22.635+0000] {processor.py:830} INFO - Processing file /opt/airflow/dags/first_crnschedular.py for tasks to queue
[2024-04-09T15:13:22.640+0000] {logging_mixin.py:188} INFO - [2024-04-09T15:13:22.639+0000] {dagbag.py:540} INFO - Filling up the DagBag from /opt/airflow/dags/first_crnschedular.py
[2024-04-09T15:13:22.707+0000] {processor.py:840} INFO - DAG(s) 'first_cron' retrieved from /opt/airflow/dags/first_crnschedular.py
[2024-04-09T15:13:22.780+0000] {logging_mixin.py:188} INFO - [2024-04-09T15:13:22.779+0000] {dag.py:3047} INFO - Sync 1 DAGs
[2024-04-09T15:13:22.867+0000] {logging_mixin.py:188} INFO - [2024-04-09T15:13:22.866+0000] {dag.py:3834} INFO - Setting next_dagrun for first_cron to 2024-04-02 04:05:00+00:00, run_after=2024-04-03 04:05:00+00:00
[2024-04-09T15:13:22.929+0000] {processor.py:183} INFO - Processing /opt/airflow/dags/first_crnschedular.py took 0.303 seconds
[2024-04-09T15:13:53.628+0000] {processor.py:161} INFO - Started process (PID=388) to work on /opt/airflow/dags/first_crnschedular.py
[2024-04-09T15:13:53.630+0000] {processor.py:830} INFO - Processing file /opt/airflow/dags/first_crnschedular.py for tasks to queue
[2024-04-09T15:13:53.633+0000] {logging_mixin.py:188} INFO - [2024-04-09T15:13:53.632+0000] {dagbag.py:540} INFO - Filling up the DagBag from /opt/airflow/dags/first_crnschedular.py
[2024-04-09T15:13:53.682+0000] {processor.py:840} INFO - DAG(s) 'first_cron' retrieved from /opt/airflow/dags/first_crnschedular.py
[2024-04-09T15:13:53.727+0000] {logging_mixin.py:188} INFO - [2024-04-09T15:13:53.727+0000] {dag.py:3047} INFO - Sync 1 DAGs
[2024-04-09T15:13:53.772+0000] {logging_mixin.py:188} INFO - [2024-04-09T15:13:53.771+0000] {dag.py:3834} INFO - Setting next_dagrun for first_cron to 2024-04-02 04:05:00+00:00, run_after=2024-04-03 04:05:00+00:00
[2024-04-09T15:13:53.818+0000] {processor.py:183} INFO - Processing /opt/airflow/dags/first_crnschedular.py took 0.196 seconds
[2024-04-09T15:14:24.273+0000] {processor.py:161} INFO - Started process (PID=403) to work on /opt/airflow/dags/first_crnschedular.py
[2024-04-09T15:14:24.276+0000] {processor.py:830} INFO - Processing file /opt/airflow/dags/first_crnschedular.py for tasks to queue
[2024-04-09T15:14:24.280+0000] {logging_mixin.py:188} INFO - [2024-04-09T15:14:24.280+0000] {dagbag.py:540} INFO - Filling up the DagBag from /opt/airflow/dags/first_crnschedular.py
[2024-04-09T15:14:24.332+0000] {processor.py:840} INFO - DAG(s) 'first_cron' retrieved from /opt/airflow/dags/first_crnschedular.py
[2024-04-09T15:14:24.385+0000] {logging_mixin.py:188} INFO - [2024-04-09T15:14:24.384+0000] {dag.py:3047} INFO - Sync 1 DAGs
[2024-04-09T15:14:24.437+0000] {logging_mixin.py:188} INFO - [2024-04-09T15:14:24.437+0000] {dag.py:3834} INFO - Setting next_dagrun for first_cron to 2024-04-02 04:05:00+00:00, run_after=2024-04-03 04:05:00+00:00
[2024-04-09T15:14:24.480+0000] {processor.py:183} INFO - Processing /opt/airflow/dags/first_crnschedular.py took 0.214 seconds
[2024-04-09T15:14:54.951+0000] {processor.py:161} INFO - Started process (PID=417) to work on /opt/airflow/dags/first_crnschedular.py
[2024-04-09T15:14:54.953+0000] {processor.py:830} INFO - Processing file /opt/airflow/dags/first_crnschedular.py for tasks to queue
[2024-04-09T15:14:54.958+0000] {logging_mixin.py:188} INFO - [2024-04-09T15:14:54.957+0000] {dagbag.py:540} INFO - Filling up the DagBag from /opt/airflow/dags/first_crnschedular.py
[2024-04-09T15:14:55.005+0000] {processor.py:840} INFO - DAG(s) 'first_cron' retrieved from /opt/airflow/dags/first_crnschedular.py
[2024-04-09T15:14:55.050+0000] {logging_mixin.py:188} INFO - [2024-04-09T15:14:55.050+0000] {dag.py:3047} INFO - Sync 1 DAGs
[2024-04-09T15:14:55.094+0000] {logging_mixin.py:188} INFO - [2024-04-09T15:14:55.093+0000] {dag.py:3834} INFO - Setting next_dagrun for first_cron to 2024-04-02 04:05:00+00:00, run_after=2024-04-03 04:05:00+00:00
[2024-04-09T15:14:55.156+0000] {processor.py:183} INFO - Processing /opt/airflow/dags/first_crnschedular.py took 0.210 seconds
[2024-04-09T15:15:25.910+0000] {processor.py:161} INFO - Started process (PID=431) to work on /opt/airflow/dags/first_crnschedular.py
[2024-04-09T15:15:25.912+0000] {processor.py:830} INFO - Processing file /opt/airflow/dags/first_crnschedular.py for tasks to queue
[2024-04-09T15:15:25.915+0000] {logging_mixin.py:188} INFO - [2024-04-09T15:15:25.914+0000] {dagbag.py:540} INFO - Filling up the DagBag from /opt/airflow/dags/first_crnschedular.py
[2024-04-09T15:15:25.961+0000] {processor.py:840} INFO - DAG(s) 'first_cron' retrieved from /opt/airflow/dags/first_crnschedular.py
[2024-04-09T15:15:26.002+0000] {logging_mixin.py:188} INFO - [2024-04-09T15:15:26.001+0000] {dag.py:3047} INFO - Sync 1 DAGs
[2024-04-09T15:15:26.044+0000] {logging_mixin.py:188} INFO - [2024-04-09T15:15:26.043+0000] {dag.py:3834} INFO - Setting next_dagrun for first_cron to 2024-04-02 04:05:00+00:00, run_after=2024-04-03 04:05:00+00:00
[2024-04-09T15:15:26.090+0000] {processor.py:183} INFO - Processing /opt/airflow/dags/first_crnschedular.py took 0.185 seconds
[2024-04-09T15:15:56.483+0000] {processor.py:161} INFO - Started process (PID=446) to work on /opt/airflow/dags/first_crnschedular.py
[2024-04-09T15:15:56.485+0000] {processor.py:830} INFO - Processing file /opt/airflow/dags/first_crnschedular.py for tasks to queue
[2024-04-09T15:15:56.489+0000] {logging_mixin.py:188} INFO - [2024-04-09T15:15:56.488+0000] {dagbag.py:540} INFO - Filling up the DagBag from /opt/airflow/dags/first_crnschedular.py
[2024-04-09T15:15:56.533+0000] {processor.py:840} INFO - DAG(s) 'first_cron' retrieved from /opt/airflow/dags/first_crnschedular.py
[2024-04-09T15:15:56.577+0000] {logging_mixin.py:188} INFO - [2024-04-09T15:15:56.577+0000] {dag.py:3047} INFO - Sync 1 DAGs
[2024-04-09T15:15:56.618+0000] {logging_mixin.py:188} INFO - [2024-04-09T15:15:56.618+0000] {dag.py:3834} INFO - Setting next_dagrun for first_cron to 2024-04-02 04:05:00+00:00, run_after=2024-04-03 04:05:00+00:00
[2024-04-09T15:15:56.668+0000] {processor.py:183} INFO - Processing /opt/airflow/dags/first_crnschedular.py took 0.190 seconds
[2024-04-09T15:16:27.012+0000] {processor.py:161} INFO - Started process (PID=460) to work on /opt/airflow/dags/first_crnschedular.py
[2024-04-09T15:16:27.014+0000] {processor.py:830} INFO - Processing file /opt/airflow/dags/first_crnschedular.py for tasks to queue
[2024-04-09T15:16:27.018+0000] {logging_mixin.py:188} INFO - [2024-04-09T15:16:27.017+0000] {dagbag.py:540} INFO - Filling up the DagBag from /opt/airflow/dags/first_crnschedular.py
[2024-04-09T15:16:27.063+0000] {processor.py:840} INFO - DAG(s) 'first_cron' retrieved from /opt/airflow/dags/first_crnschedular.py
[2024-04-09T15:16:27.104+0000] {logging_mixin.py:188} INFO - [2024-04-09T15:16:27.104+0000] {dag.py:3047} INFO - Sync 1 DAGs
[2024-04-09T15:16:27.150+0000] {logging_mixin.py:188} INFO - [2024-04-09T15:16:27.149+0000] {dag.py:3834} INFO - Setting next_dagrun for first_cron to 2024-04-02 04:05:00+00:00, run_after=2024-04-03 04:05:00+00:00
[2024-04-09T15:16:27.187+0000] {processor.py:183} INFO - Processing /opt/airflow/dags/first_crnschedular.py took 0.180 seconds
[2024-04-09T15:16:58.098+0000] {processor.py:161} INFO - Started process (PID=474) to work on /opt/airflow/dags/first_crnschedular.py
[2024-04-09T15:16:58.103+0000] {processor.py:830} INFO - Processing file /opt/airflow/dags/first_crnschedular.py for tasks to queue
[2024-04-09T15:16:58.117+0000] {logging_mixin.py:188} INFO - [2024-04-09T15:16:58.116+0000] {dagbag.py:540} INFO - Filling up the DagBag from /opt/airflow/dags/first_crnschedular.py
[2024-04-09T15:16:58.202+0000] {processor.py:840} INFO - DAG(s) 'first_cron' retrieved from /opt/airflow/dags/first_crnschedular.py
[2024-04-09T15:16:58.292+0000] {logging_mixin.py:188} INFO - [2024-04-09T15:16:58.292+0000] {dag.py:3047} INFO - Sync 1 DAGs
[2024-04-09T15:16:58.369+0000] {logging_mixin.py:188} INFO - [2024-04-09T15:16:58.369+0000] {dag.py:3834} INFO - Setting next_dagrun for first_cron to 2024-04-02 04:05:00+00:00, run_after=2024-04-03 04:05:00+00:00
[2024-04-09T15:16:58.447+0000] {processor.py:183} INFO - Processing /opt/airflow/dags/first_crnschedular.py took 0.370 seconds
[2024-04-09T15:17:28.829+0000] {processor.py:161} INFO - Started process (PID=488) to work on /opt/airflow/dags/first_crnschedular.py
[2024-04-09T15:17:28.831+0000] {processor.py:830} INFO - Processing file /opt/airflow/dags/first_crnschedular.py for tasks to queue
[2024-04-09T15:17:28.833+0000] {logging_mixin.py:188} INFO - [2024-04-09T15:17:28.833+0000] {dagbag.py:540} INFO - Filling up the DagBag from /opt/airflow/dags/first_crnschedular.py
[2024-04-09T15:17:28.875+0000] {processor.py:840} INFO - DAG(s) 'first_cron' retrieved from /opt/airflow/dags/first_crnschedular.py
[2024-04-09T15:17:28.918+0000] {logging_mixin.py:188} INFO - [2024-04-09T15:17:28.918+0000] {dag.py:3047} INFO - Sync 1 DAGs
[2024-04-09T15:17:28.962+0000] {logging_mixin.py:188} INFO - [2024-04-09T15:17:28.962+0000] {dag.py:3834} INFO - Setting next_dagrun for first_cron to 2024-04-02 04:05:00+00:00, run_after=2024-04-03 04:05:00+00:00
[2024-04-09T15:17:29.007+0000] {processor.py:183} INFO - Processing /opt/airflow/dags/first_crnschedular.py took 0.184 seconds
[2024-04-09T15:17:59.609+0000] {processor.py:161} INFO - Started process (PID=502) to work on /opt/airflow/dags/first_crnschedular.py
[2024-04-09T15:17:59.611+0000] {processor.py:830} INFO - Processing file /opt/airflow/dags/first_crnschedular.py for tasks to queue
[2024-04-09T15:17:59.615+0000] {logging_mixin.py:188} INFO - [2024-04-09T15:17:59.614+0000] {dagbag.py:540} INFO - Filling up the DagBag from /opt/airflow/dags/first_crnschedular.py
[2024-04-09T15:17:59.663+0000] {processor.py:840} INFO - DAG(s) 'first_cron' retrieved from /opt/airflow/dags/first_crnschedular.py
[2024-04-09T15:17:59.711+0000] {logging_mixin.py:188} INFO - [2024-04-09T15:17:59.710+0000] {dag.py:3047} INFO - Sync 1 DAGs
[2024-04-09T15:17:59.767+0000] {logging_mixin.py:188} INFO - [2024-04-09T15:17:59.765+0000] {dag.py:3834} INFO - Setting next_dagrun for first_cron to 2024-04-02 04:05:00+00:00, run_after=2024-04-03 04:05:00+00:00
[2024-04-09T15:17:59.809+0000] {processor.py:183} INFO - Processing /opt/airflow/dags/first_crnschedular.py took 0.205 seconds
[2024-04-09T15:18:30.424+0000] {processor.py:161} INFO - Started process (PID=516) to work on /opt/airflow/dags/first_crnschedular.py
[2024-04-09T15:18:30.427+0000] {processor.py:830} INFO - Processing file /opt/airflow/dags/first_crnschedular.py for tasks to queue
[2024-04-09T15:18:30.431+0000] {logging_mixin.py:188} INFO - [2024-04-09T15:18:30.430+0000] {dagbag.py:540} INFO - Filling up the DagBag from /opt/airflow/dags/first_crnschedular.py
[2024-04-09T15:18:30.482+0000] {processor.py:840} INFO - DAG(s) 'first_cron' retrieved from /opt/airflow/dags/first_crnschedular.py
[2024-04-09T15:18:30.526+0000] {logging_mixin.py:188} INFO - [2024-04-09T15:18:30.525+0000] {dag.py:3047} INFO - Sync 1 DAGs
[2024-04-09T15:18:30.568+0000] {logging_mixin.py:188} INFO - [2024-04-09T15:18:30.567+0000] {dag.py:3834} INFO - Setting next_dagrun for first_cron to 2024-04-02 04:05:00+00:00, run_after=2024-04-03 04:05:00+00:00
[2024-04-09T15:18:30.619+0000] {processor.py:183} INFO - Processing /opt/airflow/dags/first_crnschedular.py took 0.200 seconds
[2024-04-09T15:19:01.299+0000] {processor.py:161} INFO - Started process (PID=530) to work on /opt/airflow/dags/first_crnschedular.py
[2024-04-09T15:19:01.303+0000] {processor.py:830} INFO - Processing file /opt/airflow/dags/first_crnschedular.py for tasks to queue
[2024-04-09T15:19:01.307+0000] {logging_mixin.py:188} INFO - [2024-04-09T15:19:01.306+0000] {dagbag.py:540} INFO - Filling up the DagBag from /opt/airflow/dags/first_crnschedular.py
[2024-04-09T15:19:01.357+0000] {processor.py:840} INFO - DAG(s) 'first_cron' retrieved from /opt/airflow/dags/first_crnschedular.py
[2024-04-09T15:19:01.408+0000] {logging_mixin.py:188} INFO - [2024-04-09T15:19:01.407+0000] {dag.py:3047} INFO - Sync 1 DAGs
[2024-04-09T15:19:01.457+0000] {logging_mixin.py:188} INFO - [2024-04-09T15:19:01.457+0000] {dag.py:3834} INFO - Setting next_dagrun for first_cron to 2024-04-02 04:05:00+00:00, run_after=2024-04-03 04:05:00+00:00
[2024-04-09T15:19:01.502+0000] {processor.py:183} INFO - Processing /opt/airflow/dags/first_crnschedular.py took 0.209 seconds
[2024-04-09T15:19:31.886+0000] {processor.py:161} INFO - Started process (PID=544) to work on /opt/airflow/dags/first_crnschedular.py
[2024-04-09T15:19:31.888+0000] {processor.py:830} INFO - Processing file /opt/airflow/dags/first_crnschedular.py for tasks to queue
[2024-04-09T15:19:31.891+0000] {logging_mixin.py:188} INFO - [2024-04-09T15:19:31.890+0000] {dagbag.py:540} INFO - Filling up the DagBag from /opt/airflow/dags/first_crnschedular.py
[2024-04-09T15:19:31.937+0000] {processor.py:840} INFO - DAG(s) 'first_cron' retrieved from /opt/airflow/dags/first_crnschedular.py
[2024-04-09T15:19:31.980+0000] {logging_mixin.py:188} INFO - [2024-04-09T15:19:31.979+0000] {dag.py:3047} INFO - Sync 1 DAGs
[2024-04-09T15:19:32.032+0000] {logging_mixin.py:188} INFO - [2024-04-09T15:19:32.032+0000] {dag.py:3834} INFO - Setting next_dagrun for first_cron to 2024-04-02 04:05:00+00:00, run_after=2024-04-03 04:05:00+00:00
[2024-04-09T15:19:32.072+0000] {processor.py:183} INFO - Processing /opt/airflow/dags/first_crnschedular.py took 0.192 seconds
[2024-04-09T15:20:02.723+0000] {processor.py:161} INFO - Started process (PID=558) to work on /opt/airflow/dags/first_crnschedular.py
[2024-04-09T15:20:02.726+0000] {processor.py:830} INFO - Processing file /opt/airflow/dags/first_crnschedular.py for tasks to queue
[2024-04-09T15:20:02.730+0000] {logging_mixin.py:188} INFO - [2024-04-09T15:20:02.730+0000] {dagbag.py:540} INFO - Filling up the DagBag from /opt/airflow/dags/first_crnschedular.py
[2024-04-09T15:20:02.782+0000] {processor.py:840} INFO - DAG(s) 'first_cron' retrieved from /opt/airflow/dags/first_crnschedular.py
[2024-04-09T15:20:02.834+0000] {logging_mixin.py:188} INFO - [2024-04-09T15:20:02.833+0000] {dag.py:3047} INFO - Sync 1 DAGs
[2024-04-09T15:20:02.894+0000] {logging_mixin.py:188} INFO - [2024-04-09T15:20:02.893+0000] {dag.py:3834} INFO - Setting next_dagrun for first_cron to 2024-04-02 04:05:00+00:00, run_after=2024-04-03 04:05:00+00:00
[2024-04-09T15:20:02.939+0000] {processor.py:183} INFO - Processing /opt/airflow/dags/first_crnschedular.py took 0.221 seconds
[2024-04-09T15:20:33.622+0000] {processor.py:161} INFO - Started process (PID=572) to work on /opt/airflow/dags/first_crnschedular.py
[2024-04-09T15:20:33.624+0000] {processor.py:830} INFO - Processing file /opt/airflow/dags/first_crnschedular.py for tasks to queue
[2024-04-09T15:20:33.627+0000] {logging_mixin.py:188} INFO - [2024-04-09T15:20:33.626+0000] {dagbag.py:540} INFO - Filling up the DagBag from /opt/airflow/dags/first_crnschedular.py
[2024-04-09T15:20:33.669+0000] {processor.py:840} INFO - DAG(s) 'first_cron' retrieved from /opt/airflow/dags/first_crnschedular.py
[2024-04-09T15:20:33.711+0000] {logging_mixin.py:188} INFO - [2024-04-09T15:20:33.710+0000] {dag.py:3047} INFO - Sync 1 DAGs
[2024-04-09T15:20:33.753+0000] {logging_mixin.py:188} INFO - [2024-04-09T15:20:33.753+0000] {dag.py:3834} INFO - Setting next_dagrun for first_cron to 2024-04-02 04:05:00+00:00, run_after=2024-04-03 04:05:00+00:00
[2024-04-09T15:20:33.795+0000] {processor.py:183} INFO - Processing /opt/airflow/dags/first_crnschedular.py took 0.178 seconds
[2024-04-09T15:21:04.387+0000] {processor.py:161} INFO - Started process (PID=587) to work on /opt/airflow/dags/first_crnschedular.py
[2024-04-09T15:21:04.389+0000] {processor.py:830} INFO - Processing file /opt/airflow/dags/first_crnschedular.py for tasks to queue
[2024-04-09T15:21:04.393+0000] {logging_mixin.py:188} INFO - [2024-04-09T15:21:04.392+0000] {dagbag.py:540} INFO - Filling up the DagBag from /opt/airflow/dags/first_crnschedular.py
[2024-04-09T15:21:04.442+0000] {processor.py:840} INFO - DAG(s) 'first_cron' retrieved from /opt/airflow/dags/first_crnschedular.py
[2024-04-09T15:21:04.485+0000] {logging_mixin.py:188} INFO - [2024-04-09T15:21:04.484+0000] {dag.py:3047} INFO - Sync 1 DAGs
[2024-04-09T15:21:04.530+0000] {logging_mixin.py:188} INFO - [2024-04-09T15:21:04.530+0000] {dag.py:3834} INFO - Setting next_dagrun for first_cron to 2024-04-02 04:05:00+00:00, run_after=2024-04-03 04:05:00+00:00
[2024-04-09T15:21:04.573+0000] {processor.py:183} INFO - Processing /opt/airflow/dags/first_crnschedular.py took 0.192 seconds
[2024-04-09T15:21:34.961+0000] {processor.py:161} INFO - Started process (PID=600) to work on /opt/airflow/dags/first_crnschedular.py
[2024-04-09T15:21:34.963+0000] {processor.py:830} INFO - Processing file /opt/airflow/dags/first_crnschedular.py for tasks to queue
[2024-04-09T15:21:34.966+0000] {logging_mixin.py:188} INFO - [2024-04-09T15:21:34.965+0000] {dagbag.py:540} INFO - Filling up the DagBag from /opt/airflow/dags/first_crnschedular.py
[2024-04-09T15:21:35.015+0000] {processor.py:840} INFO - DAG(s) 'first_cron' retrieved from /opt/airflow/dags/first_crnschedular.py
[2024-04-09T15:21:35.063+0000] {logging_mixin.py:188} INFO - [2024-04-09T15:21:35.063+0000] {dag.py:3047} INFO - Sync 1 DAGs
[2024-04-09T15:21:35.122+0000] {logging_mixin.py:188} INFO - [2024-04-09T15:21:35.121+0000] {dag.py:3834} INFO - Setting next_dagrun for first_cron to 2024-04-02 04:05:00+00:00, run_after=2024-04-03 04:05:00+00:00
[2024-04-09T15:21:35.164+0000] {processor.py:183} INFO - Processing /opt/airflow/dags/first_crnschedular.py took 0.208 seconds
[2024-04-09T15:22:05.753+0000] {processor.py:161} INFO - Started process (PID=615) to work on /opt/airflow/dags/first_crnschedular.py
[2024-04-09T15:22:05.755+0000] {processor.py:830} INFO - Processing file /opt/airflow/dags/first_crnschedular.py for tasks to queue
[2024-04-09T15:22:05.759+0000] {logging_mixin.py:188} INFO - [2024-04-09T15:22:05.758+0000] {dagbag.py:540} INFO - Filling up the DagBag from /opt/airflow/dags/first_crnschedular.py
[2024-04-09T15:22:05.806+0000] {processor.py:840} INFO - DAG(s) 'first_cron' retrieved from /opt/airflow/dags/first_crnschedular.py
[2024-04-09T15:22:05.850+0000] {logging_mixin.py:188} INFO - [2024-04-09T15:22:05.849+0000] {dag.py:3047} INFO - Sync 1 DAGs
[2024-04-09T15:22:05.894+0000] {logging_mixin.py:188} INFO - [2024-04-09T15:22:05.894+0000] {dag.py:3834} INFO - Setting next_dagrun for first_cron to 2024-04-02 04:05:00+00:00, run_after=2024-04-03 04:05:00+00:00
[2024-04-09T15:22:05.946+0000] {processor.py:183} INFO - Processing /opt/airflow/dags/first_crnschedular.py took 0.197 seconds
[2024-04-09T15:22:36.628+0000] {processor.py:161} INFO - Started process (PID=629) to work on /opt/airflow/dags/first_crnschedular.py
[2024-04-09T15:22:36.630+0000] {processor.py:830} INFO - Processing file /opt/airflow/dags/first_crnschedular.py for tasks to queue
[2024-04-09T15:22:36.635+0000] {logging_mixin.py:188} INFO - [2024-04-09T15:22:36.633+0000] {dagbag.py:540} INFO - Filling up the DagBag from /opt/airflow/dags/first_crnschedular.py
[2024-04-09T15:22:36.681+0000] {processor.py:840} INFO - DAG(s) 'first_cron' retrieved from /opt/airflow/dags/first_crnschedular.py
[2024-04-09T15:22:36.725+0000] {logging_mixin.py:188} INFO - [2024-04-09T15:22:36.724+0000] {dag.py:3047} INFO - Sync 1 DAGs
[2024-04-09T15:22:36.770+0000] {logging_mixin.py:188} INFO - [2024-04-09T15:22:36.769+0000] {dag.py:3834} INFO - Setting next_dagrun for first_cron to 2024-04-02 04:05:00+00:00, run_after=2024-04-03 04:05:00+00:00
[2024-04-09T15:22:36.818+0000] {processor.py:183} INFO - Processing /opt/airflow/dags/first_crnschedular.py took 0.195 seconds
[2024-04-09T15:23:07.458+0000] {processor.py:161} INFO - Started process (PID=643) to work on /opt/airflow/dags/first_crnschedular.py
[2024-04-09T15:23:07.460+0000] {processor.py:830} INFO - Processing file /opt/airflow/dags/first_crnschedular.py for tasks to queue
[2024-04-09T15:23:07.463+0000] {logging_mixin.py:188} INFO - [2024-04-09T15:23:07.462+0000] {dagbag.py:540} INFO - Filling up the DagBag from /opt/airflow/dags/first_crnschedular.py
[2024-04-09T15:23:07.511+0000] {processor.py:840} INFO - DAG(s) 'first_cron' retrieved from /opt/airflow/dags/first_crnschedular.py
[2024-04-09T15:23:07.562+0000] {logging_mixin.py:188} INFO - [2024-04-09T15:23:07.561+0000] {dag.py:3047} INFO - Sync 1 DAGs
[2024-04-09T15:23:07.614+0000] {logging_mixin.py:188} INFO - [2024-04-09T15:23:07.614+0000] {dag.py:3834} INFO - Setting next_dagrun for first_cron to 2024-04-02 04:05:00+00:00, run_after=2024-04-03 04:05:00+00:00
[2024-04-09T15:23:07.671+0000] {processor.py:183} INFO - Processing /opt/airflow/dags/first_crnschedular.py took 0.218 seconds
[2024-04-09T15:23:38.317+0000] {processor.py:161} INFO - Started process (PID=658) to work on /opt/airflow/dags/first_crnschedular.py
[2024-04-09T15:23:38.320+0000] {processor.py:830} INFO - Processing file /opt/airflow/dags/first_crnschedular.py for tasks to queue
[2024-04-09T15:23:38.323+0000] {logging_mixin.py:188} INFO - [2024-04-09T15:23:38.323+0000] {dagbag.py:540} INFO - Filling up the DagBag from /opt/airflow/dags/first_crnschedular.py
[2024-04-09T15:23:38.382+0000] {processor.py:840} INFO - DAG(s) 'first_cron' retrieved from /opt/airflow/dags/first_crnschedular.py
[2024-04-09T15:23:38.434+0000] {logging_mixin.py:188} INFO - [2024-04-09T15:23:38.434+0000] {dag.py:3047} INFO - Sync 1 DAGs
[2024-04-09T15:23:38.482+0000] {logging_mixin.py:188} INFO - [2024-04-09T15:23:38.482+0000] {dag.py:3834} INFO - Setting next_dagrun for first_cron to 2024-04-02 04:05:00+00:00, run_after=2024-04-03 04:05:00+00:00
[2024-04-09T15:23:38.527+0000] {processor.py:183} INFO - Processing /opt/airflow/dags/first_crnschedular.py took 0.217 seconds
[2024-04-09T15:24:09.095+0000] {processor.py:161} INFO - Started process (PID=672) to work on /opt/airflow/dags/first_crnschedular.py
[2024-04-09T15:24:09.097+0000] {processor.py:830} INFO - Processing file /opt/airflow/dags/first_crnschedular.py for tasks to queue
[2024-04-09T15:24:09.101+0000] {logging_mixin.py:188} INFO - [2024-04-09T15:24:09.100+0000] {dagbag.py:540} INFO - Filling up the DagBag from /opt/airflow/dags/first_crnschedular.py
[2024-04-09T15:24:09.152+0000] {processor.py:840} INFO - DAG(s) 'first_cron' retrieved from /opt/airflow/dags/first_crnschedular.py
[2024-04-09T15:24:09.202+0000] {logging_mixin.py:188} INFO - [2024-04-09T15:24:09.201+0000] {dag.py:3047} INFO - Sync 1 DAGs
[2024-04-09T15:24:09.256+0000] {logging_mixin.py:188} INFO - [2024-04-09T15:24:09.256+0000] {dag.py:3834} INFO - Setting next_dagrun for first_cron to 2024-04-02 04:05:00+00:00, run_after=2024-04-03 04:05:00+00:00
[2024-04-09T15:24:09.301+0000] {processor.py:183} INFO - Processing /opt/airflow/dags/first_crnschedular.py took 0.212 seconds
[2024-04-09T15:24:39.621+0000] {processor.py:161} INFO - Started process (PID=686) to work on /opt/airflow/dags/first_crnschedular.py
[2024-04-09T15:24:39.623+0000] {processor.py:830} INFO - Processing file /opt/airflow/dags/first_crnschedular.py for tasks to queue
[2024-04-09T15:24:39.628+0000] {logging_mixin.py:188} INFO - [2024-04-09T15:24:39.627+0000] {dagbag.py:540} INFO - Filling up the DagBag from /opt/airflow/dags/first_crnschedular.py
[2024-04-09T15:24:39.679+0000] {processor.py:840} INFO - DAG(s) 'first_cron' retrieved from /opt/airflow/dags/first_crnschedular.py
[2024-04-09T15:24:39.725+0000] {logging_mixin.py:188} INFO - [2024-04-09T15:24:39.724+0000] {dag.py:3047} INFO - Sync 1 DAGs
[2024-04-09T15:24:39.769+0000] {logging_mixin.py:188} INFO - [2024-04-09T15:24:39.769+0000] {dag.py:3834} INFO - Setting next_dagrun for first_cron to 2024-04-02 04:05:00+00:00, run_after=2024-04-03 04:05:00+00:00
[2024-04-09T15:24:39.813+0000] {processor.py:183} INFO - Processing /opt/airflow/dags/first_crnschedular.py took 0.196 seconds
[2024-04-09T15:25:10.410+0000] {processor.py:161} INFO - Started process (PID=701) to work on /opt/airflow/dags/first_crnschedular.py
[2024-04-09T15:25:10.412+0000] {processor.py:830} INFO - Processing file /opt/airflow/dags/first_crnschedular.py for tasks to queue
[2024-04-09T15:25:10.415+0000] {logging_mixin.py:188} INFO - [2024-04-09T15:25:10.414+0000] {dagbag.py:540} INFO - Filling up the DagBag from /opt/airflow/dags/first_crnschedular.py
[2024-04-09T15:25:10.459+0000] {processor.py:840} INFO - DAG(s) 'first_cron' retrieved from /opt/airflow/dags/first_crnschedular.py
[2024-04-09T15:25:10.505+0000] {logging_mixin.py:188} INFO - [2024-04-09T15:25:10.505+0000] {dag.py:3047} INFO - Sync 1 DAGs
[2024-04-09T15:25:10.565+0000] {logging_mixin.py:188} INFO - [2024-04-09T15:25:10.564+0000] {dag.py:3834} INFO - Setting next_dagrun for first_cron to 2024-04-02 04:05:00+00:00, run_after=2024-04-03 04:05:00+00:00
[2024-04-09T15:25:10.604+0000] {processor.py:183} INFO - Processing /opt/airflow/dags/first_crnschedular.py took 0.198 seconds
[2024-04-09T15:25:41.018+0000] {processor.py:161} INFO - Started process (PID=715) to work on /opt/airflow/dags/first_crnschedular.py
[2024-04-09T15:25:41.020+0000] {processor.py:830} INFO - Processing file /opt/airflow/dags/first_crnschedular.py for tasks to queue
[2024-04-09T15:25:41.024+0000] {logging_mixin.py:188} INFO - [2024-04-09T15:25:41.024+0000] {dagbag.py:540} INFO - Filling up the DagBag from /opt/airflow/dags/first_crnschedular.py
[2024-04-09T15:25:41.070+0000] {processor.py:840} INFO - DAG(s) 'first_cron' retrieved from /opt/airflow/dags/first_crnschedular.py
[2024-04-09T15:25:41.118+0000] {logging_mixin.py:188} INFO - [2024-04-09T15:25:41.117+0000] {dag.py:3047} INFO - Sync 1 DAGs
[2024-04-09T15:25:41.166+0000] {logging_mixin.py:188} INFO - [2024-04-09T15:25:41.165+0000] {dag.py:3834} INFO - Setting next_dagrun for first_cron to 2024-04-02 04:05:00+00:00, run_after=2024-04-03 04:05:00+00:00
[2024-04-09T15:25:41.208+0000] {processor.py:183} INFO - Processing /opt/airflow/dags/first_crnschedular.py took 0.197 seconds
[2024-04-09T15:26:11.619+0000] {processor.py:161} INFO - Started process (PID=730) to work on /opt/airflow/dags/first_crnschedular.py
[2024-04-09T15:26:11.622+0000] {processor.py:830} INFO - Processing file /opt/airflow/dags/first_crnschedular.py for tasks to queue
[2024-04-09T15:26:11.626+0000] {logging_mixin.py:188} INFO - [2024-04-09T15:26:11.625+0000] {dagbag.py:540} INFO - Filling up the DagBag from /opt/airflow/dags/first_crnschedular.py
[2024-04-09T15:26:11.673+0000] {processor.py:840} INFO - DAG(s) 'first_cron' retrieved from /opt/airflow/dags/first_crnschedular.py
[2024-04-09T15:26:11.720+0000] {logging_mixin.py:188} INFO - [2024-04-09T15:26:11.720+0000] {dag.py:3047} INFO - Sync 1 DAGs
[2024-04-09T15:26:11.764+0000] {logging_mixin.py:188} INFO - [2024-04-09T15:26:11.763+0000] {dag.py:3834} INFO - Setting next_dagrun for first_cron to 2024-04-02 04:05:00+00:00, run_after=2024-04-03 04:05:00+00:00
[2024-04-09T15:26:11.809+0000] {processor.py:183} INFO - Processing /opt/airflow/dags/first_crnschedular.py took 0.196 seconds
[2024-04-09T15:26:42.234+0000] {processor.py:161} INFO - Started process (PID=750) to work on /opt/airflow/dags/first_crnschedular.py
[2024-04-09T15:26:42.236+0000] {processor.py:830} INFO - Processing file /opt/airflow/dags/first_crnschedular.py for tasks to queue
[2024-04-09T15:26:42.241+0000] {logging_mixin.py:188} INFO - [2024-04-09T15:26:42.240+0000] {dagbag.py:540} INFO - Filling up the DagBag from /opt/airflow/dags/first_crnschedular.py
[2024-04-09T15:26:42.288+0000] {processor.py:840} INFO - DAG(s) 'first_cron' retrieved from /opt/airflow/dags/first_crnschedular.py
[2024-04-09T15:26:42.337+0000] {logging_mixin.py:188} INFO - [2024-04-09T15:26:42.337+0000] {dag.py:3047} INFO - Sync 1 DAGs
[2024-04-09T15:26:42.383+0000] {logging_mixin.py:188} INFO - [2024-04-09T15:26:42.382+0000] {dag.py:3834} INFO - Setting next_dagrun for first_cron to 2024-04-02 04:05:00+00:00, run_after=2024-04-03 04:05:00+00:00
[2024-04-09T15:26:42.424+0000] {processor.py:183} INFO - Processing /opt/airflow/dags/first_crnschedular.py took 0.196 seconds
[2024-04-09T17:56:25.431+0000] {processor.py:161} INFO - Started process (PID=51) to work on /opt/airflow/dags/first_crnschedular.py
[2024-04-09T17:56:25.436+0000] {processor.py:830} INFO - Processing file /opt/airflow/dags/first_crnschedular.py for tasks to queue
[2024-04-09T17:56:25.446+0000] {logging_mixin.py:188} INFO - [2024-04-09T17:56:25.444+0000] {dagbag.py:540} INFO - Filling up the DagBag from /opt/airflow/dags/first_crnschedular.py
[2024-04-09T17:56:25.511+0000] {processor.py:840} INFO - DAG(s) 'first_cron' retrieved from /opt/airflow/dags/first_crnschedular.py
[2024-04-09T17:56:26.210+0000] {logging_mixin.py:188} INFO - [2024-04-09T17:56:26.208+0000] {dag.py:3047} INFO - Sync 1 DAGs
[2024-04-09T17:56:26.333+0000] {logging_mixin.py:188} INFO - [2024-04-09T17:56:26.331+0000] {dag.py:3834} INFO - Setting next_dagrun for first_cron to 2024-04-02 04:05:00+00:00, run_after=2024-04-03 04:05:00+00:00
[2024-04-09T17:56:26.471+0000] {processor.py:183} INFO - Processing /opt/airflow/dags/first_crnschedular.py took 1.047 seconds
[2024-04-09T17:56:56.697+0000] {processor.py:161} INFO - Started process (PID=66) to work on /opt/airflow/dags/first_crnschedular.py
[2024-04-09T17:56:56.700+0000] {processor.py:830} INFO - Processing file /opt/airflow/dags/first_crnschedular.py for tasks to queue
[2024-04-09T17:56:56.705+0000] {logging_mixin.py:188} INFO - [2024-04-09T17:56:56.704+0000] {dagbag.py:540} INFO - Filling up the DagBag from /opt/airflow/dags/first_crnschedular.py
[2024-04-09T17:56:56.756+0000] {processor.py:840} INFO - DAG(s) 'first_cron' retrieved from /opt/airflow/dags/first_crnschedular.py
[2024-04-09T17:56:56.810+0000] {logging_mixin.py:188} INFO - [2024-04-09T17:56:56.810+0000] {dag.py:3047} INFO - Sync 1 DAGs
[2024-04-09T17:56:56.858+0000] {logging_mixin.py:188} INFO - [2024-04-09T17:56:56.857+0000] {dag.py:3834} INFO - Setting next_dagrun for first_cron to 2024-04-02 04:05:00+00:00, run_after=2024-04-03 04:05:00+00:00
[2024-04-09T17:56:56.914+0000] {processor.py:183} INFO - Processing /opt/airflow/dags/first_crnschedular.py took 0.227 seconds
[2024-04-09T17:57:28.137+0000] {processor.py:161} INFO - Started process (PID=80) to work on /opt/airflow/dags/first_crnschedular.py
[2024-04-09T17:57:28.140+0000] {processor.py:830} INFO - Processing file /opt/airflow/dags/first_crnschedular.py for tasks to queue
[2024-04-09T17:57:28.144+0000] {logging_mixin.py:188} INFO - [2024-04-09T17:57:28.143+0000] {dagbag.py:540} INFO - Filling up the DagBag from /opt/airflow/dags/first_crnschedular.py
[2024-04-09T17:57:28.190+0000] {processor.py:840} INFO - DAG(s) 'first_cron' retrieved from /opt/airflow/dags/first_crnschedular.py
[2024-04-09T17:57:28.232+0000] {logging_mixin.py:188} INFO - [2024-04-09T17:57:28.232+0000] {dag.py:3047} INFO - Sync 1 DAGs
[2024-04-09T17:57:28.280+0000] {logging_mixin.py:188} INFO - [2024-04-09T17:57:28.280+0000] {dag.py:3834} INFO - Setting next_dagrun for first_cron to 2024-04-02 04:05:00+00:00, run_after=2024-04-03 04:05:00+00:00
[2024-04-09T17:57:30.627+0000] {processor.py:183} INFO - Processing /opt/airflow/dags/first_crnschedular.py took 2.497 seconds
[2024-04-09T17:58:00.811+0000] {processor.py:161} INFO - Started process (PID=88) to work on /opt/airflow/dags/first_crnschedular.py
[2024-04-09T17:58:00.813+0000] {processor.py:830} INFO - Processing file /opt/airflow/dags/first_crnschedular.py for tasks to queue
[2024-04-09T17:58:00.816+0000] {logging_mixin.py:188} INFO - [2024-04-09T17:58:00.815+0000] {dagbag.py:540} INFO - Filling up the DagBag from /opt/airflow/dags/first_crnschedular.py
[2024-04-09T17:58:00.859+0000] {processor.py:840} INFO - DAG(s) 'first_cron' retrieved from /opt/airflow/dags/first_crnschedular.py
[2024-04-09T17:58:00.901+0000] {logging_mixin.py:188} INFO - [2024-04-09T17:58:00.900+0000] {dag.py:3047} INFO - Sync 1 DAGs
[2024-04-09T17:58:00.961+0000] {logging_mixin.py:188} INFO - [2024-04-09T17:58:00.960+0000] {dag.py:3834} INFO - Setting next_dagrun for first_cron to 2024-04-02 04:05:00+00:00, run_after=2024-04-03 04:05:00+00:00
[2024-04-09T17:58:01.031+0000] {processor.py:183} INFO - Processing /opt/airflow/dags/first_crnschedular.py took 0.225 seconds
[2024-04-09T17:58:31.605+0000] {processor.py:161} INFO - Started process (PID=103) to work on /opt/airflow/dags/first_crnschedular.py
[2024-04-09T17:58:31.608+0000] {processor.py:830} INFO - Processing file /opt/airflow/dags/first_crnschedular.py for tasks to queue
[2024-04-09T17:58:31.611+0000] {logging_mixin.py:188} INFO - [2024-04-09T17:58:31.610+0000] {dagbag.py:540} INFO - Filling up the DagBag from /opt/airflow/dags/first_crnschedular.py
[2024-04-09T17:58:31.667+0000] {processor.py:840} INFO - DAG(s) 'first_cron' retrieved from /opt/airflow/dags/first_crnschedular.py
[2024-04-09T17:58:31.714+0000] {logging_mixin.py:188} INFO - [2024-04-09T17:58:31.713+0000] {dag.py:3047} INFO - Sync 1 DAGs
[2024-04-09T17:58:31.774+0000] {logging_mixin.py:188} INFO - [2024-04-09T17:58:31.774+0000] {dag.py:3834} INFO - Setting next_dagrun for first_cron to 2024-04-02 04:05:00+00:00, run_after=2024-04-03 04:05:00+00:00
[2024-04-09T17:58:31.822+0000] {processor.py:183} INFO - Processing /opt/airflow/dags/first_crnschedular.py took 0.224 seconds
