[2024-04-09T15:01:33.114+0000] {processor.py:161} INFO - Started process (PID=53) to work on /opt/airflow/dags/first_taskflowpyt.py
[2024-04-09T15:01:33.116+0000] {processor.py:830} INFO - Processing file /opt/airflow/dags/first_taskflowpyt.py for tasks to queue
[2024-04-09T15:01:33.121+0000] {logging_mixin.py:188} INFO - [2024-04-09T15:01:33.120+0000] {dagbag.py:540} INFO - Filling up the DagBag from /opt/airflow/dags/first_taskflowpyt.py
[2024-04-09T15:01:33.197+0000] {processor.py:840} INFO - DAG(s) 'first_taskflow' retrieved from /opt/airflow/dags/first_taskflowpyt.py
[2024-04-09T15:01:33.284+0000] {logging_mixin.py:188} INFO - [2024-04-09T15:01:33.284+0000] {dag.py:3047} INFO - Sync 1 DAGs
[2024-04-09T15:01:33.363+0000] {logging_mixin.py:188} INFO - [2024-04-09T15:01:33.363+0000] {dag.py:3834} INFO - Setting next_dagrun for first_taskflow to 2024-04-04 00:00:00+00:00, run_after=2024-04-05 00:00:00+00:00
[2024-04-09T15:01:33.410+0000] {processor.py:183} INFO - Processing /opt/airflow/dags/first_taskflowpyt.py took 0.304 seconds
[2024-04-09T15:02:04.042+0000] {processor.py:161} INFO - Started process (PID=67) to work on /opt/airflow/dags/first_taskflowpyt.py
[2024-04-09T15:02:04.045+0000] {processor.py:830} INFO - Processing file /opt/airflow/dags/first_taskflowpyt.py for tasks to queue
[2024-04-09T15:02:04.050+0000] {logging_mixin.py:188} INFO - [2024-04-09T15:02:04.049+0000] {dagbag.py:540} INFO - Filling up the DagBag from /opt/airflow/dags/first_taskflowpyt.py
[2024-04-09T15:02:04.104+0000] {processor.py:840} INFO - DAG(s) 'first_taskflow' retrieved from /opt/airflow/dags/first_taskflowpyt.py
[2024-04-09T15:02:04.344+0000] {logging_mixin.py:188} INFO - [2024-04-09T15:02:04.344+0000] {dag.py:3047} INFO - Sync 1 DAGs
[2024-04-09T15:02:04.385+0000] {logging_mixin.py:188} INFO - [2024-04-09T15:02:04.385+0000] {dag.py:3834} INFO - Setting next_dagrun for first_taskflow to 2024-04-04 00:00:00+00:00, run_after=2024-04-05 00:00:00+00:00
[2024-04-09T15:02:04.442+0000] {processor.py:183} INFO - Processing /opt/airflow/dags/first_taskflowpyt.py took 0.407 seconds
[2024-04-09T15:02:34.895+0000] {processor.py:161} INFO - Started process (PID=81) to work on /opt/airflow/dags/first_taskflowpyt.py
[2024-04-09T15:02:34.897+0000] {processor.py:830} INFO - Processing file /opt/airflow/dags/first_taskflowpyt.py for tasks to queue
[2024-04-09T15:02:34.900+0000] {logging_mixin.py:188} INFO - [2024-04-09T15:02:34.900+0000] {dagbag.py:540} INFO - Filling up the DagBag from /opt/airflow/dags/first_taskflowpyt.py
[2024-04-09T15:02:34.951+0000] {processor.py:840} INFO - DAG(s) 'first_taskflow' retrieved from /opt/airflow/dags/first_taskflowpyt.py
[2024-04-09T15:02:35.002+0000] {logging_mixin.py:188} INFO - [2024-04-09T15:02:35.001+0000] {dag.py:3047} INFO - Sync 1 DAGs
[2024-04-09T15:02:35.049+0000] {logging_mixin.py:188} INFO - [2024-04-09T15:02:35.048+0000] {dag.py:3834} INFO - Setting next_dagrun for first_taskflow to 2024-04-04 00:00:00+00:00, run_after=2024-04-05 00:00:00+00:00
[2024-04-09T15:02:35.099+0000] {processor.py:183} INFO - Processing /opt/airflow/dags/first_taskflowpyt.py took 0.208 seconds
[2024-04-09T15:03:05.731+0000] {processor.py:161} INFO - Started process (PID=95) to work on /opt/airflow/dags/first_taskflowpyt.py
[2024-04-09T15:03:05.733+0000] {processor.py:830} INFO - Processing file /opt/airflow/dags/first_taskflowpyt.py for tasks to queue
[2024-04-09T15:03:05.737+0000] {logging_mixin.py:188} INFO - [2024-04-09T15:03:05.737+0000] {dagbag.py:540} INFO - Filling up the DagBag from /opt/airflow/dags/first_taskflowpyt.py
[2024-04-09T15:03:05.799+0000] {processor.py:840} INFO - DAG(s) 'first_taskflow' retrieved from /opt/airflow/dags/first_taskflowpyt.py
[2024-04-09T15:03:05.847+0000] {logging_mixin.py:188} INFO - [2024-04-09T15:03:05.846+0000] {dag.py:3047} INFO - Sync 1 DAGs
[2024-04-09T15:03:05.900+0000] {logging_mixin.py:188} INFO - [2024-04-09T15:03:05.899+0000] {dag.py:3834} INFO - Setting next_dagrun for first_taskflow to 2024-04-04 00:00:00+00:00, run_after=2024-04-05 00:00:00+00:00
[2024-04-09T15:03:05.944+0000] {processor.py:183} INFO - Processing /opt/airflow/dags/first_taskflowpyt.py took 0.219 seconds
[2024-04-09T15:03:36.329+0000] {processor.py:161} INFO - Started process (PID=109) to work on /opt/airflow/dags/first_taskflowpyt.py
[2024-04-09T15:03:36.332+0000] {processor.py:830} INFO - Processing file /opt/airflow/dags/first_taskflowpyt.py for tasks to queue
[2024-04-09T15:03:36.336+0000] {logging_mixin.py:188} INFO - [2024-04-09T15:03:36.335+0000] {dagbag.py:540} INFO - Filling up the DagBag from /opt/airflow/dags/first_taskflowpyt.py
[2024-04-09T15:03:36.392+0000] {processor.py:840} INFO - DAG(s) 'first_taskflow' retrieved from /opt/airflow/dags/first_taskflowpyt.py
[2024-04-09T15:03:36.445+0000] {logging_mixin.py:188} INFO - [2024-04-09T15:03:36.445+0000] {dag.py:3047} INFO - Sync 1 DAGs
[2024-04-09T15:03:36.502+0000] {logging_mixin.py:188} INFO - [2024-04-09T15:03:36.501+0000] {dag.py:3834} INFO - Setting next_dagrun for first_taskflow to 2024-04-04 00:00:00+00:00, run_after=2024-04-05 00:00:00+00:00
[2024-04-09T15:03:36.545+0000] {processor.py:183} INFO - Processing /opt/airflow/dags/first_taskflowpyt.py took 0.223 seconds
[2024-04-09T15:04:07.135+0000] {processor.py:161} INFO - Started process (PID=123) to work on /opt/airflow/dags/first_taskflowpyt.py
[2024-04-09T15:04:07.137+0000] {processor.py:830} INFO - Processing file /opt/airflow/dags/first_taskflowpyt.py for tasks to queue
[2024-04-09T15:04:07.140+0000] {logging_mixin.py:188} INFO - [2024-04-09T15:04:07.139+0000] {dagbag.py:540} INFO - Filling up the DagBag from /opt/airflow/dags/first_taskflowpyt.py
[2024-04-09T15:04:07.199+0000] {processor.py:840} INFO - DAG(s) 'first_taskflow' retrieved from /opt/airflow/dags/first_taskflowpyt.py
[2024-04-09T15:04:07.244+0000] {logging_mixin.py:188} INFO - [2024-04-09T15:04:07.243+0000] {dag.py:3047} INFO - Sync 1 DAGs
[2024-04-09T15:04:07.293+0000] {logging_mixin.py:188} INFO - [2024-04-09T15:04:07.292+0000] {dag.py:3834} INFO - Setting next_dagrun for first_taskflow to 2024-04-04 00:00:00+00:00, run_after=2024-04-05 00:00:00+00:00
[2024-04-09T15:04:07.337+0000] {processor.py:183} INFO - Processing /opt/airflow/dags/first_taskflowpyt.py took 0.207 seconds
[2024-04-09T15:04:37.842+0000] {processor.py:161} INFO - Started process (PID=137) to work on /opt/airflow/dags/first_taskflowpyt.py
[2024-04-09T15:04:37.845+0000] {processor.py:830} INFO - Processing file /opt/airflow/dags/first_taskflowpyt.py for tasks to queue
[2024-04-09T15:04:37.849+0000] {logging_mixin.py:188} INFO - [2024-04-09T15:04:37.848+0000] {dagbag.py:540} INFO - Filling up the DagBag from /opt/airflow/dags/first_taskflowpyt.py
[2024-04-09T15:04:37.907+0000] {processor.py:840} INFO - DAG(s) 'first_taskflow' retrieved from /opt/airflow/dags/first_taskflowpyt.py
[2024-04-09T15:04:37.955+0000] {logging_mixin.py:188} INFO - [2024-04-09T15:04:37.954+0000] {dag.py:3047} INFO - Sync 1 DAGs
[2024-04-09T15:04:38.022+0000] {logging_mixin.py:188} INFO - [2024-04-09T15:04:38.022+0000] {dag.py:3834} INFO - Setting next_dagrun for first_taskflow to 2024-04-04 00:00:00+00:00, run_after=2024-04-05 00:00:00+00:00
[2024-04-09T15:04:38.070+0000] {processor.py:183} INFO - Processing /opt/airflow/dags/first_taskflowpyt.py took 0.233 seconds
[2024-04-09T15:05:12.296+0000] {processor.py:161} INFO - Started process (PID=151) to work on /opt/airflow/dags/first_taskflowpyt.py
[2024-04-09T15:05:12.298+0000] {processor.py:830} INFO - Processing file /opt/airflow/dags/first_taskflowpyt.py for tasks to queue
[2024-04-09T15:05:12.303+0000] {logging_mixin.py:188} INFO - [2024-04-09T15:05:12.302+0000] {dagbag.py:540} INFO - Filling up the DagBag from /opt/airflow/dags/first_taskflowpyt.py
[2024-04-09T15:05:12.356+0000] {processor.py:840} INFO - DAG(s) 'first_taskflow' retrieved from /opt/airflow/dags/first_taskflowpyt.py
[2024-04-09T15:05:12.398+0000] {logging_mixin.py:188} INFO - [2024-04-09T15:05:12.397+0000] {dag.py:3047} INFO - Sync 1 DAGs
[2024-04-09T15:05:12.452+0000] {logging_mixin.py:188} INFO - [2024-04-09T15:05:12.452+0000] {dag.py:3834} INFO - Setting next_dagrun for first_taskflow to 2024-04-04 00:00:00+00:00, run_after=2024-04-05 00:00:00+00:00
[2024-04-09T15:05:13.583+0000] {processor.py:183} INFO - Processing /opt/airflow/dags/first_taskflowpyt.py took 1.293 seconds
[2024-04-09T15:05:43.888+0000] {processor.py:161} INFO - Started process (PID=165) to work on /opt/airflow/dags/first_taskflowpyt.py
[2024-04-09T15:05:43.890+0000] {processor.py:830} INFO - Processing file /opt/airflow/dags/first_taskflowpyt.py for tasks to queue
[2024-04-09T15:05:43.894+0000] {logging_mixin.py:188} INFO - [2024-04-09T15:05:43.894+0000] {dagbag.py:540} INFO - Filling up the DagBag from /opt/airflow/dags/first_taskflowpyt.py
[2024-04-09T15:05:43.948+0000] {processor.py:840} INFO - DAG(s) 'first_taskflow' retrieved from /opt/airflow/dags/first_taskflowpyt.py
[2024-04-09T15:05:44.006+0000] {logging_mixin.py:188} INFO - [2024-04-09T15:05:44.006+0000] {dag.py:3047} INFO - Sync 1 DAGs
[2024-04-09T15:05:44.069+0000] {logging_mixin.py:188} INFO - [2024-04-09T15:05:44.068+0000] {dag.py:3834} INFO - Setting next_dagrun for first_taskflow to 2024-04-04 00:00:00+00:00, run_after=2024-04-05 00:00:00+00:00
[2024-04-09T15:05:44.109+0000] {processor.py:183} INFO - Processing /opt/airflow/dags/first_taskflowpyt.py took 0.227 seconds
[2024-04-09T15:06:14.501+0000] {processor.py:161} INFO - Started process (PID=179) to work on /opt/airflow/dags/first_taskflowpyt.py
[2024-04-09T15:06:14.503+0000] {processor.py:830} INFO - Processing file /opt/airflow/dags/first_taskflowpyt.py for tasks to queue
[2024-04-09T15:06:14.508+0000] {logging_mixin.py:188} INFO - [2024-04-09T15:06:14.507+0000] {dagbag.py:540} INFO - Filling up the DagBag from /opt/airflow/dags/first_taskflowpyt.py
[2024-04-09T15:06:14.557+0000] {processor.py:840} INFO - DAG(s) 'first_taskflow' retrieved from /opt/airflow/dags/first_taskflowpyt.py
[2024-04-09T15:06:14.605+0000] {logging_mixin.py:188} INFO - [2024-04-09T15:06:14.604+0000] {dag.py:3047} INFO - Sync 1 DAGs
[2024-04-09T15:06:14.653+0000] {logging_mixin.py:188} INFO - [2024-04-09T15:06:14.653+0000] {dag.py:3834} INFO - Setting next_dagrun for first_taskflow to 2024-04-04 00:00:00+00:00, run_after=2024-04-05 00:00:00+00:00
[2024-04-09T15:06:14.704+0000] {processor.py:183} INFO - Processing /opt/airflow/dags/first_taskflowpyt.py took 0.208 seconds
[2024-04-09T15:06:44.934+0000] {processor.py:161} INFO - Started process (PID=193) to work on /opt/airflow/dags/first_taskflowpyt.py
[2024-04-09T15:06:44.936+0000] {processor.py:830} INFO - Processing file /opt/airflow/dags/first_taskflowpyt.py for tasks to queue
[2024-04-09T15:06:44.939+0000] {logging_mixin.py:188} INFO - [2024-04-09T15:06:44.939+0000] {dagbag.py:540} INFO - Filling up the DagBag from /opt/airflow/dags/first_taskflowpyt.py
[2024-04-09T15:06:44.992+0000] {processor.py:840} INFO - DAG(s) 'first_taskflow' retrieved from /opt/airflow/dags/first_taskflowpyt.py
[2024-04-09T15:06:45.040+0000] {logging_mixin.py:188} INFO - [2024-04-09T15:06:45.039+0000] {dag.py:3047} INFO - Sync 1 DAGs
[2024-04-09T15:06:45.086+0000] {logging_mixin.py:188} INFO - [2024-04-09T15:06:45.086+0000] {dag.py:3834} INFO - Setting next_dagrun for first_taskflow to 2024-04-04 00:00:00+00:00, run_after=2024-04-05 00:00:00+00:00
[2024-04-09T15:06:45.130+0000] {processor.py:183} INFO - Processing /opt/airflow/dags/first_taskflowpyt.py took 0.202 seconds
[2024-04-09T15:07:15.854+0000] {processor.py:161} INFO - Started process (PID=207) to work on /opt/airflow/dags/first_taskflowpyt.py
[2024-04-09T15:07:15.857+0000] {processor.py:830} INFO - Processing file /opt/airflow/dags/first_taskflowpyt.py for tasks to queue
[2024-04-09T15:07:15.860+0000] {logging_mixin.py:188} INFO - [2024-04-09T15:07:15.860+0000] {dagbag.py:540} INFO - Filling up the DagBag from /opt/airflow/dags/first_taskflowpyt.py
[2024-04-09T15:07:15.912+0000] {processor.py:840} INFO - DAG(s) 'first_taskflow' retrieved from /opt/airflow/dags/first_taskflowpyt.py
[2024-04-09T15:07:15.956+0000] {logging_mixin.py:188} INFO - [2024-04-09T15:07:15.956+0000] {dag.py:3047} INFO - Sync 1 DAGs
[2024-04-09T15:07:16.004+0000] {logging_mixin.py:188} INFO - [2024-04-09T15:07:16.003+0000] {dag.py:3834} INFO - Setting next_dagrun for first_taskflow to 2024-04-04 00:00:00+00:00, run_after=2024-04-05 00:00:00+00:00
[2024-04-09T15:07:16.048+0000] {processor.py:183} INFO - Processing /opt/airflow/dags/first_taskflowpyt.py took 0.201 seconds
[2024-04-09T15:07:46.708+0000] {processor.py:161} INFO - Started process (PID=221) to work on /opt/airflow/dags/first_taskflowpyt.py
[2024-04-09T15:07:46.710+0000] {processor.py:830} INFO - Processing file /opt/airflow/dags/first_taskflowpyt.py for tasks to queue
[2024-04-09T15:07:46.713+0000] {logging_mixin.py:188} INFO - [2024-04-09T15:07:46.713+0000] {dagbag.py:540} INFO - Filling up the DagBag from /opt/airflow/dags/first_taskflowpyt.py
[2024-04-09T15:07:46.765+0000] {processor.py:840} INFO - DAG(s) 'first_taskflow' retrieved from /opt/airflow/dags/first_taskflowpyt.py
[2024-04-09T15:07:46.811+0000] {logging_mixin.py:188} INFO - [2024-04-09T15:07:46.810+0000] {dag.py:3047} INFO - Sync 1 DAGs
[2024-04-09T15:07:46.854+0000] {logging_mixin.py:188} INFO - [2024-04-09T15:07:46.854+0000] {dag.py:3834} INFO - Setting next_dagrun for first_taskflow to 2024-04-04 00:00:00+00:00, run_after=2024-04-05 00:00:00+00:00
[2024-04-09T15:07:46.900+0000] {processor.py:183} INFO - Processing /opt/airflow/dags/first_taskflowpyt.py took 0.198 seconds
[2024-04-09T15:08:17.515+0000] {processor.py:161} INFO - Started process (PID=235) to work on /opt/airflow/dags/first_taskflowpyt.py
[2024-04-09T15:08:17.517+0000] {processor.py:830} INFO - Processing file /opt/airflow/dags/first_taskflowpyt.py for tasks to queue
[2024-04-09T15:08:17.520+0000] {logging_mixin.py:188} INFO - [2024-04-09T15:08:17.520+0000] {dagbag.py:540} INFO - Filling up the DagBag from /opt/airflow/dags/first_taskflowpyt.py
[2024-04-09T15:08:17.570+0000] {processor.py:840} INFO - DAG(s) 'first_taskflow' retrieved from /opt/airflow/dags/first_taskflowpyt.py
[2024-04-09T15:08:17.617+0000] {logging_mixin.py:188} INFO - [2024-04-09T15:08:17.616+0000] {dag.py:3047} INFO - Sync 1 DAGs
[2024-04-09T15:08:17.674+0000] {logging_mixin.py:188} INFO - [2024-04-09T15:08:17.673+0000] {dag.py:3834} INFO - Setting next_dagrun for first_taskflow to 2024-04-04 00:00:00+00:00, run_after=2024-04-05 00:00:00+00:00
[2024-04-09T15:08:17.720+0000] {processor.py:183} INFO - Processing /opt/airflow/dags/first_taskflowpyt.py took 0.209 seconds
[2024-04-09T15:08:48.433+0000] {processor.py:161} INFO - Started process (PID=249) to work on /opt/airflow/dags/first_taskflowpyt.py
[2024-04-09T15:08:48.435+0000] {processor.py:830} INFO - Processing file /opt/airflow/dags/first_taskflowpyt.py for tasks to queue
[2024-04-09T15:08:48.440+0000] {logging_mixin.py:188} INFO - [2024-04-09T15:08:48.439+0000] {dagbag.py:540} INFO - Filling up the DagBag from /opt/airflow/dags/first_taskflowpyt.py
[2024-04-09T15:08:48.488+0000] {processor.py:840} INFO - DAG(s) 'first_taskflow' retrieved from /opt/airflow/dags/first_taskflowpyt.py
[2024-04-09T15:08:48.531+0000] {logging_mixin.py:188} INFO - [2024-04-09T15:08:48.530+0000] {dag.py:3047} INFO - Sync 1 DAGs
[2024-04-09T15:08:48.580+0000] {logging_mixin.py:188} INFO - [2024-04-09T15:08:48.579+0000] {dag.py:3834} INFO - Setting next_dagrun for first_taskflow to 2024-04-04 00:00:00+00:00, run_after=2024-04-05 00:00:00+00:00
[2024-04-09T15:08:48.620+0000] {processor.py:183} INFO - Processing /opt/airflow/dags/first_taskflowpyt.py took 0.194 seconds
[2024-04-09T15:09:18.727+0000] {processor.py:161} INFO - Started process (PID=263) to work on /opt/airflow/dags/first_taskflowpyt.py
[2024-04-09T15:09:18.729+0000] {processor.py:830} INFO - Processing file /opt/airflow/dags/first_taskflowpyt.py for tasks to queue
[2024-04-09T15:09:18.732+0000] {logging_mixin.py:188} INFO - [2024-04-09T15:09:18.732+0000] {dagbag.py:540} INFO - Filling up the DagBag from /opt/airflow/dags/first_taskflowpyt.py
[2024-04-09T15:09:18.789+0000] {processor.py:840} INFO - DAG(s) 'first_taskflow' retrieved from /opt/airflow/dags/first_taskflowpyt.py
[2024-04-09T15:09:18.832+0000] {logging_mixin.py:188} INFO - [2024-04-09T15:09:18.832+0000] {dag.py:3047} INFO - Sync 1 DAGs
[2024-04-09T15:09:18.874+0000] {logging_mixin.py:188} INFO - [2024-04-09T15:09:18.873+0000] {dag.py:3834} INFO - Setting next_dagrun for first_taskflow to 2024-04-04 00:00:00+00:00, run_after=2024-04-05 00:00:00+00:00
[2024-04-09T15:09:18.912+0000] {processor.py:183} INFO - Processing /opt/airflow/dags/first_taskflowpyt.py took 0.190 seconds
[2024-04-09T15:09:49.043+0000] {processor.py:161} INFO - Started process (PID=277) to work on /opt/airflow/dags/first_taskflowpyt.py
[2024-04-09T15:09:49.045+0000] {processor.py:830} INFO - Processing file /opt/airflow/dags/first_taskflowpyt.py for tasks to queue
[2024-04-09T15:09:49.049+0000] {logging_mixin.py:188} INFO - [2024-04-09T15:09:49.048+0000] {dagbag.py:540} INFO - Filling up the DagBag from /opt/airflow/dags/first_taskflowpyt.py
[2024-04-09T15:09:49.107+0000] {processor.py:840} INFO - DAG(s) 'first_taskflow' retrieved from /opt/airflow/dags/first_taskflowpyt.py
[2024-04-09T15:09:49.162+0000] {logging_mixin.py:188} INFO - [2024-04-09T15:09:49.161+0000] {dag.py:3047} INFO - Sync 1 DAGs
[2024-04-09T15:09:49.215+0000] {logging_mixin.py:188} INFO - [2024-04-09T15:09:49.215+0000] {dag.py:3834} INFO - Setting next_dagrun for first_taskflow to 2024-04-04 00:00:00+00:00, run_after=2024-04-05 00:00:00+00:00
[2024-04-09T15:09:49.263+0000] {processor.py:183} INFO - Processing /opt/airflow/dags/first_taskflowpyt.py took 0.225 seconds
[2024-04-09T15:10:19.993+0000] {processor.py:161} INFO - Started process (PID=291) to work on /opt/airflow/dags/first_taskflowpyt.py
[2024-04-09T15:10:19.998+0000] {processor.py:830} INFO - Processing file /opt/airflow/dags/first_taskflowpyt.py for tasks to queue
[2024-04-09T15:10:20.004+0000] {logging_mixin.py:188} INFO - [2024-04-09T15:10:20.003+0000] {dagbag.py:540} INFO - Filling up the DagBag from /opt/airflow/dags/first_taskflowpyt.py
[2024-04-09T15:10:20.060+0000] {processor.py:840} INFO - DAG(s) 'first_taskflow' retrieved from /opt/airflow/dags/first_taskflowpyt.py
[2024-04-09T15:10:20.115+0000] {logging_mixin.py:188} INFO - [2024-04-09T15:10:20.114+0000] {dag.py:3047} INFO - Sync 1 DAGs
[2024-04-09T15:10:20.173+0000] {logging_mixin.py:188} INFO - [2024-04-09T15:10:20.172+0000] {dag.py:3834} INFO - Setting next_dagrun for first_taskflow to 2024-04-04 00:00:00+00:00, run_after=2024-04-05 00:00:00+00:00
[2024-04-09T15:10:20.219+0000] {processor.py:183} INFO - Processing /opt/airflow/dags/first_taskflowpyt.py took 0.234 seconds
[2024-04-09T15:10:50.889+0000] {processor.py:161} INFO - Started process (PID=305) to work on /opt/airflow/dags/first_taskflowpyt.py
[2024-04-09T15:10:50.892+0000] {processor.py:830} INFO - Processing file /opt/airflow/dags/first_taskflowpyt.py for tasks to queue
[2024-04-09T15:10:50.897+0000] {logging_mixin.py:188} INFO - [2024-04-09T15:10:50.897+0000] {dagbag.py:540} INFO - Filling up the DagBag from /opt/airflow/dags/first_taskflowpyt.py
[2024-04-09T15:10:50.950+0000] {processor.py:840} INFO - DAG(s) 'first_taskflow' retrieved from /opt/airflow/dags/first_taskflowpyt.py
[2024-04-09T15:10:50.998+0000] {logging_mixin.py:188} INFO - [2024-04-09T15:10:50.998+0000] {dag.py:3047} INFO - Sync 1 DAGs
[2024-04-09T15:10:51.042+0000] {logging_mixin.py:188} INFO - [2024-04-09T15:10:51.041+0000] {dag.py:3834} INFO - Setting next_dagrun for first_taskflow to 2024-04-04 00:00:00+00:00, run_after=2024-04-05 00:00:00+00:00
[2024-04-09T15:10:51.097+0000] {processor.py:183} INFO - Processing /opt/airflow/dags/first_taskflowpyt.py took 0.216 seconds
[2024-04-09T15:11:21.308+0000] {processor.py:161} INFO - Started process (PID=319) to work on /opt/airflow/dags/first_taskflowpyt.py
[2024-04-09T15:11:21.310+0000] {processor.py:830} INFO - Processing file /opt/airflow/dags/first_taskflowpyt.py for tasks to queue
[2024-04-09T15:11:21.314+0000] {logging_mixin.py:188} INFO - [2024-04-09T15:11:21.314+0000] {dagbag.py:540} INFO - Filling up the DagBag from /opt/airflow/dags/first_taskflowpyt.py
[2024-04-09T15:11:21.366+0000] {processor.py:840} INFO - DAG(s) 'first_taskflow' retrieved from /opt/airflow/dags/first_taskflowpyt.py
[2024-04-09T15:11:21.418+0000] {logging_mixin.py:188} INFO - [2024-04-09T15:11:21.417+0000] {dag.py:3047} INFO - Sync 1 DAGs
[2024-04-09T15:11:21.466+0000] {logging_mixin.py:188} INFO - [2024-04-09T15:11:21.465+0000] {dag.py:3834} INFO - Setting next_dagrun for first_taskflow to 2024-04-04 00:00:00+00:00, run_after=2024-04-05 00:00:00+00:00
[2024-04-09T15:11:21.509+0000] {processor.py:183} INFO - Processing /opt/airflow/dags/first_taskflowpyt.py took 0.206 seconds
[2024-04-09T15:11:51.754+0000] {processor.py:161} INFO - Started process (PID=333) to work on /opt/airflow/dags/first_taskflowpyt.py
[2024-04-09T15:11:51.756+0000] {processor.py:830} INFO - Processing file /opt/airflow/dags/first_taskflowpyt.py for tasks to queue
[2024-04-09T15:11:51.762+0000] {logging_mixin.py:188} INFO - [2024-04-09T15:11:51.761+0000] {dagbag.py:540} INFO - Filling up the DagBag from /opt/airflow/dags/first_taskflowpyt.py
[2024-04-09T15:11:51.813+0000] {processor.py:840} INFO - DAG(s) 'first_taskflow' retrieved from /opt/airflow/dags/first_taskflowpyt.py
[2024-04-09T15:11:51.858+0000] {logging_mixin.py:188} INFO - [2024-04-09T15:11:51.857+0000] {dag.py:3047} INFO - Sync 1 DAGs
[2024-04-09T15:11:51.906+0000] {logging_mixin.py:188} INFO - [2024-04-09T15:11:51.905+0000] {dag.py:3834} INFO - Setting next_dagrun for first_taskflow to 2024-04-04 00:00:00+00:00, run_after=2024-04-05 00:00:00+00:00
[2024-04-09T15:11:51.948+0000] {processor.py:183} INFO - Processing /opt/airflow/dags/first_taskflowpyt.py took 0.201 seconds
[2024-04-09T15:12:22.286+0000] {processor.py:161} INFO - Started process (PID=347) to work on /opt/airflow/dags/first_taskflowpyt.py
[2024-04-09T15:12:22.288+0000] {processor.py:830} INFO - Processing file /opt/airflow/dags/first_taskflowpyt.py for tasks to queue
[2024-04-09T15:12:22.291+0000] {logging_mixin.py:188} INFO - [2024-04-09T15:12:22.290+0000] {dagbag.py:540} INFO - Filling up the DagBag from /opt/airflow/dags/first_taskflowpyt.py
[2024-04-09T15:12:22.345+0000] {processor.py:840} INFO - DAG(s) 'first_taskflow' retrieved from /opt/airflow/dags/first_taskflowpyt.py
[2024-04-09T15:12:22.392+0000] {logging_mixin.py:188} INFO - [2024-04-09T15:12:22.392+0000] {dag.py:3047} INFO - Sync 1 DAGs
[2024-04-09T15:12:22.434+0000] {logging_mixin.py:188} INFO - [2024-04-09T15:12:22.434+0000] {dag.py:3834} INFO - Setting next_dagrun for first_taskflow to 2024-04-04 00:00:00+00:00, run_after=2024-04-05 00:00:00+00:00
[2024-04-09T15:12:22.492+0000] {processor.py:183} INFO - Processing /opt/airflow/dags/first_taskflowpyt.py took 0.211 seconds
[2024-04-09T15:12:52.698+0000] {processor.py:161} INFO - Started process (PID=362) to work on /opt/airflow/dags/first_taskflowpyt.py
[2024-04-09T15:12:52.700+0000] {processor.py:830} INFO - Processing file /opt/airflow/dags/first_taskflowpyt.py for tasks to queue
[2024-04-09T15:12:52.704+0000] {logging_mixin.py:188} INFO - [2024-04-09T15:12:52.703+0000] {dagbag.py:540} INFO - Filling up the DagBag from /opt/airflow/dags/first_taskflowpyt.py
[2024-04-09T15:12:52.761+0000] {processor.py:840} INFO - DAG(s) 'first_taskflow' retrieved from /opt/airflow/dags/first_taskflowpyt.py
[2024-04-09T15:12:52.815+0000] {logging_mixin.py:188} INFO - [2024-04-09T15:12:52.815+0000] {dag.py:3047} INFO - Sync 1 DAGs
[2024-04-09T15:12:52.869+0000] {logging_mixin.py:188} INFO - [2024-04-09T15:12:52.868+0000] {dag.py:3834} INFO - Setting next_dagrun for first_taskflow to 2024-04-04 00:00:00+00:00, run_after=2024-04-05 00:00:00+00:00
[2024-04-09T15:12:52.912+0000] {processor.py:183} INFO - Processing /opt/airflow/dags/first_taskflowpyt.py took 0.220 seconds
[2024-04-09T15:13:23.041+0000] {processor.py:161} INFO - Started process (PID=376) to work on /opt/airflow/dags/first_taskflowpyt.py
[2024-04-09T15:13:23.044+0000] {processor.py:830} INFO - Processing file /opt/airflow/dags/first_taskflowpyt.py for tasks to queue
[2024-04-09T15:13:23.048+0000] {logging_mixin.py:188} INFO - [2024-04-09T15:13:23.047+0000] {dagbag.py:540} INFO - Filling up the DagBag from /opt/airflow/dags/first_taskflowpyt.py
[2024-04-09T15:13:23.112+0000] {processor.py:840} INFO - DAG(s) 'first_taskflow' retrieved from /opt/airflow/dags/first_taskflowpyt.py
[2024-04-09T15:13:23.182+0000] {logging_mixin.py:188} INFO - [2024-04-09T15:13:23.181+0000] {dag.py:3047} INFO - Sync 1 DAGs
[2024-04-09T15:13:23.246+0000] {logging_mixin.py:188} INFO - [2024-04-09T15:13:23.245+0000] {dag.py:3834} INFO - Setting next_dagrun for first_taskflow to 2024-04-04 00:00:00+00:00, run_after=2024-04-05 00:00:00+00:00
[2024-04-09T15:13:23.301+0000] {processor.py:183} INFO - Processing /opt/airflow/dags/first_taskflowpyt.py took 0.267 seconds
[2024-04-09T15:13:53.931+0000] {processor.py:161} INFO - Started process (PID=390) to work on /opt/airflow/dags/first_taskflowpyt.py
[2024-04-09T15:13:53.933+0000] {processor.py:830} INFO - Processing file /opt/airflow/dags/first_taskflowpyt.py for tasks to queue
[2024-04-09T15:13:53.937+0000] {logging_mixin.py:188} INFO - [2024-04-09T15:13:53.936+0000] {dagbag.py:540} INFO - Filling up the DagBag from /opt/airflow/dags/first_taskflowpyt.py
[2024-04-09T15:13:53.992+0000] {processor.py:840} INFO - DAG(s) 'first_taskflow' retrieved from /opt/airflow/dags/first_taskflowpyt.py
[2024-04-09T15:13:54.052+0000] {logging_mixin.py:188} INFO - [2024-04-09T15:13:54.051+0000] {dag.py:3047} INFO - Sync 1 DAGs
[2024-04-09T15:13:54.100+0000] {logging_mixin.py:188} INFO - [2024-04-09T15:13:54.099+0000] {dag.py:3834} INFO - Setting next_dagrun for first_taskflow to 2024-04-04 00:00:00+00:00, run_after=2024-04-05 00:00:00+00:00
[2024-04-09T15:13:54.148+0000] {processor.py:183} INFO - Processing /opt/airflow/dags/first_taskflowpyt.py took 0.224 seconds
[2024-04-09T15:14:24.547+0000] {processor.py:161} INFO - Started process (PID=405) to work on /opt/airflow/dags/first_taskflowpyt.py
[2024-04-09T15:14:24.549+0000] {processor.py:830} INFO - Processing file /opt/airflow/dags/first_taskflowpyt.py for tasks to queue
[2024-04-09T15:14:24.553+0000] {logging_mixin.py:188} INFO - [2024-04-09T15:14:24.552+0000] {dagbag.py:540} INFO - Filling up the DagBag from /opt/airflow/dags/first_taskflowpyt.py
[2024-04-09T15:14:24.607+0000] {processor.py:840} INFO - DAG(s) 'first_taskflow' retrieved from /opt/airflow/dags/first_taskflowpyt.py
[2024-04-09T15:14:24.657+0000] {logging_mixin.py:188} INFO - [2024-04-09T15:14:24.657+0000] {dag.py:3047} INFO - Sync 1 DAGs
[2024-04-09T15:14:24.703+0000] {logging_mixin.py:188} INFO - [2024-04-09T15:14:24.703+0000] {dag.py:3834} INFO - Setting next_dagrun for first_taskflow to 2024-04-04 00:00:00+00:00, run_after=2024-04-05 00:00:00+00:00
[2024-04-09T15:14:24.755+0000] {processor.py:183} INFO - Processing /opt/airflow/dags/first_taskflowpyt.py took 0.212 seconds
[2024-04-09T15:14:55.604+0000] {processor.py:161} INFO - Started process (PID=419) to work on /opt/airflow/dags/first_taskflowpyt.py
[2024-04-09T15:14:55.606+0000] {processor.py:830} INFO - Processing file /opt/airflow/dags/first_taskflowpyt.py for tasks to queue
[2024-04-09T15:14:55.610+0000] {logging_mixin.py:188} INFO - [2024-04-09T15:14:55.610+0000] {dagbag.py:540} INFO - Filling up the DagBag from /opt/airflow/dags/first_taskflowpyt.py
[2024-04-09T15:14:55.664+0000] {processor.py:840} INFO - DAG(s) 'first_taskflow' retrieved from /opt/airflow/dags/first_taskflowpyt.py
[2024-04-09T15:14:55.712+0000] {logging_mixin.py:188} INFO - [2024-04-09T15:14:55.711+0000] {dag.py:3047} INFO - Sync 1 DAGs
[2024-04-09T15:14:55.757+0000] {logging_mixin.py:188} INFO - [2024-04-09T15:14:55.757+0000] {dag.py:3834} INFO - Setting next_dagrun for first_taskflow to 2024-04-04 00:00:00+00:00, run_after=2024-04-05 00:00:00+00:00
[2024-04-09T15:14:55.798+0000] {processor.py:183} INFO - Processing /opt/airflow/dags/first_taskflowpyt.py took 0.200 seconds
[2024-04-09T15:15:26.193+0000] {processor.py:161} INFO - Started process (PID=433) to work on /opt/airflow/dags/first_taskflowpyt.py
[2024-04-09T15:15:26.196+0000] {processor.py:830} INFO - Processing file /opt/airflow/dags/first_taskflowpyt.py for tasks to queue
[2024-04-09T15:15:26.199+0000] {logging_mixin.py:188} INFO - [2024-04-09T15:15:26.198+0000] {dagbag.py:540} INFO - Filling up the DagBag from /opt/airflow/dags/first_taskflowpyt.py
[2024-04-09T15:15:26.246+0000] {processor.py:840} INFO - DAG(s) 'first_taskflow' retrieved from /opt/airflow/dags/first_taskflowpyt.py
[2024-04-09T15:15:26.287+0000] {logging_mixin.py:188} INFO - [2024-04-09T15:15:26.287+0000] {dag.py:3047} INFO - Sync 1 DAGs
[2024-04-09T15:15:26.329+0000] {logging_mixin.py:188} INFO - [2024-04-09T15:15:26.328+0000] {dag.py:3834} INFO - Setting next_dagrun for first_taskflow to 2024-04-04 00:00:00+00:00, run_after=2024-04-05 00:00:00+00:00
[2024-04-09T15:15:26.366+0000] {processor.py:183} INFO - Processing /opt/airflow/dags/first_taskflowpyt.py took 0.180 seconds
[2024-04-09T15:15:56.782+0000] {processor.py:161} INFO - Started process (PID=448) to work on /opt/airflow/dags/first_taskflowpyt.py
[2024-04-09T15:15:56.784+0000] {processor.py:830} INFO - Processing file /opt/airflow/dags/first_taskflowpyt.py for tasks to queue
[2024-04-09T15:15:56.788+0000] {logging_mixin.py:188} INFO - [2024-04-09T15:15:56.787+0000] {dagbag.py:540} INFO - Filling up the DagBag from /opt/airflow/dags/first_taskflowpyt.py
[2024-04-09T15:15:56.835+0000] {processor.py:840} INFO - DAG(s) 'first_taskflow' retrieved from /opt/airflow/dags/first_taskflowpyt.py
[2024-04-09T15:15:56.881+0000] {logging_mixin.py:188} INFO - [2024-04-09T15:15:56.880+0000] {dag.py:3047} INFO - Sync 1 DAGs
[2024-04-09T15:15:56.928+0000] {logging_mixin.py:188} INFO - [2024-04-09T15:15:56.928+0000] {dag.py:3834} INFO - Setting next_dagrun for first_taskflow to 2024-04-04 00:00:00+00:00, run_after=2024-04-05 00:00:00+00:00
[2024-04-09T15:15:56.976+0000] {processor.py:183} INFO - Processing /opt/airflow/dags/first_taskflowpyt.py took 0.199 seconds
[2024-04-09T15:16:27.293+0000] {processor.py:161} INFO - Started process (PID=462) to work on /opt/airflow/dags/first_taskflowpyt.py
[2024-04-09T15:16:27.295+0000] {processor.py:830} INFO - Processing file /opt/airflow/dags/first_taskflowpyt.py for tasks to queue
[2024-04-09T15:16:27.298+0000] {logging_mixin.py:188} INFO - [2024-04-09T15:16:27.297+0000] {dagbag.py:540} INFO - Filling up the DagBag from /opt/airflow/dags/first_taskflowpyt.py
[2024-04-09T15:16:27.351+0000] {processor.py:840} INFO - DAG(s) 'first_taskflow' retrieved from /opt/airflow/dags/first_taskflowpyt.py
[2024-04-09T15:16:27.402+0000] {logging_mixin.py:188} INFO - [2024-04-09T15:16:27.402+0000] {dag.py:3047} INFO - Sync 1 DAGs
[2024-04-09T15:16:27.447+0000] {logging_mixin.py:188} INFO - [2024-04-09T15:16:27.446+0000] {dag.py:3834} INFO - Setting next_dagrun for first_taskflow to 2024-04-04 00:00:00+00:00, run_after=2024-04-05 00:00:00+00:00
[2024-04-09T15:16:27.492+0000] {processor.py:183} INFO - Processing /opt/airflow/dags/first_taskflowpyt.py took 0.205 seconds
[2024-04-09T15:16:58.642+0000] {processor.py:161} INFO - Started process (PID=476) to work on /opt/airflow/dags/first_taskflowpyt.py
[2024-04-09T15:16:58.646+0000] {processor.py:830} INFO - Processing file /opt/airflow/dags/first_taskflowpyt.py for tasks to queue
[2024-04-09T15:16:58.655+0000] {logging_mixin.py:188} INFO - [2024-04-09T15:16:58.653+0000] {dagbag.py:540} INFO - Filling up the DagBag from /opt/airflow/dags/first_taskflowpyt.py
[2024-04-09T15:16:58.769+0000] {processor.py:840} INFO - DAG(s) 'first_taskflow' retrieved from /opt/airflow/dags/first_taskflowpyt.py
[2024-04-09T15:16:58.873+0000] {logging_mixin.py:188} INFO - [2024-04-09T15:16:58.872+0000] {dag.py:3047} INFO - Sync 1 DAGs
[2024-04-09T15:16:58.961+0000] {logging_mixin.py:188} INFO - [2024-04-09T15:16:58.959+0000] {dag.py:3834} INFO - Setting next_dagrun for first_taskflow to 2024-04-04 00:00:00+00:00, run_after=2024-04-05 00:00:00+00:00
[2024-04-09T15:16:59.058+0000] {processor.py:183} INFO - Processing /opt/airflow/dags/first_taskflowpyt.py took 0.431 seconds
[2024-04-09T15:17:29.892+0000] {processor.py:161} INFO - Started process (PID=490) to work on /opt/airflow/dags/first_taskflowpyt.py
[2024-04-09T15:17:29.894+0000] {processor.py:830} INFO - Processing file /opt/airflow/dags/first_taskflowpyt.py for tasks to queue
[2024-04-09T15:17:29.898+0000] {logging_mixin.py:188} INFO - [2024-04-09T15:17:29.897+0000] {dagbag.py:540} INFO - Filling up the DagBag from /opt/airflow/dags/first_taskflowpyt.py
[2024-04-09T15:17:29.950+0000] {processor.py:840} INFO - DAG(s) 'first_taskflow' retrieved from /opt/airflow/dags/first_taskflowpyt.py
[2024-04-09T15:17:29.998+0000] {logging_mixin.py:188} INFO - [2024-04-09T15:17:29.997+0000] {dag.py:3047} INFO - Sync 1 DAGs
[2024-04-09T15:17:30.038+0000] {logging_mixin.py:188} INFO - [2024-04-09T15:17:30.038+0000] {dag.py:3834} INFO - Setting next_dagrun for first_taskflow to 2024-04-04 00:00:00+00:00, run_after=2024-04-05 00:00:00+00:00
[2024-04-09T15:17:30.077+0000] {processor.py:183} INFO - Processing /opt/airflow/dags/first_taskflowpyt.py took 0.190 seconds
[2024-04-09T15:18:00.682+0000] {processor.py:161} INFO - Started process (PID=504) to work on /opt/airflow/dags/first_taskflowpyt.py
[2024-04-09T15:18:00.685+0000] {processor.py:830} INFO - Processing file /opt/airflow/dags/first_taskflowpyt.py for tasks to queue
[2024-04-09T15:18:00.690+0000] {logging_mixin.py:188} INFO - [2024-04-09T15:18:00.689+0000] {dagbag.py:540} INFO - Filling up the DagBag from /opt/airflow/dags/first_taskflowpyt.py
[2024-04-09T15:18:00.743+0000] {processor.py:840} INFO - DAG(s) 'first_taskflow' retrieved from /opt/airflow/dags/first_taskflowpyt.py
[2024-04-09T15:18:00.787+0000] {logging_mixin.py:188} INFO - [2024-04-09T15:18:00.786+0000] {dag.py:3047} INFO - Sync 1 DAGs
[2024-04-09T15:18:00.832+0000] {logging_mixin.py:188} INFO - [2024-04-09T15:18:00.832+0000] {dag.py:3834} INFO - Setting next_dagrun for first_taskflow to 2024-04-04 00:00:00+00:00, run_after=2024-04-05 00:00:00+00:00
[2024-04-09T15:18:00.874+0000] {processor.py:183} INFO - Processing /opt/airflow/dags/first_taskflowpyt.py took 0.202 seconds
[2024-04-09T15:18:31.494+0000] {processor.py:161} INFO - Started process (PID=518) to work on /opt/airflow/dags/first_taskflowpyt.py
[2024-04-09T15:18:31.497+0000] {processor.py:830} INFO - Processing file /opt/airflow/dags/first_taskflowpyt.py for tasks to queue
[2024-04-09T15:18:31.500+0000] {logging_mixin.py:188} INFO - [2024-04-09T15:18:31.500+0000] {dagbag.py:540} INFO - Filling up the DagBag from /opt/airflow/dags/first_taskflowpyt.py
[2024-04-09T15:18:31.554+0000] {processor.py:840} INFO - DAG(s) 'first_taskflow' retrieved from /opt/airflow/dags/first_taskflowpyt.py
[2024-04-09T15:18:31.596+0000] {logging_mixin.py:188} INFO - [2024-04-09T15:18:31.596+0000] {dag.py:3047} INFO - Sync 1 DAGs
[2024-04-09T15:18:31.640+0000] {logging_mixin.py:188} INFO - [2024-04-09T15:18:31.636+0000] {dag.py:3834} INFO - Setting next_dagrun for first_taskflow to 2024-04-04 00:00:00+00:00, run_after=2024-04-05 00:00:00+00:00
[2024-04-09T15:18:31.683+0000] {processor.py:183} INFO - Processing /opt/airflow/dags/first_taskflowpyt.py took 0.196 seconds
[2024-04-09T15:19:02.363+0000] {processor.py:161} INFO - Started process (PID=532) to work on /opt/airflow/dags/first_taskflowpyt.py
[2024-04-09T15:19:02.366+0000] {processor.py:830} INFO - Processing file /opt/airflow/dags/first_taskflowpyt.py for tasks to queue
[2024-04-09T15:19:02.370+0000] {logging_mixin.py:188} INFO - [2024-04-09T15:19:02.369+0000] {dagbag.py:540} INFO - Filling up the DagBag from /opt/airflow/dags/first_taskflowpyt.py
[2024-04-09T15:19:02.418+0000] {processor.py:840} INFO - DAG(s) 'first_taskflow' retrieved from /opt/airflow/dags/first_taskflowpyt.py
[2024-04-09T15:19:02.463+0000] {logging_mixin.py:188} INFO - [2024-04-09T15:19:02.463+0000] {dag.py:3047} INFO - Sync 1 DAGs
[2024-04-09T15:19:02.511+0000] {logging_mixin.py:188} INFO - [2024-04-09T15:19:02.511+0000] {dag.py:3834} INFO - Setting next_dagrun for first_taskflow to 2024-04-04 00:00:00+00:00, run_after=2024-04-05 00:00:00+00:00
[2024-04-09T15:19:02.552+0000] {processor.py:183} INFO - Processing /opt/airflow/dags/first_taskflowpyt.py took 0.196 seconds
[2024-04-09T15:19:32.956+0000] {processor.py:161} INFO - Started process (PID=546) to work on /opt/airflow/dags/first_taskflowpyt.py
[2024-04-09T15:19:32.959+0000] {processor.py:830} INFO - Processing file /opt/airflow/dags/first_taskflowpyt.py for tasks to queue
[2024-04-09T15:19:32.964+0000] {logging_mixin.py:188} INFO - [2024-04-09T15:19:32.964+0000] {dagbag.py:540} INFO - Filling up the DagBag from /opt/airflow/dags/first_taskflowpyt.py
[2024-04-09T15:19:33.014+0000] {processor.py:840} INFO - DAG(s) 'first_taskflow' retrieved from /opt/airflow/dags/first_taskflowpyt.py
[2024-04-09T15:19:33.060+0000] {logging_mixin.py:188} INFO - [2024-04-09T15:19:33.059+0000] {dag.py:3047} INFO - Sync 1 DAGs
[2024-04-09T15:19:33.105+0000] {logging_mixin.py:188} INFO - [2024-04-09T15:19:33.105+0000] {dag.py:3834} INFO - Setting next_dagrun for first_taskflow to 2024-04-04 00:00:00+00:00, run_after=2024-04-05 00:00:00+00:00
[2024-04-09T15:19:33.147+0000] {processor.py:183} INFO - Processing /opt/airflow/dags/first_taskflowpyt.py took 0.201 seconds
[2024-04-09T15:20:03.783+0000] {processor.py:161} INFO - Started process (PID=560) to work on /opt/airflow/dags/first_taskflowpyt.py
[2024-04-09T15:20:03.789+0000] {processor.py:830} INFO - Processing file /opt/airflow/dags/first_taskflowpyt.py for tasks to queue
[2024-04-09T15:20:03.794+0000] {logging_mixin.py:188} INFO - [2024-04-09T15:20:03.793+0000] {dagbag.py:540} INFO - Filling up the DagBag from /opt/airflow/dags/first_taskflowpyt.py
[2024-04-09T15:20:03.850+0000] {processor.py:840} INFO - DAG(s) 'first_taskflow' retrieved from /opt/airflow/dags/first_taskflowpyt.py
[2024-04-09T15:20:03.896+0000] {logging_mixin.py:188} INFO - [2024-04-09T15:20:03.895+0000] {dag.py:3047} INFO - Sync 1 DAGs
[2024-04-09T15:20:03.952+0000] {logging_mixin.py:188} INFO - [2024-04-09T15:20:03.951+0000] {dag.py:3834} INFO - Setting next_dagrun for first_taskflow to 2024-04-04 00:00:00+00:00, run_after=2024-04-05 00:00:00+00:00
[2024-04-09T15:20:03.999+0000] {processor.py:183} INFO - Processing /opt/airflow/dags/first_taskflowpyt.py took 0.224 seconds
[2024-04-09T15:20:34.681+0000] {processor.py:161} INFO - Started process (PID=574) to work on /opt/airflow/dags/first_taskflowpyt.py
[2024-04-09T15:20:34.682+0000] {processor.py:830} INFO - Processing file /opt/airflow/dags/first_taskflowpyt.py for tasks to queue
[2024-04-09T15:20:34.686+0000] {logging_mixin.py:188} INFO - [2024-04-09T15:20:34.685+0000] {dagbag.py:540} INFO - Filling up the DagBag from /opt/airflow/dags/first_taskflowpyt.py
[2024-04-09T15:20:34.741+0000] {processor.py:840} INFO - DAG(s) 'first_taskflow' retrieved from /opt/airflow/dags/first_taskflowpyt.py
[2024-04-09T15:20:34.782+0000] {logging_mixin.py:188} INFO - [2024-04-09T15:20:34.782+0000] {dag.py:3047} INFO - Sync 1 DAGs
[2024-04-09T15:20:34.822+0000] {logging_mixin.py:188} INFO - [2024-04-09T15:20:34.822+0000] {dag.py:3834} INFO - Setting next_dagrun for first_taskflow to 2024-04-04 00:00:00+00:00, run_after=2024-04-05 00:00:00+00:00
[2024-04-09T15:20:34.860+0000] {processor.py:183} INFO - Processing /opt/airflow/dags/first_taskflowpyt.py took 0.186 seconds
[2024-04-09T15:21:05.472+0000] {processor.py:161} INFO - Started process (PID=589) to work on /opt/airflow/dags/first_taskflowpyt.py
[2024-04-09T15:21:05.474+0000] {processor.py:830} INFO - Processing file /opt/airflow/dags/first_taskflowpyt.py for tasks to queue
[2024-04-09T15:21:05.478+0000] {logging_mixin.py:188} INFO - [2024-04-09T15:21:05.477+0000] {dagbag.py:540} INFO - Filling up the DagBag from /opt/airflow/dags/first_taskflowpyt.py
[2024-04-09T15:21:05.526+0000] {processor.py:840} INFO - DAG(s) 'first_taskflow' retrieved from /opt/airflow/dags/first_taskflowpyt.py
[2024-04-09T15:21:05.569+0000] {logging_mixin.py:188} INFO - [2024-04-09T15:21:05.568+0000] {dag.py:3047} INFO - Sync 1 DAGs
[2024-04-09T15:21:05.610+0000] {logging_mixin.py:188} INFO - [2024-04-09T15:21:05.610+0000] {dag.py:3834} INFO - Setting next_dagrun for first_taskflow to 2024-04-04 00:00:00+00:00, run_after=2024-04-05 00:00:00+00:00
[2024-04-09T15:21:05.651+0000] {processor.py:183} INFO - Processing /opt/airflow/dags/first_taskflowpyt.py took 0.186 seconds
[2024-04-09T15:21:36.026+0000] {processor.py:161} INFO - Started process (PID=602) to work on /opt/airflow/dags/first_taskflowpyt.py
[2024-04-09T15:21:36.028+0000] {processor.py:830} INFO - Processing file /opt/airflow/dags/first_taskflowpyt.py for tasks to queue
[2024-04-09T15:21:36.032+0000] {logging_mixin.py:188} INFO - [2024-04-09T15:21:36.031+0000] {dagbag.py:540} INFO - Filling up the DagBag from /opt/airflow/dags/first_taskflowpyt.py
[2024-04-09T15:21:36.084+0000] {processor.py:840} INFO - DAG(s) 'first_taskflow' retrieved from /opt/airflow/dags/first_taskflowpyt.py
[2024-04-09T15:21:36.129+0000] {logging_mixin.py:188} INFO - [2024-04-09T15:21:36.129+0000] {dag.py:3047} INFO - Sync 1 DAGs
[2024-04-09T15:21:36.177+0000] {logging_mixin.py:188} INFO - [2024-04-09T15:21:36.176+0000] {dag.py:3834} INFO - Setting next_dagrun for first_taskflow to 2024-04-04 00:00:00+00:00, run_after=2024-04-05 00:00:00+00:00
[2024-04-09T15:21:36.219+0000] {processor.py:183} INFO - Processing /opt/airflow/dags/first_taskflowpyt.py took 0.198 seconds
[2024-04-09T15:22:06.820+0000] {processor.py:161} INFO - Started process (PID=617) to work on /opt/airflow/dags/first_taskflowpyt.py
[2024-04-09T15:22:06.823+0000] {processor.py:830} INFO - Processing file /opt/airflow/dags/first_taskflowpyt.py for tasks to queue
[2024-04-09T15:22:06.828+0000] {logging_mixin.py:188} INFO - [2024-04-09T15:22:06.827+0000] {dagbag.py:540} INFO - Filling up the DagBag from /opt/airflow/dags/first_taskflowpyt.py
[2024-04-09T15:22:06.887+0000] {processor.py:840} INFO - DAG(s) 'first_taskflow' retrieved from /opt/airflow/dags/first_taskflowpyt.py
[2024-04-09T15:22:06.931+0000] {logging_mixin.py:188} INFO - [2024-04-09T15:22:06.931+0000] {dag.py:3047} INFO - Sync 1 DAGs
[2024-04-09T15:22:06.975+0000] {logging_mixin.py:188} INFO - [2024-04-09T15:22:06.975+0000] {dag.py:3834} INFO - Setting next_dagrun for first_taskflow to 2024-04-04 00:00:00+00:00, run_after=2024-04-05 00:00:00+00:00
[2024-04-09T15:22:07.020+0000] {processor.py:183} INFO - Processing /opt/airflow/dags/first_taskflowpyt.py took 0.206 seconds
[2024-04-09T15:22:37.698+0000] {processor.py:161} INFO - Started process (PID=631) to work on /opt/airflow/dags/first_taskflowpyt.py
[2024-04-09T15:22:37.700+0000] {processor.py:830} INFO - Processing file /opt/airflow/dags/first_taskflowpyt.py for tasks to queue
[2024-04-09T15:22:37.705+0000] {logging_mixin.py:188} INFO - [2024-04-09T15:22:37.705+0000] {dagbag.py:540} INFO - Filling up the DagBag from /opt/airflow/dags/first_taskflowpyt.py
[2024-04-09T15:22:37.761+0000] {processor.py:840} INFO - DAG(s) 'first_taskflow' retrieved from /opt/airflow/dags/first_taskflowpyt.py
[2024-04-09T15:22:37.813+0000] {logging_mixin.py:188} INFO - [2024-04-09T15:22:37.812+0000] {dag.py:3047} INFO - Sync 1 DAGs
[2024-04-09T15:22:37.869+0000] {logging_mixin.py:188} INFO - [2024-04-09T15:22:37.868+0000] {dag.py:3834} INFO - Setting next_dagrun for first_taskflow to 2024-04-04 00:00:00+00:00, run_after=2024-04-05 00:00:00+00:00
[2024-04-09T15:22:37.916+0000] {processor.py:183} INFO - Processing /opt/airflow/dags/first_taskflowpyt.py took 0.224 seconds
[2024-04-09T15:23:08.522+0000] {processor.py:161} INFO - Started process (PID=645) to work on /opt/airflow/dags/first_taskflowpyt.py
[2024-04-09T15:23:08.525+0000] {processor.py:830} INFO - Processing file /opt/airflow/dags/first_taskflowpyt.py for tasks to queue
[2024-04-09T15:23:08.529+0000] {logging_mixin.py:188} INFO - [2024-04-09T15:23:08.528+0000] {dagbag.py:540} INFO - Filling up the DagBag from /opt/airflow/dags/first_taskflowpyt.py
[2024-04-09T15:23:08.583+0000] {processor.py:840} INFO - DAG(s) 'first_taskflow' retrieved from /opt/airflow/dags/first_taskflowpyt.py
[2024-04-09T15:23:08.626+0000] {logging_mixin.py:188} INFO - [2024-04-09T15:23:08.625+0000] {dag.py:3047} INFO - Sync 1 DAGs
[2024-04-09T15:23:08.672+0000] {logging_mixin.py:188} INFO - [2024-04-09T15:23:08.671+0000] {dag.py:3834} INFO - Setting next_dagrun for first_taskflow to 2024-04-04 00:00:00+00:00, run_after=2024-04-05 00:00:00+00:00
[2024-04-09T15:23:08.712+0000] {processor.py:183} INFO - Processing /opt/airflow/dags/first_taskflowpyt.py took 0.196 seconds
[2024-04-09T15:23:39.375+0000] {processor.py:161} INFO - Started process (PID=660) to work on /opt/airflow/dags/first_taskflowpyt.py
[2024-04-09T15:23:39.377+0000] {processor.py:830} INFO - Processing file /opt/airflow/dags/first_taskflowpyt.py for tasks to queue
[2024-04-09T15:23:39.380+0000] {logging_mixin.py:188} INFO - [2024-04-09T15:23:39.379+0000] {dagbag.py:540} INFO - Filling up the DagBag from /opt/airflow/dags/first_taskflowpyt.py
[2024-04-09T15:23:39.428+0000] {processor.py:840} INFO - DAG(s) 'first_taskflow' retrieved from /opt/airflow/dags/first_taskflowpyt.py
[2024-04-09T15:23:39.470+0000] {logging_mixin.py:188} INFO - [2024-04-09T15:23:39.469+0000] {dag.py:3047} INFO - Sync 1 DAGs
[2024-04-09T15:23:39.511+0000] {logging_mixin.py:188} INFO - [2024-04-09T15:23:39.511+0000] {dag.py:3834} INFO - Setting next_dagrun for first_taskflow to 2024-04-04 00:00:00+00:00, run_after=2024-04-05 00:00:00+00:00
[2024-04-09T15:23:39.549+0000] {processor.py:183} INFO - Processing /opt/airflow/dags/first_taskflowpyt.py took 0.181 seconds
[2024-04-09T15:24:10.157+0000] {processor.py:161} INFO - Started process (PID=674) to work on /opt/airflow/dags/first_taskflowpyt.py
[2024-04-09T15:24:10.159+0000] {processor.py:830} INFO - Processing file /opt/airflow/dags/first_taskflowpyt.py for tasks to queue
[2024-04-09T15:24:10.162+0000] {logging_mixin.py:188} INFO - [2024-04-09T15:24:10.161+0000] {dagbag.py:540} INFO - Filling up the DagBag from /opt/airflow/dags/first_taskflowpyt.py
[2024-04-09T15:24:10.210+0000] {processor.py:840} INFO - DAG(s) 'first_taskflow' retrieved from /opt/airflow/dags/first_taskflowpyt.py
[2024-04-09T15:24:10.254+0000] {logging_mixin.py:188} INFO - [2024-04-09T15:24:10.253+0000] {dag.py:3047} INFO - Sync 1 DAGs
[2024-04-09T15:24:10.299+0000] {logging_mixin.py:188} INFO - [2024-04-09T15:24:10.298+0000] {dag.py:3834} INFO - Setting next_dagrun for first_taskflow to 2024-04-04 00:00:00+00:00, run_after=2024-04-05 00:00:00+00:00
[2024-04-09T15:24:10.341+0000] {processor.py:183} INFO - Processing /opt/airflow/dags/first_taskflowpyt.py took 0.189 seconds
[2024-04-09T15:24:40.687+0000] {processor.py:161} INFO - Started process (PID=688) to work on /opt/airflow/dags/first_taskflowpyt.py
[2024-04-09T15:24:40.690+0000] {processor.py:830} INFO - Processing file /opt/airflow/dags/first_taskflowpyt.py for tasks to queue
[2024-04-09T15:24:40.695+0000] {logging_mixin.py:188} INFO - [2024-04-09T15:24:40.694+0000] {dagbag.py:540} INFO - Filling up the DagBag from /opt/airflow/dags/first_taskflowpyt.py
[2024-04-09T15:24:40.749+0000] {processor.py:840} INFO - DAG(s) 'first_taskflow' retrieved from /opt/airflow/dags/first_taskflowpyt.py
[2024-04-09T15:24:40.797+0000] {logging_mixin.py:188} INFO - [2024-04-09T15:24:40.796+0000] {dag.py:3047} INFO - Sync 1 DAGs
[2024-04-09T15:24:40.841+0000] {logging_mixin.py:188} INFO - [2024-04-09T15:24:40.840+0000] {dag.py:3834} INFO - Setting next_dagrun for first_taskflow to 2024-04-04 00:00:00+00:00, run_after=2024-04-05 00:00:00+00:00
[2024-04-09T15:24:40.886+0000] {processor.py:183} INFO - Processing /opt/airflow/dags/first_taskflowpyt.py took 0.206 seconds
[2024-04-09T15:25:11.463+0000] {processor.py:161} INFO - Started process (PID=703) to work on /opt/airflow/dags/first_taskflowpyt.py
[2024-04-09T15:25:11.465+0000] {processor.py:830} INFO - Processing file /opt/airflow/dags/first_taskflowpyt.py for tasks to queue
[2024-04-09T15:25:11.469+0000] {logging_mixin.py:188} INFO - [2024-04-09T15:25:11.468+0000] {dagbag.py:540} INFO - Filling up the DagBag from /opt/airflow/dags/first_taskflowpyt.py
[2024-04-09T15:25:11.527+0000] {processor.py:840} INFO - DAG(s) 'first_taskflow' retrieved from /opt/airflow/dags/first_taskflowpyt.py
[2024-04-09T15:25:11.634+0000] {logging_mixin.py:188} INFO - [2024-04-09T15:25:11.633+0000] {dag.py:3047} INFO - Sync 1 DAGs
[2024-04-09T15:25:11.703+0000] {logging_mixin.py:188} INFO - [2024-04-09T15:25:11.703+0000] {dag.py:3834} INFO - Setting next_dagrun for first_taskflow to 2024-04-04 00:00:00+00:00, run_after=2024-04-05 00:00:00+00:00
[2024-04-09T15:25:11.753+0000] {processor.py:183} INFO - Processing /opt/airflow/dags/first_taskflowpyt.py took 0.297 seconds
[2024-04-09T15:25:42.086+0000] {processor.py:161} INFO - Started process (PID=724) to work on /opt/airflow/dags/first_taskflowpyt.py
[2024-04-09T15:25:42.089+0000] {processor.py:830} INFO - Processing file /opt/airflow/dags/first_taskflowpyt.py for tasks to queue
[2024-04-09T15:25:42.093+0000] {logging_mixin.py:188} INFO - [2024-04-09T15:25:42.092+0000] {dagbag.py:540} INFO - Filling up the DagBag from /opt/airflow/dags/first_taskflowpyt.py
[2024-04-09T15:25:42.146+0000] {processor.py:840} INFO - DAG(s) 'first_taskflow' retrieved from /opt/airflow/dags/first_taskflowpyt.py
[2024-04-09T15:25:42.191+0000] {logging_mixin.py:188} INFO - [2024-04-09T15:25:42.190+0000] {dag.py:3047} INFO - Sync 1 DAGs
[2024-04-09T15:25:42.239+0000] {logging_mixin.py:188} INFO - [2024-04-09T15:25:42.238+0000] {dag.py:3834} INFO - Setting next_dagrun for first_taskflow to 2024-04-04 00:00:00+00:00, run_after=2024-04-05 00:00:00+00:00
[2024-04-09T15:25:42.280+0000] {processor.py:183} INFO - Processing /opt/airflow/dags/first_taskflowpyt.py took 0.200 seconds
[2024-04-09T15:26:12.689+0000] {processor.py:161} INFO - Started process (PID=738) to work on /opt/airflow/dags/first_taskflowpyt.py
[2024-04-09T15:26:12.693+0000] {processor.py:830} INFO - Processing file /opt/airflow/dags/first_taskflowpyt.py for tasks to queue
[2024-04-09T15:26:12.698+0000] {logging_mixin.py:188} INFO - [2024-04-09T15:26:12.697+0000] {dagbag.py:540} INFO - Filling up the DagBag from /opt/airflow/dags/first_taskflowpyt.py
[2024-04-09T15:26:12.759+0000] {processor.py:840} INFO - DAG(s) 'first_taskflow' retrieved from /opt/airflow/dags/first_taskflowpyt.py
[2024-04-09T15:26:12.816+0000] {logging_mixin.py:188} INFO - [2024-04-09T15:26:12.815+0000] {dag.py:3047} INFO - Sync 1 DAGs
[2024-04-09T15:26:12.868+0000] {logging_mixin.py:188} INFO - [2024-04-09T15:26:12.867+0000] {dag.py:3834} INFO - Setting next_dagrun for first_taskflow to 2024-04-04 00:00:00+00:00, run_after=2024-04-05 00:00:00+00:00
[2024-04-09T15:26:12.915+0000] {processor.py:183} INFO - Processing /opt/airflow/dags/first_taskflowpyt.py took 0.239 seconds
[2024-04-09T15:26:43.295+0000] {processor.py:161} INFO - Started process (PID=752) to work on /opt/airflow/dags/first_taskflowpyt.py
[2024-04-09T15:26:43.297+0000] {processor.py:830} INFO - Processing file /opt/airflow/dags/first_taskflowpyt.py for tasks to queue
[2024-04-09T15:26:43.301+0000] {logging_mixin.py:188} INFO - [2024-04-09T15:26:43.300+0000] {dagbag.py:540} INFO - Filling up the DagBag from /opt/airflow/dags/first_taskflowpyt.py
[2024-04-09T15:26:43.348+0000] {processor.py:840} INFO - DAG(s) 'first_taskflow' retrieved from /opt/airflow/dags/first_taskflowpyt.py
[2024-04-09T15:26:43.413+0000] {logging_mixin.py:188} INFO - [2024-04-09T15:26:43.412+0000] {dag.py:3047} INFO - Sync 1 DAGs
[2024-04-09T15:26:43.476+0000] {logging_mixin.py:188} INFO - [2024-04-09T15:26:43.475+0000] {dag.py:3834} INFO - Setting next_dagrun for first_taskflow to 2024-04-04 00:00:00+00:00, run_after=2024-04-05 00:00:00+00:00
[2024-04-09T15:26:43.531+0000] {processor.py:183} INFO - Processing /opt/airflow/dags/first_taskflowpyt.py took 0.240 seconds
[2024-04-09T17:56:26.657+0000] {processor.py:161} INFO - Started process (PID=53) to work on /opt/airflow/dags/first_taskflowpyt.py
[2024-04-09T17:56:26.661+0000] {processor.py:830} INFO - Processing file /opt/airflow/dags/first_taskflowpyt.py for tasks to queue
[2024-04-09T17:56:26.670+0000] {logging_mixin.py:188} INFO - [2024-04-09T17:56:26.668+0000] {dagbag.py:540} INFO - Filling up the DagBag from /opt/airflow/dags/first_taskflowpyt.py
[2024-04-09T17:56:26.843+0000] {processor.py:840} INFO - DAG(s) 'first_taskflow' retrieved from /opt/airflow/dags/first_taskflowpyt.py
[2024-04-09T17:56:27.575+0000] {logging_mixin.py:188} INFO - [2024-04-09T17:56:27.574+0000] {dag.py:3047} INFO - Sync 1 DAGs
[2024-04-09T17:56:27.694+0000] {logging_mixin.py:188} INFO - [2024-04-09T17:56:27.693+0000] {dag.py:3834} INFO - Setting next_dagrun for first_taskflow to 2024-04-04 00:00:00+00:00, run_after=2024-04-05 00:00:00+00:00
[2024-04-09T17:56:27.825+0000] {processor.py:183} INFO - Processing /opt/airflow/dags/first_taskflowpyt.py took 1.178 seconds
[2024-04-09T17:56:58.026+0000] {processor.py:161} INFO - Started process (PID=68) to work on /opt/airflow/dags/first_taskflowpyt.py
[2024-04-09T17:56:58.028+0000] {processor.py:830} INFO - Processing file /opt/airflow/dags/first_taskflowpyt.py for tasks to queue
[2024-04-09T17:56:58.033+0000] {logging_mixin.py:188} INFO - [2024-04-09T17:56:58.032+0000] {dagbag.py:540} INFO - Filling up the DagBag from /opt/airflow/dags/first_taskflowpyt.py
[2024-04-09T17:56:58.085+0000] {processor.py:840} INFO - DAG(s) 'first_taskflow' retrieved from /opt/airflow/dags/first_taskflowpyt.py
[2024-04-09T17:56:58.139+0000] {logging_mixin.py:188} INFO - [2024-04-09T17:56:58.139+0000] {dag.py:3047} INFO - Sync 1 DAGs
[2024-04-09T17:56:58.196+0000] {logging_mixin.py:188} INFO - [2024-04-09T17:56:58.196+0000] {dag.py:3834} INFO - Setting next_dagrun for first_taskflow to 2024-04-04 00:00:00+00:00, run_after=2024-04-05 00:00:00+00:00
[2024-04-09T17:56:58.246+0000] {processor.py:183} INFO - Processing /opt/airflow/dags/first_taskflowpyt.py took 0.227 seconds
[2024-04-09T17:57:30.697+0000] {processor.py:161} INFO - Started process (PID=82) to work on /opt/airflow/dags/first_taskflowpyt.py
[2024-04-09T17:57:30.699+0000] {processor.py:830} INFO - Processing file /opt/airflow/dags/first_taskflowpyt.py for tasks to queue
[2024-04-09T17:57:30.702+0000] {logging_mixin.py:188} INFO - [2024-04-09T17:57:30.702+0000] {dagbag.py:540} INFO - Filling up the DagBag from /opt/airflow/dags/first_taskflowpyt.py
[2024-04-09T17:57:30.760+0000] {processor.py:840} INFO - DAG(s) 'first_taskflow' retrieved from /opt/airflow/dags/first_taskflowpyt.py
[2024-04-09T17:57:30.819+0000] {logging_mixin.py:188} INFO - [2024-04-09T17:57:30.819+0000] {dag.py:3047} INFO - Sync 1 DAGs
[2024-04-09T17:57:30.869+0000] {logging_mixin.py:188} INFO - [2024-04-09T17:57:30.868+0000] {dag.py:3834} INFO - Setting next_dagrun for first_taskflow to 2024-04-04 00:00:00+00:00, run_after=2024-04-05 00:00:00+00:00
[2024-04-09T17:57:32.481+0000] {processor.py:183} INFO - Processing /opt/airflow/dags/first_taskflowpyt.py took 1.789 seconds
[2024-04-09T17:58:03.180+0000] {processor.py:161} INFO - Started process (PID=97) to work on /opt/airflow/dags/first_taskflowpyt.py
[2024-04-09T17:58:03.182+0000] {processor.py:830} INFO - Processing file /opt/airflow/dags/first_taskflowpyt.py for tasks to queue
[2024-04-09T17:58:03.186+0000] {logging_mixin.py:188} INFO - [2024-04-09T17:58:03.185+0000] {dagbag.py:540} INFO - Filling up the DagBag from /opt/airflow/dags/first_taskflowpyt.py
[2024-04-09T17:58:03.247+0000] {processor.py:840} INFO - DAG(s) 'first_taskflow' retrieved from /opt/airflow/dags/first_taskflowpyt.py
[2024-04-09T17:58:03.303+0000] {logging_mixin.py:188} INFO - [2024-04-09T17:58:03.303+0000] {dag.py:3047} INFO - Sync 1 DAGs
[2024-04-09T17:58:03.358+0000] {logging_mixin.py:188} INFO - [2024-04-09T17:58:03.357+0000] {dag.py:3834} INFO - Setting next_dagrun for first_taskflow to 2024-04-04 00:00:00+00:00, run_after=2024-04-05 00:00:00+00:00
[2024-04-09T17:58:03.402+0000] {processor.py:183} INFO - Processing /opt/airflow/dags/first_taskflowpyt.py took 0.228 seconds
[2024-04-09T17:58:33.971+0000] {processor.py:161} INFO - Started process (PID=113) to work on /opt/airflow/dags/first_taskflowpyt.py
[2024-04-09T17:58:33.973+0000] {processor.py:830} INFO - Processing file /opt/airflow/dags/first_taskflowpyt.py for tasks to queue
[2024-04-09T17:58:33.982+0000] {logging_mixin.py:188} INFO - [2024-04-09T17:58:33.977+0000] {dagbag.py:540} INFO - Filling up the DagBag from /opt/airflow/dags/first_taskflowpyt.py
[2024-04-09T17:58:34.035+0000] {processor.py:840} INFO - DAG(s) 'first_taskflow' retrieved from /opt/airflow/dags/first_taskflowpyt.py
[2024-04-09T17:58:34.090+0000] {logging_mixin.py:188} INFO - [2024-04-09T17:58:34.089+0000] {dag.py:3047} INFO - Sync 1 DAGs
[2024-04-09T17:58:34.150+0000] {logging_mixin.py:188} INFO - [2024-04-09T17:58:34.149+0000] {dag.py:3834} INFO - Setting next_dagrun for first_taskflow to 2024-04-04 00:00:00+00:00, run_after=2024-04-05 00:00:00+00:00
[2024-04-09T17:58:34.198+0000] {processor.py:183} INFO - Processing /opt/airflow/dags/first_taskflowpyt.py took 0.233 seconds
