[2024-04-09T15:01:33.494+0000] {processor.py:161} INFO - Started process (PID=54) to work on /opt/airflow/dags/first_day_pythonop.py
[2024-04-09T15:01:33.496+0000] {processor.py:830} INFO - Processing file /opt/airflow/dags/first_day_pythonop.py for tasks to queue
[2024-04-09T15:01:33.510+0000] {logging_mixin.py:188} INFO - [2024-04-09T15:01:33.508+0000] {dagbag.py:540} INFO - Filling up the DagBag from /opt/airflow/dags/first_day_pythonop.py
[2024-04-09T15:01:33.570+0000] {processor.py:840} INFO - DAG(s) 'first_dag_pythonop' retrieved from /opt/airflow/dags/first_day_pythonop.py
[2024-04-09T15:01:33.646+0000] {logging_mixin.py:188} INFO - [2024-04-09T15:01:33.645+0000] {dag.py:3047} INFO - Sync 1 DAGs
[2024-04-09T15:01:33.713+0000] {logging_mixin.py:188} INFO - [2024-04-09T15:01:33.712+0000] {dag.py:3834} INFO - Setting next_dagrun for first_dag_pythonop to 2024-04-08 00:00:00+00:00, run_after=2024-04-09 00:00:00+00:00
[2024-04-09T15:01:33.767+0000] {processor.py:183} INFO - Processing /opt/airflow/dags/first_day_pythonop.py took 0.282 seconds
[2024-04-09T15:02:04.521+0000] {processor.py:161} INFO - Started process (PID=68) to work on /opt/airflow/dags/first_day_pythonop.py
[2024-04-09T15:02:04.523+0000] {processor.py:830} INFO - Processing file /opt/airflow/dags/first_day_pythonop.py for tasks to queue
[2024-04-09T15:02:04.528+0000] {logging_mixin.py:188} INFO - [2024-04-09T15:02:04.527+0000] {dagbag.py:540} INFO - Filling up the DagBag from /opt/airflow/dags/first_day_pythonop.py
[2024-04-09T15:02:04.582+0000] {processor.py:840} INFO - DAG(s) 'first_dag_pythonop' retrieved from /opt/airflow/dags/first_day_pythonop.py
[2024-04-09T15:02:04.802+0000] {logging_mixin.py:188} INFO - [2024-04-09T15:02:04.802+0000] {dag.py:3047} INFO - Sync 1 DAGs
[2024-04-09T15:02:04.859+0000] {logging_mixin.py:188} INFO - [2024-04-09T15:02:04.859+0000] {dag.py:3834} INFO - Setting next_dagrun for first_dag_pythonop to 2024-04-08 00:00:00+00:00, run_after=2024-04-09 00:00:00+00:00
[2024-04-09T15:02:04.907+0000] {processor.py:183} INFO - Processing /opt/airflow/dags/first_day_pythonop.py took 0.392 seconds
[2024-04-09T15:02:35.190+0000] {processor.py:161} INFO - Started process (PID=82) to work on /opt/airflow/dags/first_day_pythonop.py
[2024-04-09T15:02:35.192+0000] {processor.py:830} INFO - Processing file /opt/airflow/dags/first_day_pythonop.py for tasks to queue
[2024-04-09T15:02:35.195+0000] {logging_mixin.py:188} INFO - [2024-04-09T15:02:35.194+0000] {dagbag.py:540} INFO - Filling up the DagBag from /opt/airflow/dags/first_day_pythonop.py
[2024-04-09T15:02:35.248+0000] {processor.py:840} INFO - DAG(s) 'first_dag_pythonop' retrieved from /opt/airflow/dags/first_day_pythonop.py
[2024-04-09T15:02:35.295+0000] {logging_mixin.py:188} INFO - [2024-04-09T15:02:35.294+0000] {dag.py:3047} INFO - Sync 1 DAGs
[2024-04-09T15:02:35.340+0000] {logging_mixin.py:188} INFO - [2024-04-09T15:02:35.339+0000] {dag.py:3834} INFO - Setting next_dagrun for first_dag_pythonop to 2024-04-08 00:00:00+00:00, run_after=2024-04-09 00:00:00+00:00
[2024-04-09T15:02:35.382+0000] {processor.py:183} INFO - Processing /opt/airflow/dags/first_day_pythonop.py took 0.197 seconds
[2024-04-09T15:03:05.752+0000] {processor.py:161} INFO - Started process (PID=96) to work on /opt/airflow/dags/first_day_pythonop.py
[2024-04-09T15:03:05.754+0000] {processor.py:830} INFO - Processing file /opt/airflow/dags/first_day_pythonop.py for tasks to queue
[2024-04-09T15:03:05.758+0000] {logging_mixin.py:188} INFO - [2024-04-09T15:03:05.758+0000] {dagbag.py:540} INFO - Filling up the DagBag from /opt/airflow/dags/first_day_pythonop.py
[2024-04-09T15:03:05.807+0000] {processor.py:840} INFO - DAG(s) 'first_dag_pythonop' retrieved from /opt/airflow/dags/first_day_pythonop.py
[2024-04-09T15:03:05.850+0000] {logging_mixin.py:188} INFO - [2024-04-09T15:03:05.850+0000] {dag.py:3047} INFO - Sync 1 DAGs
[2024-04-09T15:03:05.900+0000] {logging_mixin.py:188} INFO - [2024-04-09T15:03:05.899+0000] {dag.py:3834} INFO - Setting next_dagrun for first_dag_pythonop to 2024-04-08 00:00:00+00:00, run_after=2024-04-09 00:00:00+00:00
[2024-04-09T15:03:05.944+0000] {processor.py:183} INFO - Processing /opt/airflow/dags/first_day_pythonop.py took 0.197 seconds
[2024-04-09T15:03:36.352+0000] {processor.py:161} INFO - Started process (PID=110) to work on /opt/airflow/dags/first_day_pythonop.py
[2024-04-09T15:03:36.355+0000] {processor.py:830} INFO - Processing file /opt/airflow/dags/first_day_pythonop.py for tasks to queue
[2024-04-09T15:03:36.361+0000] {logging_mixin.py:188} INFO - [2024-04-09T15:03:36.360+0000] {dagbag.py:540} INFO - Filling up the DagBag from /opt/airflow/dags/first_day_pythonop.py
[2024-04-09T15:03:36.404+0000] {processor.py:840} INFO - DAG(s) 'first_dag_pythonop' retrieved from /opt/airflow/dags/first_day_pythonop.py
[2024-04-09T15:03:36.452+0000] {logging_mixin.py:188} INFO - [2024-04-09T15:03:36.451+0000] {dag.py:3047} INFO - Sync 1 DAGs
[2024-04-09T15:03:36.501+0000] {logging_mixin.py:188} INFO - [2024-04-09T15:03:36.501+0000] {dag.py:3834} INFO - Setting next_dagrun for first_dag_pythonop to 2024-04-08 00:00:00+00:00, run_after=2024-04-09 00:00:00+00:00
[2024-04-09T15:03:36.544+0000] {processor.py:183} INFO - Processing /opt/airflow/dags/first_day_pythonop.py took 0.201 seconds
[2024-04-09T15:04:07.150+0000] {processor.py:161} INFO - Started process (PID=124) to work on /opt/airflow/dags/first_day_pythonop.py
[2024-04-09T15:04:07.153+0000] {processor.py:830} INFO - Processing file /opt/airflow/dags/first_day_pythonop.py for tasks to queue
[2024-04-09T15:04:07.156+0000] {logging_mixin.py:188} INFO - [2024-04-09T15:04:07.155+0000] {dagbag.py:540} INFO - Filling up the DagBag from /opt/airflow/dags/first_day_pythonop.py
[2024-04-09T15:04:07.208+0000] {processor.py:840} INFO - DAG(s) 'first_dag_pythonop' retrieved from /opt/airflow/dags/first_day_pythonop.py
[2024-04-09T15:04:07.251+0000] {logging_mixin.py:188} INFO - [2024-04-09T15:04:07.250+0000] {dag.py:3047} INFO - Sync 1 DAGs
[2024-04-09T15:04:07.301+0000] {logging_mixin.py:188} INFO - [2024-04-09T15:04:07.301+0000] {dag.py:3834} INFO - Setting next_dagrun for first_dag_pythonop to 2024-04-08 00:00:00+00:00, run_after=2024-04-09 00:00:00+00:00
[2024-04-09T15:04:07.346+0000] {processor.py:183} INFO - Processing /opt/airflow/dags/first_day_pythonop.py took 0.201 seconds
[2024-04-09T15:04:38.129+0000] {processor.py:161} INFO - Started process (PID=138) to work on /opt/airflow/dags/first_day_pythonop.py
[2024-04-09T15:04:38.132+0000] {processor.py:830} INFO - Processing file /opt/airflow/dags/first_day_pythonop.py for tasks to queue
[2024-04-09T15:04:38.135+0000] {logging_mixin.py:188} INFO - [2024-04-09T15:04:38.134+0000] {dagbag.py:540} INFO - Filling up the DagBag from /opt/airflow/dags/first_day_pythonop.py
[2024-04-09T15:04:38.186+0000] {processor.py:840} INFO - DAG(s) 'first_dag_pythonop' retrieved from /opt/airflow/dags/first_day_pythonop.py
[2024-04-09T15:04:38.237+0000] {logging_mixin.py:188} INFO - [2024-04-09T15:04:38.236+0000] {dag.py:3047} INFO - Sync 1 DAGs
[2024-04-09T15:04:38.297+0000] {logging_mixin.py:188} INFO - [2024-04-09T15:04:38.296+0000] {dag.py:3834} INFO - Setting next_dagrun for first_dag_pythonop to 2024-04-08 00:00:00+00:00, run_after=2024-04-09 00:00:00+00:00
[2024-04-09T15:04:38.339+0000] {processor.py:183} INFO - Processing /opt/airflow/dags/first_day_pythonop.py took 0.215 seconds
[2024-04-09T15:05:12.684+0000] {processor.py:161} INFO - Started process (PID=152) to work on /opt/airflow/dags/first_day_pythonop.py
[2024-04-09T15:05:12.686+0000] {processor.py:830} INFO - Processing file /opt/airflow/dags/first_day_pythonop.py for tasks to queue
[2024-04-09T15:05:12.689+0000] {logging_mixin.py:188} INFO - [2024-04-09T15:05:12.689+0000] {dagbag.py:540} INFO - Filling up the DagBag from /opt/airflow/dags/first_day_pythonop.py
[2024-04-09T15:05:13.153+0000] {processor.py:840} INFO - DAG(s) 'first_dag_pythonop' retrieved from /opt/airflow/dags/first_day_pythonop.py
[2024-04-09T15:05:13.577+0000] {logging_mixin.py:188} INFO - [2024-04-09T15:05:13.576+0000] {dag.py:3047} INFO - Sync 1 DAGs
[2024-04-09T15:05:13.951+0000] {logging_mixin.py:188} INFO - [2024-04-09T15:05:13.950+0000] {dag.py:3834} INFO - Setting next_dagrun for first_dag_pythonop to 2024-04-08 00:00:00+00:00, run_after=2024-04-09 00:00:00+00:00
[2024-04-09T15:05:14.700+0000] {processor.py:183} INFO - Processing /opt/airflow/dags/first_day_pythonop.py took 2.054 seconds
[2024-04-09T15:05:44.936+0000] {processor.py:161} INFO - Started process (PID=166) to work on /opt/airflow/dags/first_day_pythonop.py
[2024-04-09T15:05:44.938+0000] {processor.py:830} INFO - Processing file /opt/airflow/dags/first_day_pythonop.py for tasks to queue
[2024-04-09T15:05:44.942+0000] {logging_mixin.py:188} INFO - [2024-04-09T15:05:44.941+0000] {dagbag.py:540} INFO - Filling up the DagBag from /opt/airflow/dags/first_day_pythonop.py
[2024-04-09T15:05:44.997+0000] {processor.py:840} INFO - DAG(s) 'first_dag_pythonop' retrieved from /opt/airflow/dags/first_day_pythonop.py
[2024-04-09T15:05:45.048+0000] {logging_mixin.py:188} INFO - [2024-04-09T15:05:45.048+0000] {dag.py:3047} INFO - Sync 1 DAGs
[2024-04-09T15:05:45.095+0000] {logging_mixin.py:188} INFO - [2024-04-09T15:05:45.095+0000] {dag.py:3834} INFO - Setting next_dagrun for first_dag_pythonop to 2024-04-08 00:00:00+00:00, run_after=2024-04-09 00:00:00+00:00
[2024-04-09T15:05:45.137+0000] {processor.py:183} INFO - Processing /opt/airflow/dags/first_day_pythonop.py took 0.206 seconds
[2024-04-09T15:06:15.798+0000] {processor.py:161} INFO - Started process (PID=180) to work on /opt/airflow/dags/first_day_pythonop.py
[2024-04-09T15:06:15.804+0000] {processor.py:830} INFO - Processing file /opt/airflow/dags/first_day_pythonop.py for tasks to queue
[2024-04-09T15:06:15.808+0000] {logging_mixin.py:188} INFO - [2024-04-09T15:06:15.807+0000] {dagbag.py:540} INFO - Filling up the DagBag from /opt/airflow/dags/first_day_pythonop.py
[2024-04-09T15:06:15.862+0000] {processor.py:840} INFO - DAG(s) 'first_dag_pythonop' retrieved from /opt/airflow/dags/first_day_pythonop.py
[2024-04-09T15:06:15.908+0000] {logging_mixin.py:188} INFO - [2024-04-09T15:06:15.908+0000] {dag.py:3047} INFO - Sync 1 DAGs
[2024-04-09T15:06:15.960+0000] {logging_mixin.py:188} INFO - [2024-04-09T15:06:15.959+0000] {dag.py:3834} INFO - Setting next_dagrun for first_dag_pythonop to 2024-04-08 00:00:00+00:00, run_after=2024-04-09 00:00:00+00:00
[2024-04-09T15:06:16.002+0000] {processor.py:183} INFO - Processing /opt/airflow/dags/first_day_pythonop.py took 0.209 seconds
[2024-04-09T15:06:46.249+0000] {processor.py:161} INFO - Started process (PID=194) to work on /opt/airflow/dags/first_day_pythonop.py
[2024-04-09T15:06:46.251+0000] {processor.py:830} INFO - Processing file /opt/airflow/dags/first_day_pythonop.py for tasks to queue
[2024-04-09T15:06:46.255+0000] {logging_mixin.py:188} INFO - [2024-04-09T15:06:46.254+0000] {dagbag.py:540} INFO - Filling up the DagBag from /opt/airflow/dags/first_day_pythonop.py
[2024-04-09T15:06:46.299+0000] {processor.py:840} INFO - DAG(s) 'first_dag_pythonop' retrieved from /opt/airflow/dags/first_day_pythonop.py
[2024-04-09T15:06:46.344+0000] {logging_mixin.py:188} INFO - [2024-04-09T15:06:46.343+0000] {dag.py:3047} INFO - Sync 1 DAGs
[2024-04-09T15:06:46.388+0000] {logging_mixin.py:188} INFO - [2024-04-09T15:06:46.387+0000] {dag.py:3834} INFO - Setting next_dagrun for first_dag_pythonop to 2024-04-08 00:00:00+00:00, run_after=2024-04-09 00:00:00+00:00
[2024-04-09T15:06:46.428+0000] {processor.py:183} INFO - Processing /opt/airflow/dags/first_day_pythonop.py took 0.184 seconds
[2024-04-09T15:07:17.133+0000] {processor.py:161} INFO - Started process (PID=208) to work on /opt/airflow/dags/first_day_pythonop.py
[2024-04-09T15:07:17.136+0000] {processor.py:830} INFO - Processing file /opt/airflow/dags/first_day_pythonop.py for tasks to queue
[2024-04-09T15:07:17.139+0000] {logging_mixin.py:188} INFO - [2024-04-09T15:07:17.139+0000] {dagbag.py:540} INFO - Filling up the DagBag from /opt/airflow/dags/first_day_pythonop.py
[2024-04-09T15:07:17.186+0000] {processor.py:840} INFO - DAG(s) 'first_dag_pythonop' retrieved from /opt/airflow/dags/first_day_pythonop.py
[2024-04-09T15:07:17.229+0000] {logging_mixin.py:188} INFO - [2024-04-09T15:07:17.228+0000] {dag.py:3047} INFO - Sync 1 DAGs
[2024-04-09T15:07:17.274+0000] {logging_mixin.py:188} INFO - [2024-04-09T15:07:17.274+0000] {dag.py:3834} INFO - Setting next_dagrun for first_dag_pythonop to 2024-04-08 00:00:00+00:00, run_after=2024-04-09 00:00:00+00:00
[2024-04-09T15:07:17.319+0000] {processor.py:183} INFO - Processing /opt/airflow/dags/first_day_pythonop.py took 0.190 seconds
[2024-04-09T15:07:47.983+0000] {processor.py:161} INFO - Started process (PID=222) to work on /opt/airflow/dags/first_day_pythonop.py
[2024-04-09T15:07:47.985+0000] {processor.py:830} INFO - Processing file /opt/airflow/dags/first_day_pythonop.py for tasks to queue
[2024-04-09T15:07:47.988+0000] {logging_mixin.py:188} INFO - [2024-04-09T15:07:47.988+0000] {dagbag.py:540} INFO - Filling up the DagBag from /opt/airflow/dags/first_day_pythonop.py
[2024-04-09T15:07:48.037+0000] {processor.py:840} INFO - DAG(s) 'first_dag_pythonop' retrieved from /opt/airflow/dags/first_day_pythonop.py
[2024-04-09T15:07:48.081+0000] {logging_mixin.py:188} INFO - [2024-04-09T15:07:48.081+0000] {dag.py:3047} INFO - Sync 1 DAGs
[2024-04-09T15:07:48.127+0000] {logging_mixin.py:188} INFO - [2024-04-09T15:07:48.126+0000] {dag.py:3834} INFO - Setting next_dagrun for first_dag_pythonop to 2024-04-08 00:00:00+00:00, run_after=2024-04-09 00:00:00+00:00
[2024-04-09T15:07:48.168+0000] {processor.py:183} INFO - Processing /opt/airflow/dags/first_day_pythonop.py took 0.190 seconds
[2024-04-09T15:08:18.780+0000] {processor.py:161} INFO - Started process (PID=236) to work on /opt/airflow/dags/first_day_pythonop.py
[2024-04-09T15:08:18.782+0000] {processor.py:830} INFO - Processing file /opt/airflow/dags/first_day_pythonop.py for tasks to queue
[2024-04-09T15:08:18.786+0000] {logging_mixin.py:188} INFO - [2024-04-09T15:08:18.785+0000] {dagbag.py:540} INFO - Filling up the DagBag from /opt/airflow/dags/first_day_pythonop.py
[2024-04-09T15:08:18.838+0000] {processor.py:840} INFO - DAG(s) 'first_dag_pythonop' retrieved from /opt/airflow/dags/first_day_pythonop.py
[2024-04-09T15:08:18.894+0000] {logging_mixin.py:188} INFO - [2024-04-09T15:08:18.893+0000] {dag.py:3047} INFO - Sync 1 DAGs
[2024-04-09T15:08:18.944+0000] {logging_mixin.py:188} INFO - [2024-04-09T15:08:18.943+0000] {dag.py:3834} INFO - Setting next_dagrun for first_dag_pythonop to 2024-04-08 00:00:00+00:00, run_after=2024-04-09 00:00:00+00:00
[2024-04-09T15:08:18.990+0000] {processor.py:183} INFO - Processing /opt/airflow/dags/first_day_pythonop.py took 0.217 seconds
[2024-04-09T15:08:49.477+0000] {processor.py:161} INFO - Started process (PID=250) to work on /opt/airflow/dags/first_day_pythonop.py
[2024-04-09T15:08:49.479+0000] {processor.py:830} INFO - Processing file /opt/airflow/dags/first_day_pythonop.py for tasks to queue
[2024-04-09T15:08:49.483+0000] {logging_mixin.py:188} INFO - [2024-04-09T15:08:49.482+0000] {dagbag.py:540} INFO - Filling up the DagBag from /opt/airflow/dags/first_day_pythonop.py
[2024-04-09T15:08:49.525+0000] {processor.py:840} INFO - DAG(s) 'first_dag_pythonop' retrieved from /opt/airflow/dags/first_day_pythonop.py
[2024-04-09T15:08:49.588+0000] {logging_mixin.py:188} INFO - [2024-04-09T15:08:49.588+0000] {dag.py:3047} INFO - Sync 1 DAGs
[2024-04-09T15:08:49.684+0000] {logging_mixin.py:188} INFO - [2024-04-09T15:08:49.683+0000] {dag.py:3834} INFO - Setting next_dagrun for first_dag_pythonop to 2024-04-08 00:00:00+00:00, run_after=2024-04-09 00:00:00+00:00
[2024-04-09T15:08:49.763+0000] {processor.py:183} INFO - Processing /opt/airflow/dags/first_day_pythonop.py took 0.290 seconds
[2024-04-09T15:09:20.041+0000] {processor.py:161} INFO - Started process (PID=264) to work on /opt/airflow/dags/first_day_pythonop.py
[2024-04-09T15:09:20.043+0000] {processor.py:830} INFO - Processing file /opt/airflow/dags/first_day_pythonop.py for tasks to queue
[2024-04-09T15:09:20.047+0000] {logging_mixin.py:188} INFO - [2024-04-09T15:09:20.047+0000] {dagbag.py:540} INFO - Filling up the DagBag from /opt/airflow/dags/first_day_pythonop.py
[2024-04-09T15:09:20.096+0000] {processor.py:840} INFO - DAG(s) 'first_dag_pythonop' retrieved from /opt/airflow/dags/first_day_pythonop.py
[2024-04-09T15:09:20.160+0000] {logging_mixin.py:188} INFO - [2024-04-09T15:09:20.159+0000] {dag.py:3047} INFO - Sync 1 DAGs
[2024-04-09T15:09:20.219+0000] {logging_mixin.py:188} INFO - [2024-04-09T15:09:20.218+0000] {dag.py:3834} INFO - Setting next_dagrun for first_dag_pythonop to 2024-04-08 00:00:00+00:00, run_after=2024-04-09 00:00:00+00:00
[2024-04-09T15:09:20.261+0000] {processor.py:183} INFO - Processing /opt/airflow/dags/first_day_pythonop.py took 0.227 seconds
[2024-04-09T15:09:50.360+0000] {processor.py:161} INFO - Started process (PID=278) to work on /opt/airflow/dags/first_day_pythonop.py
[2024-04-09T15:09:50.363+0000] {processor.py:830} INFO - Processing file /opt/airflow/dags/first_day_pythonop.py for tasks to queue
[2024-04-09T15:09:50.366+0000] {logging_mixin.py:188} INFO - [2024-04-09T15:09:50.365+0000] {dagbag.py:540} INFO - Filling up the DagBag from /opt/airflow/dags/first_day_pythonop.py
[2024-04-09T15:09:50.409+0000] {processor.py:840} INFO - DAG(s) 'first_dag_pythonop' retrieved from /opt/airflow/dags/first_day_pythonop.py
[2024-04-09T15:09:50.458+0000] {logging_mixin.py:188} INFO - [2024-04-09T15:09:50.456+0000] {dag.py:3047} INFO - Sync 1 DAGs
[2024-04-09T15:09:50.518+0000] {logging_mixin.py:188} INFO - [2024-04-09T15:09:50.518+0000] {dag.py:3834} INFO - Setting next_dagrun for first_dag_pythonop to 2024-04-08 00:00:00+00:00, run_after=2024-04-09 00:00:00+00:00
[2024-04-09T15:09:50.566+0000] {processor.py:183} INFO - Processing /opt/airflow/dags/first_day_pythonop.py took 0.211 seconds
[2024-04-09T15:10:21.052+0000] {processor.py:161} INFO - Started process (PID=292) to work on /opt/airflow/dags/first_day_pythonop.py
[2024-04-09T15:10:21.054+0000] {processor.py:830} INFO - Processing file /opt/airflow/dags/first_day_pythonop.py for tasks to queue
[2024-04-09T15:10:21.058+0000] {logging_mixin.py:188} INFO - [2024-04-09T15:10:21.057+0000] {dagbag.py:540} INFO - Filling up the DagBag from /opt/airflow/dags/first_day_pythonop.py
[2024-04-09T15:10:21.110+0000] {processor.py:840} INFO - DAG(s) 'first_dag_pythonop' retrieved from /opt/airflow/dags/first_day_pythonop.py
[2024-04-09T15:10:21.156+0000] {logging_mixin.py:188} INFO - [2024-04-09T15:10:21.156+0000] {dag.py:3047} INFO - Sync 1 DAGs
[2024-04-09T15:10:21.200+0000] {logging_mixin.py:188} INFO - [2024-04-09T15:10:21.200+0000] {dag.py:3834} INFO - Setting next_dagrun for first_dag_pythonop to 2024-04-08 00:00:00+00:00, run_after=2024-04-09 00:00:00+00:00
[2024-04-09T15:10:21.242+0000] {processor.py:183} INFO - Processing /opt/airflow/dags/first_day_pythonop.py took 0.197 seconds
[2024-04-09T15:10:52.194+0000] {processor.py:161} INFO - Started process (PID=306) to work on /opt/airflow/dags/first_day_pythonop.py
[2024-04-09T15:10:52.196+0000] {processor.py:830} INFO - Processing file /opt/airflow/dags/first_day_pythonop.py for tasks to queue
[2024-04-09T15:10:52.199+0000] {logging_mixin.py:188} INFO - [2024-04-09T15:10:52.199+0000] {dagbag.py:540} INFO - Filling up the DagBag from /opt/airflow/dags/first_day_pythonop.py
[2024-04-09T15:10:52.252+0000] {processor.py:840} INFO - DAG(s) 'first_dag_pythonop' retrieved from /opt/airflow/dags/first_day_pythonop.py
[2024-04-09T15:10:52.296+0000] {logging_mixin.py:188} INFO - [2024-04-09T15:10:52.295+0000] {dag.py:3047} INFO - Sync 1 DAGs
[2024-04-09T15:10:52.339+0000] {logging_mixin.py:188} INFO - [2024-04-09T15:10:52.338+0000] {dag.py:3834} INFO - Setting next_dagrun for first_dag_pythonop to 2024-04-08 00:00:00+00:00, run_after=2024-04-09 00:00:00+00:00
[2024-04-09T15:10:52.383+0000] {processor.py:183} INFO - Processing /opt/airflow/dags/first_day_pythonop.py took 0.194 seconds
[2024-04-09T15:11:22.592+0000] {processor.py:161} INFO - Started process (PID=320) to work on /opt/airflow/dags/first_day_pythonop.py
[2024-04-09T15:11:22.595+0000] {processor.py:830} INFO - Processing file /opt/airflow/dags/first_day_pythonop.py for tasks to queue
[2024-04-09T15:11:22.602+0000] {logging_mixin.py:188} INFO - [2024-04-09T15:11:22.601+0000] {dagbag.py:540} INFO - Filling up the DagBag from /opt/airflow/dags/first_day_pythonop.py
[2024-04-09T15:11:22.655+0000] {processor.py:840} INFO - DAG(s) 'first_dag_pythonop' retrieved from /opt/airflow/dags/first_day_pythonop.py
[2024-04-09T15:11:22.705+0000] {logging_mixin.py:188} INFO - [2024-04-09T15:11:22.704+0000] {dag.py:3047} INFO - Sync 1 DAGs
[2024-04-09T15:11:22.759+0000] {logging_mixin.py:188} INFO - [2024-04-09T15:11:22.758+0000] {dag.py:3834} INFO - Setting next_dagrun for first_dag_pythonop to 2024-04-08 00:00:00+00:00, run_after=2024-04-09 00:00:00+00:00
[2024-04-09T15:11:22.806+0000] {processor.py:183} INFO - Processing /opt/airflow/dags/first_day_pythonop.py took 0.221 seconds
[2024-04-09T15:11:53.050+0000] {processor.py:161} INFO - Started process (PID=334) to work on /opt/airflow/dags/first_day_pythonop.py
[2024-04-09T15:11:53.052+0000] {processor.py:830} INFO - Processing file /opt/airflow/dags/first_day_pythonop.py for tasks to queue
[2024-04-09T15:11:53.055+0000] {logging_mixin.py:188} INFO - [2024-04-09T15:11:53.055+0000] {dagbag.py:540} INFO - Filling up the DagBag from /opt/airflow/dags/first_day_pythonop.py
[2024-04-09T15:11:53.099+0000] {processor.py:840} INFO - DAG(s) 'first_dag_pythonop' retrieved from /opt/airflow/dags/first_day_pythonop.py
[2024-04-09T15:11:53.141+0000] {logging_mixin.py:188} INFO - [2024-04-09T15:11:53.141+0000] {dag.py:3047} INFO - Sync 1 DAGs
[2024-04-09T15:11:53.183+0000] {logging_mixin.py:188} INFO - [2024-04-09T15:11:53.183+0000] {dag.py:3834} INFO - Setting next_dagrun for first_dag_pythonop to 2024-04-08 00:00:00+00:00, run_after=2024-04-09 00:00:00+00:00
[2024-04-09T15:11:53.231+0000] {processor.py:183} INFO - Processing /opt/airflow/dags/first_day_pythonop.py took 0.185 seconds
[2024-04-09T15:12:23.331+0000] {processor.py:161} INFO - Started process (PID=348) to work on /opt/airflow/dags/first_day_pythonop.py
[2024-04-09T15:12:23.343+0000] {processor.py:830} INFO - Processing file /opt/airflow/dags/first_day_pythonop.py for tasks to queue
[2024-04-09T15:12:23.348+0000] {logging_mixin.py:188} INFO - [2024-04-09T15:12:23.347+0000] {dagbag.py:540} INFO - Filling up the DagBag from /opt/airflow/dags/first_day_pythonop.py
[2024-04-09T15:12:23.388+0000] {processor.py:840} INFO - DAG(s) 'first_dag_pythonop' retrieved from /opt/airflow/dags/first_day_pythonop.py
[2024-04-09T15:12:23.430+0000] {logging_mixin.py:188} INFO - [2024-04-09T15:12:23.429+0000] {dag.py:3047} INFO - Sync 1 DAGs
[2024-04-09T15:12:23.476+0000] {logging_mixin.py:188} INFO - [2024-04-09T15:12:23.476+0000] {dag.py:3834} INFO - Setting next_dagrun for first_dag_pythonop to 2024-04-08 00:00:00+00:00, run_after=2024-04-09 00:00:00+00:00
[2024-04-09T15:12:23.515+0000] {processor.py:183} INFO - Processing /opt/airflow/dags/first_day_pythonop.py took 0.189 seconds
[2024-04-09T15:12:53.742+0000] {processor.py:161} INFO - Started process (PID=363) to work on /opt/airflow/dags/first_day_pythonop.py
[2024-04-09T15:12:53.744+0000] {processor.py:830} INFO - Processing file /opt/airflow/dags/first_day_pythonop.py for tasks to queue
[2024-04-09T15:12:53.746+0000] {logging_mixin.py:188} INFO - [2024-04-09T15:12:53.746+0000] {dagbag.py:540} INFO - Filling up the DagBag from /opt/airflow/dags/first_day_pythonop.py
[2024-04-09T15:12:53.797+0000] {processor.py:840} INFO - DAG(s) 'first_dag_pythonop' retrieved from /opt/airflow/dags/first_day_pythonop.py
[2024-04-09T15:12:53.838+0000] {logging_mixin.py:188} INFO - [2024-04-09T15:12:53.838+0000] {dag.py:3047} INFO - Sync 1 DAGs
[2024-04-09T15:12:53.877+0000] {logging_mixin.py:188} INFO - [2024-04-09T15:12:53.877+0000] {dag.py:3834} INFO - Setting next_dagrun for first_dag_pythonop to 2024-04-08 00:00:00+00:00, run_after=2024-04-09 00:00:00+00:00
[2024-04-09T15:12:53.919+0000] {processor.py:183} INFO - Processing /opt/airflow/dags/first_day_pythonop.py took 0.181 seconds
[2024-04-09T15:13:24.395+0000] {processor.py:161} INFO - Started process (PID=377) to work on /opt/airflow/dags/first_day_pythonop.py
[2024-04-09T15:13:24.397+0000] {processor.py:830} INFO - Processing file /opt/airflow/dags/first_day_pythonop.py for tasks to queue
[2024-04-09T15:13:24.403+0000] {logging_mixin.py:188} INFO - [2024-04-09T15:13:24.402+0000] {dagbag.py:540} INFO - Filling up the DagBag from /opt/airflow/dags/first_day_pythonop.py
[2024-04-09T15:13:24.450+0000] {processor.py:840} INFO - DAG(s) 'first_dag_pythonop' retrieved from /opt/airflow/dags/first_day_pythonop.py
[2024-04-09T15:13:24.491+0000] {logging_mixin.py:188} INFO - [2024-04-09T15:13:24.490+0000] {dag.py:3047} INFO - Sync 1 DAGs
[2024-04-09T15:13:24.538+0000] {logging_mixin.py:188} INFO - [2024-04-09T15:13:24.537+0000] {dag.py:3834} INFO - Setting next_dagrun for first_dag_pythonop to 2024-04-08 00:00:00+00:00, run_after=2024-04-09 00:00:00+00:00
[2024-04-09T15:13:24.582+0000] {processor.py:183} INFO - Processing /opt/airflow/dags/first_day_pythonop.py took 0.194 seconds
[2024-04-09T15:13:54.992+0000] {processor.py:161} INFO - Started process (PID=391) to work on /opt/airflow/dags/first_day_pythonop.py
[2024-04-09T15:13:54.995+0000] {processor.py:830} INFO - Processing file /opt/airflow/dags/first_day_pythonop.py for tasks to queue
[2024-04-09T15:13:54.999+0000] {logging_mixin.py:188} INFO - [2024-04-09T15:13:54.998+0000] {dagbag.py:540} INFO - Filling up the DagBag from /opt/airflow/dags/first_day_pythonop.py
[2024-04-09T15:13:55.052+0000] {processor.py:840} INFO - DAG(s) 'first_dag_pythonop' retrieved from /opt/airflow/dags/first_day_pythonop.py
[2024-04-09T15:13:55.098+0000] {logging_mixin.py:188} INFO - [2024-04-09T15:13:55.098+0000] {dag.py:3047} INFO - Sync 1 DAGs
[2024-04-09T15:13:55.145+0000] {logging_mixin.py:188} INFO - [2024-04-09T15:13:55.144+0000] {dag.py:3834} INFO - Setting next_dagrun for first_dag_pythonop to 2024-04-08 00:00:00+00:00, run_after=2024-04-09 00:00:00+00:00
[2024-04-09T15:13:55.192+0000] {processor.py:183} INFO - Processing /opt/airflow/dags/first_day_pythonop.py took 0.208 seconds
[2024-04-09T15:14:25.655+0000] {processor.py:161} INFO - Started process (PID=406) to work on /opt/airflow/dags/first_day_pythonop.py
[2024-04-09T15:14:25.658+0000] {processor.py:830} INFO - Processing file /opt/airflow/dags/first_day_pythonop.py for tasks to queue
[2024-04-09T15:14:25.661+0000] {logging_mixin.py:188} INFO - [2024-04-09T15:14:25.660+0000] {dagbag.py:540} INFO - Filling up the DagBag from /opt/airflow/dags/first_day_pythonop.py
[2024-04-09T15:14:25.716+0000] {processor.py:840} INFO - DAG(s) 'first_dag_pythonop' retrieved from /opt/airflow/dags/first_day_pythonop.py
[2024-04-09T15:14:25.765+0000] {logging_mixin.py:188} INFO - [2024-04-09T15:14:25.764+0000] {dag.py:3047} INFO - Sync 1 DAGs
[2024-04-09T15:14:25.806+0000] {logging_mixin.py:188} INFO - [2024-04-09T15:14:25.806+0000] {dag.py:3834} INFO - Setting next_dagrun for first_dag_pythonop to 2024-04-08 00:00:00+00:00, run_after=2024-04-09 00:00:00+00:00
[2024-04-09T15:14:25.855+0000] {processor.py:183} INFO - Processing /opt/airflow/dags/first_day_pythonop.py took 0.206 seconds
[2024-04-09T15:14:56.645+0000] {processor.py:161} INFO - Started process (PID=420) to work on /opt/airflow/dags/first_day_pythonop.py
[2024-04-09T15:14:56.648+0000] {processor.py:830} INFO - Processing file /opt/airflow/dags/first_day_pythonop.py for tasks to queue
[2024-04-09T15:14:56.651+0000] {logging_mixin.py:188} INFO - [2024-04-09T15:14:56.651+0000] {dagbag.py:540} INFO - Filling up the DagBag from /opt/airflow/dags/first_day_pythonop.py
[2024-04-09T15:14:56.703+0000] {processor.py:840} INFO - DAG(s) 'first_dag_pythonop' retrieved from /opt/airflow/dags/first_day_pythonop.py
[2024-04-09T15:14:56.748+0000] {logging_mixin.py:188} INFO - [2024-04-09T15:14:56.747+0000] {dag.py:3047} INFO - Sync 1 DAGs
[2024-04-09T15:14:56.794+0000] {logging_mixin.py:188} INFO - [2024-04-09T15:14:56.793+0000] {dag.py:3834} INFO - Setting next_dagrun for first_dag_pythonop to 2024-04-08 00:00:00+00:00, run_after=2024-04-09 00:00:00+00:00
[2024-04-09T15:14:56.841+0000] {processor.py:183} INFO - Processing /opt/airflow/dags/first_day_pythonop.py took 0.202 seconds
[2024-04-09T15:15:27.242+0000] {processor.py:161} INFO - Started process (PID=434) to work on /opt/airflow/dags/first_day_pythonop.py
[2024-04-09T15:15:27.245+0000] {processor.py:830} INFO - Processing file /opt/airflow/dags/first_day_pythonop.py for tasks to queue
[2024-04-09T15:15:27.249+0000] {logging_mixin.py:188} INFO - [2024-04-09T15:15:27.248+0000] {dagbag.py:540} INFO - Filling up the DagBag from /opt/airflow/dags/first_day_pythonop.py
[2024-04-09T15:15:27.300+0000] {processor.py:840} INFO - DAG(s) 'first_dag_pythonop' retrieved from /opt/airflow/dags/first_day_pythonop.py
[2024-04-09T15:15:27.347+0000] {logging_mixin.py:188} INFO - [2024-04-09T15:15:27.347+0000] {dag.py:3047} INFO - Sync 1 DAGs
[2024-04-09T15:15:27.388+0000] {logging_mixin.py:188} INFO - [2024-04-09T15:15:27.388+0000] {dag.py:3834} INFO - Setting next_dagrun for first_dag_pythonop to 2024-04-08 00:00:00+00:00, run_after=2024-04-09 00:00:00+00:00
[2024-04-09T15:15:27.437+0000] {processor.py:183} INFO - Processing /opt/airflow/dags/first_day_pythonop.py took 0.201 seconds
[2024-04-09T15:15:57.838+0000] {processor.py:161} INFO - Started process (PID=449) to work on /opt/airflow/dags/first_day_pythonop.py
[2024-04-09T15:15:57.839+0000] {processor.py:830} INFO - Processing file /opt/airflow/dags/first_day_pythonop.py for tasks to queue
[2024-04-09T15:15:57.844+0000] {logging_mixin.py:188} INFO - [2024-04-09T15:15:57.843+0000] {dagbag.py:540} INFO - Filling up the DagBag from /opt/airflow/dags/first_day_pythonop.py
[2024-04-09T15:15:57.893+0000] {processor.py:840} INFO - DAG(s) 'first_dag_pythonop' retrieved from /opt/airflow/dags/first_day_pythonop.py
[2024-04-09T15:15:57.938+0000] {logging_mixin.py:188} INFO - [2024-04-09T15:15:57.937+0000] {dag.py:3047} INFO - Sync 1 DAGs
[2024-04-09T15:15:57.987+0000] {logging_mixin.py:188} INFO - [2024-04-09T15:15:57.987+0000] {dag.py:3834} INFO - Setting next_dagrun for first_dag_pythonop to 2024-04-08 00:00:00+00:00, run_after=2024-04-09 00:00:00+00:00
[2024-04-09T15:15:58.027+0000] {processor.py:183} INFO - Processing /opt/airflow/dags/first_day_pythonop.py took 0.196 seconds
[2024-04-09T15:16:28.591+0000] {processor.py:161} INFO - Started process (PID=463) to work on /opt/airflow/dags/first_day_pythonop.py
[2024-04-09T15:16:28.592+0000] {processor.py:830} INFO - Processing file /opt/airflow/dags/first_day_pythonop.py for tasks to queue
[2024-04-09T15:16:28.596+0000] {logging_mixin.py:188} INFO - [2024-04-09T15:16:28.595+0000] {dagbag.py:540} INFO - Filling up the DagBag from /opt/airflow/dags/first_day_pythonop.py
[2024-04-09T15:16:28.646+0000] {processor.py:840} INFO - DAG(s) 'first_dag_pythonop' retrieved from /opt/airflow/dags/first_day_pythonop.py
[2024-04-09T15:16:28.690+0000] {logging_mixin.py:188} INFO - [2024-04-09T15:16:28.689+0000] {dag.py:3047} INFO - Sync 1 DAGs
[2024-04-09T15:16:28.738+0000] {logging_mixin.py:188} INFO - [2024-04-09T15:16:28.738+0000] {dag.py:3834} INFO - Setting next_dagrun for first_dag_pythonop to 2024-04-08 00:00:00+00:00, run_after=2024-04-09 00:00:00+00:00
[2024-04-09T15:16:28.778+0000] {processor.py:183} INFO - Processing /opt/airflow/dags/first_day_pythonop.py took 0.193 seconds
[2024-04-09T15:16:59.135+0000] {processor.py:161} INFO - Started process (PID=477) to work on /opt/airflow/dags/first_day_pythonop.py
[2024-04-09T15:16:59.139+0000] {processor.py:830} INFO - Processing file /opt/airflow/dags/first_day_pythonop.py for tasks to queue
[2024-04-09T15:16:59.146+0000] {logging_mixin.py:188} INFO - [2024-04-09T15:16:59.145+0000] {dagbag.py:540} INFO - Filling up the DagBag from /opt/airflow/dags/first_day_pythonop.py
[2024-04-09T15:16:59.199+0000] {processor.py:840} INFO - DAG(s) 'first_dag_pythonop' retrieved from /opt/airflow/dags/first_day_pythonop.py
[2024-04-09T15:16:59.260+0000] {logging_mixin.py:188} INFO - [2024-04-09T15:16:59.259+0000] {dag.py:3047} INFO - Sync 1 DAGs
[2024-04-09T15:16:59.323+0000] {logging_mixin.py:188} INFO - [2024-04-09T15:16:59.323+0000] {dag.py:3834} INFO - Setting next_dagrun for first_dag_pythonop to 2024-04-08 00:00:00+00:00, run_after=2024-04-09 00:00:00+00:00
[2024-04-09T15:16:59.374+0000] {processor.py:183} INFO - Processing /opt/airflow/dags/first_day_pythonop.py took 0.246 seconds
[2024-04-09T15:17:30.125+0000] {processor.py:161} INFO - Started process (PID=491) to work on /opt/airflow/dags/first_day_pythonop.py
[2024-04-09T15:17:30.127+0000] {processor.py:830} INFO - Processing file /opt/airflow/dags/first_day_pythonop.py for tasks to queue
[2024-04-09T15:17:30.130+0000] {logging_mixin.py:188} INFO - [2024-04-09T15:17:30.130+0000] {dagbag.py:540} INFO - Filling up the DagBag from /opt/airflow/dags/first_day_pythonop.py
[2024-04-09T15:17:30.177+0000] {processor.py:840} INFO - DAG(s) 'first_dag_pythonop' retrieved from /opt/airflow/dags/first_day_pythonop.py
[2024-04-09T15:17:30.220+0000] {logging_mixin.py:188} INFO - [2024-04-09T15:17:30.219+0000] {dag.py:3047} INFO - Sync 1 DAGs
[2024-04-09T15:17:30.261+0000] {logging_mixin.py:188} INFO - [2024-04-09T15:17:30.261+0000] {dag.py:3834} INFO - Setting next_dagrun for first_dag_pythonop to 2024-04-08 00:00:00+00:00, run_after=2024-04-09 00:00:00+00:00
[2024-04-09T15:17:30.303+0000] {processor.py:183} INFO - Processing /opt/airflow/dags/first_day_pythonop.py took 0.183 seconds
[2024-04-09T15:18:00.929+0000] {processor.py:161} INFO - Started process (PID=505) to work on /opt/airflow/dags/first_day_pythonop.py
[2024-04-09T15:18:00.932+0000] {processor.py:830} INFO - Processing file /opt/airflow/dags/first_day_pythonop.py for tasks to queue
[2024-04-09T15:18:00.935+0000] {logging_mixin.py:188} INFO - [2024-04-09T15:18:00.934+0000] {dagbag.py:540} INFO - Filling up the DagBag from /opt/airflow/dags/first_day_pythonop.py
[2024-04-09T15:18:00.977+0000] {processor.py:840} INFO - DAG(s) 'first_dag_pythonop' retrieved from /opt/airflow/dags/first_day_pythonop.py
[2024-04-09T15:18:01.026+0000] {logging_mixin.py:188} INFO - [2024-04-09T15:18:01.026+0000] {dag.py:3047} INFO - Sync 1 DAGs
[2024-04-09T15:18:01.078+0000] {logging_mixin.py:188} INFO - [2024-04-09T15:18:01.078+0000] {dag.py:3834} INFO - Setting next_dagrun for first_dag_pythonop to 2024-04-08 00:00:00+00:00, run_after=2024-04-09 00:00:00+00:00
[2024-04-09T15:18:01.128+0000] {processor.py:183} INFO - Processing /opt/airflow/dags/first_day_pythonop.py took 0.203 seconds
[2024-04-09T15:18:31.746+0000] {processor.py:161} INFO - Started process (PID=519) to work on /opt/airflow/dags/first_day_pythonop.py
[2024-04-09T15:18:31.748+0000] {processor.py:830} INFO - Processing file /opt/airflow/dags/first_day_pythonop.py for tasks to queue
[2024-04-09T15:18:31.752+0000] {logging_mixin.py:188} INFO - [2024-04-09T15:18:31.751+0000] {dagbag.py:540} INFO - Filling up the DagBag from /opt/airflow/dags/first_day_pythonop.py
[2024-04-09T15:18:31.802+0000] {processor.py:840} INFO - DAG(s) 'first_dag_pythonop' retrieved from /opt/airflow/dags/first_day_pythonop.py
[2024-04-09T15:18:31.846+0000] {logging_mixin.py:188} INFO - [2024-04-09T15:18:31.846+0000] {dag.py:3047} INFO - Sync 1 DAGs
[2024-04-09T15:18:31.893+0000] {logging_mixin.py:188} INFO - [2024-04-09T15:18:31.893+0000] {dag.py:3834} INFO - Setting next_dagrun for first_dag_pythonop to 2024-04-08 00:00:00+00:00, run_after=2024-04-09 00:00:00+00:00
[2024-04-09T15:18:31.933+0000] {processor.py:183} INFO - Processing /opt/airflow/dags/first_day_pythonop.py took 0.192 seconds
[2024-04-09T15:19:02.633+0000] {processor.py:161} INFO - Started process (PID=533) to work on /opt/airflow/dags/first_day_pythonop.py
[2024-04-09T15:19:02.635+0000] {processor.py:830} INFO - Processing file /opt/airflow/dags/first_day_pythonop.py for tasks to queue
[2024-04-09T15:19:02.641+0000] {logging_mixin.py:188} INFO - [2024-04-09T15:19:02.640+0000] {dagbag.py:540} INFO - Filling up the DagBag from /opt/airflow/dags/first_day_pythonop.py
[2024-04-09T15:19:02.699+0000] {processor.py:840} INFO - DAG(s) 'first_dag_pythonop' retrieved from /opt/airflow/dags/first_day_pythonop.py
[2024-04-09T15:19:02.748+0000] {logging_mixin.py:188} INFO - [2024-04-09T15:19:02.747+0000] {dag.py:3047} INFO - Sync 1 DAGs
[2024-04-09T15:19:02.802+0000] {logging_mixin.py:188} INFO - [2024-04-09T15:19:02.801+0000] {dag.py:3834} INFO - Setting next_dagrun for first_dag_pythonop to 2024-04-08 00:00:00+00:00, run_after=2024-04-09 00:00:00+00:00
[2024-04-09T15:19:02.851+0000] {processor.py:183} INFO - Processing /opt/airflow/dags/first_day_pythonop.py took 0.225 seconds
[2024-04-09T15:19:33.219+0000] {processor.py:161} INFO - Started process (PID=547) to work on /opt/airflow/dags/first_day_pythonop.py
[2024-04-09T15:19:33.221+0000] {processor.py:830} INFO - Processing file /opt/airflow/dags/first_day_pythonop.py for tasks to queue
[2024-04-09T15:19:33.225+0000] {logging_mixin.py:188} INFO - [2024-04-09T15:19:33.224+0000] {dagbag.py:540} INFO - Filling up the DagBag from /opt/airflow/dags/first_day_pythonop.py
[2024-04-09T15:19:33.277+0000] {processor.py:840} INFO - DAG(s) 'first_dag_pythonop' retrieved from /opt/airflow/dags/first_day_pythonop.py
[2024-04-09T15:19:33.328+0000] {logging_mixin.py:188} INFO - [2024-04-09T15:19:33.327+0000] {dag.py:3047} INFO - Sync 1 DAGs
[2024-04-09T15:19:33.372+0000] {logging_mixin.py:188} INFO - [2024-04-09T15:19:33.372+0000] {dag.py:3834} INFO - Setting next_dagrun for first_dag_pythonop to 2024-04-08 00:00:00+00:00, run_after=2024-04-09 00:00:00+00:00
[2024-04-09T15:19:33.418+0000] {processor.py:183} INFO - Processing /opt/airflow/dags/first_day_pythonop.py took 0.203 seconds
[2024-04-09T15:20:04.052+0000] {processor.py:161} INFO - Started process (PID=561) to work on /opt/airflow/dags/first_day_pythonop.py
[2024-04-09T15:20:04.054+0000] {processor.py:830} INFO - Processing file /opt/airflow/dags/first_day_pythonop.py for tasks to queue
[2024-04-09T15:20:04.058+0000] {logging_mixin.py:188} INFO - [2024-04-09T15:20:04.057+0000] {dagbag.py:540} INFO - Filling up the DagBag from /opt/airflow/dags/first_day_pythonop.py
[2024-04-09T15:20:04.113+0000] {processor.py:840} INFO - DAG(s) 'first_dag_pythonop' retrieved from /opt/airflow/dags/first_day_pythonop.py
[2024-04-09T15:20:04.172+0000] {logging_mixin.py:188} INFO - [2024-04-09T15:20:04.171+0000] {dag.py:3047} INFO - Sync 1 DAGs
[2024-04-09T15:20:04.227+0000] {logging_mixin.py:188} INFO - [2024-04-09T15:20:04.227+0000] {dag.py:3834} INFO - Setting next_dagrun for first_dag_pythonop to 2024-04-08 00:00:00+00:00, run_after=2024-04-09 00:00:00+00:00
[2024-04-09T15:20:04.277+0000] {processor.py:183} INFO - Processing /opt/airflow/dags/first_day_pythonop.py took 0.231 seconds
[2024-04-09T15:20:34.927+0000] {processor.py:161} INFO - Started process (PID=575) to work on /opt/airflow/dags/first_day_pythonop.py
[2024-04-09T15:20:34.929+0000] {processor.py:830} INFO - Processing file /opt/airflow/dags/first_day_pythonop.py for tasks to queue
[2024-04-09T15:20:34.932+0000] {logging_mixin.py:188} INFO - [2024-04-09T15:20:34.931+0000] {dagbag.py:540} INFO - Filling up the DagBag from /opt/airflow/dags/first_day_pythonop.py
[2024-04-09T15:20:34.982+0000] {processor.py:840} INFO - DAG(s) 'first_dag_pythonop' retrieved from /opt/airflow/dags/first_day_pythonop.py
[2024-04-09T15:20:35.024+0000] {logging_mixin.py:188} INFO - [2024-04-09T15:20:35.023+0000] {dag.py:3047} INFO - Sync 1 DAGs
[2024-04-09T15:20:35.067+0000] {logging_mixin.py:188} INFO - [2024-04-09T15:20:35.066+0000] {dag.py:3834} INFO - Setting next_dagrun for first_dag_pythonop to 2024-04-08 00:00:00+00:00, run_after=2024-04-09 00:00:00+00:00
[2024-04-09T15:20:35.110+0000] {processor.py:183} INFO - Processing /opt/airflow/dags/first_day_pythonop.py took 0.188 seconds
[2024-04-09T15:21:05.705+0000] {processor.py:161} INFO - Started process (PID=590) to work on /opt/airflow/dags/first_day_pythonop.py
[2024-04-09T15:21:05.706+0000] {processor.py:830} INFO - Processing file /opt/airflow/dags/first_day_pythonop.py for tasks to queue
[2024-04-09T15:21:05.709+0000] {logging_mixin.py:188} INFO - [2024-04-09T15:21:05.708+0000] {dagbag.py:540} INFO - Filling up the DagBag from /opt/airflow/dags/first_day_pythonop.py
[2024-04-09T15:21:05.753+0000] {processor.py:840} INFO - DAG(s) 'first_dag_pythonop' retrieved from /opt/airflow/dags/first_day_pythonop.py
[2024-04-09T15:21:05.797+0000] {logging_mixin.py:188} INFO - [2024-04-09T15:21:05.796+0000] {dag.py:3047} INFO - Sync 1 DAGs
[2024-04-09T15:21:05.836+0000] {logging_mixin.py:188} INFO - [2024-04-09T15:21:05.836+0000] {dag.py:3834} INFO - Setting next_dagrun for first_dag_pythonop to 2024-04-08 00:00:00+00:00, run_after=2024-04-09 00:00:00+00:00
[2024-04-09T15:21:05.873+0000] {processor.py:183} INFO - Processing /opt/airflow/dags/first_day_pythonop.py took 0.173 seconds
[2024-04-09T15:21:36.286+0000] {processor.py:161} INFO - Started process (PID=603) to work on /opt/airflow/dags/first_day_pythonop.py
[2024-04-09T15:21:36.288+0000] {processor.py:830} INFO - Processing file /opt/airflow/dags/first_day_pythonop.py for tasks to queue
[2024-04-09T15:21:36.292+0000] {logging_mixin.py:188} INFO - [2024-04-09T15:21:36.291+0000] {dagbag.py:540} INFO - Filling up the DagBag from /opt/airflow/dags/first_day_pythonop.py
[2024-04-09T15:21:36.341+0000] {processor.py:840} INFO - DAG(s) 'first_dag_pythonop' retrieved from /opt/airflow/dags/first_day_pythonop.py
[2024-04-09T15:21:36.386+0000] {logging_mixin.py:188} INFO - [2024-04-09T15:21:36.385+0000] {dag.py:3047} INFO - Sync 1 DAGs
[2024-04-09T15:21:36.434+0000] {logging_mixin.py:188} INFO - [2024-04-09T15:21:36.434+0000] {dag.py:3834} INFO - Setting next_dagrun for first_dag_pythonop to 2024-04-08 00:00:00+00:00, run_after=2024-04-09 00:00:00+00:00
[2024-04-09T15:21:36.474+0000] {processor.py:183} INFO - Processing /opt/airflow/dags/first_day_pythonop.py took 0.194 seconds
[2024-04-09T15:22:07.076+0000] {processor.py:161} INFO - Started process (PID=618) to work on /opt/airflow/dags/first_day_pythonop.py
[2024-04-09T15:22:07.078+0000] {processor.py:830} INFO - Processing file /opt/airflow/dags/first_day_pythonop.py for tasks to queue
[2024-04-09T15:22:07.082+0000] {logging_mixin.py:188} INFO - [2024-04-09T15:22:07.081+0000] {dagbag.py:540} INFO - Filling up the DagBag from /opt/airflow/dags/first_day_pythonop.py
[2024-04-09T15:22:07.135+0000] {processor.py:840} INFO - DAG(s) 'first_dag_pythonop' retrieved from /opt/airflow/dags/first_day_pythonop.py
[2024-04-09T15:22:07.187+0000] {logging_mixin.py:188} INFO - [2024-04-09T15:22:07.187+0000] {dag.py:3047} INFO - Sync 1 DAGs
[2024-04-09T15:22:07.239+0000] {logging_mixin.py:188} INFO - [2024-04-09T15:22:07.238+0000] {dag.py:3834} INFO - Setting next_dagrun for first_dag_pythonop to 2024-04-08 00:00:00+00:00, run_after=2024-04-09 00:00:00+00:00
[2024-04-09T15:22:07.289+0000] {processor.py:183} INFO - Processing /opt/airflow/dags/first_day_pythonop.py took 0.218 seconds
[2024-04-09T15:22:37.969+0000] {processor.py:161} INFO - Started process (PID=632) to work on /opt/airflow/dags/first_day_pythonop.py
[2024-04-09T15:22:37.971+0000] {processor.py:830} INFO - Processing file /opt/airflow/dags/first_day_pythonop.py for tasks to queue
[2024-04-09T15:22:37.976+0000] {logging_mixin.py:188} INFO - [2024-04-09T15:22:37.975+0000] {dagbag.py:540} INFO - Filling up the DagBag from /opt/airflow/dags/first_day_pythonop.py
[2024-04-09T15:22:38.031+0000] {processor.py:840} INFO - DAG(s) 'first_dag_pythonop' retrieved from /opt/airflow/dags/first_day_pythonop.py
[2024-04-09T15:22:38.087+0000] {logging_mixin.py:188} INFO - [2024-04-09T15:22:38.086+0000] {dag.py:3047} INFO - Sync 1 DAGs
[2024-04-09T15:22:38.135+0000] {logging_mixin.py:188} INFO - [2024-04-09T15:22:38.134+0000] {dag.py:3834} INFO - Setting next_dagrun for first_dag_pythonop to 2024-04-08 00:00:00+00:00, run_after=2024-04-09 00:00:00+00:00
[2024-04-09T15:22:38.179+0000] {processor.py:183} INFO - Processing /opt/airflow/dags/first_day_pythonop.py took 0.216 seconds
[2024-04-09T15:23:08.775+0000] {processor.py:161} INFO - Started process (PID=646) to work on /opt/airflow/dags/first_day_pythonop.py
[2024-04-09T15:23:08.777+0000] {processor.py:830} INFO - Processing file /opt/airflow/dags/first_day_pythonop.py for tasks to queue
[2024-04-09T15:23:08.781+0000] {logging_mixin.py:188} INFO - [2024-04-09T15:23:08.780+0000] {dagbag.py:540} INFO - Filling up the DagBag from /opt/airflow/dags/first_day_pythonop.py
[2024-04-09T15:23:08.826+0000] {processor.py:840} INFO - DAG(s) 'first_dag_pythonop' retrieved from /opt/airflow/dags/first_day_pythonop.py
[2024-04-09T15:23:08.872+0000] {logging_mixin.py:188} INFO - [2024-04-09T15:23:08.872+0000] {dag.py:3047} INFO - Sync 1 DAGs
[2024-04-09T15:23:08.918+0000] {logging_mixin.py:188} INFO - [2024-04-09T15:23:08.918+0000] {dag.py:3834} INFO - Setting next_dagrun for first_dag_pythonop to 2024-04-08 00:00:00+00:00, run_after=2024-04-09 00:00:00+00:00
[2024-04-09T15:23:08.963+0000] {processor.py:183} INFO - Processing /opt/airflow/dags/first_day_pythonop.py took 0.193 seconds
[2024-04-09T15:23:39.595+0000] {processor.py:161} INFO - Started process (PID=661) to work on /opt/airflow/dags/first_day_pythonop.py
[2024-04-09T15:23:39.597+0000] {processor.py:830} INFO - Processing file /opt/airflow/dags/first_day_pythonop.py for tasks to queue
[2024-04-09T15:23:39.600+0000] {logging_mixin.py:188} INFO - [2024-04-09T15:23:39.599+0000] {dagbag.py:540} INFO - Filling up the DagBag from /opt/airflow/dags/first_day_pythonop.py
[2024-04-09T15:23:39.647+0000] {processor.py:840} INFO - DAG(s) 'first_dag_pythonop' retrieved from /opt/airflow/dags/first_day_pythonop.py
[2024-04-09T15:23:39.688+0000] {logging_mixin.py:188} INFO - [2024-04-09T15:23:39.687+0000] {dag.py:3047} INFO - Sync 1 DAGs
[2024-04-09T15:23:39.728+0000] {logging_mixin.py:188} INFO - [2024-04-09T15:23:39.728+0000] {dag.py:3834} INFO - Setting next_dagrun for first_dag_pythonop to 2024-04-08 00:00:00+00:00, run_after=2024-04-09 00:00:00+00:00
[2024-04-09T15:23:39.773+0000] {processor.py:183} INFO - Processing /opt/airflow/dags/first_day_pythonop.py took 0.182 seconds
[2024-04-09T15:24:10.422+0000] {processor.py:161} INFO - Started process (PID=675) to work on /opt/airflow/dags/first_day_pythonop.py
[2024-04-09T15:24:10.424+0000] {processor.py:830} INFO - Processing file /opt/airflow/dags/first_day_pythonop.py for tasks to queue
[2024-04-09T15:24:10.429+0000] {logging_mixin.py:188} INFO - [2024-04-09T15:24:10.428+0000] {dagbag.py:540} INFO - Filling up the DagBag from /opt/airflow/dags/first_day_pythonop.py
[2024-04-09T15:24:10.485+0000] {processor.py:840} INFO - DAG(s) 'first_dag_pythonop' retrieved from /opt/airflow/dags/first_day_pythonop.py
[2024-04-09T15:24:10.532+0000] {logging_mixin.py:188} INFO - [2024-04-09T15:24:10.531+0000] {dag.py:3047} INFO - Sync 1 DAGs
[2024-04-09T15:24:10.579+0000] {logging_mixin.py:188} INFO - [2024-04-09T15:24:10.579+0000] {dag.py:3834} INFO - Setting next_dagrun for first_dag_pythonop to 2024-04-08 00:00:00+00:00, run_after=2024-04-09 00:00:00+00:00
[2024-04-09T15:24:10.622+0000] {processor.py:183} INFO - Processing /opt/airflow/dags/first_day_pythonop.py took 0.207 seconds
[2024-04-09T15:24:40.939+0000] {processor.py:161} INFO - Started process (PID=689) to work on /opt/airflow/dags/first_day_pythonop.py
[2024-04-09T15:24:40.941+0000] {processor.py:830} INFO - Processing file /opt/airflow/dags/first_day_pythonop.py for tasks to queue
[2024-04-09T15:24:40.944+0000] {logging_mixin.py:188} INFO - [2024-04-09T15:24:40.943+0000] {dagbag.py:540} INFO - Filling up the DagBag from /opt/airflow/dags/first_day_pythonop.py
[2024-04-09T15:24:40.992+0000] {processor.py:840} INFO - DAG(s) 'first_dag_pythonop' retrieved from /opt/airflow/dags/first_day_pythonop.py
[2024-04-09T15:24:41.038+0000] {logging_mixin.py:188} INFO - [2024-04-09T15:24:41.038+0000] {dag.py:3047} INFO - Sync 1 DAGs
[2024-04-09T15:24:41.082+0000] {logging_mixin.py:188} INFO - [2024-04-09T15:24:41.081+0000] {dag.py:3834} INFO - Setting next_dagrun for first_dag_pythonop to 2024-04-08 00:00:00+00:00, run_after=2024-04-09 00:00:00+00:00
[2024-04-09T15:24:41.126+0000] {processor.py:183} INFO - Processing /opt/airflow/dags/first_day_pythonop.py took 0.194 seconds
[2024-04-09T15:25:11.712+0000] {processor.py:161} INFO - Started process (PID=710) to work on /opt/airflow/dags/first_day_pythonop.py
[2024-04-09T15:25:11.714+0000] {processor.py:830} INFO - Processing file /opt/airflow/dags/first_day_pythonop.py for tasks to queue
[2024-04-09T15:25:11.717+0000] {logging_mixin.py:188} INFO - [2024-04-09T15:25:11.717+0000] {dagbag.py:540} INFO - Filling up the DagBag from /opt/airflow/dags/first_day_pythonop.py
[2024-04-09T15:25:11.770+0000] {processor.py:840} INFO - DAG(s) 'first_dag_pythonop' retrieved from /opt/airflow/dags/first_day_pythonop.py
[2024-04-09T15:25:11.812+0000] {logging_mixin.py:188} INFO - [2024-04-09T15:25:11.811+0000] {dag.py:3047} INFO - Sync 1 DAGs
[2024-04-09T15:25:11.854+0000] {logging_mixin.py:188} INFO - [2024-04-09T15:25:11.854+0000] {dag.py:3834} INFO - Setting next_dagrun for first_dag_pythonop to 2024-04-08 00:00:00+00:00, run_after=2024-04-09 00:00:00+00:00
[2024-04-09T15:25:11.893+0000] {processor.py:183} INFO - Processing /opt/airflow/dags/first_day_pythonop.py took 0.186 seconds
[2024-04-09T15:25:42.348+0000] {processor.py:161} INFO - Started process (PID=725) to work on /opt/airflow/dags/first_day_pythonop.py
[2024-04-09T15:25:42.350+0000] {processor.py:830} INFO - Processing file /opt/airflow/dags/first_day_pythonop.py for tasks to queue
[2024-04-09T15:25:42.354+0000] {logging_mixin.py:188} INFO - [2024-04-09T15:25:42.354+0000] {dagbag.py:540} INFO - Filling up the DagBag from /opt/airflow/dags/first_day_pythonop.py
[2024-04-09T15:25:42.404+0000] {processor.py:840} INFO - DAG(s) 'first_dag_pythonop' retrieved from /opt/airflow/dags/first_day_pythonop.py
[2024-04-09T15:25:42.450+0000] {logging_mixin.py:188} INFO - [2024-04-09T15:25:42.449+0000] {dag.py:3047} INFO - Sync 1 DAGs
[2024-04-09T15:25:42.493+0000] {logging_mixin.py:188} INFO - [2024-04-09T15:25:42.492+0000] {dag.py:3834} INFO - Setting next_dagrun for first_dag_pythonop to 2024-04-08 00:00:00+00:00, run_after=2024-04-09 00:00:00+00:00
[2024-04-09T15:25:42.538+0000] {processor.py:183} INFO - Processing /opt/airflow/dags/first_day_pythonop.py took 0.195 seconds
[2024-04-09T15:26:12.971+0000] {processor.py:161} INFO - Started process (PID=739) to work on /opt/airflow/dags/first_day_pythonop.py
[2024-04-09T15:26:12.973+0000] {processor.py:830} INFO - Processing file /opt/airflow/dags/first_day_pythonop.py for tasks to queue
[2024-04-09T15:26:12.977+0000] {logging_mixin.py:188} INFO - [2024-04-09T15:26:12.976+0000] {dagbag.py:540} INFO - Filling up the DagBag from /opt/airflow/dags/first_day_pythonop.py
[2024-04-09T15:26:13.030+0000] {processor.py:840} INFO - DAG(s) 'first_dag_pythonop' retrieved from /opt/airflow/dags/first_day_pythonop.py
[2024-04-09T15:26:13.078+0000] {logging_mixin.py:188} INFO - [2024-04-09T15:26:13.077+0000] {dag.py:3047} INFO - Sync 1 DAGs
[2024-04-09T15:26:13.121+0000] {logging_mixin.py:188} INFO - [2024-04-09T15:26:13.121+0000] {dag.py:3834} INFO - Setting next_dagrun for first_dag_pythonop to 2024-04-08 00:00:00+00:00, run_after=2024-04-09 00:00:00+00:00
[2024-04-09T15:26:13.164+0000] {processor.py:183} INFO - Processing /opt/airflow/dags/first_day_pythonop.py took 0.198 seconds
[2024-04-09T15:26:43.574+0000] {processor.py:161} INFO - Started process (PID=753) to work on /opt/airflow/dags/first_day_pythonop.py
[2024-04-09T15:26:43.577+0000] {processor.py:830} INFO - Processing file /opt/airflow/dags/first_day_pythonop.py for tasks to queue
[2024-04-09T15:26:43.581+0000] {logging_mixin.py:188} INFO - [2024-04-09T15:26:43.580+0000] {dagbag.py:540} INFO - Filling up the DagBag from /opt/airflow/dags/first_day_pythonop.py
[2024-04-09T15:26:43.627+0000] {processor.py:840} INFO - DAG(s) 'first_dag_pythonop' retrieved from /opt/airflow/dags/first_day_pythonop.py
[2024-04-09T15:26:43.676+0000] {logging_mixin.py:188} INFO - [2024-04-09T15:26:43.676+0000] {dag.py:3047} INFO - Sync 1 DAGs
[2024-04-09T15:26:43.742+0000] {logging_mixin.py:188} INFO - [2024-04-09T15:26:43.741+0000] {dag.py:3834} INFO - Setting next_dagrun for first_dag_pythonop to 2024-04-08 00:00:00+00:00, run_after=2024-04-09 00:00:00+00:00
[2024-04-09T15:26:43.806+0000] {processor.py:183} INFO - Processing /opt/airflow/dags/first_day_pythonop.py took 0.237 seconds
[2024-04-09T17:56:27.622+0000] {processor.py:161} INFO - Started process (PID=54) to work on /opt/airflow/dags/first_day_pythonop.py
[2024-04-09T17:56:27.627+0000] {processor.py:830} INFO - Processing file /opt/airflow/dags/first_day_pythonop.py for tasks to queue
[2024-04-09T17:56:27.636+0000] {logging_mixin.py:188} INFO - [2024-04-09T17:56:27.634+0000] {dagbag.py:540} INFO - Filling up the DagBag from /opt/airflow/dags/first_day_pythonop.py
[2024-04-09T17:56:27.723+0000] {processor.py:840} INFO - DAG(s) 'first_dag_pythonop' retrieved from /opt/airflow/dags/first_day_pythonop.py
[2024-04-09T17:56:28.546+0000] {logging_mixin.py:188} INFO - [2024-04-09T17:56:28.540+0000] {dag.py:3047} INFO - Sync 1 DAGs
[2024-04-09T17:56:28.641+0000] {logging_mixin.py:188} INFO - [2024-04-09T17:56:28.640+0000] {dag.py:3834} INFO - Setting next_dagrun for first_dag_pythonop to 2024-04-08 00:00:00+00:00, run_after=2024-04-09 00:00:00+00:00
[2024-04-09T17:56:28.712+0000] {processor.py:183} INFO - Processing /opt/airflow/dags/first_day_pythonop.py took 1.137 seconds
[2024-04-09T17:56:59.232+0000] {processor.py:161} INFO - Started process (PID=69) to work on /opt/airflow/dags/first_day_pythonop.py
[2024-04-09T17:56:59.235+0000] {processor.py:830} INFO - Processing file /opt/airflow/dags/first_day_pythonop.py for tasks to queue
[2024-04-09T17:56:59.240+0000] {logging_mixin.py:188} INFO - [2024-04-09T17:56:59.239+0000] {dagbag.py:540} INFO - Filling up the DagBag from /opt/airflow/dags/first_day_pythonop.py
[2024-04-09T17:56:59.298+0000] {processor.py:840} INFO - DAG(s) 'first_dag_pythonop' retrieved from /opt/airflow/dags/first_day_pythonop.py
[2024-04-09T17:56:59.383+0000] {logging_mixin.py:188} INFO - [2024-04-09T17:56:59.383+0000] {dag.py:3047} INFO - Sync 1 DAGs
[2024-04-09T17:56:59.439+0000] {logging_mixin.py:188} INFO - [2024-04-09T17:56:59.439+0000] {dag.py:3834} INFO - Setting next_dagrun for first_dag_pythonop to 2024-04-08 00:00:00+00:00, run_after=2024-04-09 00:00:00+00:00
[2024-04-09T17:56:59.513+0000] {processor.py:183} INFO - Processing /opt/airflow/dags/first_day_pythonop.py took 0.291 seconds
[2024-04-09T17:57:31.799+0000] {processor.py:161} INFO - Started process (PID=83) to work on /opt/airflow/dags/first_day_pythonop.py
[2024-04-09T17:57:31.802+0000] {processor.py:830} INFO - Processing file /opt/airflow/dags/first_day_pythonop.py for tasks to queue
[2024-04-09T17:57:31.805+0000] {logging_mixin.py:188} INFO - [2024-04-09T17:57:31.804+0000] {dagbag.py:540} INFO - Filling up the DagBag from /opt/airflow/dags/first_day_pythonop.py
[2024-04-09T17:57:31.857+0000] {processor.py:840} INFO - DAG(s) 'first_dag_pythonop' retrieved from /opt/airflow/dags/first_day_pythonop.py
[2024-04-09T17:57:31.907+0000] {logging_mixin.py:188} INFO - [2024-04-09T17:57:31.906+0000] {dag.py:3047} INFO - Sync 1 DAGs
[2024-04-09T17:57:31.962+0000] {logging_mixin.py:188} INFO - [2024-04-09T17:57:31.962+0000] {dag.py:3834} INFO - Setting next_dagrun for first_dag_pythonop to 2024-04-08 00:00:00+00:00, run_after=2024-04-09 00:00:00+00:00
[2024-04-09T17:57:32.481+0000] {processor.py:183} INFO - Processing /opt/airflow/dags/first_day_pythonop.py took 0.687 seconds
[2024-04-09T17:58:03.195+0000] {processor.py:161} INFO - Started process (PID=98) to work on /opt/airflow/dags/first_day_pythonop.py
[2024-04-09T17:58:03.197+0000] {processor.py:830} INFO - Processing file /opt/airflow/dags/first_day_pythonop.py for tasks to queue
[2024-04-09T17:58:03.200+0000] {logging_mixin.py:188} INFO - [2024-04-09T17:58:03.200+0000] {dagbag.py:540} INFO - Filling up the DagBag from /opt/airflow/dags/first_day_pythonop.py
[2024-04-09T17:58:03.250+0000] {processor.py:840} INFO - DAG(s) 'first_dag_pythonop' retrieved from /opt/airflow/dags/first_day_pythonop.py
[2024-04-09T17:58:03.293+0000] {logging_mixin.py:188} INFO - [2024-04-09T17:58:03.293+0000] {dag.py:3047} INFO - Sync 1 DAGs
[2024-04-09T17:58:03.352+0000] {logging_mixin.py:188} INFO - [2024-04-09T17:58:03.352+0000] {dag.py:3834} INFO - Setting next_dagrun for first_dag_pythonop to 2024-04-08 00:00:00+00:00, run_after=2024-04-09 00:00:00+00:00
[2024-04-09T17:58:03.402+0000] {processor.py:183} INFO - Processing /opt/airflow/dags/first_day_pythonop.py took 0.214 seconds
[2024-04-09T17:58:33.998+0000] {processor.py:161} INFO - Started process (PID=114) to work on /opt/airflow/dags/first_day_pythonop.py
[2024-04-09T17:58:34.001+0000] {processor.py:830} INFO - Processing file /opt/airflow/dags/first_day_pythonop.py for tasks to queue
[2024-04-09T17:58:34.005+0000] {logging_mixin.py:188} INFO - [2024-04-09T17:58:34.004+0000] {dagbag.py:540} INFO - Filling up the DagBag from /opt/airflow/dags/first_day_pythonop.py
[2024-04-09T17:58:34.054+0000] {processor.py:840} INFO - DAG(s) 'first_dag_pythonop' retrieved from /opt/airflow/dags/first_day_pythonop.py
[2024-04-09T17:58:34.102+0000] {logging_mixin.py:188} INFO - [2024-04-09T17:58:34.101+0000] {dag.py:3047} INFO - Sync 1 DAGs
[2024-04-09T17:58:34.165+0000] {logging_mixin.py:188} INFO - [2024-04-09T17:58:34.164+0000] {dag.py:3834} INFO - Setting next_dagrun for first_dag_pythonop to 2024-04-08 00:00:00+00:00, run_after=2024-04-09 00:00:00+00:00
[2024-04-09T17:58:34.207+0000] {processor.py:183} INFO - Processing /opt/airflow/dags/first_day_pythonop.py took 0.218 seconds
