[2024-04-09T15:01:31.671+0000] {processor.py:161} INFO - Started process (PID=49) to work on /opt/airflow/dags/minios3buc.py
[2024-04-09T15:01:31.676+0000] {processor.py:830} INFO - Processing file /opt/airflow/dags/minios3buc.py for tasks to queue
[2024-04-09T15:01:31.683+0000] {logging_mixin.py:188} INFO - [2024-04-09T15:01:31.683+0000] {dagbag.py:540} INFO - Filling up the DagBag from /opt/airflow/dags/minios3buc.py
[2024-04-09T15:01:31.849+0000] {processor.py:840} INFO - DAG(s) 'miniouss3dag' retrieved from /opt/airflow/dags/minios3buc.py
[2024-04-09T15:01:31.924+0000] {logging_mixin.py:188} INFO - [2024-04-09T15:01:31.924+0000] {dag.py:3047} INFO - Sync 1 DAGs
[2024-04-09T15:01:32.028+0000] {logging_mixin.py:188} INFO - [2024-04-09T15:01:32.027+0000] {dag.py:3834} INFO - Setting next_dagrun for miniouss3dag to 2024-04-04 04:05:00+00:00, run_after=2024-04-05 04:05:00+00:00
[2024-04-09T15:01:32.123+0000] {processor.py:183} INFO - Processing /opt/airflow/dags/minios3buc.py took 0.476 seconds
[2024-04-09T15:02:02.554+0000] {processor.py:161} INFO - Started process (PID=63) to work on /opt/airflow/dags/minios3buc.py
[2024-04-09T15:02:02.557+0000] {processor.py:830} INFO - Processing file /opt/airflow/dags/minios3buc.py for tasks to queue
[2024-04-09T15:02:02.561+0000] {logging_mixin.py:188} INFO - [2024-04-09T15:02:02.560+0000] {dagbag.py:540} INFO - Filling up the DagBag from /opt/airflow/dags/minios3buc.py
[2024-04-09T15:02:02.617+0000] {processor.py:840} INFO - DAG(s) 'miniouss3dag' retrieved from /opt/airflow/dags/minios3buc.py
[2024-04-09T15:02:02.963+0000] {logging_mixin.py:188} INFO - [2024-04-09T15:02:02.962+0000] {dag.py:3047} INFO - Sync 1 DAGs
[2024-04-09T15:02:03.005+0000] {logging_mixin.py:188} INFO - [2024-04-09T15:02:03.004+0000] {dag.py:3834} INFO - Setting next_dagrun for miniouss3dag to 2024-04-04 04:05:00+00:00, run_after=2024-04-05 04:05:00+00:00
[2024-04-09T15:02:03.050+0000] {processor.py:183} INFO - Processing /opt/airflow/dags/minios3buc.py took 0.502 seconds
[2024-04-09T15:02:33.273+0000] {processor.py:161} INFO - Started process (PID=77) to work on /opt/airflow/dags/minios3buc.py
[2024-04-09T15:02:33.278+0000] {processor.py:830} INFO - Processing file /opt/airflow/dags/minios3buc.py for tasks to queue
[2024-04-09T15:02:33.283+0000] {logging_mixin.py:188} INFO - [2024-04-09T15:02:33.282+0000] {dagbag.py:540} INFO - Filling up the DagBag from /opt/airflow/dags/minios3buc.py
[2024-04-09T15:02:33.334+0000] {processor.py:840} INFO - DAG(s) 'miniouss3dag' retrieved from /opt/airflow/dags/minios3buc.py
[2024-04-09T15:02:33.380+0000] {logging_mixin.py:188} INFO - [2024-04-09T15:02:33.380+0000] {dag.py:3047} INFO - Sync 1 DAGs
[2024-04-09T15:02:33.429+0000] {logging_mixin.py:188} INFO - [2024-04-09T15:02:33.428+0000] {dag.py:3834} INFO - Setting next_dagrun for miniouss3dag to 2024-04-04 04:05:00+00:00, run_after=2024-04-05 04:05:00+00:00
[2024-04-09T15:02:33.477+0000] {processor.py:183} INFO - Processing /opt/airflow/dags/minios3buc.py took 0.211 seconds
[2024-04-09T15:03:03.954+0000] {processor.py:161} INFO - Started process (PID=91) to work on /opt/airflow/dags/minios3buc.py
[2024-04-09T15:03:03.957+0000] {processor.py:830} INFO - Processing file /opt/airflow/dags/minios3buc.py for tasks to queue
[2024-04-09T15:03:03.962+0000] {logging_mixin.py:188} INFO - [2024-04-09T15:03:03.960+0000] {dagbag.py:540} INFO - Filling up the DagBag from /opt/airflow/dags/minios3buc.py
[2024-04-09T15:03:04.017+0000] {processor.py:840} INFO - DAG(s) 'miniouss3dag' retrieved from /opt/airflow/dags/minios3buc.py
[2024-04-09T15:03:04.062+0000] {logging_mixin.py:188} INFO - [2024-04-09T15:03:04.061+0000] {dag.py:3047} INFO - Sync 1 DAGs
[2024-04-09T15:03:04.122+0000] {logging_mixin.py:188} INFO - [2024-04-09T15:03:04.122+0000] {dag.py:3834} INFO - Setting next_dagrun for miniouss3dag to 2024-04-04 04:05:00+00:00, run_after=2024-04-05 04:05:00+00:00
[2024-04-09T15:03:04.168+0000] {processor.py:183} INFO - Processing /opt/airflow/dags/minios3buc.py took 0.221 seconds
[2024-04-09T15:03:34.696+0000] {processor.py:161} INFO - Started process (PID=105) to work on /opt/airflow/dags/minios3buc.py
[2024-04-09T15:03:34.698+0000] {processor.py:830} INFO - Processing file /opt/airflow/dags/minios3buc.py for tasks to queue
[2024-04-09T15:03:34.702+0000] {logging_mixin.py:188} INFO - [2024-04-09T15:03:34.701+0000] {dagbag.py:540} INFO - Filling up the DagBag from /opt/airflow/dags/minios3buc.py
[2024-04-09T15:03:34.751+0000] {processor.py:840} INFO - DAG(s) 'miniouss3dag' retrieved from /opt/airflow/dags/minios3buc.py
[2024-04-09T15:03:34.788+0000] {logging_mixin.py:188} INFO - [2024-04-09T15:03:34.787+0000] {dag.py:3047} INFO - Sync 1 DAGs
[2024-04-09T15:03:34.829+0000] {logging_mixin.py:188} INFO - [2024-04-09T15:03:34.829+0000] {dag.py:3834} INFO - Setting next_dagrun for miniouss3dag to 2024-04-04 04:05:00+00:00, run_after=2024-04-05 04:05:00+00:00
[2024-04-09T15:03:34.868+0000] {processor.py:183} INFO - Processing /opt/airflow/dags/minios3buc.py took 0.178 seconds
[2024-04-09T15:04:05.307+0000] {processor.py:161} INFO - Started process (PID=119) to work on /opt/airflow/dags/minios3buc.py
[2024-04-09T15:04:05.310+0000] {processor.py:830} INFO - Processing file /opt/airflow/dags/minios3buc.py for tasks to queue
[2024-04-09T15:04:05.315+0000] {logging_mixin.py:188} INFO - [2024-04-09T15:04:05.315+0000] {dagbag.py:540} INFO - Filling up the DagBag from /opt/airflow/dags/minios3buc.py
[2024-04-09T15:04:05.365+0000] {processor.py:840} INFO - DAG(s) 'miniouss3dag' retrieved from /opt/airflow/dags/minios3buc.py
[2024-04-09T15:04:05.412+0000] {logging_mixin.py:188} INFO - [2024-04-09T15:04:05.411+0000] {dag.py:3047} INFO - Sync 1 DAGs
[2024-04-09T15:04:05.474+0000] {logging_mixin.py:188} INFO - [2024-04-09T15:04:05.473+0000] {dag.py:3834} INFO - Setting next_dagrun for miniouss3dag to 2024-04-04 04:05:00+00:00, run_after=2024-04-05 04:05:00+00:00
[2024-04-09T15:04:05.517+0000] {processor.py:183} INFO - Processing /opt/airflow/dags/minios3buc.py took 0.216 seconds
[2024-04-09T15:04:36.153+0000] {processor.py:161} INFO - Started process (PID=133) to work on /opt/airflow/dags/minios3buc.py
[2024-04-09T15:04:36.175+0000] {processor.py:830} INFO - Processing file /opt/airflow/dags/minios3buc.py for tasks to queue
[2024-04-09T15:04:36.216+0000] {logging_mixin.py:188} INFO - [2024-04-09T15:04:36.212+0000] {dagbag.py:540} INFO - Filling up the DagBag from /opt/airflow/dags/minios3buc.py
[2024-04-09T15:04:36.282+0000] {processor.py:840} INFO - DAG(s) 'miniouss3dag' retrieved from /opt/airflow/dags/minios3buc.py
[2024-04-09T15:04:36.348+0000] {logging_mixin.py:188} INFO - [2024-04-09T15:04:36.347+0000] {dag.py:3047} INFO - Sync 1 DAGs
[2024-04-09T15:04:36.400+0000] {logging_mixin.py:188} INFO - [2024-04-09T15:04:36.399+0000] {dag.py:3834} INFO - Setting next_dagrun for miniouss3dag to 2024-04-04 04:05:00+00:00, run_after=2024-04-05 04:05:00+00:00
[2024-04-09T15:04:36.447+0000] {processor.py:183} INFO - Processing /opt/airflow/dags/minios3buc.py took 0.313 seconds
[2024-04-09T15:05:07.397+0000] {processor.py:161} INFO - Started process (PID=147) to work on /opt/airflow/dags/minios3buc.py
[2024-04-09T15:05:07.399+0000] {processor.py:830} INFO - Processing file /opt/airflow/dags/minios3buc.py for tasks to queue
[2024-04-09T15:05:07.402+0000] {logging_mixin.py:188} INFO - [2024-04-09T15:05:07.402+0000] {dagbag.py:540} INFO - Filling up the DagBag from /opt/airflow/dags/minios3buc.py
[2024-04-09T15:05:07.755+0000] {processor.py:840} INFO - DAG(s) 'miniouss3dag' retrieved from /opt/airflow/dags/minios3buc.py
[2024-04-09T15:05:08.479+0000] {logging_mixin.py:188} INFO - [2024-04-09T15:05:08.479+0000] {dag.py:3047} INFO - Sync 1 DAGs
[2024-04-09T15:05:08.743+0000] {logging_mixin.py:188} INFO - [2024-04-09T15:05:08.742+0000] {dag.py:3834} INFO - Setting next_dagrun for miniouss3dag to 2024-04-04 04:05:00+00:00, run_after=2024-04-05 04:05:00+00:00
[2024-04-09T15:05:09.688+0000] {processor.py:183} INFO - Processing /opt/airflow/dags/minios3buc.py took 2.299 seconds
[2024-04-09T15:05:40.777+0000] {processor.py:161} INFO - Started process (PID=161) to work on /opt/airflow/dags/minios3buc.py
[2024-04-09T15:05:40.782+0000] {processor.py:830} INFO - Processing file /opt/airflow/dags/minios3buc.py for tasks to queue
[2024-04-09T15:05:40.790+0000] {logging_mixin.py:188} INFO - [2024-04-09T15:05:40.789+0000] {dagbag.py:540} INFO - Filling up the DagBag from /opt/airflow/dags/minios3buc.py
[2024-04-09T15:05:40.919+0000] {processor.py:840} INFO - DAG(s) 'miniouss3dag' retrieved from /opt/airflow/dags/minios3buc.py
[2024-04-09T15:05:40.994+0000] {logging_mixin.py:188} INFO - [2024-04-09T15:05:40.993+0000] {dag.py:3047} INFO - Sync 1 DAGs
[2024-04-09T15:05:41.057+0000] {logging_mixin.py:188} INFO - [2024-04-09T15:05:41.056+0000] {dag.py:3834} INFO - Setting next_dagrun for miniouss3dag to 2024-04-04 04:05:00+00:00, run_after=2024-04-05 04:05:00+00:00
[2024-04-09T15:05:41.109+0000] {processor.py:183} INFO - Processing /opt/airflow/dags/minios3buc.py took 0.346 seconds
[2024-04-09T15:06:11.810+0000] {processor.py:161} INFO - Started process (PID=175) to work on /opt/airflow/dags/minios3buc.py
[2024-04-09T15:06:11.813+0000] {processor.py:830} INFO - Processing file /opt/airflow/dags/minios3buc.py for tasks to queue
[2024-04-09T15:06:11.817+0000] {logging_mixin.py:188} INFO - [2024-04-09T15:06:11.817+0000] {dagbag.py:540} INFO - Filling up the DagBag from /opt/airflow/dags/minios3buc.py
[2024-04-09T15:06:11.876+0000] {processor.py:840} INFO - DAG(s) 'miniouss3dag' retrieved from /opt/airflow/dags/minios3buc.py
[2024-04-09T15:06:11.927+0000] {logging_mixin.py:188} INFO - [2024-04-09T15:06:11.926+0000] {dag.py:3047} INFO - Sync 1 DAGs
[2024-04-09T15:06:11.981+0000] {logging_mixin.py:188} INFO - [2024-04-09T15:06:11.981+0000] {dag.py:3834} INFO - Setting next_dagrun for miniouss3dag to 2024-04-04 04:05:00+00:00, run_after=2024-04-05 04:05:00+00:00
[2024-04-09T15:06:12.030+0000] {processor.py:183} INFO - Processing /opt/airflow/dags/minios3buc.py took 0.227 seconds
[2024-04-09T15:06:43.042+0000] {processor.py:161} INFO - Started process (PID=189) to work on /opt/airflow/dags/minios3buc.py
[2024-04-09T15:06:43.045+0000] {processor.py:830} INFO - Processing file /opt/airflow/dags/minios3buc.py for tasks to queue
[2024-04-09T15:06:43.049+0000] {logging_mixin.py:188} INFO - [2024-04-09T15:06:43.049+0000] {dagbag.py:540} INFO - Filling up the DagBag from /opt/airflow/dags/minios3buc.py
[2024-04-09T15:06:43.106+0000] {processor.py:840} INFO - DAG(s) 'miniouss3dag' retrieved from /opt/airflow/dags/minios3buc.py
[2024-04-09T15:06:43.159+0000] {logging_mixin.py:188} INFO - [2024-04-09T15:06:43.159+0000] {dag.py:3047} INFO - Sync 1 DAGs
[2024-04-09T15:06:43.208+0000] {logging_mixin.py:188} INFO - [2024-04-09T15:06:43.208+0000] {dag.py:3834} INFO - Setting next_dagrun for miniouss3dag to 2024-04-04 04:05:00+00:00, run_after=2024-04-05 04:05:00+00:00
[2024-04-09T15:06:43.260+0000] {processor.py:183} INFO - Processing /opt/airflow/dags/minios3buc.py took 0.223 seconds
[2024-04-09T15:07:14.217+0000] {processor.py:161} INFO - Started process (PID=203) to work on /opt/airflow/dags/minios3buc.py
[2024-04-09T15:07:14.220+0000] {processor.py:830} INFO - Processing file /opt/airflow/dags/minios3buc.py for tasks to queue
[2024-04-09T15:07:14.224+0000] {logging_mixin.py:188} INFO - [2024-04-09T15:07:14.223+0000] {dagbag.py:540} INFO - Filling up the DagBag from /opt/airflow/dags/minios3buc.py
[2024-04-09T15:07:14.274+0000] {processor.py:840} INFO - DAG(s) 'miniouss3dag' retrieved from /opt/airflow/dags/minios3buc.py
[2024-04-09T15:07:14.325+0000] {logging_mixin.py:188} INFO - [2024-04-09T15:07:14.324+0000] {dag.py:3047} INFO - Sync 1 DAGs
[2024-04-09T15:07:14.377+0000] {logging_mixin.py:188} INFO - [2024-04-09T15:07:14.376+0000] {dag.py:3834} INFO - Setting next_dagrun for miniouss3dag to 2024-04-04 04:05:00+00:00, run_after=2024-04-05 04:05:00+00:00
[2024-04-09T15:07:14.425+0000] {processor.py:183} INFO - Processing /opt/airflow/dags/minios3buc.py took 0.212 seconds
[2024-04-09T15:07:45.097+0000] {processor.py:161} INFO - Started process (PID=217) to work on /opt/airflow/dags/minios3buc.py
[2024-04-09T15:07:45.099+0000] {processor.py:830} INFO - Processing file /opt/airflow/dags/minios3buc.py for tasks to queue
[2024-04-09T15:07:45.103+0000] {logging_mixin.py:188} INFO - [2024-04-09T15:07:45.102+0000] {dagbag.py:540} INFO - Filling up the DagBag from /opt/airflow/dags/minios3buc.py
[2024-04-09T15:07:45.157+0000] {processor.py:840} INFO - DAG(s) 'miniouss3dag' retrieved from /opt/airflow/dags/minios3buc.py
[2024-04-09T15:07:45.200+0000] {logging_mixin.py:188} INFO - [2024-04-09T15:07:45.199+0000] {dag.py:3047} INFO - Sync 1 DAGs
[2024-04-09T15:07:45.247+0000] {logging_mixin.py:188} INFO - [2024-04-09T15:07:45.246+0000] {dag.py:3834} INFO - Setting next_dagrun for miniouss3dag to 2024-04-04 04:05:00+00:00, run_after=2024-04-05 04:05:00+00:00
[2024-04-09T15:07:45.291+0000] {processor.py:183} INFO - Processing /opt/airflow/dags/minios3buc.py took 0.199 seconds
[2024-04-09T15:08:15.936+0000] {processor.py:161} INFO - Started process (PID=231) to work on /opt/airflow/dags/minios3buc.py
[2024-04-09T15:08:15.937+0000] {processor.py:830} INFO - Processing file /opt/airflow/dags/minios3buc.py for tasks to queue
[2024-04-09T15:08:15.941+0000] {logging_mixin.py:188} INFO - [2024-04-09T15:08:15.940+0000] {dagbag.py:540} INFO - Filling up the DagBag from /opt/airflow/dags/minios3buc.py
[2024-04-09T15:08:15.995+0000] {processor.py:840} INFO - DAG(s) 'miniouss3dag' retrieved from /opt/airflow/dags/minios3buc.py
[2024-04-09T15:08:16.035+0000] {logging_mixin.py:188} INFO - [2024-04-09T15:08:16.034+0000] {dag.py:3047} INFO - Sync 1 DAGs
[2024-04-09T15:08:16.078+0000] {logging_mixin.py:188} INFO - [2024-04-09T15:08:16.077+0000] {dag.py:3834} INFO - Setting next_dagrun for miniouss3dag to 2024-04-04 04:05:00+00:00, run_after=2024-04-05 04:05:00+00:00
[2024-04-09T15:08:16.117+0000] {processor.py:183} INFO - Processing /opt/airflow/dags/minios3buc.py took 0.186 seconds
[2024-04-09T15:08:46.796+0000] {processor.py:161} INFO - Started process (PID=245) to work on /opt/airflow/dags/minios3buc.py
[2024-04-09T15:08:46.799+0000] {processor.py:830} INFO - Processing file /opt/airflow/dags/minios3buc.py for tasks to queue
[2024-04-09T15:08:46.804+0000] {logging_mixin.py:188} INFO - [2024-04-09T15:08:46.804+0000] {dagbag.py:540} INFO - Filling up the DagBag from /opt/airflow/dags/minios3buc.py
[2024-04-09T15:08:46.857+0000] {processor.py:840} INFO - DAG(s) 'miniouss3dag' retrieved from /opt/airflow/dags/minios3buc.py
[2024-04-09T15:08:46.897+0000] {logging_mixin.py:188} INFO - [2024-04-09T15:08:46.896+0000] {dag.py:3047} INFO - Sync 1 DAGs
[2024-04-09T15:08:46.947+0000] {logging_mixin.py:188} INFO - [2024-04-09T15:08:46.946+0000] {dag.py:3834} INFO - Setting next_dagrun for miniouss3dag to 2024-04-04 04:05:00+00:00, run_after=2024-04-05 04:05:00+00:00
[2024-04-09T15:08:46.998+0000] {processor.py:183} INFO - Processing /opt/airflow/dags/minios3buc.py took 0.209 seconds
[2024-04-09T15:09:17.557+0000] {processor.py:161} INFO - Started process (PID=259) to work on /opt/airflow/dags/minios3buc.py
[2024-04-09T15:09:17.560+0000] {processor.py:830} INFO - Processing file /opt/airflow/dags/minios3buc.py for tasks to queue
[2024-04-09T15:09:17.564+0000] {logging_mixin.py:188} INFO - [2024-04-09T15:09:17.563+0000] {dagbag.py:540} INFO - Filling up the DagBag from /opt/airflow/dags/minios3buc.py
[2024-04-09T15:09:17.624+0000] {processor.py:840} INFO - DAG(s) 'miniouss3dag' retrieved from /opt/airflow/dags/minios3buc.py
[2024-04-09T15:09:17.676+0000] {logging_mixin.py:188} INFO - [2024-04-09T15:09:17.675+0000] {dag.py:3047} INFO - Sync 1 DAGs
[2024-04-09T15:09:17.738+0000] {logging_mixin.py:188} INFO - [2024-04-09T15:09:17.737+0000] {dag.py:3834} INFO - Setting next_dagrun for miniouss3dag to 2024-04-04 04:05:00+00:00, run_after=2024-04-05 04:05:00+00:00
[2024-04-09T15:09:17.795+0000] {processor.py:183} INFO - Processing /opt/airflow/dags/minios3buc.py took 0.243 seconds
[2024-04-09T15:09:48.010+0000] {processor.py:161} INFO - Started process (PID=273) to work on /opt/airflow/dags/minios3buc.py
[2024-04-09T15:09:48.013+0000] {processor.py:830} INFO - Processing file /opt/airflow/dags/minios3buc.py for tasks to queue
[2024-04-09T15:09:48.018+0000] {logging_mixin.py:188} INFO - [2024-04-09T15:09:48.017+0000] {dagbag.py:540} INFO - Filling up the DagBag from /opt/airflow/dags/minios3buc.py
[2024-04-09T15:09:48.076+0000] {processor.py:840} INFO - DAG(s) 'miniouss3dag' retrieved from /opt/airflow/dags/minios3buc.py
[2024-04-09T15:09:48.132+0000] {logging_mixin.py:188} INFO - [2024-04-09T15:09:48.131+0000] {dag.py:3047} INFO - Sync 1 DAGs
[2024-04-09T15:09:48.196+0000] {logging_mixin.py:188} INFO - [2024-04-09T15:09:48.195+0000] {dag.py:3834} INFO - Setting next_dagrun for miniouss3dag to 2024-04-04 04:05:00+00:00, run_after=2024-04-05 04:05:00+00:00
[2024-04-09T15:09:48.251+0000] {processor.py:183} INFO - Processing /opt/airflow/dags/minios3buc.py took 0.250 seconds
[2024-04-09T15:10:19.073+0000] {processor.py:161} INFO - Started process (PID=287) to work on /opt/airflow/dags/minios3buc.py
[2024-04-09T15:10:19.076+0000] {processor.py:830} INFO - Processing file /opt/airflow/dags/minios3buc.py for tasks to queue
[2024-04-09T15:10:19.081+0000] {logging_mixin.py:188} INFO - [2024-04-09T15:10:19.081+0000] {dagbag.py:540} INFO - Filling up the DagBag from /opt/airflow/dags/minios3buc.py
[2024-04-09T15:10:19.138+0000] {processor.py:840} INFO - DAG(s) 'miniouss3dag' retrieved from /opt/airflow/dags/minios3buc.py
[2024-04-09T15:10:19.192+0000] {logging_mixin.py:188} INFO - [2024-04-09T15:10:19.192+0000] {dag.py:3047} INFO - Sync 1 DAGs
[2024-04-09T15:10:19.243+0000] {logging_mixin.py:188} INFO - [2024-04-09T15:10:19.242+0000] {dag.py:3834} INFO - Setting next_dagrun for miniouss3dag to 2024-04-04 04:05:00+00:00, run_after=2024-04-05 04:05:00+00:00
[2024-04-09T15:10:19.294+0000] {processor.py:183} INFO - Processing /opt/airflow/dags/minios3buc.py took 0.233 seconds
[2024-04-09T15:10:50.037+0000] {processor.py:161} INFO - Started process (PID=301) to work on /opt/airflow/dags/minios3buc.py
[2024-04-09T15:10:50.039+0000] {processor.py:830} INFO - Processing file /opt/airflow/dags/minios3buc.py for tasks to queue
[2024-04-09T15:10:50.043+0000] {logging_mixin.py:188} INFO - [2024-04-09T15:10:50.042+0000] {dagbag.py:540} INFO - Filling up the DagBag from /opt/airflow/dags/minios3buc.py
[2024-04-09T15:10:50.095+0000] {processor.py:840} INFO - DAG(s) 'miniouss3dag' retrieved from /opt/airflow/dags/minios3buc.py
[2024-04-09T15:10:50.134+0000] {logging_mixin.py:188} INFO - [2024-04-09T15:10:50.133+0000] {dag.py:3047} INFO - Sync 1 DAGs
[2024-04-09T15:10:50.181+0000] {logging_mixin.py:188} INFO - [2024-04-09T15:10:50.180+0000] {dag.py:3834} INFO - Setting next_dagrun for miniouss3dag to 2024-04-04 04:05:00+00:00, run_after=2024-04-05 04:05:00+00:00
[2024-04-09T15:10:50.220+0000] {processor.py:183} INFO - Processing /opt/airflow/dags/minios3buc.py took 0.189 seconds
[2024-04-09T15:11:20.419+0000] {processor.py:161} INFO - Started process (PID=315) to work on /opt/airflow/dags/minios3buc.py
[2024-04-09T15:11:20.421+0000] {processor.py:830} INFO - Processing file /opt/airflow/dags/minios3buc.py for tasks to queue
[2024-04-09T15:11:20.426+0000] {logging_mixin.py:188} INFO - [2024-04-09T15:11:20.425+0000] {dagbag.py:540} INFO - Filling up the DagBag from /opt/airflow/dags/minios3buc.py
[2024-04-09T15:11:20.479+0000] {processor.py:840} INFO - DAG(s) 'miniouss3dag' retrieved from /opt/airflow/dags/minios3buc.py
[2024-04-09T15:11:20.520+0000] {logging_mixin.py:188} INFO - [2024-04-09T15:11:20.520+0000] {dag.py:3047} INFO - Sync 1 DAGs
[2024-04-09T15:11:20.565+0000] {logging_mixin.py:188} INFO - [2024-04-09T15:11:20.564+0000] {dag.py:3834} INFO - Setting next_dagrun for miniouss3dag to 2024-04-04 04:05:00+00:00, run_after=2024-04-05 04:05:00+00:00
[2024-04-09T15:11:20.610+0000] {processor.py:183} INFO - Processing /opt/airflow/dags/minios3buc.py took 0.197 seconds
[2024-04-09T15:11:50.894+0000] {processor.py:161} INFO - Started process (PID=329) to work on /opt/airflow/dags/minios3buc.py
[2024-04-09T15:11:50.896+0000] {processor.py:830} INFO - Processing file /opt/airflow/dags/minios3buc.py for tasks to queue
[2024-04-09T15:11:50.901+0000] {logging_mixin.py:188} INFO - [2024-04-09T15:11:50.900+0000] {dagbag.py:540} INFO - Filling up the DagBag from /opt/airflow/dags/minios3buc.py
[2024-04-09T15:11:50.960+0000] {processor.py:840} INFO - DAG(s) 'miniouss3dag' retrieved from /opt/airflow/dags/minios3buc.py
[2024-04-09T15:11:51.001+0000] {logging_mixin.py:188} INFO - [2024-04-09T15:11:51.000+0000] {dag.py:3047} INFO - Sync 1 DAGs
[2024-04-09T15:11:51.047+0000] {logging_mixin.py:188} INFO - [2024-04-09T15:11:51.046+0000] {dag.py:3834} INFO - Setting next_dagrun for miniouss3dag to 2024-04-04 04:05:00+00:00, run_after=2024-04-05 04:05:00+00:00
[2024-04-09T15:11:51.091+0000] {processor.py:183} INFO - Processing /opt/airflow/dags/minios3buc.py took 0.204 seconds
[2024-04-09T15:12:21.216+0000] {processor.py:161} INFO - Started process (PID=343) to work on /opt/airflow/dags/minios3buc.py
[2024-04-09T15:12:21.218+0000] {processor.py:830} INFO - Processing file /opt/airflow/dags/minios3buc.py for tasks to queue
[2024-04-09T15:12:21.223+0000] {logging_mixin.py:188} INFO - [2024-04-09T15:12:21.222+0000] {dagbag.py:540} INFO - Filling up the DagBag from /opt/airflow/dags/minios3buc.py
[2024-04-09T15:12:21.272+0000] {processor.py:840} INFO - DAG(s) 'miniouss3dag' retrieved from /opt/airflow/dags/minios3buc.py
[2024-04-09T15:12:21.316+0000] {logging_mixin.py:188} INFO - [2024-04-09T15:12:21.315+0000] {dag.py:3047} INFO - Sync 1 DAGs
[2024-04-09T15:12:21.361+0000] {logging_mixin.py:188} INFO - [2024-04-09T15:12:21.361+0000] {dag.py:3834} INFO - Setting next_dagrun for miniouss3dag to 2024-04-04 04:05:00+00:00, run_after=2024-04-05 04:05:00+00:00
[2024-04-09T15:12:21.398+0000] {processor.py:183} INFO - Processing /opt/airflow/dags/minios3buc.py took 0.188 seconds
[2024-04-09T15:12:51.797+0000] {processor.py:161} INFO - Started process (PID=358) to work on /opt/airflow/dags/minios3buc.py
[2024-04-09T15:12:51.799+0000] {processor.py:830} INFO - Processing file /opt/airflow/dags/minios3buc.py for tasks to queue
[2024-04-09T15:12:51.804+0000] {logging_mixin.py:188} INFO - [2024-04-09T15:12:51.803+0000] {dagbag.py:540} INFO - Filling up the DagBag from /opt/airflow/dags/minios3buc.py
[2024-04-09T15:12:51.860+0000] {processor.py:840} INFO - DAG(s) 'miniouss3dag' retrieved from /opt/airflow/dags/minios3buc.py
[2024-04-09T15:12:51.905+0000] {logging_mixin.py:188} INFO - [2024-04-09T15:12:51.905+0000] {dag.py:3047} INFO - Sync 1 DAGs
[2024-04-09T15:12:51.948+0000] {logging_mixin.py:188} INFO - [2024-04-09T15:12:51.947+0000] {dag.py:3834} INFO - Setting next_dagrun for miniouss3dag to 2024-04-04 04:05:00+00:00, run_after=2024-04-05 04:05:00+00:00
[2024-04-09T15:12:51.996+0000] {processor.py:183} INFO - Processing /opt/airflow/dags/minios3buc.py took 0.207 seconds
[2024-04-09T15:13:22.201+0000] {processor.py:161} INFO - Started process (PID=372) to work on /opt/airflow/dags/minios3buc.py
[2024-04-09T15:13:22.203+0000] {processor.py:830} INFO - Processing file /opt/airflow/dags/minios3buc.py for tasks to queue
[2024-04-09T15:13:22.208+0000] {logging_mixin.py:188} INFO - [2024-04-09T15:13:22.207+0000] {dagbag.py:540} INFO - Filling up the DagBag from /opt/airflow/dags/minios3buc.py
[2024-04-09T15:13:22.286+0000] {processor.py:840} INFO - DAG(s) 'miniouss3dag' retrieved from /opt/airflow/dags/minios3buc.py
[2024-04-09T15:13:22.368+0000] {logging_mixin.py:188} INFO - [2024-04-09T15:13:22.368+0000] {dag.py:3047} INFO - Sync 1 DAGs
[2024-04-09T15:13:22.450+0000] {logging_mixin.py:188} INFO - [2024-04-09T15:13:22.450+0000] {dag.py:3834} INFO - Setting next_dagrun for miniouss3dag to 2024-04-04 04:05:00+00:00, run_after=2024-04-05 04:05:00+00:00
[2024-04-09T15:13:22.525+0000] {processor.py:183} INFO - Processing /opt/airflow/dags/minios3buc.py took 0.331 seconds
[2024-04-09T15:13:53.353+0000] {processor.py:161} INFO - Started process (PID=386) to work on /opt/airflow/dags/minios3buc.py
[2024-04-09T15:13:53.355+0000] {processor.py:830} INFO - Processing file /opt/airflow/dags/minios3buc.py for tasks to queue
[2024-04-09T15:13:53.359+0000] {logging_mixin.py:188} INFO - [2024-04-09T15:13:53.358+0000] {dagbag.py:540} INFO - Filling up the DagBag from /opt/airflow/dags/minios3buc.py
[2024-04-09T15:13:53.411+0000] {processor.py:840} INFO - DAG(s) 'miniouss3dag' retrieved from /opt/airflow/dags/minios3buc.py
[2024-04-09T15:13:53.457+0000] {logging_mixin.py:188} INFO - [2024-04-09T15:13:53.456+0000] {dag.py:3047} INFO - Sync 1 DAGs
[2024-04-09T15:13:53.503+0000] {logging_mixin.py:188} INFO - [2024-04-09T15:13:53.502+0000] {dag.py:3834} INFO - Setting next_dagrun for miniouss3dag to 2024-04-04 04:05:00+00:00, run_after=2024-04-05 04:05:00+00:00
[2024-04-09T15:13:53.550+0000] {processor.py:183} INFO - Processing /opt/airflow/dags/minios3buc.py took 0.204 seconds
[2024-04-09T15:14:23.989+0000] {processor.py:161} INFO - Started process (PID=401) to work on /opt/airflow/dags/minios3buc.py
[2024-04-09T15:14:23.992+0000] {processor.py:830} INFO - Processing file /opt/airflow/dags/minios3buc.py for tasks to queue
[2024-04-09T15:14:23.996+0000] {logging_mixin.py:188} INFO - [2024-04-09T15:14:23.995+0000] {dagbag.py:540} INFO - Filling up the DagBag from /opt/airflow/dags/minios3buc.py
[2024-04-09T15:14:24.057+0000] {processor.py:840} INFO - DAG(s) 'miniouss3dag' retrieved from /opt/airflow/dags/minios3buc.py
[2024-04-09T15:14:24.103+0000] {logging_mixin.py:188} INFO - [2024-04-09T15:14:24.102+0000] {dag.py:3047} INFO - Sync 1 DAGs
[2024-04-09T15:14:24.162+0000] {logging_mixin.py:188} INFO - [2024-04-09T15:14:24.161+0000] {dag.py:3834} INFO - Setting next_dagrun for miniouss3dag to 2024-04-04 04:05:00+00:00, run_after=2024-04-05 04:05:00+00:00
[2024-04-09T15:14:24.206+0000] {processor.py:183} INFO - Processing /opt/airflow/dags/minios3buc.py took 0.223 seconds
[2024-04-09T15:14:54.662+0000] {processor.py:161} INFO - Started process (PID=415) to work on /opt/airflow/dags/minios3buc.py
[2024-04-09T15:14:54.664+0000] {processor.py:830} INFO - Processing file /opt/airflow/dags/minios3buc.py for tasks to queue
[2024-04-09T15:14:54.668+0000] {logging_mixin.py:188} INFO - [2024-04-09T15:14:54.667+0000] {dagbag.py:540} INFO - Filling up the DagBag from /opt/airflow/dags/minios3buc.py
[2024-04-09T15:14:54.723+0000] {processor.py:840} INFO - DAG(s) 'miniouss3dag' retrieved from /opt/airflow/dags/minios3buc.py
[2024-04-09T15:14:54.773+0000] {logging_mixin.py:188} INFO - [2024-04-09T15:14:54.772+0000] {dag.py:3047} INFO - Sync 1 DAGs
[2024-04-09T15:14:54.823+0000] {logging_mixin.py:188} INFO - [2024-04-09T15:14:54.823+0000] {dag.py:3834} INFO - Setting next_dagrun for miniouss3dag to 2024-04-04 04:05:00+00:00, run_after=2024-04-05 04:05:00+00:00
[2024-04-09T15:14:54.869+0000] {processor.py:183} INFO - Processing /opt/airflow/dags/minios3buc.py took 0.215 seconds
[2024-04-09T15:15:25.588+0000] {processor.py:161} INFO - Started process (PID=429) to work on /opt/airflow/dags/minios3buc.py
[2024-04-09T15:15:25.592+0000] {processor.py:830} INFO - Processing file /opt/airflow/dags/minios3buc.py for tasks to queue
[2024-04-09T15:15:25.598+0000] {logging_mixin.py:188} INFO - [2024-04-09T15:15:25.596+0000] {dagbag.py:540} INFO - Filling up the DagBag from /opt/airflow/dags/minios3buc.py
[2024-04-09T15:15:25.658+0000] {processor.py:840} INFO - DAG(s) 'miniouss3dag' retrieved from /opt/airflow/dags/minios3buc.py
[2024-04-09T15:15:25.738+0000] {logging_mixin.py:188} INFO - [2024-04-09T15:15:25.737+0000] {dag.py:3047} INFO - Sync 1 DAGs
[2024-04-09T15:15:25.796+0000] {logging_mixin.py:188} INFO - [2024-04-09T15:15:25.796+0000] {dag.py:3834} INFO - Setting next_dagrun for miniouss3dag to 2024-04-04 04:05:00+00:00, run_after=2024-04-05 04:05:00+00:00
[2024-04-09T15:15:25.837+0000] {processor.py:183} INFO - Processing /opt/airflow/dags/minios3buc.py took 0.255 seconds
[2024-04-09T15:15:56.214+0000] {processor.py:161} INFO - Started process (PID=444) to work on /opt/airflow/dags/minios3buc.py
[2024-04-09T15:15:56.217+0000] {processor.py:830} INFO - Processing file /opt/airflow/dags/minios3buc.py for tasks to queue
[2024-04-09T15:15:56.221+0000] {logging_mixin.py:188} INFO - [2024-04-09T15:15:56.220+0000] {dagbag.py:540} INFO - Filling up the DagBag from /opt/airflow/dags/minios3buc.py
[2024-04-09T15:15:56.273+0000] {processor.py:840} INFO - DAG(s) 'miniouss3dag' retrieved from /opt/airflow/dags/minios3buc.py
[2024-04-09T15:15:56.320+0000] {logging_mixin.py:188} INFO - [2024-04-09T15:15:56.319+0000] {dag.py:3047} INFO - Sync 1 DAGs
[2024-04-09T15:15:56.365+0000] {logging_mixin.py:188} INFO - [2024-04-09T15:15:56.365+0000] {dag.py:3834} INFO - Setting next_dagrun for miniouss3dag to 2024-04-04 04:05:00+00:00, run_after=2024-04-05 04:05:00+00:00
[2024-04-09T15:15:56.406+0000] {processor.py:183} INFO - Processing /opt/airflow/dags/minios3buc.py took 0.203 seconds
[2024-04-09T15:16:26.759+0000] {processor.py:161} INFO - Started process (PID=458) to work on /opt/airflow/dags/minios3buc.py
[2024-04-09T15:16:26.761+0000] {processor.py:830} INFO - Processing file /opt/airflow/dags/minios3buc.py for tasks to queue
[2024-04-09T15:16:26.764+0000] {logging_mixin.py:188} INFO - [2024-04-09T15:16:26.763+0000] {dagbag.py:540} INFO - Filling up the DagBag from /opt/airflow/dags/minios3buc.py
[2024-04-09T15:16:26.813+0000] {processor.py:840} INFO - DAG(s) 'miniouss3dag' retrieved from /opt/airflow/dags/minios3buc.py
[2024-04-09T15:16:26.852+0000] {logging_mixin.py:188} INFO - [2024-04-09T15:16:26.852+0000] {dag.py:3047} INFO - Sync 1 DAGs
[2024-04-09T15:16:26.894+0000] {logging_mixin.py:188} INFO - [2024-04-09T15:16:26.894+0000] {dag.py:3834} INFO - Setting next_dagrun for miniouss3dag to 2024-04-04 04:05:00+00:00, run_after=2024-04-05 04:05:00+00:00
[2024-04-09T15:16:26.939+0000] {processor.py:183} INFO - Processing /opt/airflow/dags/minios3buc.py took 0.186 seconds
[2024-04-09T15:16:57.377+0000] {processor.py:161} INFO - Started process (PID=472) to work on /opt/airflow/dags/minios3buc.py
[2024-04-09T15:16:57.380+0000] {processor.py:830} INFO - Processing file /opt/airflow/dags/minios3buc.py for tasks to queue
[2024-04-09T15:16:57.388+0000] {logging_mixin.py:188} INFO - [2024-04-09T15:16:57.386+0000] {dagbag.py:540} INFO - Filling up the DagBag from /opt/airflow/dags/minios3buc.py
[2024-04-09T15:16:57.481+0000] {processor.py:840} INFO - DAG(s) 'miniouss3dag' retrieved from /opt/airflow/dags/minios3buc.py
[2024-04-09T15:16:57.591+0000] {logging_mixin.py:188} INFO - [2024-04-09T15:16:57.590+0000] {dag.py:3047} INFO - Sync 1 DAGs
[2024-04-09T15:16:57.750+0000] {logging_mixin.py:188} INFO - [2024-04-09T15:16:57.749+0000] {dag.py:3834} INFO - Setting next_dagrun for miniouss3dag to 2024-04-04 04:05:00+00:00, run_after=2024-04-05 04:05:00+00:00
[2024-04-09T15:16:57.920+0000] {processor.py:183} INFO - Processing /opt/airflow/dags/minios3buc.py took 0.555 seconds
[2024-04-09T15:17:28.525+0000] {processor.py:161} INFO - Started process (PID=486) to work on /opt/airflow/dags/minios3buc.py
[2024-04-09T15:17:28.527+0000] {processor.py:830} INFO - Processing file /opt/airflow/dags/minios3buc.py for tasks to queue
[2024-04-09T15:17:28.532+0000] {logging_mixin.py:188} INFO - [2024-04-09T15:17:28.531+0000] {dagbag.py:540} INFO - Filling up the DagBag from /opt/airflow/dags/minios3buc.py
[2024-04-09T15:17:28.590+0000] {processor.py:840} INFO - DAG(s) 'miniouss3dag' retrieved from /opt/airflow/dags/minios3buc.py
[2024-04-09T15:17:28.636+0000] {logging_mixin.py:188} INFO - [2024-04-09T15:17:28.636+0000] {dag.py:3047} INFO - Sync 1 DAGs
[2024-04-09T15:17:28.683+0000] {logging_mixin.py:188} INFO - [2024-04-09T15:17:28.683+0000] {dag.py:3834} INFO - Setting next_dagrun for miniouss3dag to 2024-04-04 04:05:00+00:00, run_after=2024-04-05 04:05:00+00:00
[2024-04-09T15:17:28.728+0000] {processor.py:183} INFO - Processing /opt/airflow/dags/minios3buc.py took 0.213 seconds
[2024-04-09T15:17:59.327+0000] {processor.py:161} INFO - Started process (PID=500) to work on /opt/airflow/dags/minios3buc.py
[2024-04-09T15:17:59.330+0000] {processor.py:830} INFO - Processing file /opt/airflow/dags/minios3buc.py for tasks to queue
[2024-04-09T15:17:59.334+0000] {logging_mixin.py:188} INFO - [2024-04-09T15:17:59.333+0000] {dagbag.py:540} INFO - Filling up the DagBag from /opt/airflow/dags/minios3buc.py
[2024-04-09T15:17:59.384+0000] {processor.py:840} INFO - DAG(s) 'miniouss3dag' retrieved from /opt/airflow/dags/minios3buc.py
[2024-04-09T15:17:59.434+0000] {logging_mixin.py:188} INFO - [2024-04-09T15:17:59.433+0000] {dag.py:3047} INFO - Sync 1 DAGs
[2024-04-09T15:17:59.483+0000] {logging_mixin.py:188} INFO - [2024-04-09T15:17:59.482+0000] {dag.py:3834} INFO - Setting next_dagrun for miniouss3dag to 2024-04-04 04:05:00+00:00, run_after=2024-04-05 04:05:00+00:00
[2024-04-09T15:17:59.533+0000] {processor.py:183} INFO - Processing /opt/airflow/dags/minios3buc.py took 0.214 seconds
[2024-04-09T15:18:30.159+0000] {processor.py:161} INFO - Started process (PID=514) to work on /opt/airflow/dags/minios3buc.py
[2024-04-09T15:18:30.162+0000] {processor.py:830} INFO - Processing file /opt/airflow/dags/minios3buc.py for tasks to queue
[2024-04-09T15:18:30.166+0000] {logging_mixin.py:188} INFO - [2024-04-09T15:18:30.165+0000] {dagbag.py:540} INFO - Filling up the DagBag from /opt/airflow/dags/minios3buc.py
[2024-04-09T15:18:30.218+0000] {processor.py:840} INFO - DAG(s) 'miniouss3dag' retrieved from /opt/airflow/dags/minios3buc.py
[2024-04-09T15:18:30.265+0000] {logging_mixin.py:188} INFO - [2024-04-09T15:18:30.265+0000] {dag.py:3047} INFO - Sync 1 DAGs
[2024-04-09T15:18:30.311+0000] {logging_mixin.py:188} INFO - [2024-04-09T15:18:30.311+0000] {dag.py:3834} INFO - Setting next_dagrun for miniouss3dag to 2024-04-04 04:05:00+00:00, run_after=2024-04-05 04:05:00+00:00
[2024-04-09T15:18:30.351+0000] {processor.py:183} INFO - Processing /opt/airflow/dags/minios3buc.py took 0.199 seconds
[2024-04-09T15:19:01.009+0000] {processor.py:161} INFO - Started process (PID=528) to work on /opt/airflow/dags/minios3buc.py
[2024-04-09T15:19:01.011+0000] {processor.py:830} INFO - Processing file /opt/airflow/dags/minios3buc.py for tasks to queue
[2024-04-09T15:19:01.016+0000] {logging_mixin.py:188} INFO - [2024-04-09T15:19:01.015+0000] {dagbag.py:540} INFO - Filling up the DagBag from /opt/airflow/dags/minios3buc.py
[2024-04-09T15:19:01.071+0000] {processor.py:840} INFO - DAG(s) 'miniouss3dag' retrieved from /opt/airflow/dags/minios3buc.py
[2024-04-09T15:19:01.123+0000] {logging_mixin.py:188} INFO - [2024-04-09T15:19:01.123+0000] {dag.py:3047} INFO - Sync 1 DAGs
[2024-04-09T15:19:01.176+0000] {logging_mixin.py:188} INFO - [2024-04-09T15:19:01.176+0000] {dag.py:3834} INFO - Setting next_dagrun for miniouss3dag to 2024-04-04 04:05:00+00:00, run_after=2024-04-05 04:05:00+00:00
[2024-04-09T15:19:01.221+0000] {processor.py:183} INFO - Processing /opt/airflow/dags/minios3buc.py took 0.218 seconds
[2024-04-09T15:19:31.611+0000] {processor.py:161} INFO - Started process (PID=542) to work on /opt/airflow/dags/minios3buc.py
[2024-04-09T15:19:31.613+0000] {processor.py:830} INFO - Processing file /opt/airflow/dags/minios3buc.py for tasks to queue
[2024-04-09T15:19:31.617+0000] {logging_mixin.py:188} INFO - [2024-04-09T15:19:31.616+0000] {dagbag.py:540} INFO - Filling up the DagBag from /opt/airflow/dags/minios3buc.py
[2024-04-09T15:19:31.673+0000] {processor.py:840} INFO - DAG(s) 'miniouss3dag' retrieved from /opt/airflow/dags/minios3buc.py
[2024-04-09T15:19:31.715+0000] {logging_mixin.py:188} INFO - [2024-04-09T15:19:31.715+0000] {dag.py:3047} INFO - Sync 1 DAGs
[2024-04-09T15:19:31.761+0000] {logging_mixin.py:188} INFO - [2024-04-09T15:19:31.760+0000] {dag.py:3834} INFO - Setting next_dagrun for miniouss3dag to 2024-04-04 04:05:00+00:00, run_after=2024-04-05 04:05:00+00:00
[2024-04-09T15:19:31.807+0000] {processor.py:183} INFO - Processing /opt/airflow/dags/minios3buc.py took 0.203 seconds
[2024-04-09T15:20:02.443+0000] {processor.py:161} INFO - Started process (PID=556) to work on /opt/airflow/dags/minios3buc.py
[2024-04-09T15:20:02.445+0000] {processor.py:830} INFO - Processing file /opt/airflow/dags/minios3buc.py for tasks to queue
[2024-04-09T15:20:02.449+0000] {logging_mixin.py:188} INFO - [2024-04-09T15:20:02.448+0000] {dagbag.py:540} INFO - Filling up the DagBag from /opt/airflow/dags/minios3buc.py
[2024-04-09T15:20:02.504+0000] {processor.py:840} INFO - DAG(s) 'miniouss3dag' retrieved from /opt/airflow/dags/minios3buc.py
[2024-04-09T15:20:02.547+0000] {logging_mixin.py:188} INFO - [2024-04-09T15:20:02.547+0000] {dag.py:3047} INFO - Sync 1 DAGs
[2024-04-09T15:20:02.594+0000] {logging_mixin.py:188} INFO - [2024-04-09T15:20:02.593+0000] {dag.py:3834} INFO - Setting next_dagrun for miniouss3dag to 2024-04-04 04:05:00+00:00, run_after=2024-04-05 04:05:00+00:00
[2024-04-09T15:20:02.645+0000] {processor.py:183} INFO - Processing /opt/airflow/dags/minios3buc.py took 0.208 seconds
[2024-04-09T15:20:33.344+0000] {processor.py:161} INFO - Started process (PID=570) to work on /opt/airflow/dags/minios3buc.py
[2024-04-09T15:20:33.347+0000] {processor.py:830} INFO - Processing file /opt/airflow/dags/minios3buc.py for tasks to queue
[2024-04-09T15:20:33.351+0000] {logging_mixin.py:188} INFO - [2024-04-09T15:20:33.350+0000] {dagbag.py:540} INFO - Filling up the DagBag from /opt/airflow/dags/minios3buc.py
[2024-04-09T15:20:33.406+0000] {processor.py:840} INFO - DAG(s) 'miniouss3dag' retrieved from /opt/airflow/dags/minios3buc.py
[2024-04-09T15:20:33.456+0000] {logging_mixin.py:188} INFO - [2024-04-09T15:20:33.455+0000] {dag.py:3047} INFO - Sync 1 DAGs
[2024-04-09T15:20:33.505+0000] {logging_mixin.py:188} INFO - [2024-04-09T15:20:33.505+0000] {dag.py:3834} INFO - Setting next_dagrun for miniouss3dag to 2024-04-04 04:05:00+00:00, run_after=2024-04-05 04:05:00+00:00
[2024-04-09T15:20:33.551+0000] {processor.py:183} INFO - Processing /opt/airflow/dags/minios3buc.py took 0.214 seconds
[2024-04-09T15:21:04.091+0000] {processor.py:161} INFO - Started process (PID=585) to work on /opt/airflow/dags/minios3buc.py
[2024-04-09T15:21:04.093+0000] {processor.py:830} INFO - Processing file /opt/airflow/dags/minios3buc.py for tasks to queue
[2024-04-09T15:21:04.098+0000] {logging_mixin.py:188} INFO - [2024-04-09T15:21:04.097+0000] {dagbag.py:540} INFO - Filling up the DagBag from /opt/airflow/dags/minios3buc.py
[2024-04-09T15:21:04.159+0000] {processor.py:840} INFO - DAG(s) 'miniouss3dag' retrieved from /opt/airflow/dags/minios3buc.py
[2024-04-09T15:21:04.206+0000] {logging_mixin.py:188} INFO - [2024-04-09T15:21:04.205+0000] {dag.py:3047} INFO - Sync 1 DAGs
[2024-04-09T15:21:04.254+0000] {logging_mixin.py:188} INFO - [2024-04-09T15:21:04.253+0000] {dag.py:3834} INFO - Setting next_dagrun for miniouss3dag to 2024-04-04 04:05:00+00:00, run_after=2024-04-05 04:05:00+00:00
[2024-04-09T15:21:04.305+0000] {processor.py:183} INFO - Processing /opt/airflow/dags/minios3buc.py took 0.219 seconds
[2024-04-09T15:21:34.682+0000] {processor.py:161} INFO - Started process (PID=598) to work on /opt/airflow/dags/minios3buc.py
[2024-04-09T15:21:34.684+0000] {processor.py:830} INFO - Processing file /opt/airflow/dags/minios3buc.py for tasks to queue
[2024-04-09T15:21:34.687+0000] {logging_mixin.py:188} INFO - [2024-04-09T15:21:34.687+0000] {dagbag.py:540} INFO - Filling up the DagBag from /opt/airflow/dags/minios3buc.py
[2024-04-09T15:21:34.742+0000] {processor.py:840} INFO - DAG(s) 'miniouss3dag' retrieved from /opt/airflow/dags/minios3buc.py
[2024-04-09T15:21:34.788+0000] {logging_mixin.py:188} INFO - [2024-04-09T15:21:34.788+0000] {dag.py:3047} INFO - Sync 1 DAGs
[2024-04-09T15:21:34.834+0000] {logging_mixin.py:188} INFO - [2024-04-09T15:21:34.833+0000] {dag.py:3834} INFO - Setting next_dagrun for miniouss3dag to 2024-04-04 04:05:00+00:00, run_after=2024-04-05 04:05:00+00:00
[2024-04-09T15:21:34.884+0000] {processor.py:183} INFO - Processing /opt/airflow/dags/minios3buc.py took 0.208 seconds
[2024-04-09T15:22:05.487+0000] {processor.py:161} INFO - Started process (PID=613) to work on /opt/airflow/dags/minios3buc.py
[2024-04-09T15:22:05.489+0000] {processor.py:830} INFO - Processing file /opt/airflow/dags/minios3buc.py for tasks to queue
[2024-04-09T15:22:05.493+0000] {logging_mixin.py:188} INFO - [2024-04-09T15:22:05.492+0000] {dagbag.py:540} INFO - Filling up the DagBag from /opt/airflow/dags/minios3buc.py
[2024-04-09T15:22:05.549+0000] {processor.py:840} INFO - DAG(s) 'miniouss3dag' retrieved from /opt/airflow/dags/minios3buc.py
[2024-04-09T15:22:05.592+0000] {logging_mixin.py:188} INFO - [2024-04-09T15:22:05.591+0000] {dag.py:3047} INFO - Sync 1 DAGs
[2024-04-09T15:22:05.634+0000] {logging_mixin.py:188} INFO - [2024-04-09T15:22:05.634+0000] {dag.py:3834} INFO - Setting next_dagrun for miniouss3dag to 2024-04-04 04:05:00+00:00, run_after=2024-04-05 04:05:00+00:00
[2024-04-09T15:22:05.677+0000] {processor.py:183} INFO - Processing /opt/airflow/dags/minios3buc.py took 0.196 seconds
[2024-04-09T15:22:36.354+0000] {processor.py:161} INFO - Started process (PID=627) to work on /opt/airflow/dags/minios3buc.py
[2024-04-09T15:22:36.356+0000] {processor.py:830} INFO - Processing file /opt/airflow/dags/minios3buc.py for tasks to queue
[2024-04-09T15:22:36.360+0000] {logging_mixin.py:188} INFO - [2024-04-09T15:22:36.360+0000] {dagbag.py:540} INFO - Filling up the DagBag from /opt/airflow/dags/minios3buc.py
[2024-04-09T15:22:36.418+0000] {processor.py:840} INFO - DAG(s) 'miniouss3dag' retrieved from /opt/airflow/dags/minios3buc.py
[2024-04-09T15:22:36.462+0000] {logging_mixin.py:188} INFO - [2024-04-09T15:22:36.461+0000] {dag.py:3047} INFO - Sync 1 DAGs
[2024-04-09T15:22:36.508+0000] {logging_mixin.py:188} INFO - [2024-04-09T15:22:36.507+0000] {dag.py:3834} INFO - Setting next_dagrun for miniouss3dag to 2024-04-04 04:05:00+00:00, run_after=2024-04-05 04:05:00+00:00
[2024-04-09T15:22:36.552+0000] {processor.py:183} INFO - Processing /opt/airflow/dags/minios3buc.py took 0.205 seconds
[2024-04-09T15:23:07.189+0000] {processor.py:161} INFO - Started process (PID=641) to work on /opt/airflow/dags/minios3buc.py
[2024-04-09T15:23:07.191+0000] {processor.py:830} INFO - Processing file /opt/airflow/dags/minios3buc.py for tasks to queue
[2024-04-09T15:23:07.195+0000] {logging_mixin.py:188} INFO - [2024-04-09T15:23:07.195+0000] {dagbag.py:540} INFO - Filling up the DagBag from /opt/airflow/dags/minios3buc.py
[2024-04-09T15:23:07.251+0000] {processor.py:840} INFO - DAG(s) 'miniouss3dag' retrieved from /opt/airflow/dags/minios3buc.py
[2024-04-09T15:23:07.295+0000] {logging_mixin.py:188} INFO - [2024-04-09T15:23:07.295+0000] {dag.py:3047} INFO - Sync 1 DAGs
[2024-04-09T15:23:07.337+0000] {logging_mixin.py:188} INFO - [2024-04-09T15:23:07.336+0000] {dag.py:3834} INFO - Setting next_dagrun for miniouss3dag to 2024-04-04 04:05:00+00:00, run_after=2024-04-05 04:05:00+00:00
[2024-04-09T15:23:07.384+0000] {processor.py:183} INFO - Processing /opt/airflow/dags/minios3buc.py took 0.202 seconds
[2024-04-09T15:23:38.026+0000] {processor.py:161} INFO - Started process (PID=656) to work on /opt/airflow/dags/minios3buc.py
[2024-04-09T15:23:38.028+0000] {processor.py:830} INFO - Processing file /opt/airflow/dags/minios3buc.py for tasks to queue
[2024-04-09T15:23:38.032+0000] {logging_mixin.py:188} INFO - [2024-04-09T15:23:38.031+0000] {dagbag.py:540} INFO - Filling up the DagBag from /opt/airflow/dags/minios3buc.py
[2024-04-09T15:23:38.089+0000] {processor.py:840} INFO - DAG(s) 'miniouss3dag' retrieved from /opt/airflow/dags/minios3buc.py
[2024-04-09T15:23:38.135+0000] {logging_mixin.py:188} INFO - [2024-04-09T15:23:38.134+0000] {dag.py:3047} INFO - Sync 1 DAGs
[2024-04-09T15:23:38.187+0000] {logging_mixin.py:188} INFO - [2024-04-09T15:23:38.186+0000] {dag.py:3834} INFO - Setting next_dagrun for miniouss3dag to 2024-04-04 04:05:00+00:00, run_after=2024-04-05 04:05:00+00:00
[2024-04-09T15:23:38.234+0000] {processor.py:183} INFO - Processing /opt/airflow/dags/minios3buc.py took 0.215 seconds
[2024-04-09T15:24:08.819+0000] {processor.py:161} INFO - Started process (PID=670) to work on /opt/airflow/dags/minios3buc.py
[2024-04-09T15:24:08.822+0000] {processor.py:830} INFO - Processing file /opt/airflow/dags/minios3buc.py for tasks to queue
[2024-04-09T15:24:08.825+0000] {logging_mixin.py:188} INFO - [2024-04-09T15:24:08.825+0000] {dagbag.py:540} INFO - Filling up the DagBag from /opt/airflow/dags/minios3buc.py
[2024-04-09T15:24:08.880+0000] {processor.py:840} INFO - DAG(s) 'miniouss3dag' retrieved from /opt/airflow/dags/minios3buc.py
[2024-04-09T15:24:08.924+0000] {logging_mixin.py:188} INFO - [2024-04-09T15:24:08.924+0000] {dag.py:3047} INFO - Sync 1 DAGs
[2024-04-09T15:24:08.969+0000] {logging_mixin.py:188} INFO - [2024-04-09T15:24:08.968+0000] {dag.py:3834} INFO - Setting next_dagrun for miniouss3dag to 2024-04-04 04:05:00+00:00, run_after=2024-04-05 04:05:00+00:00
[2024-04-09T15:24:09.015+0000] {processor.py:183} INFO - Processing /opt/airflow/dags/minios3buc.py took 0.204 seconds
[2024-04-09T15:24:39.372+0000] {processor.py:161} INFO - Started process (PID=684) to work on /opt/airflow/dags/minios3buc.py
[2024-04-09T15:24:39.374+0000] {processor.py:830} INFO - Processing file /opt/airflow/dags/minios3buc.py for tasks to queue
[2024-04-09T15:24:39.378+0000] {logging_mixin.py:188} INFO - [2024-04-09T15:24:39.377+0000] {dagbag.py:540} INFO - Filling up the DagBag from /opt/airflow/dags/minios3buc.py
[2024-04-09T15:24:39.426+0000] {processor.py:840} INFO - DAG(s) 'miniouss3dag' retrieved from /opt/airflow/dags/minios3buc.py
[2024-04-09T15:24:39.463+0000] {logging_mixin.py:188} INFO - [2024-04-09T15:24:39.463+0000] {dag.py:3047} INFO - Sync 1 DAGs
[2024-04-09T15:24:39.503+0000] {logging_mixin.py:188} INFO - [2024-04-09T15:24:39.503+0000] {dag.py:3834} INFO - Setting next_dagrun for miniouss3dag to 2024-04-04 04:05:00+00:00, run_after=2024-04-05 04:05:00+00:00
[2024-04-09T15:24:39.550+0000] {processor.py:183} INFO - Processing /opt/airflow/dags/minios3buc.py took 0.183 seconds
[2024-04-09T15:25:10.155+0000] {processor.py:161} INFO - Started process (PID=699) to work on /opt/airflow/dags/minios3buc.py
[2024-04-09T15:25:10.157+0000] {processor.py:830} INFO - Processing file /opt/airflow/dags/minios3buc.py for tasks to queue
[2024-04-09T15:25:10.161+0000] {logging_mixin.py:188} INFO - [2024-04-09T15:25:10.160+0000] {dagbag.py:540} INFO - Filling up the DagBag from /opt/airflow/dags/minios3buc.py
[2024-04-09T15:25:10.214+0000] {processor.py:840} INFO - DAG(s) 'miniouss3dag' retrieved from /opt/airflow/dags/minios3buc.py
[2024-04-09T15:25:10.254+0000] {logging_mixin.py:188} INFO - [2024-04-09T15:25:10.253+0000] {dag.py:3047} INFO - Sync 1 DAGs
[2024-04-09T15:25:10.296+0000] {logging_mixin.py:188} INFO - [2024-04-09T15:25:10.295+0000] {dag.py:3834} INFO - Setting next_dagrun for miniouss3dag to 2024-04-04 04:05:00+00:00, run_after=2024-04-05 04:05:00+00:00
[2024-04-09T15:25:10.344+0000] {processor.py:183} INFO - Processing /opt/airflow/dags/minios3buc.py took 0.195 seconds
[2024-04-09T15:25:40.721+0000] {processor.py:161} INFO - Started process (PID=713) to work on /opt/airflow/dags/minios3buc.py
[2024-04-09T15:25:40.723+0000] {processor.py:830} INFO - Processing file /opt/airflow/dags/minios3buc.py for tasks to queue
[2024-04-09T15:25:40.729+0000] {logging_mixin.py:188} INFO - [2024-04-09T15:25:40.728+0000] {dagbag.py:540} INFO - Filling up the DagBag from /opt/airflow/dags/minios3buc.py
[2024-04-09T15:25:40.793+0000] {processor.py:840} INFO - DAG(s) 'miniouss3dag' retrieved from /opt/airflow/dags/minios3buc.py
[2024-04-09T15:25:40.839+0000] {logging_mixin.py:188} INFO - [2024-04-09T15:25:40.838+0000] {dag.py:3047} INFO - Sync 1 DAGs
[2024-04-09T15:25:40.889+0000] {logging_mixin.py:188} INFO - [2024-04-09T15:25:40.888+0000] {dag.py:3834} INFO - Setting next_dagrun for miniouss3dag to 2024-04-04 04:05:00+00:00, run_after=2024-04-05 04:05:00+00:00
[2024-04-09T15:25:40.937+0000] {processor.py:183} INFO - Processing /opt/airflow/dags/minios3buc.py took 0.223 seconds
[2024-04-09T15:26:11.345+0000] {processor.py:161} INFO - Started process (PID=728) to work on /opt/airflow/dags/minios3buc.py
[2024-04-09T15:26:11.347+0000] {processor.py:830} INFO - Processing file /opt/airflow/dags/minios3buc.py for tasks to queue
[2024-04-09T15:26:11.350+0000] {logging_mixin.py:188} INFO - [2024-04-09T15:26:11.350+0000] {dagbag.py:540} INFO - Filling up the DagBag from /opt/airflow/dags/minios3buc.py
[2024-04-09T15:26:11.405+0000] {processor.py:840} INFO - DAG(s) 'miniouss3dag' retrieved from /opt/airflow/dags/minios3buc.py
[2024-04-09T15:26:11.448+0000] {logging_mixin.py:188} INFO - [2024-04-09T15:26:11.447+0000] {dag.py:3047} INFO - Sync 1 DAGs
[2024-04-09T15:26:11.491+0000] {logging_mixin.py:188} INFO - [2024-04-09T15:26:11.490+0000] {dag.py:3834} INFO - Setting next_dagrun for miniouss3dag to 2024-04-04 04:05:00+00:00, run_after=2024-04-05 04:05:00+00:00
[2024-04-09T15:26:11.540+0000] {processor.py:183} INFO - Processing /opt/airflow/dags/minios3buc.py took 0.202 seconds
[2024-04-09T15:26:41.943+0000] {processor.py:161} INFO - Started process (PID=742) to work on /opt/airflow/dags/minios3buc.py
[2024-04-09T15:26:41.946+0000] {processor.py:830} INFO - Processing file /opt/airflow/dags/minios3buc.py for tasks to queue
[2024-04-09T15:26:41.950+0000] {logging_mixin.py:188} INFO - [2024-04-09T15:26:41.950+0000] {dagbag.py:540} INFO - Filling up the DagBag from /opt/airflow/dags/minios3buc.py
[2024-04-09T15:26:42.006+0000] {processor.py:840} INFO - DAG(s) 'miniouss3dag' retrieved from /opt/airflow/dags/minios3buc.py
[2024-04-09T15:26:42.052+0000] {logging_mixin.py:188} INFO - [2024-04-09T15:26:42.051+0000] {dag.py:3047} INFO - Sync 1 DAGs
[2024-04-09T15:26:42.108+0000] {logging_mixin.py:188} INFO - [2024-04-09T15:26:42.107+0000] {dag.py:3834} INFO - Setting next_dagrun for miniouss3dag to 2024-04-04 04:05:00+00:00, run_after=2024-04-05 04:05:00+00:00
[2024-04-09T15:26:42.155+0000] {processor.py:183} INFO - Processing /opt/airflow/dags/minios3buc.py took 0.218 seconds
[2024-04-09T17:56:24.207+0000] {processor.py:161} INFO - Started process (PID=49) to work on /opt/airflow/dags/minios3buc.py
[2024-04-09T17:56:24.210+0000] {processor.py:830} INFO - Processing file /opt/airflow/dags/minios3buc.py for tasks to queue
[2024-04-09T17:56:24.310+0000] {logging_mixin.py:188} INFO - [2024-04-09T17:56:24.309+0000] {dagbag.py:540} INFO - Filling up the DagBag from /opt/airflow/dags/minios3buc.py
[2024-04-09T17:56:24.392+0000] {processor.py:840} INFO - DAG(s) 'miniouss3dag' retrieved from /opt/airflow/dags/minios3buc.py
[2024-04-09T17:56:24.840+0000] {logging_mixin.py:188} INFO - [2024-04-09T17:56:24.839+0000] {dag.py:3047} INFO - Sync 1 DAGs
[2024-04-09T17:56:24.930+0000] {logging_mixin.py:188} INFO - [2024-04-09T17:56:24.929+0000] {dag.py:3834} INFO - Setting next_dagrun for miniouss3dag to 2024-04-04 04:05:00+00:00, run_after=2024-04-05 04:05:00+00:00
[2024-04-09T17:56:25.062+0000] {processor.py:183} INFO - Processing /opt/airflow/dags/minios3buc.py took 0.874 seconds
[2024-04-09T17:56:55.481+0000] {processor.py:161} INFO - Started process (PID=64) to work on /opt/airflow/dags/minios3buc.py
[2024-04-09T17:56:55.484+0000] {processor.py:830} INFO - Processing file /opt/airflow/dags/minios3buc.py for tasks to queue
[2024-04-09T17:56:55.488+0000] {logging_mixin.py:188} INFO - [2024-04-09T17:56:55.487+0000] {dagbag.py:540} INFO - Filling up the DagBag from /opt/airflow/dags/minios3buc.py
[2024-04-09T17:56:55.548+0000] {processor.py:840} INFO - DAG(s) 'miniouss3dag' retrieved from /opt/airflow/dags/minios3buc.py
[2024-04-09T17:56:55.602+0000] {logging_mixin.py:188} INFO - [2024-04-09T17:56:55.601+0000] {dag.py:3047} INFO - Sync 1 DAGs
[2024-04-09T17:56:55.664+0000] {logging_mixin.py:188} INFO - [2024-04-09T17:56:55.663+0000] {dag.py:3834} INFO - Setting next_dagrun for miniouss3dag to 2024-04-04 04:05:00+00:00, run_after=2024-04-05 04:05:00+00:00
[2024-04-09T17:56:55.715+0000] {processor.py:183} INFO - Processing /opt/airflow/dags/minios3buc.py took 0.241 seconds
[2024-04-09T17:57:25.942+0000] {processor.py:161} INFO - Started process (PID=78) to work on /opt/airflow/dags/minios3buc.py
[2024-04-09T17:57:25.945+0000] {processor.py:830} INFO - Processing file /opt/airflow/dags/minios3buc.py for tasks to queue
[2024-04-09T17:57:25.949+0000] {logging_mixin.py:188} INFO - [2024-04-09T17:57:25.949+0000] {dagbag.py:540} INFO - Filling up the DagBag from /opt/airflow/dags/minios3buc.py
[2024-04-09T17:57:26.008+0000] {processor.py:840} INFO - DAG(s) 'miniouss3dag' retrieved from /opt/airflow/dags/minios3buc.py
[2024-04-09T17:57:26.056+0000] {logging_mixin.py:188} INFO - [2024-04-09T17:57:26.055+0000] {dag.py:3047} INFO - Sync 1 DAGs
[2024-04-09T17:57:26.105+0000] {logging_mixin.py:188} INFO - [2024-04-09T17:57:26.105+0000] {dag.py:3834} INFO - Setting next_dagrun for miniouss3dag to 2024-04-04 04:05:00+00:00, run_after=2024-04-05 04:05:00+00:00
[2024-04-09T17:57:28.070+0000] {processor.py:183} INFO - Processing /opt/airflow/dags/minios3buc.py took 2.133 seconds
[2024-04-09T17:57:58.466+0000] {processor.py:161} INFO - Started process (PID=86) to work on /opt/airflow/dags/minios3buc.py
[2024-04-09T17:57:58.468+0000] {processor.py:830} INFO - Processing file /opt/airflow/dags/minios3buc.py for tasks to queue
[2024-04-09T17:57:58.471+0000] {logging_mixin.py:188} INFO - [2024-04-09T17:57:58.470+0000] {dagbag.py:540} INFO - Filling up the DagBag from /opt/airflow/dags/minios3buc.py
[2024-04-09T17:57:58.523+0000] {processor.py:840} INFO - DAG(s) 'miniouss3dag' retrieved from /opt/airflow/dags/minios3buc.py
[2024-04-09T17:57:58.569+0000] {logging_mixin.py:188} INFO - [2024-04-09T17:57:58.569+0000] {dag.py:3047} INFO - Sync 1 DAGs
[2024-04-09T17:57:58.614+0000] {logging_mixin.py:188} INFO - [2024-04-09T17:57:58.614+0000] {dag.py:3834} INFO - Setting next_dagrun for miniouss3dag to 2024-04-04 04:05:00+00:00, run_after=2024-04-05 04:05:00+00:00
[2024-04-09T17:57:58.662+0000] {processor.py:183} INFO - Processing /opt/airflow/dags/minios3buc.py took 0.201 seconds
[2024-04-09T17:58:29.435+0000] {processor.py:161} INFO - Started process (PID=101) to work on /opt/airflow/dags/minios3buc.py
[2024-04-09T17:58:29.437+0000] {processor.py:830} INFO - Processing file /opt/airflow/dags/minios3buc.py for tasks to queue
[2024-04-09T17:58:29.446+0000] {logging_mixin.py:188} INFO - [2024-04-09T17:58:29.445+0000] {dagbag.py:540} INFO - Filling up the DagBag from /opt/airflow/dags/minios3buc.py
[2024-04-09T17:58:29.508+0000] {processor.py:840} INFO - DAG(s) 'miniouss3dag' retrieved from /opt/airflow/dags/minios3buc.py
[2024-04-09T17:58:29.558+0000] {logging_mixin.py:188} INFO - [2024-04-09T17:58:29.558+0000] {dag.py:3047} INFO - Sync 1 DAGs
[2024-04-09T17:58:29.607+0000] {logging_mixin.py:188} INFO - [2024-04-09T17:58:29.607+0000] {dag.py:3834} INFO - Setting next_dagrun for miniouss3dag to 2024-04-04 04:05:00+00:00, run_after=2024-04-05 04:05:00+00:00
[2024-04-09T17:58:29.661+0000] {processor.py:183} INFO - Processing /opt/airflow/dags/minios3buc.py took 0.234 seconds
