[2024-04-09T15:01:31.657+0000] {processor.py:161} INFO - Started process (PID=48) to work on /opt/airflow/dags/s3postgress.py
[2024-04-09T15:01:31.663+0000] {processor.py:830} INFO - Processing file /opt/airflow/dags/s3postgress.py for tasks to queue
[2024-04-09T15:01:31.680+0000] {logging_mixin.py:188} INFO - [2024-04-09T15:01:31.680+0000] {dagbag.py:540} INFO - Filling up the DagBag from /opt/airflow/dags/s3postgress.py
[2024-04-09T15:01:31.849+0000] {processor.py:840} INFO - DAG(s) 's3postgress' retrieved from /opt/airflow/dags/s3postgress.py
[2024-04-09T15:01:31.924+0000] {logging_mixin.py:188} INFO - [2024-04-09T15:01:31.924+0000] {dag.py:3047} INFO - Sync 1 DAGs
[2024-04-09T15:01:32.038+0000] {logging_mixin.py:188} INFO - [2024-04-09T15:01:32.036+0000] {dag.py:3834} INFO - Setting next_dagrun for s3postgress to 2024-04-04 00:00:00+00:00, run_after=2024-04-05 00:00:00+00:00
[2024-04-09T15:01:32.157+0000] {processor.py:183} INFO - Processing /opt/airflow/dags/s3postgress.py took 0.521 seconds
[2024-04-09T15:02:02.539+0000] {processor.py:161} INFO - Started process (PID=62) to work on /opt/airflow/dags/s3postgress.py
[2024-04-09T15:02:02.543+0000] {processor.py:830} INFO - Processing file /opt/airflow/dags/s3postgress.py for tasks to queue
[2024-04-09T15:02:02.548+0000] {logging_mixin.py:188} INFO - [2024-04-09T15:02:02.547+0000] {dagbag.py:540} INFO - Filling up the DagBag from /opt/airflow/dags/s3postgress.py
[2024-04-09T15:02:02.614+0000] {processor.py:840} INFO - DAG(s) 's3postgress' retrieved from /opt/airflow/dags/s3postgress.py
[2024-04-09T15:02:02.959+0000] {logging_mixin.py:188} INFO - [2024-04-09T15:02:02.959+0000] {dag.py:3047} INFO - Sync 1 DAGs
[2024-04-09T15:02:03.004+0000] {logging_mixin.py:188} INFO - [2024-04-09T15:02:03.004+0000] {dag.py:3834} INFO - Setting next_dagrun for s3postgress to 2024-04-04 00:00:00+00:00, run_after=2024-04-05 00:00:00+00:00
[2024-04-09T15:02:03.050+0000] {processor.py:183} INFO - Processing /opt/airflow/dags/s3postgress.py took 0.517 seconds
[2024-04-09T15:02:33.257+0000] {processor.py:161} INFO - Started process (PID=76) to work on /opt/airflow/dags/s3postgress.py
[2024-04-09T15:02:33.259+0000] {processor.py:830} INFO - Processing file /opt/airflow/dags/s3postgress.py for tasks to queue
[2024-04-09T15:02:33.264+0000] {logging_mixin.py:188} INFO - [2024-04-09T15:02:33.263+0000] {dagbag.py:540} INFO - Filling up the DagBag from /opt/airflow/dags/s3postgress.py
[2024-04-09T15:02:33.326+0000] {processor.py:840} INFO - DAG(s) 's3postgress' retrieved from /opt/airflow/dags/s3postgress.py
[2024-04-09T15:02:33.377+0000] {logging_mixin.py:188} INFO - [2024-04-09T15:02:33.377+0000] {dag.py:3047} INFO - Sync 1 DAGs
[2024-04-09T15:02:33.429+0000] {logging_mixin.py:188} INFO - [2024-04-09T15:02:33.428+0000] {dag.py:3834} INFO - Setting next_dagrun for s3postgress to 2024-04-04 00:00:00+00:00, run_after=2024-04-05 00:00:00+00:00
[2024-04-09T15:02:33.479+0000] {processor.py:183} INFO - Processing /opt/airflow/dags/s3postgress.py took 0.231 seconds
[2024-04-09T15:03:03.939+0000] {processor.py:161} INFO - Started process (PID=90) to work on /opt/airflow/dags/s3postgress.py
[2024-04-09T15:03:03.941+0000] {processor.py:830} INFO - Processing file /opt/airflow/dags/s3postgress.py for tasks to queue
[2024-04-09T15:03:03.946+0000] {logging_mixin.py:188} INFO - [2024-04-09T15:03:03.945+0000] {dagbag.py:540} INFO - Filling up the DagBag from /opt/airflow/dags/s3postgress.py
[2024-04-09T15:03:04.005+0000] {processor.py:840} INFO - DAG(s) 's3postgress' retrieved from /opt/airflow/dags/s3postgress.py
[2024-04-09T15:03:04.054+0000] {logging_mixin.py:188} INFO - [2024-04-09T15:03:04.053+0000] {dag.py:3047} INFO - Sync 1 DAGs
[2024-04-09T15:03:04.110+0000] {logging_mixin.py:188} INFO - [2024-04-09T15:03:04.109+0000] {dag.py:3834} INFO - Setting next_dagrun for s3postgress to 2024-04-04 00:00:00+00:00, run_after=2024-04-05 00:00:00+00:00
[2024-04-09T15:03:04.159+0000] {processor.py:183} INFO - Processing /opt/airflow/dags/s3postgress.py took 0.228 seconds
[2024-04-09T15:03:34.682+0000] {processor.py:161} INFO - Started process (PID=104) to work on /opt/airflow/dags/s3postgress.py
[2024-04-09T15:03:34.684+0000] {processor.py:830} INFO - Processing file /opt/airflow/dags/s3postgress.py for tasks to queue
[2024-04-09T15:03:34.687+0000] {logging_mixin.py:188} INFO - [2024-04-09T15:03:34.687+0000] {dagbag.py:540} INFO - Filling up the DagBag from /opt/airflow/dags/s3postgress.py
[2024-04-09T15:03:34.740+0000] {processor.py:840} INFO - DAG(s) 's3postgress' retrieved from /opt/airflow/dags/s3postgress.py
[2024-04-09T15:03:34.779+0000] {logging_mixin.py:188} INFO - [2024-04-09T15:03:34.778+0000] {dag.py:3047} INFO - Sync 1 DAGs
[2024-04-09T15:03:34.821+0000] {logging_mixin.py:188} INFO - [2024-04-09T15:03:34.821+0000] {dag.py:3834} INFO - Setting next_dagrun for s3postgress to 2024-04-04 00:00:00+00:00, run_after=2024-04-05 00:00:00+00:00
[2024-04-09T15:03:34.866+0000] {processor.py:183} INFO - Processing /opt/airflow/dags/s3postgress.py took 0.189 seconds
[2024-04-09T15:04:05.293+0000] {processor.py:161} INFO - Started process (PID=118) to work on /opt/airflow/dags/s3postgress.py
[2024-04-09T15:04:05.294+0000] {processor.py:830} INFO - Processing file /opt/airflow/dags/s3postgress.py for tasks to queue
[2024-04-09T15:04:05.298+0000] {logging_mixin.py:188} INFO - [2024-04-09T15:04:05.298+0000] {dagbag.py:540} INFO - Filling up the DagBag from /opt/airflow/dags/s3postgress.py
[2024-04-09T15:04:05.351+0000] {processor.py:840} INFO - DAG(s) 's3postgress' retrieved from /opt/airflow/dags/s3postgress.py
[2024-04-09T15:04:05.401+0000] {logging_mixin.py:188} INFO - [2024-04-09T15:04:05.400+0000] {dag.py:3047} INFO - Sync 1 DAGs
[2024-04-09T15:04:05.464+0000] {logging_mixin.py:188} INFO - [2024-04-09T15:04:05.463+0000] {dag.py:3834} INFO - Setting next_dagrun for s3postgress to 2024-04-04 00:00:00+00:00, run_after=2024-04-05 00:00:00+00:00
[2024-04-09T15:04:05.510+0000] {processor.py:183} INFO - Processing /opt/airflow/dags/s3postgress.py took 0.222 seconds
[2024-04-09T15:04:36.143+0000] {processor.py:161} INFO - Started process (PID=132) to work on /opt/airflow/dags/s3postgress.py
[2024-04-09T15:04:36.150+0000] {processor.py:830} INFO - Processing file /opt/airflow/dags/s3postgress.py for tasks to queue
[2024-04-09T15:04:36.154+0000] {logging_mixin.py:188} INFO - [2024-04-09T15:04:36.153+0000] {dagbag.py:540} INFO - Filling up the DagBag from /opt/airflow/dags/s3postgress.py
[2024-04-09T15:04:36.254+0000] {processor.py:840} INFO - DAG(s) 's3postgress' retrieved from /opt/airflow/dags/s3postgress.py
[2024-04-09T15:04:36.303+0000] {logging_mixin.py:188} INFO - [2024-04-09T15:04:36.303+0000] {dag.py:3047} INFO - Sync 1 DAGs
[2024-04-09T15:04:36.367+0000] {logging_mixin.py:188} INFO - [2024-04-09T15:04:36.367+0000] {dag.py:3834} INFO - Setting next_dagrun for s3postgress to 2024-04-04 00:00:00+00:00, run_after=2024-04-05 00:00:00+00:00
[2024-04-09T15:04:36.414+0000] {processor.py:183} INFO - Processing /opt/airflow/dags/s3postgress.py took 0.305 seconds
[2024-04-09T15:05:07.429+0000] {processor.py:161} INFO - Started process (PID=146) to work on /opt/airflow/dags/s3postgress.py
[2024-04-09T15:05:07.517+0000] {processor.py:830} INFO - Processing file /opt/airflow/dags/s3postgress.py for tasks to queue
[2024-04-09T15:05:07.594+0000] {logging_mixin.py:188} INFO - [2024-04-09T15:05:07.593+0000] {dagbag.py:540} INFO - Filling up the DagBag from /opt/airflow/dags/s3postgress.py
[2024-04-09T15:05:07.834+0000] {processor.py:840} INFO - DAG(s) 's3postgress' retrieved from /opt/airflow/dags/s3postgress.py
[2024-04-09T15:05:08.495+0000] {logging_mixin.py:188} INFO - [2024-04-09T15:05:08.494+0000] {dag.py:3047} INFO - Sync 1 DAGs
[2024-04-09T15:05:08.971+0000] {logging_mixin.py:188} INFO - [2024-04-09T15:05:08.970+0000] {dag.py:3834} INFO - Setting next_dagrun for s3postgress to 2024-04-04 00:00:00+00:00, run_after=2024-04-05 00:00:00+00:00
[2024-04-09T15:05:09.802+0000] {processor.py:183} INFO - Processing /opt/airflow/dags/s3postgress.py took 2.500 seconds
[2024-04-09T15:05:40.755+0000] {processor.py:161} INFO - Started process (PID=160) to work on /opt/airflow/dags/s3postgress.py
[2024-04-09T15:05:40.761+0000] {processor.py:830} INFO - Processing file /opt/airflow/dags/s3postgress.py for tasks to queue
[2024-04-09T15:05:40.776+0000] {logging_mixin.py:188} INFO - [2024-04-09T15:05:40.774+0000] {dagbag.py:540} INFO - Filling up the DagBag from /opt/airflow/dags/s3postgress.py
[2024-04-09T15:05:40.899+0000] {processor.py:840} INFO - DAG(s) 's3postgress' retrieved from /opt/airflow/dags/s3postgress.py
[2024-04-09T15:05:40.988+0000] {logging_mixin.py:188} INFO - [2024-04-09T15:05:40.983+0000] {dag.py:3047} INFO - Sync 1 DAGs
[2024-04-09T15:05:41.052+0000] {logging_mixin.py:188} INFO - [2024-04-09T15:05:41.051+0000] {dag.py:3834} INFO - Setting next_dagrun for s3postgress to 2024-04-04 00:00:00+00:00, run_after=2024-04-05 00:00:00+00:00
[2024-04-09T15:05:41.109+0000] {processor.py:183} INFO - Processing /opt/airflow/dags/s3postgress.py took 0.373 seconds
[2024-04-09T15:06:11.797+0000] {processor.py:161} INFO - Started process (PID=174) to work on /opt/airflow/dags/s3postgress.py
[2024-04-09T15:06:11.799+0000] {processor.py:830} INFO - Processing file /opt/airflow/dags/s3postgress.py for tasks to queue
[2024-04-09T15:06:11.804+0000] {logging_mixin.py:188} INFO - [2024-04-09T15:06:11.803+0000] {dagbag.py:540} INFO - Filling up the DagBag from /opt/airflow/dags/s3postgress.py
[2024-04-09T15:06:11.863+0000] {processor.py:840} INFO - DAG(s) 's3postgress' retrieved from /opt/airflow/dags/s3postgress.py
[2024-04-09T15:06:11.918+0000] {logging_mixin.py:188} INFO - [2024-04-09T15:06:11.917+0000] {dag.py:3047} INFO - Sync 1 DAGs
[2024-04-09T15:06:11.970+0000] {logging_mixin.py:188} INFO - [2024-04-09T15:06:11.970+0000] {dag.py:3834} INFO - Setting next_dagrun for s3postgress to 2024-04-04 00:00:00+00:00, run_after=2024-04-05 00:00:00+00:00
[2024-04-09T15:06:12.022+0000] {processor.py:183} INFO - Processing /opt/airflow/dags/s3postgress.py took 0.232 seconds
[2024-04-09T15:06:43.025+0000] {processor.py:161} INFO - Started process (PID=188) to work on /opt/airflow/dags/s3postgress.py
[2024-04-09T15:06:43.028+0000] {processor.py:830} INFO - Processing file /opt/airflow/dags/s3postgress.py for tasks to queue
[2024-04-09T15:06:43.032+0000] {logging_mixin.py:188} INFO - [2024-04-09T15:06:43.031+0000] {dagbag.py:540} INFO - Filling up the DagBag from /opt/airflow/dags/s3postgress.py
[2024-04-09T15:06:43.105+0000] {processor.py:840} INFO - DAG(s) 's3postgress' retrieved from /opt/airflow/dags/s3postgress.py
[2024-04-09T15:06:43.159+0000] {logging_mixin.py:188} INFO - [2024-04-09T15:06:43.159+0000] {dag.py:3047} INFO - Sync 1 DAGs
[2024-04-09T15:06:43.209+0000] {logging_mixin.py:188} INFO - [2024-04-09T15:06:43.208+0000] {dag.py:3834} INFO - Setting next_dagrun for s3postgress to 2024-04-04 00:00:00+00:00, run_after=2024-04-05 00:00:00+00:00
[2024-04-09T15:06:43.259+0000] {processor.py:183} INFO - Processing /opt/airflow/dags/s3postgress.py took 0.241 seconds
[2024-04-09T15:07:14.203+0000] {processor.py:161} INFO - Started process (PID=202) to work on /opt/airflow/dags/s3postgress.py
[2024-04-09T15:07:14.206+0000] {processor.py:830} INFO - Processing file /opt/airflow/dags/s3postgress.py for tasks to queue
[2024-04-09T15:07:14.211+0000] {logging_mixin.py:188} INFO - [2024-04-09T15:07:14.210+0000] {dagbag.py:540} INFO - Filling up the DagBag from /opt/airflow/dags/s3postgress.py
[2024-04-09T15:07:14.270+0000] {processor.py:840} INFO - DAG(s) 's3postgress' retrieved from /opt/airflow/dags/s3postgress.py
[2024-04-09T15:07:14.333+0000] {logging_mixin.py:188} INFO - [2024-04-09T15:07:14.332+0000] {dag.py:3047} INFO - Sync 1 DAGs
[2024-04-09T15:07:14.378+0000] {logging_mixin.py:188} INFO - [2024-04-09T15:07:14.377+0000] {dag.py:3834} INFO - Setting next_dagrun for s3postgress to 2024-04-04 00:00:00+00:00, run_after=2024-04-05 00:00:00+00:00
[2024-04-09T15:07:14.424+0000] {processor.py:183} INFO - Processing /opt/airflow/dags/s3postgress.py took 0.229 seconds
[2024-04-09T15:07:45.086+0000] {processor.py:161} INFO - Started process (PID=216) to work on /opt/airflow/dags/s3postgress.py
[2024-04-09T15:07:45.089+0000] {processor.py:830} INFO - Processing file /opt/airflow/dags/s3postgress.py for tasks to queue
[2024-04-09T15:07:45.093+0000] {logging_mixin.py:188} INFO - [2024-04-09T15:07:45.092+0000] {dagbag.py:540} INFO - Filling up the DagBag from /opt/airflow/dags/s3postgress.py
[2024-04-09T15:07:45.149+0000] {processor.py:840} INFO - DAG(s) 's3postgress' retrieved from /opt/airflow/dags/s3postgress.py
[2024-04-09T15:07:45.200+0000] {logging_mixin.py:188} INFO - [2024-04-09T15:07:45.199+0000] {dag.py:3047} INFO - Sync 1 DAGs
[2024-04-09T15:07:45.247+0000] {logging_mixin.py:188} INFO - [2024-04-09T15:07:45.246+0000] {dag.py:3834} INFO - Setting next_dagrun for s3postgress to 2024-04-04 00:00:00+00:00, run_after=2024-04-05 00:00:00+00:00
[2024-04-09T15:07:45.292+0000] {processor.py:183} INFO - Processing /opt/airflow/dags/s3postgress.py took 0.213 seconds
[2024-04-09T15:08:15.926+0000] {processor.py:161} INFO - Started process (PID=230) to work on /opt/airflow/dags/s3postgress.py
[2024-04-09T15:08:15.928+0000] {processor.py:830} INFO - Processing file /opt/airflow/dags/s3postgress.py for tasks to queue
[2024-04-09T15:08:15.931+0000] {logging_mixin.py:188} INFO - [2024-04-09T15:08:15.930+0000] {dagbag.py:540} INFO - Filling up the DagBag from /opt/airflow/dags/s3postgress.py
[2024-04-09T15:08:15.982+0000] {processor.py:840} INFO - DAG(s) 's3postgress' retrieved from /opt/airflow/dags/s3postgress.py
[2024-04-09T15:08:16.028+0000] {logging_mixin.py:188} INFO - [2024-04-09T15:08:16.027+0000] {dag.py:3047} INFO - Sync 1 DAGs
[2024-04-09T15:08:16.072+0000] {logging_mixin.py:188} INFO - [2024-04-09T15:08:16.071+0000] {dag.py:3834} INFO - Setting next_dagrun for s3postgress to 2024-04-04 00:00:00+00:00, run_after=2024-04-05 00:00:00+00:00
[2024-04-09T15:08:16.114+0000] {processor.py:183} INFO - Processing /opt/airflow/dags/s3postgress.py took 0.195 seconds
[2024-04-09T15:08:46.786+0000] {processor.py:161} INFO - Started process (PID=244) to work on /opt/airflow/dags/s3postgress.py
[2024-04-09T15:08:46.789+0000] {processor.py:830} INFO - Processing file /opt/airflow/dags/s3postgress.py for tasks to queue
[2024-04-09T15:08:46.793+0000] {logging_mixin.py:188} INFO - [2024-04-09T15:08:46.792+0000] {dagbag.py:540} INFO - Filling up the DagBag from /opt/airflow/dags/s3postgress.py
[2024-04-09T15:08:46.853+0000] {processor.py:840} INFO - DAG(s) 's3postgress' retrieved from /opt/airflow/dags/s3postgress.py
[2024-04-09T15:08:46.897+0000] {logging_mixin.py:188} INFO - [2024-04-09T15:08:46.896+0000] {dag.py:3047} INFO - Sync 1 DAGs
[2024-04-09T15:08:46.947+0000] {logging_mixin.py:188} INFO - [2024-04-09T15:08:46.947+0000] {dag.py:3834} INFO - Setting next_dagrun for s3postgress to 2024-04-04 00:00:00+00:00, run_after=2024-04-05 00:00:00+00:00
[2024-04-09T15:08:46.998+0000] {processor.py:183} INFO - Processing /opt/airflow/dags/s3postgress.py took 0.220 seconds
[2024-04-09T15:09:17.544+0000] {processor.py:161} INFO - Started process (PID=258) to work on /opt/airflow/dags/s3postgress.py
[2024-04-09T15:09:17.546+0000] {processor.py:830} INFO - Processing file /opt/airflow/dags/s3postgress.py for tasks to queue
[2024-04-09T15:09:17.551+0000] {logging_mixin.py:188} INFO - [2024-04-09T15:09:17.550+0000] {dagbag.py:540} INFO - Filling up the DagBag from /opt/airflow/dags/s3postgress.py
[2024-04-09T15:09:17.609+0000] {processor.py:840} INFO - DAG(s) 's3postgress' retrieved from /opt/airflow/dags/s3postgress.py
[2024-04-09T15:09:17.660+0000] {logging_mixin.py:188} INFO - [2024-04-09T15:09:17.659+0000] {dag.py:3047} INFO - Sync 1 DAGs
[2024-04-09T15:09:17.725+0000] {logging_mixin.py:188} INFO - [2024-04-09T15:09:17.724+0000] {dag.py:3834} INFO - Setting next_dagrun for s3postgress to 2024-04-04 00:00:00+00:00, run_after=2024-04-05 00:00:00+00:00
[2024-04-09T15:09:17.782+0000] {processor.py:183} INFO - Processing /opt/airflow/dags/s3postgress.py took 0.246 seconds
[2024-04-09T15:09:47.984+0000] {processor.py:161} INFO - Started process (PID=272) to work on /opt/airflow/dags/s3postgress.py
[2024-04-09T15:09:47.987+0000] {processor.py:830} INFO - Processing file /opt/airflow/dags/s3postgress.py for tasks to queue
[2024-04-09T15:09:47.993+0000] {logging_mixin.py:188} INFO - [2024-04-09T15:09:47.992+0000] {dagbag.py:540} INFO - Filling up the DagBag from /opt/airflow/dags/s3postgress.py
[2024-04-09T15:09:48.054+0000] {processor.py:840} INFO - DAG(s) 's3postgress' retrieved from /opt/airflow/dags/s3postgress.py
[2024-04-09T15:09:48.109+0000] {logging_mixin.py:188} INFO - [2024-04-09T15:09:48.108+0000] {dag.py:3047} INFO - Sync 1 DAGs
[2024-04-09T15:09:48.174+0000] {logging_mixin.py:188} INFO - [2024-04-09T15:09:48.173+0000] {dag.py:3834} INFO - Setting next_dagrun for s3postgress to 2024-04-04 00:00:00+00:00, run_after=2024-04-05 00:00:00+00:00
[2024-04-09T15:09:48.235+0000] {processor.py:183} INFO - Processing /opt/airflow/dags/s3postgress.py took 0.258 seconds
[2024-04-09T15:10:19.050+0000] {processor.py:161} INFO - Started process (PID=286) to work on /opt/airflow/dags/s3postgress.py
[2024-04-09T15:10:19.053+0000] {processor.py:830} INFO - Processing file /opt/airflow/dags/s3postgress.py for tasks to queue
[2024-04-09T15:10:19.059+0000] {logging_mixin.py:188} INFO - [2024-04-09T15:10:19.058+0000] {dagbag.py:540} INFO - Filling up the DagBag from /opt/airflow/dags/s3postgress.py
[2024-04-09T15:10:19.122+0000] {processor.py:840} INFO - DAG(s) 's3postgress' retrieved from /opt/airflow/dags/s3postgress.py
[2024-04-09T15:10:19.182+0000] {logging_mixin.py:188} INFO - [2024-04-09T15:10:19.182+0000] {dag.py:3047} INFO - Sync 1 DAGs
[2024-04-09T15:10:19.234+0000] {logging_mixin.py:188} INFO - [2024-04-09T15:10:19.233+0000] {dag.py:3834} INFO - Setting next_dagrun for s3postgress to 2024-04-04 00:00:00+00:00, run_after=2024-04-05 00:00:00+00:00
[2024-04-09T15:10:19.280+0000] {processor.py:183} INFO - Processing /opt/airflow/dags/s3postgress.py took 0.236 seconds
[2024-04-09T15:10:50.023+0000] {processor.py:161} INFO - Started process (PID=300) to work on /opt/airflow/dags/s3postgress.py
[2024-04-09T15:10:50.025+0000] {processor.py:830} INFO - Processing file /opt/airflow/dags/s3postgress.py for tasks to queue
[2024-04-09T15:10:50.029+0000] {logging_mixin.py:188} INFO - [2024-04-09T15:10:50.029+0000] {dagbag.py:540} INFO - Filling up the DagBag from /opt/airflow/dags/s3postgress.py
[2024-04-09T15:10:50.082+0000] {processor.py:840} INFO - DAG(s) 's3postgress' retrieved from /opt/airflow/dags/s3postgress.py
[2024-04-09T15:10:50.125+0000] {logging_mixin.py:188} INFO - [2024-04-09T15:10:50.125+0000] {dag.py:3047} INFO - Sync 1 DAGs
[2024-04-09T15:10:50.173+0000] {logging_mixin.py:188} INFO - [2024-04-09T15:10:50.171+0000] {dag.py:3834} INFO - Setting next_dagrun for s3postgress to 2024-04-04 00:00:00+00:00, run_after=2024-04-05 00:00:00+00:00
[2024-04-09T15:10:50.215+0000] {processor.py:183} INFO - Processing /opt/airflow/dags/s3postgress.py took 0.200 seconds
[2024-04-09T15:11:20.399+0000] {processor.py:161} INFO - Started process (PID=314) to work on /opt/airflow/dags/s3postgress.py
[2024-04-09T15:11:20.401+0000] {processor.py:830} INFO - Processing file /opt/airflow/dags/s3postgress.py for tasks to queue
[2024-04-09T15:11:20.406+0000] {logging_mixin.py:188} INFO - [2024-04-09T15:11:20.405+0000] {dagbag.py:540} INFO - Filling up the DagBag from /opt/airflow/dags/s3postgress.py
[2024-04-09T15:11:20.467+0000] {processor.py:840} INFO - DAG(s) 's3postgress' retrieved from /opt/airflow/dags/s3postgress.py
[2024-04-09T15:11:20.512+0000] {logging_mixin.py:188} INFO - [2024-04-09T15:11:20.512+0000] {dag.py:3047} INFO - Sync 1 DAGs
[2024-04-09T15:11:20.557+0000] {logging_mixin.py:188} INFO - [2024-04-09T15:11:20.557+0000] {dag.py:3834} INFO - Setting next_dagrun for s3postgress to 2024-04-04 00:00:00+00:00, run_after=2024-04-05 00:00:00+00:00
[2024-04-09T15:11:20.606+0000] {processor.py:183} INFO - Processing /opt/airflow/dags/s3postgress.py took 0.213 seconds
[2024-04-09T15:11:50.873+0000] {processor.py:161} INFO - Started process (PID=328) to work on /opt/airflow/dags/s3postgress.py
[2024-04-09T15:11:50.876+0000] {processor.py:830} INFO - Processing file /opt/airflow/dags/s3postgress.py for tasks to queue
[2024-04-09T15:11:50.879+0000] {logging_mixin.py:188} INFO - [2024-04-09T15:11:50.879+0000] {dagbag.py:540} INFO - Filling up the DagBag from /opt/airflow/dags/s3postgress.py
[2024-04-09T15:11:50.935+0000] {processor.py:840} INFO - DAG(s) 's3postgress' retrieved from /opt/airflow/dags/s3postgress.py
[2024-04-09T15:11:50.980+0000] {logging_mixin.py:188} INFO - [2024-04-09T15:11:50.980+0000] {dag.py:3047} INFO - Sync 1 DAGs
[2024-04-09T15:11:51.026+0000] {logging_mixin.py:188} INFO - [2024-04-09T15:11:51.025+0000] {dag.py:3834} INFO - Setting next_dagrun for s3postgress to 2024-04-04 00:00:00+00:00, run_after=2024-04-05 00:00:00+00:00
[2024-04-09T15:11:51.067+0000] {processor.py:183} INFO - Processing /opt/airflow/dags/s3postgress.py took 0.201 seconds
[2024-04-09T15:12:21.203+0000] {processor.py:161} INFO - Started process (PID=342) to work on /opt/airflow/dags/s3postgress.py
[2024-04-09T15:12:21.205+0000] {processor.py:830} INFO - Processing file /opt/airflow/dags/s3postgress.py for tasks to queue
[2024-04-09T15:12:21.209+0000] {logging_mixin.py:188} INFO - [2024-04-09T15:12:21.208+0000] {dagbag.py:540} INFO - Filling up the DagBag from /opt/airflow/dags/s3postgress.py
[2024-04-09T15:12:21.258+0000] {processor.py:840} INFO - DAG(s) 's3postgress' retrieved from /opt/airflow/dags/s3postgress.py
[2024-04-09T15:12:21.301+0000] {logging_mixin.py:188} INFO - [2024-04-09T15:12:21.301+0000] {dag.py:3047} INFO - Sync 1 DAGs
[2024-04-09T15:12:21.354+0000] {logging_mixin.py:188} INFO - [2024-04-09T15:12:21.353+0000] {dag.py:3834} INFO - Setting next_dagrun for s3postgress to 2024-04-04 00:00:00+00:00, run_after=2024-04-05 00:00:00+00:00
[2024-04-09T15:12:21.394+0000] {processor.py:183} INFO - Processing /opt/airflow/dags/s3postgress.py took 0.196 seconds
[2024-04-09T15:12:51.507+0000] {processor.py:161} INFO - Started process (PID=357) to work on /opt/airflow/dags/s3postgress.py
[2024-04-09T15:12:51.509+0000] {processor.py:830} INFO - Processing file /opt/airflow/dags/s3postgress.py for tasks to queue
[2024-04-09T15:12:51.513+0000] {logging_mixin.py:188} INFO - [2024-04-09T15:12:51.512+0000] {dagbag.py:540} INFO - Filling up the DagBag from /opt/airflow/dags/s3postgress.py
[2024-04-09T15:12:51.566+0000] {processor.py:840} INFO - DAG(s) 's3postgress' retrieved from /opt/airflow/dags/s3postgress.py
[2024-04-09T15:12:51.609+0000] {logging_mixin.py:188} INFO - [2024-04-09T15:12:51.608+0000] {dag.py:3047} INFO - Sync 1 DAGs
[2024-04-09T15:12:51.650+0000] {logging_mixin.py:188} INFO - [2024-04-09T15:12:51.650+0000] {dag.py:3834} INFO - Setting next_dagrun for s3postgress to 2024-04-04 00:00:00+00:00, run_after=2024-04-05 00:00:00+00:00
[2024-04-09T15:12:51.699+0000] {processor.py:183} INFO - Processing /opt/airflow/dags/s3postgress.py took 0.198 seconds
[2024-04-09T15:13:21.915+0000] {processor.py:161} INFO - Started process (PID=371) to work on /opt/airflow/dags/s3postgress.py
[2024-04-09T15:13:21.918+0000] {processor.py:830} INFO - Processing file /opt/airflow/dags/s3postgress.py for tasks to queue
[2024-04-09T15:13:21.922+0000] {logging_mixin.py:188} INFO - [2024-04-09T15:13:21.921+0000] {dagbag.py:540} INFO - Filling up the DagBag from /opt/airflow/dags/s3postgress.py
[2024-04-09T15:13:21.971+0000] {processor.py:840} INFO - DAG(s) 's3postgress' retrieved from /opt/airflow/dags/s3postgress.py
[2024-04-09T15:13:22.015+0000] {logging_mixin.py:188} INFO - [2024-04-09T15:13:22.014+0000] {dag.py:3047} INFO - Sync 1 DAGs
[2024-04-09T15:13:22.065+0000] {logging_mixin.py:188} INFO - [2024-04-09T15:13:22.065+0000] {dag.py:3834} INFO - Setting next_dagrun for s3postgress to 2024-04-04 00:00:00+00:00, run_after=2024-04-05 00:00:00+00:00
[2024-04-09T15:13:22.110+0000] {processor.py:183} INFO - Processing /opt/airflow/dags/s3postgress.py took 0.201 seconds
[2024-04-09T15:13:52.303+0000] {processor.py:161} INFO - Started process (PID=385) to work on /opt/airflow/dags/s3postgress.py
[2024-04-09T15:13:52.306+0000] {processor.py:830} INFO - Processing file /opt/airflow/dags/s3postgress.py for tasks to queue
[2024-04-09T15:13:52.309+0000] {logging_mixin.py:188} INFO - [2024-04-09T15:13:52.308+0000] {dagbag.py:540} INFO - Filling up the DagBag from /opt/airflow/dags/s3postgress.py
[2024-04-09T15:13:52.361+0000] {processor.py:840} INFO - DAG(s) 's3postgress' retrieved from /opt/airflow/dags/s3postgress.py
[2024-04-09T15:13:52.409+0000] {logging_mixin.py:188} INFO - [2024-04-09T15:13:52.408+0000] {dag.py:3047} INFO - Sync 1 DAGs
[2024-04-09T15:13:52.451+0000] {logging_mixin.py:188} INFO - [2024-04-09T15:13:52.451+0000] {dag.py:3834} INFO - Setting next_dagrun for s3postgress to 2024-04-04 00:00:00+00:00, run_after=2024-04-05 00:00:00+00:00
[2024-04-09T15:13:52.497+0000] {processor.py:183} INFO - Processing /opt/airflow/dags/s3postgress.py took 0.199 seconds
[2024-04-09T15:14:22.915+0000] {processor.py:161} INFO - Started process (PID=400) to work on /opt/airflow/dags/s3postgress.py
[2024-04-09T15:14:22.917+0000] {processor.py:830} INFO - Processing file /opt/airflow/dags/s3postgress.py for tasks to queue
[2024-04-09T15:14:22.921+0000] {logging_mixin.py:188} INFO - [2024-04-09T15:14:22.921+0000] {dagbag.py:540} INFO - Filling up the DagBag from /opt/airflow/dags/s3postgress.py
[2024-04-09T15:14:22.972+0000] {processor.py:840} INFO - DAG(s) 's3postgress' retrieved from /opt/airflow/dags/s3postgress.py
[2024-04-09T15:14:23.013+0000] {logging_mixin.py:188} INFO - [2024-04-09T15:14:23.012+0000] {dag.py:3047} INFO - Sync 1 DAGs
[2024-04-09T15:14:23.057+0000] {logging_mixin.py:188} INFO - [2024-04-09T15:14:23.057+0000] {dag.py:3834} INFO - Setting next_dagrun for s3postgress to 2024-04-04 00:00:00+00:00, run_after=2024-04-05 00:00:00+00:00
[2024-04-09T15:14:23.100+0000] {processor.py:183} INFO - Processing /opt/airflow/dags/s3postgress.py took 0.191 seconds
[2024-04-09T15:14:53.586+0000] {processor.py:161} INFO - Started process (PID=414) to work on /opt/airflow/dags/s3postgress.py
[2024-04-09T15:14:53.588+0000] {processor.py:830} INFO - Processing file /opt/airflow/dags/s3postgress.py for tasks to queue
[2024-04-09T15:14:53.591+0000] {logging_mixin.py:188} INFO - [2024-04-09T15:14:53.591+0000] {dagbag.py:540} INFO - Filling up the DagBag from /opt/airflow/dags/s3postgress.py
[2024-04-09T15:14:53.645+0000] {processor.py:840} INFO - DAG(s) 's3postgress' retrieved from /opt/airflow/dags/s3postgress.py
[2024-04-09T15:14:53.689+0000] {logging_mixin.py:188} INFO - [2024-04-09T15:14:53.688+0000] {dag.py:3047} INFO - Sync 1 DAGs
[2024-04-09T15:14:53.735+0000] {logging_mixin.py:188} INFO - [2024-04-09T15:14:53.735+0000] {dag.py:3834} INFO - Setting next_dagrun for s3postgress to 2024-04-04 00:00:00+00:00, run_after=2024-04-05 00:00:00+00:00
[2024-04-09T15:14:53.788+0000] {processor.py:183} INFO - Processing /opt/airflow/dags/s3postgress.py took 0.207 seconds
[2024-04-09T15:15:24.331+0000] {processor.py:161} INFO - Started process (PID=428) to work on /opt/airflow/dags/s3postgress.py
[2024-04-09T15:15:24.333+0000] {processor.py:830} INFO - Processing file /opt/airflow/dags/s3postgress.py for tasks to queue
[2024-04-09T15:15:24.336+0000] {logging_mixin.py:188} INFO - [2024-04-09T15:15:24.336+0000] {dagbag.py:540} INFO - Filling up the DagBag from /opt/airflow/dags/s3postgress.py
[2024-04-09T15:15:24.384+0000] {processor.py:840} INFO - DAG(s) 's3postgress' retrieved from /opt/airflow/dags/s3postgress.py
[2024-04-09T15:15:24.435+0000] {logging_mixin.py:188} INFO - [2024-04-09T15:15:24.435+0000] {dag.py:3047} INFO - Sync 1 DAGs
[2024-04-09T15:15:24.490+0000] {logging_mixin.py:188} INFO - [2024-04-09T15:15:24.489+0000] {dag.py:3834} INFO - Setting next_dagrun for s3postgress to 2024-04-04 00:00:00+00:00, run_after=2024-04-05 00:00:00+00:00
[2024-04-09T15:15:24.536+0000] {processor.py:183} INFO - Processing /opt/airflow/dags/s3postgress.py took 0.210 seconds
[2024-04-09T15:15:55.125+0000] {processor.py:161} INFO - Started process (PID=443) to work on /opt/airflow/dags/s3postgress.py
[2024-04-09T15:15:55.128+0000] {processor.py:830} INFO - Processing file /opt/airflow/dags/s3postgress.py for tasks to queue
[2024-04-09T15:15:55.131+0000] {logging_mixin.py:188} INFO - [2024-04-09T15:15:55.131+0000] {dagbag.py:540} INFO - Filling up the DagBag from /opt/airflow/dags/s3postgress.py
[2024-04-09T15:15:55.183+0000] {processor.py:840} INFO - DAG(s) 's3postgress' retrieved from /opt/airflow/dags/s3postgress.py
[2024-04-09T15:15:55.226+0000] {logging_mixin.py:188} INFO - [2024-04-09T15:15:55.225+0000] {dag.py:3047} INFO - Sync 1 DAGs
[2024-04-09T15:15:55.278+0000] {logging_mixin.py:188} INFO - [2024-04-09T15:15:55.277+0000] {dag.py:3834} INFO - Setting next_dagrun for s3postgress to 2024-04-04 00:00:00+00:00, run_after=2024-04-05 00:00:00+00:00
[2024-04-09T15:15:55.322+0000] {processor.py:183} INFO - Processing /opt/airflow/dags/s3postgress.py took 0.201 seconds
[2024-04-09T15:16:25.690+0000] {processor.py:161} INFO - Started process (PID=457) to work on /opt/airflow/dags/s3postgress.py
[2024-04-09T15:16:25.692+0000] {processor.py:830} INFO - Processing file /opt/airflow/dags/s3postgress.py for tasks to queue
[2024-04-09T15:16:25.695+0000] {logging_mixin.py:188} INFO - [2024-04-09T15:16:25.694+0000] {dagbag.py:540} INFO - Filling up the DagBag from /opt/airflow/dags/s3postgress.py
[2024-04-09T15:16:25.741+0000] {processor.py:840} INFO - DAG(s) 's3postgress' retrieved from /opt/airflow/dags/s3postgress.py
[2024-04-09T15:16:25.778+0000] {logging_mixin.py:188} INFO - [2024-04-09T15:16:25.777+0000] {dag.py:3047} INFO - Sync 1 DAGs
[2024-04-09T15:16:25.822+0000] {logging_mixin.py:188} INFO - [2024-04-09T15:16:25.822+0000] {dag.py:3834} INFO - Setting next_dagrun for s3postgress to 2024-04-04 00:00:00+00:00, run_after=2024-04-05 00:00:00+00:00
[2024-04-09T15:16:25.871+0000] {processor.py:183} INFO - Processing /opt/airflow/dags/s3postgress.py took 0.186 seconds
[2024-04-09T15:16:56.652+0000] {processor.py:161} INFO - Started process (PID=471) to work on /opt/airflow/dags/s3postgress.py
[2024-04-09T15:16:56.656+0000] {processor.py:830} INFO - Processing file /opt/airflow/dags/s3postgress.py for tasks to queue
[2024-04-09T15:16:56.666+0000] {logging_mixin.py:188} INFO - [2024-04-09T15:16:56.663+0000] {dagbag.py:540} INFO - Filling up the DagBag from /opt/airflow/dags/s3postgress.py
[2024-04-09T15:16:56.761+0000] {processor.py:840} INFO - DAG(s) 's3postgress' retrieved from /opt/airflow/dags/s3postgress.py
[2024-04-09T15:16:56.890+0000] {logging_mixin.py:188} INFO - [2024-04-09T15:16:56.889+0000] {dag.py:3047} INFO - Sync 1 DAGs
[2024-04-09T15:16:57.088+0000] {logging_mixin.py:188} INFO - [2024-04-09T15:16:57.087+0000] {dag.py:3834} INFO - Setting next_dagrun for s3postgress to 2024-04-04 00:00:00+00:00, run_after=2024-04-05 00:00:00+00:00
[2024-04-09T15:16:57.232+0000] {processor.py:183} INFO - Processing /opt/airflow/dags/s3postgress.py took 0.592 seconds
[2024-04-09T15:17:27.464+0000] {processor.py:161} INFO - Started process (PID=485) to work on /opt/airflow/dags/s3postgress.py
[2024-04-09T15:17:27.467+0000] {processor.py:830} INFO - Processing file /opt/airflow/dags/s3postgress.py for tasks to queue
[2024-04-09T15:17:27.470+0000] {logging_mixin.py:188} INFO - [2024-04-09T15:17:27.469+0000] {dagbag.py:540} INFO - Filling up the DagBag from /opt/airflow/dags/s3postgress.py
[2024-04-09T15:17:27.523+0000] {processor.py:840} INFO - DAG(s) 's3postgress' retrieved from /opt/airflow/dags/s3postgress.py
[2024-04-09T15:17:27.568+0000] {logging_mixin.py:188} INFO - [2024-04-09T15:17:27.567+0000] {dag.py:3047} INFO - Sync 1 DAGs
[2024-04-09T15:17:27.633+0000] {logging_mixin.py:188} INFO - [2024-04-09T15:17:27.632+0000] {dag.py:3834} INFO - Setting next_dagrun for s3postgress to 2024-04-04 00:00:00+00:00, run_after=2024-04-05 00:00:00+00:00
[2024-04-09T15:17:27.690+0000] {processor.py:183} INFO - Processing /opt/airflow/dags/s3postgress.py took 0.232 seconds
[2024-04-09T15:17:58.066+0000] {processor.py:161} INFO - Started process (PID=499) to work on /opt/airflow/dags/s3postgress.py
[2024-04-09T15:17:58.068+0000] {processor.py:830} INFO - Processing file /opt/airflow/dags/s3postgress.py for tasks to queue
[2024-04-09T15:17:58.071+0000] {logging_mixin.py:188} INFO - [2024-04-09T15:17:58.071+0000] {dagbag.py:540} INFO - Filling up the DagBag from /opt/airflow/dags/s3postgress.py
[2024-04-09T15:17:58.120+0000] {processor.py:840} INFO - DAG(s) 's3postgress' retrieved from /opt/airflow/dags/s3postgress.py
[2024-04-09T15:17:58.164+0000] {logging_mixin.py:188} INFO - [2024-04-09T15:17:58.164+0000] {dag.py:3047} INFO - Sync 1 DAGs
[2024-04-09T15:17:58.220+0000] {logging_mixin.py:188} INFO - [2024-04-09T15:17:58.219+0000] {dag.py:3834} INFO - Setting next_dagrun for s3postgress to 2024-04-04 00:00:00+00:00, run_after=2024-04-05 00:00:00+00:00
[2024-04-09T15:17:58.273+0000] {processor.py:183} INFO - Processing /opt/airflow/dags/s3postgress.py took 0.213 seconds
[2024-04-09T15:18:28.900+0000] {processor.py:161} INFO - Started process (PID=513) to work on /opt/airflow/dags/s3postgress.py
[2024-04-09T15:18:28.902+0000] {processor.py:830} INFO - Processing file /opt/airflow/dags/s3postgress.py for tasks to queue
[2024-04-09T15:18:28.905+0000] {logging_mixin.py:188} INFO - [2024-04-09T15:18:28.905+0000] {dagbag.py:540} INFO - Filling up the DagBag from /opt/airflow/dags/s3postgress.py
[2024-04-09T15:18:28.961+0000] {processor.py:840} INFO - DAG(s) 's3postgress' retrieved from /opt/airflow/dags/s3postgress.py
[2024-04-09T15:18:29.012+0000] {logging_mixin.py:188} INFO - [2024-04-09T15:18:29.011+0000] {dag.py:3047} INFO - Sync 1 DAGs
[2024-04-09T15:18:29.065+0000] {logging_mixin.py:188} INFO - [2024-04-09T15:18:29.064+0000] {dag.py:3834} INFO - Setting next_dagrun for s3postgress to 2024-04-04 00:00:00+00:00, run_after=2024-04-05 00:00:00+00:00
[2024-04-09T15:18:29.112+0000] {processor.py:183} INFO - Processing /opt/airflow/dags/s3postgress.py took 0.217 seconds
[2024-04-09T15:18:59.726+0000] {processor.py:161} INFO - Started process (PID=527) to work on /opt/airflow/dags/s3postgress.py
[2024-04-09T15:18:59.728+0000] {processor.py:830} INFO - Processing file /opt/airflow/dags/s3postgress.py for tasks to queue
[2024-04-09T15:18:59.731+0000] {logging_mixin.py:188} INFO - [2024-04-09T15:18:59.731+0000] {dagbag.py:540} INFO - Filling up the DagBag from /opt/airflow/dags/s3postgress.py
[2024-04-09T15:18:59.786+0000] {processor.py:840} INFO - DAG(s) 's3postgress' retrieved from /opt/airflow/dags/s3postgress.py
[2024-04-09T15:18:59.828+0000] {logging_mixin.py:188} INFO - [2024-04-09T15:18:59.828+0000] {dag.py:3047} INFO - Sync 1 DAGs
[2024-04-09T15:18:59.872+0000] {logging_mixin.py:188} INFO - [2024-04-09T15:18:59.871+0000] {dag.py:3834} INFO - Setting next_dagrun for s3postgress to 2024-04-04 00:00:00+00:00, run_after=2024-04-05 00:00:00+00:00
[2024-04-09T15:18:59.914+0000] {processor.py:183} INFO - Processing /opt/airflow/dags/s3postgress.py took 0.193 seconds
[2024-04-09T15:19:30.351+0000] {processor.py:161} INFO - Started process (PID=541) to work on /opt/airflow/dags/s3postgress.py
[2024-04-09T15:19:30.353+0000] {processor.py:830} INFO - Processing file /opt/airflow/dags/s3postgress.py for tasks to queue
[2024-04-09T15:19:30.356+0000] {logging_mixin.py:188} INFO - [2024-04-09T15:19:30.355+0000] {dagbag.py:540} INFO - Filling up the DagBag from /opt/airflow/dags/s3postgress.py
[2024-04-09T15:19:30.407+0000] {processor.py:840} INFO - DAG(s) 's3postgress' retrieved from /opt/airflow/dags/s3postgress.py
[2024-04-09T15:19:30.448+0000] {logging_mixin.py:188} INFO - [2024-04-09T15:19:30.448+0000] {dag.py:3047} INFO - Sync 1 DAGs
[2024-04-09T15:19:30.492+0000] {logging_mixin.py:188} INFO - [2024-04-09T15:19:30.492+0000] {dag.py:3834} INFO - Setting next_dagrun for s3postgress to 2024-04-04 00:00:00+00:00, run_after=2024-04-05 00:00:00+00:00
[2024-04-09T15:19:30.536+0000] {processor.py:183} INFO - Processing /opt/airflow/dags/s3postgress.py took 0.191 seconds
[2024-04-09T15:20:01.179+0000] {processor.py:161} INFO - Started process (PID=555) to work on /opt/airflow/dags/s3postgress.py
[2024-04-09T15:20:01.181+0000] {processor.py:830} INFO - Processing file /opt/airflow/dags/s3postgress.py for tasks to queue
[2024-04-09T15:20:01.185+0000] {logging_mixin.py:188} INFO - [2024-04-09T15:20:01.184+0000] {dagbag.py:540} INFO - Filling up the DagBag from /opt/airflow/dags/s3postgress.py
[2024-04-09T15:20:01.234+0000] {processor.py:840} INFO - DAG(s) 's3postgress' retrieved from /opt/airflow/dags/s3postgress.py
[2024-04-09T15:20:01.274+0000] {logging_mixin.py:188} INFO - [2024-04-09T15:20:01.274+0000] {dag.py:3047} INFO - Sync 1 DAGs
[2024-04-09T15:20:01.323+0000] {logging_mixin.py:188} INFO - [2024-04-09T15:20:01.322+0000] {dag.py:3834} INFO - Setting next_dagrun for s3postgress to 2024-04-04 00:00:00+00:00, run_after=2024-04-05 00:00:00+00:00
[2024-04-09T15:20:01.370+0000] {processor.py:183} INFO - Processing /opt/airflow/dags/s3postgress.py took 0.197 seconds
[2024-04-09T15:20:32.075+0000] {processor.py:161} INFO - Started process (PID=569) to work on /opt/airflow/dags/s3postgress.py
[2024-04-09T15:20:32.077+0000] {processor.py:830} INFO - Processing file /opt/airflow/dags/s3postgress.py for tasks to queue
[2024-04-09T15:20:32.081+0000] {logging_mixin.py:188} INFO - [2024-04-09T15:20:32.080+0000] {dagbag.py:540} INFO - Filling up the DagBag from /opt/airflow/dags/s3postgress.py
[2024-04-09T15:20:32.128+0000] {processor.py:840} INFO - DAG(s) 's3postgress' retrieved from /opt/airflow/dags/s3postgress.py
[2024-04-09T15:20:32.178+0000] {logging_mixin.py:188} INFO - [2024-04-09T15:20:32.177+0000] {dag.py:3047} INFO - Sync 1 DAGs
[2024-04-09T15:20:32.226+0000] {logging_mixin.py:188} INFO - [2024-04-09T15:20:32.226+0000] {dag.py:3834} INFO - Setting next_dagrun for s3postgress to 2024-04-04 00:00:00+00:00, run_after=2024-04-05 00:00:00+00:00
[2024-04-09T15:20:32.280+0000] {processor.py:183} INFO - Processing /opt/airflow/dags/s3postgress.py took 0.209 seconds
[2024-04-09T15:21:02.860+0000] {processor.py:161} INFO - Started process (PID=584) to work on /opt/airflow/dags/s3postgress.py
[2024-04-09T15:21:02.863+0000] {processor.py:830} INFO - Processing file /opt/airflow/dags/s3postgress.py for tasks to queue
[2024-04-09T15:21:02.866+0000] {logging_mixin.py:188} INFO - [2024-04-09T15:21:02.866+0000] {dagbag.py:540} INFO - Filling up the DagBag from /opt/airflow/dags/s3postgress.py
[2024-04-09T15:21:02.924+0000] {processor.py:840} INFO - DAG(s) 's3postgress' retrieved from /opt/airflow/dags/s3postgress.py
[2024-04-09T15:21:02.974+0000] {logging_mixin.py:188} INFO - [2024-04-09T15:21:02.973+0000] {dag.py:3047} INFO - Sync 1 DAGs
[2024-04-09T15:21:03.022+0000] {logging_mixin.py:188} INFO - [2024-04-09T15:21:03.021+0000] {dag.py:3834} INFO - Setting next_dagrun for s3postgress to 2024-04-04 00:00:00+00:00, run_after=2024-04-05 00:00:00+00:00
[2024-04-09T15:21:03.065+0000] {processor.py:183} INFO - Processing /opt/airflow/dags/s3postgress.py took 0.211 seconds
[2024-04-09T15:21:33.631+0000] {processor.py:161} INFO - Started process (PID=597) to work on /opt/airflow/dags/s3postgress.py
[2024-04-09T15:21:33.633+0000] {processor.py:830} INFO - Processing file /opt/airflow/dags/s3postgress.py for tasks to queue
[2024-04-09T15:21:33.637+0000] {logging_mixin.py:188} INFO - [2024-04-09T15:21:33.636+0000] {dagbag.py:540} INFO - Filling up the DagBag from /opt/airflow/dags/s3postgress.py
[2024-04-09T15:21:33.691+0000] {processor.py:840} INFO - DAG(s) 's3postgress' retrieved from /opt/airflow/dags/s3postgress.py
[2024-04-09T15:21:33.735+0000] {logging_mixin.py:188} INFO - [2024-04-09T15:21:33.734+0000] {dag.py:3047} INFO - Sync 1 DAGs
[2024-04-09T15:21:33.781+0000] {logging_mixin.py:188} INFO - [2024-04-09T15:21:33.780+0000] {dag.py:3834} INFO - Setting next_dagrun for s3postgress to 2024-04-04 00:00:00+00:00, run_after=2024-04-05 00:00:00+00:00
[2024-04-09T15:21:33.826+0000] {processor.py:183} INFO - Processing /opt/airflow/dags/s3postgress.py took 0.200 seconds
[2024-04-09T15:22:04.224+0000] {processor.py:161} INFO - Started process (PID=612) to work on /opt/airflow/dags/s3postgress.py
[2024-04-09T15:22:04.226+0000] {processor.py:830} INFO - Processing file /opt/airflow/dags/s3postgress.py for tasks to queue
[2024-04-09T15:22:04.229+0000] {logging_mixin.py:188} INFO - [2024-04-09T15:22:04.228+0000] {dagbag.py:540} INFO - Filling up the DagBag from /opt/airflow/dags/s3postgress.py
[2024-04-09T15:22:04.278+0000] {processor.py:840} INFO - DAG(s) 's3postgress' retrieved from /opt/airflow/dags/s3postgress.py
[2024-04-09T15:22:04.334+0000] {logging_mixin.py:188} INFO - [2024-04-09T15:22:04.333+0000] {dag.py:3047} INFO - Sync 1 DAGs
[2024-04-09T15:22:04.388+0000] {logging_mixin.py:188} INFO - [2024-04-09T15:22:04.387+0000] {dag.py:3834} INFO - Setting next_dagrun for s3postgress to 2024-04-04 00:00:00+00:00, run_after=2024-04-05 00:00:00+00:00
[2024-04-09T15:22:04.437+0000] {processor.py:183} INFO - Processing /opt/airflow/dags/s3postgress.py took 0.218 seconds
[2024-04-09T15:22:35.072+0000] {processor.py:161} INFO - Started process (PID=626) to work on /opt/airflow/dags/s3postgress.py
[2024-04-09T15:22:35.075+0000] {processor.py:830} INFO - Processing file /opt/airflow/dags/s3postgress.py for tasks to queue
[2024-04-09T15:22:35.078+0000] {logging_mixin.py:188} INFO - [2024-04-09T15:22:35.077+0000] {dagbag.py:540} INFO - Filling up the DagBag from /opt/airflow/dags/s3postgress.py
[2024-04-09T15:22:35.132+0000] {processor.py:840} INFO - DAG(s) 's3postgress' retrieved from /opt/airflow/dags/s3postgress.py
[2024-04-09T15:22:35.178+0000] {logging_mixin.py:188} INFO - [2024-04-09T15:22:35.178+0000] {dag.py:3047} INFO - Sync 1 DAGs
[2024-04-09T15:22:35.240+0000] {logging_mixin.py:188} INFO - [2024-04-09T15:22:35.240+0000] {dag.py:3834} INFO - Setting next_dagrun for s3postgress to 2024-04-04 00:00:00+00:00, run_after=2024-04-05 00:00:00+00:00
[2024-04-09T15:22:35.297+0000] {processor.py:183} INFO - Processing /opt/airflow/dags/s3postgress.py took 0.230 seconds
[2024-04-09T15:23:05.949+0000] {processor.py:161} INFO - Started process (PID=640) to work on /opt/airflow/dags/s3postgress.py
[2024-04-09T15:23:05.951+0000] {processor.py:830} INFO - Processing file /opt/airflow/dags/s3postgress.py for tasks to queue
[2024-04-09T15:23:05.954+0000] {logging_mixin.py:188} INFO - [2024-04-09T15:23:05.953+0000] {dagbag.py:540} INFO - Filling up the DagBag from /opt/airflow/dags/s3postgress.py
[2024-04-09T15:23:06.001+0000] {processor.py:840} INFO - DAG(s) 's3postgress' retrieved from /opt/airflow/dags/s3postgress.py
[2024-04-09T15:23:06.049+0000] {logging_mixin.py:188} INFO - [2024-04-09T15:23:06.048+0000] {dag.py:3047} INFO - Sync 1 DAGs
[2024-04-09T15:23:06.101+0000] {logging_mixin.py:188} INFO - [2024-04-09T15:23:06.100+0000] {dag.py:3834} INFO - Setting next_dagrun for s3postgress to 2024-04-04 00:00:00+00:00, run_after=2024-04-05 00:00:00+00:00
[2024-04-09T15:23:06.150+0000] {processor.py:183} INFO - Processing /opt/airflow/dags/s3postgress.py took 0.206 seconds
[2024-04-09T15:23:36.753+0000] {processor.py:161} INFO - Started process (PID=655) to work on /opt/airflow/dags/s3postgress.py
[2024-04-09T15:23:36.755+0000] {processor.py:830} INFO - Processing file /opt/airflow/dags/s3postgress.py for tasks to queue
[2024-04-09T15:23:36.758+0000] {logging_mixin.py:188} INFO - [2024-04-09T15:23:36.757+0000] {dagbag.py:540} INFO - Filling up the DagBag from /opt/airflow/dags/s3postgress.py
[2024-04-09T15:23:36.810+0000] {processor.py:840} INFO - DAG(s) 's3postgress' retrieved from /opt/airflow/dags/s3postgress.py
[2024-04-09T15:23:36.857+0000] {logging_mixin.py:188} INFO - [2024-04-09T15:23:36.857+0000] {dag.py:3047} INFO - Sync 1 DAGs
[2024-04-09T15:23:36.914+0000] {logging_mixin.py:188} INFO - [2024-04-09T15:23:36.913+0000] {dag.py:3834} INFO - Setting next_dagrun for s3postgress to 2024-04-04 00:00:00+00:00, run_after=2024-04-05 00:00:00+00:00
[2024-04-09T15:23:36.962+0000] {processor.py:183} INFO - Processing /opt/airflow/dags/s3postgress.py took 0.214 seconds
[2024-04-09T15:24:07.541+0000] {processor.py:161} INFO - Started process (PID=669) to work on /opt/airflow/dags/s3postgress.py
[2024-04-09T15:24:07.543+0000] {processor.py:830} INFO - Processing file /opt/airflow/dags/s3postgress.py for tasks to queue
[2024-04-09T15:24:07.547+0000] {logging_mixin.py:188} INFO - [2024-04-09T15:24:07.546+0000] {dagbag.py:540} INFO - Filling up the DagBag from /opt/airflow/dags/s3postgress.py
[2024-04-09T15:24:07.599+0000] {processor.py:840} INFO - DAG(s) 's3postgress' retrieved from /opt/airflow/dags/s3postgress.py
[2024-04-09T15:24:07.647+0000] {logging_mixin.py:188} INFO - [2024-04-09T15:24:07.647+0000] {dag.py:3047} INFO - Sync 1 DAGs
[2024-04-09T15:24:07.706+0000] {logging_mixin.py:188} INFO - [2024-04-09T15:24:07.705+0000] {dag.py:3834} INFO - Setting next_dagrun for s3postgress to 2024-04-04 00:00:00+00:00, run_after=2024-04-05 00:00:00+00:00
[2024-04-09T15:24:07.759+0000] {processor.py:183} INFO - Processing /opt/airflow/dags/s3postgress.py took 0.223 seconds
[2024-04-09T15:24:38.141+0000] {processor.py:161} INFO - Started process (PID=683) to work on /opt/airflow/dags/s3postgress.py
[2024-04-09T15:24:38.143+0000] {processor.py:830} INFO - Processing file /opt/airflow/dags/s3postgress.py for tasks to queue
[2024-04-09T15:24:38.146+0000] {logging_mixin.py:188} INFO - [2024-04-09T15:24:38.145+0000] {dagbag.py:540} INFO - Filling up the DagBag from /opt/airflow/dags/s3postgress.py
[2024-04-09T15:24:38.190+0000] {processor.py:840} INFO - DAG(s) 's3postgress' retrieved from /opt/airflow/dags/s3postgress.py
[2024-04-09T15:24:38.229+0000] {logging_mixin.py:188} INFO - [2024-04-09T15:24:38.228+0000] {dag.py:3047} INFO - Sync 1 DAGs
[2024-04-09T15:24:38.269+0000] {logging_mixin.py:188} INFO - [2024-04-09T15:24:38.268+0000] {dag.py:3834} INFO - Setting next_dagrun for s3postgress to 2024-04-04 00:00:00+00:00, run_after=2024-04-05 00:00:00+00:00
[2024-04-09T15:24:38.321+0000] {processor.py:183} INFO - Processing /opt/airflow/dags/s3postgress.py took 0.184 seconds
[2024-04-09T15:25:08.890+0000] {processor.py:161} INFO - Started process (PID=698) to work on /opt/airflow/dags/s3postgress.py
[2024-04-09T15:25:08.892+0000] {processor.py:830} INFO - Processing file /opt/airflow/dags/s3postgress.py for tasks to queue
[2024-04-09T15:25:08.895+0000] {logging_mixin.py:188} INFO - [2024-04-09T15:25:08.894+0000] {dagbag.py:540} INFO - Filling up the DagBag from /opt/airflow/dags/s3postgress.py
[2024-04-09T15:25:08.946+0000] {processor.py:840} INFO - DAG(s) 's3postgress' retrieved from /opt/airflow/dags/s3postgress.py
[2024-04-09T15:25:08.995+0000] {logging_mixin.py:188} INFO - [2024-04-09T15:25:08.995+0000] {dag.py:3047} INFO - Sync 1 DAGs
[2024-04-09T15:25:09.059+0000] {logging_mixin.py:188} INFO - [2024-04-09T15:25:09.058+0000] {dag.py:3834} INFO - Setting next_dagrun for s3postgress to 2024-04-04 00:00:00+00:00, run_after=2024-04-05 00:00:00+00:00
[2024-04-09T15:25:09.107+0000] {processor.py:183} INFO - Processing /opt/airflow/dags/s3postgress.py took 0.222 seconds
[2024-04-09T15:25:39.643+0000] {processor.py:161} INFO - Started process (PID=712) to work on /opt/airflow/dags/s3postgress.py
[2024-04-09T15:25:39.645+0000] {processor.py:830} INFO - Processing file /opt/airflow/dags/s3postgress.py for tasks to queue
[2024-04-09T15:25:39.648+0000] {logging_mixin.py:188} INFO - [2024-04-09T15:25:39.647+0000] {dagbag.py:540} INFO - Filling up the DagBag from /opt/airflow/dags/s3postgress.py
[2024-04-09T15:25:39.695+0000] {processor.py:840} INFO - DAG(s) 's3postgress' retrieved from /opt/airflow/dags/s3postgress.py
[2024-04-09T15:25:39.740+0000] {logging_mixin.py:188} INFO - [2024-04-09T15:25:39.740+0000] {dag.py:3047} INFO - Sync 1 DAGs
[2024-04-09T15:25:39.782+0000] {logging_mixin.py:188} INFO - [2024-04-09T15:25:39.781+0000] {dag.py:3834} INFO - Setting next_dagrun for s3postgress to 2024-04-04 00:00:00+00:00, run_after=2024-04-05 00:00:00+00:00
[2024-04-09T15:25:39.829+0000] {processor.py:183} INFO - Processing /opt/airflow/dags/s3postgress.py took 0.190 seconds
[2024-04-09T15:26:10.300+0000] {processor.py:161} INFO - Started process (PID=727) to work on /opt/airflow/dags/s3postgress.py
[2024-04-09T15:26:10.302+0000] {processor.py:830} INFO - Processing file /opt/airflow/dags/s3postgress.py for tasks to queue
[2024-04-09T15:26:10.306+0000] {logging_mixin.py:188} INFO - [2024-04-09T15:26:10.305+0000] {dagbag.py:540} INFO - Filling up the DagBag from /opt/airflow/dags/s3postgress.py
[2024-04-09T15:26:10.356+0000] {processor.py:840} INFO - DAG(s) 's3postgress' retrieved from /opt/airflow/dags/s3postgress.py
[2024-04-09T15:26:10.397+0000] {logging_mixin.py:188} INFO - [2024-04-09T15:26:10.396+0000] {dag.py:3047} INFO - Sync 1 DAGs
[2024-04-09T15:26:10.446+0000] {logging_mixin.py:188} INFO - [2024-04-09T15:26:10.445+0000] {dag.py:3834} INFO - Setting next_dagrun for s3postgress to 2024-04-04 00:00:00+00:00, run_after=2024-04-05 00:00:00+00:00
[2024-04-09T15:26:10.496+0000] {processor.py:183} INFO - Processing /opt/airflow/dags/s3postgress.py took 0.200 seconds
[2024-04-09T15:26:40.909+0000] {processor.py:161} INFO - Started process (PID=741) to work on /opt/airflow/dags/s3postgress.py
[2024-04-09T15:26:40.915+0000] {processor.py:830} INFO - Processing file /opt/airflow/dags/s3postgress.py for tasks to queue
[2024-04-09T15:26:40.929+0000] {logging_mixin.py:188} INFO - [2024-04-09T15:26:40.928+0000] {dagbag.py:540} INFO - Filling up the DagBag from /opt/airflow/dags/s3postgress.py
[2024-04-09T15:26:40.993+0000] {processor.py:840} INFO - DAG(s) 's3postgress' retrieved from /opt/airflow/dags/s3postgress.py
[2024-04-09T15:26:41.043+0000] {logging_mixin.py:188} INFO - [2024-04-09T15:26:41.042+0000] {dag.py:3047} INFO - Sync 1 DAGs
[2024-04-09T15:26:41.087+0000] {logging_mixin.py:188} INFO - [2024-04-09T15:26:41.087+0000] {dag.py:3834} INFO - Setting next_dagrun for s3postgress to 2024-04-04 00:00:00+00:00, run_after=2024-04-05 00:00:00+00:00
[2024-04-09T15:26:41.138+0000] {processor.py:183} INFO - Processing /opt/airflow/dags/s3postgress.py took 0.238 seconds
[2024-04-09T17:56:24.159+0000] {processor.py:161} INFO - Started process (PID=48) to work on /opt/airflow/dags/s3postgress.py
[2024-04-09T17:56:24.167+0000] {processor.py:830} INFO - Processing file /opt/airflow/dags/s3postgress.py for tasks to queue
[2024-04-09T17:56:24.177+0000] {logging_mixin.py:188} INFO - [2024-04-09T17:56:24.176+0000] {dagbag.py:540} INFO - Filling up the DagBag from /opt/airflow/dags/s3postgress.py
[2024-04-09T17:56:24.381+0000] {processor.py:840} INFO - DAG(s) 's3postgress' retrieved from /opt/airflow/dags/s3postgress.py
[2024-04-09T17:56:24.840+0000] {logging_mixin.py:188} INFO - [2024-04-09T17:56:24.839+0000] {dag.py:3047} INFO - Sync 1 DAGs
[2024-04-09T17:56:24.932+0000] {logging_mixin.py:188} INFO - [2024-04-09T17:56:24.932+0000] {dag.py:3834} INFO - Setting next_dagrun for s3postgress to 2024-04-04 00:00:00+00:00, run_after=2024-04-05 00:00:00+00:00
[2024-04-09T17:56:25.056+0000] {processor.py:183} INFO - Processing /opt/airflow/dags/s3postgress.py took 0.908 seconds
[2024-04-09T17:56:55.469+0000] {processor.py:161} INFO - Started process (PID=63) to work on /opt/airflow/dags/s3postgress.py
[2024-04-09T17:56:55.471+0000] {processor.py:830} INFO - Processing file /opt/airflow/dags/s3postgress.py for tasks to queue
[2024-04-09T17:56:55.475+0000] {logging_mixin.py:188} INFO - [2024-04-09T17:56:55.474+0000] {dagbag.py:540} INFO - Filling up the DagBag from /opt/airflow/dags/s3postgress.py
[2024-04-09T17:56:55.542+0000] {processor.py:840} INFO - DAG(s) 's3postgress' retrieved from /opt/airflow/dags/s3postgress.py
[2024-04-09T17:56:55.602+0000] {logging_mixin.py:188} INFO - [2024-04-09T17:56:55.601+0000] {dag.py:3047} INFO - Sync 1 DAGs
[2024-04-09T17:56:55.664+0000] {logging_mixin.py:188} INFO - [2024-04-09T17:56:55.664+0000] {dag.py:3834} INFO - Setting next_dagrun for s3postgress to 2024-04-04 00:00:00+00:00, run_after=2024-04-05 00:00:00+00:00
[2024-04-09T17:56:55.725+0000] {processor.py:183} INFO - Processing /opt/airflow/dags/s3postgress.py took 0.266 seconds
[2024-04-09T17:57:25.934+0000] {processor.py:161} INFO - Started process (PID=77) to work on /opt/airflow/dags/s3postgress.py
[2024-04-09T17:57:25.936+0000] {processor.py:830} INFO - Processing file /opt/airflow/dags/s3postgress.py for tasks to queue
[2024-04-09T17:57:25.941+0000] {logging_mixin.py:188} INFO - [2024-04-09T17:57:25.940+0000] {dagbag.py:540} INFO - Filling up the DagBag from /opt/airflow/dags/s3postgress.py
[2024-04-09T17:57:25.999+0000] {processor.py:840} INFO - DAG(s) 's3postgress' retrieved from /opt/airflow/dags/s3postgress.py
[2024-04-09T17:57:26.048+0000] {logging_mixin.py:188} INFO - [2024-04-09T17:57:26.047+0000] {dag.py:3047} INFO - Sync 1 DAGs
[2024-04-09T17:57:26.102+0000] {logging_mixin.py:188} INFO - [2024-04-09T17:57:26.102+0000] {dag.py:3834} INFO - Setting next_dagrun for s3postgress to 2024-04-04 00:00:00+00:00, run_after=2024-04-05 00:00:00+00:00
[2024-04-09T17:57:27.218+0000] {processor.py:183} INFO - Processing /opt/airflow/dags/s3postgress.py took 1.292 seconds
[2024-04-09T17:57:57.424+0000] {processor.py:161} INFO - Started process (PID=85) to work on /opt/airflow/dags/s3postgress.py
[2024-04-09T17:57:57.426+0000] {processor.py:830} INFO - Processing file /opt/airflow/dags/s3postgress.py for tasks to queue
[2024-04-09T17:57:57.430+0000] {logging_mixin.py:188} INFO - [2024-04-09T17:57:57.430+0000] {dagbag.py:540} INFO - Filling up the DagBag from /opt/airflow/dags/s3postgress.py
[2024-04-09T17:57:57.485+0000] {processor.py:840} INFO - DAG(s) 's3postgress' retrieved from /opt/airflow/dags/s3postgress.py
[2024-04-09T17:57:57.530+0000] {logging_mixin.py:188} INFO - [2024-04-09T17:57:57.529+0000] {dag.py:3047} INFO - Sync 1 DAGs
[2024-04-09T17:57:57.582+0000] {logging_mixin.py:188} INFO - [2024-04-09T17:57:57.581+0000] {dag.py:3834} INFO - Setting next_dagrun for s3postgress to 2024-04-04 00:00:00+00:00, run_after=2024-04-05 00:00:00+00:00
[2024-04-09T17:57:57.646+0000] {processor.py:183} INFO - Processing /opt/airflow/dags/s3postgress.py took 0.227 seconds
[2024-04-09T17:58:28.156+0000] {processor.py:161} INFO - Started process (PID=100) to work on /opt/airflow/dags/s3postgress.py
[2024-04-09T17:58:28.158+0000] {processor.py:830} INFO - Processing file /opt/airflow/dags/s3postgress.py for tasks to queue
[2024-04-09T17:58:28.161+0000] {logging_mixin.py:188} INFO - [2024-04-09T17:58:28.160+0000] {dagbag.py:540} INFO - Filling up the DagBag from /opt/airflow/dags/s3postgress.py
[2024-04-09T17:58:28.215+0000] {processor.py:840} INFO - DAG(s) 's3postgress' retrieved from /opt/airflow/dags/s3postgress.py
[2024-04-09T17:58:28.269+0000] {logging_mixin.py:188} INFO - [2024-04-09T17:58:28.268+0000] {dag.py:3047} INFO - Sync 1 DAGs
[2024-04-09T17:58:28.331+0000] {logging_mixin.py:188} INFO - [2024-04-09T17:58:28.330+0000] {dag.py:3834} INFO - Setting next_dagrun for s3postgress to 2024-04-04 00:00:00+00:00, run_after=2024-04-05 00:00:00+00:00
[2024-04-09T17:58:28.399+0000] {processor.py:183} INFO - Processing /opt/airflow/dags/s3postgress.py took 0.250 seconds
