[2024-04-02T23:46:13.632+0000] {taskinstance.py:1979} INFO - Dependencies all met for dep_context=non-requeueable deps ti=<TaskInstance: dagwithpostgres.insert_data manual__2024-04-02T23:39:46.403399+00:00 [queued]>
[2024-04-02T23:46:13.652+0000] {taskinstance.py:1979} INFO - Dependencies all met for dep_context=requeueable deps ti=<TaskInstance: dagwithpostgres.insert_data manual__2024-04-02T23:39:46.403399+00:00 [queued]>
[2024-04-02T23:46:13.653+0000] {taskinstance.py:2193} INFO - Starting attempt 2 of 4
[2024-04-02T23:46:13.693+0000] {taskinstance.py:2217} INFO - Executing <Task(PostgresOperator): insert_data> on 2024-04-02 23:39:46.403399+00:00
[2024-04-02T23:46:13.702+0000] {standard_task_runner.py:60} INFO - Started process 935 to run task
[2024-04-02T23:46:13.706+0000] {standard_task_runner.py:87} INFO - Running: ['***', 'tasks', 'run', 'dagwithpostgres', 'insert_data', 'manual__2024-04-02T23:39:46.403399+00:00', '--job-id', '224', '--raw', '--subdir', 'DAGS_FOLDER/dagwithpostgres.py', '--cfg-path', '/tmp/tmp8tv0yfmb']
[2024-04-02T23:46:13.709+0000] {standard_task_runner.py:88} INFO - Job 224: Subtask insert_data
[2024-04-02T23:46:13.789+0000] {task_command.py:423} INFO - Running <TaskInstance: dagwithpostgres.insert_data manual__2024-04-02T23:39:46.403399+00:00 [running]> on host 41da1b14e620
[2024-04-02T23:46:13.894+0000] {warnings.py:109} WARNING - /home/***/.local/lib/python3.8/site-packages/***/utils/context.py:207: AirflowContextDeprecationWarning: Accessing 'execution_date' from the template is deprecated and will be removed in a future version. Please use 'data_interval_start' or 'logical_date' instead.
  warnings.warn(_create_deprecation_warning(key, self._deprecation_replacements[key]))

[2024-04-02T23:46:13.963+0000] {taskinstance.py:2513} INFO - Exporting env vars: AIRFLOW_CTX_DAG_OWNER='***' AIRFLOW_CTX_DAG_ID='dagwithpostgres' AIRFLOW_CTX_TASK_ID='insert_data' AIRFLOW_CTX_EXECUTION_DATE='2024-04-02T23:39:46.403399+00:00' AIRFLOW_CTX_TRY_NUMBER='2' AIRFLOW_CTX_DAG_RUN_ID='manual__2024-04-02T23:39:46.403399+00:00'
[2024-04-02T23:46:13.965+0000] {sql.py:276} INFO - Executing: 
    INSERT INTO dag_runs (dt, dag_id, timestamp, unique_num) VALUES ('2024-04-02', 'dagwithpostgres', '2024-04-02 23:39:46.403399+00:00', 20240402)
    
    
[2024-04-02T23:46:13.983+0000] {base.py:83} INFO - Using connection ID 'postgress_localhost' for task execution.
[2024-04-02T23:46:14.005+0000] {base.py:83} INFO - Using connection ID 'postgress_localhost' for task execution.
[2024-04-02T23:46:14.030+0000] {sql.py:457} INFO - Running statement: 
    INSERT INTO dag_runs (dt, dag_id, timestamp, unique_num) VALUES ('2024-04-02', 'dagwithpostgres', '2024-04-02 23:39:46.403399+00:00', 20240402)
    
    , parameters: None
[2024-04-02T23:46:14.042+0000] {taskinstance.py:2731} ERROR - Task failed with exception
Traceback (most recent call last):
  File "/home/airflow/.local/lib/python3.8/site-packages/airflow/models/taskinstance.py", line 444, in _execute_task
    result = _execute_callable(context=context, **execute_callable_kwargs)
  File "/home/airflow/.local/lib/python3.8/site-packages/airflow/models/taskinstance.py", line 414, in _execute_callable
    return execute_callable(context=context, **execute_callable_kwargs)
  File "/home/airflow/.local/lib/python3.8/site-packages/airflow/providers/common/sql/operators/sql.py", line 282, in execute
    output = hook.run(
  File "/home/airflow/.local/lib/python3.8/site-packages/airflow/providers/common/sql/hooks/sql.py", line 404, in run
    self._run_command(cur, sql_statement, parameters)
  File "/home/airflow/.local/lib/python3.8/site-packages/airflow/providers/common/sql/hooks/sql.py", line 462, in _run_command
    cur.execute(sql_statement)
psycopg2.errors.UndefinedTable: relation "dag_runs" does not exist
LINE 2:     INSERT INTO dag_runs (dt, dag_id, timestamp, unique_num)...
                        ^

[2024-04-02T23:46:14.063+0000] {taskinstance.py:1149} INFO - Marking task as UP_FOR_RETRY. dag_id=dagwithpostgres, task_id=insert_data, execution_date=20240402T233946, start_date=20240402T234613, end_date=20240402T234614
[2024-04-02T23:46:14.095+0000] {standard_task_runner.py:107} ERROR - Failed to execute job 224 for task insert_data (relation "dag_runs" does not exist
LINE 2:     INSERT INTO dag_runs (dt, dag_id, timestamp, unique_num)...
                        ^
; 935)
[2024-04-02T23:46:14.121+0000] {local_task_job_runner.py:234} INFO - Task exited with return code 1
[2024-04-02T23:46:14.196+0000] {taskinstance.py:3312} INFO - 0 downstream tasks scheduled from follow-on schedule check
