[2024-04-02T23:39:50.161+0000] {taskinstance.py:1979} INFO - Dependencies all met for dep_context=non-requeueable deps ti=<TaskInstance: dagwithpostgres.insert_data manual__2024-04-02T23:39:46.403399+00:00 [queued]>
[2024-04-02T23:39:50.188+0000] {taskinstance.py:1979} INFO - Dependencies all met for dep_context=requeueable deps ti=<TaskInstance: dagwithpostgres.insert_data manual__2024-04-02T23:39:46.403399+00:00 [queued]>
[2024-04-02T23:39:50.190+0000] {taskinstance.py:2193} INFO - Starting attempt 1 of 4
[2024-04-02T23:39:50.220+0000] {taskinstance.py:2217} INFO - Executing <Task(PostgresOperator): insert_data> on 2024-04-02 23:39:46.403399+00:00
[2024-04-02T23:39:50.229+0000] {standard_task_runner.py:60} INFO - Started process 841 to run task
[2024-04-02T23:39:50.234+0000] {standard_task_runner.py:87} INFO - Running: ['***', 'tasks', 'run', 'dagwithpostgres', 'insert_data', 'manual__2024-04-02T23:39:46.403399+00:00', '--job-id', '221', '--raw', '--subdir', 'DAGS_FOLDER/dagwithpostgres.py', '--cfg-path', '/tmp/tmp_0gkkd7f']
[2024-04-02T23:39:50.237+0000] {standard_task_runner.py:88} INFO - Job 221: Subtask insert_data
[2024-04-02T23:39:50.325+0000] {task_command.py:423} INFO - Running <TaskInstance: dagwithpostgres.insert_data manual__2024-04-02T23:39:46.403399+00:00 [running]> on host 41da1b14e620
[2024-04-02T23:39:50.483+0000] {taskinstance.py:2513} INFO - Exporting env vars: AIRFLOW_CTX_DAG_OWNER='***' AIRFLOW_CTX_DAG_ID='dagwithpostgres' AIRFLOW_CTX_TASK_ID='insert_data' AIRFLOW_CTX_EXECUTION_DATE='2024-04-02T23:39:46.403399+00:00' AIRFLOW_CTX_TRY_NUMBER='1' AIRFLOW_CTX_DAG_RUN_ID='manual__2024-04-02T23:39:46.403399+00:00'
[2024-04-02T23:39:50.485+0000] {sql.py:276} INFO - Executing: 
    INSERT INTO dag_runs(dt,dag_id) VALUES ('2024-04-02','dagwithpostgres')
    
[2024-04-02T23:39:50.501+0000] {base.py:83} INFO - Using connection ID 'postgress_localhost' for task execution.
[2024-04-02T23:39:50.517+0000] {base.py:83} INFO - Using connection ID 'postgress_localhost' for task execution.
[2024-04-02T23:39:50.541+0000] {sql.py:457} INFO - Running statement: 
    INSERT INTO dag_runs(dt,dag_id) VALUES ('2024-04-02','dagwithpostgres')
    , parameters: None
[2024-04-02T23:39:50.554+0000] {taskinstance.py:2731} ERROR - Task failed with exception
Traceback (most recent call last):
  File "/home/airflow/.local/lib/python3.8/site-packages/airflow/models/taskinstance.py", line 444, in _execute_task
    result = _execute_callable(context=context, **execute_callable_kwargs)
  File "/home/airflow/.local/lib/python3.8/site-packages/airflow/models/taskinstance.py", line 414, in _execute_callable
    return execute_callable(context=context, **execute_callable_kwargs)
  File "/home/airflow/.local/lib/python3.8/site-packages/airflow/providers/common/sql/operators/sql.py", line 282, in execute
    output = hook.run(
  File "/home/airflow/.local/lib/python3.8/site-packages/airflow/providers/common/sql/hooks/sql.py", line 404, in run
    self._run_command(cur, sql_statement, parameters)
  File "/home/airflow/.local/lib/python3.8/site-packages/airflow/providers/common/sql/hooks/sql.py", line 462, in _run_command
    cur.execute(sql_statement)
psycopg2.errors.UniqueViolation: duplicate key value violates unique constraint "dag_runs_pkey"
DETAIL:  Key (dt, dag_id)=(2024-04-02, dagwithpostgres) already exists.

[2024-04-02T23:39:50.569+0000] {taskinstance.py:1149} INFO - Marking task as UP_FOR_RETRY. dag_id=dagwithpostgres, task_id=insert_data, execution_date=20240402T233946, start_date=20240402T233950, end_date=20240402T233950
[2024-04-02T23:39:50.595+0000] {standard_task_runner.py:107} ERROR - Failed to execute job 221 for task insert_data (duplicate key value violates unique constraint "dag_runs_pkey"
DETAIL:  Key (dt, dag_id)=(2024-04-02, dagwithpostgres) already exists.
; 841)
[2024-04-02T23:39:50.649+0000] {local_task_job_runner.py:234} INFO - Task exited with return code 1
[2024-04-02T23:39:50.680+0000] {taskinstance.py:3312} INFO - 0 downstream tasks scheduled from follow-on schedule check
