[2024-04-02T23:50:57.336+0000] {taskinstance.py:1979} INFO - Dependencies all met for dep_context=non-requeueable deps ti=<TaskInstance: dagwithpostgres.insert_data manual__2024-04-02T23:39:46.403399+00:00 [queued]>
[2024-04-02T23:50:57.356+0000] {taskinstance.py:1979} INFO - Dependencies all met for dep_context=requeueable deps ti=<TaskInstance: dagwithpostgres.insert_data manual__2024-04-02T23:39:46.403399+00:00 [queued]>
[2024-04-02T23:50:57.357+0000] {taskinstance.py:2193} INFO - Starting attempt 3 of 6
[2024-04-02T23:50:57.389+0000] {taskinstance.py:2217} INFO - Executing <Task(PostgresOperator): insert_data> on 2024-04-02 23:39:46.403399+00:00
[2024-04-02T23:50:57.399+0000] {standard_task_runner.py:60} INFO - Started process 1011 to run task
[2024-04-02T23:50:57.402+0000] {standard_task_runner.py:87} INFO - Running: ['***', 'tasks', 'run', 'dagwithpostgres', 'insert_data', 'manual__2024-04-02T23:39:46.403399+00:00', '--job-id', '229', '--raw', '--subdir', 'DAGS_FOLDER/dagwithpostgres.py', '--cfg-path', '/tmp/tmprcfjg98r']
[2024-04-02T23:50:57.405+0000] {standard_task_runner.py:88} INFO - Job 229: Subtask insert_data
[2024-04-02T23:50:57.488+0000] {task_command.py:423} INFO - Running <TaskInstance: dagwithpostgres.insert_data manual__2024-04-02T23:39:46.403399+00:00 [running]> on host 41da1b14e620
[2024-04-02T23:50:57.581+0000] {warnings.py:109} WARNING - /home/***/.local/lib/python3.8/site-packages/***/utils/context.py:207: AirflowContextDeprecationWarning: Accessing 'execution_date' from the template is deprecated and will be removed in a future version. Please use 'data_interval_start' or 'logical_date' instead.
  warnings.warn(_create_deprecation_warning(key, self._deprecation_replacements[key]))

[2024-04-02T23:50:57.642+0000] {taskinstance.py:2513} INFO - Exporting env vars: AIRFLOW_CTX_DAG_OWNER='***' AIRFLOW_CTX_DAG_ID='dagwithpostgres' AIRFLOW_CTX_TASK_ID='insert_data' AIRFLOW_CTX_EXECUTION_DATE='2024-04-02T23:39:46.403399+00:00' AIRFLOW_CTX_TRY_NUMBER='3' AIRFLOW_CTX_DAG_RUN_ID='manual__2024-04-02T23:39:46.403399+00:00'
[2024-04-02T23:50:57.644+0000] {sql.py:276} INFO - Executing: 
    INSERT INTO dag_runs (dt, dag_id, timestamp, unique_num) VALUES ('2024-04-02', 'dagwithpostgres', '2024-04-02 23:39:46.403399+00:00', 20240402)
    
    
[2024-04-02T23:50:57.660+0000] {base.py:83} INFO - Using connection ID 'postgress_localhost' for task execution.
[2024-04-02T23:50:57.675+0000] {base.py:83} INFO - Using connection ID 'postgress_localhost' for task execution.
[2024-04-02T23:50:57.697+0000] {sql.py:457} INFO - Running statement: 
    INSERT INTO dag_runs (dt, dag_id, timestamp, unique_num) VALUES ('2024-04-02', 'dagwithpostgres', '2024-04-02 23:39:46.403399+00:00', 20240402)
    
    , parameters: None
[2024-04-02T23:50:57.706+0000] {sql.py:466} INFO - Rows affected: 1
[2024-04-02T23:50:57.709+0000] {warnings.py:109} WARNING - /home/***/.local/lib/python3.8/site-packages/***/providers/common/sql/hooks/sql.py:407: AirflowProviderDeprecationWarning: Call to deprecated method _make_common_data_structure. (The `_make_serializable` method is deprecated and support will be removed in a future version of the common.sql provider. Please update the DbApiHook's provider to a version based on common.sql >= 1.9.1.)
  result = self._make_common_data_structure(handler(cur))

[2024-04-02T23:50:57.738+0000] {taskinstance.py:1149} INFO - Marking task as SUCCESS. dag_id=dagwithpostgres, task_id=insert_data, execution_date=20240402T233946, start_date=20240402T235057, end_date=20240402T235057
[2024-04-02T23:50:57.778+0000] {local_task_job_runner.py:234} INFO - Task exited with return code 0
[2024-04-02T23:50:57.812+0000] {taskinstance.py:3312} INFO - 0 downstream tasks scheduled from follow-on schedule check
