[2024-04-15T12:30:11.626+0000] {taskinstance.py:1979} INFO - Dependencies all met for dep_context=non-requeueable deps ti=<TaskInstance: etl_data.combine_files manual__2024-04-15T12:10:05.331246+00:00 [queued]>
[2024-04-15T12:30:11.647+0000] {taskinstance.py:1979} INFO - Dependencies all met for dep_context=requeueable deps ti=<TaskInstance: etl_data.combine_files manual__2024-04-15T12:10:05.331246+00:00 [queued]>
[2024-04-15T12:30:11.647+0000] {taskinstance.py:2193} INFO - Starting attempt 4 of 4
[2024-04-15T12:30:11.670+0000] {taskinstance.py:2217} INFO - Executing <Task(BashOperator): combine_files> on 2024-04-15 12:10:05.331246+00:00
[2024-04-15T12:30:11.681+0000] {standard_task_runner.py:60} INFO - Started process 1273 to run task
[2024-04-15T12:30:11.685+0000] {standard_task_runner.py:87} INFO - Running: ['***', 'tasks', 'run', 'etl_data', 'combine_files', 'manual__2024-04-15T12:10:05.331246+00:00', '--job-id', '1774', '--raw', '--subdir', 'DAGS_FOLDER/etl_data.py', '--cfg-path', '/tmp/tmp11d0oo6d']
[2024-04-15T12:30:11.688+0000] {standard_task_runner.py:88} INFO - Job 1774: Subtask combine_files
[2024-04-15T12:30:11.742+0000] {task_command.py:423} INFO - Running <TaskInstance: etl_data.combine_files manual__2024-04-15T12:10:05.331246+00:00 [running]> on host fdd3cfdf3f53
[2024-04-15T12:30:11.842+0000] {taskinstance.py:2513} INFO - Exporting env vars: AIRFLOW_CTX_DAG_OWNER='***' AIRFLOW_CTX_DAG_ID='etl_data' AIRFLOW_CTX_TASK_ID='combine_files' AIRFLOW_CTX_EXECUTION_DATE='2024-04-15T12:10:05.331246+00:00' AIRFLOW_CTX_TRY_NUMBER='4' AIRFLOW_CTX_DAG_RUN_ID='manual__2024-04-15T12:10:05.331246+00:00'
[2024-04-15T12:30:11.846+0000] {subprocess.py:63} INFO - Tmp dir root location: /tmp
[2024-04-15T12:30:11.853+0000] {subprocess.py:75} INFO - Running command: ['/usr/bin/bash', '-c', 'cat ../destination/csv_data.csv ../destination/tsv_data.csv ../destination/txt_data.csv > ../destination/combined_data.csv']
[2024-04-15T12:30:11.877+0000] {subprocess.py:86} INFO - Output:
[2024-04-15T12:30:11.881+0000] {subprocess.py:93} INFO - /usr/bin/bash: line 1: ../destination/combined_data.csv: No such file or directory
[2024-04-15T12:30:11.882+0000] {subprocess.py:97} INFO - Command exited with return code 1
[2024-04-15T12:30:11.901+0000] {taskinstance.py:2731} ERROR - Task failed with exception
Traceback (most recent call last):
  File "/home/airflow/.local/lib/python3.8/site-packages/airflow/models/taskinstance.py", line 444, in _execute_task
    result = _execute_callable(context=context, **execute_callable_kwargs)
  File "/home/airflow/.local/lib/python3.8/site-packages/airflow/models/taskinstance.py", line 414, in _execute_callable
    return execute_callable(context=context, **execute_callable_kwargs)
  File "/home/airflow/.local/lib/python3.8/site-packages/airflow/operators/bash.py", line 212, in execute
    raise AirflowException(
airflow.exceptions.AirflowException: Bash command failed. The command returned a non-zero exit code 1.
[2024-04-15T12:30:11.906+0000] {taskinstance.py:1149} INFO - Marking task as FAILED. dag_id=etl_data, task_id=combine_files, execution_date=20240415T121005, start_date=20240415T123011, end_date=20240415T123011
[2024-04-15T12:30:12.188+0000] {standard_task_runner.py:107} ERROR - Failed to execute job 1774 for task combine_files (Bash command failed. The command returned a non-zero exit code 1.; 1273)
[2024-04-15T12:30:12.221+0000] {local_task_job_runner.py:234} INFO - Task exited with return code 1
[2024-04-15T12:30:12.238+0000] {taskinstance.py:3312} INFO - 0 downstream tasks scheduled from follow-on schedule check
