[2024-04-10T16:35:31.073+0000] {processor.py:161} INFO - Started process (PID=52) to work on /opt/airflow/dags/dag_catchup_backfil.py
[2024-04-10T16:35:31.076+0000] {processor.py:830} INFO - Processing file /opt/airflow/dags/dag_catchup_backfil.py for tasks to queue
[2024-04-10T16:35:31.084+0000] {logging_mixin.py:188} INFO - [2024-04-10T16:35:31.084+0000] {dagbag.py:540} INFO - Filling up the DagBag from /opt/airflow/dags/dag_catchup_backfil.py
[2024-04-10T16:35:31.114+0000] {processor.py:840} INFO - DAG(s) 'first_catchupbackfill' retrieved from /opt/airflow/dags/dag_catchup_backfil.py
[2024-04-10T16:35:31.150+0000] {logging_mixin.py:188} INFO - [2024-04-10T16:35:31.150+0000] {dag.py:3047} INFO - Sync 1 DAGs
[2024-04-10T16:35:31.185+0000] {logging_mixin.py:188} INFO - [2024-04-10T16:35:31.185+0000] {dag.py:3834} INFO - Setting next_dagrun for first_catchupbackfill to 2024-04-02 00:00:00+00:00, run_after=2024-04-03 00:00:00+00:00
[2024-04-10T16:35:31.218+0000] {processor.py:183} INFO - Processing /opt/airflow/dags/dag_catchup_backfil.py took 0.151 seconds
[2024-04-10T16:36:01.824+0000] {processor.py:161} INFO - Started process (PID=66) to work on /opt/airflow/dags/dag_catchup_backfil.py
[2024-04-10T16:36:01.825+0000] {processor.py:830} INFO - Processing file /opt/airflow/dags/dag_catchup_backfil.py for tasks to queue
[2024-04-10T16:36:01.826+0000] {logging_mixin.py:188} INFO - [2024-04-10T16:36:01.826+0000] {dagbag.py:540} INFO - Filling up the DagBag from /opt/airflow/dags/dag_catchup_backfil.py
[2024-04-10T16:36:01.844+0000] {processor.py:840} INFO - DAG(s) 'first_catchupbackfill' retrieved from /opt/airflow/dags/dag_catchup_backfil.py
[2024-04-10T16:36:01.861+0000] {logging_mixin.py:188} INFO - [2024-04-10T16:36:01.861+0000] {dag.py:3047} INFO - Sync 1 DAGs
[2024-04-10T16:36:01.883+0000] {logging_mixin.py:188} INFO - [2024-04-10T16:36:01.883+0000] {dag.py:3834} INFO - Setting next_dagrun for first_catchupbackfill to 2024-04-02 00:00:00+00:00, run_after=2024-04-03 00:00:00+00:00
[2024-04-10T16:36:01.903+0000] {processor.py:183} INFO - Processing /opt/airflow/dags/dag_catchup_backfil.py took 0.082 seconds
[2024-04-10T16:36:32.696+0000] {processor.py:161} INFO - Started process (PID=80) to work on /opt/airflow/dags/dag_catchup_backfil.py
[2024-04-10T16:36:32.697+0000] {processor.py:830} INFO - Processing file /opt/airflow/dags/dag_catchup_backfil.py for tasks to queue
[2024-04-10T16:36:32.700+0000] {logging_mixin.py:188} INFO - [2024-04-10T16:36:32.700+0000] {dagbag.py:540} INFO - Filling up the DagBag from /opt/airflow/dags/dag_catchup_backfil.py
[2024-04-10T16:36:32.736+0000] {processor.py:840} INFO - DAG(s) 'first_catchupbackfill' retrieved from /opt/airflow/dags/dag_catchup_backfil.py
[2024-04-10T16:36:32.774+0000] {logging_mixin.py:188} INFO - [2024-04-10T16:36:32.773+0000] {dag.py:3047} INFO - Sync 1 DAGs
[2024-04-10T16:36:32.813+0000] {logging_mixin.py:188} INFO - [2024-04-10T16:36:32.812+0000] {dag.py:3834} INFO - Setting next_dagrun for first_catchupbackfill to 2024-04-02 00:00:00+00:00, run_after=2024-04-03 00:00:00+00:00
[2024-04-10T16:36:32.836+0000] {processor.py:183} INFO - Processing /opt/airflow/dags/dag_catchup_backfil.py took 0.144 seconds
[2024-04-10T16:37:03.676+0000] {processor.py:161} INFO - Started process (PID=94) to work on /opt/airflow/dags/dag_catchup_backfil.py
[2024-04-10T16:37:03.677+0000] {processor.py:830} INFO - Processing file /opt/airflow/dags/dag_catchup_backfil.py for tasks to queue
[2024-04-10T16:37:03.680+0000] {logging_mixin.py:188} INFO - [2024-04-10T16:37:03.679+0000] {dagbag.py:540} INFO - Filling up the DagBag from /opt/airflow/dags/dag_catchup_backfil.py
[2024-04-10T16:37:03.694+0000] {processor.py:840} INFO - DAG(s) 'first_catchupbackfill' retrieved from /opt/airflow/dags/dag_catchup_backfil.py
[2024-04-10T16:37:03.715+0000] {logging_mixin.py:188} INFO - [2024-04-10T16:37:03.714+0000] {dag.py:3047} INFO - Sync 1 DAGs
[2024-04-10T16:37:03.733+0000] {logging_mixin.py:188} INFO - [2024-04-10T16:37:03.733+0000] {dag.py:3834} INFO - Setting next_dagrun for first_catchupbackfill to 2024-04-02 00:00:00+00:00, run_after=2024-04-03 00:00:00+00:00
[2024-04-10T16:37:03.760+0000] {processor.py:183} INFO - Processing /opt/airflow/dags/dag_catchup_backfil.py took 0.088 seconds
[2024-04-10T16:37:34.073+0000] {processor.py:161} INFO - Started process (PID=109) to work on /opt/airflow/dags/dag_catchup_backfil.py
[2024-04-10T16:37:34.076+0000] {processor.py:830} INFO - Processing file /opt/airflow/dags/dag_catchup_backfil.py for tasks to queue
[2024-04-10T16:37:34.079+0000] {logging_mixin.py:188} INFO - [2024-04-10T16:37:34.079+0000] {dagbag.py:540} INFO - Filling up the DagBag from /opt/airflow/dags/dag_catchup_backfil.py
[2024-04-10T16:37:34.186+0000] {processor.py:840} INFO - DAG(s) 'first_catchupbackfill' retrieved from /opt/airflow/dags/dag_catchup_backfil.py
[2024-04-10T16:37:34.232+0000] {logging_mixin.py:188} INFO - [2024-04-10T16:37:34.231+0000] {dag.py:3047} INFO - Sync 1 DAGs
[2024-04-10T16:37:34.263+0000] {logging_mixin.py:188} INFO - [2024-04-10T16:37:34.262+0000] {dag.py:3834} INFO - Setting next_dagrun for first_catchupbackfill to 2024-04-02 00:00:00+00:00, run_after=2024-04-03 00:00:00+00:00
[2024-04-10T16:37:34.300+0000] {processor.py:183} INFO - Processing /opt/airflow/dags/dag_catchup_backfil.py took 0.232 seconds
[2024-04-10T16:38:04.481+0000] {processor.py:161} INFO - Started process (PID=123) to work on /opt/airflow/dags/dag_catchup_backfil.py
[2024-04-10T16:38:04.483+0000] {processor.py:830} INFO - Processing file /opt/airflow/dags/dag_catchup_backfil.py for tasks to queue
[2024-04-10T16:38:04.485+0000] {logging_mixin.py:188} INFO - [2024-04-10T16:38:04.484+0000] {dagbag.py:540} INFO - Filling up the DagBag from /opt/airflow/dags/dag_catchup_backfil.py
[2024-04-10T16:38:04.509+0000] {processor.py:840} INFO - DAG(s) 'first_catchupbackfill' retrieved from /opt/airflow/dags/dag_catchup_backfil.py
[2024-04-10T16:38:04.549+0000] {logging_mixin.py:188} INFO - [2024-04-10T16:38:04.548+0000] {dag.py:3047} INFO - Sync 1 DAGs
[2024-04-10T16:38:04.595+0000] {logging_mixin.py:188} INFO - [2024-04-10T16:38:04.594+0000] {dag.py:3834} INFO - Setting next_dagrun for first_catchupbackfill to 2024-04-02 00:00:00+00:00, run_after=2024-04-03 00:00:00+00:00
[2024-04-10T16:38:04.632+0000] {processor.py:183} INFO - Processing /opt/airflow/dags/dag_catchup_backfil.py took 0.156 seconds
[2024-04-10T16:38:35.482+0000] {processor.py:161} INFO - Started process (PID=137) to work on /opt/airflow/dags/dag_catchup_backfil.py
[2024-04-10T16:38:35.483+0000] {processor.py:830} INFO - Processing file /opt/airflow/dags/dag_catchup_backfil.py for tasks to queue
[2024-04-10T16:38:35.486+0000] {logging_mixin.py:188} INFO - [2024-04-10T16:38:35.486+0000] {dagbag.py:540} INFO - Filling up the DagBag from /opt/airflow/dags/dag_catchup_backfil.py
[2024-04-10T16:38:35.502+0000] {processor.py:840} INFO - DAG(s) 'first_catchupbackfill' retrieved from /opt/airflow/dags/dag_catchup_backfil.py
[2024-04-10T16:38:35.525+0000] {logging_mixin.py:188} INFO - [2024-04-10T16:38:35.525+0000] {dag.py:3047} INFO - Sync 1 DAGs
[2024-04-10T16:38:35.548+0000] {logging_mixin.py:188} INFO - [2024-04-10T16:38:35.548+0000] {dag.py:3834} INFO - Setting next_dagrun for first_catchupbackfill to 2024-04-02 00:00:00+00:00, run_after=2024-04-03 00:00:00+00:00
[2024-04-10T16:38:35.568+0000] {processor.py:183} INFO - Processing /opt/airflow/dags/dag_catchup_backfil.py took 0.091 seconds
[2024-04-10T16:39:06.547+0000] {processor.py:161} INFO - Started process (PID=151) to work on /opt/airflow/dags/dag_catchup_backfil.py
[2024-04-10T16:39:06.548+0000] {processor.py:830} INFO - Processing file /opt/airflow/dags/dag_catchup_backfil.py for tasks to queue
[2024-04-10T16:39:06.549+0000] {logging_mixin.py:188} INFO - [2024-04-10T16:39:06.549+0000] {dagbag.py:540} INFO - Filling up the DagBag from /opt/airflow/dags/dag_catchup_backfil.py
[2024-04-10T16:39:06.566+0000] {processor.py:840} INFO - DAG(s) 'first_catchupbackfill' retrieved from /opt/airflow/dags/dag_catchup_backfil.py
[2024-04-10T16:39:06.587+0000] {logging_mixin.py:188} INFO - [2024-04-10T16:39:06.587+0000] {dag.py:3047} INFO - Sync 1 DAGs
[2024-04-10T16:39:06.612+0000] {logging_mixin.py:188} INFO - [2024-04-10T16:39:06.611+0000] {dag.py:3834} INFO - Setting next_dagrun for first_catchupbackfill to 2024-04-02 00:00:00+00:00, run_after=2024-04-03 00:00:00+00:00
[2024-04-10T16:39:06.633+0000] {processor.py:183} INFO - Processing /opt/airflow/dags/dag_catchup_backfil.py took 0.088 seconds
[2024-04-10T16:39:37.357+0000] {processor.py:161} INFO - Started process (PID=165) to work on /opt/airflow/dags/dag_catchup_backfil.py
[2024-04-10T16:39:37.358+0000] {processor.py:830} INFO - Processing file /opt/airflow/dags/dag_catchup_backfil.py for tasks to queue
[2024-04-10T16:39:37.359+0000] {logging_mixin.py:188} INFO - [2024-04-10T16:39:37.359+0000] {dagbag.py:540} INFO - Filling up the DagBag from /opt/airflow/dags/dag_catchup_backfil.py
[2024-04-10T16:39:37.375+0000] {processor.py:840} INFO - DAG(s) 'first_catchupbackfill' retrieved from /opt/airflow/dags/dag_catchup_backfil.py
[2024-04-10T16:39:37.396+0000] {logging_mixin.py:188} INFO - [2024-04-10T16:39:37.396+0000] {dag.py:3047} INFO - Sync 1 DAGs
[2024-04-10T16:39:37.419+0000] {logging_mixin.py:188} INFO - [2024-04-10T16:39:37.419+0000] {dag.py:3834} INFO - Setting next_dagrun for first_catchupbackfill to 2024-04-02 00:00:00+00:00, run_after=2024-04-03 00:00:00+00:00
[2024-04-10T16:39:37.435+0000] {processor.py:183} INFO - Processing /opt/airflow/dags/dag_catchup_backfil.py took 0.080 seconds
[2024-04-10T16:40:08.092+0000] {processor.py:161} INFO - Started process (PID=179) to work on /opt/airflow/dags/dag_catchup_backfil.py
[2024-04-10T16:40:08.093+0000] {processor.py:830} INFO - Processing file /opt/airflow/dags/dag_catchup_backfil.py for tasks to queue
[2024-04-10T16:40:08.095+0000] {logging_mixin.py:188} INFO - [2024-04-10T16:40:08.094+0000] {dagbag.py:540} INFO - Filling up the DagBag from /opt/airflow/dags/dag_catchup_backfil.py
[2024-04-10T16:40:08.112+0000] {processor.py:840} INFO - DAG(s) 'first_catchupbackfill' retrieved from /opt/airflow/dags/dag_catchup_backfil.py
[2024-04-10T16:40:08.134+0000] {logging_mixin.py:188} INFO - [2024-04-10T16:40:08.133+0000] {dag.py:3047} INFO - Sync 1 DAGs
[2024-04-10T16:40:08.159+0000] {logging_mixin.py:188} INFO - [2024-04-10T16:40:08.158+0000] {dag.py:3834} INFO - Setting next_dagrun for first_catchupbackfill to 2024-04-02 00:00:00+00:00, run_after=2024-04-03 00:00:00+00:00
[2024-04-10T16:40:08.180+0000] {processor.py:183} INFO - Processing /opt/airflow/dags/dag_catchup_backfil.py took 0.090 seconds
[2024-04-10T16:40:38.874+0000] {processor.py:161} INFO - Started process (PID=193) to work on /opt/airflow/dags/dag_catchup_backfil.py
[2024-04-10T16:40:38.875+0000] {processor.py:830} INFO - Processing file /opt/airflow/dags/dag_catchup_backfil.py for tasks to queue
[2024-04-10T16:40:38.877+0000] {logging_mixin.py:188} INFO - [2024-04-10T16:40:38.876+0000] {dagbag.py:540} INFO - Filling up the DagBag from /opt/airflow/dags/dag_catchup_backfil.py
[2024-04-10T16:40:38.889+0000] {processor.py:840} INFO - DAG(s) 'first_catchupbackfill' retrieved from /opt/airflow/dags/dag_catchup_backfil.py
[2024-04-10T16:40:38.907+0000] {logging_mixin.py:188} INFO - [2024-04-10T16:40:38.907+0000] {dag.py:3047} INFO - Sync 1 DAGs
[2024-04-10T16:40:38.927+0000] {logging_mixin.py:188} INFO - [2024-04-10T16:40:38.927+0000] {dag.py:3834} INFO - Setting next_dagrun for first_catchupbackfill to 2024-04-02 00:00:00+00:00, run_after=2024-04-03 00:00:00+00:00
[2024-04-10T16:40:38.944+0000] {processor.py:183} INFO - Processing /opt/airflow/dags/dag_catchup_backfil.py took 0.072 seconds
[2024-04-10T16:41:09.479+0000] {processor.py:161} INFO - Started process (PID=207) to work on /opt/airflow/dags/dag_catchup_backfil.py
[2024-04-10T16:41:09.480+0000] {processor.py:830} INFO - Processing file /opt/airflow/dags/dag_catchup_backfil.py for tasks to queue
[2024-04-10T16:41:09.482+0000] {logging_mixin.py:188} INFO - [2024-04-10T16:41:09.481+0000] {dagbag.py:540} INFO - Filling up the DagBag from /opt/airflow/dags/dag_catchup_backfil.py
[2024-04-10T16:41:09.495+0000] {processor.py:840} INFO - DAG(s) 'first_catchupbackfill' retrieved from /opt/airflow/dags/dag_catchup_backfil.py
[2024-04-10T16:41:09.513+0000] {logging_mixin.py:188} INFO - [2024-04-10T16:41:09.512+0000] {dag.py:3047} INFO - Sync 1 DAGs
[2024-04-10T16:41:09.531+0000] {logging_mixin.py:188} INFO - [2024-04-10T16:41:09.531+0000] {dag.py:3834} INFO - Setting next_dagrun for first_catchupbackfill to 2024-04-02 00:00:00+00:00, run_after=2024-04-03 00:00:00+00:00
[2024-04-10T16:41:09.546+0000] {processor.py:183} INFO - Processing /opt/airflow/dags/dag_catchup_backfil.py took 0.070 seconds
[2024-04-10T16:41:40.067+0000] {processor.py:161} INFO - Started process (PID=221) to work on /opt/airflow/dags/dag_catchup_backfil.py
[2024-04-10T16:41:40.068+0000] {processor.py:830} INFO - Processing file /opt/airflow/dags/dag_catchup_backfil.py for tasks to queue
[2024-04-10T16:41:40.070+0000] {logging_mixin.py:188} INFO - [2024-04-10T16:41:40.069+0000] {dagbag.py:540} INFO - Filling up the DagBag from /opt/airflow/dags/dag_catchup_backfil.py
[2024-04-10T16:41:40.086+0000] {processor.py:840} INFO - DAG(s) 'first_catchupbackfill' retrieved from /opt/airflow/dags/dag_catchup_backfil.py
[2024-04-10T16:41:40.103+0000] {logging_mixin.py:188} INFO - [2024-04-10T16:41:40.102+0000] {dag.py:3047} INFO - Sync 1 DAGs
[2024-04-10T16:41:40.121+0000] {logging_mixin.py:188} INFO - [2024-04-10T16:41:40.120+0000] {dag.py:3834} INFO - Setting next_dagrun for first_catchupbackfill to 2024-04-02 00:00:00+00:00, run_after=2024-04-03 00:00:00+00:00
[2024-04-10T16:41:40.136+0000] {processor.py:183} INFO - Processing /opt/airflow/dags/dag_catchup_backfil.py took 0.071 seconds
[2024-04-10T16:42:10.691+0000] {processor.py:161} INFO - Started process (PID=235) to work on /opt/airflow/dags/dag_catchup_backfil.py
[2024-04-10T16:42:10.693+0000] {processor.py:830} INFO - Processing file /opt/airflow/dags/dag_catchup_backfil.py for tasks to queue
[2024-04-10T16:42:10.695+0000] {logging_mixin.py:188} INFO - [2024-04-10T16:42:10.694+0000] {dagbag.py:540} INFO - Filling up the DagBag from /opt/airflow/dags/dag_catchup_backfil.py
[2024-04-10T16:42:10.713+0000] {processor.py:840} INFO - DAG(s) 'first_catchupbackfill' retrieved from /opt/airflow/dags/dag_catchup_backfil.py
[2024-04-10T16:42:10.732+0000] {logging_mixin.py:188} INFO - [2024-04-10T16:42:10.732+0000] {dag.py:3047} INFO - Sync 1 DAGs
[2024-04-10T16:42:10.754+0000] {logging_mixin.py:188} INFO - [2024-04-10T16:42:10.754+0000] {dag.py:3834} INFO - Setting next_dagrun for first_catchupbackfill to 2024-04-02 00:00:00+00:00, run_after=2024-04-03 00:00:00+00:00
[2024-04-10T16:42:10.772+0000] {processor.py:183} INFO - Processing /opt/airflow/dags/dag_catchup_backfil.py took 0.083 seconds
[2024-04-10T16:42:41.301+0000] {processor.py:161} INFO - Started process (PID=249) to work on /opt/airflow/dags/dag_catchup_backfil.py
[2024-04-10T16:42:41.302+0000] {processor.py:830} INFO - Processing file /opt/airflow/dags/dag_catchup_backfil.py for tasks to queue
[2024-04-10T16:42:41.303+0000] {logging_mixin.py:188} INFO - [2024-04-10T16:42:41.303+0000] {dagbag.py:540} INFO - Filling up the DagBag from /opt/airflow/dags/dag_catchup_backfil.py
[2024-04-10T16:42:41.319+0000] {processor.py:840} INFO - DAG(s) 'first_catchupbackfill' retrieved from /opt/airflow/dags/dag_catchup_backfil.py
[2024-04-10T16:42:41.337+0000] {logging_mixin.py:188} INFO - [2024-04-10T16:42:41.337+0000] {dag.py:3047} INFO - Sync 1 DAGs
[2024-04-10T16:42:41.356+0000] {logging_mixin.py:188} INFO - [2024-04-10T16:42:41.356+0000] {dag.py:3834} INFO - Setting next_dagrun for first_catchupbackfill to 2024-04-02 00:00:00+00:00, run_after=2024-04-03 00:00:00+00:00
[2024-04-10T16:42:41.372+0000] {processor.py:183} INFO - Processing /opt/airflow/dags/dag_catchup_backfil.py took 0.073 seconds
[2024-04-10T16:43:12.053+0000] {processor.py:161} INFO - Started process (PID=263) to work on /opt/airflow/dags/dag_catchup_backfil.py
[2024-04-10T16:43:12.054+0000] {processor.py:830} INFO - Processing file /opt/airflow/dags/dag_catchup_backfil.py for tasks to queue
[2024-04-10T16:43:12.056+0000] {logging_mixin.py:188} INFO - [2024-04-10T16:43:12.055+0000] {dagbag.py:540} INFO - Filling up the DagBag from /opt/airflow/dags/dag_catchup_backfil.py
[2024-04-10T16:43:12.071+0000] {processor.py:840} INFO - DAG(s) 'first_catchupbackfill' retrieved from /opt/airflow/dags/dag_catchup_backfil.py
[2024-04-10T16:43:12.089+0000] {logging_mixin.py:188} INFO - [2024-04-10T16:43:12.088+0000] {dag.py:3047} INFO - Sync 1 DAGs
[2024-04-10T16:43:12.110+0000] {logging_mixin.py:188} INFO - [2024-04-10T16:43:12.110+0000] {dag.py:3834} INFO - Setting next_dagrun for first_catchupbackfill to 2024-04-02 00:00:00+00:00, run_after=2024-04-03 00:00:00+00:00
[2024-04-10T16:43:12.127+0000] {processor.py:183} INFO - Processing /opt/airflow/dags/dag_catchup_backfil.py took 0.076 seconds
[2024-04-10T16:43:42.746+0000] {processor.py:161} INFO - Started process (PID=277) to work on /opt/airflow/dags/dag_catchup_backfil.py
[2024-04-10T16:43:42.747+0000] {processor.py:830} INFO - Processing file /opt/airflow/dags/dag_catchup_backfil.py for tasks to queue
[2024-04-10T16:43:42.749+0000] {logging_mixin.py:188} INFO - [2024-04-10T16:43:42.748+0000] {dagbag.py:540} INFO - Filling up the DagBag from /opt/airflow/dags/dag_catchup_backfil.py
[2024-04-10T16:43:42.761+0000] {processor.py:840} INFO - DAG(s) 'first_catchupbackfill' retrieved from /opt/airflow/dags/dag_catchup_backfil.py
[2024-04-10T16:43:42.777+0000] {logging_mixin.py:188} INFO - [2024-04-10T16:43:42.777+0000] {dag.py:3047} INFO - Sync 1 DAGs
[2024-04-10T16:43:42.796+0000] {logging_mixin.py:188} INFO - [2024-04-10T16:43:42.796+0000] {dag.py:3834} INFO - Setting next_dagrun for first_catchupbackfill to 2024-04-02 00:00:00+00:00, run_after=2024-04-03 00:00:00+00:00
[2024-04-10T16:43:42.813+0000] {processor.py:183} INFO - Processing /opt/airflow/dags/dag_catchup_backfil.py took 0.069 seconds
[2024-04-10T16:44:13.393+0000] {processor.py:161} INFO - Started process (PID=291) to work on /opt/airflow/dags/dag_catchup_backfil.py
[2024-04-10T16:44:13.394+0000] {processor.py:830} INFO - Processing file /opt/airflow/dags/dag_catchup_backfil.py for tasks to queue
[2024-04-10T16:44:13.395+0000] {logging_mixin.py:188} INFO - [2024-04-10T16:44:13.395+0000] {dagbag.py:540} INFO - Filling up the DagBag from /opt/airflow/dags/dag_catchup_backfil.py
[2024-04-10T16:44:13.409+0000] {processor.py:840} INFO - DAG(s) 'first_catchupbackfill' retrieved from /opt/airflow/dags/dag_catchup_backfil.py
[2024-04-10T16:44:13.426+0000] {logging_mixin.py:188} INFO - [2024-04-10T16:44:13.426+0000] {dag.py:3047} INFO - Sync 1 DAGs
[2024-04-10T16:44:13.444+0000] {logging_mixin.py:188} INFO - [2024-04-10T16:44:13.443+0000] {dag.py:3834} INFO - Setting next_dagrun for first_catchupbackfill to 2024-04-02 00:00:00+00:00, run_after=2024-04-03 00:00:00+00:00
[2024-04-10T16:44:13.459+0000] {processor.py:183} INFO - Processing /opt/airflow/dags/dag_catchup_backfil.py took 0.068 seconds
[2024-04-10T16:44:44.261+0000] {processor.py:161} INFO - Started process (PID=305) to work on /opt/airflow/dags/dag_catchup_backfil.py
[2024-04-10T16:44:44.262+0000] {processor.py:830} INFO - Processing file /opt/airflow/dags/dag_catchup_backfil.py for tasks to queue
[2024-04-10T16:44:44.265+0000] {logging_mixin.py:188} INFO - [2024-04-10T16:44:44.265+0000] {dagbag.py:540} INFO - Filling up the DagBag from /opt/airflow/dags/dag_catchup_backfil.py
[2024-04-10T16:44:44.287+0000] {processor.py:840} INFO - DAG(s) 'first_catchupbackfill' retrieved from /opt/airflow/dags/dag_catchup_backfil.py
[2024-04-10T16:44:44.310+0000] {logging_mixin.py:188} INFO - [2024-04-10T16:44:44.309+0000] {dag.py:3047} INFO - Sync 1 DAGs
[2024-04-10T16:44:44.334+0000] {logging_mixin.py:188} INFO - [2024-04-10T16:44:44.333+0000] {dag.py:3834} INFO - Setting next_dagrun for first_catchupbackfill to 2024-04-02 00:00:00+00:00, run_after=2024-04-03 00:00:00+00:00
[2024-04-10T16:44:44.362+0000] {processor.py:183} INFO - Processing /opt/airflow/dags/dag_catchup_backfil.py took 0.104 seconds
[2024-04-10T16:45:15.067+0000] {processor.py:161} INFO - Started process (PID=319) to work on /opt/airflow/dags/dag_catchup_backfil.py
[2024-04-10T16:45:15.069+0000] {processor.py:830} INFO - Processing file /opt/airflow/dags/dag_catchup_backfil.py for tasks to queue
[2024-04-10T16:45:15.070+0000] {logging_mixin.py:188} INFO - [2024-04-10T16:45:15.070+0000] {dagbag.py:540} INFO - Filling up the DagBag from /opt/airflow/dags/dag_catchup_backfil.py
[2024-04-10T16:45:15.091+0000] {processor.py:840} INFO - DAG(s) 'first_catchupbackfill' retrieved from /opt/airflow/dags/dag_catchup_backfil.py
[2024-04-10T16:45:15.115+0000] {logging_mixin.py:188} INFO - [2024-04-10T16:45:15.114+0000] {dag.py:3047} INFO - Sync 1 DAGs
[2024-04-10T16:45:15.141+0000] {logging_mixin.py:188} INFO - [2024-04-10T16:45:15.141+0000] {dag.py:3834} INFO - Setting next_dagrun for first_catchupbackfill to 2024-04-02 00:00:00+00:00, run_after=2024-04-03 00:00:00+00:00
[2024-04-10T16:45:15.172+0000] {processor.py:183} INFO - Processing /opt/airflow/dags/dag_catchup_backfil.py took 0.108 seconds
[2024-04-10T16:45:45.887+0000] {processor.py:161} INFO - Started process (PID=333) to work on /opt/airflow/dags/dag_catchup_backfil.py
[2024-04-10T16:45:45.888+0000] {processor.py:830} INFO - Processing file /opt/airflow/dags/dag_catchup_backfil.py for tasks to queue
[2024-04-10T16:45:45.890+0000] {logging_mixin.py:188} INFO - [2024-04-10T16:45:45.890+0000] {dagbag.py:540} INFO - Filling up the DagBag from /opt/airflow/dags/dag_catchup_backfil.py
[2024-04-10T16:45:45.905+0000] {processor.py:840} INFO - DAG(s) 'first_catchupbackfill' retrieved from /opt/airflow/dags/dag_catchup_backfil.py
[2024-04-10T16:45:45.922+0000] {logging_mixin.py:188} INFO - [2024-04-10T16:45:45.922+0000] {dag.py:3047} INFO - Sync 1 DAGs
[2024-04-10T16:45:45.943+0000] {logging_mixin.py:188} INFO - [2024-04-10T16:45:45.942+0000] {dag.py:3834} INFO - Setting next_dagrun for first_catchupbackfill to 2024-04-02 00:00:00+00:00, run_after=2024-04-03 00:00:00+00:00
[2024-04-10T16:45:45.959+0000] {processor.py:183} INFO - Processing /opt/airflow/dags/dag_catchup_backfil.py took 0.074 seconds
[2024-04-10T16:46:16.559+0000] {processor.py:161} INFO - Started process (PID=347) to work on /opt/airflow/dags/dag_catchup_backfil.py
[2024-04-10T16:46:16.560+0000] {processor.py:830} INFO - Processing file /opt/airflow/dags/dag_catchup_backfil.py for tasks to queue
[2024-04-10T16:46:16.562+0000] {logging_mixin.py:188} INFO - [2024-04-10T16:46:16.562+0000] {dagbag.py:540} INFO - Filling up the DagBag from /opt/airflow/dags/dag_catchup_backfil.py
[2024-04-10T16:46:16.578+0000] {processor.py:840} INFO - DAG(s) 'first_catchupbackfill' retrieved from /opt/airflow/dags/dag_catchup_backfil.py
[2024-04-10T16:46:16.660+0000] {logging_mixin.py:188} INFO - [2024-04-10T16:46:16.660+0000] {dag.py:3047} INFO - Sync 1 DAGs
[2024-04-10T16:46:16.678+0000] {logging_mixin.py:188} INFO - [2024-04-10T16:46:16.678+0000] {dag.py:3834} INFO - Setting next_dagrun for first_catchupbackfill to 2024-04-02 00:00:00+00:00, run_after=2024-04-03 00:00:00+00:00
[2024-04-10T16:46:16.694+0000] {processor.py:183} INFO - Processing /opt/airflow/dags/dag_catchup_backfil.py took 0.139 seconds
[2024-04-10T16:46:47.308+0000] {processor.py:161} INFO - Started process (PID=361) to work on /opt/airflow/dags/dag_catchup_backfil.py
[2024-04-10T16:46:47.309+0000] {processor.py:830} INFO - Processing file /opt/airflow/dags/dag_catchup_backfil.py for tasks to queue
[2024-04-10T16:46:47.311+0000] {logging_mixin.py:188} INFO - [2024-04-10T16:46:47.310+0000] {dagbag.py:540} INFO - Filling up the DagBag from /opt/airflow/dags/dag_catchup_backfil.py
[2024-04-10T16:46:47.325+0000] {processor.py:840} INFO - DAG(s) 'first_catchupbackfill' retrieved from /opt/airflow/dags/dag_catchup_backfil.py
[2024-04-10T16:46:47.341+0000] {logging_mixin.py:188} INFO - [2024-04-10T16:46:47.341+0000] {dag.py:3047} INFO - Sync 1 DAGs
[2024-04-10T16:46:47.359+0000] {logging_mixin.py:188} INFO - [2024-04-10T16:46:47.359+0000] {dag.py:3834} INFO - Setting next_dagrun for first_catchupbackfill to 2024-04-02 00:00:00+00:00, run_after=2024-04-03 00:00:00+00:00
[2024-04-10T16:46:47.375+0000] {processor.py:183} INFO - Processing /opt/airflow/dags/dag_catchup_backfil.py took 0.069 seconds
