[2024-04-10T16:35:30.861+0000] {processor.py:161} INFO - Started process (PID=50) to work on /opt/airflow/dags/dagwithpostgres.py
[2024-04-10T16:35:30.863+0000] {processor.py:830} INFO - Processing file /opt/airflow/dags/dagwithpostgres.py for tasks to queue
[2024-04-10T16:35:30.866+0000] {logging_mixin.py:188} INFO - [2024-04-10T16:35:30.866+0000] {dagbag.py:540} INFO - Filling up the DagBag from /opt/airflow/dags/dagwithpostgres.py
[2024-04-10T16:35:30.901+0000] {processor.py:840} INFO - DAG(s) 'dagwithpostgres' retrieved from /opt/airflow/dags/dagwithpostgres.py
[2024-04-10T16:35:30.931+0000] {logging_mixin.py:188} INFO - [2024-04-10T16:35:30.930+0000] {dag.py:3047} INFO - Sync 1 DAGs
[2024-04-10T16:35:30.966+0000] {logging_mixin.py:188} INFO - [2024-04-10T16:35:30.965+0000] {dag.py:3834} INFO - Setting next_dagrun for dagwithpostgres to 2024-04-03 04:05:00+00:00, run_after=2024-04-04 04:05:00+00:00
[2024-04-10T16:35:31.004+0000] {processor.py:183} INFO - Processing /opt/airflow/dags/dagwithpostgres.py took 0.149 seconds
[2024-04-10T16:36:01.706+0000] {processor.py:161} INFO - Started process (PID=64) to work on /opt/airflow/dags/dagwithpostgres.py
[2024-04-10T16:36:01.708+0000] {processor.py:830} INFO - Processing file /opt/airflow/dags/dagwithpostgres.py for tasks to queue
[2024-04-10T16:36:01.710+0000] {logging_mixin.py:188} INFO - [2024-04-10T16:36:01.709+0000] {dagbag.py:540} INFO - Filling up the DagBag from /opt/airflow/dags/dagwithpostgres.py
[2024-04-10T16:36:01.729+0000] {processor.py:840} INFO - DAG(s) 'dagwithpostgres' retrieved from /opt/airflow/dags/dagwithpostgres.py
[2024-04-10T16:36:01.750+0000] {logging_mixin.py:188} INFO - [2024-04-10T16:36:01.750+0000] {dag.py:3047} INFO - Sync 1 DAGs
[2024-04-10T16:36:01.772+0000] {logging_mixin.py:188} INFO - [2024-04-10T16:36:01.772+0000] {dag.py:3834} INFO - Setting next_dagrun for dagwithpostgres to 2024-04-03 04:05:00+00:00, run_after=2024-04-04 04:05:00+00:00
[2024-04-10T16:36:01.789+0000] {processor.py:183} INFO - Processing /opt/airflow/dags/dagwithpostgres.py took 0.085 seconds
[2024-04-10T16:36:32.520+0000] {processor.py:161} INFO - Started process (PID=78) to work on /opt/airflow/dags/dagwithpostgres.py
[2024-04-10T16:36:32.521+0000] {processor.py:830} INFO - Processing file /opt/airflow/dags/dagwithpostgres.py for tasks to queue
[2024-04-10T16:36:32.522+0000] {logging_mixin.py:188} INFO - [2024-04-10T16:36:32.522+0000] {dagbag.py:540} INFO - Filling up the DagBag from /opt/airflow/dags/dagwithpostgres.py
[2024-04-10T16:36:32.543+0000] {processor.py:840} INFO - DAG(s) 'dagwithpostgres' retrieved from /opt/airflow/dags/dagwithpostgres.py
[2024-04-10T16:36:32.563+0000] {logging_mixin.py:188} INFO - [2024-04-10T16:36:32.563+0000] {dag.py:3047} INFO - Sync 1 DAGs
[2024-04-10T16:36:32.599+0000] {logging_mixin.py:188} INFO - [2024-04-10T16:36:32.599+0000] {dag.py:3834} INFO - Setting next_dagrun for dagwithpostgres to 2024-04-03 04:05:00+00:00, run_after=2024-04-04 04:05:00+00:00
[2024-04-10T16:36:32.638+0000] {processor.py:183} INFO - Processing /opt/airflow/dags/dagwithpostgres.py took 0.121 seconds
[2024-04-10T16:37:03.559+0000] {processor.py:161} INFO - Started process (PID=92) to work on /opt/airflow/dags/dagwithpostgres.py
[2024-04-10T16:37:03.559+0000] {processor.py:830} INFO - Processing file /opt/airflow/dags/dagwithpostgres.py for tasks to queue
[2024-04-10T16:37:03.561+0000] {logging_mixin.py:188} INFO - [2024-04-10T16:37:03.561+0000] {dagbag.py:540} INFO - Filling up the DagBag from /opt/airflow/dags/dagwithpostgres.py
[2024-04-10T16:37:03.579+0000] {processor.py:840} INFO - DAG(s) 'dagwithpostgres' retrieved from /opt/airflow/dags/dagwithpostgres.py
[2024-04-10T16:37:03.596+0000] {logging_mixin.py:188} INFO - [2024-04-10T16:37:03.596+0000] {dag.py:3047} INFO - Sync 1 DAGs
[2024-04-10T16:37:03.618+0000] {logging_mixin.py:188} INFO - [2024-04-10T16:37:03.618+0000] {dag.py:3834} INFO - Setting next_dagrun for dagwithpostgres to 2024-04-03 04:05:00+00:00, run_after=2024-04-04 04:05:00+00:00
[2024-04-10T16:37:03.634+0000] {processor.py:183} INFO - Processing /opt/airflow/dags/dagwithpostgres.py took 0.077 seconds
[2024-04-10T16:37:33.887+0000] {processor.py:161} INFO - Started process (PID=107) to work on /opt/airflow/dags/dagwithpostgres.py
[2024-04-10T16:37:33.888+0000] {processor.py:830} INFO - Processing file /opt/airflow/dags/dagwithpostgres.py for tasks to queue
[2024-04-10T16:37:33.890+0000] {logging_mixin.py:188} INFO - [2024-04-10T16:37:33.889+0000] {dagbag.py:540} INFO - Filling up the DagBag from /opt/airflow/dags/dagwithpostgres.py
[2024-04-10T16:37:33.921+0000] {processor.py:840} INFO - DAG(s) 'dagwithpostgres' retrieved from /opt/airflow/dags/dagwithpostgres.py
[2024-04-10T16:37:33.948+0000] {logging_mixin.py:188} INFO - [2024-04-10T16:37:33.947+0000] {dag.py:3047} INFO - Sync 1 DAGs
[2024-04-10T16:37:33.975+0000] {logging_mixin.py:188} INFO - [2024-04-10T16:37:33.975+0000] {dag.py:3834} INFO - Setting next_dagrun for dagwithpostgres to 2024-04-03 04:05:00+00:00, run_after=2024-04-04 04:05:00+00:00
[2024-04-10T16:37:34.006+0000] {processor.py:183} INFO - Processing /opt/airflow/dags/dagwithpostgres.py took 0.122 seconds
[2024-04-10T16:38:04.266+0000] {processor.py:161} INFO - Started process (PID=121) to work on /opt/airflow/dags/dagwithpostgres.py
[2024-04-10T16:38:04.269+0000] {processor.py:830} INFO - Processing file /opt/airflow/dags/dagwithpostgres.py for tasks to queue
[2024-04-10T16:38:04.272+0000] {logging_mixin.py:188} INFO - [2024-04-10T16:38:04.271+0000] {dagbag.py:540} INFO - Filling up the DagBag from /opt/airflow/dags/dagwithpostgres.py
[2024-04-10T16:38:04.299+0000] {processor.py:840} INFO - DAG(s) 'dagwithpostgres' retrieved from /opt/airflow/dags/dagwithpostgres.py
[2024-04-10T16:38:04.326+0000] {logging_mixin.py:188} INFO - [2024-04-10T16:38:04.326+0000] {dag.py:3047} INFO - Sync 1 DAGs
[2024-04-10T16:38:04.355+0000] {logging_mixin.py:188} INFO - [2024-04-10T16:38:04.355+0000] {dag.py:3834} INFO - Setting next_dagrun for dagwithpostgres to 2024-04-03 04:05:00+00:00, run_after=2024-04-04 04:05:00+00:00
[2024-04-10T16:38:04.391+0000] {processor.py:183} INFO - Processing /opt/airflow/dags/dagwithpostgres.py took 0.131 seconds
[2024-04-10T16:38:35.324+0000] {processor.py:161} INFO - Started process (PID=135) to work on /opt/airflow/dags/dagwithpostgres.py
[2024-04-10T16:38:35.325+0000] {processor.py:830} INFO - Processing file /opt/airflow/dags/dagwithpostgres.py for tasks to queue
[2024-04-10T16:38:35.327+0000] {logging_mixin.py:188} INFO - [2024-04-10T16:38:35.327+0000] {dagbag.py:540} INFO - Filling up the DagBag from /opt/airflow/dags/dagwithpostgres.py
[2024-04-10T16:38:35.354+0000] {processor.py:840} INFO - DAG(s) 'dagwithpostgres' retrieved from /opt/airflow/dags/dagwithpostgres.py
[2024-04-10T16:38:35.381+0000] {logging_mixin.py:188} INFO - [2024-04-10T16:38:35.381+0000] {dag.py:3047} INFO - Sync 1 DAGs
[2024-04-10T16:38:35.409+0000] {logging_mixin.py:188} INFO - [2024-04-10T16:38:35.408+0000] {dag.py:3834} INFO - Setting next_dagrun for dagwithpostgres to 2024-04-03 04:05:00+00:00, run_after=2024-04-04 04:05:00+00:00
[2024-04-10T16:38:35.435+0000] {processor.py:183} INFO - Processing /opt/airflow/dags/dagwithpostgres.py took 0.113 seconds
[2024-04-10T16:39:06.382+0000] {processor.py:161} INFO - Started process (PID=149) to work on /opt/airflow/dags/dagwithpostgres.py
[2024-04-10T16:39:06.384+0000] {processor.py:830} INFO - Processing file /opt/airflow/dags/dagwithpostgres.py for tasks to queue
[2024-04-10T16:39:06.389+0000] {logging_mixin.py:188} INFO - [2024-04-10T16:39:06.388+0000] {dagbag.py:540} INFO - Filling up the DagBag from /opt/airflow/dags/dagwithpostgres.py
[2024-04-10T16:39:06.432+0000] {processor.py:840} INFO - DAG(s) 'dagwithpostgres' retrieved from /opt/airflow/dags/dagwithpostgres.py
[2024-04-10T16:39:06.459+0000] {logging_mixin.py:188} INFO - [2024-04-10T16:39:06.459+0000] {dag.py:3047} INFO - Sync 1 DAGs
[2024-04-10T16:39:06.485+0000] {logging_mixin.py:188} INFO - [2024-04-10T16:39:06.485+0000] {dag.py:3834} INFO - Setting next_dagrun for dagwithpostgres to 2024-04-03 04:05:00+00:00, run_after=2024-04-04 04:05:00+00:00
[2024-04-10T16:39:06.507+0000] {processor.py:183} INFO - Processing /opt/airflow/dags/dagwithpostgres.py took 0.129 seconds
[2024-04-10T16:39:37.231+0000] {processor.py:161} INFO - Started process (PID=163) to work on /opt/airflow/dags/dagwithpostgres.py
[2024-04-10T16:39:37.233+0000] {processor.py:830} INFO - Processing file /opt/airflow/dags/dagwithpostgres.py for tasks to queue
[2024-04-10T16:39:37.235+0000] {logging_mixin.py:188} INFO - [2024-04-10T16:39:37.234+0000] {dagbag.py:540} INFO - Filling up the DagBag from /opt/airflow/dags/dagwithpostgres.py
[2024-04-10T16:39:37.255+0000] {processor.py:840} INFO - DAG(s) 'dagwithpostgres' retrieved from /opt/airflow/dags/dagwithpostgres.py
[2024-04-10T16:39:37.276+0000] {logging_mixin.py:188} INFO - [2024-04-10T16:39:37.275+0000] {dag.py:3047} INFO - Sync 1 DAGs
[2024-04-10T16:39:37.295+0000] {logging_mixin.py:188} INFO - [2024-04-10T16:39:37.294+0000] {dag.py:3834} INFO - Setting next_dagrun for dagwithpostgres to 2024-04-03 04:05:00+00:00, run_after=2024-04-04 04:05:00+00:00
[2024-04-10T16:39:37.315+0000] {processor.py:183} INFO - Processing /opt/airflow/dags/dagwithpostgres.py took 0.086 seconds
[2024-04-10T16:40:07.966+0000] {processor.py:161} INFO - Started process (PID=177) to work on /opt/airflow/dags/dagwithpostgres.py
[2024-04-10T16:40:07.967+0000] {processor.py:830} INFO - Processing file /opt/airflow/dags/dagwithpostgres.py for tasks to queue
[2024-04-10T16:40:07.969+0000] {logging_mixin.py:188} INFO - [2024-04-10T16:40:07.968+0000] {dagbag.py:540} INFO - Filling up the DagBag from /opt/airflow/dags/dagwithpostgres.py
[2024-04-10T16:40:07.986+0000] {processor.py:840} INFO - DAG(s) 'dagwithpostgres' retrieved from /opt/airflow/dags/dagwithpostgres.py
[2024-04-10T16:40:08.006+0000] {logging_mixin.py:188} INFO - [2024-04-10T16:40:08.005+0000] {dag.py:3047} INFO - Sync 1 DAGs
[2024-04-10T16:40:08.028+0000] {logging_mixin.py:188} INFO - [2024-04-10T16:40:08.027+0000] {dag.py:3834} INFO - Setting next_dagrun for dagwithpostgres to 2024-04-03 04:05:00+00:00, run_after=2024-04-04 04:05:00+00:00
[2024-04-10T16:40:08.047+0000] {processor.py:183} INFO - Processing /opt/airflow/dags/dagwithpostgres.py took 0.084 seconds
[2024-04-10T16:40:38.772+0000] {processor.py:161} INFO - Started process (PID=191) to work on /opt/airflow/dags/dagwithpostgres.py
[2024-04-10T16:40:38.774+0000] {processor.py:830} INFO - Processing file /opt/airflow/dags/dagwithpostgres.py for tasks to queue
[2024-04-10T16:40:38.776+0000] {logging_mixin.py:188} INFO - [2024-04-10T16:40:38.776+0000] {dagbag.py:540} INFO - Filling up the DagBag from /opt/airflow/dags/dagwithpostgres.py
[2024-04-10T16:40:38.795+0000] {processor.py:840} INFO - DAG(s) 'dagwithpostgres' retrieved from /opt/airflow/dags/dagwithpostgres.py
[2024-04-10T16:40:38.812+0000] {logging_mixin.py:188} INFO - [2024-04-10T16:40:38.812+0000] {dag.py:3047} INFO - Sync 1 DAGs
[2024-04-10T16:40:38.831+0000] {logging_mixin.py:188} INFO - [2024-04-10T16:40:38.830+0000] {dag.py:3834} INFO - Setting next_dagrun for dagwithpostgres to 2024-04-03 04:05:00+00:00, run_after=2024-04-04 04:05:00+00:00
[2024-04-10T16:40:38.847+0000] {processor.py:183} INFO - Processing /opt/airflow/dags/dagwithpostgres.py took 0.077 seconds
[2024-04-10T16:41:09.373+0000] {processor.py:161} INFO - Started process (PID=205) to work on /opt/airflow/dags/dagwithpostgres.py
[2024-04-10T16:41:09.374+0000] {processor.py:830} INFO - Processing file /opt/airflow/dags/dagwithpostgres.py for tasks to queue
[2024-04-10T16:41:09.375+0000] {logging_mixin.py:188} INFO - [2024-04-10T16:41:09.375+0000] {dagbag.py:540} INFO - Filling up the DagBag from /opt/airflow/dags/dagwithpostgres.py
[2024-04-10T16:41:09.393+0000] {processor.py:840} INFO - DAG(s) 'dagwithpostgres' retrieved from /opt/airflow/dags/dagwithpostgres.py
[2024-04-10T16:41:09.411+0000] {logging_mixin.py:188} INFO - [2024-04-10T16:41:09.411+0000] {dag.py:3047} INFO - Sync 1 DAGs
[2024-04-10T16:41:09.431+0000] {logging_mixin.py:188} INFO - [2024-04-10T16:41:09.431+0000] {dag.py:3834} INFO - Setting next_dagrun for dagwithpostgres to 2024-04-03 04:05:00+00:00, run_after=2024-04-04 04:05:00+00:00
[2024-04-10T16:41:09.449+0000] {processor.py:183} INFO - Processing /opt/airflow/dags/dagwithpostgres.py took 0.078 seconds
[2024-04-10T16:41:39.971+0000] {processor.py:161} INFO - Started process (PID=219) to work on /opt/airflow/dags/dagwithpostgres.py
[2024-04-10T16:41:39.971+0000] {processor.py:830} INFO - Processing file /opt/airflow/dags/dagwithpostgres.py for tasks to queue
[2024-04-10T16:41:39.973+0000] {logging_mixin.py:188} INFO - [2024-04-10T16:41:39.973+0000] {dagbag.py:540} INFO - Filling up the DagBag from /opt/airflow/dags/dagwithpostgres.py
[2024-04-10T16:41:39.988+0000] {processor.py:840} INFO - DAG(s) 'dagwithpostgres' retrieved from /opt/airflow/dags/dagwithpostgres.py
[2024-04-10T16:41:40.006+0000] {logging_mixin.py:188} INFO - [2024-04-10T16:41:40.005+0000] {dag.py:3047} INFO - Sync 1 DAGs
[2024-04-10T16:41:40.024+0000] {logging_mixin.py:188} INFO - [2024-04-10T16:41:40.023+0000] {dag.py:3834} INFO - Setting next_dagrun for dagwithpostgres to 2024-04-03 04:05:00+00:00, run_after=2024-04-04 04:05:00+00:00
[2024-04-10T16:41:40.039+0000] {processor.py:183} INFO - Processing /opt/airflow/dags/dagwithpostgres.py took 0.071 seconds
[2024-04-10T16:42:10.574+0000] {processor.py:161} INFO - Started process (PID=233) to work on /opt/airflow/dags/dagwithpostgres.py
[2024-04-10T16:42:10.575+0000] {processor.py:830} INFO - Processing file /opt/airflow/dags/dagwithpostgres.py for tasks to queue
[2024-04-10T16:42:10.577+0000] {logging_mixin.py:188} INFO - [2024-04-10T16:42:10.576+0000] {dagbag.py:540} INFO - Filling up the DagBag from /opt/airflow/dags/dagwithpostgres.py
[2024-04-10T16:42:10.596+0000] {processor.py:840} INFO - DAG(s) 'dagwithpostgres' retrieved from /opt/airflow/dags/dagwithpostgres.py
[2024-04-10T16:42:10.618+0000] {logging_mixin.py:188} INFO - [2024-04-10T16:42:10.617+0000] {dag.py:3047} INFO - Sync 1 DAGs
[2024-04-10T16:42:10.640+0000] {logging_mixin.py:188} INFO - [2024-04-10T16:42:10.640+0000] {dag.py:3834} INFO - Setting next_dagrun for dagwithpostgres to 2024-04-03 04:05:00+00:00, run_after=2024-04-04 04:05:00+00:00
[2024-04-10T16:42:10.659+0000] {processor.py:183} INFO - Processing /opt/airflow/dags/dagwithpostgres.py took 0.089 seconds
[2024-04-10T16:42:41.193+0000] {processor.py:161} INFO - Started process (PID=247) to work on /opt/airflow/dags/dagwithpostgres.py
[2024-04-10T16:42:41.194+0000] {processor.py:830} INFO - Processing file /opt/airflow/dags/dagwithpostgres.py for tasks to queue
[2024-04-10T16:42:41.195+0000] {logging_mixin.py:188} INFO - [2024-04-10T16:42:41.195+0000] {dagbag.py:540} INFO - Filling up the DagBag from /opt/airflow/dags/dagwithpostgres.py
[2024-04-10T16:42:41.213+0000] {processor.py:840} INFO - DAG(s) 'dagwithpostgres' retrieved from /opt/airflow/dags/dagwithpostgres.py
[2024-04-10T16:42:41.233+0000] {logging_mixin.py:188} INFO - [2024-04-10T16:42:41.233+0000] {dag.py:3047} INFO - Sync 1 DAGs
[2024-04-10T16:42:41.252+0000] {logging_mixin.py:188} INFO - [2024-04-10T16:42:41.252+0000] {dag.py:3834} INFO - Setting next_dagrun for dagwithpostgres to 2024-04-03 04:05:00+00:00, run_after=2024-04-04 04:05:00+00:00
[2024-04-10T16:42:41.272+0000] {processor.py:183} INFO - Processing /opt/airflow/dags/dagwithpostgres.py took 0.082 seconds
[2024-04-10T16:43:11.926+0000] {processor.py:161} INFO - Started process (PID=261) to work on /opt/airflow/dags/dagwithpostgres.py
[2024-04-10T16:43:11.927+0000] {processor.py:830} INFO - Processing file /opt/airflow/dags/dagwithpostgres.py for tasks to queue
[2024-04-10T16:43:11.929+0000] {logging_mixin.py:188} INFO - [2024-04-10T16:43:11.929+0000] {dagbag.py:540} INFO - Filling up the DagBag from /opt/airflow/dags/dagwithpostgres.py
[2024-04-10T16:43:11.949+0000] {processor.py:840} INFO - DAG(s) 'dagwithpostgres' retrieved from /opt/airflow/dags/dagwithpostgres.py
[2024-04-10T16:43:11.970+0000] {logging_mixin.py:188} INFO - [2024-04-10T16:43:11.969+0000] {dag.py:3047} INFO - Sync 1 DAGs
[2024-04-10T16:43:11.996+0000] {logging_mixin.py:188} INFO - [2024-04-10T16:43:11.995+0000] {dag.py:3834} INFO - Setting next_dagrun for dagwithpostgres to 2024-04-03 04:05:00+00:00, run_after=2024-04-04 04:05:00+00:00
[2024-04-10T16:43:12.017+0000] {processor.py:183} INFO - Processing /opt/airflow/dags/dagwithpostgres.py took 0.093 seconds
[2024-04-10T16:43:42.644+0000] {processor.py:161} INFO - Started process (PID=275) to work on /opt/airflow/dags/dagwithpostgres.py
[2024-04-10T16:43:42.645+0000] {processor.py:830} INFO - Processing file /opt/airflow/dags/dagwithpostgres.py for tasks to queue
[2024-04-10T16:43:42.647+0000] {logging_mixin.py:188} INFO - [2024-04-10T16:43:42.646+0000] {dagbag.py:540} INFO - Filling up the DagBag from /opt/airflow/dags/dagwithpostgres.py
[2024-04-10T16:43:42.666+0000] {processor.py:840} INFO - DAG(s) 'dagwithpostgres' retrieved from /opt/airflow/dags/dagwithpostgres.py
[2024-04-10T16:43:42.682+0000] {logging_mixin.py:188} INFO - [2024-04-10T16:43:42.682+0000] {dag.py:3047} INFO - Sync 1 DAGs
[2024-04-10T16:43:42.701+0000] {logging_mixin.py:188} INFO - [2024-04-10T16:43:42.701+0000] {dag.py:3834} INFO - Setting next_dagrun for dagwithpostgres to 2024-04-03 04:05:00+00:00, run_after=2024-04-04 04:05:00+00:00
[2024-04-10T16:43:42.718+0000] {processor.py:183} INFO - Processing /opt/airflow/dags/dagwithpostgres.py took 0.079 seconds
[2024-04-10T16:44:13.293+0000] {processor.py:161} INFO - Started process (PID=289) to work on /opt/airflow/dags/dagwithpostgres.py
[2024-04-10T16:44:13.294+0000] {processor.py:830} INFO - Processing file /opt/airflow/dags/dagwithpostgres.py for tasks to queue
[2024-04-10T16:44:13.295+0000] {logging_mixin.py:188} INFO - [2024-04-10T16:44:13.295+0000] {dagbag.py:540} INFO - Filling up the DagBag from /opt/airflow/dags/dagwithpostgres.py
[2024-04-10T16:44:13.311+0000] {processor.py:840} INFO - DAG(s) 'dagwithpostgres' retrieved from /opt/airflow/dags/dagwithpostgres.py
[2024-04-10T16:44:13.328+0000] {logging_mixin.py:188} INFO - [2024-04-10T16:44:13.327+0000] {dag.py:3047} INFO - Sync 1 DAGs
[2024-04-10T16:44:13.345+0000] {logging_mixin.py:188} INFO - [2024-04-10T16:44:13.345+0000] {dag.py:3834} INFO - Setting next_dagrun for dagwithpostgres to 2024-04-03 04:05:00+00:00, run_after=2024-04-04 04:05:00+00:00
[2024-04-10T16:44:13.360+0000] {processor.py:183} INFO - Processing /opt/airflow/dags/dagwithpostgres.py took 0.069 seconds
[2024-04-10T16:44:44.086+0000] {processor.py:161} INFO - Started process (PID=303) to work on /opt/airflow/dags/dagwithpostgres.py
[2024-04-10T16:44:44.088+0000] {processor.py:830} INFO - Processing file /opt/airflow/dags/dagwithpostgres.py for tasks to queue
[2024-04-10T16:44:44.091+0000] {logging_mixin.py:188} INFO - [2024-04-10T16:44:44.091+0000] {dagbag.py:540} INFO - Filling up the DagBag from /opt/airflow/dags/dagwithpostgres.py
[2024-04-10T16:44:44.119+0000] {processor.py:840} INFO - DAG(s) 'dagwithpostgres' retrieved from /opt/airflow/dags/dagwithpostgres.py
[2024-04-10T16:44:44.146+0000] {logging_mixin.py:188} INFO - [2024-04-10T16:44:44.146+0000] {dag.py:3047} INFO - Sync 1 DAGs
[2024-04-10T16:44:44.173+0000] {logging_mixin.py:188} INFO - [2024-04-10T16:44:44.172+0000] {dag.py:3834} INFO - Setting next_dagrun for dagwithpostgres to 2024-04-03 04:05:00+00:00, run_after=2024-04-04 04:05:00+00:00
[2024-04-10T16:44:44.199+0000] {processor.py:183} INFO - Processing /opt/airflow/dags/dagwithpostgres.py took 0.116 seconds
[2024-04-10T16:45:14.917+0000] {processor.py:161} INFO - Started process (PID=317) to work on /opt/airflow/dags/dagwithpostgres.py
[2024-04-10T16:45:14.918+0000] {processor.py:830} INFO - Processing file /opt/airflow/dags/dagwithpostgres.py for tasks to queue
[2024-04-10T16:45:14.921+0000] {logging_mixin.py:188} INFO - [2024-04-10T16:45:14.921+0000] {dagbag.py:540} INFO - Filling up the DagBag from /opt/airflow/dags/dagwithpostgres.py
[2024-04-10T16:45:14.948+0000] {processor.py:840} INFO - DAG(s) 'dagwithpostgres' retrieved from /opt/airflow/dags/dagwithpostgres.py
[2024-04-10T16:45:14.972+0000] {logging_mixin.py:188} INFO - [2024-04-10T16:45:14.972+0000] {dag.py:3047} INFO - Sync 1 DAGs
[2024-04-10T16:45:14.996+0000] {logging_mixin.py:188} INFO - [2024-04-10T16:45:14.995+0000] {dag.py:3834} INFO - Setting next_dagrun for dagwithpostgres to 2024-04-03 04:05:00+00:00, run_after=2024-04-04 04:05:00+00:00
[2024-04-10T16:45:15.020+0000] {processor.py:183} INFO - Processing /opt/airflow/dags/dagwithpostgres.py took 0.106 seconds
[2024-04-10T16:45:45.755+0000] {processor.py:161} INFO - Started process (PID=331) to work on /opt/airflow/dags/dagwithpostgres.py
[2024-04-10T16:45:45.756+0000] {processor.py:830} INFO - Processing file /opt/airflow/dags/dagwithpostgres.py for tasks to queue
[2024-04-10T16:45:45.758+0000] {logging_mixin.py:188} INFO - [2024-04-10T16:45:45.758+0000] {dagbag.py:540} INFO - Filling up the DagBag from /opt/airflow/dags/dagwithpostgres.py
[2024-04-10T16:45:45.776+0000] {processor.py:840} INFO - DAG(s) 'dagwithpostgres' retrieved from /opt/airflow/dags/dagwithpostgres.py
[2024-04-10T16:45:45.795+0000] {logging_mixin.py:188} INFO - [2024-04-10T16:45:45.794+0000] {dag.py:3047} INFO - Sync 1 DAGs
[2024-04-10T16:45:45.821+0000] {logging_mixin.py:188} INFO - [2024-04-10T16:45:45.820+0000] {dag.py:3834} INFO - Setting next_dagrun for dagwithpostgres to 2024-04-03 04:05:00+00:00, run_after=2024-04-04 04:05:00+00:00
[2024-04-10T16:45:45.845+0000] {processor.py:183} INFO - Processing /opt/airflow/dags/dagwithpostgres.py took 0.092 seconds
[2024-04-10T16:46:16.453+0000] {processor.py:161} INFO - Started process (PID=345) to work on /opt/airflow/dags/dagwithpostgres.py
[2024-04-10T16:46:16.454+0000] {processor.py:830} INFO - Processing file /opt/airflow/dags/dagwithpostgres.py for tasks to queue
[2024-04-10T16:46:16.455+0000] {logging_mixin.py:188} INFO - [2024-04-10T16:46:16.455+0000] {dagbag.py:540} INFO - Filling up the DagBag from /opt/airflow/dags/dagwithpostgres.py
[2024-04-10T16:46:16.472+0000] {processor.py:840} INFO - DAG(s) 'dagwithpostgres' retrieved from /opt/airflow/dags/dagwithpostgres.py
[2024-04-10T16:46:16.491+0000] {logging_mixin.py:188} INFO - [2024-04-10T16:46:16.491+0000] {dag.py:3047} INFO - Sync 1 DAGs
[2024-04-10T16:46:16.511+0000] {logging_mixin.py:188} INFO - [2024-04-10T16:46:16.510+0000] {dag.py:3834} INFO - Setting next_dagrun for dagwithpostgres to 2024-04-03 04:05:00+00:00, run_after=2024-04-04 04:05:00+00:00
[2024-04-10T16:46:16.529+0000] {processor.py:183} INFO - Processing /opt/airflow/dags/dagwithpostgres.py took 0.078 seconds
[2024-04-10T16:46:47.206+0000] {processor.py:161} INFO - Started process (PID=359) to work on /opt/airflow/dags/dagwithpostgres.py
[2024-04-10T16:46:47.207+0000] {processor.py:830} INFO - Processing file /opt/airflow/dags/dagwithpostgres.py for tasks to queue
[2024-04-10T16:46:47.208+0000] {logging_mixin.py:188} INFO - [2024-04-10T16:46:47.208+0000] {dagbag.py:540} INFO - Filling up the DagBag from /opt/airflow/dags/dagwithpostgres.py
[2024-04-10T16:46:47.224+0000] {processor.py:840} INFO - DAG(s) 'dagwithpostgres' retrieved from /opt/airflow/dags/dagwithpostgres.py
[2024-04-10T16:46:47.242+0000] {logging_mixin.py:188} INFO - [2024-04-10T16:46:47.241+0000] {dag.py:3047} INFO - Sync 1 DAGs
[2024-04-10T16:46:47.260+0000] {logging_mixin.py:188} INFO - [2024-04-10T16:46:47.259+0000] {dag.py:3834} INFO - Setting next_dagrun for dagwithpostgres to 2024-04-03 04:05:00+00:00, run_after=2024-04-04 04:05:00+00:00
[2024-04-10T16:46:47.275+0000] {processor.py:183} INFO - Processing /opt/airflow/dags/dagwithpostgres.py took 0.072 seconds
