[2024-04-10T16:35:31.853+0000] {processor.py:161} INFO - Started process (PID=54) to work on /opt/airflow/dags/first_day_pythonop.py
[2024-04-10T16:35:31.859+0000] {processor.py:830} INFO - Processing file /opt/airflow/dags/first_day_pythonop.py for tasks to queue
[2024-04-10T16:35:31.867+0000] {logging_mixin.py:188} INFO - [2024-04-10T16:35:31.866+0000] {dagbag.py:540} INFO - Filling up the DagBag from /opt/airflow/dags/first_day_pythonop.py
[2024-04-10T16:35:31.989+0000] {processor.py:840} INFO - DAG(s) 'first_dag_pythonop' retrieved from /opt/airflow/dags/first_day_pythonop.py
[2024-04-10T16:35:32.068+0000] {logging_mixin.py:188} INFO - [2024-04-10T16:35:32.068+0000] {dag.py:3047} INFO - Sync 1 DAGs
[2024-04-10T16:35:32.115+0000] {logging_mixin.py:188} INFO - [2024-04-10T16:35:32.114+0000] {dag.py:3834} INFO - Setting next_dagrun for first_dag_pythonop to 2024-04-08 00:00:00+00:00, run_after=2024-04-09 00:00:00+00:00
[2024-04-10T16:35:32.156+0000] {processor.py:183} INFO - Processing /opt/airflow/dags/first_day_pythonop.py took 0.337 seconds
[2024-04-10T16:36:02.967+0000] {processor.py:161} INFO - Started process (PID=68) to work on /opt/airflow/dags/first_day_pythonop.py
[2024-04-10T16:36:02.969+0000] {processor.py:830} INFO - Processing file /opt/airflow/dags/first_day_pythonop.py for tasks to queue
[2024-04-10T16:36:02.972+0000] {logging_mixin.py:188} INFO - [2024-04-10T16:36:02.971+0000] {dagbag.py:540} INFO - Filling up the DagBag from /opt/airflow/dags/first_day_pythonop.py
[2024-04-10T16:36:02.992+0000] {processor.py:840} INFO - DAG(s) 'first_dag_pythonop' retrieved from /opt/airflow/dags/first_day_pythonop.py
[2024-04-10T16:36:03.017+0000] {logging_mixin.py:188} INFO - [2024-04-10T16:36:03.017+0000] {dag.py:3047} INFO - Sync 1 DAGs
[2024-04-10T16:36:03.039+0000] {logging_mixin.py:188} INFO - [2024-04-10T16:36:03.038+0000] {dag.py:3834} INFO - Setting next_dagrun for first_dag_pythonop to 2024-04-08 00:00:00+00:00, run_after=2024-04-09 00:00:00+00:00
[2024-04-10T16:36:03.083+0000] {processor.py:183} INFO - Processing /opt/airflow/dags/first_day_pythonop.py took 0.119 seconds
[2024-04-10T16:36:33.893+0000] {processor.py:161} INFO - Started process (PID=82) to work on /opt/airflow/dags/first_day_pythonop.py
[2024-04-10T16:36:33.894+0000] {processor.py:830} INFO - Processing file /opt/airflow/dags/first_day_pythonop.py for tasks to queue
[2024-04-10T16:36:33.897+0000] {logging_mixin.py:188} INFO - [2024-04-10T16:36:33.897+0000] {dagbag.py:540} INFO - Filling up the DagBag from /opt/airflow/dags/first_day_pythonop.py
[2024-04-10T16:36:33.916+0000] {processor.py:840} INFO - DAG(s) 'first_dag_pythonop' retrieved from /opt/airflow/dags/first_day_pythonop.py
[2024-04-10T16:36:33.938+0000] {logging_mixin.py:188} INFO - [2024-04-10T16:36:33.937+0000] {dag.py:3047} INFO - Sync 1 DAGs
[2024-04-10T16:36:33.957+0000] {logging_mixin.py:188} INFO - [2024-04-10T16:36:33.957+0000] {dag.py:3834} INFO - Setting next_dagrun for first_dag_pythonop to 2024-04-08 00:00:00+00:00, run_after=2024-04-09 00:00:00+00:00
[2024-04-10T16:36:33.976+0000] {processor.py:183} INFO - Processing /opt/airflow/dags/first_day_pythonop.py took 0.086 seconds
[2024-04-10T16:37:04.813+0000] {processor.py:161} INFO - Started process (PID=96) to work on /opt/airflow/dags/first_day_pythonop.py
[2024-04-10T16:37:04.814+0000] {processor.py:830} INFO - Processing file /opt/airflow/dags/first_day_pythonop.py for tasks to queue
[2024-04-10T16:37:04.817+0000] {logging_mixin.py:188} INFO - [2024-04-10T16:37:04.816+0000] {dagbag.py:540} INFO - Filling up the DagBag from /opt/airflow/dags/first_day_pythonop.py
[2024-04-10T16:37:04.833+0000] {processor.py:840} INFO - DAG(s) 'first_dag_pythonop' retrieved from /opt/airflow/dags/first_day_pythonop.py
[2024-04-10T16:37:04.855+0000] {logging_mixin.py:188} INFO - [2024-04-10T16:37:04.855+0000] {dag.py:3047} INFO - Sync 1 DAGs
[2024-04-10T16:37:04.875+0000] {logging_mixin.py:188} INFO - [2024-04-10T16:37:04.875+0000] {dag.py:3834} INFO - Setting next_dagrun for first_dag_pythonop to 2024-04-08 00:00:00+00:00, run_after=2024-04-09 00:00:00+00:00
[2024-04-10T16:37:04.893+0000] {processor.py:183} INFO - Processing /opt/airflow/dags/first_day_pythonop.py took 0.083 seconds
[2024-04-10T16:37:35.424+0000] {processor.py:161} INFO - Started process (PID=111) to work on /opt/airflow/dags/first_day_pythonop.py
[2024-04-10T16:37:35.425+0000] {processor.py:830} INFO - Processing file /opt/airflow/dags/first_day_pythonop.py for tasks to queue
[2024-04-10T16:37:35.437+0000] {logging_mixin.py:188} INFO - [2024-04-10T16:37:35.437+0000] {dagbag.py:540} INFO - Filling up the DagBag from /opt/airflow/dags/first_day_pythonop.py
[2024-04-10T16:37:35.478+0000] {processor.py:840} INFO - DAG(s) 'first_dag_pythonop' retrieved from /opt/airflow/dags/first_day_pythonop.py
[2024-04-10T16:37:35.524+0000] {logging_mixin.py:188} INFO - [2024-04-10T16:37:35.523+0000] {dag.py:3047} INFO - Sync 1 DAGs
[2024-04-10T16:37:35.555+0000] {logging_mixin.py:188} INFO - [2024-04-10T16:37:35.555+0000] {dag.py:3834} INFO - Setting next_dagrun for first_dag_pythonop to 2024-04-08 00:00:00+00:00, run_after=2024-04-09 00:00:00+00:00
[2024-04-10T16:37:35.586+0000] {processor.py:183} INFO - Processing /opt/airflow/dags/first_day_pythonop.py took 0.179 seconds
[2024-04-10T16:38:05.705+0000] {processor.py:161} INFO - Started process (PID=125) to work on /opt/airflow/dags/first_day_pythonop.py
[2024-04-10T16:38:05.709+0000] {processor.py:830} INFO - Processing file /opt/airflow/dags/first_day_pythonop.py for tasks to queue
[2024-04-10T16:38:05.715+0000] {logging_mixin.py:188} INFO - [2024-04-10T16:38:05.714+0000] {dagbag.py:540} INFO - Filling up the DagBag from /opt/airflow/dags/first_day_pythonop.py
[2024-04-10T16:38:05.764+0000] {processor.py:840} INFO - DAG(s) 'first_dag_pythonop' retrieved from /opt/airflow/dags/first_day_pythonop.py
[2024-04-10T16:38:05.843+0000] {logging_mixin.py:188} INFO - [2024-04-10T16:38:05.843+0000] {dag.py:3047} INFO - Sync 1 DAGs
[2024-04-10T16:38:05.879+0000] {logging_mixin.py:188} INFO - [2024-04-10T16:38:05.879+0000] {dag.py:3834} INFO - Setting next_dagrun for first_dag_pythonop to 2024-04-08 00:00:00+00:00, run_after=2024-04-09 00:00:00+00:00
[2024-04-10T16:38:05.930+0000] {processor.py:183} INFO - Processing /opt/airflow/dags/first_day_pythonop.py took 0.231 seconds
[2024-04-10T16:38:36.638+0000] {processor.py:161} INFO - Started process (PID=139) to work on /opt/airflow/dags/first_day_pythonop.py
[2024-04-10T16:38:36.640+0000] {processor.py:830} INFO - Processing file /opt/airflow/dags/first_day_pythonop.py for tasks to queue
[2024-04-10T16:38:36.644+0000] {logging_mixin.py:188} INFO - [2024-04-10T16:38:36.643+0000] {dagbag.py:540} INFO - Filling up the DagBag from /opt/airflow/dags/first_day_pythonop.py
[2024-04-10T16:38:36.674+0000] {processor.py:840} INFO - DAG(s) 'first_dag_pythonop' retrieved from /opt/airflow/dags/first_day_pythonop.py
[2024-04-10T16:38:36.716+0000] {logging_mixin.py:188} INFO - [2024-04-10T16:38:36.715+0000] {dag.py:3047} INFO - Sync 1 DAGs
[2024-04-10T16:38:36.767+0000] {logging_mixin.py:188} INFO - [2024-04-10T16:38:36.766+0000] {dag.py:3834} INFO - Setting next_dagrun for first_dag_pythonop to 2024-04-08 00:00:00+00:00, run_after=2024-04-09 00:00:00+00:00
[2024-04-10T16:38:36.809+0000] {processor.py:183} INFO - Processing /opt/airflow/dags/first_day_pythonop.py took 0.179 seconds
[2024-04-10T16:39:07.690+0000] {processor.py:161} INFO - Started process (PID=153) to work on /opt/airflow/dags/first_day_pythonop.py
[2024-04-10T16:39:07.692+0000] {processor.py:830} INFO - Processing file /opt/airflow/dags/first_day_pythonop.py for tasks to queue
[2024-04-10T16:39:07.696+0000] {logging_mixin.py:188} INFO - [2024-04-10T16:39:07.696+0000] {dagbag.py:540} INFO - Filling up the DagBag from /opt/airflow/dags/first_day_pythonop.py
[2024-04-10T16:39:07.718+0000] {processor.py:840} INFO - DAG(s) 'first_dag_pythonop' retrieved from /opt/airflow/dags/first_day_pythonop.py
[2024-04-10T16:39:07.743+0000] {logging_mixin.py:188} INFO - [2024-04-10T16:39:07.742+0000] {dag.py:3047} INFO - Sync 1 DAGs
[2024-04-10T16:39:07.768+0000] {logging_mixin.py:188} INFO - [2024-04-10T16:39:07.767+0000] {dag.py:3834} INFO - Setting next_dagrun for first_dag_pythonop to 2024-04-08 00:00:00+00:00, run_after=2024-04-09 00:00:00+00:00
[2024-04-10T16:39:07.794+0000] {processor.py:183} INFO - Processing /opt/airflow/dags/first_day_pythonop.py took 0.107 seconds
[2024-04-10T16:39:38.491+0000] {processor.py:161} INFO - Started process (PID=167) to work on /opt/airflow/dags/first_day_pythonop.py
[2024-04-10T16:39:38.492+0000] {processor.py:830} INFO - Processing file /opt/airflow/dags/first_day_pythonop.py for tasks to queue
[2024-04-10T16:39:38.494+0000] {logging_mixin.py:188} INFO - [2024-04-10T16:39:38.493+0000] {dagbag.py:540} INFO - Filling up the DagBag from /opt/airflow/dags/first_day_pythonop.py
[2024-04-10T16:39:38.516+0000] {processor.py:840} INFO - DAG(s) 'first_dag_pythonop' retrieved from /opt/airflow/dags/first_day_pythonop.py
[2024-04-10T16:39:38.537+0000] {logging_mixin.py:188} INFO - [2024-04-10T16:39:38.537+0000] {dag.py:3047} INFO - Sync 1 DAGs
[2024-04-10T16:39:38.561+0000] {logging_mixin.py:188} INFO - [2024-04-10T16:39:38.561+0000] {dag.py:3834} INFO - Setting next_dagrun for first_dag_pythonop to 2024-04-08 00:00:00+00:00, run_after=2024-04-09 00:00:00+00:00
[2024-04-10T16:39:38.587+0000] {processor.py:183} INFO - Processing /opt/airflow/dags/first_day_pythonop.py took 0.100 seconds
[2024-04-10T16:40:09.225+0000] {processor.py:161} INFO - Started process (PID=181) to work on /opt/airflow/dags/first_day_pythonop.py
[2024-04-10T16:40:09.226+0000] {processor.py:830} INFO - Processing file /opt/airflow/dags/first_day_pythonop.py for tasks to queue
[2024-04-10T16:40:09.228+0000] {logging_mixin.py:188} INFO - [2024-04-10T16:40:09.227+0000] {dagbag.py:540} INFO - Filling up the DagBag from /opt/airflow/dags/first_day_pythonop.py
[2024-04-10T16:40:09.247+0000] {processor.py:840} INFO - DAG(s) 'first_dag_pythonop' retrieved from /opt/airflow/dags/first_day_pythonop.py
[2024-04-10T16:40:09.267+0000] {logging_mixin.py:188} INFO - [2024-04-10T16:40:09.267+0000] {dag.py:3047} INFO - Sync 1 DAGs
[2024-04-10T16:40:09.287+0000] {logging_mixin.py:188} INFO - [2024-04-10T16:40:09.287+0000] {dag.py:3834} INFO - Setting next_dagrun for first_dag_pythonop to 2024-04-08 00:00:00+00:00, run_after=2024-04-09 00:00:00+00:00
[2024-04-10T16:40:09.306+0000] {processor.py:183} INFO - Processing /opt/airflow/dags/first_day_pythonop.py took 0.084 seconds
[2024-04-10T16:40:39.986+0000] {processor.py:161} INFO - Started process (PID=195) to work on /opt/airflow/dags/first_day_pythonop.py
[2024-04-10T16:40:39.987+0000] {processor.py:830} INFO - Processing file /opt/airflow/dags/first_day_pythonop.py for tasks to queue
[2024-04-10T16:40:39.989+0000] {logging_mixin.py:188} INFO - [2024-04-10T16:40:39.988+0000] {dagbag.py:540} INFO - Filling up the DagBag from /opt/airflow/dags/first_day_pythonop.py
[2024-04-10T16:40:40.005+0000] {processor.py:840} INFO - DAG(s) 'first_dag_pythonop' retrieved from /opt/airflow/dags/first_day_pythonop.py
[2024-04-10T16:40:40.025+0000] {logging_mixin.py:188} INFO - [2024-04-10T16:40:40.025+0000] {dag.py:3047} INFO - Sync 1 DAGs
[2024-04-10T16:40:40.045+0000] {logging_mixin.py:188} INFO - [2024-04-10T16:40:40.045+0000] {dag.py:3834} INFO - Setting next_dagrun for first_dag_pythonop to 2024-04-08 00:00:00+00:00, run_after=2024-04-09 00:00:00+00:00
[2024-04-10T16:40:40.069+0000] {processor.py:183} INFO - Processing /opt/airflow/dags/first_day_pythonop.py took 0.086 seconds
[2024-04-10T16:41:10.588+0000] {processor.py:161} INFO - Started process (PID=209) to work on /opt/airflow/dags/first_day_pythonop.py
[2024-04-10T16:41:10.589+0000] {processor.py:830} INFO - Processing file /opt/airflow/dags/first_day_pythonop.py for tasks to queue
[2024-04-10T16:41:10.591+0000] {logging_mixin.py:188} INFO - [2024-04-10T16:41:10.591+0000] {dagbag.py:540} INFO - Filling up the DagBag from /opt/airflow/dags/first_day_pythonop.py
[2024-04-10T16:41:10.608+0000] {processor.py:840} INFO - DAG(s) 'first_dag_pythonop' retrieved from /opt/airflow/dags/first_day_pythonop.py
[2024-04-10T16:41:10.629+0000] {logging_mixin.py:188} INFO - [2024-04-10T16:41:10.628+0000] {dag.py:3047} INFO - Sync 1 DAGs
[2024-04-10T16:41:10.650+0000] {logging_mixin.py:188} INFO - [2024-04-10T16:41:10.650+0000] {dag.py:3834} INFO - Setting next_dagrun for first_dag_pythonop to 2024-04-08 00:00:00+00:00, run_after=2024-04-09 00:00:00+00:00
[2024-04-10T16:41:10.668+0000] {processor.py:183} INFO - Processing /opt/airflow/dags/first_day_pythonop.py took 0.083 seconds
[2024-04-10T16:41:41.093+0000] {processor.py:161} INFO - Started process (PID=223) to work on /opt/airflow/dags/first_day_pythonop.py
[2024-04-10T16:41:41.094+0000] {processor.py:830} INFO - Processing file /opt/airflow/dags/first_day_pythonop.py for tasks to queue
[2024-04-10T16:41:41.096+0000] {logging_mixin.py:188} INFO - [2024-04-10T16:41:41.096+0000] {dagbag.py:540} INFO - Filling up the DagBag from /opt/airflow/dags/first_day_pythonop.py
[2024-04-10T16:41:41.112+0000] {processor.py:840} INFO - DAG(s) 'first_dag_pythonop' retrieved from /opt/airflow/dags/first_day_pythonop.py
[2024-04-10T16:41:41.131+0000] {logging_mixin.py:188} INFO - [2024-04-10T16:41:41.131+0000] {dag.py:3047} INFO - Sync 1 DAGs
[2024-04-10T16:41:41.152+0000] {logging_mixin.py:188} INFO - [2024-04-10T16:41:41.151+0000] {dag.py:3834} INFO - Setting next_dagrun for first_dag_pythonop to 2024-04-08 00:00:00+00:00, run_after=2024-04-09 00:00:00+00:00
[2024-04-10T16:41:41.168+0000] {processor.py:183} INFO - Processing /opt/airflow/dags/first_day_pythonop.py took 0.077 seconds
[2024-04-10T16:42:11.719+0000] {processor.py:161} INFO - Started process (PID=237) to work on /opt/airflow/dags/first_day_pythonop.py
[2024-04-10T16:42:11.719+0000] {processor.py:830} INFO - Processing file /opt/airflow/dags/first_day_pythonop.py for tasks to queue
[2024-04-10T16:42:11.720+0000] {logging_mixin.py:188} INFO - [2024-04-10T16:42:11.720+0000] {dagbag.py:540} INFO - Filling up the DagBag from /opt/airflow/dags/first_day_pythonop.py
[2024-04-10T16:42:11.736+0000] {processor.py:840} INFO - DAG(s) 'first_dag_pythonop' retrieved from /opt/airflow/dags/first_day_pythonop.py
[2024-04-10T16:42:11.755+0000] {logging_mixin.py:188} INFO - [2024-04-10T16:42:11.755+0000] {dag.py:3047} INFO - Sync 1 DAGs
[2024-04-10T16:42:11.774+0000] {logging_mixin.py:188} INFO - [2024-04-10T16:42:11.773+0000] {dag.py:3834} INFO - Setting next_dagrun for first_dag_pythonop to 2024-04-08 00:00:00+00:00, run_after=2024-04-09 00:00:00+00:00
[2024-04-10T16:42:11.791+0000] {processor.py:183} INFO - Processing /opt/airflow/dags/first_day_pythonop.py took 0.074 seconds
[2024-04-10T16:42:42.417+0000] {processor.py:161} INFO - Started process (PID=251) to work on /opt/airflow/dags/first_day_pythonop.py
[2024-04-10T16:42:42.418+0000] {processor.py:830} INFO - Processing file /opt/airflow/dags/first_day_pythonop.py for tasks to queue
[2024-04-10T16:42:42.420+0000] {logging_mixin.py:188} INFO - [2024-04-10T16:42:42.419+0000] {dagbag.py:540} INFO - Filling up the DagBag from /opt/airflow/dags/first_day_pythonop.py
[2024-04-10T16:42:42.436+0000] {processor.py:840} INFO - DAG(s) 'first_dag_pythonop' retrieved from /opt/airflow/dags/first_day_pythonop.py
[2024-04-10T16:42:42.458+0000] {logging_mixin.py:188} INFO - [2024-04-10T16:42:42.458+0000] {dag.py:3047} INFO - Sync 1 DAGs
[2024-04-10T16:42:42.477+0000] {logging_mixin.py:188} INFO - [2024-04-10T16:42:42.476+0000] {dag.py:3834} INFO - Setting next_dagrun for first_dag_pythonop to 2024-04-08 00:00:00+00:00, run_after=2024-04-09 00:00:00+00:00
[2024-04-10T16:42:42.493+0000] {processor.py:183} INFO - Processing /opt/airflow/dags/first_day_pythonop.py took 0.078 seconds
[2024-04-10T16:43:13.180+0000] {processor.py:161} INFO - Started process (PID=265) to work on /opt/airflow/dags/first_day_pythonop.py
[2024-04-10T16:43:13.182+0000] {processor.py:830} INFO - Processing file /opt/airflow/dags/first_day_pythonop.py for tasks to queue
[2024-04-10T16:43:13.184+0000] {logging_mixin.py:188} INFO - [2024-04-10T16:43:13.184+0000] {dagbag.py:540} INFO - Filling up the DagBag from /opt/airflow/dags/first_day_pythonop.py
[2024-04-10T16:43:13.207+0000] {processor.py:840} INFO - DAG(s) 'first_dag_pythonop' retrieved from /opt/airflow/dags/first_day_pythonop.py
[2024-04-10T16:43:13.231+0000] {logging_mixin.py:188} INFO - [2024-04-10T16:43:13.230+0000] {dag.py:3047} INFO - Sync 1 DAGs
[2024-04-10T16:43:13.254+0000] {logging_mixin.py:188} INFO - [2024-04-10T16:43:13.254+0000] {dag.py:3834} INFO - Setting next_dagrun for first_dag_pythonop to 2024-04-08 00:00:00+00:00, run_after=2024-04-09 00:00:00+00:00
[2024-04-10T16:43:13.275+0000] {processor.py:183} INFO - Processing /opt/airflow/dags/first_day_pythonop.py took 0.098 seconds
[2024-04-10T16:43:43.859+0000] {processor.py:161} INFO - Started process (PID=279) to work on /opt/airflow/dags/first_day_pythonop.py
[2024-04-10T16:43:43.860+0000] {processor.py:830} INFO - Processing file /opt/airflow/dags/first_day_pythonop.py for tasks to queue
[2024-04-10T16:43:43.862+0000] {logging_mixin.py:188} INFO - [2024-04-10T16:43:43.862+0000] {dagbag.py:540} INFO - Filling up the DagBag from /opt/airflow/dags/first_day_pythonop.py
[2024-04-10T16:43:43.881+0000] {processor.py:840} INFO - DAG(s) 'first_dag_pythonop' retrieved from /opt/airflow/dags/first_day_pythonop.py
[2024-04-10T16:43:43.899+0000] {logging_mixin.py:188} INFO - [2024-04-10T16:43:43.899+0000] {dag.py:3047} INFO - Sync 1 DAGs
[2024-04-10T16:43:43.919+0000] {logging_mixin.py:188} INFO - [2024-04-10T16:43:43.919+0000] {dag.py:3834} INFO - Setting next_dagrun for first_dag_pythonop to 2024-04-08 00:00:00+00:00, run_after=2024-04-09 00:00:00+00:00
[2024-04-10T16:43:43.936+0000] {processor.py:183} INFO - Processing /opt/airflow/dags/first_day_pythonop.py took 0.081 seconds
[2024-04-10T16:44:14.505+0000] {processor.py:161} INFO - Started process (PID=293) to work on /opt/airflow/dags/first_day_pythonop.py
[2024-04-10T16:44:14.506+0000] {processor.py:830} INFO - Processing file /opt/airflow/dags/first_day_pythonop.py for tasks to queue
[2024-04-10T16:44:14.507+0000] {logging_mixin.py:188} INFO - [2024-04-10T16:44:14.507+0000] {dagbag.py:540} INFO - Filling up the DagBag from /opt/airflow/dags/first_day_pythonop.py
[2024-04-10T16:44:14.524+0000] {processor.py:840} INFO - DAG(s) 'first_dag_pythonop' retrieved from /opt/airflow/dags/first_day_pythonop.py
[2024-04-10T16:44:14.544+0000] {logging_mixin.py:188} INFO - [2024-04-10T16:44:14.544+0000] {dag.py:3047} INFO - Sync 1 DAGs
[2024-04-10T16:44:14.564+0000] {logging_mixin.py:188} INFO - [2024-04-10T16:44:14.564+0000] {dag.py:3834} INFO - Setting next_dagrun for first_dag_pythonop to 2024-04-08 00:00:00+00:00, run_after=2024-04-09 00:00:00+00:00
[2024-04-10T16:44:14.581+0000] {processor.py:183} INFO - Processing /opt/airflow/dags/first_day_pythonop.py took 0.078 seconds
[2024-04-10T16:44:45.413+0000] {processor.py:161} INFO - Started process (PID=307) to work on /opt/airflow/dags/first_day_pythonop.py
[2024-04-10T16:44:45.415+0000] {processor.py:830} INFO - Processing file /opt/airflow/dags/first_day_pythonop.py for tasks to queue
[2024-04-10T16:44:45.416+0000] {logging_mixin.py:188} INFO - [2024-04-10T16:44:45.416+0000] {dagbag.py:540} INFO - Filling up the DagBag from /opt/airflow/dags/first_day_pythonop.py
[2024-04-10T16:44:45.434+0000] {processor.py:840} INFO - DAG(s) 'first_dag_pythonop' retrieved from /opt/airflow/dags/first_day_pythonop.py
[2024-04-10T16:44:45.459+0000] {logging_mixin.py:188} INFO - [2024-04-10T16:44:45.458+0000] {dag.py:3047} INFO - Sync 1 DAGs
[2024-04-10T16:44:45.487+0000] {logging_mixin.py:188} INFO - [2024-04-10T16:44:45.487+0000] {dag.py:3834} INFO - Setting next_dagrun for first_dag_pythonop to 2024-04-08 00:00:00+00:00, run_after=2024-04-09 00:00:00+00:00
[2024-04-10T16:44:45.508+0000] {processor.py:183} INFO - Processing /opt/airflow/dags/first_day_pythonop.py took 0.097 seconds
[2024-04-10T16:45:16.238+0000] {processor.py:161} INFO - Started process (PID=321) to work on /opt/airflow/dags/first_day_pythonop.py
[2024-04-10T16:45:16.241+0000] {processor.py:830} INFO - Processing file /opt/airflow/dags/first_day_pythonop.py for tasks to queue
[2024-04-10T16:45:16.245+0000] {logging_mixin.py:188} INFO - [2024-04-10T16:45:16.244+0000] {dagbag.py:540} INFO - Filling up the DagBag from /opt/airflow/dags/first_day_pythonop.py
[2024-04-10T16:45:16.274+0000] {processor.py:840} INFO - DAG(s) 'first_dag_pythonop' retrieved from /opt/airflow/dags/first_day_pythonop.py
[2024-04-10T16:45:16.319+0000] {logging_mixin.py:188} INFO - [2024-04-10T16:45:16.318+0000] {dag.py:3047} INFO - Sync 1 DAGs
[2024-04-10T16:45:16.355+0000] {logging_mixin.py:188} INFO - [2024-04-10T16:45:16.355+0000] {dag.py:3834} INFO - Setting next_dagrun for first_dag_pythonop to 2024-04-08 00:00:00+00:00, run_after=2024-04-09 00:00:00+00:00
[2024-04-10T16:45:16.382+0000] {processor.py:183} INFO - Processing /opt/airflow/dags/first_day_pythonop.py took 0.148 seconds
[2024-04-10T16:45:47.002+0000] {processor.py:161} INFO - Started process (PID=335) to work on /opt/airflow/dags/first_day_pythonop.py
[2024-04-10T16:45:47.003+0000] {processor.py:830} INFO - Processing file /opt/airflow/dags/first_day_pythonop.py for tasks to queue
[2024-04-10T16:45:47.004+0000] {logging_mixin.py:188} INFO - [2024-04-10T16:45:47.004+0000] {dagbag.py:540} INFO - Filling up the DagBag from /opt/airflow/dags/first_day_pythonop.py
[2024-04-10T16:45:47.020+0000] {processor.py:840} INFO - DAG(s) 'first_dag_pythonop' retrieved from /opt/airflow/dags/first_day_pythonop.py
[2024-04-10T16:45:47.039+0000] {logging_mixin.py:188} INFO - [2024-04-10T16:45:47.038+0000] {dag.py:3047} INFO - Sync 1 DAGs
[2024-04-10T16:45:47.059+0000] {logging_mixin.py:188} INFO - [2024-04-10T16:45:47.058+0000] {dag.py:3834} INFO - Setting next_dagrun for first_dag_pythonop to 2024-04-08 00:00:00+00:00, run_after=2024-04-09 00:00:00+00:00
[2024-04-10T16:45:47.079+0000] {processor.py:183} INFO - Processing /opt/airflow/dags/first_day_pythonop.py took 0.080 seconds
[2024-04-10T16:46:17.740+0000] {processor.py:161} INFO - Started process (PID=349) to work on /opt/airflow/dags/first_day_pythonop.py
[2024-04-10T16:46:17.742+0000] {processor.py:830} INFO - Processing file /opt/airflow/dags/first_day_pythonop.py for tasks to queue
[2024-04-10T16:46:17.745+0000] {logging_mixin.py:188} INFO - [2024-04-10T16:46:17.744+0000] {dagbag.py:540} INFO - Filling up the DagBag from /opt/airflow/dags/first_day_pythonop.py
[2024-04-10T16:46:17.764+0000] {processor.py:840} INFO - DAG(s) 'first_dag_pythonop' retrieved from /opt/airflow/dags/first_day_pythonop.py
[2024-04-10T16:46:17.784+0000] {logging_mixin.py:188} INFO - [2024-04-10T16:46:17.784+0000] {dag.py:3047} INFO - Sync 1 DAGs
[2024-04-10T16:46:17.805+0000] {logging_mixin.py:188} INFO - [2024-04-10T16:46:17.805+0000] {dag.py:3834} INFO - Setting next_dagrun for first_dag_pythonop to 2024-04-08 00:00:00+00:00, run_after=2024-04-09 00:00:00+00:00
[2024-04-10T16:46:17.823+0000] {processor.py:183} INFO - Processing /opt/airflow/dags/first_day_pythonop.py took 0.087 seconds
[2024-04-10T16:46:48.421+0000] {processor.py:161} INFO - Started process (PID=363) to work on /opt/airflow/dags/first_day_pythonop.py
[2024-04-10T16:46:48.422+0000] {processor.py:830} INFO - Processing file /opt/airflow/dags/first_day_pythonop.py for tasks to queue
[2024-04-10T16:46:48.424+0000] {logging_mixin.py:188} INFO - [2024-04-10T16:46:48.423+0000] {dagbag.py:540} INFO - Filling up the DagBag from /opt/airflow/dags/first_day_pythonop.py
[2024-04-10T16:46:48.438+0000] {processor.py:840} INFO - DAG(s) 'first_dag_pythonop' retrieved from /opt/airflow/dags/first_day_pythonop.py
[2024-04-10T16:46:48.456+0000] {logging_mixin.py:188} INFO - [2024-04-10T16:46:48.456+0000] {dag.py:3047} INFO - Sync 1 DAGs
[2024-04-10T16:46:48.473+0000] {logging_mixin.py:188} INFO - [2024-04-10T16:46:48.473+0000] {dag.py:3834} INFO - Setting next_dagrun for first_dag_pythonop to 2024-04-08 00:00:00+00:00, run_after=2024-04-09 00:00:00+00:00
[2024-04-10T16:46:48.490+0000] {processor.py:183} INFO - Processing /opt/airflow/dags/first_day_pythonop.py took 0.071 seconds
