[2024-04-10T16:35:31.058+0000] {processor.py:161} INFO - Started process (PID=51) to work on /opt/airflow/dags/first_crnschedular.py
[2024-04-10T16:35:31.061+0000] {processor.py:830} INFO - Processing file /opt/airflow/dags/first_crnschedular.py for tasks to queue
[2024-04-10T16:35:31.068+0000] {logging_mixin.py:188} INFO - [2024-04-10T16:35:31.067+0000] {dagbag.py:540} INFO - Filling up the DagBag from /opt/airflow/dags/first_crnschedular.py
[2024-04-10T16:35:31.103+0000] {processor.py:840} INFO - DAG(s) 'first_cron' retrieved from /opt/airflow/dags/first_crnschedular.py
[2024-04-10T16:35:31.156+0000] {logging_mixin.py:188} INFO - [2024-04-10T16:35:31.155+0000] {dag.py:3047} INFO - Sync 1 DAGs
[2024-04-10T16:35:31.195+0000] {logging_mixin.py:188} INFO - [2024-04-10T16:35:31.195+0000] {dag.py:3834} INFO - Setting next_dagrun for first_cron to 2024-04-02 04:05:00+00:00, run_after=2024-04-03 04:05:00+00:00
[2024-04-10T16:35:31.237+0000] {processor.py:183} INFO - Processing /opt/airflow/dags/first_crnschedular.py took 0.187 seconds
[2024-04-10T16:36:01.716+0000] {processor.py:161} INFO - Started process (PID=65) to work on /opt/airflow/dags/first_crnschedular.py
[2024-04-10T16:36:01.717+0000] {processor.py:830} INFO - Processing file /opt/airflow/dags/first_crnschedular.py for tasks to queue
[2024-04-10T16:36:01.718+0000] {logging_mixin.py:188} INFO - [2024-04-10T16:36:01.718+0000] {dagbag.py:540} INFO - Filling up the DagBag from /opt/airflow/dags/first_crnschedular.py
[2024-04-10T16:36:01.734+0000] {processor.py:840} INFO - DAG(s) 'first_cron' retrieved from /opt/airflow/dags/first_crnschedular.py
[2024-04-10T16:36:01.754+0000] {logging_mixin.py:188} INFO - [2024-04-10T16:36:01.754+0000] {dag.py:3047} INFO - Sync 1 DAGs
[2024-04-10T16:36:01.776+0000] {logging_mixin.py:188} INFO - [2024-04-10T16:36:01.776+0000] {dag.py:3834} INFO - Setting next_dagrun for first_cron to 2024-04-02 04:05:00+00:00, run_after=2024-04-03 04:05:00+00:00
[2024-04-10T16:36:01.793+0000] {processor.py:183} INFO - Processing /opt/airflow/dags/first_crnschedular.py took 0.080 seconds
[2024-04-10T16:36:32.529+0000] {processor.py:161} INFO - Started process (PID=79) to work on /opt/airflow/dags/first_crnschedular.py
[2024-04-10T16:36:32.530+0000] {processor.py:830} INFO - Processing file /opt/airflow/dags/first_crnschedular.py for tasks to queue
[2024-04-10T16:36:32.531+0000] {logging_mixin.py:188} INFO - [2024-04-10T16:36:32.531+0000] {dagbag.py:540} INFO - Filling up the DagBag from /opt/airflow/dags/first_crnschedular.py
[2024-04-10T16:36:32.546+0000] {processor.py:840} INFO - DAG(s) 'first_cron' retrieved from /opt/airflow/dags/first_crnschedular.py
[2024-04-10T16:36:32.566+0000] {logging_mixin.py:188} INFO - [2024-04-10T16:36:32.566+0000] {dag.py:3047} INFO - Sync 1 DAGs
[2024-04-10T16:36:32.605+0000] {logging_mixin.py:188} INFO - [2024-04-10T16:36:32.604+0000] {dag.py:3834} INFO - Setting next_dagrun for first_cron to 2024-04-02 04:05:00+00:00, run_after=2024-04-03 04:05:00+00:00
[2024-04-10T16:36:32.645+0000] {processor.py:183} INFO - Processing /opt/airflow/dags/first_crnschedular.py took 0.119 seconds
[2024-04-10T16:37:03.665+0000] {processor.py:161} INFO - Started process (PID=93) to work on /opt/airflow/dags/first_crnschedular.py
[2024-04-10T16:37:03.666+0000] {processor.py:830} INFO - Processing file /opt/airflow/dags/first_crnschedular.py for tasks to queue
[2024-04-10T16:37:03.669+0000] {logging_mixin.py:188} INFO - [2024-04-10T16:37:03.668+0000] {dagbag.py:540} INFO - Filling up the DagBag from /opt/airflow/dags/first_crnschedular.py
[2024-04-10T16:37:03.689+0000] {processor.py:840} INFO - DAG(s) 'first_cron' retrieved from /opt/airflow/dags/first_crnschedular.py
[2024-04-10T16:37:03.709+0000] {logging_mixin.py:188} INFO - [2024-04-10T16:37:03.708+0000] {dag.py:3047} INFO - Sync 1 DAGs
[2024-04-10T16:37:03.728+0000] {logging_mixin.py:188} INFO - [2024-04-10T16:37:03.727+0000] {dag.py:3834} INFO - Setting next_dagrun for first_cron to 2024-04-02 04:05:00+00:00, run_after=2024-04-03 04:05:00+00:00
[2024-04-10T16:37:03.751+0000] {processor.py:183} INFO - Processing /opt/airflow/dags/first_crnschedular.py took 0.089 seconds
[2024-04-10T16:37:34.061+0000] {processor.py:161} INFO - Started process (PID=108) to work on /opt/airflow/dags/first_crnschedular.py
[2024-04-10T16:37:34.062+0000] {processor.py:830} INFO - Processing file /opt/airflow/dags/first_crnschedular.py for tasks to queue
[2024-04-10T16:37:34.065+0000] {logging_mixin.py:188} INFO - [2024-04-10T16:37:34.064+0000] {dagbag.py:540} INFO - Filling up the DagBag from /opt/airflow/dags/first_crnschedular.py
[2024-04-10T16:37:34.106+0000] {processor.py:840} INFO - DAG(s) 'first_cron' retrieved from /opt/airflow/dags/first_crnschedular.py
[2024-04-10T16:37:34.209+0000] {logging_mixin.py:188} INFO - [2024-04-10T16:37:34.209+0000] {dag.py:3047} INFO - Sync 1 DAGs
[2024-04-10T16:37:34.244+0000] {logging_mixin.py:188} INFO - [2024-04-10T16:37:34.244+0000] {dag.py:3834} INFO - Setting next_dagrun for first_cron to 2024-04-02 04:05:00+00:00, run_after=2024-04-03 04:05:00+00:00
[2024-04-10T16:37:34.284+0000] {processor.py:183} INFO - Processing /opt/airflow/dags/first_crnschedular.py took 0.226 seconds
[2024-04-10T16:38:04.457+0000] {processor.py:161} INFO - Started process (PID=122) to work on /opt/airflow/dags/first_crnschedular.py
[2024-04-10T16:38:04.459+0000] {processor.py:830} INFO - Processing file /opt/airflow/dags/first_crnschedular.py for tasks to queue
[2024-04-10T16:38:04.464+0000] {logging_mixin.py:188} INFO - [2024-04-10T16:38:04.463+0000] {dagbag.py:540} INFO - Filling up the DagBag from /opt/airflow/dags/first_crnschedular.py
[2024-04-10T16:38:04.496+0000] {processor.py:840} INFO - DAG(s) 'first_cron' retrieved from /opt/airflow/dags/first_crnschedular.py
[2024-04-10T16:38:04.536+0000] {logging_mixin.py:188} INFO - [2024-04-10T16:38:04.536+0000] {dag.py:3047} INFO - Sync 1 DAGs
[2024-04-10T16:38:04.578+0000] {logging_mixin.py:188} INFO - [2024-04-10T16:38:04.577+0000] {dag.py:3834} INFO - Setting next_dagrun for first_cron to 2024-04-02 04:05:00+00:00, run_after=2024-04-03 04:05:00+00:00
[2024-04-10T16:38:04.620+0000] {processor.py:183} INFO - Processing /opt/airflow/dags/first_crnschedular.py took 0.167 seconds
[2024-04-10T16:38:35.472+0000] {processor.py:161} INFO - Started process (PID=136) to work on /opt/airflow/dags/first_crnschedular.py
[2024-04-10T16:38:35.475+0000] {processor.py:830} INFO - Processing file /opt/airflow/dags/first_crnschedular.py for tasks to queue
[2024-04-10T16:38:35.478+0000] {logging_mixin.py:188} INFO - [2024-04-10T16:38:35.477+0000] {dagbag.py:540} INFO - Filling up the DagBag from /opt/airflow/dags/first_crnschedular.py
[2024-04-10T16:38:35.495+0000] {processor.py:840} INFO - DAG(s) 'first_cron' retrieved from /opt/airflow/dags/first_crnschedular.py
[2024-04-10T16:38:35.518+0000] {logging_mixin.py:188} INFO - [2024-04-10T16:38:35.518+0000] {dag.py:3047} INFO - Sync 1 DAGs
[2024-04-10T16:38:35.539+0000] {logging_mixin.py:188} INFO - [2024-04-10T16:38:35.539+0000] {dag.py:3834} INFO - Setting next_dagrun for first_cron to 2024-04-02 04:05:00+00:00, run_after=2024-04-03 04:05:00+00:00
[2024-04-10T16:38:35.562+0000] {processor.py:183} INFO - Processing /opt/airflow/dags/first_crnschedular.py took 0.093 seconds
[2024-04-10T16:39:06.405+0000] {processor.py:161} INFO - Started process (PID=150) to work on /opt/airflow/dags/first_crnschedular.py
[2024-04-10T16:39:06.408+0000] {processor.py:830} INFO - Processing file /opt/airflow/dags/first_crnschedular.py for tasks to queue
[2024-04-10T16:39:06.412+0000] {logging_mixin.py:188} INFO - [2024-04-10T16:39:06.411+0000] {dagbag.py:540} INFO - Filling up the DagBag from /opt/airflow/dags/first_crnschedular.py
[2024-04-10T16:39:06.440+0000] {processor.py:840} INFO - DAG(s) 'first_cron' retrieved from /opt/airflow/dags/first_crnschedular.py
[2024-04-10T16:39:06.466+0000] {logging_mixin.py:188} INFO - [2024-04-10T16:39:06.466+0000] {dag.py:3047} INFO - Sync 1 DAGs
[2024-04-10T16:39:06.491+0000] {logging_mixin.py:188} INFO - [2024-04-10T16:39:06.491+0000] {dag.py:3834} INFO - Setting next_dagrun for first_cron to 2024-04-02 04:05:00+00:00, run_after=2024-04-03 04:05:00+00:00
[2024-04-10T16:39:06.518+0000] {processor.py:183} INFO - Processing /opt/airflow/dags/first_crnschedular.py took 0.123 seconds
[2024-04-10T16:39:37.347+0000] {processor.py:161} INFO - Started process (PID=164) to work on /opt/airflow/dags/first_crnschedular.py
[2024-04-10T16:39:37.348+0000] {processor.py:830} INFO - Processing file /opt/airflow/dags/first_crnschedular.py for tasks to queue
[2024-04-10T16:39:37.351+0000] {logging_mixin.py:188} INFO - [2024-04-10T16:39:37.350+0000] {dagbag.py:540} INFO - Filling up the DagBag from /opt/airflow/dags/first_crnschedular.py
[2024-04-10T16:39:37.366+0000] {processor.py:840} INFO - DAG(s) 'first_cron' retrieved from /opt/airflow/dags/first_crnschedular.py
[2024-04-10T16:39:37.388+0000] {logging_mixin.py:188} INFO - [2024-04-10T16:39:37.388+0000] {dag.py:3047} INFO - Sync 1 DAGs
[2024-04-10T16:39:37.410+0000] {logging_mixin.py:188} INFO - [2024-04-10T16:39:37.410+0000] {dag.py:3834} INFO - Setting next_dagrun for first_cron to 2024-04-02 04:05:00+00:00, run_after=2024-04-03 04:05:00+00:00
[2024-04-10T16:39:37.429+0000] {processor.py:183} INFO - Processing /opt/airflow/dags/first_crnschedular.py took 0.084 seconds
[2024-04-10T16:40:08.082+0000] {processor.py:161} INFO - Started process (PID=178) to work on /opt/airflow/dags/first_crnschedular.py
[2024-04-10T16:40:08.084+0000] {processor.py:830} INFO - Processing file /opt/airflow/dags/first_crnschedular.py for tasks to queue
[2024-04-10T16:40:08.086+0000] {logging_mixin.py:188} INFO - [2024-04-10T16:40:08.085+0000] {dagbag.py:540} INFO - Filling up the DagBag from /opt/airflow/dags/first_crnschedular.py
[2024-04-10T16:40:08.102+0000] {processor.py:840} INFO - DAG(s) 'first_cron' retrieved from /opt/airflow/dags/first_crnschedular.py
[2024-04-10T16:40:08.124+0000] {logging_mixin.py:188} INFO - [2024-04-10T16:40:08.124+0000] {dag.py:3047} INFO - Sync 1 DAGs
[2024-04-10T16:40:08.150+0000] {logging_mixin.py:188} INFO - [2024-04-10T16:40:08.149+0000] {dag.py:3834} INFO - Setting next_dagrun for first_cron to 2024-04-02 04:05:00+00:00, run_after=2024-04-03 04:05:00+00:00
[2024-04-10T16:40:08.172+0000] {processor.py:183} INFO - Processing /opt/airflow/dags/first_crnschedular.py took 0.092 seconds
[2024-04-10T16:40:38.780+0000] {processor.py:161} INFO - Started process (PID=192) to work on /opt/airflow/dags/first_crnschedular.py
[2024-04-10T16:40:38.781+0000] {processor.py:830} INFO - Processing file /opt/airflow/dags/first_crnschedular.py for tasks to queue
[2024-04-10T16:40:38.783+0000] {logging_mixin.py:188} INFO - [2024-04-10T16:40:38.783+0000] {dagbag.py:540} INFO - Filling up the DagBag from /opt/airflow/dags/first_crnschedular.py
[2024-04-10T16:40:38.797+0000] {processor.py:840} INFO - DAG(s) 'first_cron' retrieved from /opt/airflow/dags/first_crnschedular.py
[2024-04-10T16:40:38.812+0000] {logging_mixin.py:188} INFO - [2024-04-10T16:40:38.812+0000] {dag.py:3047} INFO - Sync 1 DAGs
[2024-04-10T16:40:38.831+0000] {logging_mixin.py:188} INFO - [2024-04-10T16:40:38.831+0000] {dag.py:3834} INFO - Setting next_dagrun for first_cron to 2024-04-02 04:05:00+00:00, run_after=2024-04-03 04:05:00+00:00
[2024-04-10T16:40:38.847+0000] {processor.py:183} INFO - Processing /opt/airflow/dags/first_crnschedular.py took 0.070 seconds
[2024-04-10T16:41:09.379+0000] {processor.py:161} INFO - Started process (PID=206) to work on /opt/airflow/dags/first_crnschedular.py
[2024-04-10T16:41:09.380+0000] {processor.py:830} INFO - Processing file /opt/airflow/dags/first_crnschedular.py for tasks to queue
[2024-04-10T16:41:09.382+0000] {logging_mixin.py:188} INFO - [2024-04-10T16:41:09.382+0000] {dagbag.py:540} INFO - Filling up the DagBag from /opt/airflow/dags/first_crnschedular.py
[2024-04-10T16:41:09.397+0000] {processor.py:840} INFO - DAG(s) 'first_cron' retrieved from /opt/airflow/dags/first_crnschedular.py
[2024-04-10T16:41:09.414+0000] {logging_mixin.py:188} INFO - [2024-04-10T16:41:09.414+0000] {dag.py:3047} INFO - Sync 1 DAGs
[2024-04-10T16:41:09.432+0000] {logging_mixin.py:188} INFO - [2024-04-10T16:41:09.432+0000] {dag.py:3834} INFO - Setting next_dagrun for first_cron to 2024-04-02 04:05:00+00:00, run_after=2024-04-03 04:05:00+00:00
[2024-04-10T16:41:09.448+0000] {processor.py:183} INFO - Processing /opt/airflow/dags/first_crnschedular.py took 0.072 seconds
[2024-04-10T16:41:39.976+0000] {processor.py:161} INFO - Started process (PID=220) to work on /opt/airflow/dags/first_crnschedular.py
[2024-04-10T16:41:39.977+0000] {processor.py:830} INFO - Processing file /opt/airflow/dags/first_crnschedular.py for tasks to queue
[2024-04-10T16:41:39.979+0000] {logging_mixin.py:188} INFO - [2024-04-10T16:41:39.978+0000] {dagbag.py:540} INFO - Filling up the DagBag from /opt/airflow/dags/first_crnschedular.py
[2024-04-10T16:41:39.992+0000] {processor.py:840} INFO - DAG(s) 'first_cron' retrieved from /opt/airflow/dags/first_crnschedular.py
[2024-04-10T16:41:40.008+0000] {logging_mixin.py:188} INFO - [2024-04-10T16:41:40.008+0000] {dag.py:3047} INFO - Sync 1 DAGs
[2024-04-10T16:41:40.026+0000] {logging_mixin.py:188} INFO - [2024-04-10T16:41:40.026+0000] {dag.py:3834} INFO - Setting next_dagrun for first_cron to 2024-04-02 04:05:00+00:00, run_after=2024-04-03 04:05:00+00:00
[2024-04-10T16:41:40.040+0000] {processor.py:183} INFO - Processing /opt/airflow/dags/first_crnschedular.py took 0.067 seconds
[2024-04-10T16:42:10.582+0000] {processor.py:161} INFO - Started process (PID=234) to work on /opt/airflow/dags/first_crnschedular.py
[2024-04-10T16:42:10.583+0000] {processor.py:830} INFO - Processing file /opt/airflow/dags/first_crnschedular.py for tasks to queue
[2024-04-10T16:42:10.584+0000] {logging_mixin.py:188} INFO - [2024-04-10T16:42:10.584+0000] {dagbag.py:540} INFO - Filling up the DagBag from /opt/airflow/dags/first_crnschedular.py
[2024-04-10T16:42:10.600+0000] {processor.py:840} INFO - DAG(s) 'first_cron' retrieved from /opt/airflow/dags/first_crnschedular.py
[2024-04-10T16:42:10.621+0000] {logging_mixin.py:188} INFO - [2024-04-10T16:42:10.621+0000] {dag.py:3047} INFO - Sync 1 DAGs
[2024-04-10T16:42:10.641+0000] {logging_mixin.py:188} INFO - [2024-04-10T16:42:10.641+0000] {dag.py:3834} INFO - Setting next_dagrun for first_cron to 2024-04-02 04:05:00+00:00, run_after=2024-04-03 04:05:00+00:00
[2024-04-10T16:42:10.658+0000] {processor.py:183} INFO - Processing /opt/airflow/dags/first_crnschedular.py took 0.080 seconds
[2024-04-10T16:42:41.200+0000] {processor.py:161} INFO - Started process (PID=248) to work on /opt/airflow/dags/first_crnschedular.py
[2024-04-10T16:42:41.201+0000] {processor.py:830} INFO - Processing file /opt/airflow/dags/first_crnschedular.py for tasks to queue
[2024-04-10T16:42:41.202+0000] {logging_mixin.py:188} INFO - [2024-04-10T16:42:41.202+0000] {dagbag.py:540} INFO - Filling up the DagBag from /opt/airflow/dags/first_crnschedular.py
[2024-04-10T16:42:41.217+0000] {processor.py:840} INFO - DAG(s) 'first_cron' retrieved from /opt/airflow/dags/first_crnschedular.py
[2024-04-10T16:42:41.236+0000] {logging_mixin.py:188} INFO - [2024-04-10T16:42:41.236+0000] {dag.py:3047} INFO - Sync 1 DAGs
[2024-04-10T16:42:41.256+0000] {logging_mixin.py:188} INFO - [2024-04-10T16:42:41.255+0000] {dag.py:3834} INFO - Setting next_dagrun for first_cron to 2024-04-02 04:05:00+00:00, run_after=2024-04-03 04:05:00+00:00
[2024-04-10T16:42:41.273+0000] {processor.py:183} INFO - Processing /opt/airflow/dags/first_crnschedular.py took 0.076 seconds
[2024-04-10T16:43:12.046+0000] {processor.py:161} INFO - Started process (PID=262) to work on /opt/airflow/dags/first_crnschedular.py
[2024-04-10T16:43:12.047+0000] {processor.py:830} INFO - Processing file /opt/airflow/dags/first_crnschedular.py for tasks to queue
[2024-04-10T16:43:12.048+0000] {logging_mixin.py:188} INFO - [2024-04-10T16:43:12.048+0000] {dagbag.py:540} INFO - Filling up the DagBag from /opt/airflow/dags/first_crnschedular.py
[2024-04-10T16:43:12.064+0000] {processor.py:840} INFO - DAG(s) 'first_cron' retrieved from /opt/airflow/dags/first_crnschedular.py
[2024-04-10T16:43:12.083+0000] {logging_mixin.py:188} INFO - [2024-04-10T16:43:12.083+0000] {dag.py:3047} INFO - Sync 1 DAGs
[2024-04-10T16:43:12.103+0000] {logging_mixin.py:188} INFO - [2024-04-10T16:43:12.103+0000] {dag.py:3834} INFO - Setting next_dagrun for first_cron to 2024-04-02 04:05:00+00:00, run_after=2024-04-03 04:05:00+00:00
[2024-04-10T16:43:12.120+0000] {processor.py:183} INFO - Processing /opt/airflow/dags/first_crnschedular.py took 0.077 seconds
[2024-04-10T16:43:42.648+0000] {processor.py:161} INFO - Started process (PID=276) to work on /opt/airflow/dags/first_crnschedular.py
[2024-04-10T16:43:42.649+0000] {processor.py:830} INFO - Processing file /opt/airflow/dags/first_crnschedular.py for tasks to queue
[2024-04-10T16:43:42.650+0000] {logging_mixin.py:188} INFO - [2024-04-10T16:43:42.650+0000] {dagbag.py:540} INFO - Filling up the DagBag from /opt/airflow/dags/first_crnschedular.py
[2024-04-10T16:43:42.664+0000] {processor.py:840} INFO - DAG(s) 'first_cron' retrieved from /opt/airflow/dags/first_crnschedular.py
[2024-04-10T16:43:42.682+0000] {logging_mixin.py:188} INFO - [2024-04-10T16:43:42.682+0000] {dag.py:3047} INFO - Sync 1 DAGs
[2024-04-10T16:43:42.701+0000] {logging_mixin.py:188} INFO - [2024-04-10T16:43:42.701+0000] {dag.py:3834} INFO - Setting next_dagrun for first_cron to 2024-04-02 04:05:00+00:00, run_after=2024-04-03 04:05:00+00:00
[2024-04-10T16:43:42.718+0000] {processor.py:183} INFO - Processing /opt/airflow/dags/first_crnschedular.py took 0.072 seconds
[2024-04-10T16:44:13.386+0000] {processor.py:161} INFO - Started process (PID=290) to work on /opt/airflow/dags/first_crnschedular.py
[2024-04-10T16:44:13.387+0000] {processor.py:830} INFO - Processing file /opt/airflow/dags/first_crnschedular.py for tasks to queue
[2024-04-10T16:44:13.388+0000] {logging_mixin.py:188} INFO - [2024-04-10T16:44:13.388+0000] {dagbag.py:540} INFO - Filling up the DagBag from /opt/airflow/dags/first_crnschedular.py
[2024-04-10T16:44:13.405+0000] {processor.py:840} INFO - DAG(s) 'first_cron' retrieved from /opt/airflow/dags/first_crnschedular.py
[2024-04-10T16:44:13.423+0000] {logging_mixin.py:188} INFO - [2024-04-10T16:44:13.422+0000] {dag.py:3047} INFO - Sync 1 DAGs
[2024-04-10T16:44:13.441+0000] {logging_mixin.py:188} INFO - [2024-04-10T16:44:13.440+0000] {dag.py:3834} INFO - Setting next_dagrun for first_cron to 2024-04-02 04:05:00+00:00, run_after=2024-04-03 04:05:00+00:00
[2024-04-10T16:44:13.457+0000] {processor.py:183} INFO - Processing /opt/airflow/dags/first_crnschedular.py took 0.073 seconds
[2024-04-10T16:44:44.253+0000] {processor.py:161} INFO - Started process (PID=304) to work on /opt/airflow/dags/first_crnschedular.py
[2024-04-10T16:44:44.254+0000] {processor.py:830} INFO - Processing file /opt/airflow/dags/first_crnschedular.py for tasks to queue
[2024-04-10T16:44:44.257+0000] {logging_mixin.py:188} INFO - [2024-04-10T16:44:44.256+0000] {dagbag.py:540} INFO - Filling up the DagBag from /opt/airflow/dags/first_crnschedular.py
[2024-04-10T16:44:44.278+0000] {processor.py:840} INFO - DAG(s) 'first_cron' retrieved from /opt/airflow/dags/first_crnschedular.py
[2024-04-10T16:44:44.302+0000] {logging_mixin.py:188} INFO - [2024-04-10T16:44:44.301+0000] {dag.py:3047} INFO - Sync 1 DAGs
[2024-04-10T16:44:44.325+0000] {logging_mixin.py:188} INFO - [2024-04-10T16:44:44.325+0000] {dag.py:3834} INFO - Setting next_dagrun for first_cron to 2024-04-02 04:05:00+00:00, run_after=2024-04-03 04:05:00+00:00
[2024-04-10T16:44:44.354+0000] {processor.py:183} INFO - Processing /opt/airflow/dags/first_crnschedular.py took 0.105 seconds
[2024-04-10T16:45:15.058+0000] {processor.py:161} INFO - Started process (PID=318) to work on /opt/airflow/dags/first_crnschedular.py
[2024-04-10T16:45:15.059+0000] {processor.py:830} INFO - Processing file /opt/airflow/dags/first_crnschedular.py for tasks to queue
[2024-04-10T16:45:15.061+0000] {logging_mixin.py:188} INFO - [2024-04-10T16:45:15.061+0000] {dagbag.py:540} INFO - Filling up the DagBag from /opt/airflow/dags/first_crnschedular.py
[2024-04-10T16:45:15.083+0000] {processor.py:840} INFO - DAG(s) 'first_cron' retrieved from /opt/airflow/dags/first_crnschedular.py
[2024-04-10T16:45:15.108+0000] {logging_mixin.py:188} INFO - [2024-04-10T16:45:15.107+0000] {dag.py:3047} INFO - Sync 1 DAGs
[2024-04-10T16:45:15.137+0000] {logging_mixin.py:188} INFO - [2024-04-10T16:45:15.137+0000] {dag.py:3834} INFO - Setting next_dagrun for first_cron to 2024-04-02 04:05:00+00:00, run_after=2024-04-03 04:05:00+00:00
[2024-04-10T16:45:15.168+0000] {processor.py:183} INFO - Processing /opt/airflow/dags/first_crnschedular.py took 0.114 seconds
[2024-04-10T16:45:45.881+0000] {processor.py:161} INFO - Started process (PID=332) to work on /opt/airflow/dags/first_crnschedular.py
[2024-04-10T16:45:45.882+0000] {processor.py:830} INFO - Processing file /opt/airflow/dags/first_crnschedular.py for tasks to queue
[2024-04-10T16:45:45.883+0000] {logging_mixin.py:188} INFO - [2024-04-10T16:45:45.883+0000] {dagbag.py:540} INFO - Filling up the DagBag from /opt/airflow/dags/first_crnschedular.py
[2024-04-10T16:45:45.897+0000] {processor.py:840} INFO - DAG(s) 'first_cron' retrieved from /opt/airflow/dags/first_crnschedular.py
[2024-04-10T16:45:45.917+0000] {logging_mixin.py:188} INFO - [2024-04-10T16:45:45.916+0000] {dag.py:3047} INFO - Sync 1 DAGs
[2024-04-10T16:45:45.937+0000] {logging_mixin.py:188} INFO - [2024-04-10T16:45:45.937+0000] {dag.py:3834} INFO - Setting next_dagrun for first_cron to 2024-04-02 04:05:00+00:00, run_after=2024-04-03 04:05:00+00:00
[2024-04-10T16:45:45.954+0000] {processor.py:183} INFO - Processing /opt/airflow/dags/first_crnschedular.py took 0.076 seconds
[2024-04-10T16:46:16.461+0000] {processor.py:161} INFO - Started process (PID=346) to work on /opt/airflow/dags/first_crnschedular.py
[2024-04-10T16:46:16.461+0000] {processor.py:830} INFO - Processing file /opt/airflow/dags/first_crnschedular.py for tasks to queue
[2024-04-10T16:46:16.463+0000] {logging_mixin.py:188} INFO - [2024-04-10T16:46:16.462+0000] {dagbag.py:540} INFO - Filling up the DagBag from /opt/airflow/dags/first_crnschedular.py
[2024-04-10T16:46:16.477+0000] {processor.py:840} INFO - DAG(s) 'first_cron' retrieved from /opt/airflow/dags/first_crnschedular.py
[2024-04-10T16:46:16.496+0000] {logging_mixin.py:188} INFO - [2024-04-10T16:46:16.496+0000] {dag.py:3047} INFO - Sync 1 DAGs
[2024-04-10T16:46:16.515+0000] {logging_mixin.py:188} INFO - [2024-04-10T16:46:16.515+0000] {dag.py:3834} INFO - Setting next_dagrun for first_cron to 2024-04-02 04:05:00+00:00, run_after=2024-04-03 04:05:00+00:00
[2024-04-10T16:46:16.532+0000] {processor.py:183} INFO - Processing /opt/airflow/dags/first_crnschedular.py took 0.073 seconds
[2024-04-10T16:46:47.303+0000] {processor.py:161} INFO - Started process (PID=360) to work on /opt/airflow/dags/first_crnschedular.py
[2024-04-10T16:46:47.304+0000] {processor.py:830} INFO - Processing file /opt/airflow/dags/first_crnschedular.py for tasks to queue
[2024-04-10T16:46:47.306+0000] {logging_mixin.py:188} INFO - [2024-04-10T16:46:47.306+0000] {dagbag.py:540} INFO - Filling up the DagBag from /opt/airflow/dags/first_crnschedular.py
[2024-04-10T16:46:47.322+0000] {processor.py:840} INFO - DAG(s) 'first_cron' retrieved from /opt/airflow/dags/first_crnschedular.py
[2024-04-10T16:46:47.341+0000] {logging_mixin.py:188} INFO - [2024-04-10T16:46:47.341+0000] {dag.py:3047} INFO - Sync 1 DAGs
[2024-04-10T16:46:47.359+0000] {logging_mixin.py:188} INFO - [2024-04-10T16:46:47.359+0000] {dag.py:3834} INFO - Setting next_dagrun for first_cron to 2024-04-02 04:05:00+00:00, run_after=2024-04-03 04:05:00+00:00
[2024-04-10T16:46:47.375+0000] {processor.py:183} INFO - Processing /opt/airflow/dags/first_crnschedular.py took 0.075 seconds
