[2024-04-10T16:35:31.871+0000] {processor.py:161} INFO - Started process (PID=55) to work on /opt/airflow/dags/first_day.py
[2024-04-10T16:35:31.877+0000] {processor.py:830} INFO - Processing file /opt/airflow/dags/first_day.py for tasks to queue
[2024-04-10T16:35:31.885+0000] {logging_mixin.py:188} INFO - [2024-04-10T16:35:31.884+0000] {dagbag.py:540} INFO - Filling up the DagBag from /opt/airflow/dags/first_day.py
[2024-04-10T16:35:31.994+0000] {processor.py:840} INFO - DAG(s) 'first_dag_bitwise3' retrieved from /opt/airflow/dags/first_day.py
[2024-04-10T16:35:32.079+0000] {logging_mixin.py:188} INFO - [2024-04-10T16:35:32.079+0000] {dag.py:3047} INFO - Sync 1 DAGs
[2024-04-10T16:35:32.117+0000] {logging_mixin.py:188} INFO - [2024-04-10T16:35:32.117+0000] {dag.py:3834} INFO - Setting next_dagrun for first_dag_bitwise3 to 2024-04-02 00:00:00+00:00, run_after=2024-04-03 00:00:00+00:00
[2024-04-10T16:35:32.179+0000] {processor.py:183} INFO - Processing /opt/airflow/dags/first_day.py took 0.330 seconds
[2024-04-10T16:36:02.975+0000] {processor.py:161} INFO - Started process (PID=69) to work on /opt/airflow/dags/first_day.py
[2024-04-10T16:36:02.977+0000] {processor.py:830} INFO - Processing file /opt/airflow/dags/first_day.py for tasks to queue
[2024-04-10T16:36:02.979+0000] {logging_mixin.py:188} INFO - [2024-04-10T16:36:02.978+0000] {dagbag.py:540} INFO - Filling up the DagBag from /opt/airflow/dags/first_day.py
[2024-04-10T16:36:02.997+0000] {processor.py:840} INFO - DAG(s) 'first_dag_bitwise3' retrieved from /opt/airflow/dags/first_day.py
[2024-04-10T16:36:03.020+0000] {logging_mixin.py:188} INFO - [2024-04-10T16:36:03.020+0000] {dag.py:3047} INFO - Sync 1 DAGs
[2024-04-10T16:36:03.042+0000] {logging_mixin.py:188} INFO - [2024-04-10T16:36:03.042+0000] {dag.py:3834} INFO - Setting next_dagrun for first_dag_bitwise3 to 2024-04-02 00:00:00+00:00, run_after=2024-04-03 00:00:00+00:00
[2024-04-10T16:36:03.083+0000] {processor.py:183} INFO - Processing /opt/airflow/dags/first_day.py took 0.110 seconds
[2024-04-10T16:36:33.902+0000] {processor.py:161} INFO - Started process (PID=83) to work on /opt/airflow/dags/first_day.py
[2024-04-10T16:36:33.903+0000] {processor.py:830} INFO - Processing file /opt/airflow/dags/first_day.py for tasks to queue
[2024-04-10T16:36:33.907+0000] {logging_mixin.py:188} INFO - [2024-04-10T16:36:33.906+0000] {dagbag.py:540} INFO - Filling up the DagBag from /opt/airflow/dags/first_day.py
[2024-04-10T16:36:33.925+0000] {processor.py:840} INFO - DAG(s) 'first_dag_bitwise3' retrieved from /opt/airflow/dags/first_day.py
[2024-04-10T16:36:33.944+0000] {logging_mixin.py:188} INFO - [2024-04-10T16:36:33.944+0000] {dag.py:3047} INFO - Sync 1 DAGs
[2024-04-10T16:36:33.964+0000] {logging_mixin.py:188} INFO - [2024-04-10T16:36:33.963+0000] {dag.py:3834} INFO - Setting next_dagrun for first_dag_bitwise3 to 2024-04-02 00:00:00+00:00, run_after=2024-04-03 00:00:00+00:00
[2024-04-10T16:36:33.988+0000] {processor.py:183} INFO - Processing /opt/airflow/dags/first_day.py took 0.090 seconds
[2024-04-10T16:37:04.823+0000] {processor.py:161} INFO - Started process (PID=97) to work on /opt/airflow/dags/first_day.py
[2024-04-10T16:37:04.824+0000] {processor.py:830} INFO - Processing file /opt/airflow/dags/first_day.py for tasks to queue
[2024-04-10T16:37:04.826+0000] {logging_mixin.py:188} INFO - [2024-04-10T16:37:04.826+0000] {dagbag.py:540} INFO - Filling up the DagBag from /opt/airflow/dags/first_day.py
[2024-04-10T16:37:04.846+0000] {processor.py:840} INFO - DAG(s) 'first_dag_bitwise3' retrieved from /opt/airflow/dags/first_day.py
[2024-04-10T16:37:04.864+0000] {logging_mixin.py:188} INFO - [2024-04-10T16:37:04.863+0000] {dag.py:3047} INFO - Sync 1 DAGs
[2024-04-10T16:37:04.884+0000] {logging_mixin.py:188} INFO - [2024-04-10T16:37:04.883+0000] {dag.py:3834} INFO - Setting next_dagrun for first_dag_bitwise3 to 2024-04-02 00:00:00+00:00, run_after=2024-04-03 00:00:00+00:00
[2024-04-10T16:37:04.900+0000] {processor.py:183} INFO - Processing /opt/airflow/dags/first_day.py took 0.079 seconds
[2024-04-10T16:37:35.444+0000] {processor.py:161} INFO - Started process (PID=112) to work on /opt/airflow/dags/first_day.py
[2024-04-10T16:37:35.447+0000] {processor.py:830} INFO - Processing file /opt/airflow/dags/first_day.py for tasks to queue
[2024-04-10T16:37:35.451+0000] {logging_mixin.py:188} INFO - [2024-04-10T16:37:35.451+0000] {dagbag.py:540} INFO - Filling up the DagBag from /opt/airflow/dags/first_day.py
[2024-04-10T16:37:35.485+0000] {processor.py:840} INFO - DAG(s) 'first_dag_bitwise3' retrieved from /opt/airflow/dags/first_day.py
[2024-04-10T16:37:35.527+0000] {logging_mixin.py:188} INFO - [2024-04-10T16:37:35.527+0000] {dag.py:3047} INFO - Sync 1 DAGs
[2024-04-10T16:37:35.555+0000] {logging_mixin.py:188} INFO - [2024-04-10T16:37:35.555+0000] {dag.py:3834} INFO - Setting next_dagrun for first_dag_bitwise3 to 2024-04-02 00:00:00+00:00, run_after=2024-04-03 00:00:00+00:00
[2024-04-10T16:37:35.586+0000] {processor.py:183} INFO - Processing /opt/airflow/dags/first_day.py took 0.155 seconds
[2024-04-10T16:38:05.725+0000] {processor.py:161} INFO - Started process (PID=126) to work on /opt/airflow/dags/first_day.py
[2024-04-10T16:38:05.727+0000] {processor.py:830} INFO - Processing file /opt/airflow/dags/first_day.py for tasks to queue
[2024-04-10T16:38:05.730+0000] {logging_mixin.py:188} INFO - [2024-04-10T16:38:05.730+0000] {dagbag.py:540} INFO - Filling up the DagBag from /opt/airflow/dags/first_day.py
[2024-04-10T16:38:05.771+0000] {processor.py:840} INFO - DAG(s) 'first_dag_bitwise3' retrieved from /opt/airflow/dags/first_day.py
[2024-04-10T16:38:05.842+0000] {logging_mixin.py:188} INFO - [2024-04-10T16:38:05.841+0000] {dag.py:3047} INFO - Sync 1 DAGs
[2024-04-10T16:38:05.876+0000] {logging_mixin.py:188} INFO - [2024-04-10T16:38:05.876+0000] {dag.py:3834} INFO - Setting next_dagrun for first_dag_bitwise3 to 2024-04-02 00:00:00+00:00, run_after=2024-04-03 00:00:00+00:00
[2024-04-10T16:38:05.923+0000] {processor.py:183} INFO - Processing /opt/airflow/dags/first_day.py took 0.204 seconds
[2024-04-10T16:38:36.655+0000] {processor.py:161} INFO - Started process (PID=140) to work on /opt/airflow/dags/first_day.py
[2024-04-10T16:38:36.658+0000] {processor.py:830} INFO - Processing file /opt/airflow/dags/first_day.py for tasks to queue
[2024-04-10T16:38:36.661+0000] {logging_mixin.py:188} INFO - [2024-04-10T16:38:36.660+0000] {dagbag.py:540} INFO - Filling up the DagBag from /opt/airflow/dags/first_day.py
[2024-04-10T16:38:36.693+0000] {processor.py:840} INFO - DAG(s) 'first_dag_bitwise3' retrieved from /opt/airflow/dags/first_day.py
[2024-04-10T16:38:36.744+0000] {logging_mixin.py:188} INFO - [2024-04-10T16:38:36.744+0000] {dag.py:3047} INFO - Sync 1 DAGs
[2024-04-10T16:38:36.788+0000] {logging_mixin.py:188} INFO - [2024-04-10T16:38:36.787+0000] {dag.py:3834} INFO - Setting next_dagrun for first_dag_bitwise3 to 2024-04-02 00:00:00+00:00, run_after=2024-04-03 00:00:00+00:00
[2024-04-10T16:38:36.840+0000] {processor.py:183} INFO - Processing /opt/airflow/dags/first_day.py took 0.192 seconds
[2024-04-10T16:39:07.703+0000] {processor.py:161} INFO - Started process (PID=154) to work on /opt/airflow/dags/first_day.py
[2024-04-10T16:39:07.704+0000] {processor.py:830} INFO - Processing file /opt/airflow/dags/first_day.py for tasks to queue
[2024-04-10T16:39:07.707+0000] {logging_mixin.py:188} INFO - [2024-04-10T16:39:07.706+0000] {dagbag.py:540} INFO - Filling up the DagBag from /opt/airflow/dags/first_day.py
[2024-04-10T16:39:07.726+0000] {processor.py:840} INFO - DAG(s) 'first_dag_bitwise3' retrieved from /opt/airflow/dags/first_day.py
[2024-04-10T16:39:07.748+0000] {logging_mixin.py:188} INFO - [2024-04-10T16:39:07.748+0000] {dag.py:3047} INFO - Sync 1 DAGs
[2024-04-10T16:39:07.772+0000] {logging_mixin.py:188} INFO - [2024-04-10T16:39:07.771+0000] {dag.py:3834} INFO - Setting next_dagrun for first_dag_bitwise3 to 2024-04-02 00:00:00+00:00, run_after=2024-04-03 00:00:00+00:00
[2024-04-10T16:39:07.794+0000] {processor.py:183} INFO - Processing /opt/airflow/dags/first_day.py took 0.093 seconds
[2024-04-10T16:39:38.498+0000] {processor.py:161} INFO - Started process (PID=168) to work on /opt/airflow/dags/first_day.py
[2024-04-10T16:39:38.499+0000] {processor.py:830} INFO - Processing file /opt/airflow/dags/first_day.py for tasks to queue
[2024-04-10T16:39:38.501+0000] {logging_mixin.py:188} INFO - [2024-04-10T16:39:38.501+0000] {dagbag.py:540} INFO - Filling up the DagBag from /opt/airflow/dags/first_day.py
[2024-04-10T16:39:38.523+0000] {processor.py:840} INFO - DAG(s) 'first_dag_bitwise3' retrieved from /opt/airflow/dags/first_day.py
[2024-04-10T16:39:38.543+0000] {logging_mixin.py:188} INFO - [2024-04-10T16:39:38.542+0000] {dag.py:3047} INFO - Sync 1 DAGs
[2024-04-10T16:39:38.566+0000] {logging_mixin.py:188} INFO - [2024-04-10T16:39:38.565+0000] {dag.py:3834} INFO - Setting next_dagrun for first_dag_bitwise3 to 2024-04-02 00:00:00+00:00, run_after=2024-04-03 00:00:00+00:00
[2024-04-10T16:39:38.587+0000] {processor.py:183} INFO - Processing /opt/airflow/dags/first_day.py took 0.091 seconds
[2024-04-10T16:40:09.236+0000] {processor.py:161} INFO - Started process (PID=182) to work on /opt/airflow/dags/first_day.py
[2024-04-10T16:40:09.238+0000] {processor.py:830} INFO - Processing file /opt/airflow/dags/first_day.py for tasks to queue
[2024-04-10T16:40:09.240+0000] {logging_mixin.py:188} INFO - [2024-04-10T16:40:09.240+0000] {dagbag.py:540} INFO - Filling up the DagBag from /opt/airflow/dags/first_day.py
[2024-04-10T16:40:09.258+0000] {processor.py:840} INFO - DAG(s) 'first_dag_bitwise3' retrieved from /opt/airflow/dags/first_day.py
[2024-04-10T16:40:09.279+0000] {logging_mixin.py:188} INFO - [2024-04-10T16:40:09.279+0000] {dag.py:3047} INFO - Sync 1 DAGs
[2024-04-10T16:40:09.299+0000] {logging_mixin.py:188} INFO - [2024-04-10T16:40:09.299+0000] {dag.py:3834} INFO - Setting next_dagrun for first_dag_bitwise3 to 2024-04-02 00:00:00+00:00, run_after=2024-04-03 00:00:00+00:00
[2024-04-10T16:40:09.319+0000] {processor.py:183} INFO - Processing /opt/airflow/dags/first_day.py took 0.087 seconds
[2024-04-10T16:40:39.995+0000] {processor.py:161} INFO - Started process (PID=196) to work on /opt/airflow/dags/first_day.py
[2024-04-10T16:40:39.996+0000] {processor.py:830} INFO - Processing file /opt/airflow/dags/first_day.py for tasks to queue
[2024-04-10T16:40:39.998+0000] {logging_mixin.py:188} INFO - [2024-04-10T16:40:39.998+0000] {dagbag.py:540} INFO - Filling up the DagBag from /opt/airflow/dags/first_day.py
[2024-04-10T16:40:40.012+0000] {processor.py:840} INFO - DAG(s) 'first_dag_bitwise3' retrieved from /opt/airflow/dags/first_day.py
[2024-04-10T16:40:40.031+0000] {logging_mixin.py:188} INFO - [2024-04-10T16:40:40.031+0000] {dag.py:3047} INFO - Sync 1 DAGs
[2024-04-10T16:40:40.052+0000] {logging_mixin.py:188} INFO - [2024-04-10T16:40:40.051+0000] {dag.py:3834} INFO - Setting next_dagrun for first_dag_bitwise3 to 2024-04-02 00:00:00+00:00, run_after=2024-04-03 00:00:00+00:00
[2024-04-10T16:40:40.069+0000] {processor.py:183} INFO - Processing /opt/airflow/dags/first_day.py took 0.077 seconds
[2024-04-10T16:41:10.597+0000] {processor.py:161} INFO - Started process (PID=210) to work on /opt/airflow/dags/first_day.py
[2024-04-10T16:41:10.598+0000] {processor.py:830} INFO - Processing file /opt/airflow/dags/first_day.py for tasks to queue
[2024-04-10T16:41:10.600+0000] {logging_mixin.py:188} INFO - [2024-04-10T16:41:10.600+0000] {dagbag.py:540} INFO - Filling up the DagBag from /opt/airflow/dags/first_day.py
[2024-04-10T16:41:10.616+0000] {processor.py:840} INFO - DAG(s) 'first_dag_bitwise3' retrieved from /opt/airflow/dags/first_day.py
[2024-04-10T16:41:10.636+0000] {logging_mixin.py:188} INFO - [2024-04-10T16:41:10.636+0000] {dag.py:3047} INFO - Sync 1 DAGs
[2024-04-10T16:41:10.657+0000] {logging_mixin.py:188} INFO - [2024-04-10T16:41:10.656+0000] {dag.py:3834} INFO - Setting next_dagrun for first_dag_bitwise3 to 2024-04-02 00:00:00+00:00, run_after=2024-04-03 00:00:00+00:00
[2024-04-10T16:41:10.673+0000] {processor.py:183} INFO - Processing /opt/airflow/dags/first_day.py took 0.078 seconds
[2024-04-10T16:41:41.099+0000] {processor.py:161} INFO - Started process (PID=224) to work on /opt/airflow/dags/first_day.py
[2024-04-10T16:41:41.099+0000] {processor.py:830} INFO - Processing file /opt/airflow/dags/first_day.py for tasks to queue
[2024-04-10T16:41:41.100+0000] {logging_mixin.py:188} INFO - [2024-04-10T16:41:41.100+0000] {dagbag.py:540} INFO - Filling up the DagBag from /opt/airflow/dags/first_day.py
[2024-04-10T16:41:41.114+0000] {processor.py:840} INFO - DAG(s) 'first_dag_bitwise3' retrieved from /opt/airflow/dags/first_day.py
[2024-04-10T16:41:41.130+0000] {logging_mixin.py:188} INFO - [2024-04-10T16:41:41.130+0000] {dag.py:3047} INFO - Sync 1 DAGs
[2024-04-10T16:41:41.151+0000] {logging_mixin.py:188} INFO - [2024-04-10T16:41:41.151+0000] {dag.py:3834} INFO - Setting next_dagrun for first_dag_bitwise3 to 2024-04-02 00:00:00+00:00, run_after=2024-04-03 00:00:00+00:00
[2024-04-10T16:41:41.167+0000] {processor.py:183} INFO - Processing /opt/airflow/dags/first_day.py took 0.071 seconds
[2024-04-10T16:42:11.724+0000] {processor.py:161} INFO - Started process (PID=238) to work on /opt/airflow/dags/first_day.py
[2024-04-10T16:42:11.725+0000] {processor.py:830} INFO - Processing file /opt/airflow/dags/first_day.py for tasks to queue
[2024-04-10T16:42:11.726+0000] {logging_mixin.py:188} INFO - [2024-04-10T16:42:11.726+0000] {dagbag.py:540} INFO - Filling up the DagBag from /opt/airflow/dags/first_day.py
[2024-04-10T16:42:11.741+0000] {processor.py:840} INFO - DAG(s) 'first_dag_bitwise3' retrieved from /opt/airflow/dags/first_day.py
[2024-04-10T16:42:11.759+0000] {logging_mixin.py:188} INFO - [2024-04-10T16:42:11.758+0000] {dag.py:3047} INFO - Sync 1 DAGs
[2024-04-10T16:42:11.777+0000] {logging_mixin.py:188} INFO - [2024-04-10T16:42:11.777+0000] {dag.py:3834} INFO - Setting next_dagrun for first_dag_bitwise3 to 2024-04-02 00:00:00+00:00, run_after=2024-04-03 00:00:00+00:00
[2024-04-10T16:42:11.795+0000] {processor.py:183} INFO - Processing /opt/airflow/dags/first_day.py took 0.073 seconds
[2024-04-10T16:42:42.424+0000] {processor.py:161} INFO - Started process (PID=252) to work on /opt/airflow/dags/first_day.py
[2024-04-10T16:42:42.425+0000] {processor.py:830} INFO - Processing file /opt/airflow/dags/first_day.py for tasks to queue
[2024-04-10T16:42:42.426+0000] {logging_mixin.py:188} INFO - [2024-04-10T16:42:42.426+0000] {dagbag.py:540} INFO - Filling up the DagBag from /opt/airflow/dags/first_day.py
[2024-04-10T16:42:42.442+0000] {processor.py:840} INFO - DAG(s) 'first_dag_bitwise3' retrieved from /opt/airflow/dags/first_day.py
[2024-04-10T16:42:42.462+0000] {logging_mixin.py:188} INFO - [2024-04-10T16:42:42.461+0000] {dag.py:3047} INFO - Sync 1 DAGs
[2024-04-10T16:42:42.479+0000] {logging_mixin.py:188} INFO - [2024-04-10T16:42:42.479+0000] {dag.py:3834} INFO - Setting next_dagrun for first_dag_bitwise3 to 2024-04-02 00:00:00+00:00, run_after=2024-04-03 00:00:00+00:00
[2024-04-10T16:42:42.495+0000] {processor.py:183} INFO - Processing /opt/airflow/dags/first_day.py took 0.074 seconds
[2024-04-10T16:43:13.190+0000] {processor.py:161} INFO - Started process (PID=266) to work on /opt/airflow/dags/first_day.py
[2024-04-10T16:43:13.191+0000] {processor.py:830} INFO - Processing file /opt/airflow/dags/first_day.py for tasks to queue
[2024-04-10T16:43:13.192+0000] {logging_mixin.py:188} INFO - [2024-04-10T16:43:13.192+0000] {dagbag.py:540} INFO - Filling up the DagBag from /opt/airflow/dags/first_day.py
[2024-04-10T16:43:13.212+0000] {processor.py:840} INFO - DAG(s) 'first_dag_bitwise3' retrieved from /opt/airflow/dags/first_day.py
[2024-04-10T16:43:13.233+0000] {logging_mixin.py:188} INFO - [2024-04-10T16:43:13.232+0000] {dag.py:3047} INFO - Sync 1 DAGs
[2024-04-10T16:43:13.255+0000] {logging_mixin.py:188} INFO - [2024-04-10T16:43:13.255+0000] {dag.py:3834} INFO - Setting next_dagrun for first_dag_bitwise3 to 2024-04-02 00:00:00+00:00, run_after=2024-04-03 00:00:00+00:00
[2024-04-10T16:43:13.275+0000] {processor.py:183} INFO - Processing /opt/airflow/dags/first_day.py took 0.087 seconds
[2024-04-10T16:43:43.864+0000] {processor.py:161} INFO - Started process (PID=280) to work on /opt/airflow/dags/first_day.py
[2024-04-10T16:43:43.865+0000] {processor.py:830} INFO - Processing file /opt/airflow/dags/first_day.py for tasks to queue
[2024-04-10T16:43:43.867+0000] {logging_mixin.py:188} INFO - [2024-04-10T16:43:43.866+0000] {dagbag.py:540} INFO - Filling up the DagBag from /opt/airflow/dags/first_day.py
[2024-04-10T16:43:43.881+0000] {processor.py:840} INFO - DAG(s) 'first_dag_bitwise3' retrieved from /opt/airflow/dags/first_day.py
[2024-04-10T16:43:43.899+0000] {logging_mixin.py:188} INFO - [2024-04-10T16:43:43.899+0000] {dag.py:3047} INFO - Sync 1 DAGs
[2024-04-10T16:43:43.919+0000] {logging_mixin.py:188} INFO - [2024-04-10T16:43:43.919+0000] {dag.py:3834} INFO - Setting next_dagrun for first_dag_bitwise3 to 2024-04-02 00:00:00+00:00, run_after=2024-04-03 00:00:00+00:00
[2024-04-10T16:43:43.936+0000] {processor.py:183} INFO - Processing /opt/airflow/dags/first_day.py took 0.074 seconds
[2024-04-10T16:44:14.512+0000] {processor.py:161} INFO - Started process (PID=294) to work on /opt/airflow/dags/first_day.py
[2024-04-10T16:44:14.512+0000] {processor.py:830} INFO - Processing file /opt/airflow/dags/first_day.py for tasks to queue
[2024-04-10T16:44:14.514+0000] {logging_mixin.py:188} INFO - [2024-04-10T16:44:14.513+0000] {dagbag.py:540} INFO - Filling up the DagBag from /opt/airflow/dags/first_day.py
[2024-04-10T16:44:14.530+0000] {processor.py:840} INFO - DAG(s) 'first_dag_bitwise3' retrieved from /opt/airflow/dags/first_day.py
[2024-04-10T16:44:14.549+0000] {logging_mixin.py:188} INFO - [2024-04-10T16:44:14.548+0000] {dag.py:3047} INFO - Sync 1 DAGs
[2024-04-10T16:44:14.568+0000] {logging_mixin.py:188} INFO - [2024-04-10T16:44:14.567+0000] {dag.py:3834} INFO - Setting next_dagrun for first_dag_bitwise3 to 2024-04-02 00:00:00+00:00, run_after=2024-04-03 00:00:00+00:00
[2024-04-10T16:44:14.585+0000] {processor.py:183} INFO - Processing /opt/airflow/dags/first_day.py took 0.076 seconds
[2024-04-10T16:44:45.421+0000] {processor.py:161} INFO - Started process (PID=308) to work on /opt/airflow/dags/first_day.py
[2024-04-10T16:44:45.422+0000] {processor.py:830} INFO - Processing file /opt/airflow/dags/first_day.py for tasks to queue
[2024-04-10T16:44:45.423+0000] {logging_mixin.py:188} INFO - [2024-04-10T16:44:45.423+0000] {dagbag.py:540} INFO - Filling up the DagBag from /opt/airflow/dags/first_day.py
[2024-04-10T16:44:45.441+0000] {processor.py:840} INFO - DAG(s) 'first_dag_bitwise3' retrieved from /opt/airflow/dags/first_day.py
[2024-04-10T16:44:45.466+0000] {logging_mixin.py:188} INFO - [2024-04-10T16:44:45.465+0000] {dag.py:3047} INFO - Sync 1 DAGs
[2024-04-10T16:44:45.492+0000] {logging_mixin.py:188} INFO - [2024-04-10T16:44:45.491+0000] {dag.py:3834} INFO - Setting next_dagrun for first_dag_bitwise3 to 2024-04-02 00:00:00+00:00, run_after=2024-04-03 00:00:00+00:00
[2024-04-10T16:44:45.512+0000] {processor.py:183} INFO - Processing /opt/airflow/dags/first_day.py took 0.094 seconds
[2024-04-10T16:45:16.250+0000] {processor.py:161} INFO - Started process (PID=322) to work on /opt/airflow/dags/first_day.py
[2024-04-10T16:45:16.251+0000] {processor.py:830} INFO - Processing file /opt/airflow/dags/first_day.py for tasks to queue
[2024-04-10T16:45:16.254+0000] {logging_mixin.py:188} INFO - [2024-04-10T16:45:16.253+0000] {dagbag.py:540} INFO - Filling up the DagBag from /opt/airflow/dags/first_day.py
[2024-04-10T16:45:16.288+0000] {processor.py:840} INFO - DAG(s) 'first_dag_bitwise3' retrieved from /opt/airflow/dags/first_day.py
[2024-04-10T16:45:16.323+0000] {logging_mixin.py:188} INFO - [2024-04-10T16:45:16.322+0000] {dag.py:3047} INFO - Sync 1 DAGs
[2024-04-10T16:45:16.354+0000] {logging_mixin.py:188} INFO - [2024-04-10T16:45:16.354+0000] {dag.py:3834} INFO - Setting next_dagrun for first_dag_bitwise3 to 2024-04-02 00:00:00+00:00, run_after=2024-04-03 00:00:00+00:00
[2024-04-10T16:45:16.382+0000] {processor.py:183} INFO - Processing /opt/airflow/dags/first_day.py took 0.136 seconds
[2024-04-10T16:45:47.008+0000] {processor.py:161} INFO - Started process (PID=336) to work on /opt/airflow/dags/first_day.py
[2024-04-10T16:45:47.009+0000] {processor.py:830} INFO - Processing file /opt/airflow/dags/first_day.py for tasks to queue
[2024-04-10T16:45:47.011+0000] {logging_mixin.py:188} INFO - [2024-04-10T16:45:47.011+0000] {dagbag.py:540} INFO - Filling up the DagBag from /opt/airflow/dags/first_day.py
[2024-04-10T16:45:47.027+0000] {processor.py:840} INFO - DAG(s) 'first_dag_bitwise3' retrieved from /opt/airflow/dags/first_day.py
[2024-04-10T16:45:47.044+0000] {logging_mixin.py:188} INFO - [2024-04-10T16:45:47.044+0000] {dag.py:3047} INFO - Sync 1 DAGs
[2024-04-10T16:45:47.064+0000] {logging_mixin.py:188} INFO - [2024-04-10T16:45:47.064+0000] {dag.py:3834} INFO - Setting next_dagrun for first_dag_bitwise3 to 2024-04-02 00:00:00+00:00, run_after=2024-04-03 00:00:00+00:00
[2024-04-10T16:45:47.085+0000] {processor.py:183} INFO - Processing /opt/airflow/dags/first_day.py took 0.079 seconds
[2024-04-10T16:46:17.747+0000] {processor.py:161} INFO - Started process (PID=350) to work on /opt/airflow/dags/first_day.py
[2024-04-10T16:46:17.748+0000] {processor.py:830} INFO - Processing file /opt/airflow/dags/first_day.py for tasks to queue
[2024-04-10T16:46:17.750+0000] {logging_mixin.py:188} INFO - [2024-04-10T16:46:17.750+0000] {dagbag.py:540} INFO - Filling up the DagBag from /opt/airflow/dags/first_day.py
[2024-04-10T16:46:17.766+0000] {processor.py:840} INFO - DAG(s) 'first_dag_bitwise3' retrieved from /opt/airflow/dags/first_day.py
[2024-04-10T16:46:17.784+0000] {logging_mixin.py:188} INFO - [2024-04-10T16:46:17.784+0000] {dag.py:3047} INFO - Sync 1 DAGs
[2024-04-10T16:46:17.805+0000] {logging_mixin.py:188} INFO - [2024-04-10T16:46:17.805+0000] {dag.py:3834} INFO - Setting next_dagrun for first_dag_bitwise3 to 2024-04-02 00:00:00+00:00, run_after=2024-04-03 00:00:00+00:00
[2024-04-10T16:46:17.823+0000] {processor.py:183} INFO - Processing /opt/airflow/dags/first_day.py took 0.079 seconds
[2024-04-10T16:46:48.429+0000] {processor.py:161} INFO - Started process (PID=364) to work on /opt/airflow/dags/first_day.py
[2024-04-10T16:46:48.430+0000] {processor.py:830} INFO - Processing file /opt/airflow/dags/first_day.py for tasks to queue
[2024-04-10T16:46:48.431+0000] {logging_mixin.py:188} INFO - [2024-04-10T16:46:48.431+0000] {dagbag.py:540} INFO - Filling up the DagBag from /opt/airflow/dags/first_day.py
[2024-04-10T16:46:48.445+0000] {processor.py:840} INFO - DAG(s) 'first_dag_bitwise3' retrieved from /opt/airflow/dags/first_day.py
[2024-04-10T16:46:48.462+0000] {logging_mixin.py:188} INFO - [2024-04-10T16:46:48.462+0000] {dag.py:3047} INFO - Sync 1 DAGs
[2024-04-10T16:46:48.480+0000] {logging_mixin.py:188} INFO - [2024-04-10T16:46:48.480+0000] {dag.py:3834} INFO - Setting next_dagrun for first_dag_bitwise3 to 2024-04-02 00:00:00+00:00, run_after=2024-04-03 00:00:00+00:00
[2024-04-10T16:46:48.497+0000] {processor.py:183} INFO - Processing /opt/airflow/dags/first_day.py took 0.070 seconds
