[2024-04-10T16:35:30.624+0000] {processor.py:161} INFO - Started process (PID=49) to work on /opt/airflow/dags/minios3buc.py
[2024-04-10T16:35:30.628+0000] {processor.py:830} INFO - Processing file /opt/airflow/dags/minios3buc.py for tasks to queue
[2024-04-10T16:35:30.631+0000] {logging_mixin.py:188} INFO - [2024-04-10T16:35:30.630+0000] {dagbag.py:540} INFO - Filling up the DagBag from /opt/airflow/dags/minios3buc.py
[2024-04-10T16:35:30.693+0000] {processor.py:840} INFO - DAG(s) 'miniouss3dag' retrieved from /opt/airflow/dags/minios3buc.py
[2024-04-10T16:35:30.732+0000] {logging_mixin.py:188} INFO - [2024-04-10T16:35:30.732+0000] {dag.py:3047} INFO - Sync 1 DAGs
[2024-04-10T16:35:30.777+0000] {logging_mixin.py:188} INFO - [2024-04-10T16:35:30.776+0000] {dag.py:3834} INFO - Setting next_dagrun for miniouss3dag to 2024-04-04 04:05:00+00:00, run_after=2024-04-05 04:05:00+00:00
[2024-04-10T16:35:30.809+0000] {processor.py:183} INFO - Processing /opt/airflow/dags/minios3buc.py took 0.191 seconds
[2024-04-10T16:36:01.568+0000] {processor.py:161} INFO - Started process (PID=63) to work on /opt/airflow/dags/minios3buc.py
[2024-04-10T16:36:01.572+0000] {processor.py:830} INFO - Processing file /opt/airflow/dags/minios3buc.py for tasks to queue
[2024-04-10T16:36:01.582+0000] {logging_mixin.py:188} INFO - [2024-04-10T16:36:01.582+0000] {dagbag.py:540} INFO - Filling up the DagBag from /opt/airflow/dags/minios3buc.py
[2024-04-10T16:36:01.612+0000] {processor.py:840} INFO - DAG(s) 'miniouss3dag' retrieved from /opt/airflow/dags/minios3buc.py
[2024-04-10T16:36:01.632+0000] {logging_mixin.py:188} INFO - [2024-04-10T16:36:01.631+0000] {dag.py:3047} INFO - Sync 1 DAGs
[2024-04-10T16:36:01.655+0000] {logging_mixin.py:188} INFO - [2024-04-10T16:36:01.655+0000] {dag.py:3834} INFO - Setting next_dagrun for miniouss3dag to 2024-04-04 04:05:00+00:00, run_after=2024-04-05 04:05:00+00:00
[2024-04-10T16:36:01.676+0000] {processor.py:183} INFO - Processing /opt/airflow/dags/minios3buc.py took 0.111 seconds
[2024-04-10T16:36:32.397+0000] {processor.py:161} INFO - Started process (PID=77) to work on /opt/airflow/dags/minios3buc.py
[2024-04-10T16:36:32.398+0000] {processor.py:830} INFO - Processing file /opt/airflow/dags/minios3buc.py for tasks to queue
[2024-04-10T16:36:32.400+0000] {logging_mixin.py:188} INFO - [2024-04-10T16:36:32.399+0000] {dagbag.py:540} INFO - Filling up the DagBag from /opt/airflow/dags/minios3buc.py
[2024-04-10T16:36:32.428+0000] {processor.py:840} INFO - DAG(s) 'miniouss3dag' retrieved from /opt/airflow/dags/minios3buc.py
[2024-04-10T16:36:32.447+0000] {logging_mixin.py:188} INFO - [2024-04-10T16:36:32.447+0000] {dag.py:3047} INFO - Sync 1 DAGs
[2024-04-10T16:36:32.467+0000] {logging_mixin.py:188} INFO - [2024-04-10T16:36:32.467+0000] {dag.py:3834} INFO - Setting next_dagrun for miniouss3dag to 2024-04-04 04:05:00+00:00, run_after=2024-04-05 04:05:00+00:00
[2024-04-10T16:36:32.486+0000] {processor.py:183} INFO - Processing /opt/airflow/dags/minios3buc.py took 0.092 seconds
[2024-04-10T16:37:03.430+0000] {processor.py:161} INFO - Started process (PID=91) to work on /opt/airflow/dags/minios3buc.py
[2024-04-10T16:37:03.433+0000] {processor.py:830} INFO - Processing file /opt/airflow/dags/minios3buc.py for tasks to queue
[2024-04-10T16:37:03.436+0000] {logging_mixin.py:188} INFO - [2024-04-10T16:37:03.436+0000] {dagbag.py:540} INFO - Filling up the DagBag from /opt/airflow/dags/minios3buc.py
[2024-04-10T16:37:03.469+0000] {processor.py:840} INFO - DAG(s) 'miniouss3dag' retrieved from /opt/airflow/dags/minios3buc.py
[2024-04-10T16:37:03.494+0000] {logging_mixin.py:188} INFO - [2024-04-10T16:37:03.493+0000] {dag.py:3047} INFO - Sync 1 DAGs
[2024-04-10T16:37:03.519+0000] {logging_mixin.py:188} INFO - [2024-04-10T16:37:03.519+0000] {dag.py:3834} INFO - Setting next_dagrun for miniouss3dag to 2024-04-04 04:05:00+00:00, run_after=2024-04-05 04:05:00+00:00
[2024-04-10T16:37:03.538+0000] {processor.py:183} INFO - Processing /opt/airflow/dags/minios3buc.py took 0.112 seconds
[2024-04-10T16:37:33.698+0000] {processor.py:161} INFO - Started process (PID=106) to work on /opt/airflow/dags/minios3buc.py
[2024-04-10T16:37:33.700+0000] {processor.py:830} INFO - Processing file /opt/airflow/dags/minios3buc.py for tasks to queue
[2024-04-10T16:37:33.704+0000] {logging_mixin.py:188} INFO - [2024-04-10T16:37:33.703+0000] {dagbag.py:540} INFO - Filling up the DagBag from /opt/airflow/dags/minios3buc.py
[2024-04-10T16:37:33.748+0000] {processor.py:840} INFO - DAG(s) 'miniouss3dag' retrieved from /opt/airflow/dags/minios3buc.py
[2024-04-10T16:37:33.781+0000] {logging_mixin.py:188} INFO - [2024-04-10T16:37:33.781+0000] {dag.py:3047} INFO - Sync 1 DAGs
[2024-04-10T16:37:33.815+0000] {logging_mixin.py:188} INFO - [2024-04-10T16:37:33.815+0000] {dag.py:3834} INFO - Setting next_dagrun for miniouss3dag to 2024-04-04 04:05:00+00:00, run_after=2024-04-05 04:05:00+00:00
[2024-04-10T16:37:33.841+0000] {processor.py:183} INFO - Processing /opt/airflow/dags/minios3buc.py took 0.151 seconds
[2024-04-10T16:38:03.985+0000] {processor.py:161} INFO - Started process (PID=120) to work on /opt/airflow/dags/minios3buc.py
[2024-04-10T16:38:03.989+0000] {processor.py:830} INFO - Processing file /opt/airflow/dags/minios3buc.py for tasks to queue
[2024-04-10T16:38:03.998+0000] {logging_mixin.py:188} INFO - [2024-04-10T16:38:03.993+0000] {dagbag.py:540} INFO - Filling up the DagBag from /opt/airflow/dags/minios3buc.py
[2024-04-10T16:38:04.068+0000] {processor.py:840} INFO - DAG(s) 'miniouss3dag' retrieved from /opt/airflow/dags/minios3buc.py
[2024-04-10T16:38:04.109+0000] {logging_mixin.py:188} INFO - [2024-04-10T16:38:04.109+0000] {dag.py:3047} INFO - Sync 1 DAGs
[2024-04-10T16:38:04.191+0000] {logging_mixin.py:188} INFO - [2024-04-10T16:38:04.190+0000] {dag.py:3834} INFO - Setting next_dagrun for miniouss3dag to 2024-04-04 04:05:00+00:00, run_after=2024-04-05 04:05:00+00:00
[2024-04-10T16:38:04.238+0000] {processor.py:183} INFO - Processing /opt/airflow/dags/minios3buc.py took 0.261 seconds
[2024-04-10T16:38:35.194+0000] {processor.py:161} INFO - Started process (PID=134) to work on /opt/airflow/dags/minios3buc.py
[2024-04-10T16:38:35.196+0000] {processor.py:830} INFO - Processing file /opt/airflow/dags/minios3buc.py for tasks to queue
[2024-04-10T16:38:35.199+0000] {logging_mixin.py:188} INFO - [2024-04-10T16:38:35.198+0000] {dagbag.py:540} INFO - Filling up the DagBag from /opt/airflow/dags/minios3buc.py
[2024-04-10T16:38:35.220+0000] {processor.py:840} INFO - DAG(s) 'miniouss3dag' retrieved from /opt/airflow/dags/minios3buc.py
[2024-04-10T16:38:35.246+0000] {logging_mixin.py:188} INFO - [2024-04-10T16:38:35.245+0000] {dag.py:3047} INFO - Sync 1 DAGs
[2024-04-10T16:38:35.271+0000] {logging_mixin.py:188} INFO - [2024-04-10T16:38:35.271+0000] {dag.py:3834} INFO - Setting next_dagrun for miniouss3dag to 2024-04-04 04:05:00+00:00, run_after=2024-04-05 04:05:00+00:00
[2024-04-10T16:38:35.290+0000] {processor.py:183} INFO - Processing /opt/airflow/dags/minios3buc.py took 0.099 seconds
[2024-04-10T16:39:06.191+0000] {processor.py:161} INFO - Started process (PID=148) to work on /opt/airflow/dags/minios3buc.py
[2024-04-10T16:39:06.192+0000] {processor.py:830} INFO - Processing file /opt/airflow/dags/minios3buc.py for tasks to queue
[2024-04-10T16:39:06.195+0000] {logging_mixin.py:188} INFO - [2024-04-10T16:39:06.194+0000] {dagbag.py:540} INFO - Filling up the DagBag from /opt/airflow/dags/minios3buc.py
[2024-04-10T16:39:06.216+0000] {processor.py:840} INFO - DAG(s) 'miniouss3dag' retrieved from /opt/airflow/dags/minios3buc.py
[2024-04-10T16:39:06.240+0000] {logging_mixin.py:188} INFO - [2024-04-10T16:39:06.240+0000] {dag.py:3047} INFO - Sync 1 DAGs
[2024-04-10T16:39:06.263+0000] {logging_mixin.py:188} INFO - [2024-04-10T16:39:06.262+0000] {dag.py:3834} INFO - Setting next_dagrun for miniouss3dag to 2024-04-04 04:05:00+00:00, run_after=2024-04-05 04:05:00+00:00
[2024-04-10T16:39:06.286+0000] {processor.py:183} INFO - Processing /opt/airflow/dags/minios3buc.py took 0.100 seconds
[2024-04-10T16:39:37.124+0000] {processor.py:161} INFO - Started process (PID=162) to work on /opt/airflow/dags/minios3buc.py
[2024-04-10T16:39:37.125+0000] {processor.py:830} INFO - Processing file /opt/airflow/dags/minios3buc.py for tasks to queue
[2024-04-10T16:39:37.126+0000] {logging_mixin.py:188} INFO - [2024-04-10T16:39:37.126+0000] {dagbag.py:540} INFO - Filling up the DagBag from /opt/airflow/dags/minios3buc.py
[2024-04-10T16:39:37.147+0000] {processor.py:840} INFO - DAG(s) 'miniouss3dag' retrieved from /opt/airflow/dags/minios3buc.py
[2024-04-10T16:39:37.163+0000] {logging_mixin.py:188} INFO - [2024-04-10T16:39:37.163+0000] {dag.py:3047} INFO - Sync 1 DAGs
[2024-04-10T16:39:37.186+0000] {logging_mixin.py:188} INFO - [2024-04-10T16:39:37.185+0000] {dag.py:3834} INFO - Setting next_dagrun for miniouss3dag to 2024-04-04 04:05:00+00:00, run_after=2024-04-05 04:05:00+00:00
[2024-04-10T16:39:37.202+0000] {processor.py:183} INFO - Processing /opt/airflow/dags/minios3buc.py took 0.080 seconds
[2024-04-10T16:40:07.857+0000] {processor.py:161} INFO - Started process (PID=176) to work on /opt/airflow/dags/minios3buc.py
[2024-04-10T16:40:07.858+0000] {processor.py:830} INFO - Processing file /opt/airflow/dags/minios3buc.py for tasks to queue
[2024-04-10T16:40:07.860+0000] {logging_mixin.py:188} INFO - [2024-04-10T16:40:07.860+0000] {dagbag.py:540} INFO - Filling up the DagBag from /opt/airflow/dags/minios3buc.py
[2024-04-10T16:40:07.878+0000] {processor.py:840} INFO - DAG(s) 'miniouss3dag' retrieved from /opt/airflow/dags/minios3buc.py
[2024-04-10T16:40:07.897+0000] {logging_mixin.py:188} INFO - [2024-04-10T16:40:07.896+0000] {dag.py:3047} INFO - Sync 1 DAGs
[2024-04-10T16:40:07.916+0000] {logging_mixin.py:188} INFO - [2024-04-10T16:40:07.916+0000] {dag.py:3834} INFO - Setting next_dagrun for miniouss3dag to 2024-04-04 04:05:00+00:00, run_after=2024-04-05 04:05:00+00:00
[2024-04-10T16:40:07.941+0000] {processor.py:183} INFO - Processing /opt/airflow/dags/minios3buc.py took 0.086 seconds
[2024-04-10T16:40:38.669+0000] {processor.py:161} INFO - Started process (PID=190) to work on /opt/airflow/dags/minios3buc.py
[2024-04-10T16:40:38.669+0000] {processor.py:830} INFO - Processing file /opt/airflow/dags/minios3buc.py for tasks to queue
[2024-04-10T16:40:38.671+0000] {logging_mixin.py:188} INFO - [2024-04-10T16:40:38.671+0000] {dagbag.py:540} INFO - Filling up the DagBag from /opt/airflow/dags/minios3buc.py
[2024-04-10T16:40:38.686+0000] {processor.py:840} INFO - DAG(s) 'miniouss3dag' retrieved from /opt/airflow/dags/minios3buc.py
[2024-04-10T16:40:38.702+0000] {logging_mixin.py:188} INFO - [2024-04-10T16:40:38.702+0000] {dag.py:3047} INFO - Sync 1 DAGs
[2024-04-10T16:40:38.721+0000] {logging_mixin.py:188} INFO - [2024-04-10T16:40:38.721+0000] {dag.py:3834} INFO - Setting next_dagrun for miniouss3dag to 2024-04-04 04:05:00+00:00, run_after=2024-04-05 04:05:00+00:00
[2024-04-10T16:40:38.744+0000] {processor.py:183} INFO - Processing /opt/airflow/dags/minios3buc.py took 0.077 seconds
[2024-04-10T16:41:09.273+0000] {processor.py:161} INFO - Started process (PID=204) to work on /opt/airflow/dags/minios3buc.py
[2024-04-10T16:41:09.274+0000] {processor.py:830} INFO - Processing file /opt/airflow/dags/minios3buc.py for tasks to queue
[2024-04-10T16:41:09.275+0000] {logging_mixin.py:188} INFO - [2024-04-10T16:41:09.275+0000] {dagbag.py:540} INFO - Filling up the DagBag from /opt/airflow/dags/minios3buc.py
[2024-04-10T16:41:09.290+0000] {processor.py:840} INFO - DAG(s) 'miniouss3dag' retrieved from /opt/airflow/dags/minios3buc.py
[2024-04-10T16:41:09.307+0000] {logging_mixin.py:188} INFO - [2024-04-10T16:41:09.306+0000] {dag.py:3047} INFO - Sync 1 DAGs
[2024-04-10T16:41:09.326+0000] {logging_mixin.py:188} INFO - [2024-04-10T16:41:09.326+0000] {dag.py:3834} INFO - Setting next_dagrun for miniouss3dag to 2024-04-04 04:05:00+00:00, run_after=2024-04-05 04:05:00+00:00
[2024-04-10T16:41:09.345+0000] {processor.py:183} INFO - Processing /opt/airflow/dags/minios3buc.py took 0.074 seconds
[2024-04-10T16:41:39.880+0000] {processor.py:161} INFO - Started process (PID=218) to work on /opt/airflow/dags/minios3buc.py
[2024-04-10T16:41:39.881+0000] {processor.py:830} INFO - Processing file /opt/airflow/dags/minios3buc.py for tasks to queue
[2024-04-10T16:41:39.882+0000] {logging_mixin.py:188} INFO - [2024-04-10T16:41:39.882+0000] {dagbag.py:540} INFO - Filling up the DagBag from /opt/airflow/dags/minios3buc.py
[2024-04-10T16:41:39.896+0000] {processor.py:840} INFO - DAG(s) 'miniouss3dag' retrieved from /opt/airflow/dags/minios3buc.py
[2024-04-10T16:41:39.911+0000] {logging_mixin.py:188} INFO - [2024-04-10T16:41:39.911+0000] {dag.py:3047} INFO - Sync 1 DAGs
[2024-04-10T16:41:39.928+0000] {logging_mixin.py:188} INFO - [2024-04-10T16:41:39.928+0000] {dag.py:3834} INFO - Setting next_dagrun for miniouss3dag to 2024-04-04 04:05:00+00:00, run_after=2024-04-05 04:05:00+00:00
[2024-04-10T16:41:39.944+0000] {processor.py:183} INFO - Processing /opt/airflow/dags/minios3buc.py took 0.067 seconds
[2024-04-10T16:42:10.464+0000] {processor.py:161} INFO - Started process (PID=232) to work on /opt/airflow/dags/minios3buc.py
[2024-04-10T16:42:10.465+0000] {processor.py:830} INFO - Processing file /opt/airflow/dags/minios3buc.py for tasks to queue
[2024-04-10T16:42:10.466+0000] {logging_mixin.py:188} INFO - [2024-04-10T16:42:10.466+0000] {dagbag.py:540} INFO - Filling up the DagBag from /opt/airflow/dags/minios3buc.py
[2024-04-10T16:42:10.483+0000] {processor.py:840} INFO - DAG(s) 'miniouss3dag' retrieved from /opt/airflow/dags/minios3buc.py
[2024-04-10T16:42:10.503+0000] {logging_mixin.py:188} INFO - [2024-04-10T16:42:10.503+0000] {dag.py:3047} INFO - Sync 1 DAGs
[2024-04-10T16:42:10.522+0000] {logging_mixin.py:188} INFO - [2024-04-10T16:42:10.522+0000] {dag.py:3834} INFO - Setting next_dagrun for miniouss3dag to 2024-04-04 04:05:00+00:00, run_after=2024-04-05 04:05:00+00:00
[2024-04-10T16:42:10.542+0000] {processor.py:183} INFO - Processing /opt/airflow/dags/minios3buc.py took 0.081 seconds
[2024-04-10T16:42:41.090+0000] {processor.py:161} INFO - Started process (PID=246) to work on /opt/airflow/dags/minios3buc.py
[2024-04-10T16:42:41.091+0000] {processor.py:830} INFO - Processing file /opt/airflow/dags/minios3buc.py for tasks to queue
[2024-04-10T16:42:41.093+0000] {logging_mixin.py:188} INFO - [2024-04-10T16:42:41.093+0000] {dagbag.py:540} INFO - Filling up the DagBag from /opt/airflow/dags/minios3buc.py
[2024-04-10T16:42:41.109+0000] {processor.py:840} INFO - DAG(s) 'miniouss3dag' retrieved from /opt/airflow/dags/minios3buc.py
[2024-04-10T16:42:41.127+0000] {logging_mixin.py:188} INFO - [2024-04-10T16:42:41.127+0000] {dag.py:3047} INFO - Sync 1 DAGs
[2024-04-10T16:42:41.146+0000] {logging_mixin.py:188} INFO - [2024-04-10T16:42:41.145+0000] {dag.py:3834} INFO - Setting next_dagrun for miniouss3dag to 2024-04-04 04:05:00+00:00, run_after=2024-04-05 04:05:00+00:00
[2024-04-10T16:42:41.164+0000] {processor.py:183} INFO - Processing /opt/airflow/dags/minios3buc.py took 0.077 seconds
[2024-04-10T16:43:11.820+0000] {processor.py:161} INFO - Started process (PID=260) to work on /opt/airflow/dags/minios3buc.py
[2024-04-10T16:43:11.821+0000] {processor.py:830} INFO - Processing file /opt/airflow/dags/minios3buc.py for tasks to queue
[2024-04-10T16:43:11.822+0000] {logging_mixin.py:188} INFO - [2024-04-10T16:43:11.822+0000] {dagbag.py:540} INFO - Filling up the DagBag from /opt/airflow/dags/minios3buc.py
[2024-04-10T16:43:11.839+0000] {processor.py:840} INFO - DAG(s) 'miniouss3dag' retrieved from /opt/airflow/dags/minios3buc.py
[2024-04-10T16:43:11.856+0000] {logging_mixin.py:188} INFO - [2024-04-10T16:43:11.856+0000] {dag.py:3047} INFO - Sync 1 DAGs
[2024-04-10T16:43:11.879+0000] {logging_mixin.py:188} INFO - [2024-04-10T16:43:11.878+0000] {dag.py:3834} INFO - Setting next_dagrun for miniouss3dag to 2024-04-04 04:05:00+00:00, run_after=2024-04-05 04:05:00+00:00
[2024-04-10T16:43:11.898+0000] {processor.py:183} INFO - Processing /opt/airflow/dags/minios3buc.py took 0.080 seconds
[2024-04-10T16:43:42.544+0000] {processor.py:161} INFO - Started process (PID=274) to work on /opt/airflow/dags/minios3buc.py
[2024-04-10T16:43:42.545+0000] {processor.py:830} INFO - Processing file /opt/airflow/dags/minios3buc.py for tasks to queue
[2024-04-10T16:43:42.547+0000] {logging_mixin.py:188} INFO - [2024-04-10T16:43:42.547+0000] {dagbag.py:540} INFO - Filling up the DagBag from /opt/airflow/dags/minios3buc.py
[2024-04-10T16:43:42.563+0000] {processor.py:840} INFO - DAG(s) 'miniouss3dag' retrieved from /opt/airflow/dags/minios3buc.py
[2024-04-10T16:43:42.580+0000] {logging_mixin.py:188} INFO - [2024-04-10T16:43:42.580+0000] {dag.py:3047} INFO - Sync 1 DAGs
[2024-04-10T16:43:42.599+0000] {logging_mixin.py:188} INFO - [2024-04-10T16:43:42.599+0000] {dag.py:3834} INFO - Setting next_dagrun for miniouss3dag to 2024-04-04 04:05:00+00:00, run_after=2024-04-05 04:05:00+00:00
[2024-04-10T16:43:42.614+0000] {processor.py:183} INFO - Processing /opt/airflow/dags/minios3buc.py took 0.072 seconds
[2024-04-10T16:44:13.200+0000] {processor.py:161} INFO - Started process (PID=288) to work on /opt/airflow/dags/minios3buc.py
[2024-04-10T16:44:13.201+0000] {processor.py:830} INFO - Processing file /opt/airflow/dags/minios3buc.py for tasks to queue
[2024-04-10T16:44:13.202+0000] {logging_mixin.py:188} INFO - [2024-04-10T16:44:13.202+0000] {dagbag.py:540} INFO - Filling up the DagBag from /opt/airflow/dags/minios3buc.py
[2024-04-10T16:44:13.218+0000] {processor.py:840} INFO - DAG(s) 'miniouss3dag' retrieved from /opt/airflow/dags/minios3buc.py
[2024-04-10T16:44:13.237+0000] {logging_mixin.py:188} INFO - [2024-04-10T16:44:13.236+0000] {dag.py:3047} INFO - Sync 1 DAGs
[2024-04-10T16:44:13.254+0000] {logging_mixin.py:188} INFO - [2024-04-10T16:44:13.254+0000] {dag.py:3834} INFO - Setting next_dagrun for miniouss3dag to 2024-04-04 04:05:00+00:00, run_after=2024-04-05 04:05:00+00:00
[2024-04-10T16:44:13.270+0000] {processor.py:183} INFO - Processing /opt/airflow/dags/minios3buc.py took 0.071 seconds
[2024-04-10T16:44:43.916+0000] {processor.py:161} INFO - Started process (PID=302) to work on /opt/airflow/dags/minios3buc.py
[2024-04-10T16:44:43.917+0000] {processor.py:830} INFO - Processing file /opt/airflow/dags/minios3buc.py for tasks to queue
[2024-04-10T16:44:43.920+0000] {logging_mixin.py:188} INFO - [2024-04-10T16:44:43.919+0000] {dagbag.py:540} INFO - Filling up the DagBag from /opt/airflow/dags/minios3buc.py
[2024-04-10T16:44:43.950+0000] {processor.py:840} INFO - DAG(s) 'miniouss3dag' retrieved from /opt/airflow/dags/minios3buc.py
[2024-04-10T16:44:43.978+0000] {logging_mixin.py:188} INFO - [2024-04-10T16:44:43.977+0000] {dag.py:3047} INFO - Sync 1 DAGs
[2024-04-10T16:44:44.012+0000] {logging_mixin.py:188} INFO - [2024-04-10T16:44:44.012+0000] {dag.py:3834} INFO - Setting next_dagrun for miniouss3dag to 2024-04-04 04:05:00+00:00, run_after=2024-04-05 04:05:00+00:00
[2024-04-10T16:44:44.042+0000] {processor.py:183} INFO - Processing /opt/airflow/dags/minios3buc.py took 0.130 seconds
[2024-04-10T16:45:14.721+0000] {processor.py:161} INFO - Started process (PID=316) to work on /opt/airflow/dags/minios3buc.py
[2024-04-10T16:45:14.723+0000] {processor.py:830} INFO - Processing file /opt/airflow/dags/minios3buc.py for tasks to queue
[2024-04-10T16:45:14.727+0000] {logging_mixin.py:188} INFO - [2024-04-10T16:45:14.726+0000] {dagbag.py:540} INFO - Filling up the DagBag from /opt/airflow/dags/minios3buc.py
[2024-04-10T16:45:14.759+0000] {processor.py:840} INFO - DAG(s) 'miniouss3dag' retrieved from /opt/airflow/dags/minios3buc.py
[2024-04-10T16:45:14.796+0000] {logging_mixin.py:188} INFO - [2024-04-10T16:45:14.795+0000] {dag.py:3047} INFO - Sync 1 DAGs
[2024-04-10T16:45:14.835+0000] {logging_mixin.py:188} INFO - [2024-04-10T16:45:14.834+0000] {dag.py:3834} INFO - Setting next_dagrun for miniouss3dag to 2024-04-04 04:05:00+00:00, run_after=2024-04-05 04:05:00+00:00
[2024-04-10T16:45:14.874+0000] {processor.py:183} INFO - Processing /opt/airflow/dags/minios3buc.py took 0.155 seconds
[2024-04-10T16:45:45.651+0000] {processor.py:161} INFO - Started process (PID=330) to work on /opt/airflow/dags/minios3buc.py
[2024-04-10T16:45:45.652+0000] {processor.py:830} INFO - Processing file /opt/airflow/dags/minios3buc.py for tasks to queue
[2024-04-10T16:45:45.654+0000] {logging_mixin.py:188} INFO - [2024-04-10T16:45:45.653+0000] {dagbag.py:540} INFO - Filling up the DagBag from /opt/airflow/dags/minios3buc.py
[2024-04-10T16:45:45.672+0000] {processor.py:840} INFO - DAG(s) 'miniouss3dag' retrieved from /opt/airflow/dags/minios3buc.py
[2024-04-10T16:45:45.693+0000] {logging_mixin.py:188} INFO - [2024-04-10T16:45:45.693+0000] {dag.py:3047} INFO - Sync 1 DAGs
[2024-04-10T16:45:45.715+0000] {logging_mixin.py:188} INFO - [2024-04-10T16:45:45.714+0000] {dag.py:3834} INFO - Setting next_dagrun for miniouss3dag to 2024-04-04 04:05:00+00:00, run_after=2024-04-05 04:05:00+00:00
[2024-04-10T16:45:45.734+0000] {processor.py:183} INFO - Processing /opt/airflow/dags/minios3buc.py took 0.085 seconds
[2024-04-10T16:46:16.357+0000] {processor.py:161} INFO - Started process (PID=344) to work on /opt/airflow/dags/minios3buc.py
[2024-04-10T16:46:16.358+0000] {processor.py:830} INFO - Processing file /opt/airflow/dags/minios3buc.py for tasks to queue
[2024-04-10T16:46:16.359+0000] {logging_mixin.py:188} INFO - [2024-04-10T16:46:16.359+0000] {dagbag.py:540} INFO - Filling up the DagBag from /opt/airflow/dags/minios3buc.py
[2024-04-10T16:46:16.375+0000] {processor.py:840} INFO - DAG(s) 'miniouss3dag' retrieved from /opt/airflow/dags/minios3buc.py
[2024-04-10T16:46:16.391+0000] {logging_mixin.py:188} INFO - [2024-04-10T16:46:16.391+0000] {dag.py:3047} INFO - Sync 1 DAGs
[2024-04-10T16:46:16.410+0000] {logging_mixin.py:188} INFO - [2024-04-10T16:46:16.410+0000] {dag.py:3834} INFO - Setting next_dagrun for miniouss3dag to 2024-04-04 04:05:00+00:00, run_after=2024-04-05 04:05:00+00:00
[2024-04-10T16:46:16.427+0000] {processor.py:183} INFO - Processing /opt/airflow/dags/minios3buc.py took 0.072 seconds
[2024-04-10T16:46:47.112+0000] {processor.py:161} INFO - Started process (PID=358) to work on /opt/airflow/dags/minios3buc.py
[2024-04-10T16:46:47.113+0000] {processor.py:830} INFO - Processing file /opt/airflow/dags/minios3buc.py for tasks to queue
[2024-04-10T16:46:47.114+0000] {logging_mixin.py:188} INFO - [2024-04-10T16:46:47.114+0000] {dagbag.py:540} INFO - Filling up the DagBag from /opt/airflow/dags/minios3buc.py
[2024-04-10T16:46:47.132+0000] {processor.py:840} INFO - DAG(s) 'miniouss3dag' retrieved from /opt/airflow/dags/minios3buc.py
[2024-04-10T16:46:47.149+0000] {logging_mixin.py:188} INFO - [2024-04-10T16:46:47.148+0000] {dag.py:3047} INFO - Sync 1 DAGs
[2024-04-10T16:46:47.167+0000] {logging_mixin.py:188} INFO - [2024-04-10T16:46:47.167+0000] {dag.py:3834} INFO - Setting next_dagrun for miniouss3dag to 2024-04-04 04:05:00+00:00, run_after=2024-04-05 04:05:00+00:00
[2024-04-10T16:46:47.183+0000] {processor.py:183} INFO - Processing /opt/airflow/dags/minios3buc.py took 0.072 seconds
