[2024-04-17T18:09:26.036+0000] {taskinstance.py:1979} INFO - Dependencies all met for dep_context=non-requeueable deps ti=<TaskInstance: files_ext.merge_csv_files manual__2024-04-17T17:59:12.095194+00:00 [queued]>
[2024-04-17T18:09:26.046+0000] {taskinstance.py:1979} INFO - Dependencies all met for dep_context=requeueable deps ti=<TaskInstance: files_ext.merge_csv_files manual__2024-04-17T17:59:12.095194+00:00 [queued]>
[2024-04-17T18:09:26.047+0000] {taskinstance.py:2193} INFO - Starting attempt 3 of 4
[2024-04-17T18:09:26.059+0000] {taskinstance.py:2217} INFO - Executing <Task(PythonOperator): merge_csv_files> on 2024-04-17 17:59:12.095194+00:00
[2024-04-17T18:09:26.065+0000] {standard_task_runner.py:60} INFO - Started process 2443 to run task
[2024-04-17T18:09:26.067+0000] {standard_task_runner.py:87} INFO - Running: ['***', 'tasks', 'run', 'files_ext', 'merge_csv_files', 'manual__2024-04-17T17:59:12.095194+00:00', '--job-id', '2199', '--raw', '--subdir', 'DAGS_FOLDER/files_extraction.py', '--cfg-path', '/tmp/tmp7d_1xewz']
[2024-04-17T18:09:26.069+0000] {standard_task_runner.py:88} INFO - Job 2199: Subtask merge_csv_files
[2024-04-17T18:09:26.110+0000] {task_command.py:423} INFO - Running <TaskInstance: files_ext.merge_csv_files manual__2024-04-17T17:59:12.095194+00:00 [running]> on host fdd3cfdf3f53
[2024-04-17T18:09:26.179+0000] {taskinstance.py:2513} INFO - Exporting env vars: AIRFLOW_CTX_DAG_OWNER='***' AIRFLOW_CTX_DAG_ID='files_ext' AIRFLOW_CTX_TASK_ID='merge_csv_files' AIRFLOW_CTX_EXECUTION_DATE='2024-04-17T17:59:12.095194+00:00' AIRFLOW_CTX_TRY_NUMBER='3' AIRFLOW_CTX_DAG_RUN_ID='manual__2024-04-17T17:59:12.095194+00:00'
[2024-04-17T18:09:26.180+0000] {logging_mixin.py:188} INFO - files ['tsv_data.csv', 'txt_data.csv', 'csv_data.csv']
[2024-04-17T18:09:26.181+0000] {taskinstance.py:2731} ERROR - Task failed with exception
Traceback (most recent call last):
  File "/home/airflow/.local/lib/python3.8/site-packages/airflow/models/taskinstance.py", line 444, in _execute_task
    result = _execute_callable(context=context, **execute_callable_kwargs)
  File "/home/airflow/.local/lib/python3.8/site-packages/airflow/models/taskinstance.py", line 414, in _execute_callable
    return execute_callable(context=context, **execute_callable_kwargs)
  File "/home/airflow/.local/lib/python3.8/site-packages/airflow/operators/python.py", line 200, in execute
    return_value = self.execute_callable()
  File "/home/airflow/.local/lib/python3.8/site-packages/airflow/operators/python.py", line 217, in execute_callable
    return self.python_callable(*self.op_args, **self.op_kwargs)
  File "/opt/airflow/dags/files_extraction.py", line 476, in merge_csv_files
    csv_file1 = os.path.join(files, 'csv_data.csv')
  File "/usr/local/lib/python3.8/posixpath.py", line 76, in join
    a = os.fspath(a)
TypeError: expected str, bytes or os.PathLike object, not list
[2024-04-17T18:09:26.188+0000] {taskinstance.py:1149} INFO - Marking task as UP_FOR_RETRY. dag_id=files_ext, task_id=merge_csv_files, execution_date=20240417T175912, start_date=20240417T180926, end_date=20240417T180926
[2024-04-17T18:09:26.197+0000] {standard_task_runner.py:107} ERROR - Failed to execute job 2199 for task merge_csv_files (expected str, bytes or os.PathLike object, not list; 2443)
[2024-04-17T18:09:26.240+0000] {local_task_job_runner.py:234} INFO - Task exited with return code 1
[2024-04-17T18:09:26.252+0000] {taskinstance.py:3312} INFO - 0 downstream tasks scheduled from follow-on schedule check
