[2024-04-08T21:02:12.053+0000] {processor.py:161} INFO - Started process (PID=46) to work on /opt/airflow/dags/dag_catchup_backfil.py
[2024-04-08T21:02:12.060+0000] {processor.py:830} INFO - Processing file /opt/airflow/dags/dag_catchup_backfil.py for tasks to queue
[2024-04-08T21:02:12.079+0000] {logging_mixin.py:188} INFO - [2024-04-08T21:02:12.078+0000] {dagbag.py:540} INFO - Filling up the DagBag from /opt/airflow/dags/dag_catchup_backfil.py
[2024-04-08T21:02:12.121+0000] {processor.py:840} INFO - DAG(s) 'first_catchupbackfill' retrieved from /opt/airflow/dags/dag_catchup_backfil.py
[2024-04-08T21:02:12.176+0000] {logging_mixin.py:188} INFO - [2024-04-08T21:02:12.175+0000] {dag.py:3047} INFO - Sync 1 DAGs
[2024-04-08T21:02:12.249+0000] {logging_mixin.py:188} INFO - [2024-04-08T21:02:12.249+0000] {dag.py:3834} INFO - Setting next_dagrun for first_catchupbackfill to 2024-04-02 00:00:00+00:00, run_after=2024-04-03 00:00:00+00:00
[2024-04-08T21:02:12.310+0000] {processor.py:183} INFO - Processing /opt/airflow/dags/dag_catchup_backfil.py took 0.302 seconds
[2024-04-08T21:02:42.972+0000] {processor.py:161} INFO - Started process (PID=60) to work on /opt/airflow/dags/dag_catchup_backfil.py
[2024-04-08T21:02:42.974+0000] {processor.py:830} INFO - Processing file /opt/airflow/dags/dag_catchup_backfil.py for tasks to queue
[2024-04-08T21:02:42.978+0000] {logging_mixin.py:188} INFO - [2024-04-08T21:02:42.977+0000] {dagbag.py:540} INFO - Filling up the DagBag from /opt/airflow/dags/dag_catchup_backfil.py
[2024-04-08T21:02:43.023+0000] {processor.py:840} INFO - DAG(s) 'first_catchupbackfill' retrieved from /opt/airflow/dags/dag_catchup_backfil.py
[2024-04-08T21:02:43.065+0000] {logging_mixin.py:188} INFO - [2024-04-08T21:02:43.064+0000] {dag.py:3047} INFO - Sync 1 DAGs
[2024-04-08T21:02:43.120+0000] {logging_mixin.py:188} INFO - [2024-04-08T21:02:43.120+0000] {dag.py:3834} INFO - Setting next_dagrun for first_catchupbackfill to 2024-04-02 00:00:00+00:00, run_after=2024-04-03 00:00:00+00:00
[2024-04-08T21:02:43.163+0000] {processor.py:183} INFO - Processing /opt/airflow/dags/dag_catchup_backfil.py took 0.197 seconds
[2024-04-08T21:03:14.307+0000] {processor.py:161} INFO - Started process (PID=80) to work on /opt/airflow/dags/dag_catchup_backfil.py
[2024-04-08T21:03:14.308+0000] {processor.py:830} INFO - Processing file /opt/airflow/dags/dag_catchup_backfil.py for tasks to queue
[2024-04-08T21:03:14.312+0000] {logging_mixin.py:188} INFO - [2024-04-08T21:03:14.311+0000] {dagbag.py:540} INFO - Filling up the DagBag from /opt/airflow/dags/dag_catchup_backfil.py
[2024-04-08T21:03:14.376+0000] {processor.py:840} INFO - DAG(s) 'first_catchupbackfill' retrieved from /opt/airflow/dags/dag_catchup_backfil.py
[2024-04-08T21:03:14.426+0000] {logging_mixin.py:188} INFO - [2024-04-08T21:03:14.425+0000] {dag.py:3047} INFO - Sync 1 DAGs
[2024-04-08T21:03:14.499+0000] {logging_mixin.py:188} INFO - [2024-04-08T21:03:14.498+0000] {dag.py:3834} INFO - Setting next_dagrun for first_catchupbackfill to 2024-04-02 00:00:00+00:00, run_after=2024-04-03 00:00:00+00:00
[2024-04-08T21:03:14.543+0000] {processor.py:183} INFO - Processing /opt/airflow/dags/dag_catchup_backfil.py took 0.242 seconds
[2024-04-08T21:03:45.467+0000] {processor.py:161} INFO - Started process (PID=94) to work on /opt/airflow/dags/dag_catchup_backfil.py
[2024-04-08T21:03:45.469+0000] {processor.py:830} INFO - Processing file /opt/airflow/dags/dag_catchup_backfil.py for tasks to queue
[2024-04-08T21:03:45.472+0000] {logging_mixin.py:188} INFO - [2024-04-08T21:03:45.471+0000] {dagbag.py:540} INFO - Filling up the DagBag from /opt/airflow/dags/dag_catchup_backfil.py
[2024-04-08T21:03:45.525+0000] {processor.py:840} INFO - DAG(s) 'first_catchupbackfill' retrieved from /opt/airflow/dags/dag_catchup_backfil.py
[2024-04-08T21:03:45.717+0000] {logging_mixin.py:188} INFO - [2024-04-08T21:03:45.716+0000] {dag.py:3047} INFO - Sync 1 DAGs
[2024-04-08T21:03:45.762+0000] {logging_mixin.py:188} INFO - [2024-04-08T21:03:45.761+0000] {dag.py:3834} INFO - Setting next_dagrun for first_catchupbackfill to 2024-04-02 00:00:00+00:00, run_after=2024-04-03 00:00:00+00:00
[2024-04-08T21:03:45.807+0000] {processor.py:183} INFO - Processing /opt/airflow/dags/dag_catchup_backfil.py took 0.346 seconds
[2024-04-08T21:04:16.588+0000] {processor.py:161} INFO - Started process (PID=141) to work on /opt/airflow/dags/dag_catchup_backfil.py
[2024-04-08T21:04:16.591+0000] {processor.py:830} INFO - Processing file /opt/airflow/dags/dag_catchup_backfil.py for tasks to queue
[2024-04-08T21:04:16.596+0000] {logging_mixin.py:188} INFO - [2024-04-08T21:04:16.595+0000] {dagbag.py:540} INFO - Filling up the DagBag from /opt/airflow/dags/dag_catchup_backfil.py
[2024-04-08T21:04:16.645+0000] {processor.py:840} INFO - DAG(s) 'first_catchupbackfill' retrieved from /opt/airflow/dags/dag_catchup_backfil.py
[2024-04-08T21:04:16.691+0000] {logging_mixin.py:188} INFO - [2024-04-08T21:04:16.691+0000] {dag.py:3047} INFO - Sync 1 DAGs
[2024-04-08T21:04:16.732+0000] {logging_mixin.py:188} INFO - [2024-04-08T21:04:16.732+0000] {dag.py:3834} INFO - Setting next_dagrun for first_catchupbackfill to 2024-04-02 00:00:00+00:00, run_after=2024-04-03 00:00:00+00:00
[2024-04-08T21:04:16.786+0000] {processor.py:183} INFO - Processing /opt/airflow/dags/dag_catchup_backfil.py took 0.204 seconds
[2024-04-08T21:04:47.600+0000] {processor.py:161} INFO - Started process (PID=155) to work on /opt/airflow/dags/dag_catchup_backfil.py
[2024-04-08T21:04:47.603+0000] {processor.py:830} INFO - Processing file /opt/airflow/dags/dag_catchup_backfil.py for tasks to queue
[2024-04-08T21:04:47.606+0000] {logging_mixin.py:188} INFO - [2024-04-08T21:04:47.606+0000] {dagbag.py:540} INFO - Filling up the DagBag from /opt/airflow/dags/dag_catchup_backfil.py
[2024-04-08T21:04:47.653+0000] {processor.py:840} INFO - DAG(s) 'first_catchupbackfill' retrieved from /opt/airflow/dags/dag_catchup_backfil.py
[2024-04-08T21:04:47.697+0000] {logging_mixin.py:188} INFO - [2024-04-08T21:04:47.697+0000] {dag.py:3047} INFO - Sync 1 DAGs
[2024-04-08T21:04:47.751+0000] {logging_mixin.py:188} INFO - [2024-04-08T21:04:47.750+0000] {dag.py:3834} INFO - Setting next_dagrun for first_catchupbackfill to 2024-04-02 00:00:00+00:00, run_after=2024-04-03 00:00:00+00:00
[2024-04-08T21:04:47.799+0000] {processor.py:183} INFO - Processing /opt/airflow/dags/dag_catchup_backfil.py took 0.207 seconds
[2024-04-08T21:05:18.689+0000] {processor.py:161} INFO - Started process (PID=169) to work on /opt/airflow/dags/dag_catchup_backfil.py
[2024-04-08T21:05:18.692+0000] {processor.py:830} INFO - Processing file /opt/airflow/dags/dag_catchup_backfil.py for tasks to queue
[2024-04-08T21:05:18.697+0000] {logging_mixin.py:188} INFO - [2024-04-08T21:05:18.696+0000] {dagbag.py:540} INFO - Filling up the DagBag from /opt/airflow/dags/dag_catchup_backfil.py
[2024-04-08T21:05:18.757+0000] {processor.py:840} INFO - DAG(s) 'first_catchupbackfill' retrieved from /opt/airflow/dags/dag_catchup_backfil.py
[2024-04-08T21:05:18.829+0000] {logging_mixin.py:188} INFO - [2024-04-08T21:05:18.828+0000] {dag.py:3047} INFO - Sync 1 DAGs
[2024-04-08T21:05:18.906+0000] {logging_mixin.py:188} INFO - [2024-04-08T21:05:18.906+0000] {dag.py:3834} INFO - Setting next_dagrun for first_catchupbackfill to 2024-04-02 00:00:00+00:00, run_after=2024-04-03 00:00:00+00:00
[2024-04-08T21:05:18.950+0000] {processor.py:183} INFO - Processing /opt/airflow/dags/dag_catchup_backfil.py took 0.270 seconds
[2024-04-08T21:05:49.591+0000] {processor.py:161} INFO - Started process (PID=183) to work on /opt/airflow/dags/dag_catchup_backfil.py
[2024-04-08T21:05:49.594+0000] {processor.py:830} INFO - Processing file /opt/airflow/dags/dag_catchup_backfil.py for tasks to queue
[2024-04-08T21:05:49.597+0000] {logging_mixin.py:188} INFO - [2024-04-08T21:05:49.596+0000] {dagbag.py:540} INFO - Filling up the DagBag from /opt/airflow/dags/dag_catchup_backfil.py
[2024-04-08T21:05:49.644+0000] {processor.py:840} INFO - DAG(s) 'first_catchupbackfill' retrieved from /opt/airflow/dags/dag_catchup_backfil.py
[2024-04-08T21:05:49.701+0000] {logging_mixin.py:188} INFO - [2024-04-08T21:05:49.700+0000] {dag.py:3047} INFO - Sync 1 DAGs
[2024-04-08T21:05:49.764+0000] {logging_mixin.py:188} INFO - [2024-04-08T21:05:49.764+0000] {dag.py:3834} INFO - Setting next_dagrun for first_catchupbackfill to 2024-04-02 00:00:00+00:00, run_after=2024-04-03 00:00:00+00:00
[2024-04-08T21:05:49.806+0000] {processor.py:183} INFO - Processing /opt/airflow/dags/dag_catchup_backfil.py took 0.222 seconds
[2024-04-08T21:06:20.480+0000] {processor.py:161} INFO - Started process (PID=197) to work on /opt/airflow/dags/dag_catchup_backfil.py
[2024-04-08T21:06:20.482+0000] {processor.py:830} INFO - Processing file /opt/airflow/dags/dag_catchup_backfil.py for tasks to queue
[2024-04-08T21:06:20.486+0000] {logging_mixin.py:188} INFO - [2024-04-08T21:06:20.485+0000] {dagbag.py:540} INFO - Filling up the DagBag from /opt/airflow/dags/dag_catchup_backfil.py
[2024-04-08T21:06:20.529+0000] {processor.py:840} INFO - DAG(s) 'first_catchupbackfill' retrieved from /opt/airflow/dags/dag_catchup_backfil.py
[2024-04-08T21:06:20.577+0000] {logging_mixin.py:188} INFO - [2024-04-08T21:06:20.576+0000] {dag.py:3047} INFO - Sync 1 DAGs
[2024-04-08T21:06:20.622+0000] {logging_mixin.py:188} INFO - [2024-04-08T21:06:20.622+0000] {dag.py:3834} INFO - Setting next_dagrun for first_catchupbackfill to 2024-04-02 00:00:00+00:00, run_after=2024-04-03 00:00:00+00:00
[2024-04-08T21:06:20.664+0000] {processor.py:183} INFO - Processing /opt/airflow/dags/dag_catchup_backfil.py took 0.189 seconds
[2024-04-08T21:06:51.208+0000] {processor.py:161} INFO - Started process (PID=212) to work on /opt/airflow/dags/dag_catchup_backfil.py
[2024-04-08T21:06:51.210+0000] {processor.py:830} INFO - Processing file /opt/airflow/dags/dag_catchup_backfil.py for tasks to queue
[2024-04-08T21:06:51.216+0000] {logging_mixin.py:188} INFO - [2024-04-08T21:06:51.215+0000] {dagbag.py:540} INFO - Filling up the DagBag from /opt/airflow/dags/dag_catchup_backfil.py
[2024-04-08T21:06:51.269+0000] {processor.py:840} INFO - DAG(s) 'first_catchupbackfill' retrieved from /opt/airflow/dags/dag_catchup_backfil.py
[2024-04-08T21:06:51.316+0000] {logging_mixin.py:188} INFO - [2024-04-08T21:06:51.315+0000] {dag.py:3047} INFO - Sync 1 DAGs
[2024-04-08T21:06:51.370+0000] {logging_mixin.py:188} INFO - [2024-04-08T21:06:51.369+0000] {dag.py:3834} INFO - Setting next_dagrun for first_catchupbackfill to 2024-04-02 00:00:00+00:00, run_after=2024-04-03 00:00:00+00:00
[2024-04-08T21:06:51.413+0000] {processor.py:183} INFO - Processing /opt/airflow/dags/dag_catchup_backfil.py took 0.212 seconds
[2024-04-08T21:07:22.075+0000] {processor.py:161} INFO - Started process (PID=226) to work on /opt/airflow/dags/dag_catchup_backfil.py
[2024-04-08T21:07:22.078+0000] {processor.py:830} INFO - Processing file /opt/airflow/dags/dag_catchup_backfil.py for tasks to queue
[2024-04-08T21:07:22.082+0000] {logging_mixin.py:188} INFO - [2024-04-08T21:07:22.082+0000] {dagbag.py:540} INFO - Filling up the DagBag from /opt/airflow/dags/dag_catchup_backfil.py
[2024-04-08T21:07:22.132+0000] {processor.py:840} INFO - DAG(s) 'first_catchupbackfill' retrieved from /opt/airflow/dags/dag_catchup_backfil.py
[2024-04-08T21:07:22.180+0000] {logging_mixin.py:188} INFO - [2024-04-08T21:07:22.179+0000] {dag.py:3047} INFO - Sync 1 DAGs
[2024-04-08T21:07:22.229+0000] {logging_mixin.py:188} INFO - [2024-04-08T21:07:22.229+0000] {dag.py:3834} INFO - Setting next_dagrun for first_catchupbackfill to 2024-04-02 00:00:00+00:00, run_after=2024-04-03 00:00:00+00:00
[2024-04-08T21:07:22.266+0000] {processor.py:183} INFO - Processing /opt/airflow/dags/dag_catchup_backfil.py took 0.197 seconds
[2024-04-08T21:07:52.390+0000] {processor.py:161} INFO - Started process (PID=240) to work on /opt/airflow/dags/dag_catchup_backfil.py
[2024-04-08T21:07:52.392+0000] {processor.py:830} INFO - Processing file /opt/airflow/dags/dag_catchup_backfil.py for tasks to queue
[2024-04-08T21:07:52.396+0000] {logging_mixin.py:188} INFO - [2024-04-08T21:07:52.396+0000] {dagbag.py:540} INFO - Filling up the DagBag from /opt/airflow/dags/dag_catchup_backfil.py
[2024-04-08T21:07:52.441+0000] {processor.py:840} INFO - DAG(s) 'first_catchupbackfill' retrieved from /opt/airflow/dags/dag_catchup_backfil.py
[2024-04-08T21:07:52.485+0000] {logging_mixin.py:188} INFO - [2024-04-08T21:07:52.485+0000] {dag.py:3047} INFO - Sync 1 DAGs
[2024-04-08T21:07:52.537+0000] {logging_mixin.py:188} INFO - [2024-04-08T21:07:52.536+0000] {dag.py:3834} INFO - Setting next_dagrun for first_catchupbackfill to 2024-04-02 00:00:00+00:00, run_after=2024-04-03 00:00:00+00:00
[2024-04-08T21:07:52.574+0000] {processor.py:183} INFO - Processing /opt/airflow/dags/dag_catchup_backfil.py took 0.189 seconds
[2024-04-08T21:08:22.716+0000] {processor.py:161} INFO - Started process (PID=254) to work on /opt/airflow/dags/dag_catchup_backfil.py
[2024-04-08T21:08:22.718+0000] {processor.py:830} INFO - Processing file /opt/airflow/dags/dag_catchup_backfil.py for tasks to queue
[2024-04-08T21:08:22.723+0000] {logging_mixin.py:188} INFO - [2024-04-08T21:08:22.723+0000] {dagbag.py:540} INFO - Filling up the DagBag from /opt/airflow/dags/dag_catchup_backfil.py
[2024-04-08T21:08:22.774+0000] {processor.py:840} INFO - DAG(s) 'first_catchupbackfill' retrieved from /opt/airflow/dags/dag_catchup_backfil.py
[2024-04-08T21:08:22.816+0000] {logging_mixin.py:188} INFO - [2024-04-08T21:08:22.816+0000] {dag.py:3047} INFO - Sync 1 DAGs
[2024-04-08T21:08:22.860+0000] {logging_mixin.py:188} INFO - [2024-04-08T21:08:22.859+0000] {dag.py:3834} INFO - Setting next_dagrun for first_catchupbackfill to 2024-04-02 00:00:00+00:00, run_after=2024-04-03 00:00:00+00:00
[2024-04-08T21:08:22.897+0000] {processor.py:183} INFO - Processing /opt/airflow/dags/dag_catchup_backfil.py took 0.188 seconds
[2024-04-08T21:08:53.024+0000] {processor.py:161} INFO - Started process (PID=268) to work on /opt/airflow/dags/dag_catchup_backfil.py
[2024-04-08T21:08:53.026+0000] {processor.py:830} INFO - Processing file /opt/airflow/dags/dag_catchup_backfil.py for tasks to queue
[2024-04-08T21:08:53.030+0000] {logging_mixin.py:188} INFO - [2024-04-08T21:08:53.030+0000] {dagbag.py:540} INFO - Filling up the DagBag from /opt/airflow/dags/dag_catchup_backfil.py
[2024-04-08T21:08:53.084+0000] {processor.py:840} INFO - DAG(s) 'first_catchupbackfill' retrieved from /opt/airflow/dags/dag_catchup_backfil.py
[2024-04-08T21:08:53.134+0000] {logging_mixin.py:188} INFO - [2024-04-08T21:08:53.134+0000] {dag.py:3047} INFO - Sync 1 DAGs
[2024-04-08T21:08:53.181+0000] {logging_mixin.py:188} INFO - [2024-04-08T21:08:53.180+0000] {dag.py:3834} INFO - Setting next_dagrun for first_catchupbackfill to 2024-04-02 00:00:00+00:00, run_after=2024-04-03 00:00:00+00:00
[2024-04-08T21:08:53.232+0000] {processor.py:183} INFO - Processing /opt/airflow/dags/dag_catchup_backfil.py took 0.215 seconds
[2024-04-08T21:09:23.541+0000] {processor.py:161} INFO - Started process (PID=282) to work on /opt/airflow/dags/dag_catchup_backfil.py
[2024-04-08T21:09:23.543+0000] {processor.py:830} INFO - Processing file /opt/airflow/dags/dag_catchup_backfil.py for tasks to queue
[2024-04-08T21:09:23.546+0000] {logging_mixin.py:188} INFO - [2024-04-08T21:09:23.546+0000] {dagbag.py:540} INFO - Filling up the DagBag from /opt/airflow/dags/dag_catchup_backfil.py
[2024-04-08T21:09:23.590+0000] {processor.py:840} INFO - DAG(s) 'first_catchupbackfill' retrieved from /opt/airflow/dags/dag_catchup_backfil.py
[2024-04-08T21:09:23.628+0000] {logging_mixin.py:188} INFO - [2024-04-08T21:09:23.627+0000] {dag.py:3047} INFO - Sync 1 DAGs
[2024-04-08T21:09:23.671+0000] {logging_mixin.py:188} INFO - [2024-04-08T21:09:23.670+0000] {dag.py:3834} INFO - Setting next_dagrun for first_catchupbackfill to 2024-04-02 00:00:00+00:00, run_after=2024-04-03 00:00:00+00:00
[2024-04-08T21:09:23.717+0000] {processor.py:183} INFO - Processing /opt/airflow/dags/dag_catchup_backfil.py took 0.182 seconds
[2024-04-08T21:09:53.999+0000] {processor.py:161} INFO - Started process (PID=297) to work on /opt/airflow/dags/dag_catchup_backfil.py
[2024-04-08T21:09:54.001+0000] {processor.py:830} INFO - Processing file /opt/airflow/dags/dag_catchup_backfil.py for tasks to queue
[2024-04-08T21:09:54.004+0000] {logging_mixin.py:188} INFO - [2024-04-08T21:09:54.004+0000] {dagbag.py:540} INFO - Filling up the DagBag from /opt/airflow/dags/dag_catchup_backfil.py
[2024-04-08T21:09:54.054+0000] {processor.py:840} INFO - DAG(s) 'first_catchupbackfill' retrieved from /opt/airflow/dags/dag_catchup_backfil.py
[2024-04-08T21:09:54.096+0000] {logging_mixin.py:188} INFO - [2024-04-08T21:09:54.096+0000] {dag.py:3047} INFO - Sync 1 DAGs
[2024-04-08T21:09:54.137+0000] {logging_mixin.py:188} INFO - [2024-04-08T21:09:54.136+0000] {dag.py:3834} INFO - Setting next_dagrun for first_catchupbackfill to 2024-04-02 00:00:00+00:00, run_after=2024-04-03 00:00:00+00:00
[2024-04-08T21:09:54.184+0000] {processor.py:183} INFO - Processing /opt/airflow/dags/dag_catchup_backfil.py took 0.191 seconds
[2024-04-08T21:10:24.323+0000] {processor.py:161} INFO - Started process (PID=311) to work on /opt/airflow/dags/dag_catchup_backfil.py
[2024-04-08T21:10:24.325+0000] {processor.py:830} INFO - Processing file /opt/airflow/dags/dag_catchup_backfil.py for tasks to queue
[2024-04-08T21:10:24.329+0000] {logging_mixin.py:188} INFO - [2024-04-08T21:10:24.329+0000] {dagbag.py:540} INFO - Filling up the DagBag from /opt/airflow/dags/dag_catchup_backfil.py
[2024-04-08T21:10:24.377+0000] {processor.py:840} INFO - DAG(s) 'first_catchupbackfill' retrieved from /opt/airflow/dags/dag_catchup_backfil.py
[2024-04-08T21:10:24.417+0000] {logging_mixin.py:188} INFO - [2024-04-08T21:10:24.416+0000] {dag.py:3047} INFO - Sync 1 DAGs
[2024-04-08T21:10:24.460+0000] {logging_mixin.py:188} INFO - [2024-04-08T21:10:24.459+0000] {dag.py:3834} INFO - Setting next_dagrun for first_catchupbackfill to 2024-04-02 00:00:00+00:00, run_after=2024-04-03 00:00:00+00:00
[2024-04-08T21:10:24.506+0000] {processor.py:183} INFO - Processing /opt/airflow/dags/dag_catchup_backfil.py took 0.188 seconds
[2024-04-08T21:10:54.915+0000] {processor.py:161} INFO - Started process (PID=325) to work on /opt/airflow/dags/dag_catchup_backfil.py
[2024-04-08T21:10:54.919+0000] {processor.py:830} INFO - Processing file /opt/airflow/dags/dag_catchup_backfil.py for tasks to queue
[2024-04-08T21:10:54.925+0000] {logging_mixin.py:188} INFO - [2024-04-08T21:10:54.924+0000] {dagbag.py:540} INFO - Filling up the DagBag from /opt/airflow/dags/dag_catchup_backfil.py
[2024-04-08T21:10:55.023+0000] {processor.py:840} INFO - DAG(s) 'first_catchupbackfill' retrieved from /opt/airflow/dags/dag_catchup_backfil.py
[2024-04-08T21:10:55.097+0000] {logging_mixin.py:188} INFO - [2024-04-08T21:10:55.096+0000] {dag.py:3047} INFO - Sync 1 DAGs
[2024-04-08T21:10:55.157+0000] {logging_mixin.py:188} INFO - [2024-04-08T21:10:55.156+0000] {dag.py:3834} INFO - Setting next_dagrun for first_catchupbackfill to 2024-04-02 00:00:00+00:00, run_after=2024-04-03 00:00:00+00:00
[2024-04-08T21:10:55.204+0000] {processor.py:183} INFO - Processing /opt/airflow/dags/dag_catchup_backfil.py took 0.298 seconds
[2024-04-08T21:11:25.965+0000] {processor.py:161} INFO - Started process (PID=339) to work on /opt/airflow/dags/dag_catchup_backfil.py
[2024-04-08T21:11:25.973+0000] {processor.py:830} INFO - Processing file /opt/airflow/dags/dag_catchup_backfil.py for tasks to queue
[2024-04-08T21:11:25.984+0000] {logging_mixin.py:188} INFO - [2024-04-08T21:11:25.983+0000] {dagbag.py:540} INFO - Filling up the DagBag from /opt/airflow/dags/dag_catchup_backfil.py
[2024-04-08T21:11:26.055+0000] {processor.py:840} INFO - DAG(s) 'first_catchupbackfill' retrieved from /opt/airflow/dags/dag_catchup_backfil.py
[2024-04-08T21:11:26.097+0000] {logging_mixin.py:188} INFO - [2024-04-08T21:11:26.097+0000] {dag.py:3047} INFO - Sync 1 DAGs
[2024-04-08T21:11:26.139+0000] {logging_mixin.py:188} INFO - [2024-04-08T21:11:26.139+0000] {dag.py:3834} INFO - Setting next_dagrun for first_catchupbackfill to 2024-04-02 00:00:00+00:00, run_after=2024-04-03 00:00:00+00:00
[2024-04-08T21:11:26.179+0000] {processor.py:183} INFO - Processing /opt/airflow/dags/dag_catchup_backfil.py took 0.222 seconds
[2024-04-08T21:11:56.307+0000] {processor.py:161} INFO - Started process (PID=353) to work on /opt/airflow/dags/dag_catchup_backfil.py
[2024-04-08T21:11:56.309+0000] {processor.py:830} INFO - Processing file /opt/airflow/dags/dag_catchup_backfil.py for tasks to queue
[2024-04-08T21:11:56.321+0000] {logging_mixin.py:188} INFO - [2024-04-08T21:11:56.320+0000] {dagbag.py:540} INFO - Filling up the DagBag from /opt/airflow/dags/dag_catchup_backfil.py
[2024-04-08T21:11:56.367+0000] {processor.py:840} INFO - DAG(s) 'first_catchupbackfill' retrieved from /opt/airflow/dags/dag_catchup_backfil.py
[2024-04-08T21:11:56.408+0000] {logging_mixin.py:188} INFO - [2024-04-08T21:11:56.407+0000] {dag.py:3047} INFO - Sync 1 DAGs
[2024-04-08T21:11:56.449+0000] {logging_mixin.py:188} INFO - [2024-04-08T21:11:56.449+0000] {dag.py:3834} INFO - Setting next_dagrun for first_catchupbackfill to 2024-04-02 00:00:00+00:00, run_after=2024-04-03 00:00:00+00:00
[2024-04-08T21:11:56.490+0000] {processor.py:183} INFO - Processing /opt/airflow/dags/dag_catchup_backfil.py took 0.189 seconds
[2024-04-08T21:12:26.649+0000] {processor.py:161} INFO - Started process (PID=367) to work on /opt/airflow/dags/dag_catchup_backfil.py
[2024-04-08T21:12:26.652+0000] {processor.py:830} INFO - Processing file /opt/airflow/dags/dag_catchup_backfil.py for tasks to queue
[2024-04-08T21:12:26.655+0000] {logging_mixin.py:188} INFO - [2024-04-08T21:12:26.655+0000] {dagbag.py:540} INFO - Filling up the DagBag from /opt/airflow/dags/dag_catchup_backfil.py
[2024-04-08T21:12:26.701+0000] {processor.py:840} INFO - DAG(s) 'first_catchupbackfill' retrieved from /opt/airflow/dags/dag_catchup_backfil.py
[2024-04-08T21:12:26.757+0000] {logging_mixin.py:188} INFO - [2024-04-08T21:12:26.756+0000] {dag.py:3047} INFO - Sync 1 DAGs
[2024-04-08T21:12:26.819+0000] {logging_mixin.py:188} INFO - [2024-04-08T21:12:26.818+0000] {dag.py:3834} INFO - Setting next_dagrun for first_catchupbackfill to 2024-04-02 00:00:00+00:00, run_after=2024-04-03 00:00:00+00:00
[2024-04-08T21:12:26.863+0000] {processor.py:183} INFO - Processing /opt/airflow/dags/dag_catchup_backfil.py took 0.220 seconds
[2024-04-08T21:12:57.024+0000] {processor.py:161} INFO - Started process (PID=380) to work on /opt/airflow/dags/dag_catchup_backfil.py
[2024-04-08T21:12:57.026+0000] {processor.py:830} INFO - Processing file /opt/airflow/dags/dag_catchup_backfil.py for tasks to queue
[2024-04-08T21:12:57.029+0000] {logging_mixin.py:188} INFO - [2024-04-08T21:12:57.028+0000] {dagbag.py:540} INFO - Filling up the DagBag from /opt/airflow/dags/dag_catchup_backfil.py
[2024-04-08T21:12:57.068+0000] {processor.py:840} INFO - DAG(s) 'first_catchupbackfill' retrieved from /opt/airflow/dags/dag_catchup_backfil.py
[2024-04-08T21:12:57.107+0000] {logging_mixin.py:188} INFO - [2024-04-08T21:12:57.106+0000] {dag.py:3047} INFO - Sync 1 DAGs
[2024-04-08T21:12:57.158+0000] {logging_mixin.py:188} INFO - [2024-04-08T21:12:57.158+0000] {dag.py:3834} INFO - Setting next_dagrun for first_catchupbackfill to 2024-04-02 00:00:00+00:00, run_after=2024-04-03 00:00:00+00:00
[2024-04-08T21:12:57.201+0000] {processor.py:183} INFO - Processing /opt/airflow/dags/dag_catchup_backfil.py took 0.181 seconds
[2024-04-08T21:13:27.793+0000] {processor.py:161} INFO - Started process (PID=394) to work on /opt/airflow/dags/dag_catchup_backfil.py
[2024-04-08T21:13:27.795+0000] {processor.py:830} INFO - Processing file /opt/airflow/dags/dag_catchup_backfil.py for tasks to queue
[2024-04-08T21:13:27.798+0000] {logging_mixin.py:188} INFO - [2024-04-08T21:13:27.797+0000] {dagbag.py:540} INFO - Filling up the DagBag from /opt/airflow/dags/dag_catchup_backfil.py
[2024-04-08T21:13:27.834+0000] {processor.py:840} INFO - DAG(s) 'first_catchupbackfill' retrieved from /opt/airflow/dags/dag_catchup_backfil.py
[2024-04-08T21:13:27.871+0000] {logging_mixin.py:188} INFO - [2024-04-08T21:13:27.871+0000] {dag.py:3047} INFO - Sync 1 DAGs
[2024-04-08T21:13:27.912+0000] {logging_mixin.py:188} INFO - [2024-04-08T21:13:27.911+0000] {dag.py:3834} INFO - Setting next_dagrun for first_catchupbackfill to 2024-04-02 00:00:00+00:00, run_after=2024-04-03 00:00:00+00:00
[2024-04-08T21:13:27.957+0000] {processor.py:183} INFO - Processing /opt/airflow/dags/dag_catchup_backfil.py took 0.168 seconds
[2024-04-08T21:13:58.816+0000] {processor.py:161} INFO - Started process (PID=408) to work on /opt/airflow/dags/dag_catchup_backfil.py
[2024-04-08T21:13:58.818+0000] {processor.py:830} INFO - Processing file /opt/airflow/dags/dag_catchup_backfil.py for tasks to queue
[2024-04-08T21:13:58.821+0000] {logging_mixin.py:188} INFO - [2024-04-08T21:13:58.821+0000] {dagbag.py:540} INFO - Filling up the DagBag from /opt/airflow/dags/dag_catchup_backfil.py
[2024-04-08T21:13:58.884+0000] {processor.py:840} INFO - DAG(s) 'first_catchupbackfill' retrieved from /opt/airflow/dags/dag_catchup_backfil.py
[2024-04-08T21:13:58.938+0000] {logging_mixin.py:188} INFO - [2024-04-08T21:13:58.937+0000] {dag.py:3047} INFO - Sync 1 DAGs
[2024-04-08T21:13:58.994+0000] {logging_mixin.py:188} INFO - [2024-04-08T21:13:58.993+0000] {dag.py:3834} INFO - Setting next_dagrun for first_catchupbackfill to 2024-04-02 00:00:00+00:00, run_after=2024-04-03 00:00:00+00:00
[2024-04-08T21:13:59.046+0000] {processor.py:183} INFO - Processing /opt/airflow/dags/dag_catchup_backfil.py took 0.236 seconds
[2024-04-08T21:14:29.912+0000] {processor.py:161} INFO - Started process (PID=422) to work on /opt/airflow/dags/dag_catchup_backfil.py
[2024-04-08T21:14:29.914+0000] {processor.py:830} INFO - Processing file /opt/airflow/dags/dag_catchup_backfil.py for tasks to queue
[2024-04-08T21:14:29.918+0000] {logging_mixin.py:188} INFO - [2024-04-08T21:14:29.917+0000] {dagbag.py:540} INFO - Filling up the DagBag from /opt/airflow/dags/dag_catchup_backfil.py
[2024-04-08T21:14:29.970+0000] {processor.py:840} INFO - DAG(s) 'first_catchupbackfill' retrieved from /opt/airflow/dags/dag_catchup_backfil.py
[2024-04-08T21:14:30.014+0000] {logging_mixin.py:188} INFO - [2024-04-08T21:14:30.013+0000] {dag.py:3047} INFO - Sync 1 DAGs
[2024-04-08T21:14:30.077+0000] {logging_mixin.py:188} INFO - [2024-04-08T21:14:30.077+0000] {dag.py:3834} INFO - Setting next_dagrun for first_catchupbackfill to 2024-04-02 00:00:00+00:00, run_after=2024-04-03 00:00:00+00:00
[2024-04-08T21:14:30.132+0000] {processor.py:183} INFO - Processing /opt/airflow/dags/dag_catchup_backfil.py took 0.226 seconds
[2024-04-08T21:15:00.663+0000] {processor.py:161} INFO - Started process (PID=437) to work on /opt/airflow/dags/dag_catchup_backfil.py
[2024-04-08T21:15:00.665+0000] {processor.py:830} INFO - Processing file /opt/airflow/dags/dag_catchup_backfil.py for tasks to queue
[2024-04-08T21:15:00.669+0000] {logging_mixin.py:188} INFO - [2024-04-08T21:15:00.668+0000] {dagbag.py:540} INFO - Filling up the DagBag from /opt/airflow/dags/dag_catchup_backfil.py
[2024-04-08T21:15:00.716+0000] {processor.py:840} INFO - DAG(s) 'first_catchupbackfill' retrieved from /opt/airflow/dags/dag_catchup_backfil.py
[2024-04-08T21:15:00.762+0000] {logging_mixin.py:188} INFO - [2024-04-08T21:15:00.761+0000] {dag.py:3047} INFO - Sync 1 DAGs
[2024-04-08T21:15:00.806+0000] {logging_mixin.py:188} INFO - [2024-04-08T21:15:00.805+0000] {dag.py:3834} INFO - Setting next_dagrun for first_catchupbackfill to 2024-04-02 00:00:00+00:00, run_after=2024-04-03 00:00:00+00:00
[2024-04-08T21:15:00.848+0000] {processor.py:183} INFO - Processing /opt/airflow/dags/dag_catchup_backfil.py took 0.191 seconds
[2024-04-08T21:15:31.488+0000] {processor.py:161} INFO - Started process (PID=451) to work on /opt/airflow/dags/dag_catchup_backfil.py
[2024-04-08T21:15:31.490+0000] {processor.py:830} INFO - Processing file /opt/airflow/dags/dag_catchup_backfil.py for tasks to queue
[2024-04-08T21:15:31.493+0000] {logging_mixin.py:188} INFO - [2024-04-08T21:15:31.492+0000] {dagbag.py:540} INFO - Filling up the DagBag from /opt/airflow/dags/dag_catchup_backfil.py
[2024-04-08T21:15:31.532+0000] {processor.py:840} INFO - DAG(s) 'first_catchupbackfill' retrieved from /opt/airflow/dags/dag_catchup_backfil.py
[2024-04-08T21:15:31.572+0000] {logging_mixin.py:188} INFO - [2024-04-08T21:15:31.572+0000] {dag.py:3047} INFO - Sync 1 DAGs
[2024-04-08T21:15:31.620+0000] {logging_mixin.py:188} INFO - [2024-04-08T21:15:31.620+0000] {dag.py:3834} INFO - Setting next_dagrun for first_catchupbackfill to 2024-04-02 00:00:00+00:00, run_after=2024-04-03 00:00:00+00:00
[2024-04-08T21:15:31.654+0000] {processor.py:183} INFO - Processing /opt/airflow/dags/dag_catchup_backfil.py took 0.172 seconds
[2024-04-08T21:16:02.364+0000] {processor.py:161} INFO - Started process (PID=465) to work on /opt/airflow/dags/dag_catchup_backfil.py
[2024-04-08T21:16:02.366+0000] {processor.py:830} INFO - Processing file /opt/airflow/dags/dag_catchup_backfil.py for tasks to queue
[2024-04-08T21:16:02.371+0000] {logging_mixin.py:188} INFO - [2024-04-08T21:16:02.370+0000] {dagbag.py:540} INFO - Filling up the DagBag from /opt/airflow/dags/dag_catchup_backfil.py
[2024-04-08T21:16:02.420+0000] {processor.py:840} INFO - DAG(s) 'first_catchupbackfill' retrieved from /opt/airflow/dags/dag_catchup_backfil.py
[2024-04-08T21:16:02.468+0000] {logging_mixin.py:188} INFO - [2024-04-08T21:16:02.467+0000] {dag.py:3047} INFO - Sync 1 DAGs
[2024-04-08T21:16:02.523+0000] {logging_mixin.py:188} INFO - [2024-04-08T21:16:02.523+0000] {dag.py:3834} INFO - Setting next_dagrun for first_catchupbackfill to 2024-04-02 00:00:00+00:00, run_after=2024-04-03 00:00:00+00:00
[2024-04-08T21:16:02.567+0000] {processor.py:183} INFO - Processing /opt/airflow/dags/dag_catchup_backfil.py took 0.208 seconds
[2024-04-08T21:16:33.057+0000] {processor.py:161} INFO - Started process (PID=479) to work on /opt/airflow/dags/dag_catchup_backfil.py
[2024-04-08T21:16:33.059+0000] {processor.py:830} INFO - Processing file /opt/airflow/dags/dag_catchup_backfil.py for tasks to queue
[2024-04-08T21:16:33.062+0000] {logging_mixin.py:188} INFO - [2024-04-08T21:16:33.062+0000] {dagbag.py:540} INFO - Filling up the DagBag from /opt/airflow/dags/dag_catchup_backfil.py
[2024-04-08T21:16:33.104+0000] {processor.py:840} INFO - DAG(s) 'first_catchupbackfill' retrieved from /opt/airflow/dags/dag_catchup_backfil.py
[2024-04-08T21:16:33.146+0000] {logging_mixin.py:188} INFO - [2024-04-08T21:16:33.145+0000] {dag.py:3047} INFO - Sync 1 DAGs
[2024-04-08T21:16:33.191+0000] {logging_mixin.py:188} INFO - [2024-04-08T21:16:33.190+0000] {dag.py:3834} INFO - Setting next_dagrun for first_catchupbackfill to 2024-04-02 00:00:00+00:00, run_after=2024-04-03 00:00:00+00:00
[2024-04-08T21:16:33.236+0000] {processor.py:183} INFO - Processing /opt/airflow/dags/dag_catchup_backfil.py took 0.185 seconds
[2024-04-08T21:17:03.768+0000] {processor.py:161} INFO - Started process (PID=493) to work on /opt/airflow/dags/dag_catchup_backfil.py
[2024-04-08T21:17:03.770+0000] {processor.py:830} INFO - Processing file /opt/airflow/dags/dag_catchup_backfil.py for tasks to queue
[2024-04-08T21:17:03.773+0000] {logging_mixin.py:188} INFO - [2024-04-08T21:17:03.773+0000] {dagbag.py:540} INFO - Filling up the DagBag from /opt/airflow/dags/dag_catchup_backfil.py
[2024-04-08T21:17:03.818+0000] {processor.py:840} INFO - DAG(s) 'first_catchupbackfill' retrieved from /opt/airflow/dags/dag_catchup_backfil.py
[2024-04-08T21:17:03.859+0000] {logging_mixin.py:188} INFO - [2024-04-08T21:17:03.858+0000] {dag.py:3047} INFO - Sync 1 DAGs
[2024-04-08T21:17:03.904+0000] {logging_mixin.py:188} INFO - [2024-04-08T21:17:03.904+0000] {dag.py:3834} INFO - Setting next_dagrun for first_catchupbackfill to 2024-04-02 00:00:00+00:00, run_after=2024-04-03 00:00:00+00:00
[2024-04-08T21:17:03.941+0000] {processor.py:183} INFO - Processing /opt/airflow/dags/dag_catchup_backfil.py took 0.177 seconds
[2024-04-08T21:17:34.755+0000] {processor.py:161} INFO - Started process (PID=507) to work on /opt/airflow/dags/dag_catchup_backfil.py
[2024-04-08T21:17:34.757+0000] {processor.py:830} INFO - Processing file /opt/airflow/dags/dag_catchup_backfil.py for tasks to queue
[2024-04-08T21:17:34.761+0000] {logging_mixin.py:188} INFO - [2024-04-08T21:17:34.760+0000] {dagbag.py:540} INFO - Filling up the DagBag from /opt/airflow/dags/dag_catchup_backfil.py
[2024-04-08T21:17:34.801+0000] {processor.py:840} INFO - DAG(s) 'first_catchupbackfill' retrieved from /opt/airflow/dags/dag_catchup_backfil.py
[2024-04-08T21:17:34.847+0000] {logging_mixin.py:188} INFO - [2024-04-08T21:17:34.847+0000] {dag.py:3047} INFO - Sync 1 DAGs
[2024-04-08T21:17:34.897+0000] {logging_mixin.py:188} INFO - [2024-04-08T21:17:34.897+0000] {dag.py:3834} INFO - Setting next_dagrun for first_catchupbackfill to 2024-04-02 00:00:00+00:00, run_after=2024-04-03 00:00:00+00:00
[2024-04-08T21:17:34.948+0000] {processor.py:183} INFO - Processing /opt/airflow/dags/dag_catchup_backfil.py took 0.197 seconds
[2024-04-08T21:18:05.590+0000] {processor.py:161} INFO - Started process (PID=521) to work on /opt/airflow/dags/dag_catchup_backfil.py
[2024-04-08T21:18:05.593+0000] {processor.py:830} INFO - Processing file /opt/airflow/dags/dag_catchup_backfil.py for tasks to queue
[2024-04-08T21:18:05.597+0000] {logging_mixin.py:188} INFO - [2024-04-08T21:18:05.597+0000] {dagbag.py:540} INFO - Filling up the DagBag from /opt/airflow/dags/dag_catchup_backfil.py
[2024-04-08T21:18:05.640+0000] {processor.py:840} INFO - DAG(s) 'first_catchupbackfill' retrieved from /opt/airflow/dags/dag_catchup_backfil.py
[2024-04-08T21:18:05.693+0000] {logging_mixin.py:188} INFO - [2024-04-08T21:18:05.692+0000] {dag.py:3047} INFO - Sync 1 DAGs
[2024-04-08T21:18:05.760+0000] {logging_mixin.py:188} INFO - [2024-04-08T21:18:05.760+0000] {dag.py:3834} INFO - Setting next_dagrun for first_catchupbackfill to 2024-04-02 00:00:00+00:00, run_after=2024-04-03 00:00:00+00:00
[2024-04-08T21:18:05.814+0000] {processor.py:183} INFO - Processing /opt/airflow/dags/dag_catchup_backfil.py took 0.231 seconds
[2024-04-08T21:18:36.290+0000] {processor.py:161} INFO - Started process (PID=535) to work on /opt/airflow/dags/dag_catchup_backfil.py
[2024-04-08T21:18:36.293+0000] {processor.py:830} INFO - Processing file /opt/airflow/dags/dag_catchup_backfil.py for tasks to queue
[2024-04-08T21:18:36.296+0000] {logging_mixin.py:188} INFO - [2024-04-08T21:18:36.296+0000] {dagbag.py:540} INFO - Filling up the DagBag from /opt/airflow/dags/dag_catchup_backfil.py
[2024-04-08T21:18:36.340+0000] {processor.py:840} INFO - DAG(s) 'first_catchupbackfill' retrieved from /opt/airflow/dags/dag_catchup_backfil.py
[2024-04-08T21:18:36.390+0000] {logging_mixin.py:188} INFO - [2024-04-08T21:18:36.390+0000] {dag.py:3047} INFO - Sync 1 DAGs
[2024-04-08T21:18:36.436+0000] {logging_mixin.py:188} INFO - [2024-04-08T21:18:36.435+0000] {dag.py:3834} INFO - Setting next_dagrun for first_catchupbackfill to 2024-04-02 00:00:00+00:00, run_after=2024-04-03 00:00:00+00:00
[2024-04-08T21:18:36.480+0000] {processor.py:183} INFO - Processing /opt/airflow/dags/dag_catchup_backfil.py took 0.196 seconds
[2024-04-08T21:19:07.033+0000] {processor.py:161} INFO - Started process (PID=549) to work on /opt/airflow/dags/dag_catchup_backfil.py
[2024-04-08T21:19:07.035+0000] {processor.py:830} INFO - Processing file /opt/airflow/dags/dag_catchup_backfil.py for tasks to queue
[2024-04-08T21:19:07.039+0000] {logging_mixin.py:188} INFO - [2024-04-08T21:19:07.038+0000] {dagbag.py:540} INFO - Filling up the DagBag from /opt/airflow/dags/dag_catchup_backfil.py
[2024-04-08T21:19:07.084+0000] {processor.py:840} INFO - DAG(s) 'first_catchupbackfill' retrieved from /opt/airflow/dags/dag_catchup_backfil.py
[2024-04-08T21:19:07.132+0000] {logging_mixin.py:188} INFO - [2024-04-08T21:19:07.131+0000] {dag.py:3047} INFO - Sync 1 DAGs
[2024-04-08T21:19:07.174+0000] {logging_mixin.py:188} INFO - [2024-04-08T21:19:07.174+0000] {dag.py:3834} INFO - Setting next_dagrun for first_catchupbackfill to 2024-04-02 00:00:00+00:00, run_after=2024-04-03 00:00:00+00:00
[2024-04-08T21:19:07.213+0000] {processor.py:183} INFO - Processing /opt/airflow/dags/dag_catchup_backfil.py took 0.187 seconds
[2024-04-08T21:19:37.835+0000] {processor.py:161} INFO - Started process (PID=563) to work on /opt/airflow/dags/dag_catchup_backfil.py
[2024-04-08T21:19:37.837+0000] {processor.py:830} INFO - Processing file /opt/airflow/dags/dag_catchup_backfil.py for tasks to queue
[2024-04-08T21:19:37.841+0000] {logging_mixin.py:188} INFO - [2024-04-08T21:19:37.840+0000] {dagbag.py:540} INFO - Filling up the DagBag from /opt/airflow/dags/dag_catchup_backfil.py
[2024-04-08T21:19:37.886+0000] {processor.py:840} INFO - DAG(s) 'first_catchupbackfill' retrieved from /opt/airflow/dags/dag_catchup_backfil.py
[2024-04-08T21:19:37.926+0000] {logging_mixin.py:188} INFO - [2024-04-08T21:19:37.925+0000] {dag.py:3047} INFO - Sync 1 DAGs
[2024-04-08T21:19:37.971+0000] {logging_mixin.py:188} INFO - [2024-04-08T21:19:37.970+0000] {dag.py:3834} INFO - Setting next_dagrun for first_catchupbackfill to 2024-04-02 00:00:00+00:00, run_after=2024-04-03 00:00:00+00:00
[2024-04-08T21:19:38.009+0000] {processor.py:183} INFO - Processing /opt/airflow/dags/dag_catchup_backfil.py took 0.182 seconds
[2024-04-08T21:20:08.561+0000] {processor.py:161} INFO - Started process (PID=577) to work on /opt/airflow/dags/dag_catchup_backfil.py
[2024-04-08T21:20:08.563+0000] {processor.py:830} INFO - Processing file /opt/airflow/dags/dag_catchup_backfil.py for tasks to queue
[2024-04-08T21:20:08.568+0000] {logging_mixin.py:188} INFO - [2024-04-08T21:20:08.567+0000] {dagbag.py:540} INFO - Filling up the DagBag from /opt/airflow/dags/dag_catchup_backfil.py
[2024-04-08T21:20:08.605+0000] {processor.py:840} INFO - DAG(s) 'first_catchupbackfill' retrieved from /opt/airflow/dags/dag_catchup_backfil.py
[2024-04-08T21:20:08.643+0000] {logging_mixin.py:188} INFO - [2024-04-08T21:20:08.642+0000] {dag.py:3047} INFO - Sync 1 DAGs
[2024-04-08T21:20:08.691+0000] {logging_mixin.py:188} INFO - [2024-04-08T21:20:08.690+0000] {dag.py:3834} INFO - Setting next_dagrun for first_catchupbackfill to 2024-04-02 00:00:00+00:00, run_after=2024-04-03 00:00:00+00:00
[2024-04-08T21:20:08.728+0000] {processor.py:183} INFO - Processing /opt/airflow/dags/dag_catchup_backfil.py took 0.172 seconds
[2024-04-08T21:20:39.359+0000] {processor.py:161} INFO - Started process (PID=591) to work on /opt/airflow/dags/dag_catchup_backfil.py
[2024-04-08T21:20:39.361+0000] {processor.py:830} INFO - Processing file /opt/airflow/dags/dag_catchup_backfil.py for tasks to queue
[2024-04-08T21:20:39.365+0000] {logging_mixin.py:188} INFO - [2024-04-08T21:20:39.364+0000] {dagbag.py:540} INFO - Filling up the DagBag from /opt/airflow/dags/dag_catchup_backfil.py
[2024-04-08T21:20:39.406+0000] {processor.py:840} INFO - DAG(s) 'first_catchupbackfill' retrieved from /opt/airflow/dags/dag_catchup_backfil.py
[2024-04-08T21:20:39.446+0000] {logging_mixin.py:188} INFO - [2024-04-08T21:20:39.445+0000] {dag.py:3047} INFO - Sync 1 DAGs
[2024-04-08T21:20:39.486+0000] {logging_mixin.py:188} INFO - [2024-04-08T21:20:39.486+0000] {dag.py:3834} INFO - Setting next_dagrun for first_catchupbackfill to 2024-04-02 00:00:00+00:00, run_after=2024-04-03 00:00:00+00:00
[2024-04-08T21:20:39.523+0000] {processor.py:183} INFO - Processing /opt/airflow/dags/dag_catchup_backfil.py took 0.172 seconds
[2024-04-08T21:21:10.086+0000] {processor.py:161} INFO - Started process (PID=605) to work on /opt/airflow/dags/dag_catchup_backfil.py
[2024-04-08T21:21:10.088+0000] {processor.py:830} INFO - Processing file /opt/airflow/dags/dag_catchup_backfil.py for tasks to queue
[2024-04-08T21:21:10.094+0000] {logging_mixin.py:188} INFO - [2024-04-08T21:21:10.093+0000] {dagbag.py:540} INFO - Filling up the DagBag from /opt/airflow/dags/dag_catchup_backfil.py
[2024-04-08T21:21:10.139+0000] {processor.py:840} INFO - DAG(s) 'first_catchupbackfill' retrieved from /opt/airflow/dags/dag_catchup_backfil.py
[2024-04-08T21:21:10.180+0000] {logging_mixin.py:188} INFO - [2024-04-08T21:21:10.180+0000] {dag.py:3047} INFO - Sync 1 DAGs
[2024-04-08T21:21:10.228+0000] {logging_mixin.py:188} INFO - [2024-04-08T21:21:10.227+0000] {dag.py:3834} INFO - Setting next_dagrun for first_catchupbackfill to 2024-04-02 00:00:00+00:00, run_after=2024-04-03 00:00:00+00:00
[2024-04-08T21:21:10.265+0000] {processor.py:183} INFO - Processing /opt/airflow/dags/dag_catchup_backfil.py took 0.184 seconds
[2024-04-08T21:21:40.904+0000] {processor.py:161} INFO - Started process (PID=619) to work on /opt/airflow/dags/dag_catchup_backfil.py
[2024-04-08T21:21:40.907+0000] {processor.py:830} INFO - Processing file /opt/airflow/dags/dag_catchup_backfil.py for tasks to queue
[2024-04-08T21:21:40.911+0000] {logging_mixin.py:188} INFO - [2024-04-08T21:21:40.911+0000] {dagbag.py:540} INFO - Filling up the DagBag from /opt/airflow/dags/dag_catchup_backfil.py
[2024-04-08T21:21:40.960+0000] {processor.py:840} INFO - DAG(s) 'first_catchupbackfill' retrieved from /opt/airflow/dags/dag_catchup_backfil.py
[2024-04-08T21:21:41.004+0000] {logging_mixin.py:188} INFO - [2024-04-08T21:21:41.003+0000] {dag.py:3047} INFO - Sync 1 DAGs
[2024-04-08T21:21:41.060+0000] {logging_mixin.py:188} INFO - [2024-04-08T21:21:41.060+0000] {dag.py:3834} INFO - Setting next_dagrun for first_catchupbackfill to 2024-04-02 00:00:00+00:00, run_after=2024-04-03 00:00:00+00:00
[2024-04-08T21:21:41.111+0000] {processor.py:183} INFO - Processing /opt/airflow/dags/dag_catchup_backfil.py took 0.214 seconds
[2024-04-08T21:22:11.959+0000] {processor.py:161} INFO - Started process (PID=633) to work on /opt/airflow/dags/dag_catchup_backfil.py
[2024-04-08T21:22:11.961+0000] {processor.py:830} INFO - Processing file /opt/airflow/dags/dag_catchup_backfil.py for tasks to queue
[2024-04-08T21:22:11.964+0000] {logging_mixin.py:188} INFO - [2024-04-08T21:22:11.963+0000] {dagbag.py:540} INFO - Filling up the DagBag from /opt/airflow/dags/dag_catchup_backfil.py
[2024-04-08T21:22:12.003+0000] {processor.py:840} INFO - DAG(s) 'first_catchupbackfill' retrieved from /opt/airflow/dags/dag_catchup_backfil.py
[2024-04-08T21:22:12.044+0000] {logging_mixin.py:188} INFO - [2024-04-08T21:22:12.044+0000] {dag.py:3047} INFO - Sync 1 DAGs
[2024-04-08T21:22:12.090+0000] {logging_mixin.py:188} INFO - [2024-04-08T21:22:12.089+0000] {dag.py:3834} INFO - Setting next_dagrun for first_catchupbackfill to 2024-04-02 00:00:00+00:00, run_after=2024-04-03 00:00:00+00:00
[2024-04-08T21:22:12.136+0000] {processor.py:183} INFO - Processing /opt/airflow/dags/dag_catchup_backfil.py took 0.182 seconds
[2024-04-08T21:22:42.964+0000] {processor.py:161} INFO - Started process (PID=647) to work on /opt/airflow/dags/dag_catchup_backfil.py
[2024-04-08T21:22:42.966+0000] {processor.py:830} INFO - Processing file /opt/airflow/dags/dag_catchup_backfil.py for tasks to queue
[2024-04-08T21:22:42.969+0000] {logging_mixin.py:188} INFO - [2024-04-08T21:22:42.968+0000] {dagbag.py:540} INFO - Filling up the DagBag from /opt/airflow/dags/dag_catchup_backfil.py
[2024-04-08T21:22:43.015+0000] {processor.py:840} INFO - DAG(s) 'first_catchupbackfill' retrieved from /opt/airflow/dags/dag_catchup_backfil.py
[2024-04-08T21:22:43.071+0000] {logging_mixin.py:188} INFO - [2024-04-08T21:22:43.070+0000] {dag.py:3047} INFO - Sync 1 DAGs
[2024-04-08T21:22:43.125+0000] {logging_mixin.py:188} INFO - [2024-04-08T21:22:43.124+0000] {dag.py:3834} INFO - Setting next_dagrun for first_catchupbackfill to 2024-04-02 00:00:00+00:00, run_after=2024-04-03 00:00:00+00:00
[2024-04-08T21:22:43.158+0000] {processor.py:183} INFO - Processing /opt/airflow/dags/dag_catchup_backfil.py took 0.199 seconds
[2024-04-08T21:23:13.493+0000] {processor.py:161} INFO - Started process (PID=661) to work on /opt/airflow/dags/dag_catchup_backfil.py
[2024-04-08T21:23:13.495+0000] {processor.py:830} INFO - Processing file /opt/airflow/dags/dag_catchup_backfil.py for tasks to queue
[2024-04-08T21:23:13.498+0000] {logging_mixin.py:188} INFO - [2024-04-08T21:23:13.497+0000] {dagbag.py:540} INFO - Filling up the DagBag from /opt/airflow/dags/dag_catchup_backfil.py
[2024-04-08T21:23:13.541+0000] {processor.py:840} INFO - DAG(s) 'first_catchupbackfill' retrieved from /opt/airflow/dags/dag_catchup_backfil.py
[2024-04-08T21:23:13.612+0000] {logging_mixin.py:188} INFO - [2024-04-08T21:23:13.611+0000] {dag.py:3047} INFO - Sync 1 DAGs
[2024-04-08T21:23:13.665+0000] {logging_mixin.py:188} INFO - [2024-04-08T21:23:13.664+0000] {dag.py:3834} INFO - Setting next_dagrun for first_catchupbackfill to 2024-04-02 00:00:00+00:00, run_after=2024-04-03 00:00:00+00:00
[2024-04-08T21:23:13.704+0000] {processor.py:183} INFO - Processing /opt/airflow/dags/dag_catchup_backfil.py took 0.216 seconds
[2024-04-08T21:23:44.147+0000] {processor.py:161} INFO - Started process (PID=675) to work on /opt/airflow/dags/dag_catchup_backfil.py
[2024-04-08T21:23:44.149+0000] {processor.py:830} INFO - Processing file /opt/airflow/dags/dag_catchup_backfil.py for tasks to queue
[2024-04-08T21:23:44.152+0000] {logging_mixin.py:188} INFO - [2024-04-08T21:23:44.151+0000] {dagbag.py:540} INFO - Filling up the DagBag from /opt/airflow/dags/dag_catchup_backfil.py
[2024-04-08T21:23:44.196+0000] {processor.py:840} INFO - DAG(s) 'first_catchupbackfill' retrieved from /opt/airflow/dags/dag_catchup_backfil.py
[2024-04-08T21:23:44.234+0000] {logging_mixin.py:188} INFO - [2024-04-08T21:23:44.234+0000] {dag.py:3047} INFO - Sync 1 DAGs
[2024-04-08T21:23:44.278+0000] {logging_mixin.py:188} INFO - [2024-04-08T21:23:44.278+0000] {dag.py:3834} INFO - Setting next_dagrun for first_catchupbackfill to 2024-04-02 00:00:00+00:00, run_after=2024-04-03 00:00:00+00:00
[2024-04-08T21:23:44.319+0000] {processor.py:183} INFO - Processing /opt/airflow/dags/dag_catchup_backfil.py took 0.176 seconds
[2024-04-08T21:24:15.058+0000] {processor.py:161} INFO - Started process (PID=689) to work on /opt/airflow/dags/dag_catchup_backfil.py
[2024-04-08T21:24:15.060+0000] {processor.py:830} INFO - Processing file /opt/airflow/dags/dag_catchup_backfil.py for tasks to queue
[2024-04-08T21:24:15.064+0000] {logging_mixin.py:188} INFO - [2024-04-08T21:24:15.063+0000] {dagbag.py:540} INFO - Filling up the DagBag from /opt/airflow/dags/dag_catchup_backfil.py
[2024-04-08T21:24:15.111+0000] {processor.py:840} INFO - DAG(s) 'first_catchupbackfill' retrieved from /opt/airflow/dags/dag_catchup_backfil.py
[2024-04-08T21:24:15.154+0000] {logging_mixin.py:188} INFO - [2024-04-08T21:24:15.153+0000] {dag.py:3047} INFO - Sync 1 DAGs
[2024-04-08T21:24:15.201+0000] {logging_mixin.py:188} INFO - [2024-04-08T21:24:15.200+0000] {dag.py:3834} INFO - Setting next_dagrun for first_catchupbackfill to 2024-04-02 00:00:00+00:00, run_after=2024-04-03 00:00:00+00:00
[2024-04-08T21:24:15.239+0000] {processor.py:183} INFO - Processing /opt/airflow/dags/dag_catchup_backfil.py took 0.187 seconds
[2024-04-08T21:24:45.802+0000] {processor.py:161} INFO - Started process (PID=703) to work on /opt/airflow/dags/dag_catchup_backfil.py
[2024-04-08T21:24:45.804+0000] {processor.py:830} INFO - Processing file /opt/airflow/dags/dag_catchup_backfil.py for tasks to queue
[2024-04-08T21:24:45.809+0000] {logging_mixin.py:188} INFO - [2024-04-08T21:24:45.808+0000] {dagbag.py:540} INFO - Filling up the DagBag from /opt/airflow/dags/dag_catchup_backfil.py
[2024-04-08T21:24:45.849+0000] {processor.py:840} INFO - DAG(s) 'first_catchupbackfill' retrieved from /opt/airflow/dags/dag_catchup_backfil.py
[2024-04-08T21:24:45.888+0000] {logging_mixin.py:188} INFO - [2024-04-08T21:24:45.888+0000] {dag.py:3047} INFO - Sync 1 DAGs
[2024-04-08T21:24:45.931+0000] {logging_mixin.py:188} INFO - [2024-04-08T21:24:45.930+0000] {dag.py:3834} INFO - Setting next_dagrun for first_catchupbackfill to 2024-04-02 00:00:00+00:00, run_after=2024-04-03 00:00:00+00:00
[2024-04-08T21:24:45.976+0000] {processor.py:183} INFO - Processing /opt/airflow/dags/dag_catchup_backfil.py took 0.179 seconds
[2024-04-08T21:25:16.632+0000] {processor.py:161} INFO - Started process (PID=717) to work on /opt/airflow/dags/dag_catchup_backfil.py
[2024-04-08T21:25:16.634+0000] {processor.py:830} INFO - Processing file /opt/airflow/dags/dag_catchup_backfil.py for tasks to queue
[2024-04-08T21:25:16.638+0000] {logging_mixin.py:188} INFO - [2024-04-08T21:25:16.637+0000] {dagbag.py:540} INFO - Filling up the DagBag from /opt/airflow/dags/dag_catchup_backfil.py
[2024-04-08T21:25:16.690+0000] {processor.py:840} INFO - DAG(s) 'first_catchupbackfill' retrieved from /opt/airflow/dags/dag_catchup_backfil.py
[2024-04-08T21:25:16.734+0000] {logging_mixin.py:188} INFO - [2024-04-08T21:25:16.734+0000] {dag.py:3047} INFO - Sync 1 DAGs
[2024-04-08T21:25:16.783+0000] {logging_mixin.py:188} INFO - [2024-04-08T21:25:16.783+0000] {dag.py:3834} INFO - Setting next_dagrun for first_catchupbackfill to 2024-04-02 00:00:00+00:00, run_after=2024-04-03 00:00:00+00:00
[2024-04-08T21:25:16.822+0000] {processor.py:183} INFO - Processing /opt/airflow/dags/dag_catchup_backfil.py took 0.196 seconds
[2024-04-08T21:25:47.387+0000] {processor.py:161} INFO - Started process (PID=731) to work on /opt/airflow/dags/dag_catchup_backfil.py
[2024-04-08T21:25:47.389+0000] {processor.py:830} INFO - Processing file /opt/airflow/dags/dag_catchup_backfil.py for tasks to queue
[2024-04-08T21:25:47.391+0000] {logging_mixin.py:188} INFO - [2024-04-08T21:25:47.391+0000] {dagbag.py:540} INFO - Filling up the DagBag from /opt/airflow/dags/dag_catchup_backfil.py
[2024-04-08T21:25:47.432+0000] {processor.py:840} INFO - DAG(s) 'first_catchupbackfill' retrieved from /opt/airflow/dags/dag_catchup_backfil.py
[2024-04-08T21:25:47.477+0000] {logging_mixin.py:188} INFO - [2024-04-08T21:25:47.477+0000] {dag.py:3047} INFO - Sync 1 DAGs
[2024-04-08T21:25:47.525+0000] {logging_mixin.py:188} INFO - [2024-04-08T21:25:47.524+0000] {dag.py:3834} INFO - Setting next_dagrun for first_catchupbackfill to 2024-04-02 00:00:00+00:00, run_after=2024-04-03 00:00:00+00:00
[2024-04-08T21:25:47.565+0000] {processor.py:183} INFO - Processing /opt/airflow/dags/dag_catchup_backfil.py took 0.183 seconds
[2024-04-08T21:26:18.153+0000] {processor.py:161} INFO - Started process (PID=745) to work on /opt/airflow/dags/dag_catchup_backfil.py
[2024-04-08T21:26:18.154+0000] {processor.py:830} INFO - Processing file /opt/airflow/dags/dag_catchup_backfil.py for tasks to queue
[2024-04-08T21:26:18.158+0000] {logging_mixin.py:188} INFO - [2024-04-08T21:26:18.157+0000] {dagbag.py:540} INFO - Filling up the DagBag from /opt/airflow/dags/dag_catchup_backfil.py
[2024-04-08T21:26:18.206+0000] {processor.py:840} INFO - DAG(s) 'first_catchupbackfill' retrieved from /opt/airflow/dags/dag_catchup_backfil.py
[2024-04-08T21:26:18.249+0000] {logging_mixin.py:188} INFO - [2024-04-08T21:26:18.248+0000] {dag.py:3047} INFO - Sync 1 DAGs
[2024-04-08T21:26:18.302+0000] {logging_mixin.py:188} INFO - [2024-04-08T21:26:18.301+0000] {dag.py:3834} INFO - Setting next_dagrun for first_catchupbackfill to 2024-04-02 00:00:00+00:00, run_after=2024-04-03 00:00:00+00:00
[2024-04-08T21:26:18.344+0000] {processor.py:183} INFO - Processing /opt/airflow/dags/dag_catchup_backfil.py took 0.196 seconds
[2024-04-08T21:26:48.806+0000] {processor.py:161} INFO - Started process (PID=759) to work on /opt/airflow/dags/dag_catchup_backfil.py
[2024-04-08T21:26:48.808+0000] {processor.py:830} INFO - Processing file /opt/airflow/dags/dag_catchup_backfil.py for tasks to queue
[2024-04-08T21:26:48.812+0000] {logging_mixin.py:188} INFO - [2024-04-08T21:26:48.812+0000] {dagbag.py:540} INFO - Filling up the DagBag from /opt/airflow/dags/dag_catchup_backfil.py
[2024-04-08T21:26:48.863+0000] {processor.py:840} INFO - DAG(s) 'first_catchupbackfill' retrieved from /opt/airflow/dags/dag_catchup_backfil.py
[2024-04-08T21:26:48.909+0000] {logging_mixin.py:188} INFO - [2024-04-08T21:26:48.909+0000] {dag.py:3047} INFO - Sync 1 DAGs
[2024-04-08T21:26:48.968+0000] {logging_mixin.py:188} INFO - [2024-04-08T21:26:48.967+0000] {dag.py:3834} INFO - Setting next_dagrun for first_catchupbackfill to 2024-04-02 00:00:00+00:00, run_after=2024-04-03 00:00:00+00:00
[2024-04-08T21:26:49.014+0000] {processor.py:183} INFO - Processing /opt/airflow/dags/dag_catchup_backfil.py took 0.214 seconds
[2024-04-08T21:27:19.654+0000] {processor.py:161} INFO - Started process (PID=773) to work on /opt/airflow/dags/dag_catchup_backfil.py
[2024-04-08T21:27:19.656+0000] {processor.py:830} INFO - Processing file /opt/airflow/dags/dag_catchup_backfil.py for tasks to queue
[2024-04-08T21:27:19.662+0000] {logging_mixin.py:188} INFO - [2024-04-08T21:27:19.661+0000] {dagbag.py:540} INFO - Filling up the DagBag from /opt/airflow/dags/dag_catchup_backfil.py
[2024-04-08T21:27:19.699+0000] {processor.py:840} INFO - DAG(s) 'first_catchupbackfill' retrieved from /opt/airflow/dags/dag_catchup_backfil.py
[2024-04-08T21:27:19.738+0000] {logging_mixin.py:188} INFO - [2024-04-08T21:27:19.738+0000] {dag.py:3047} INFO - Sync 1 DAGs
[2024-04-08T21:27:19.778+0000] {logging_mixin.py:188} INFO - [2024-04-08T21:27:19.777+0000] {dag.py:3834} INFO - Setting next_dagrun for first_catchupbackfill to 2024-04-02 00:00:00+00:00, run_after=2024-04-03 00:00:00+00:00
[2024-04-08T21:27:19.819+0000] {processor.py:183} INFO - Processing /opt/airflow/dags/dag_catchup_backfil.py took 0.171 seconds
[2024-04-08T21:27:50.431+0000] {processor.py:161} INFO - Started process (PID=787) to work on /opt/airflow/dags/dag_catchup_backfil.py
[2024-04-08T21:27:50.433+0000] {processor.py:830} INFO - Processing file /opt/airflow/dags/dag_catchup_backfil.py for tasks to queue
[2024-04-08T21:27:50.436+0000] {logging_mixin.py:188} INFO - [2024-04-08T21:27:50.435+0000] {dagbag.py:540} INFO - Filling up the DagBag from /opt/airflow/dags/dag_catchup_backfil.py
[2024-04-08T21:27:50.478+0000] {processor.py:840} INFO - DAG(s) 'first_catchupbackfill' retrieved from /opt/airflow/dags/dag_catchup_backfil.py
[2024-04-08T21:27:50.517+0000] {logging_mixin.py:188} INFO - [2024-04-08T21:27:50.517+0000] {dag.py:3047} INFO - Sync 1 DAGs
[2024-04-08T21:27:50.561+0000] {logging_mixin.py:188} INFO - [2024-04-08T21:27:50.560+0000] {dag.py:3834} INFO - Setting next_dagrun for first_catchupbackfill to 2024-04-02 00:00:00+00:00, run_after=2024-04-03 00:00:00+00:00
[2024-04-08T21:27:50.609+0000] {processor.py:183} INFO - Processing /opt/airflow/dags/dag_catchup_backfil.py took 0.183 seconds
[2024-04-08T21:28:21.260+0000] {processor.py:161} INFO - Started process (PID=801) to work on /opt/airflow/dags/dag_catchup_backfil.py
[2024-04-08T21:28:21.262+0000] {processor.py:830} INFO - Processing file /opt/airflow/dags/dag_catchup_backfil.py for tasks to queue
[2024-04-08T21:28:21.266+0000] {logging_mixin.py:188} INFO - [2024-04-08T21:28:21.265+0000] {dagbag.py:540} INFO - Filling up the DagBag from /opt/airflow/dags/dag_catchup_backfil.py
[2024-04-08T21:28:21.306+0000] {processor.py:840} INFO - DAG(s) 'first_catchupbackfill' retrieved from /opt/airflow/dags/dag_catchup_backfil.py
[2024-04-08T21:28:21.346+0000] {logging_mixin.py:188} INFO - [2024-04-08T21:28:21.345+0000] {dag.py:3047} INFO - Sync 1 DAGs
[2024-04-08T21:28:21.394+0000] {logging_mixin.py:188} INFO - [2024-04-08T21:28:21.394+0000] {dag.py:3834} INFO - Setting next_dagrun for first_catchupbackfill to 2024-04-02 00:00:00+00:00, run_after=2024-04-03 00:00:00+00:00
[2024-04-08T21:28:21.432+0000] {processor.py:183} INFO - Processing /opt/airflow/dags/dag_catchup_backfil.py took 0.180 seconds
[2024-04-08T21:28:52.059+0000] {processor.py:161} INFO - Started process (PID=816) to work on /opt/airflow/dags/dag_catchup_backfil.py
[2024-04-08T21:28:52.062+0000] {processor.py:830} INFO - Processing file /opt/airflow/dags/dag_catchup_backfil.py for tasks to queue
[2024-04-08T21:28:52.066+0000] {logging_mixin.py:188} INFO - [2024-04-08T21:28:52.065+0000] {dagbag.py:540} INFO - Filling up the DagBag from /opt/airflow/dags/dag_catchup_backfil.py
[2024-04-08T21:28:52.113+0000] {processor.py:840} INFO - DAG(s) 'first_catchupbackfill' retrieved from /opt/airflow/dags/dag_catchup_backfil.py
[2024-04-08T21:28:52.156+0000] {logging_mixin.py:188} INFO - [2024-04-08T21:28:52.155+0000] {dag.py:3047} INFO - Sync 1 DAGs
[2024-04-08T21:28:52.206+0000] {logging_mixin.py:188} INFO - [2024-04-08T21:28:52.205+0000] {dag.py:3834} INFO - Setting next_dagrun for first_catchupbackfill to 2024-04-02 00:00:00+00:00, run_after=2024-04-03 00:00:00+00:00
[2024-04-08T21:28:52.242+0000] {processor.py:183} INFO - Processing /opt/airflow/dags/dag_catchup_backfil.py took 0.190 seconds
[2024-04-08T21:29:22.874+0000] {processor.py:161} INFO - Started process (PID=830) to work on /opt/airflow/dags/dag_catchup_backfil.py
[2024-04-08T21:29:22.876+0000] {processor.py:830} INFO - Processing file /opt/airflow/dags/dag_catchup_backfil.py for tasks to queue
[2024-04-08T21:29:22.879+0000] {logging_mixin.py:188} INFO - [2024-04-08T21:29:22.879+0000] {dagbag.py:540} INFO - Filling up the DagBag from /opt/airflow/dags/dag_catchup_backfil.py
[2024-04-08T21:29:22.922+0000] {processor.py:840} INFO - DAG(s) 'first_catchupbackfill' retrieved from /opt/airflow/dags/dag_catchup_backfil.py
[2024-04-08T21:29:22.966+0000] {logging_mixin.py:188} INFO - [2024-04-08T21:29:22.965+0000] {dag.py:3047} INFO - Sync 1 DAGs
[2024-04-08T21:29:23.010+0000] {logging_mixin.py:188} INFO - [2024-04-08T21:29:23.009+0000] {dag.py:3834} INFO - Setting next_dagrun for first_catchupbackfill to 2024-04-02 00:00:00+00:00, run_after=2024-04-03 00:00:00+00:00
[2024-04-08T21:29:23.061+0000] {processor.py:183} INFO - Processing /opt/airflow/dags/dag_catchup_backfil.py took 0.192 seconds
[2024-04-08T21:29:53.710+0000] {processor.py:161} INFO - Started process (PID=844) to work on /opt/airflow/dags/dag_catchup_backfil.py
[2024-04-08T21:29:53.713+0000] {processor.py:830} INFO - Processing file /opt/airflow/dags/dag_catchup_backfil.py for tasks to queue
[2024-04-08T21:29:53.717+0000] {logging_mixin.py:188} INFO - [2024-04-08T21:29:53.717+0000] {dagbag.py:540} INFO - Filling up the DagBag from /opt/airflow/dags/dag_catchup_backfil.py
[2024-04-08T21:29:53.767+0000] {processor.py:840} INFO - DAG(s) 'first_catchupbackfill' retrieved from /opt/airflow/dags/dag_catchup_backfil.py
[2024-04-08T21:29:53.808+0000] {logging_mixin.py:188} INFO - [2024-04-08T21:29:53.808+0000] {dag.py:3047} INFO - Sync 1 DAGs
[2024-04-08T21:29:53.851+0000] {logging_mixin.py:188} INFO - [2024-04-08T21:29:53.850+0000] {dag.py:3834} INFO - Setting next_dagrun for first_catchupbackfill to 2024-04-02 00:00:00+00:00, run_after=2024-04-03 00:00:00+00:00
[2024-04-08T21:29:53.892+0000] {processor.py:183} INFO - Processing /opt/airflow/dags/dag_catchup_backfil.py took 0.188 seconds
[2024-04-08T21:30:24.212+0000] {processor.py:161} INFO - Started process (PID=858) to work on /opt/airflow/dags/dag_catchup_backfil.py
[2024-04-08T21:30:24.214+0000] {processor.py:830} INFO - Processing file /opt/airflow/dags/dag_catchup_backfil.py for tasks to queue
[2024-04-08T21:30:24.221+0000] {logging_mixin.py:188} INFO - [2024-04-08T21:30:24.220+0000] {dagbag.py:540} INFO - Filling up the DagBag from /opt/airflow/dags/dag_catchup_backfil.py
[2024-04-08T21:30:24.259+0000] {processor.py:840} INFO - DAG(s) 'first_catchupbackfill' retrieved from /opt/airflow/dags/dag_catchup_backfil.py
[2024-04-08T21:30:24.329+0000] {logging_mixin.py:188} INFO - [2024-04-08T21:30:24.329+0000] {dag.py:3047} INFO - Sync 1 DAGs
[2024-04-08T21:30:24.397+0000] {logging_mixin.py:188} INFO - [2024-04-08T21:30:24.397+0000] {dag.py:3834} INFO - Setting next_dagrun for first_catchupbackfill to 2024-04-02 00:00:00+00:00, run_after=2024-04-03 00:00:00+00:00
[2024-04-08T21:30:24.436+0000] {processor.py:183} INFO - Processing /opt/airflow/dags/dag_catchup_backfil.py took 0.231 seconds
[2024-04-08T21:30:54.828+0000] {processor.py:161} INFO - Started process (PID=878) to work on /opt/airflow/dags/dag_catchup_backfil.py
[2024-04-08T21:30:54.830+0000] {processor.py:830} INFO - Processing file /opt/airflow/dags/dag_catchup_backfil.py for tasks to queue
[2024-04-08T21:30:54.835+0000] {logging_mixin.py:188} INFO - [2024-04-08T21:30:54.834+0000] {dagbag.py:540} INFO - Filling up the DagBag from /opt/airflow/dags/dag_catchup_backfil.py
[2024-04-08T21:30:54.875+0000] {processor.py:840} INFO - DAG(s) 'first_catchupbackfill' retrieved from /opt/airflow/dags/dag_catchup_backfil.py
[2024-04-08T21:30:54.910+0000] {logging_mixin.py:188} INFO - [2024-04-08T21:30:54.909+0000] {dag.py:3047} INFO - Sync 1 DAGs
[2024-04-08T21:30:54.950+0000] {logging_mixin.py:188} INFO - [2024-04-08T21:30:54.950+0000] {dag.py:3834} INFO - Setting next_dagrun for first_catchupbackfill to 2024-04-02 00:00:00+00:00, run_after=2024-04-03 00:00:00+00:00
[2024-04-08T21:30:54.988+0000] {processor.py:183} INFO - Processing /opt/airflow/dags/dag_catchup_backfil.py took 0.166 seconds
[2024-04-08T21:31:25.590+0000] {processor.py:161} INFO - Started process (PID=892) to work on /opt/airflow/dags/dag_catchup_backfil.py
[2024-04-08T21:31:25.592+0000] {processor.py:830} INFO - Processing file /opt/airflow/dags/dag_catchup_backfil.py for tasks to queue
[2024-04-08T21:31:25.596+0000] {logging_mixin.py:188} INFO - [2024-04-08T21:31:25.596+0000] {dagbag.py:540} INFO - Filling up the DagBag from /opt/airflow/dags/dag_catchup_backfil.py
[2024-04-08T21:31:25.640+0000] {processor.py:840} INFO - DAG(s) 'first_catchupbackfill' retrieved from /opt/airflow/dags/dag_catchup_backfil.py
[2024-04-08T21:31:25.685+0000] {logging_mixin.py:188} INFO - [2024-04-08T21:31:25.684+0000] {dag.py:3047} INFO - Sync 1 DAGs
[2024-04-08T21:31:25.737+0000] {logging_mixin.py:188} INFO - [2024-04-08T21:31:25.737+0000] {dag.py:3834} INFO - Setting next_dagrun for first_catchupbackfill to 2024-04-02 00:00:00+00:00, run_after=2024-04-03 00:00:00+00:00
[2024-04-08T21:31:25.787+0000] {processor.py:183} INFO - Processing /opt/airflow/dags/dag_catchup_backfil.py took 0.204 seconds
[2024-04-08T21:31:56.493+0000] {processor.py:161} INFO - Started process (PID=907) to work on /opt/airflow/dags/dag_catchup_backfil.py
[2024-04-08T21:31:56.495+0000] {processor.py:830} INFO - Processing file /opt/airflow/dags/dag_catchup_backfil.py for tasks to queue
[2024-04-08T21:31:56.498+0000] {logging_mixin.py:188} INFO - [2024-04-08T21:31:56.498+0000] {dagbag.py:540} INFO - Filling up the DagBag from /opt/airflow/dags/dag_catchup_backfil.py
[2024-04-08T21:31:56.539+0000] {processor.py:840} INFO - DAG(s) 'first_catchupbackfill' retrieved from /opt/airflow/dags/dag_catchup_backfil.py
[2024-04-08T21:31:56.579+0000] {logging_mixin.py:188} INFO - [2024-04-08T21:31:56.579+0000] {dag.py:3047} INFO - Sync 1 DAGs
[2024-04-08T21:31:56.624+0000] {logging_mixin.py:188} INFO - [2024-04-08T21:31:56.623+0000] {dag.py:3834} INFO - Setting next_dagrun for first_catchupbackfill to 2024-04-02 00:00:00+00:00, run_after=2024-04-03 00:00:00+00:00
[2024-04-08T21:31:56.663+0000] {processor.py:183} INFO - Processing /opt/airflow/dags/dag_catchup_backfil.py took 0.176 seconds
[2024-04-08T21:32:27.100+0000] {processor.py:161} INFO - Started process (PID=920) to work on /opt/airflow/dags/dag_catchup_backfil.py
[2024-04-08T21:32:27.102+0000] {processor.py:830} INFO - Processing file /opt/airflow/dags/dag_catchup_backfil.py for tasks to queue
[2024-04-08T21:32:27.108+0000] {logging_mixin.py:188} INFO - [2024-04-08T21:32:27.107+0000] {dagbag.py:540} INFO - Filling up the DagBag from /opt/airflow/dags/dag_catchup_backfil.py
[2024-04-08T21:32:27.151+0000] {processor.py:840} INFO - DAG(s) 'first_catchupbackfill' retrieved from /opt/airflow/dags/dag_catchup_backfil.py
[2024-04-08T21:32:27.202+0000] {logging_mixin.py:188} INFO - [2024-04-08T21:32:27.201+0000] {dag.py:3047} INFO - Sync 1 DAGs
[2024-04-08T21:32:27.251+0000] {logging_mixin.py:188} INFO - [2024-04-08T21:32:27.250+0000] {dag.py:3834} INFO - Setting next_dagrun for first_catchupbackfill to 2024-04-02 00:00:00+00:00, run_after=2024-04-03 00:00:00+00:00
[2024-04-08T21:32:27.291+0000] {processor.py:183} INFO - Processing /opt/airflow/dags/dag_catchup_backfil.py took 0.197 seconds
[2024-04-08T21:32:57.885+0000] {processor.py:161} INFO - Started process (PID=934) to work on /opt/airflow/dags/dag_catchup_backfil.py
[2024-04-08T21:32:57.887+0000] {processor.py:830} INFO - Processing file /opt/airflow/dags/dag_catchup_backfil.py for tasks to queue
[2024-04-08T21:32:57.890+0000] {logging_mixin.py:188} INFO - [2024-04-08T21:32:57.890+0000] {dagbag.py:540} INFO - Filling up the DagBag from /opt/airflow/dags/dag_catchup_backfil.py
[2024-04-08T21:32:57.938+0000] {processor.py:840} INFO - DAG(s) 'first_catchupbackfill' retrieved from /opt/airflow/dags/dag_catchup_backfil.py
[2024-04-08T21:32:57.978+0000] {logging_mixin.py:188} INFO - [2024-04-08T21:32:57.977+0000] {dag.py:3047} INFO - Sync 1 DAGs
[2024-04-08T21:32:58.019+0000] {logging_mixin.py:188} INFO - [2024-04-08T21:32:58.018+0000] {dag.py:3834} INFO - Setting next_dagrun for first_catchupbackfill to 2024-04-02 00:00:00+00:00, run_after=2024-04-03 00:00:00+00:00
[2024-04-08T21:32:58.069+0000] {processor.py:183} INFO - Processing /opt/airflow/dags/dag_catchup_backfil.py took 0.190 seconds
[2024-04-08T21:33:28.748+0000] {processor.py:161} INFO - Started process (PID=948) to work on /opt/airflow/dags/dag_catchup_backfil.py
[2024-04-08T21:33:28.751+0000] {processor.py:830} INFO - Processing file /opt/airflow/dags/dag_catchup_backfil.py for tasks to queue
[2024-04-08T21:33:28.754+0000] {logging_mixin.py:188} INFO - [2024-04-08T21:33:28.753+0000] {dagbag.py:540} INFO - Filling up the DagBag from /opt/airflow/dags/dag_catchup_backfil.py
[2024-04-08T21:33:28.808+0000] {processor.py:840} INFO - DAG(s) 'first_catchupbackfill' retrieved from /opt/airflow/dags/dag_catchup_backfil.py
[2024-04-08T21:33:28.857+0000] {logging_mixin.py:188} INFO - [2024-04-08T21:33:28.856+0000] {dag.py:3047} INFO - Sync 1 DAGs
[2024-04-08T21:33:28.903+0000] {logging_mixin.py:188} INFO - [2024-04-08T21:33:28.903+0000] {dag.py:3834} INFO - Setting next_dagrun for first_catchupbackfill to 2024-04-02 00:00:00+00:00, run_after=2024-04-03 00:00:00+00:00
[2024-04-08T21:33:28.953+0000] {processor.py:183} INFO - Processing /opt/airflow/dags/dag_catchup_backfil.py took 0.210 seconds
[2024-04-08T21:33:59.666+0000] {processor.py:161} INFO - Started process (PID=962) to work on /opt/airflow/dags/dag_catchup_backfil.py
[2024-04-08T21:33:59.668+0000] {processor.py:830} INFO - Processing file /opt/airflow/dags/dag_catchup_backfil.py for tasks to queue
[2024-04-08T21:33:59.671+0000] {logging_mixin.py:188} INFO - [2024-04-08T21:33:59.671+0000] {dagbag.py:540} INFO - Filling up the DagBag from /opt/airflow/dags/dag_catchup_backfil.py
[2024-04-08T21:33:59.712+0000] {processor.py:840} INFO - DAG(s) 'first_catchupbackfill' retrieved from /opt/airflow/dags/dag_catchup_backfil.py
[2024-04-08T21:33:59.757+0000] {logging_mixin.py:188} INFO - [2024-04-08T21:33:59.756+0000] {dag.py:3047} INFO - Sync 1 DAGs
[2024-04-08T21:33:59.799+0000] {logging_mixin.py:188} INFO - [2024-04-08T21:33:59.798+0000] {dag.py:3834} INFO - Setting next_dagrun for first_catchupbackfill to 2024-04-02 00:00:00+00:00, run_after=2024-04-03 00:00:00+00:00
[2024-04-08T21:33:59.847+0000] {processor.py:183} INFO - Processing /opt/airflow/dags/dag_catchup_backfil.py took 0.186 seconds
[2024-04-08T21:34:30.457+0000] {processor.py:161} INFO - Started process (PID=976) to work on /opt/airflow/dags/dag_catchup_backfil.py
[2024-04-08T21:34:30.459+0000] {processor.py:830} INFO - Processing file /opt/airflow/dags/dag_catchup_backfil.py for tasks to queue
[2024-04-08T21:34:30.463+0000] {logging_mixin.py:188} INFO - [2024-04-08T21:34:30.462+0000] {dagbag.py:540} INFO - Filling up the DagBag from /opt/airflow/dags/dag_catchup_backfil.py
[2024-04-08T21:34:30.501+0000] {processor.py:840} INFO - DAG(s) 'first_catchupbackfill' retrieved from /opt/airflow/dags/dag_catchup_backfil.py
[2024-04-08T21:34:30.538+0000] {logging_mixin.py:188} INFO - [2024-04-08T21:34:30.538+0000] {dag.py:3047} INFO - Sync 1 DAGs
[2024-04-08T21:34:30.592+0000] {logging_mixin.py:188} INFO - [2024-04-08T21:34:30.591+0000] {dag.py:3834} INFO - Setting next_dagrun for first_catchupbackfill to 2024-04-02 00:00:00+00:00, run_after=2024-04-03 00:00:00+00:00
[2024-04-08T21:34:30.626+0000] {processor.py:183} INFO - Processing /opt/airflow/dags/dag_catchup_backfil.py took 0.177 seconds
[2024-04-08T21:35:01.174+0000] {processor.py:161} INFO - Started process (PID=991) to work on /opt/airflow/dags/dag_catchup_backfil.py
[2024-04-08T21:35:01.177+0000] {processor.py:830} INFO - Processing file /opt/airflow/dags/dag_catchup_backfil.py for tasks to queue
[2024-04-08T21:35:01.180+0000] {logging_mixin.py:188} INFO - [2024-04-08T21:35:01.179+0000] {dagbag.py:540} INFO - Filling up the DagBag from /opt/airflow/dags/dag_catchup_backfil.py
[2024-04-08T21:35:01.222+0000] {processor.py:840} INFO - DAG(s) 'first_catchupbackfill' retrieved from /opt/airflow/dags/dag_catchup_backfil.py
[2024-04-08T21:35:01.267+0000] {logging_mixin.py:188} INFO - [2024-04-08T21:35:01.266+0000] {dag.py:3047} INFO - Sync 1 DAGs
[2024-04-08T21:35:01.314+0000] {logging_mixin.py:188} INFO - [2024-04-08T21:35:01.314+0000] {dag.py:3834} INFO - Setting next_dagrun for first_catchupbackfill to 2024-04-02 00:00:00+00:00, run_after=2024-04-03 00:00:00+00:00
[2024-04-08T21:35:01.365+0000] {processor.py:183} INFO - Processing /opt/airflow/dags/dag_catchup_backfil.py took 0.196 seconds
[2024-04-08T21:35:31.748+0000] {processor.py:161} INFO - Started process (PID=1005) to work on /opt/airflow/dags/dag_catchup_backfil.py
[2024-04-08T21:35:31.750+0000] {processor.py:830} INFO - Processing file /opt/airflow/dags/dag_catchup_backfil.py for tasks to queue
[2024-04-08T21:35:31.754+0000] {logging_mixin.py:188} INFO - [2024-04-08T21:35:31.753+0000] {dagbag.py:540} INFO - Filling up the DagBag from /opt/airflow/dags/dag_catchup_backfil.py
[2024-04-08T21:35:31.790+0000] {processor.py:840} INFO - DAG(s) 'first_catchupbackfill' retrieved from /opt/airflow/dags/dag_catchup_backfil.py
[2024-04-08T21:35:31.824+0000] {logging_mixin.py:188} INFO - [2024-04-08T21:35:31.824+0000] {dag.py:3047} INFO - Sync 1 DAGs
[2024-04-08T21:35:31.871+0000] {logging_mixin.py:188} INFO - [2024-04-08T21:35:31.871+0000] {dag.py:3834} INFO - Setting next_dagrun for first_catchupbackfill to 2024-04-02 00:00:00+00:00, run_after=2024-04-03 00:00:00+00:00
[2024-04-08T21:35:31.915+0000] {processor.py:183} INFO - Processing /opt/airflow/dags/dag_catchup_backfil.py took 0.174 seconds
[2024-04-08T21:36:02.537+0000] {processor.py:161} INFO - Started process (PID=1019) to work on /opt/airflow/dags/dag_catchup_backfil.py
[2024-04-08T21:36:02.539+0000] {processor.py:830} INFO - Processing file /opt/airflow/dags/dag_catchup_backfil.py for tasks to queue
[2024-04-08T21:36:02.543+0000] {logging_mixin.py:188} INFO - [2024-04-08T21:36:02.542+0000] {dagbag.py:540} INFO - Filling up the DagBag from /opt/airflow/dags/dag_catchup_backfil.py
[2024-04-08T21:36:02.584+0000] {processor.py:840} INFO - DAG(s) 'first_catchupbackfill' retrieved from /opt/airflow/dags/dag_catchup_backfil.py
[2024-04-08T21:36:02.623+0000] {logging_mixin.py:188} INFO - [2024-04-08T21:36:02.622+0000] {dag.py:3047} INFO - Sync 1 DAGs
[2024-04-08T21:36:02.674+0000] {logging_mixin.py:188} INFO - [2024-04-08T21:36:02.673+0000] {dag.py:3834} INFO - Setting next_dagrun for first_catchupbackfill to 2024-04-02 00:00:00+00:00, run_after=2024-04-03 00:00:00+00:00
[2024-04-08T21:36:02.712+0000] {processor.py:183} INFO - Processing /opt/airflow/dags/dag_catchup_backfil.py took 0.180 seconds
[2024-04-08T21:36:33.086+0000] {processor.py:161} INFO - Started process (PID=1034) to work on /opt/airflow/dags/dag_catchup_backfil.py
[2024-04-08T21:36:33.089+0000] {processor.py:830} INFO - Processing file /opt/airflow/dags/dag_catchup_backfil.py for tasks to queue
[2024-04-08T21:36:33.092+0000] {logging_mixin.py:188} INFO - [2024-04-08T21:36:33.092+0000] {dagbag.py:540} INFO - Filling up the DagBag from /opt/airflow/dags/dag_catchup_backfil.py
[2024-04-08T21:36:33.132+0000] {processor.py:840} INFO - DAG(s) 'first_catchupbackfill' retrieved from /opt/airflow/dags/dag_catchup_backfil.py
[2024-04-08T21:36:33.177+0000] {logging_mixin.py:188} INFO - [2024-04-08T21:36:33.177+0000] {dag.py:3047} INFO - Sync 1 DAGs
[2024-04-08T21:36:33.234+0000] {logging_mixin.py:188} INFO - [2024-04-08T21:36:33.234+0000] {dag.py:3834} INFO - Setting next_dagrun for first_catchupbackfill to 2024-04-02 00:00:00+00:00, run_after=2024-04-03 00:00:00+00:00
[2024-04-08T21:36:33.287+0000] {processor.py:183} INFO - Processing /opt/airflow/dags/dag_catchup_backfil.py took 0.210 seconds
[2024-04-08T21:37:03.931+0000] {processor.py:161} INFO - Started process (PID=1048) to work on /opt/airflow/dags/dag_catchup_backfil.py
[2024-04-08T21:37:03.934+0000] {processor.py:830} INFO - Processing file /opt/airflow/dags/dag_catchup_backfil.py for tasks to queue
[2024-04-08T21:37:03.938+0000] {logging_mixin.py:188} INFO - [2024-04-08T21:37:03.938+0000] {dagbag.py:540} INFO - Filling up the DagBag from /opt/airflow/dags/dag_catchup_backfil.py
[2024-04-08T21:37:03.985+0000] {processor.py:840} INFO - DAG(s) 'first_catchupbackfill' retrieved from /opt/airflow/dags/dag_catchup_backfil.py
[2024-04-08T21:37:04.025+0000] {logging_mixin.py:188} INFO - [2024-04-08T21:37:04.025+0000] {dag.py:3047} INFO - Sync 1 DAGs
[2024-04-08T21:37:04.067+0000] {logging_mixin.py:188} INFO - [2024-04-08T21:37:04.066+0000] {dag.py:3834} INFO - Setting next_dagrun for first_catchupbackfill to 2024-04-02 00:00:00+00:00, run_after=2024-04-03 00:00:00+00:00
[2024-04-08T21:37:04.110+0000] {processor.py:183} INFO - Processing /opt/airflow/dags/dag_catchup_backfil.py took 0.186 seconds
[2024-04-08T21:37:34.961+0000] {processor.py:161} INFO - Started process (PID=1062) to work on /opt/airflow/dags/dag_catchup_backfil.py
[2024-04-08T21:37:34.964+0000] {processor.py:830} INFO - Processing file /opt/airflow/dags/dag_catchup_backfil.py for tasks to queue
[2024-04-08T21:37:34.968+0000] {logging_mixin.py:188} INFO - [2024-04-08T21:37:34.968+0000] {dagbag.py:540} INFO - Filling up the DagBag from /opt/airflow/dags/dag_catchup_backfil.py
[2024-04-08T21:37:35.011+0000] {processor.py:840} INFO - DAG(s) 'first_catchupbackfill' retrieved from /opt/airflow/dags/dag_catchup_backfil.py
[2024-04-08T21:37:35.051+0000] {logging_mixin.py:188} INFO - [2024-04-08T21:37:35.051+0000] {dag.py:3047} INFO - Sync 1 DAGs
[2024-04-08T21:37:35.098+0000] {logging_mixin.py:188} INFO - [2024-04-08T21:37:35.098+0000] {dag.py:3834} INFO - Setting next_dagrun for first_catchupbackfill to 2024-04-02 00:00:00+00:00, run_after=2024-04-03 00:00:00+00:00
[2024-04-08T21:37:35.138+0000] {processor.py:183} INFO - Processing /opt/airflow/dags/dag_catchup_backfil.py took 0.184 seconds
[2024-04-08T21:38:05.760+0000] {processor.py:161} INFO - Started process (PID=1077) to work on /opt/airflow/dags/dag_catchup_backfil.py
[2024-04-08T21:38:05.762+0000] {processor.py:830} INFO - Processing file /opt/airflow/dags/dag_catchup_backfil.py for tasks to queue
[2024-04-08T21:38:05.767+0000] {logging_mixin.py:188} INFO - [2024-04-08T21:38:05.766+0000] {dagbag.py:540} INFO - Filling up the DagBag from /opt/airflow/dags/dag_catchup_backfil.py
[2024-04-08T21:38:05.809+0000] {processor.py:840} INFO - DAG(s) 'first_catchupbackfill' retrieved from /opt/airflow/dags/dag_catchup_backfil.py
[2024-04-08T21:38:05.850+0000] {logging_mixin.py:188} INFO - [2024-04-08T21:38:05.850+0000] {dag.py:3047} INFO - Sync 1 DAGs
[2024-04-08T21:38:05.895+0000] {logging_mixin.py:188} INFO - [2024-04-08T21:38:05.894+0000] {dag.py:3834} INFO - Setting next_dagrun for first_catchupbackfill to 2024-04-02 00:00:00+00:00, run_after=2024-04-03 00:00:00+00:00
[2024-04-08T21:38:05.931+0000] {processor.py:183} INFO - Processing /opt/airflow/dags/dag_catchup_backfil.py took 0.177 seconds
[2024-04-08T21:38:36.514+0000] {processor.py:161} INFO - Started process (PID=1091) to work on /opt/airflow/dags/dag_catchup_backfil.py
[2024-04-08T21:38:36.517+0000] {processor.py:830} INFO - Processing file /opt/airflow/dags/dag_catchup_backfil.py for tasks to queue
[2024-04-08T21:38:36.520+0000] {logging_mixin.py:188} INFO - [2024-04-08T21:38:36.520+0000] {dagbag.py:540} INFO - Filling up the DagBag from /opt/airflow/dags/dag_catchup_backfil.py
[2024-04-08T21:38:36.566+0000] {processor.py:840} INFO - DAG(s) 'first_catchupbackfill' retrieved from /opt/airflow/dags/dag_catchup_backfil.py
[2024-04-08T21:38:36.605+0000] {logging_mixin.py:188} INFO - [2024-04-08T21:38:36.605+0000] {dag.py:3047} INFO - Sync 1 DAGs
[2024-04-08T21:38:36.649+0000] {logging_mixin.py:188} INFO - [2024-04-08T21:38:36.648+0000] {dag.py:3834} INFO - Setting next_dagrun for first_catchupbackfill to 2024-04-02 00:00:00+00:00, run_after=2024-04-03 00:00:00+00:00
[2024-04-08T21:38:36.691+0000] {processor.py:183} INFO - Processing /opt/airflow/dags/dag_catchup_backfil.py took 0.184 seconds
[2024-04-08T21:39:07.000+0000] {processor.py:161} INFO - Started process (PID=1106) to work on /opt/airflow/dags/dag_catchup_backfil.py
[2024-04-08T21:39:07.002+0000] {processor.py:830} INFO - Processing file /opt/airflow/dags/dag_catchup_backfil.py for tasks to queue
[2024-04-08T21:39:07.006+0000] {logging_mixin.py:188} INFO - [2024-04-08T21:39:07.006+0000] {dagbag.py:540} INFO - Filling up the DagBag from /opt/airflow/dags/dag_catchup_backfil.py
[2024-04-08T21:39:07.051+0000] {processor.py:840} INFO - DAG(s) 'first_catchupbackfill' retrieved from /opt/airflow/dags/dag_catchup_backfil.py
[2024-04-08T21:39:07.093+0000] {logging_mixin.py:188} INFO - [2024-04-08T21:39:07.093+0000] {dag.py:3047} INFO - Sync 1 DAGs
[2024-04-08T21:39:07.142+0000] {logging_mixin.py:188} INFO - [2024-04-08T21:39:07.141+0000] {dag.py:3834} INFO - Setting next_dagrun for first_catchupbackfill to 2024-04-02 00:00:00+00:00, run_after=2024-04-03 00:00:00+00:00
[2024-04-08T21:39:07.183+0000] {processor.py:183} INFO - Processing /opt/airflow/dags/dag_catchup_backfil.py took 0.189 seconds
[2024-04-08T21:39:37.771+0000] {processor.py:161} INFO - Started process (PID=1120) to work on /opt/airflow/dags/dag_catchup_backfil.py
[2024-04-08T21:39:37.773+0000] {processor.py:830} INFO - Processing file /opt/airflow/dags/dag_catchup_backfil.py for tasks to queue
[2024-04-08T21:39:37.779+0000] {logging_mixin.py:188} INFO - [2024-04-08T21:39:37.777+0000] {dagbag.py:540} INFO - Filling up the DagBag from /opt/airflow/dags/dag_catchup_backfil.py
[2024-04-08T21:39:37.826+0000] {processor.py:840} INFO - DAG(s) 'first_catchupbackfill' retrieved from /opt/airflow/dags/dag_catchup_backfil.py
[2024-04-08T21:39:37.872+0000] {logging_mixin.py:188} INFO - [2024-04-08T21:39:37.871+0000] {dag.py:3047} INFO - Sync 1 DAGs
[2024-04-08T21:39:37.924+0000] {logging_mixin.py:188} INFO - [2024-04-08T21:39:37.924+0000] {dag.py:3834} INFO - Setting next_dagrun for first_catchupbackfill to 2024-04-02 00:00:00+00:00, run_after=2024-04-03 00:00:00+00:00
[2024-04-08T21:39:37.960+0000] {processor.py:183} INFO - Processing /opt/airflow/dags/dag_catchup_backfil.py took 0.194 seconds
[2024-04-08T21:40:08.300+0000] {processor.py:161} INFO - Started process (PID=1134) to work on /opt/airflow/dags/dag_catchup_backfil.py
[2024-04-08T21:40:08.302+0000] {processor.py:830} INFO - Processing file /opt/airflow/dags/dag_catchup_backfil.py for tasks to queue
[2024-04-08T21:40:08.306+0000] {logging_mixin.py:188} INFO - [2024-04-08T21:40:08.305+0000] {dagbag.py:540} INFO - Filling up the DagBag from /opt/airflow/dags/dag_catchup_backfil.py
[2024-04-08T21:40:08.352+0000] {processor.py:840} INFO - DAG(s) 'first_catchupbackfill' retrieved from /opt/airflow/dags/dag_catchup_backfil.py
[2024-04-08T21:40:08.391+0000] {logging_mixin.py:188} INFO - [2024-04-08T21:40:08.391+0000] {dag.py:3047} INFO - Sync 1 DAGs
[2024-04-08T21:40:08.443+0000] {logging_mixin.py:188} INFO - [2024-04-08T21:40:08.443+0000] {dag.py:3834} INFO - Setting next_dagrun for first_catchupbackfill to 2024-04-02 00:00:00+00:00, run_after=2024-04-03 00:00:00+00:00
[2024-04-08T21:40:08.480+0000] {processor.py:183} INFO - Processing /opt/airflow/dags/dag_catchup_backfil.py took 0.185 seconds
[2024-04-08T21:40:38.910+0000] {processor.py:161} INFO - Started process (PID=1149) to work on /opt/airflow/dags/dag_catchup_backfil.py
[2024-04-08T21:40:38.912+0000] {processor.py:830} INFO - Processing file /opt/airflow/dags/dag_catchup_backfil.py for tasks to queue
[2024-04-08T21:40:38.916+0000] {logging_mixin.py:188} INFO - [2024-04-08T21:40:38.915+0000] {dagbag.py:540} INFO - Filling up the DagBag from /opt/airflow/dags/dag_catchup_backfil.py
[2024-04-08T21:40:38.958+0000] {processor.py:840} INFO - DAG(s) 'first_catchupbackfill' retrieved from /opt/airflow/dags/dag_catchup_backfil.py
[2024-04-08T21:40:38.997+0000] {logging_mixin.py:188} INFO - [2024-04-08T21:40:38.996+0000] {dag.py:3047} INFO - Sync 1 DAGs
[2024-04-08T21:40:39.045+0000] {logging_mixin.py:188} INFO - [2024-04-08T21:40:39.044+0000] {dag.py:3834} INFO - Setting next_dagrun for first_catchupbackfill to 2024-04-02 00:00:00+00:00, run_after=2024-04-03 00:00:00+00:00
[2024-04-08T21:40:39.088+0000] {processor.py:183} INFO - Processing /opt/airflow/dags/dag_catchup_backfil.py took 0.184 seconds
[2024-04-08T21:41:09.439+0000] {processor.py:161} INFO - Started process (PID=1164) to work on /opt/airflow/dags/dag_catchup_backfil.py
[2024-04-08T21:41:09.442+0000] {processor.py:830} INFO - Processing file /opt/airflow/dags/dag_catchup_backfil.py for tasks to queue
[2024-04-08T21:41:09.446+0000] {logging_mixin.py:188} INFO - [2024-04-08T21:41:09.445+0000] {dagbag.py:540} INFO - Filling up the DagBag from /opt/airflow/dags/dag_catchup_backfil.py
[2024-04-08T21:41:09.494+0000] {processor.py:840} INFO - DAG(s) 'first_catchupbackfill' retrieved from /opt/airflow/dags/dag_catchup_backfil.py
[2024-04-08T21:41:09.539+0000] {logging_mixin.py:188} INFO - [2024-04-08T21:41:09.539+0000] {dag.py:3047} INFO - Sync 1 DAGs
[2024-04-08T21:41:09.589+0000] {logging_mixin.py:188} INFO - [2024-04-08T21:41:09.588+0000] {dag.py:3834} INFO - Setting next_dagrun for first_catchupbackfill to 2024-04-02 00:00:00+00:00, run_after=2024-04-03 00:00:00+00:00
[2024-04-08T21:41:09.645+0000] {processor.py:183} INFO - Processing /opt/airflow/dags/dag_catchup_backfil.py took 0.212 seconds
[2024-04-08T21:41:40.301+0000] {processor.py:161} INFO - Started process (PID=1178) to work on /opt/airflow/dags/dag_catchup_backfil.py
[2024-04-08T21:41:40.303+0000] {processor.py:830} INFO - Processing file /opt/airflow/dags/dag_catchup_backfil.py for tasks to queue
[2024-04-08T21:41:40.307+0000] {logging_mixin.py:188} INFO - [2024-04-08T21:41:40.306+0000] {dagbag.py:540} INFO - Filling up the DagBag from /opt/airflow/dags/dag_catchup_backfil.py
[2024-04-08T21:41:40.355+0000] {processor.py:840} INFO - DAG(s) 'first_catchupbackfill' retrieved from /opt/airflow/dags/dag_catchup_backfil.py
[2024-04-08T21:41:40.397+0000] {logging_mixin.py:188} INFO - [2024-04-08T21:41:40.396+0000] {dag.py:3047} INFO - Sync 1 DAGs
[2024-04-08T21:41:40.443+0000] {logging_mixin.py:188} INFO - [2024-04-08T21:41:40.443+0000] {dag.py:3834} INFO - Setting next_dagrun for first_catchupbackfill to 2024-04-02 00:00:00+00:00, run_after=2024-04-03 00:00:00+00:00
[2024-04-08T21:41:40.483+0000] {processor.py:183} INFO - Processing /opt/airflow/dags/dag_catchup_backfil.py took 0.188 seconds
[2024-04-08T21:42:11.151+0000] {processor.py:161} INFO - Started process (PID=1192) to work on /opt/airflow/dags/dag_catchup_backfil.py
[2024-04-08T21:42:11.154+0000] {processor.py:830} INFO - Processing file /opt/airflow/dags/dag_catchup_backfil.py for tasks to queue
[2024-04-08T21:42:11.161+0000] {logging_mixin.py:188} INFO - [2024-04-08T21:42:11.160+0000] {dagbag.py:540} INFO - Filling up the DagBag from /opt/airflow/dags/dag_catchup_backfil.py
[2024-04-08T21:42:11.209+0000] {processor.py:840} INFO - DAG(s) 'first_catchupbackfill' retrieved from /opt/airflow/dags/dag_catchup_backfil.py
[2024-04-08T21:42:11.270+0000] {logging_mixin.py:188} INFO - [2024-04-08T21:42:11.269+0000] {dag.py:3047} INFO - Sync 1 DAGs
[2024-04-08T21:42:11.348+0000] {logging_mixin.py:188} INFO - [2024-04-08T21:42:11.347+0000] {dag.py:3834} INFO - Setting next_dagrun for first_catchupbackfill to 2024-04-02 00:00:00+00:00, run_after=2024-04-03 00:00:00+00:00
[2024-04-08T21:42:11.430+0000] {processor.py:183} INFO - Processing /opt/airflow/dags/dag_catchup_backfil.py took 0.286 seconds
