[2024-04-08T21:02:11.631+0000] {processor.py:161} INFO - Started process (PID=44) to work on /opt/airflow/dags/dagwithpostgres.py
[2024-04-08T21:02:11.633+0000] {processor.py:830} INFO - Processing file /opt/airflow/dags/dagwithpostgres.py for tasks to queue
[2024-04-08T21:02:11.637+0000] {logging_mixin.py:188} INFO - [2024-04-08T21:02:11.636+0000] {dagbag.py:540} INFO - Filling up the DagBag from /opt/airflow/dags/dagwithpostgres.py
[2024-04-08T21:02:11.750+0000] {processor.py:840} INFO - DAG(s) 'dagwithpostgres' retrieved from /opt/airflow/dags/dagwithpostgres.py
[2024-04-08T21:02:11.809+0000] {logging_mixin.py:188} INFO - [2024-04-08T21:02:11.809+0000] {dag.py:3047} INFO - Sync 1 DAGs
[2024-04-08T21:02:11.863+0000] {logging_mixin.py:188} INFO - [2024-04-08T21:02:11.862+0000] {dag.py:3834} INFO - Setting next_dagrun for dagwithpostgres to 2024-04-03 04:05:00+00:00, run_after=2024-04-04 04:05:00+00:00
[2024-04-08T21:02:11.918+0000] {processor.py:183} INFO - Processing /opt/airflow/dags/dagwithpostgres.py took 0.294 seconds
[2024-04-08T21:02:42.699+0000] {processor.py:161} INFO - Started process (PID=58) to work on /opt/airflow/dags/dagwithpostgres.py
[2024-04-08T21:02:42.701+0000] {processor.py:830} INFO - Processing file /opt/airflow/dags/dagwithpostgres.py for tasks to queue
[2024-04-08T21:02:42.704+0000] {logging_mixin.py:188} INFO - [2024-04-08T21:02:42.704+0000] {dagbag.py:540} INFO - Filling up the DagBag from /opt/airflow/dags/dagwithpostgres.py
[2024-04-08T21:02:42.760+0000] {processor.py:840} INFO - DAG(s) 'dagwithpostgres' retrieved from /opt/airflow/dags/dagwithpostgres.py
[2024-04-08T21:02:42.801+0000] {logging_mixin.py:188} INFO - [2024-04-08T21:02:42.801+0000] {dag.py:3047} INFO - Sync 1 DAGs
[2024-04-08T21:02:42.844+0000] {logging_mixin.py:188} INFO - [2024-04-08T21:02:42.844+0000] {dag.py:3834} INFO - Setting next_dagrun for dagwithpostgres to 2024-04-03 04:05:00+00:00, run_after=2024-04-04 04:05:00+00:00
[2024-04-08T21:02:42.884+0000] {processor.py:183} INFO - Processing /opt/airflow/dags/dagwithpostgres.py took 0.191 seconds
[2024-04-08T21:03:13.618+0000] {processor.py:161} INFO - Started process (PID=72) to work on /opt/airflow/dags/dagwithpostgres.py
[2024-04-08T21:03:13.621+0000] {processor.py:830} INFO - Processing file /opt/airflow/dags/dagwithpostgres.py for tasks to queue
[2024-04-08T21:03:13.625+0000] {logging_mixin.py:188} INFO - [2024-04-08T21:03:13.624+0000] {dagbag.py:540} INFO - Filling up the DagBag from /opt/airflow/dags/dagwithpostgres.py
[2024-04-08T21:03:13.691+0000] {processor.py:840} INFO - DAG(s) 'dagwithpostgres' retrieved from /opt/airflow/dags/dagwithpostgres.py
[2024-04-08T21:03:13.761+0000] {logging_mixin.py:188} INFO - [2024-04-08T21:03:13.760+0000] {dag.py:3047} INFO - Sync 1 DAGs
[2024-04-08T21:03:13.838+0000] {logging_mixin.py:188} INFO - [2024-04-08T21:03:13.837+0000] {dag.py:3834} INFO - Setting next_dagrun for dagwithpostgres to 2024-04-03 04:05:00+00:00, run_after=2024-04-04 04:05:00+00:00
[2024-04-08T21:03:13.897+0000] {processor.py:183} INFO - Processing /opt/airflow/dags/dagwithpostgres.py took 0.286 seconds
[2024-04-08T21:03:44.571+0000] {processor.py:161} INFO - Started process (PID=92) to work on /opt/airflow/dags/dagwithpostgres.py
[2024-04-08T21:03:44.573+0000] {processor.py:830} INFO - Processing file /opt/airflow/dags/dagwithpostgres.py for tasks to queue
[2024-04-08T21:03:44.576+0000] {logging_mixin.py:188} INFO - [2024-04-08T21:03:44.575+0000] {dagbag.py:540} INFO - Filling up the DagBag from /opt/airflow/dags/dagwithpostgres.py
[2024-04-08T21:03:44.632+0000] {processor.py:840} INFO - DAG(s) 'dagwithpostgres' retrieved from /opt/airflow/dags/dagwithpostgres.py
[2024-04-08T21:03:44.841+0000] {logging_mixin.py:188} INFO - [2024-04-08T21:03:44.840+0000] {dag.py:3047} INFO - Sync 1 DAGs
[2024-04-08T21:03:44.891+0000] {logging_mixin.py:188} INFO - [2024-04-08T21:03:44.891+0000] {dag.py:3834} INFO - Setting next_dagrun for dagwithpostgres to 2024-04-03 04:05:00+00:00, run_after=2024-04-04 04:05:00+00:00
[2024-04-08T21:03:44.944+0000] {processor.py:183} INFO - Processing /opt/airflow/dags/dagwithpostgres.py took 0.378 seconds
[2024-04-08T21:04:15.232+0000] {processor.py:161} INFO - Started process (PID=139) to work on /opt/airflow/dags/dagwithpostgres.py
[2024-04-08T21:04:15.236+0000] {processor.py:830} INFO - Processing file /opt/airflow/dags/dagwithpostgres.py for tasks to queue
[2024-04-08T21:04:15.240+0000] {logging_mixin.py:188} INFO - [2024-04-08T21:04:15.239+0000] {dagbag.py:540} INFO - Filling up the DagBag from /opt/airflow/dags/dagwithpostgres.py
[2024-04-08T21:04:15.298+0000] {processor.py:840} INFO - DAG(s) 'dagwithpostgres' retrieved from /opt/airflow/dags/dagwithpostgres.py
[2024-04-08T21:04:15.344+0000] {logging_mixin.py:188} INFO - [2024-04-08T21:04:15.344+0000] {dag.py:3047} INFO - Sync 1 DAGs
[2024-04-08T21:04:15.391+0000] {logging_mixin.py:188} INFO - [2024-04-08T21:04:15.390+0000] {dag.py:3834} INFO - Setting next_dagrun for dagwithpostgres to 2024-04-03 04:05:00+00:00, run_after=2024-04-04 04:05:00+00:00
[2024-04-08T21:04:15.446+0000] {processor.py:183} INFO - Processing /opt/airflow/dags/dagwithpostgres.py took 0.221 seconds
[2024-04-08T21:04:46.224+0000] {processor.py:161} INFO - Started process (PID=153) to work on /opt/airflow/dags/dagwithpostgres.py
[2024-04-08T21:04:46.228+0000] {processor.py:830} INFO - Processing file /opt/airflow/dags/dagwithpostgres.py for tasks to queue
[2024-04-08T21:04:46.256+0000] {logging_mixin.py:188} INFO - [2024-04-08T21:04:46.255+0000] {dagbag.py:540} INFO - Filling up the DagBag from /opt/airflow/dags/dagwithpostgres.py
[2024-04-08T21:04:46.302+0000] {processor.py:840} INFO - DAG(s) 'dagwithpostgres' retrieved from /opt/airflow/dags/dagwithpostgres.py
[2024-04-08T21:04:46.346+0000] {logging_mixin.py:188} INFO - [2024-04-08T21:04:46.345+0000] {dag.py:3047} INFO - Sync 1 DAGs
[2024-04-08T21:04:46.398+0000] {logging_mixin.py:188} INFO - [2024-04-08T21:04:46.398+0000] {dag.py:3834} INFO - Setting next_dagrun for dagwithpostgres to 2024-04-03 04:05:00+00:00, run_after=2024-04-04 04:05:00+00:00
[2024-04-08T21:04:46.444+0000] {processor.py:183} INFO - Processing /opt/airflow/dags/dagwithpostgres.py took 0.226 seconds
[2024-04-08T21:05:17.374+0000] {processor.py:161} INFO - Started process (PID=167) to work on /opt/airflow/dags/dagwithpostgres.py
[2024-04-08T21:05:17.376+0000] {processor.py:830} INFO - Processing file /opt/airflow/dags/dagwithpostgres.py for tasks to queue
[2024-04-08T21:05:17.380+0000] {logging_mixin.py:188} INFO - [2024-04-08T21:05:17.380+0000] {dagbag.py:540} INFO - Filling up the DagBag from /opt/airflow/dags/dagwithpostgres.py
[2024-04-08T21:05:17.424+0000] {processor.py:840} INFO - DAG(s) 'dagwithpostgres' retrieved from /opt/airflow/dags/dagwithpostgres.py
[2024-04-08T21:05:17.467+0000] {logging_mixin.py:188} INFO - [2024-04-08T21:05:17.467+0000] {dag.py:3047} INFO - Sync 1 DAGs
[2024-04-08T21:05:17.524+0000] {logging_mixin.py:188} INFO - [2024-04-08T21:05:17.524+0000] {dag.py:3834} INFO - Setting next_dagrun for dagwithpostgres to 2024-04-03 04:05:00+00:00, run_after=2024-04-04 04:05:00+00:00
[2024-04-08T21:05:17.571+0000] {processor.py:183} INFO - Processing /opt/airflow/dags/dagwithpostgres.py took 0.206 seconds
[2024-04-08T21:05:48.280+0000] {processor.py:161} INFO - Started process (PID=181) to work on /opt/airflow/dags/dagwithpostgres.py
[2024-04-08T21:05:48.282+0000] {processor.py:830} INFO - Processing file /opt/airflow/dags/dagwithpostgres.py for tasks to queue
[2024-04-08T21:05:48.285+0000] {logging_mixin.py:188} INFO - [2024-04-08T21:05:48.285+0000] {dagbag.py:540} INFO - Filling up the DagBag from /opt/airflow/dags/dagwithpostgres.py
[2024-04-08T21:05:48.335+0000] {processor.py:840} INFO - DAG(s) 'dagwithpostgres' retrieved from /opt/airflow/dags/dagwithpostgres.py
[2024-04-08T21:05:48.379+0000] {logging_mixin.py:188} INFO - [2024-04-08T21:05:48.379+0000] {dag.py:3047} INFO - Sync 1 DAGs
[2024-04-08T21:05:48.429+0000] {logging_mixin.py:188} INFO - [2024-04-08T21:05:48.429+0000] {dag.py:3834} INFO - Setting next_dagrun for dagwithpostgres to 2024-04-03 04:05:00+00:00, run_after=2024-04-04 04:05:00+00:00
[2024-04-08T21:05:48.473+0000] {processor.py:183} INFO - Processing /opt/airflow/dags/dagwithpostgres.py took 0.198 seconds
[2024-04-08T21:06:19.162+0000] {processor.py:161} INFO - Started process (PID=195) to work on /opt/airflow/dags/dagwithpostgres.py
[2024-04-08T21:06:19.165+0000] {processor.py:830} INFO - Processing file /opt/airflow/dags/dagwithpostgres.py for tasks to queue
[2024-04-08T21:06:19.169+0000] {logging_mixin.py:188} INFO - [2024-04-08T21:06:19.168+0000] {dagbag.py:540} INFO - Filling up the DagBag from /opt/airflow/dags/dagwithpostgres.py
[2024-04-08T21:06:19.228+0000] {processor.py:840} INFO - DAG(s) 'dagwithpostgres' retrieved from /opt/airflow/dags/dagwithpostgres.py
[2024-04-08T21:06:19.276+0000] {logging_mixin.py:188} INFO - [2024-04-08T21:06:19.275+0000] {dag.py:3047} INFO - Sync 1 DAGs
[2024-04-08T21:06:19.324+0000] {logging_mixin.py:188} INFO - [2024-04-08T21:06:19.324+0000] {dag.py:3834} INFO - Setting next_dagrun for dagwithpostgres to 2024-04-03 04:05:00+00:00, run_after=2024-04-04 04:05:00+00:00
[2024-04-08T21:06:19.364+0000] {processor.py:183} INFO - Processing /opt/airflow/dags/dagwithpostgres.py took 0.207 seconds
[2024-04-08T21:06:50.138+0000] {processor.py:161} INFO - Started process (PID=210) to work on /opt/airflow/dags/dagwithpostgres.py
[2024-04-08T21:06:50.140+0000] {processor.py:830} INFO - Processing file /opt/airflow/dags/dagwithpostgres.py for tasks to queue
[2024-04-08T21:06:50.144+0000] {logging_mixin.py:188} INFO - [2024-04-08T21:06:50.144+0000] {dagbag.py:540} INFO - Filling up the DagBag from /opt/airflow/dags/dagwithpostgres.py
[2024-04-08T21:06:50.202+0000] {processor.py:840} INFO - DAG(s) 'dagwithpostgres' retrieved from /opt/airflow/dags/dagwithpostgres.py
[2024-04-08T21:06:50.243+0000] {logging_mixin.py:188} INFO - [2024-04-08T21:06:50.243+0000] {dag.py:3047} INFO - Sync 1 DAGs
[2024-04-08T21:06:50.292+0000] {logging_mixin.py:188} INFO - [2024-04-08T21:06:50.291+0000] {dag.py:3834} INFO - Setting next_dagrun for dagwithpostgres to 2024-04-03 04:05:00+00:00, run_after=2024-04-04 04:05:00+00:00
[2024-04-08T21:06:50.334+0000] {processor.py:183} INFO - Processing /opt/airflow/dags/dagwithpostgres.py took 0.203 seconds
[2024-04-08T21:07:21.002+0000] {processor.py:161} INFO - Started process (PID=224) to work on /opt/airflow/dags/dagwithpostgres.py
[2024-04-08T21:07:21.005+0000] {processor.py:830} INFO - Processing file /opt/airflow/dags/dagwithpostgres.py for tasks to queue
[2024-04-08T21:07:21.008+0000] {logging_mixin.py:188} INFO - [2024-04-08T21:07:21.008+0000] {dagbag.py:540} INFO - Filling up the DagBag from /opt/airflow/dags/dagwithpostgres.py
[2024-04-08T21:07:21.056+0000] {processor.py:840} INFO - DAG(s) 'dagwithpostgres' retrieved from /opt/airflow/dags/dagwithpostgres.py
[2024-04-08T21:07:21.104+0000] {logging_mixin.py:188} INFO - [2024-04-08T21:07:21.103+0000] {dag.py:3047} INFO - Sync 1 DAGs
[2024-04-08T21:07:21.150+0000] {logging_mixin.py:188} INFO - [2024-04-08T21:07:21.149+0000] {dag.py:3834} INFO - Setting next_dagrun for dagwithpostgres to 2024-04-03 04:05:00+00:00, run_after=2024-04-04 04:05:00+00:00
[2024-04-08T21:07:21.187+0000] {processor.py:183} INFO - Processing /opt/airflow/dags/dagwithpostgres.py took 0.190 seconds
[2024-04-08T21:07:51.695+0000] {processor.py:161} INFO - Started process (PID=238) to work on /opt/airflow/dags/dagwithpostgres.py
[2024-04-08T21:07:51.697+0000] {processor.py:830} INFO - Processing file /opt/airflow/dags/dagwithpostgres.py for tasks to queue
[2024-04-08T21:07:51.700+0000] {logging_mixin.py:188} INFO - [2024-04-08T21:07:51.700+0000] {dagbag.py:540} INFO - Filling up the DagBag from /opt/airflow/dags/dagwithpostgres.py
[2024-04-08T21:07:51.762+0000] {processor.py:840} INFO - DAG(s) 'dagwithpostgres' retrieved from /opt/airflow/dags/dagwithpostgres.py
[2024-04-08T21:07:51.832+0000] {logging_mixin.py:188} INFO - [2024-04-08T21:07:51.829+0000] {dag.py:3047} INFO - Sync 1 DAGs
[2024-04-08T21:07:51.938+0000] {logging_mixin.py:188} INFO - [2024-04-08T21:07:51.938+0000] {dag.py:3834} INFO - Setting next_dagrun for dagwithpostgres to 2024-04-03 04:05:00+00:00, run_after=2024-04-04 04:05:00+00:00
[2024-04-08T21:07:52.019+0000] {processor.py:183} INFO - Processing /opt/airflow/dags/dagwithpostgres.py took 0.329 seconds
[2024-04-08T21:08:22.150+0000] {processor.py:161} INFO - Started process (PID=252) to work on /opt/airflow/dags/dagwithpostgres.py
[2024-04-08T21:08:22.152+0000] {processor.py:830} INFO - Processing file /opt/airflow/dags/dagwithpostgres.py for tasks to queue
[2024-04-08T21:08:22.156+0000] {logging_mixin.py:188} INFO - [2024-04-08T21:08:22.155+0000] {dagbag.py:540} INFO - Filling up the DagBag from /opt/airflow/dags/dagwithpostgres.py
[2024-04-08T21:08:22.205+0000] {processor.py:840} INFO - DAG(s) 'dagwithpostgres' retrieved from /opt/airflow/dags/dagwithpostgres.py
[2024-04-08T21:08:22.263+0000] {logging_mixin.py:188} INFO - [2024-04-08T21:08:22.262+0000] {dag.py:3047} INFO - Sync 1 DAGs
[2024-04-08T21:08:22.304+0000] {logging_mixin.py:188} INFO - [2024-04-08T21:08:22.304+0000] {dag.py:3834} INFO - Setting next_dagrun for dagwithpostgres to 2024-04-03 04:05:00+00:00, run_after=2024-04-04 04:05:00+00:00
[2024-04-08T21:08:22.347+0000] {processor.py:183} INFO - Processing /opt/airflow/dags/dagwithpostgres.py took 0.202 seconds
[2024-04-08T21:08:52.474+0000] {processor.py:161} INFO - Started process (PID=266) to work on /opt/airflow/dags/dagwithpostgres.py
[2024-04-08T21:08:52.476+0000] {processor.py:830} INFO - Processing file /opt/airflow/dags/dagwithpostgres.py for tasks to queue
[2024-04-08T21:08:52.479+0000] {logging_mixin.py:188} INFO - [2024-04-08T21:08:52.479+0000] {dagbag.py:540} INFO - Filling up the DagBag from /opt/airflow/dags/dagwithpostgres.py
[2024-04-08T21:08:52.531+0000] {processor.py:840} INFO - DAG(s) 'dagwithpostgres' retrieved from /opt/airflow/dags/dagwithpostgres.py
[2024-04-08T21:08:52.572+0000] {logging_mixin.py:188} INFO - [2024-04-08T21:08:52.571+0000] {dag.py:3047} INFO - Sync 1 DAGs
[2024-04-08T21:08:52.620+0000] {logging_mixin.py:188} INFO - [2024-04-08T21:08:52.620+0000] {dag.py:3834} INFO - Setting next_dagrun for dagwithpostgres to 2024-04-03 04:05:00+00:00, run_after=2024-04-04 04:05:00+00:00
[2024-04-08T21:08:52.664+0000] {processor.py:183} INFO - Processing /opt/airflow/dags/dagwithpostgres.py took 0.195 seconds
[2024-04-08T21:09:22.984+0000] {processor.py:161} INFO - Started process (PID=280) to work on /opt/airflow/dags/dagwithpostgres.py
[2024-04-08T21:09:22.986+0000] {processor.py:830} INFO - Processing file /opt/airflow/dags/dagwithpostgres.py for tasks to queue
[2024-04-08T21:09:22.990+0000] {logging_mixin.py:188} INFO - [2024-04-08T21:09:22.989+0000] {dagbag.py:540} INFO - Filling up the DagBag from /opt/airflow/dags/dagwithpostgres.py
[2024-04-08T21:09:23.044+0000] {processor.py:840} INFO - DAG(s) 'dagwithpostgres' retrieved from /opt/airflow/dags/dagwithpostgres.py
[2024-04-08T21:09:23.088+0000] {logging_mixin.py:188} INFO - [2024-04-08T21:09:23.088+0000] {dag.py:3047} INFO - Sync 1 DAGs
[2024-04-08T21:09:23.136+0000] {logging_mixin.py:188} INFO - [2024-04-08T21:09:23.135+0000] {dag.py:3834} INFO - Setting next_dagrun for dagwithpostgres to 2024-04-03 04:05:00+00:00, run_after=2024-04-04 04:05:00+00:00
[2024-04-08T21:09:23.181+0000] {processor.py:183} INFO - Processing /opt/airflow/dags/dagwithpostgres.py took 0.202 seconds
[2024-04-08T21:09:53.339+0000] {processor.py:161} INFO - Started process (PID=295) to work on /opt/airflow/dags/dagwithpostgres.py
[2024-04-08T21:09:53.342+0000] {processor.py:830} INFO - Processing file /opt/airflow/dags/dagwithpostgres.py for tasks to queue
[2024-04-08T21:09:53.346+0000] {logging_mixin.py:188} INFO - [2024-04-08T21:09:53.346+0000] {dagbag.py:540} INFO - Filling up the DagBag from /opt/airflow/dags/dagwithpostgres.py
[2024-04-08T21:09:53.396+0000] {processor.py:840} INFO - DAG(s) 'dagwithpostgres' retrieved from /opt/airflow/dags/dagwithpostgres.py
[2024-04-08T21:09:53.512+0000] {logging_mixin.py:188} INFO - [2024-04-08T21:09:53.511+0000] {dag.py:3047} INFO - Sync 1 DAGs
[2024-04-08T21:09:53.563+0000] {logging_mixin.py:188} INFO - [2024-04-08T21:09:53.562+0000] {dag.py:3834} INFO - Setting next_dagrun for dagwithpostgres to 2024-04-03 04:05:00+00:00, run_after=2024-04-04 04:05:00+00:00
[2024-04-08T21:09:53.606+0000] {processor.py:183} INFO - Processing /opt/airflow/dags/dagwithpostgres.py took 0.275 seconds
[2024-04-08T21:10:23.768+0000] {processor.py:161} INFO - Started process (PID=309) to work on /opt/airflow/dags/dagwithpostgres.py
[2024-04-08T21:10:23.770+0000] {processor.py:830} INFO - Processing file /opt/airflow/dags/dagwithpostgres.py for tasks to queue
[2024-04-08T21:10:23.773+0000] {logging_mixin.py:188} INFO - [2024-04-08T21:10:23.772+0000] {dagbag.py:540} INFO - Filling up the DagBag from /opt/airflow/dags/dagwithpostgres.py
[2024-04-08T21:10:23.830+0000] {processor.py:840} INFO - DAG(s) 'dagwithpostgres' retrieved from /opt/airflow/dags/dagwithpostgres.py
[2024-04-08T21:10:23.872+0000] {logging_mixin.py:188} INFO - [2024-04-08T21:10:23.872+0000] {dag.py:3047} INFO - Sync 1 DAGs
[2024-04-08T21:10:23.920+0000] {logging_mixin.py:188} INFO - [2024-04-08T21:10:23.919+0000] {dag.py:3834} INFO - Setting next_dagrun for dagwithpostgres to 2024-04-03 04:05:00+00:00, run_after=2024-04-04 04:05:00+00:00
[2024-04-08T21:10:23.960+0000] {processor.py:183} INFO - Processing /opt/airflow/dags/dagwithpostgres.py took 0.197 seconds
[2024-04-08T21:10:54.294+0000] {processor.py:161} INFO - Started process (PID=323) to work on /opt/airflow/dags/dagwithpostgres.py
[2024-04-08T21:10:54.296+0000] {processor.py:830} INFO - Processing file /opt/airflow/dags/dagwithpostgres.py for tasks to queue
[2024-04-08T21:10:54.300+0000] {logging_mixin.py:188} INFO - [2024-04-08T21:10:54.299+0000] {dagbag.py:540} INFO - Filling up the DagBag from /opt/airflow/dags/dagwithpostgres.py
[2024-04-08T21:10:54.353+0000] {processor.py:840} INFO - DAG(s) 'dagwithpostgres' retrieved from /opt/airflow/dags/dagwithpostgres.py
[2024-04-08T21:10:54.401+0000] {logging_mixin.py:188} INFO - [2024-04-08T21:10:54.400+0000] {dag.py:3047} INFO - Sync 1 DAGs
[2024-04-08T21:10:54.444+0000] {logging_mixin.py:188} INFO - [2024-04-08T21:10:54.443+0000] {dag.py:3834} INFO - Setting next_dagrun for dagwithpostgres to 2024-04-03 04:05:00+00:00, run_after=2024-04-04 04:05:00+00:00
[2024-04-08T21:10:54.491+0000] {processor.py:183} INFO - Processing /opt/airflow/dags/dagwithpostgres.py took 0.202 seconds
[2024-04-08T21:11:25.310+0000] {processor.py:161} INFO - Started process (PID=337) to work on /opt/airflow/dags/dagwithpostgres.py
[2024-04-08T21:11:25.313+0000] {processor.py:830} INFO - Processing file /opt/airflow/dags/dagwithpostgres.py for tasks to queue
[2024-04-08T21:11:25.316+0000] {logging_mixin.py:188} INFO - [2024-04-08T21:11:25.316+0000] {dagbag.py:540} INFO - Filling up the DagBag from /opt/airflow/dags/dagwithpostgres.py
[2024-04-08T21:11:25.387+0000] {processor.py:840} INFO - DAG(s) 'dagwithpostgres' retrieved from /opt/airflow/dags/dagwithpostgres.py
[2024-04-08T21:11:25.510+0000] {logging_mixin.py:188} INFO - [2024-04-08T21:11:25.510+0000] {dag.py:3047} INFO - Sync 1 DAGs
[2024-04-08T21:11:25.562+0000] {logging_mixin.py:188} INFO - [2024-04-08T21:11:25.561+0000] {dag.py:3834} INFO - Setting next_dagrun for dagwithpostgres to 2024-04-03 04:05:00+00:00, run_after=2024-04-04 04:05:00+00:00
[2024-04-08T21:11:25.618+0000] {processor.py:183} INFO - Processing /opt/airflow/dags/dagwithpostgres.py took 0.312 seconds
[2024-04-08T21:11:55.922+0000] {processor.py:161} INFO - Started process (PID=351) to work on /opt/airflow/dags/dagwithpostgres.py
[2024-04-08T21:11:55.924+0000] {processor.py:830} INFO - Processing file /opt/airflow/dags/dagwithpostgres.py for tasks to queue
[2024-04-08T21:11:55.927+0000] {logging_mixin.py:188} INFO - [2024-04-08T21:11:55.927+0000] {dagbag.py:540} INFO - Filling up the DagBag from /opt/airflow/dags/dagwithpostgres.py
[2024-04-08T21:11:55.980+0000] {processor.py:840} INFO - DAG(s) 'dagwithpostgres' retrieved from /opt/airflow/dags/dagwithpostgres.py
[2024-04-08T21:11:56.023+0000] {logging_mixin.py:188} INFO - [2024-04-08T21:11:56.022+0000] {dag.py:3047} INFO - Sync 1 DAGs
[2024-04-08T21:11:56.086+0000] {logging_mixin.py:188} INFO - [2024-04-08T21:11:56.086+0000] {dag.py:3834} INFO - Setting next_dagrun for dagwithpostgres to 2024-04-03 04:05:00+00:00, run_after=2024-04-04 04:05:00+00:00
[2024-04-08T21:11:56.129+0000] {processor.py:183} INFO - Processing /opt/airflow/dags/dagwithpostgres.py took 0.213 seconds
[2024-04-08T21:12:26.364+0000] {processor.py:161} INFO - Started process (PID=365) to work on /opt/airflow/dags/dagwithpostgres.py
[2024-04-08T21:12:26.366+0000] {processor.py:830} INFO - Processing file /opt/airflow/dags/dagwithpostgres.py for tasks to queue
[2024-04-08T21:12:26.368+0000] {logging_mixin.py:188} INFO - [2024-04-08T21:12:26.368+0000] {dagbag.py:540} INFO - Filling up the DagBag from /opt/airflow/dags/dagwithpostgres.py
[2024-04-08T21:12:26.417+0000] {processor.py:840} INFO - DAG(s) 'dagwithpostgres' retrieved from /opt/airflow/dags/dagwithpostgres.py
[2024-04-08T21:12:26.459+0000] {logging_mixin.py:188} INFO - [2024-04-08T21:12:26.458+0000] {dag.py:3047} INFO - Sync 1 DAGs
[2024-04-08T21:12:26.505+0000] {logging_mixin.py:188} INFO - [2024-04-08T21:12:26.505+0000] {dag.py:3834} INFO - Setting next_dagrun for dagwithpostgres to 2024-04-03 04:05:00+00:00, run_after=2024-04-04 04:05:00+00:00
[2024-04-08T21:12:26.548+0000] {processor.py:183} INFO - Processing /opt/airflow/dags/dagwithpostgres.py took 0.187 seconds
[2024-04-08T21:12:56.759+0000] {processor.py:161} INFO - Started process (PID=379) to work on /opt/airflow/dags/dagwithpostgres.py
[2024-04-08T21:12:56.761+0000] {processor.py:830} INFO - Processing file /opt/airflow/dags/dagwithpostgres.py for tasks to queue
[2024-04-08T21:12:56.765+0000] {logging_mixin.py:188} INFO - [2024-04-08T21:12:56.763+0000] {dagbag.py:540} INFO - Filling up the DagBag from /opt/airflow/dags/dagwithpostgres.py
[2024-04-08T21:12:56.814+0000] {processor.py:840} INFO - DAG(s) 'dagwithpostgres' retrieved from /opt/airflow/dags/dagwithpostgres.py
[2024-04-08T21:12:56.857+0000] {logging_mixin.py:188} INFO - [2024-04-08T21:12:56.856+0000] {dag.py:3047} INFO - Sync 1 DAGs
[2024-04-08T21:12:56.910+0000] {logging_mixin.py:188} INFO - [2024-04-08T21:12:56.910+0000] {dag.py:3834} INFO - Setting next_dagrun for dagwithpostgres to 2024-04-03 04:05:00+00:00, run_after=2024-04-04 04:05:00+00:00
[2024-04-08T21:12:56.948+0000] {processor.py:183} INFO - Processing /opt/airflow/dags/dagwithpostgres.py took 0.193 seconds
[2024-04-08T21:13:27.555+0000] {processor.py:161} INFO - Started process (PID=393) to work on /opt/airflow/dags/dagwithpostgres.py
[2024-04-08T21:13:27.557+0000] {processor.py:830} INFO - Processing file /opt/airflow/dags/dagwithpostgres.py for tasks to queue
[2024-04-08T21:13:27.560+0000] {logging_mixin.py:188} INFO - [2024-04-08T21:13:27.559+0000] {dagbag.py:540} INFO - Filling up the DagBag from /opt/airflow/dags/dagwithpostgres.py
[2024-04-08T21:13:27.608+0000] {processor.py:840} INFO - DAG(s) 'dagwithpostgres' retrieved from /opt/airflow/dags/dagwithpostgres.py
[2024-04-08T21:13:27.649+0000] {logging_mixin.py:188} INFO - [2024-04-08T21:13:27.649+0000] {dag.py:3047} INFO - Sync 1 DAGs
[2024-04-08T21:13:27.688+0000] {logging_mixin.py:188} INFO - [2024-04-08T21:13:27.688+0000] {dag.py:3834} INFO - Setting next_dagrun for dagwithpostgres to 2024-04-03 04:05:00+00:00, run_after=2024-04-04 04:05:00+00:00
[2024-04-08T21:13:27.732+0000] {processor.py:183} INFO - Processing /opt/airflow/dags/dagwithpostgres.py took 0.181 seconds
[2024-04-08T21:13:58.546+0000] {processor.py:161} INFO - Started process (PID=407) to work on /opt/airflow/dags/dagwithpostgres.py
[2024-04-08T21:13:58.548+0000] {processor.py:830} INFO - Processing file /opt/airflow/dags/dagwithpostgres.py for tasks to queue
[2024-04-08T21:13:58.552+0000] {logging_mixin.py:188} INFO - [2024-04-08T21:13:58.551+0000] {dagbag.py:540} INFO - Filling up the DagBag from /opt/airflow/dags/dagwithpostgres.py
[2024-04-08T21:13:58.603+0000] {processor.py:840} INFO - DAG(s) 'dagwithpostgres' retrieved from /opt/airflow/dags/dagwithpostgres.py
[2024-04-08T21:13:58.647+0000] {logging_mixin.py:188} INFO - [2024-04-08T21:13:58.646+0000] {dag.py:3047} INFO - Sync 1 DAGs
[2024-04-08T21:13:58.692+0000] {logging_mixin.py:188} INFO - [2024-04-08T21:13:58.692+0000] {dag.py:3834} INFO - Setting next_dagrun for dagwithpostgres to 2024-04-03 04:05:00+00:00, run_after=2024-04-04 04:05:00+00:00
[2024-04-08T21:13:58.737+0000] {processor.py:183} INFO - Processing /opt/airflow/dags/dagwithpostgres.py took 0.197 seconds
[2024-04-08T21:14:29.614+0000] {processor.py:161} INFO - Started process (PID=421) to work on /opt/airflow/dags/dagwithpostgres.py
[2024-04-08T21:14:29.617+0000] {processor.py:830} INFO - Processing file /opt/airflow/dags/dagwithpostgres.py for tasks to queue
[2024-04-08T21:14:29.621+0000] {logging_mixin.py:188} INFO - [2024-04-08T21:14:29.621+0000] {dagbag.py:540} INFO - Filling up the DagBag from /opt/airflow/dags/dagwithpostgres.py
[2024-04-08T21:14:29.677+0000] {processor.py:840} INFO - DAG(s) 'dagwithpostgres' retrieved from /opt/airflow/dags/dagwithpostgres.py
[2024-04-08T21:14:29.733+0000] {logging_mixin.py:188} INFO - [2024-04-08T21:14:29.732+0000] {dag.py:3047} INFO - Sync 1 DAGs
[2024-04-08T21:14:29.787+0000] {logging_mixin.py:188} INFO - [2024-04-08T21:14:29.786+0000] {dag.py:3834} INFO - Setting next_dagrun for dagwithpostgres to 2024-04-03 04:05:00+00:00, run_after=2024-04-04 04:05:00+00:00
[2024-04-08T21:14:29.830+0000] {processor.py:183} INFO - Processing /opt/airflow/dags/dagwithpostgres.py took 0.222 seconds
[2024-04-08T21:15:00.326+0000] {processor.py:161} INFO - Started process (PID=435) to work on /opt/airflow/dags/dagwithpostgres.py
[2024-04-08T21:15:00.328+0000] {processor.py:830} INFO - Processing file /opt/airflow/dags/dagwithpostgres.py for tasks to queue
[2024-04-08T21:15:00.332+0000] {logging_mixin.py:188} INFO - [2024-04-08T21:15:00.331+0000] {dagbag.py:540} INFO - Filling up the DagBag from /opt/airflow/dags/dagwithpostgres.py
[2024-04-08T21:15:00.388+0000] {processor.py:840} INFO - DAG(s) 'dagwithpostgres' retrieved from /opt/airflow/dags/dagwithpostgres.py
[2024-04-08T21:15:00.437+0000] {logging_mixin.py:188} INFO - [2024-04-08T21:15:00.436+0000] {dag.py:3047} INFO - Sync 1 DAGs
[2024-04-08T21:15:00.487+0000] {logging_mixin.py:188} INFO - [2024-04-08T21:15:00.486+0000] {dag.py:3834} INFO - Setting next_dagrun for dagwithpostgres to 2024-04-03 04:05:00+00:00, run_after=2024-04-04 04:05:00+00:00
[2024-04-08T21:15:00.541+0000] {processor.py:183} INFO - Processing /opt/airflow/dags/dagwithpostgres.py took 0.220 seconds
[2024-04-08T21:15:31.162+0000] {processor.py:161} INFO - Started process (PID=449) to work on /opt/airflow/dags/dagwithpostgres.py
[2024-04-08T21:15:31.164+0000] {processor.py:830} INFO - Processing file /opt/airflow/dags/dagwithpostgres.py for tasks to queue
[2024-04-08T21:15:31.168+0000] {logging_mixin.py:188} INFO - [2024-04-08T21:15:31.167+0000] {dagbag.py:540} INFO - Filling up the DagBag from /opt/airflow/dags/dagwithpostgres.py
[2024-04-08T21:15:31.226+0000] {processor.py:840} INFO - DAG(s) 'dagwithpostgres' retrieved from /opt/airflow/dags/dagwithpostgres.py
[2024-04-08T21:15:31.271+0000] {logging_mixin.py:188} INFO - [2024-04-08T21:15:31.271+0000] {dag.py:3047} INFO - Sync 1 DAGs
[2024-04-08T21:15:31.321+0000] {logging_mixin.py:188} INFO - [2024-04-08T21:15:31.321+0000] {dag.py:3834} INFO - Setting next_dagrun for dagwithpostgres to 2024-04-03 04:05:00+00:00, run_after=2024-04-04 04:05:00+00:00
[2024-04-08T21:15:31.375+0000] {processor.py:183} INFO - Processing /opt/airflow/dags/dagwithpostgres.py took 0.218 seconds
[2024-04-08T21:16:02.046+0000] {processor.py:161} INFO - Started process (PID=463) to work on /opt/airflow/dags/dagwithpostgres.py
[2024-04-08T21:16:02.048+0000] {processor.py:830} INFO - Processing file /opt/airflow/dags/dagwithpostgres.py for tasks to queue
[2024-04-08T21:16:02.052+0000] {logging_mixin.py:188} INFO - [2024-04-08T21:16:02.052+0000] {dagbag.py:540} INFO - Filling up the DagBag from /opt/airflow/dags/dagwithpostgres.py
[2024-04-08T21:16:02.103+0000] {processor.py:840} INFO - DAG(s) 'dagwithpostgres' retrieved from /opt/airflow/dags/dagwithpostgres.py
[2024-04-08T21:16:02.154+0000] {logging_mixin.py:188} INFO - [2024-04-08T21:16:02.153+0000] {dag.py:3047} INFO - Sync 1 DAGs
[2024-04-08T21:16:02.214+0000] {logging_mixin.py:188} INFO - [2024-04-08T21:16:02.213+0000] {dag.py:3834} INFO - Setting next_dagrun for dagwithpostgres to 2024-04-03 04:05:00+00:00, run_after=2024-04-04 04:05:00+00:00
[2024-04-08T21:16:02.254+0000] {processor.py:183} INFO - Processing /opt/airflow/dags/dagwithpostgres.py took 0.215 seconds
[2024-04-08T21:16:32.740+0000] {processor.py:161} INFO - Started process (PID=477) to work on /opt/airflow/dags/dagwithpostgres.py
[2024-04-08T21:16:32.743+0000] {processor.py:830} INFO - Processing file /opt/airflow/dags/dagwithpostgres.py for tasks to queue
[2024-04-08T21:16:32.746+0000] {logging_mixin.py:188} INFO - [2024-04-08T21:16:32.745+0000] {dagbag.py:540} INFO - Filling up the DagBag from /opt/airflow/dags/dagwithpostgres.py
[2024-04-08T21:16:32.804+0000] {processor.py:840} INFO - DAG(s) 'dagwithpostgres' retrieved from /opt/airflow/dags/dagwithpostgres.py
[2024-04-08T21:16:32.848+0000] {logging_mixin.py:188} INFO - [2024-04-08T21:16:32.847+0000] {dag.py:3047} INFO - Sync 1 DAGs
[2024-04-08T21:16:32.895+0000] {logging_mixin.py:188} INFO - [2024-04-08T21:16:32.895+0000] {dag.py:3834} INFO - Setting next_dagrun for dagwithpostgres to 2024-04-03 04:05:00+00:00, run_after=2024-04-04 04:05:00+00:00
[2024-04-08T21:16:32.945+0000] {processor.py:183} INFO - Processing /opt/airflow/dags/dagwithpostgres.py took 0.210 seconds
[2024-04-08T21:17:03.495+0000] {processor.py:161} INFO - Started process (PID=491) to work on /opt/airflow/dags/dagwithpostgres.py
[2024-04-08T21:17:03.497+0000] {processor.py:830} INFO - Processing file /opt/airflow/dags/dagwithpostgres.py for tasks to queue
[2024-04-08T21:17:03.500+0000] {logging_mixin.py:188} INFO - [2024-04-08T21:17:03.499+0000] {dagbag.py:540} INFO - Filling up the DagBag from /opt/airflow/dags/dagwithpostgres.py
[2024-04-08T21:17:03.543+0000] {processor.py:840} INFO - DAG(s) 'dagwithpostgres' retrieved from /opt/airflow/dags/dagwithpostgres.py
[2024-04-08T21:17:03.579+0000] {logging_mixin.py:188} INFO - [2024-04-08T21:17:03.578+0000] {dag.py:3047} INFO - Sync 1 DAGs
[2024-04-08T21:17:03.624+0000] {logging_mixin.py:188} INFO - [2024-04-08T21:17:03.623+0000] {dag.py:3834} INFO - Setting next_dagrun for dagwithpostgres to 2024-04-03 04:05:00+00:00, run_after=2024-04-04 04:05:00+00:00
[2024-04-08T21:17:03.663+0000] {processor.py:183} INFO - Processing /opt/airflow/dags/dagwithpostgres.py took 0.174 seconds
[2024-04-08T21:17:34.510+0000] {processor.py:161} INFO - Started process (PID=505) to work on /opt/airflow/dags/dagwithpostgres.py
[2024-04-08T21:17:34.511+0000] {processor.py:830} INFO - Processing file /opt/airflow/dags/dagwithpostgres.py for tasks to queue
[2024-04-08T21:17:34.515+0000] {logging_mixin.py:188} INFO - [2024-04-08T21:17:34.514+0000] {dagbag.py:540} INFO - Filling up the DagBag from /opt/airflow/dags/dagwithpostgres.py
[2024-04-08T21:17:34.559+0000] {processor.py:840} INFO - DAG(s) 'dagwithpostgres' retrieved from /opt/airflow/dags/dagwithpostgres.py
[2024-04-08T21:17:34.600+0000] {logging_mixin.py:188} INFO - [2024-04-08T21:17:34.599+0000] {dag.py:3047} INFO - Sync 1 DAGs
[2024-04-08T21:17:34.657+0000] {logging_mixin.py:188} INFO - [2024-04-08T21:17:34.656+0000] {dag.py:3834} INFO - Setting next_dagrun for dagwithpostgres to 2024-04-03 04:05:00+00:00, run_after=2024-04-04 04:05:00+00:00
[2024-04-08T21:17:34.703+0000] {processor.py:183} INFO - Processing /opt/airflow/dags/dagwithpostgres.py took 0.198 seconds
[2024-04-08T21:18:05.073+0000] {processor.py:161} INFO - Started process (PID=519) to work on /opt/airflow/dags/dagwithpostgres.py
[2024-04-08T21:18:05.075+0000] {processor.py:830} INFO - Processing file /opt/airflow/dags/dagwithpostgres.py for tasks to queue
[2024-04-08T21:18:05.078+0000] {logging_mixin.py:188} INFO - [2024-04-08T21:18:05.078+0000] {dagbag.py:540} INFO - Filling up the DagBag from /opt/airflow/dags/dagwithpostgres.py
[2024-04-08T21:18:05.129+0000] {processor.py:840} INFO - DAG(s) 'dagwithpostgres' retrieved from /opt/airflow/dags/dagwithpostgres.py
[2024-04-08T21:18:05.258+0000] {logging_mixin.py:188} INFO - [2024-04-08T21:18:05.257+0000] {dag.py:3047} INFO - Sync 1 DAGs
[2024-04-08T21:18:05.367+0000] {logging_mixin.py:188} INFO - [2024-04-08T21:18:05.366+0000] {dag.py:3834} INFO - Setting next_dagrun for dagwithpostgres to 2024-04-03 04:05:00+00:00, run_after=2024-04-04 04:05:00+00:00
[2024-04-08T21:18:05.444+0000] {processor.py:183} INFO - Processing /opt/airflow/dags/dagwithpostgres.py took 0.377 seconds
[2024-04-08T21:18:35.964+0000] {processor.py:161} INFO - Started process (PID=533) to work on /opt/airflow/dags/dagwithpostgres.py
[2024-04-08T21:18:35.967+0000] {processor.py:830} INFO - Processing file /opt/airflow/dags/dagwithpostgres.py for tasks to queue
[2024-04-08T21:18:35.971+0000] {logging_mixin.py:188} INFO - [2024-04-08T21:18:35.970+0000] {dagbag.py:540} INFO - Filling up the DagBag from /opt/airflow/dags/dagwithpostgres.py
[2024-04-08T21:18:36.028+0000] {processor.py:840} INFO - DAG(s) 'dagwithpostgres' retrieved from /opt/airflow/dags/dagwithpostgres.py
[2024-04-08T21:18:36.075+0000] {logging_mixin.py:188} INFO - [2024-04-08T21:18:36.075+0000] {dag.py:3047} INFO - Sync 1 DAGs
[2024-04-08T21:18:36.129+0000] {logging_mixin.py:188} INFO - [2024-04-08T21:18:36.128+0000] {dag.py:3834} INFO - Setting next_dagrun for dagwithpostgres to 2024-04-03 04:05:00+00:00, run_after=2024-04-04 04:05:00+00:00
[2024-04-08T21:18:36.174+0000] {processor.py:183} INFO - Processing /opt/airflow/dags/dagwithpostgres.py took 0.216 seconds
[2024-04-08T21:19:06.743+0000] {processor.py:161} INFO - Started process (PID=547) to work on /opt/airflow/dags/dagwithpostgres.py
[2024-04-08T21:19:06.744+0000] {processor.py:830} INFO - Processing file /opt/airflow/dags/dagwithpostgres.py for tasks to queue
[2024-04-08T21:19:06.747+0000] {logging_mixin.py:188} INFO - [2024-04-08T21:19:06.747+0000] {dagbag.py:540} INFO - Filling up the DagBag from /opt/airflow/dags/dagwithpostgres.py
[2024-04-08T21:19:06.790+0000] {processor.py:840} INFO - DAG(s) 'dagwithpostgres' retrieved from /opt/airflow/dags/dagwithpostgres.py
[2024-04-08T21:19:06.837+0000] {logging_mixin.py:188} INFO - [2024-04-08T21:19:06.837+0000] {dag.py:3047} INFO - Sync 1 DAGs
[2024-04-08T21:19:06.898+0000] {logging_mixin.py:188} INFO - [2024-04-08T21:19:06.898+0000] {dag.py:3834} INFO - Setting next_dagrun for dagwithpostgres to 2024-04-03 04:05:00+00:00, run_after=2024-04-04 04:05:00+00:00
[2024-04-08T21:19:06.941+0000] {processor.py:183} INFO - Processing /opt/airflow/dags/dagwithpostgres.py took 0.203 seconds
[2024-04-08T21:19:37.508+0000] {processor.py:161} INFO - Started process (PID=561) to work on /opt/airflow/dags/dagwithpostgres.py
[2024-04-08T21:19:37.510+0000] {processor.py:830} INFO - Processing file /opt/airflow/dags/dagwithpostgres.py for tasks to queue
[2024-04-08T21:19:37.514+0000] {logging_mixin.py:188} INFO - [2024-04-08T21:19:37.513+0000] {dagbag.py:540} INFO - Filling up the DagBag from /opt/airflow/dags/dagwithpostgres.py
[2024-04-08T21:19:37.568+0000] {processor.py:840} INFO - DAG(s) 'dagwithpostgres' retrieved from /opt/airflow/dags/dagwithpostgres.py
[2024-04-08T21:19:37.616+0000] {logging_mixin.py:188} INFO - [2024-04-08T21:19:37.615+0000] {dag.py:3047} INFO - Sync 1 DAGs
[2024-04-08T21:19:37.673+0000] {logging_mixin.py:188} INFO - [2024-04-08T21:19:37.672+0000] {dag.py:3834} INFO - Setting next_dagrun for dagwithpostgres to 2024-04-03 04:05:00+00:00, run_after=2024-04-04 04:05:00+00:00
[2024-04-08T21:19:37.721+0000] {processor.py:183} INFO - Processing /opt/airflow/dags/dagwithpostgres.py took 0.218 seconds
[2024-04-08T21:20:08.257+0000] {processor.py:161} INFO - Started process (PID=575) to work on /opt/airflow/dags/dagwithpostgres.py
[2024-04-08T21:20:08.259+0000] {processor.py:830} INFO - Processing file /opt/airflow/dags/dagwithpostgres.py for tasks to queue
[2024-04-08T21:20:08.262+0000] {logging_mixin.py:188} INFO - [2024-04-08T21:20:08.262+0000] {dagbag.py:540} INFO - Filling up the DagBag from /opt/airflow/dags/dagwithpostgres.py
[2024-04-08T21:20:08.311+0000] {processor.py:840} INFO - DAG(s) 'dagwithpostgres' retrieved from /opt/airflow/dags/dagwithpostgres.py
[2024-04-08T21:20:08.361+0000] {logging_mixin.py:188} INFO - [2024-04-08T21:20:08.360+0000] {dag.py:3047} INFO - Sync 1 DAGs
[2024-04-08T21:20:08.416+0000] {logging_mixin.py:188} INFO - [2024-04-08T21:20:08.415+0000] {dag.py:3834} INFO - Setting next_dagrun for dagwithpostgres to 2024-04-03 04:05:00+00:00, run_after=2024-04-04 04:05:00+00:00
[2024-04-08T21:20:08.464+0000] {processor.py:183} INFO - Processing /opt/airflow/dags/dagwithpostgres.py took 0.212 seconds
[2024-04-08T21:20:39.041+0000] {processor.py:161} INFO - Started process (PID=589) to work on /opt/airflow/dags/dagwithpostgres.py
[2024-04-08T21:20:39.044+0000] {processor.py:830} INFO - Processing file /opt/airflow/dags/dagwithpostgres.py for tasks to queue
[2024-04-08T21:20:39.048+0000] {logging_mixin.py:188} INFO - [2024-04-08T21:20:39.047+0000] {dagbag.py:540} INFO - Filling up the DagBag from /opt/airflow/dags/dagwithpostgres.py
[2024-04-08T21:20:39.109+0000] {processor.py:840} INFO - DAG(s) 'dagwithpostgres' retrieved from /opt/airflow/dags/dagwithpostgres.py
[2024-04-08T21:20:39.157+0000] {logging_mixin.py:188} INFO - [2024-04-08T21:20:39.156+0000] {dag.py:3047} INFO - Sync 1 DAGs
[2024-04-08T21:20:39.204+0000] {logging_mixin.py:188} INFO - [2024-04-08T21:20:39.203+0000] {dag.py:3834} INFO - Setting next_dagrun for dagwithpostgres to 2024-04-03 04:05:00+00:00, run_after=2024-04-04 04:05:00+00:00
[2024-04-08T21:20:39.251+0000] {processor.py:183} INFO - Processing /opt/airflow/dags/dagwithpostgres.py took 0.219 seconds
[2024-04-08T21:21:09.809+0000] {processor.py:161} INFO - Started process (PID=603) to work on /opt/airflow/dags/dagwithpostgres.py
[2024-04-08T21:21:09.811+0000] {processor.py:830} INFO - Processing file /opt/airflow/dags/dagwithpostgres.py for tasks to queue
[2024-04-08T21:21:09.813+0000] {logging_mixin.py:188} INFO - [2024-04-08T21:21:09.813+0000] {dagbag.py:540} INFO - Filling up the DagBag from /opt/airflow/dags/dagwithpostgres.py
[2024-04-08T21:21:09.860+0000] {processor.py:840} INFO - DAG(s) 'dagwithpostgres' retrieved from /opt/airflow/dags/dagwithpostgres.py
[2024-04-08T21:21:09.900+0000] {logging_mixin.py:188} INFO - [2024-04-08T21:21:09.899+0000] {dag.py:3047} INFO - Sync 1 DAGs
[2024-04-08T21:21:09.941+0000] {logging_mixin.py:188} INFO - [2024-04-08T21:21:09.941+0000] {dag.py:3834} INFO - Setting next_dagrun for dagwithpostgres to 2024-04-03 04:05:00+00:00, run_after=2024-04-04 04:05:00+00:00
[2024-04-08T21:21:09.985+0000] {processor.py:183} INFO - Processing /opt/airflow/dags/dagwithpostgres.py took 0.182 seconds
[2024-04-08T21:21:40.604+0000] {processor.py:161} INFO - Started process (PID=617) to work on /opt/airflow/dags/dagwithpostgres.py
[2024-04-08T21:21:40.606+0000] {processor.py:830} INFO - Processing file /opt/airflow/dags/dagwithpostgres.py for tasks to queue
[2024-04-08T21:21:40.609+0000] {logging_mixin.py:188} INFO - [2024-04-08T21:21:40.609+0000] {dagbag.py:540} INFO - Filling up the DagBag from /opt/airflow/dags/dagwithpostgres.py
[2024-04-08T21:21:40.657+0000] {processor.py:840} INFO - DAG(s) 'dagwithpostgres' retrieved from /opt/airflow/dags/dagwithpostgres.py
[2024-04-08T21:21:40.699+0000] {logging_mixin.py:188} INFO - [2024-04-08T21:21:40.698+0000] {dag.py:3047} INFO - Sync 1 DAGs
[2024-04-08T21:21:40.755+0000] {logging_mixin.py:188} INFO - [2024-04-08T21:21:40.755+0000] {dag.py:3834} INFO - Setting next_dagrun for dagwithpostgres to 2024-04-03 04:05:00+00:00, run_after=2024-04-04 04:05:00+00:00
[2024-04-08T21:21:40.801+0000] {processor.py:183} INFO - Processing /opt/airflow/dags/dagwithpostgres.py took 0.202 seconds
[2024-04-08T21:22:11.690+0000] {processor.py:161} INFO - Started process (PID=631) to work on /opt/airflow/dags/dagwithpostgres.py
[2024-04-08T21:22:11.693+0000] {processor.py:830} INFO - Processing file /opt/airflow/dags/dagwithpostgres.py for tasks to queue
[2024-04-08T21:22:11.696+0000] {logging_mixin.py:188} INFO - [2024-04-08T21:22:11.695+0000] {dagbag.py:540} INFO - Filling up the DagBag from /opt/airflow/dags/dagwithpostgres.py
[2024-04-08T21:22:11.752+0000] {processor.py:840} INFO - DAG(s) 'dagwithpostgres' retrieved from /opt/airflow/dags/dagwithpostgres.py
[2024-04-08T21:22:11.799+0000] {logging_mixin.py:188} INFO - [2024-04-08T21:22:11.798+0000] {dag.py:3047} INFO - Sync 1 DAGs
[2024-04-08T21:22:11.842+0000] {logging_mixin.py:188} INFO - [2024-04-08T21:22:11.842+0000] {dag.py:3834} INFO - Setting next_dagrun for dagwithpostgres to 2024-04-03 04:05:00+00:00, run_after=2024-04-04 04:05:00+00:00
[2024-04-08T21:22:11.892+0000] {processor.py:183} INFO - Processing /opt/airflow/dags/dagwithpostgres.py took 0.207 seconds
[2024-04-08T21:22:42.427+0000] {processor.py:161} INFO - Started process (PID=645) to work on /opt/airflow/dags/dagwithpostgres.py
[2024-04-08T21:22:42.429+0000] {processor.py:830} INFO - Processing file /opt/airflow/dags/dagwithpostgres.py for tasks to queue
[2024-04-08T21:22:42.433+0000] {logging_mixin.py:188} INFO - [2024-04-08T21:22:42.432+0000] {dagbag.py:540} INFO - Filling up the DagBag from /opt/airflow/dags/dagwithpostgres.py
[2024-04-08T21:22:42.482+0000] {processor.py:840} INFO - DAG(s) 'dagwithpostgres' retrieved from /opt/airflow/dags/dagwithpostgres.py
[2024-04-08T21:22:42.528+0000] {logging_mixin.py:188} INFO - [2024-04-08T21:22:42.528+0000] {dag.py:3047} INFO - Sync 1 DAGs
[2024-04-08T21:22:42.574+0000] {logging_mixin.py:188} INFO - [2024-04-08T21:22:42.573+0000] {dag.py:3834} INFO - Setting next_dagrun for dagwithpostgres to 2024-04-03 04:05:00+00:00, run_after=2024-04-04 04:05:00+00:00
[2024-04-08T21:22:42.620+0000] {processor.py:183} INFO - Processing /opt/airflow/dags/dagwithpostgres.py took 0.201 seconds
[2024-04-08T21:23:13.221+0000] {processor.py:161} INFO - Started process (PID=659) to work on /opt/airflow/dags/dagwithpostgres.py
[2024-04-08T21:23:13.223+0000] {processor.py:830} INFO - Processing file /opt/airflow/dags/dagwithpostgres.py for tasks to queue
[2024-04-08T21:23:13.226+0000] {logging_mixin.py:188} INFO - [2024-04-08T21:23:13.226+0000] {dagbag.py:540} INFO - Filling up the DagBag from /opt/airflow/dags/dagwithpostgres.py
[2024-04-08T21:23:13.275+0000] {processor.py:840} INFO - DAG(s) 'dagwithpostgres' retrieved from /opt/airflow/dags/dagwithpostgres.py
[2024-04-08T21:23:13.321+0000] {logging_mixin.py:188} INFO - [2024-04-08T21:23:13.321+0000] {dag.py:3047} INFO - Sync 1 DAGs
[2024-04-08T21:23:13.386+0000] {logging_mixin.py:188} INFO - [2024-04-08T21:23:13.385+0000] {dag.py:3834} INFO - Setting next_dagrun for dagwithpostgres to 2024-04-03 04:05:00+00:00, run_after=2024-04-04 04:05:00+00:00
[2024-04-08T21:23:13.430+0000] {processor.py:183} INFO - Processing /opt/airflow/dags/dagwithpostgres.py took 0.213 seconds
[2024-04-08T21:23:43.800+0000] {processor.py:161} INFO - Started process (PID=673) to work on /opt/airflow/dags/dagwithpostgres.py
[2024-04-08T21:23:43.802+0000] {processor.py:830} INFO - Processing file /opt/airflow/dags/dagwithpostgres.py for tasks to queue
[2024-04-08T21:23:43.805+0000] {logging_mixin.py:188} INFO - [2024-04-08T21:23:43.804+0000] {dagbag.py:540} INFO - Filling up the DagBag from /opt/airflow/dags/dagwithpostgres.py
[2024-04-08T21:23:43.851+0000] {processor.py:840} INFO - DAG(s) 'dagwithpostgres' retrieved from /opt/airflow/dags/dagwithpostgres.py
[2024-04-08T21:23:43.898+0000] {logging_mixin.py:188} INFO - [2024-04-08T21:23:43.898+0000] {dag.py:3047} INFO - Sync 1 DAGs
[2024-04-08T21:23:43.945+0000] {logging_mixin.py:188} INFO - [2024-04-08T21:23:43.944+0000] {dag.py:3834} INFO - Setting next_dagrun for dagwithpostgres to 2024-04-03 04:05:00+00:00, run_after=2024-04-04 04:05:00+00:00
[2024-04-08T21:23:43.988+0000] {processor.py:183} INFO - Processing /opt/airflow/dags/dagwithpostgres.py took 0.192 seconds
[2024-04-08T21:24:14.736+0000] {processor.py:161} INFO - Started process (PID=687) to work on /opt/airflow/dags/dagwithpostgres.py
[2024-04-08T21:24:14.740+0000] {processor.py:830} INFO - Processing file /opt/airflow/dags/dagwithpostgres.py for tasks to queue
[2024-04-08T21:24:14.744+0000] {logging_mixin.py:188} INFO - [2024-04-08T21:24:14.743+0000] {dagbag.py:540} INFO - Filling up the DagBag from /opt/airflow/dags/dagwithpostgres.py
[2024-04-08T21:24:14.804+0000] {processor.py:840} INFO - DAG(s) 'dagwithpostgres' retrieved from /opt/airflow/dags/dagwithpostgres.py
[2024-04-08T21:24:14.852+0000] {logging_mixin.py:188} INFO - [2024-04-08T21:24:14.851+0000] {dag.py:3047} INFO - Sync 1 DAGs
[2024-04-08T21:24:14.899+0000] {logging_mixin.py:188} INFO - [2024-04-08T21:24:14.898+0000] {dag.py:3834} INFO - Setting next_dagrun for dagwithpostgres to 2024-04-03 04:05:00+00:00, run_after=2024-04-04 04:05:00+00:00
[2024-04-08T21:24:14.946+0000] {processor.py:183} INFO - Processing /opt/airflow/dags/dagwithpostgres.py took 0.217 seconds
[2024-04-08T21:24:45.509+0000] {processor.py:161} INFO - Started process (PID=701) to work on /opt/airflow/dags/dagwithpostgres.py
[2024-04-08T21:24:45.511+0000] {processor.py:830} INFO - Processing file /opt/airflow/dags/dagwithpostgres.py for tasks to queue
[2024-04-08T21:24:45.515+0000] {logging_mixin.py:188} INFO - [2024-04-08T21:24:45.514+0000] {dagbag.py:540} INFO - Filling up the DagBag from /opt/airflow/dags/dagwithpostgres.py
[2024-04-08T21:24:45.563+0000] {processor.py:840} INFO - DAG(s) 'dagwithpostgres' retrieved from /opt/airflow/dags/dagwithpostgres.py
[2024-04-08T21:24:45.607+0000] {logging_mixin.py:188} INFO - [2024-04-08T21:24:45.606+0000] {dag.py:3047} INFO - Sync 1 DAGs
[2024-04-08T21:24:45.650+0000] {logging_mixin.py:188} INFO - [2024-04-08T21:24:45.649+0000] {dag.py:3834} INFO - Setting next_dagrun for dagwithpostgres to 2024-04-03 04:05:00+00:00, run_after=2024-04-04 04:05:00+00:00
[2024-04-08T21:24:45.703+0000] {processor.py:183} INFO - Processing /opt/airflow/dags/dagwithpostgres.py took 0.199 seconds
[2024-04-08T21:25:16.315+0000] {processor.py:161} INFO - Started process (PID=715) to work on /opt/airflow/dags/dagwithpostgres.py
[2024-04-08T21:25:16.318+0000] {processor.py:830} INFO - Processing file /opt/airflow/dags/dagwithpostgres.py for tasks to queue
[2024-04-08T21:25:16.322+0000] {logging_mixin.py:188} INFO - [2024-04-08T21:25:16.321+0000] {dagbag.py:540} INFO - Filling up the DagBag from /opt/airflow/dags/dagwithpostgres.py
[2024-04-08T21:25:16.373+0000] {processor.py:840} INFO - DAG(s) 'dagwithpostgres' retrieved from /opt/airflow/dags/dagwithpostgres.py
[2024-04-08T21:25:16.426+0000] {logging_mixin.py:188} INFO - [2024-04-08T21:25:16.425+0000] {dag.py:3047} INFO - Sync 1 DAGs
[2024-04-08T21:25:16.474+0000] {logging_mixin.py:188} INFO - [2024-04-08T21:25:16.474+0000] {dag.py:3834} INFO - Setting next_dagrun for dagwithpostgres to 2024-04-03 04:05:00+00:00, run_after=2024-04-04 04:05:00+00:00
[2024-04-08T21:25:16.523+0000] {processor.py:183} INFO - Processing /opt/airflow/dags/dagwithpostgres.py took 0.217 seconds
[2024-04-08T21:25:47.119+0000] {processor.py:161} INFO - Started process (PID=729) to work on /opt/airflow/dags/dagwithpostgres.py
[2024-04-08T21:25:47.121+0000] {processor.py:830} INFO - Processing file /opt/airflow/dags/dagwithpostgres.py for tasks to queue
[2024-04-08T21:25:47.124+0000] {logging_mixin.py:188} INFO - [2024-04-08T21:25:47.123+0000] {dagbag.py:540} INFO - Filling up the DagBag from /opt/airflow/dags/dagwithpostgres.py
[2024-04-08T21:25:47.171+0000] {processor.py:840} INFO - DAG(s) 'dagwithpostgres' retrieved from /opt/airflow/dags/dagwithpostgres.py
[2024-04-08T21:25:47.211+0000] {logging_mixin.py:188} INFO - [2024-04-08T21:25:47.211+0000] {dag.py:3047} INFO - Sync 1 DAGs
[2024-04-08T21:25:47.258+0000] {logging_mixin.py:188} INFO - [2024-04-08T21:25:47.258+0000] {dag.py:3834} INFO - Setting next_dagrun for dagwithpostgres to 2024-04-03 04:05:00+00:00, run_after=2024-04-04 04:05:00+00:00
[2024-04-08T21:25:47.293+0000] {processor.py:183} INFO - Processing /opt/airflow/dags/dagwithpostgres.py took 0.181 seconds
[2024-04-08T21:26:17.858+0000] {processor.py:161} INFO - Started process (PID=743) to work on /opt/airflow/dags/dagwithpostgres.py
[2024-04-08T21:26:17.860+0000] {processor.py:830} INFO - Processing file /opt/airflow/dags/dagwithpostgres.py for tasks to queue
[2024-04-08T21:26:17.864+0000] {logging_mixin.py:188} INFO - [2024-04-08T21:26:17.863+0000] {dagbag.py:540} INFO - Filling up the DagBag from /opt/airflow/dags/dagwithpostgres.py
[2024-04-08T21:26:17.914+0000] {processor.py:840} INFO - DAG(s) 'dagwithpostgres' retrieved from /opt/airflow/dags/dagwithpostgres.py
[2024-04-08T21:26:17.969+0000] {logging_mixin.py:188} INFO - [2024-04-08T21:26:17.968+0000] {dag.py:3047} INFO - Sync 1 DAGs
[2024-04-08T21:26:18.017+0000] {logging_mixin.py:188} INFO - [2024-04-08T21:26:18.017+0000] {dag.py:3834} INFO - Setting next_dagrun for dagwithpostgres to 2024-04-03 04:05:00+00:00, run_after=2024-04-04 04:05:00+00:00
[2024-04-08T21:26:18.064+0000] {processor.py:183} INFO - Processing /opt/airflow/dags/dagwithpostgres.py took 0.213 seconds
[2024-04-08T21:26:48.452+0000] {processor.py:161} INFO - Started process (PID=757) to work on /opt/airflow/dags/dagwithpostgres.py
[2024-04-08T21:26:48.454+0000] {processor.py:830} INFO - Processing file /opt/airflow/dags/dagwithpostgres.py for tasks to queue
[2024-04-08T21:26:48.458+0000] {logging_mixin.py:188} INFO - [2024-04-08T21:26:48.457+0000] {dagbag.py:540} INFO - Filling up the DagBag from /opt/airflow/dags/dagwithpostgres.py
[2024-04-08T21:26:48.512+0000] {processor.py:840} INFO - DAG(s) 'dagwithpostgres' retrieved from /opt/airflow/dags/dagwithpostgres.py
[2024-04-08T21:26:48.568+0000] {logging_mixin.py:188} INFO - [2024-04-08T21:26:48.568+0000] {dag.py:3047} INFO - Sync 1 DAGs
[2024-04-08T21:26:48.632+0000] {logging_mixin.py:188} INFO - [2024-04-08T21:26:48.632+0000] {dag.py:3834} INFO - Setting next_dagrun for dagwithpostgres to 2024-04-03 04:05:00+00:00, run_after=2024-04-04 04:05:00+00:00
[2024-04-08T21:26:48.689+0000] {processor.py:183} INFO - Processing /opt/airflow/dags/dagwithpostgres.py took 0.243 seconds
[2024-04-08T21:27:19.354+0000] {processor.py:161} INFO - Started process (PID=771) to work on /opt/airflow/dags/dagwithpostgres.py
[2024-04-08T21:27:19.357+0000] {processor.py:830} INFO - Processing file /opt/airflow/dags/dagwithpostgres.py for tasks to queue
[2024-04-08T21:27:19.360+0000] {logging_mixin.py:188} INFO - [2024-04-08T21:27:19.360+0000] {dagbag.py:540} INFO - Filling up the DagBag from /opt/airflow/dags/dagwithpostgres.py
[2024-04-08T21:27:19.414+0000] {processor.py:840} INFO - DAG(s) 'dagwithpostgres' retrieved from /opt/airflow/dags/dagwithpostgres.py
[2024-04-08T21:27:19.455+0000] {logging_mixin.py:188} INFO - [2024-04-08T21:27:19.454+0000] {dag.py:3047} INFO - Sync 1 DAGs
[2024-04-08T21:27:19.500+0000] {logging_mixin.py:188} INFO - [2024-04-08T21:27:19.500+0000] {dag.py:3834} INFO - Setting next_dagrun for dagwithpostgres to 2024-04-03 04:05:00+00:00, run_after=2024-04-04 04:05:00+00:00
[2024-04-08T21:27:19.548+0000] {processor.py:183} INFO - Processing /opt/airflow/dags/dagwithpostgres.py took 0.198 seconds
[2024-04-08T21:27:50.143+0000] {processor.py:161} INFO - Started process (PID=785) to work on /opt/airflow/dags/dagwithpostgres.py
[2024-04-08T21:27:50.145+0000] {processor.py:830} INFO - Processing file /opt/airflow/dags/dagwithpostgres.py for tasks to queue
[2024-04-08T21:27:50.148+0000] {logging_mixin.py:188} INFO - [2024-04-08T21:27:50.148+0000] {dagbag.py:540} INFO - Filling up the DagBag from /opt/airflow/dags/dagwithpostgres.py
[2024-04-08T21:27:50.191+0000] {processor.py:840} INFO - DAG(s) 'dagwithpostgres' retrieved from /opt/airflow/dags/dagwithpostgres.py
[2024-04-08T21:27:50.237+0000] {logging_mixin.py:188} INFO - [2024-04-08T21:27:50.236+0000] {dag.py:3047} INFO - Sync 1 DAGs
[2024-04-08T21:27:50.280+0000] {logging_mixin.py:188} INFO - [2024-04-08T21:27:50.279+0000] {dag.py:3834} INFO - Setting next_dagrun for dagwithpostgres to 2024-04-03 04:05:00+00:00, run_after=2024-04-04 04:05:00+00:00
[2024-04-08T21:27:50.324+0000] {processor.py:183} INFO - Processing /opt/airflow/dags/dagwithpostgres.py took 0.185 seconds
[2024-04-08T21:28:20.950+0000] {processor.py:161} INFO - Started process (PID=799) to work on /opt/airflow/dags/dagwithpostgres.py
[2024-04-08T21:28:20.951+0000] {processor.py:830} INFO - Processing file /opt/airflow/dags/dagwithpostgres.py for tasks to queue
[2024-04-08T21:28:20.955+0000] {logging_mixin.py:188} INFO - [2024-04-08T21:28:20.954+0000] {dagbag.py:540} INFO - Filling up the DagBag from /opt/airflow/dags/dagwithpostgres.py
[2024-04-08T21:28:21.006+0000] {processor.py:840} INFO - DAG(s) 'dagwithpostgres' retrieved from /opt/airflow/dags/dagwithpostgres.py
[2024-04-08T21:28:21.048+0000] {logging_mixin.py:188} INFO - [2024-04-08T21:28:21.047+0000] {dag.py:3047} INFO - Sync 1 DAGs
[2024-04-08T21:28:21.092+0000] {logging_mixin.py:188} INFO - [2024-04-08T21:28:21.091+0000] {dag.py:3834} INFO - Setting next_dagrun for dagwithpostgres to 2024-04-03 04:05:00+00:00, run_after=2024-04-04 04:05:00+00:00
[2024-04-08T21:28:21.138+0000] {processor.py:183} INFO - Processing /opt/airflow/dags/dagwithpostgres.py took 0.194 seconds
[2024-04-08T21:28:51.749+0000] {processor.py:161} INFO - Started process (PID=814) to work on /opt/airflow/dags/dagwithpostgres.py
[2024-04-08T21:28:51.751+0000] {processor.py:830} INFO - Processing file /opt/airflow/dags/dagwithpostgres.py for tasks to queue
[2024-04-08T21:28:51.755+0000] {logging_mixin.py:188} INFO - [2024-04-08T21:28:51.754+0000] {dagbag.py:540} INFO - Filling up the DagBag from /opt/airflow/dags/dagwithpostgres.py
[2024-04-08T21:28:51.802+0000] {processor.py:840} INFO - DAG(s) 'dagwithpostgres' retrieved from /opt/airflow/dags/dagwithpostgres.py
[2024-04-08T21:28:51.847+0000] {logging_mixin.py:188} INFO - [2024-04-08T21:28:51.847+0000] {dag.py:3047} INFO - Sync 1 DAGs
[2024-04-08T21:28:51.901+0000] {logging_mixin.py:188} INFO - [2024-04-08T21:28:51.900+0000] {dag.py:3834} INFO - Setting next_dagrun for dagwithpostgres to 2024-04-03 04:05:00+00:00, run_after=2024-04-04 04:05:00+00:00
[2024-04-08T21:28:51.948+0000] {processor.py:183} INFO - Processing /opt/airflow/dags/dagwithpostgres.py took 0.204 seconds
[2024-04-08T21:29:22.579+0000] {processor.py:161} INFO - Started process (PID=828) to work on /opt/airflow/dags/dagwithpostgres.py
[2024-04-08T21:29:22.581+0000] {processor.py:830} INFO - Processing file /opt/airflow/dags/dagwithpostgres.py for tasks to queue
[2024-04-08T21:29:22.584+0000] {logging_mixin.py:188} INFO - [2024-04-08T21:29:22.584+0000] {dagbag.py:540} INFO - Filling up the DagBag from /opt/airflow/dags/dagwithpostgres.py
[2024-04-08T21:29:22.638+0000] {processor.py:840} INFO - DAG(s) 'dagwithpostgres' retrieved from /opt/airflow/dags/dagwithpostgres.py
[2024-04-08T21:29:22.683+0000] {logging_mixin.py:188} INFO - [2024-04-08T21:29:22.682+0000] {dag.py:3047} INFO - Sync 1 DAGs
[2024-04-08T21:29:22.725+0000] {logging_mixin.py:188} INFO - [2024-04-08T21:29:22.725+0000] {dag.py:3834} INFO - Setting next_dagrun for dagwithpostgres to 2024-04-03 04:05:00+00:00, run_after=2024-04-04 04:05:00+00:00
[2024-04-08T21:29:22.773+0000] {processor.py:183} INFO - Processing /opt/airflow/dags/dagwithpostgres.py took 0.200 seconds
[2024-04-08T21:29:53.394+0000] {processor.py:161} INFO - Started process (PID=842) to work on /opt/airflow/dags/dagwithpostgres.py
[2024-04-08T21:29:53.397+0000] {processor.py:830} INFO - Processing file /opt/airflow/dags/dagwithpostgres.py for tasks to queue
[2024-04-08T21:29:53.400+0000] {logging_mixin.py:188} INFO - [2024-04-08T21:29:53.399+0000] {dagbag.py:540} INFO - Filling up the DagBag from /opt/airflow/dags/dagwithpostgres.py
[2024-04-08T21:29:53.451+0000] {processor.py:840} INFO - DAG(s) 'dagwithpostgres' retrieved from /opt/airflow/dags/dagwithpostgres.py
[2024-04-08T21:29:53.496+0000] {logging_mixin.py:188} INFO - [2024-04-08T21:29:53.495+0000] {dag.py:3047} INFO - Sync 1 DAGs
[2024-04-08T21:29:53.540+0000] {logging_mixin.py:188} INFO - [2024-04-08T21:29:53.540+0000] {dag.py:3834} INFO - Setting next_dagrun for dagwithpostgres to 2024-04-03 04:05:00+00:00, run_after=2024-04-04 04:05:00+00:00
[2024-04-08T21:29:53.589+0000] {processor.py:183} INFO - Processing /opt/airflow/dags/dagwithpostgres.py took 0.199 seconds
[2024-04-08T21:30:23.946+0000] {processor.py:161} INFO - Started process (PID=856) to work on /opt/airflow/dags/dagwithpostgres.py
[2024-04-08T21:30:23.948+0000] {processor.py:830} INFO - Processing file /opt/airflow/dags/dagwithpostgres.py for tasks to queue
[2024-04-08T21:30:23.951+0000] {logging_mixin.py:188} INFO - [2024-04-08T21:30:23.950+0000] {dagbag.py:540} INFO - Filling up the DagBag from /opt/airflow/dags/dagwithpostgres.py
[2024-04-08T21:30:23.993+0000] {processor.py:840} INFO - DAG(s) 'dagwithpostgres' retrieved from /opt/airflow/dags/dagwithpostgres.py
[2024-04-08T21:30:24.030+0000] {logging_mixin.py:188} INFO - [2024-04-08T21:30:24.030+0000] {dag.py:3047} INFO - Sync 1 DAGs
[2024-04-08T21:30:24.078+0000] {logging_mixin.py:188} INFO - [2024-04-08T21:30:24.078+0000] {dag.py:3834} INFO - Setting next_dagrun for dagwithpostgres to 2024-04-03 04:05:00+00:00, run_after=2024-04-04 04:05:00+00:00
[2024-04-08T21:30:24.113+0000] {processor.py:183} INFO - Processing /opt/airflow/dags/dagwithpostgres.py took 0.172 seconds
[2024-04-08T21:30:54.549+0000] {processor.py:161} INFO - Started process (PID=876) to work on /opt/airflow/dags/dagwithpostgres.py
[2024-04-08T21:30:54.551+0000] {processor.py:830} INFO - Processing file /opt/airflow/dags/dagwithpostgres.py for tasks to queue
[2024-04-08T21:30:54.556+0000] {logging_mixin.py:188} INFO - [2024-04-08T21:30:54.554+0000] {dagbag.py:540} INFO - Filling up the DagBag from /opt/airflow/dags/dagwithpostgres.py
[2024-04-08T21:30:54.602+0000] {processor.py:840} INFO - DAG(s) 'dagwithpostgres' retrieved from /opt/airflow/dags/dagwithpostgres.py
[2024-04-08T21:30:54.637+0000] {logging_mixin.py:188} INFO - [2024-04-08T21:30:54.637+0000] {dag.py:3047} INFO - Sync 1 DAGs
[2024-04-08T21:30:54.679+0000] {logging_mixin.py:188} INFO - [2024-04-08T21:30:54.678+0000] {dag.py:3834} INFO - Setting next_dagrun for dagwithpostgres to 2024-04-03 04:05:00+00:00, run_after=2024-04-04 04:05:00+00:00
[2024-04-08T21:30:54.725+0000] {processor.py:183} INFO - Processing /opt/airflow/dags/dagwithpostgres.py took 0.182 seconds
[2024-04-08T21:31:25.257+0000] {processor.py:161} INFO - Started process (PID=890) to work on /opt/airflow/dags/dagwithpostgres.py
[2024-04-08T21:31:25.259+0000] {processor.py:830} INFO - Processing file /opt/airflow/dags/dagwithpostgres.py for tasks to queue
[2024-04-08T21:31:25.263+0000] {logging_mixin.py:188} INFO - [2024-04-08T21:31:25.262+0000] {dagbag.py:540} INFO - Filling up the DagBag from /opt/airflow/dags/dagwithpostgres.py
[2024-04-08T21:31:25.315+0000] {processor.py:840} INFO - DAG(s) 'dagwithpostgres' retrieved from /opt/airflow/dags/dagwithpostgres.py
[2024-04-08T21:31:25.358+0000] {logging_mixin.py:188} INFO - [2024-04-08T21:31:25.357+0000] {dag.py:3047} INFO - Sync 1 DAGs
[2024-04-08T21:31:25.400+0000] {logging_mixin.py:188} INFO - [2024-04-08T21:31:25.399+0000] {dag.py:3834} INFO - Setting next_dagrun for dagwithpostgres to 2024-04-03 04:05:00+00:00, run_after=2024-04-04 04:05:00+00:00
[2024-04-08T21:31:25.451+0000] {processor.py:183} INFO - Processing /opt/airflow/dags/dagwithpostgres.py took 0.199 seconds
[2024-04-08T21:31:56.215+0000] {processor.py:161} INFO - Started process (PID=905) to work on /opt/airflow/dags/dagwithpostgres.py
[2024-04-08T21:31:56.217+0000] {processor.py:830} INFO - Processing file /opt/airflow/dags/dagwithpostgres.py for tasks to queue
[2024-04-08T21:31:56.220+0000] {logging_mixin.py:188} INFO - [2024-04-08T21:31:56.220+0000] {dagbag.py:540} INFO - Filling up the DagBag from /opt/airflow/dags/dagwithpostgres.py
[2024-04-08T21:31:56.269+0000] {processor.py:840} INFO - DAG(s) 'dagwithpostgres' retrieved from /opt/airflow/dags/dagwithpostgres.py
[2024-04-08T21:31:56.313+0000] {logging_mixin.py:188} INFO - [2024-04-08T21:31:56.312+0000] {dag.py:3047} INFO - Sync 1 DAGs
[2024-04-08T21:31:56.357+0000] {logging_mixin.py:188} INFO - [2024-04-08T21:31:56.357+0000] {dag.py:3834} INFO - Setting next_dagrun for dagwithpostgres to 2024-04-03 04:05:00+00:00, run_after=2024-04-04 04:05:00+00:00
[2024-04-08T21:31:56.404+0000] {processor.py:183} INFO - Processing /opt/airflow/dags/dagwithpostgres.py took 0.194 seconds
[2024-04-08T21:32:27.083+0000] {processor.py:161} INFO - Started process (PID=919) to work on /opt/airflow/dags/dagwithpostgres.py
[2024-04-08T21:32:27.085+0000] {processor.py:830} INFO - Processing file /opt/airflow/dags/dagwithpostgres.py for tasks to queue
[2024-04-08T21:32:27.090+0000] {logging_mixin.py:188} INFO - [2024-04-08T21:32:27.089+0000] {dagbag.py:540} INFO - Filling up the DagBag from /opt/airflow/dags/dagwithpostgres.py
[2024-04-08T21:32:27.151+0000] {processor.py:840} INFO - DAG(s) 'dagwithpostgres' retrieved from /opt/airflow/dags/dagwithpostgres.py
[2024-04-08T21:32:27.198+0000] {logging_mixin.py:188} INFO - [2024-04-08T21:32:27.198+0000] {dag.py:3047} INFO - Sync 1 DAGs
[2024-04-08T21:32:27.247+0000] {logging_mixin.py:188} INFO - [2024-04-08T21:32:27.246+0000] {dag.py:3834} INFO - Setting next_dagrun for dagwithpostgres to 2024-04-03 04:05:00+00:00, run_after=2024-04-04 04:05:00+00:00
[2024-04-08T21:32:27.286+0000] {processor.py:183} INFO - Processing /opt/airflow/dags/dagwithpostgres.py took 0.213 seconds
[2024-04-08T21:32:57.872+0000] {processor.py:161} INFO - Started process (PID=933) to work on /opt/airflow/dags/dagwithpostgres.py
[2024-04-08T21:32:57.875+0000] {processor.py:830} INFO - Processing file /opt/airflow/dags/dagwithpostgres.py for tasks to queue
[2024-04-08T21:32:57.879+0000] {logging_mixin.py:188} INFO - [2024-04-08T21:32:57.878+0000] {dagbag.py:540} INFO - Filling up the DagBag from /opt/airflow/dags/dagwithpostgres.py
[2024-04-08T21:32:57.937+0000] {processor.py:840} INFO - DAG(s) 'dagwithpostgres' retrieved from /opt/airflow/dags/dagwithpostgres.py
[2024-04-08T21:32:57.978+0000] {logging_mixin.py:188} INFO - [2024-04-08T21:32:57.978+0000] {dag.py:3047} INFO - Sync 1 DAGs
[2024-04-08T21:32:58.020+0000] {logging_mixin.py:188} INFO - [2024-04-08T21:32:58.019+0000] {dag.py:3834} INFO - Setting next_dagrun for dagwithpostgres to 2024-04-03 04:05:00+00:00, run_after=2024-04-04 04:05:00+00:00
[2024-04-08T21:32:58.072+0000] {processor.py:183} INFO - Processing /opt/airflow/dags/dagwithpostgres.py took 0.207 seconds
[2024-04-08T21:33:28.472+0000] {processor.py:161} INFO - Started process (PID=947) to work on /opt/airflow/dags/dagwithpostgres.py
[2024-04-08T21:33:28.474+0000] {processor.py:830} INFO - Processing file /opt/airflow/dags/dagwithpostgres.py for tasks to queue
[2024-04-08T21:33:28.477+0000] {logging_mixin.py:188} INFO - [2024-04-08T21:33:28.477+0000] {dagbag.py:540} INFO - Filling up the DagBag from /opt/airflow/dags/dagwithpostgres.py
[2024-04-08T21:33:28.527+0000] {processor.py:840} INFO - DAG(s) 'dagwithpostgres' retrieved from /opt/airflow/dags/dagwithpostgres.py
[2024-04-08T21:33:28.577+0000] {logging_mixin.py:188} INFO - [2024-04-08T21:33:28.577+0000] {dag.py:3047} INFO - Sync 1 DAGs
[2024-04-08T21:33:28.625+0000] {logging_mixin.py:188} INFO - [2024-04-08T21:33:28.625+0000] {dag.py:3834} INFO - Setting next_dagrun for dagwithpostgres to 2024-04-03 04:05:00+00:00, run_after=2024-04-04 04:05:00+00:00
[2024-04-08T21:33:28.667+0000] {processor.py:183} INFO - Processing /opt/airflow/dags/dagwithpostgres.py took 0.200 seconds
[2024-04-08T21:33:59.373+0000] {processor.py:161} INFO - Started process (PID=961) to work on /opt/airflow/dags/dagwithpostgres.py
[2024-04-08T21:33:59.375+0000] {processor.py:830} INFO - Processing file /opt/airflow/dags/dagwithpostgres.py for tasks to queue
[2024-04-08T21:33:59.379+0000] {logging_mixin.py:188} INFO - [2024-04-08T21:33:59.378+0000] {dagbag.py:540} INFO - Filling up the DagBag from /opt/airflow/dags/dagwithpostgres.py
[2024-04-08T21:33:59.435+0000] {processor.py:840} INFO - DAG(s) 'dagwithpostgres' retrieved from /opt/airflow/dags/dagwithpostgres.py
[2024-04-08T21:33:59.487+0000] {logging_mixin.py:188} INFO - [2024-04-08T21:33:59.486+0000] {dag.py:3047} INFO - Sync 1 DAGs
[2024-04-08T21:33:59.538+0000] {logging_mixin.py:188} INFO - [2024-04-08T21:33:59.537+0000] {dag.py:3834} INFO - Setting next_dagrun for dagwithpostgres to 2024-04-03 04:05:00+00:00, run_after=2024-04-04 04:05:00+00:00
[2024-04-08T21:33:59.589+0000] {processor.py:183} INFO - Processing /opt/airflow/dags/dagwithpostgres.py took 0.222 seconds
[2024-04-08T21:34:30.219+0000] {processor.py:161} INFO - Started process (PID=975) to work on /opt/airflow/dags/dagwithpostgres.py
[2024-04-08T21:34:30.221+0000] {processor.py:830} INFO - Processing file /opt/airflow/dags/dagwithpostgres.py for tasks to queue
[2024-04-08T21:34:30.223+0000] {logging_mixin.py:188} INFO - [2024-04-08T21:34:30.223+0000] {dagbag.py:540} INFO - Filling up the DagBag from /opt/airflow/dags/dagwithpostgres.py
[2024-04-08T21:34:30.263+0000] {processor.py:840} INFO - DAG(s) 'dagwithpostgres' retrieved from /opt/airflow/dags/dagwithpostgres.py
[2024-04-08T21:34:30.303+0000] {logging_mixin.py:188} INFO - [2024-04-08T21:34:30.302+0000] {dag.py:3047} INFO - Sync 1 DAGs
[2024-04-08T21:34:30.341+0000] {logging_mixin.py:188} INFO - [2024-04-08T21:34:30.340+0000] {dag.py:3834} INFO - Setting next_dagrun for dagwithpostgres to 2024-04-03 04:05:00+00:00, run_after=2024-04-04 04:05:00+00:00
[2024-04-08T21:34:30.386+0000] {processor.py:183} INFO - Processing /opt/airflow/dags/dagwithpostgres.py took 0.171 seconds
[2024-04-08T21:35:00.917+0000] {processor.py:161} INFO - Started process (PID=989) to work on /opt/airflow/dags/dagwithpostgres.py
[2024-04-08T21:35:00.918+0000] {processor.py:830} INFO - Processing file /opt/airflow/dags/dagwithpostgres.py for tasks to queue
[2024-04-08T21:35:00.921+0000] {logging_mixin.py:188} INFO - [2024-04-08T21:35:00.921+0000] {dagbag.py:540} INFO - Filling up the DagBag from /opt/airflow/dags/dagwithpostgres.py
[2024-04-08T21:35:00.970+0000] {processor.py:840} INFO - DAG(s) 'dagwithpostgres' retrieved from /opt/airflow/dags/dagwithpostgres.py
[2024-04-08T21:35:01.014+0000] {logging_mixin.py:188} INFO - [2024-04-08T21:35:01.013+0000] {dag.py:3047} INFO - Sync 1 DAGs
[2024-04-08T21:35:01.062+0000] {logging_mixin.py:188} INFO - [2024-04-08T21:35:01.061+0000] {dag.py:3834} INFO - Setting next_dagrun for dagwithpostgres to 2024-04-03 04:05:00+00:00, run_after=2024-04-04 04:05:00+00:00
[2024-04-08T21:35:01.110+0000] {processor.py:183} INFO - Processing /opt/airflow/dags/dagwithpostgres.py took 0.198 seconds
[2024-04-08T21:35:31.480+0000] {processor.py:161} INFO - Started process (PID=1003) to work on /opt/airflow/dags/dagwithpostgres.py
[2024-04-08T21:35:31.482+0000] {processor.py:830} INFO - Processing file /opt/airflow/dags/dagwithpostgres.py for tasks to queue
[2024-04-08T21:35:31.485+0000] {logging_mixin.py:188} INFO - [2024-04-08T21:35:31.484+0000] {dagbag.py:540} INFO - Filling up the DagBag from /opt/airflow/dags/dagwithpostgres.py
[2024-04-08T21:35:31.530+0000] {processor.py:840} INFO - DAG(s) 'dagwithpostgres' retrieved from /opt/airflow/dags/dagwithpostgres.py
[2024-04-08T21:35:31.572+0000] {logging_mixin.py:188} INFO - [2024-04-08T21:35:31.571+0000] {dag.py:3047} INFO - Sync 1 DAGs
[2024-04-08T21:35:31.619+0000] {logging_mixin.py:188} INFO - [2024-04-08T21:35:31.618+0000] {dag.py:3834} INFO - Setting next_dagrun for dagwithpostgres to 2024-04-03 04:05:00+00:00, run_after=2024-04-04 04:05:00+00:00
[2024-04-08T21:35:31.657+0000] {processor.py:183} INFO - Processing /opt/airflow/dags/dagwithpostgres.py took 0.181 seconds
[2024-04-08T21:36:02.228+0000] {processor.py:161} INFO - Started process (PID=1017) to work on /opt/airflow/dags/dagwithpostgres.py
[2024-04-08T21:36:02.230+0000] {processor.py:830} INFO - Processing file /opt/airflow/dags/dagwithpostgres.py for tasks to queue
[2024-04-08T21:36:02.233+0000] {logging_mixin.py:188} INFO - [2024-04-08T21:36:02.232+0000] {dagbag.py:540} INFO - Filling up the DagBag from /opt/airflow/dags/dagwithpostgres.py
[2024-04-08T21:36:02.284+0000] {processor.py:840} INFO - DAG(s) 'dagwithpostgres' retrieved from /opt/airflow/dags/dagwithpostgres.py
[2024-04-08T21:36:02.332+0000] {logging_mixin.py:188} INFO - [2024-04-08T21:36:02.332+0000] {dag.py:3047} INFO - Sync 1 DAGs
[2024-04-08T21:36:02.380+0000] {logging_mixin.py:188} INFO - [2024-04-08T21:36:02.379+0000] {dag.py:3834} INFO - Setting next_dagrun for dagwithpostgres to 2024-04-03 04:05:00+00:00, run_after=2024-04-04 04:05:00+00:00
[2024-04-08T21:36:02.427+0000] {processor.py:183} INFO - Processing /opt/airflow/dags/dagwithpostgres.py took 0.205 seconds
[2024-04-08T21:36:32.782+0000] {processor.py:161} INFO - Started process (PID=1032) to work on /opt/airflow/dags/dagwithpostgres.py
[2024-04-08T21:36:32.784+0000] {processor.py:830} INFO - Processing file /opt/airflow/dags/dagwithpostgres.py for tasks to queue
[2024-04-08T21:36:32.787+0000] {logging_mixin.py:188} INFO - [2024-04-08T21:36:32.787+0000] {dagbag.py:540} INFO - Filling up the DagBag from /opt/airflow/dags/dagwithpostgres.py
[2024-04-08T21:36:32.842+0000] {processor.py:840} INFO - DAG(s) 'dagwithpostgres' retrieved from /opt/airflow/dags/dagwithpostgres.py
[2024-04-08T21:36:32.891+0000] {logging_mixin.py:188} INFO - [2024-04-08T21:36:32.890+0000] {dag.py:3047} INFO - Sync 1 DAGs
[2024-04-08T21:36:32.938+0000] {logging_mixin.py:188} INFO - [2024-04-08T21:36:32.938+0000] {dag.py:3834} INFO - Setting next_dagrun for dagwithpostgres to 2024-04-03 04:05:00+00:00, run_after=2024-04-04 04:05:00+00:00
[2024-04-08T21:36:32.979+0000] {processor.py:183} INFO - Processing /opt/airflow/dags/dagwithpostgres.py took 0.202 seconds
[2024-04-08T21:37:03.629+0000] {processor.py:161} INFO - Started process (PID=1046) to work on /opt/airflow/dags/dagwithpostgres.py
[2024-04-08T21:37:03.631+0000] {processor.py:830} INFO - Processing file /opt/airflow/dags/dagwithpostgres.py for tasks to queue
[2024-04-08T21:37:03.634+0000] {logging_mixin.py:188} INFO - [2024-04-08T21:37:03.634+0000] {dagbag.py:540} INFO - Filling up the DagBag from /opt/airflow/dags/dagwithpostgres.py
[2024-04-08T21:37:03.687+0000] {processor.py:840} INFO - DAG(s) 'dagwithpostgres' retrieved from /opt/airflow/dags/dagwithpostgres.py
[2024-04-08T21:37:03.735+0000] {logging_mixin.py:188} INFO - [2024-04-08T21:37:03.734+0000] {dag.py:3047} INFO - Sync 1 DAGs
[2024-04-08T21:37:03.785+0000] {logging_mixin.py:188} INFO - [2024-04-08T21:37:03.784+0000] {dag.py:3834} INFO - Setting next_dagrun for dagwithpostgres to 2024-04-03 04:05:00+00:00, run_after=2024-04-04 04:05:00+00:00
[2024-04-08T21:37:03.827+0000] {processor.py:183} INFO - Processing /opt/airflow/dags/dagwithpostgres.py took 0.203 seconds
[2024-04-08T21:37:34.679+0000] {processor.py:161} INFO - Started process (PID=1060) to work on /opt/airflow/dags/dagwithpostgres.py
[2024-04-08T21:37:34.682+0000] {processor.py:830} INFO - Processing file /opt/airflow/dags/dagwithpostgres.py for tasks to queue
[2024-04-08T21:37:34.686+0000] {logging_mixin.py:188} INFO - [2024-04-08T21:37:34.685+0000] {dagbag.py:540} INFO - Filling up the DagBag from /opt/airflow/dags/dagwithpostgres.py
[2024-04-08T21:37:34.740+0000] {processor.py:840} INFO - DAG(s) 'dagwithpostgres' retrieved from /opt/airflow/dags/dagwithpostgres.py
[2024-04-08T21:37:34.785+0000] {logging_mixin.py:188} INFO - [2024-04-08T21:37:34.784+0000] {dag.py:3047} INFO - Sync 1 DAGs
[2024-04-08T21:37:34.828+0000] {logging_mixin.py:188} INFO - [2024-04-08T21:37:34.828+0000] {dag.py:3834} INFO - Setting next_dagrun for dagwithpostgres to 2024-04-03 04:05:00+00:00, run_after=2024-04-04 04:05:00+00:00
[2024-04-08T21:37:34.872+0000] {processor.py:183} INFO - Processing /opt/airflow/dags/dagwithpostgres.py took 0.198 seconds
[2024-04-08T21:38:05.464+0000] {processor.py:161} INFO - Started process (PID=1075) to work on /opt/airflow/dags/dagwithpostgres.py
[2024-04-08T21:38:05.466+0000] {processor.py:830} INFO - Processing file /opt/airflow/dags/dagwithpostgres.py for tasks to queue
[2024-04-08T21:38:05.469+0000] {logging_mixin.py:188} INFO - [2024-04-08T21:38:05.469+0000] {dagbag.py:540} INFO - Filling up the DagBag from /opt/airflow/dags/dagwithpostgres.py
[2024-04-08T21:38:05.514+0000] {processor.py:840} INFO - DAG(s) 'dagwithpostgres' retrieved from /opt/airflow/dags/dagwithpostgres.py
[2024-04-08T21:38:05.559+0000] {logging_mixin.py:188} INFO - [2024-04-08T21:38:05.559+0000] {dag.py:3047} INFO - Sync 1 DAGs
[2024-04-08T21:38:05.605+0000] {logging_mixin.py:188} INFO - [2024-04-08T21:38:05.604+0000] {dag.py:3834} INFO - Setting next_dagrun for dagwithpostgres to 2024-04-03 04:05:00+00:00, run_after=2024-04-04 04:05:00+00:00
[2024-04-08T21:38:05.652+0000] {processor.py:183} INFO - Processing /opt/airflow/dags/dagwithpostgres.py took 0.194 seconds
[2024-04-08T21:38:36.201+0000] {processor.py:161} INFO - Started process (PID=1089) to work on /opt/airflow/dags/dagwithpostgres.py
[2024-04-08T21:38:36.203+0000] {processor.py:830} INFO - Processing file /opt/airflow/dags/dagwithpostgres.py for tasks to queue
[2024-04-08T21:38:36.206+0000] {logging_mixin.py:188} INFO - [2024-04-08T21:38:36.205+0000] {dagbag.py:540} INFO - Filling up the DagBag from /opt/airflow/dags/dagwithpostgres.py
[2024-04-08T21:38:36.253+0000] {processor.py:840} INFO - DAG(s) 'dagwithpostgres' retrieved from /opt/airflow/dags/dagwithpostgres.py
[2024-04-08T21:38:36.301+0000] {logging_mixin.py:188} INFO - [2024-04-08T21:38:36.301+0000] {dag.py:3047} INFO - Sync 1 DAGs
[2024-04-08T21:38:36.350+0000] {logging_mixin.py:188} INFO - [2024-04-08T21:38:36.349+0000] {dag.py:3834} INFO - Setting next_dagrun for dagwithpostgres to 2024-04-03 04:05:00+00:00, run_after=2024-04-04 04:05:00+00:00
[2024-04-08T21:38:36.397+0000] {processor.py:183} INFO - Processing /opt/airflow/dags/dagwithpostgres.py took 0.201 seconds
[2024-04-08T21:39:06.733+0000] {processor.py:161} INFO - Started process (PID=1104) to work on /opt/airflow/dags/dagwithpostgres.py
[2024-04-08T21:39:06.735+0000] {processor.py:830} INFO - Processing file /opt/airflow/dags/dagwithpostgres.py for tasks to queue
[2024-04-08T21:39:06.738+0000] {logging_mixin.py:188} INFO - [2024-04-08T21:39:06.738+0000] {dagbag.py:540} INFO - Filling up the DagBag from /opt/airflow/dags/dagwithpostgres.py
[2024-04-08T21:39:06.779+0000] {processor.py:840} INFO - DAG(s) 'dagwithpostgres' retrieved from /opt/airflow/dags/dagwithpostgres.py
[2024-04-08T21:39:06.817+0000] {logging_mixin.py:188} INFO - [2024-04-08T21:39:06.817+0000] {dag.py:3047} INFO - Sync 1 DAGs
[2024-04-08T21:39:06.861+0000] {logging_mixin.py:188} INFO - [2024-04-08T21:39:06.861+0000] {dag.py:3834} INFO - Setting next_dagrun for dagwithpostgres to 2024-04-03 04:05:00+00:00, run_after=2024-04-04 04:05:00+00:00
[2024-04-08T21:39:06.908+0000] {processor.py:183} INFO - Processing /opt/airflow/dags/dagwithpostgres.py took 0.179 seconds
[2024-04-08T21:39:37.473+0000] {processor.py:161} INFO - Started process (PID=1118) to work on /opt/airflow/dags/dagwithpostgres.py
[2024-04-08T21:39:37.475+0000] {processor.py:830} INFO - Processing file /opt/airflow/dags/dagwithpostgres.py for tasks to queue
[2024-04-08T21:39:37.479+0000] {logging_mixin.py:188} INFO - [2024-04-08T21:39:37.478+0000] {dagbag.py:540} INFO - Filling up the DagBag from /opt/airflow/dags/dagwithpostgres.py
[2024-04-08T21:39:37.534+0000] {processor.py:840} INFO - DAG(s) 'dagwithpostgres' retrieved from /opt/airflow/dags/dagwithpostgres.py
[2024-04-08T21:39:37.577+0000] {logging_mixin.py:188} INFO - [2024-04-08T21:39:37.577+0000] {dag.py:3047} INFO - Sync 1 DAGs
[2024-04-08T21:39:37.620+0000] {logging_mixin.py:188} INFO - [2024-04-08T21:39:37.620+0000] {dag.py:3834} INFO - Setting next_dagrun for dagwithpostgres to 2024-04-03 04:05:00+00:00, run_after=2024-04-04 04:05:00+00:00
[2024-04-08T21:39:37.665+0000] {processor.py:183} INFO - Processing /opt/airflow/dags/dagwithpostgres.py took 0.196 seconds
[2024-04-08T21:40:08.031+0000] {processor.py:161} INFO - Started process (PID=1132) to work on /opt/airflow/dags/dagwithpostgres.py
[2024-04-08T21:40:08.033+0000] {processor.py:830} INFO - Processing file /opt/airflow/dags/dagwithpostgres.py for tasks to queue
[2024-04-08T21:40:08.036+0000] {logging_mixin.py:188} INFO - [2024-04-08T21:40:08.036+0000] {dagbag.py:540} INFO - Filling up the DagBag from /opt/airflow/dags/dagwithpostgres.py
[2024-04-08T21:40:08.077+0000] {processor.py:840} INFO - DAG(s) 'dagwithpostgres' retrieved from /opt/airflow/dags/dagwithpostgres.py
[2024-04-08T21:40:08.114+0000] {logging_mixin.py:188} INFO - [2024-04-08T21:40:08.113+0000] {dag.py:3047} INFO - Sync 1 DAGs
[2024-04-08T21:40:08.154+0000] {logging_mixin.py:188} INFO - [2024-04-08T21:40:08.153+0000] {dag.py:3834} INFO - Setting next_dagrun for dagwithpostgres to 2024-04-03 04:05:00+00:00, run_after=2024-04-04 04:05:00+00:00
[2024-04-08T21:40:08.199+0000] {processor.py:183} INFO - Processing /opt/airflow/dags/dagwithpostgres.py took 0.173 seconds
[2024-04-08T21:40:38.607+0000] {processor.py:161} INFO - Started process (PID=1147) to work on /opt/airflow/dags/dagwithpostgres.py
[2024-04-08T21:40:38.609+0000] {processor.py:830} INFO - Processing file /opt/airflow/dags/dagwithpostgres.py for tasks to queue
[2024-04-08T21:40:38.612+0000] {logging_mixin.py:188} INFO - [2024-04-08T21:40:38.612+0000] {dagbag.py:540} INFO - Filling up the DagBag from /opt/airflow/dags/dagwithpostgres.py
[2024-04-08T21:40:38.664+0000] {processor.py:840} INFO - DAG(s) 'dagwithpostgres' retrieved from /opt/airflow/dags/dagwithpostgres.py
[2024-04-08T21:40:38.710+0000] {logging_mixin.py:188} INFO - [2024-04-08T21:40:38.709+0000] {dag.py:3047} INFO - Sync 1 DAGs
[2024-04-08T21:40:38.757+0000] {logging_mixin.py:188} INFO - [2024-04-08T21:40:38.757+0000] {dag.py:3834} INFO - Setting next_dagrun for dagwithpostgres to 2024-04-03 04:05:00+00:00, run_after=2024-04-04 04:05:00+00:00
[2024-04-08T21:40:38.799+0000] {processor.py:183} INFO - Processing /opt/airflow/dags/dagwithpostgres.py took 0.197 seconds
[2024-04-08T21:41:09.147+0000] {processor.py:161} INFO - Started process (PID=1162) to work on /opt/airflow/dags/dagwithpostgres.py
[2024-04-08T21:41:09.149+0000] {processor.py:830} INFO - Processing file /opt/airflow/dags/dagwithpostgres.py for tasks to queue
[2024-04-08T21:41:09.152+0000] {logging_mixin.py:188} INFO - [2024-04-08T21:41:09.152+0000] {dagbag.py:540} INFO - Filling up the DagBag from /opt/airflow/dags/dagwithpostgres.py
[2024-04-08T21:41:09.200+0000] {processor.py:840} INFO - DAG(s) 'dagwithpostgres' retrieved from /opt/airflow/dags/dagwithpostgres.py
[2024-04-08T21:41:09.242+0000] {logging_mixin.py:188} INFO - [2024-04-08T21:41:09.242+0000] {dag.py:3047} INFO - Sync 1 DAGs
[2024-04-08T21:41:09.285+0000] {logging_mixin.py:188} INFO - [2024-04-08T21:41:09.284+0000] {dag.py:3834} INFO - Setting next_dagrun for dagwithpostgres to 2024-04-03 04:05:00+00:00, run_after=2024-04-04 04:05:00+00:00
[2024-04-08T21:41:09.332+0000] {processor.py:183} INFO - Processing /opt/airflow/dags/dagwithpostgres.py took 0.190 seconds
[2024-04-08T21:41:39.973+0000] {processor.py:161} INFO - Started process (PID=1176) to work on /opt/airflow/dags/dagwithpostgres.py
[2024-04-08T21:41:39.975+0000] {processor.py:830} INFO - Processing file /opt/airflow/dags/dagwithpostgres.py for tasks to queue
[2024-04-08T21:41:39.978+0000] {logging_mixin.py:188} INFO - [2024-04-08T21:41:39.978+0000] {dagbag.py:540} INFO - Filling up the DagBag from /opt/airflow/dags/dagwithpostgres.py
[2024-04-08T21:41:40.039+0000] {processor.py:840} INFO - DAG(s) 'dagwithpostgres' retrieved from /opt/airflow/dags/dagwithpostgres.py
[2024-04-08T21:41:40.083+0000] {logging_mixin.py:188} INFO - [2024-04-08T21:41:40.082+0000] {dag.py:3047} INFO - Sync 1 DAGs
[2024-04-08T21:41:40.131+0000] {logging_mixin.py:188} INFO - [2024-04-08T21:41:40.131+0000] {dag.py:3834} INFO - Setting next_dagrun for dagwithpostgres to 2024-04-03 04:05:00+00:00, run_after=2024-04-04 04:05:00+00:00
[2024-04-08T21:41:40.191+0000] {processor.py:183} INFO - Processing /opt/airflow/dags/dagwithpostgres.py took 0.223 seconds
[2024-04-08T21:42:10.840+0000] {processor.py:161} INFO - Started process (PID=1190) to work on /opt/airflow/dags/dagwithpostgres.py
[2024-04-08T21:42:10.842+0000] {processor.py:830} INFO - Processing file /opt/airflow/dags/dagwithpostgres.py for tasks to queue
[2024-04-08T21:42:10.846+0000] {logging_mixin.py:188} INFO - [2024-04-08T21:42:10.845+0000] {dagbag.py:540} INFO - Filling up the DagBag from /opt/airflow/dags/dagwithpostgres.py
[2024-04-08T21:42:10.889+0000] {processor.py:840} INFO - DAG(s) 'dagwithpostgres' retrieved from /opt/airflow/dags/dagwithpostgres.py
[2024-04-08T21:42:10.931+0000] {logging_mixin.py:188} INFO - [2024-04-08T21:42:10.931+0000] {dag.py:3047} INFO - Sync 1 DAGs
[2024-04-08T21:42:10.989+0000] {logging_mixin.py:188} INFO - [2024-04-08T21:42:10.988+0000] {dag.py:3834} INFO - Setting next_dagrun for dagwithpostgres to 2024-04-03 04:05:00+00:00, run_after=2024-04-04 04:05:00+00:00
[2024-04-08T21:42:11.039+0000] {processor.py:183} INFO - Processing /opt/airflow/dags/dagwithpostgres.py took 0.205 seconds
