[2024-04-08T21:02:12.469+0000] {processor.py:161} INFO - Started process (PID=47) to work on /opt/airflow/dags/first_taskflowpyt.py
[2024-04-08T21:02:12.472+0000] {processor.py:830} INFO - Processing file /opt/airflow/dags/first_taskflowpyt.py for tasks to queue
[2024-04-08T21:02:12.478+0000] {logging_mixin.py:188} INFO - [2024-04-08T21:02:12.477+0000] {dagbag.py:540} INFO - Filling up the DagBag from /opt/airflow/dags/first_taskflowpyt.py
[2024-04-08T21:02:12.561+0000] {processor.py:840} INFO - DAG(s) 'first_taskflow' retrieved from /opt/airflow/dags/first_taskflowpyt.py
[2024-04-08T21:02:12.631+0000] {logging_mixin.py:188} INFO - [2024-04-08T21:02:12.630+0000] {dag.py:3047} INFO - Sync 1 DAGs
[2024-04-08T21:02:12.701+0000] {logging_mixin.py:188} INFO - [2024-04-08T21:02:12.700+0000] {dag.py:3834} INFO - Setting next_dagrun for first_taskflow to 2024-04-04 00:00:00+00:00, run_after=2024-04-05 00:00:00+00:00
[2024-04-08T21:02:12.770+0000] {processor.py:183} INFO - Processing /opt/airflow/dags/first_taskflowpyt.py took 0.319 seconds
[2024-04-08T21:02:42.989+0000] {processor.py:161} INFO - Started process (PID=61) to work on /opt/airflow/dags/first_taskflowpyt.py
[2024-04-08T21:02:42.992+0000] {processor.py:830} INFO - Processing file /opt/airflow/dags/first_taskflowpyt.py for tasks to queue
[2024-04-08T21:02:42.997+0000] {logging_mixin.py:188} INFO - [2024-04-08T21:02:42.996+0000] {dagbag.py:540} INFO - Filling up the DagBag from /opt/airflow/dags/first_taskflowpyt.py
[2024-04-08T21:02:43.040+0000] {processor.py:840} INFO - DAG(s) 'first_taskflow' retrieved from /opt/airflow/dags/first_taskflowpyt.py
[2024-04-08T21:02:43.090+0000] {logging_mixin.py:188} INFO - [2024-04-08T21:02:43.090+0000] {dag.py:3047} INFO - Sync 1 DAGs
[2024-04-08T21:02:43.143+0000] {logging_mixin.py:188} INFO - [2024-04-08T21:02:43.142+0000] {dag.py:3834} INFO - Setting next_dagrun for first_taskflow to 2024-04-04 00:00:00+00:00, run_after=2024-04-05 00:00:00+00:00
[2024-04-08T21:02:43.180+0000] {processor.py:183} INFO - Processing /opt/airflow/dags/first_taskflowpyt.py took 0.199 seconds
[2024-04-08T21:03:14.320+0000] {processor.py:161} INFO - Started process (PID=81) to work on /opt/airflow/dags/first_taskflowpyt.py
[2024-04-08T21:03:14.321+0000] {processor.py:830} INFO - Processing file /opt/airflow/dags/first_taskflowpyt.py for tasks to queue
[2024-04-08T21:03:14.324+0000] {logging_mixin.py:188} INFO - [2024-04-08T21:03:14.324+0000] {dagbag.py:540} INFO - Filling up the DagBag from /opt/airflow/dags/first_taskflowpyt.py
[2024-04-08T21:03:14.399+0000] {processor.py:840} INFO - DAG(s) 'first_taskflow' retrieved from /opt/airflow/dags/first_taskflowpyt.py
[2024-04-08T21:03:14.458+0000] {logging_mixin.py:188} INFO - [2024-04-08T21:03:14.457+0000] {dag.py:3047} INFO - Sync 1 DAGs
[2024-04-08T21:03:14.516+0000] {logging_mixin.py:188} INFO - [2024-04-08T21:03:14.515+0000] {dag.py:3834} INFO - Setting next_dagrun for first_taskflow to 2024-04-04 00:00:00+00:00, run_after=2024-04-05 00:00:00+00:00
[2024-04-08T21:03:14.561+0000] {processor.py:183} INFO - Processing /opt/airflow/dags/first_taskflowpyt.py took 0.246 seconds
[2024-04-08T21:03:45.482+0000] {processor.py:161} INFO - Started process (PID=95) to work on /opt/airflow/dags/first_taskflowpyt.py
[2024-04-08T21:03:45.485+0000] {processor.py:830} INFO - Processing file /opt/airflow/dags/first_taskflowpyt.py for tasks to queue
[2024-04-08T21:03:45.488+0000] {logging_mixin.py:188} INFO - [2024-04-08T21:03:45.488+0000] {dagbag.py:540} INFO - Filling up the DagBag from /opt/airflow/dags/first_taskflowpyt.py
[2024-04-08T21:03:45.540+0000] {processor.py:840} INFO - DAG(s) 'first_taskflow' retrieved from /opt/airflow/dags/first_taskflowpyt.py
[2024-04-08T21:03:45.731+0000] {logging_mixin.py:188} INFO - [2024-04-08T21:03:45.730+0000] {dag.py:3047} INFO - Sync 1 DAGs
[2024-04-08T21:03:45.775+0000] {logging_mixin.py:188} INFO - [2024-04-08T21:03:45.775+0000] {dag.py:3834} INFO - Setting next_dagrun for first_taskflow to 2024-04-04 00:00:00+00:00, run_after=2024-04-05 00:00:00+00:00
[2024-04-08T21:03:45.814+0000] {processor.py:183} INFO - Processing /opt/airflow/dags/first_taskflowpyt.py took 0.339 seconds
[2024-04-08T21:04:16.607+0000] {processor.py:161} INFO - Started process (PID=142) to work on /opt/airflow/dags/first_taskflowpyt.py
[2024-04-08T21:04:16.610+0000] {processor.py:830} INFO - Processing file /opt/airflow/dags/first_taskflowpyt.py for tasks to queue
[2024-04-08T21:04:16.616+0000] {logging_mixin.py:188} INFO - [2024-04-08T21:04:16.615+0000] {dagbag.py:540} INFO - Filling up the DagBag from /opt/airflow/dags/first_taskflowpyt.py
[2024-04-08T21:04:16.668+0000] {processor.py:840} INFO - DAG(s) 'first_taskflow' retrieved from /opt/airflow/dags/first_taskflowpyt.py
[2024-04-08T21:04:16.711+0000] {logging_mixin.py:188} INFO - [2024-04-08T21:04:16.710+0000] {dag.py:3047} INFO - Sync 1 DAGs
[2024-04-08T21:04:16.753+0000] {logging_mixin.py:188} INFO - [2024-04-08T21:04:16.752+0000] {dag.py:3834} INFO - Setting next_dagrun for first_taskflow to 2024-04-04 00:00:00+00:00, run_after=2024-04-05 00:00:00+00:00
[2024-04-08T21:04:16.829+0000] {processor.py:183} INFO - Processing /opt/airflow/dags/first_taskflowpyt.py took 0.229 seconds
[2024-04-08T21:04:47.612+0000] {processor.py:161} INFO - Started process (PID=156) to work on /opt/airflow/dags/first_taskflowpyt.py
[2024-04-08T21:04:47.614+0000] {processor.py:830} INFO - Processing file /opt/airflow/dags/first_taskflowpyt.py for tasks to queue
[2024-04-08T21:04:47.618+0000] {logging_mixin.py:188} INFO - [2024-04-08T21:04:47.617+0000] {dagbag.py:540} INFO - Filling up the DagBag from /opt/airflow/dags/first_taskflowpyt.py
[2024-04-08T21:04:47.670+0000] {processor.py:840} INFO - DAG(s) 'first_taskflow' retrieved from /opt/airflow/dags/first_taskflowpyt.py
[2024-04-08T21:04:47.717+0000] {logging_mixin.py:188} INFO - [2024-04-08T21:04:47.717+0000] {dag.py:3047} INFO - Sync 1 DAGs
[2024-04-08T21:04:47.776+0000] {logging_mixin.py:188} INFO - [2024-04-08T21:04:47.775+0000] {dag.py:3834} INFO - Setting next_dagrun for first_taskflow to 2024-04-04 00:00:00+00:00, run_after=2024-04-05 00:00:00+00:00
[2024-04-08T21:04:47.820+0000] {processor.py:183} INFO - Processing /opt/airflow/dags/first_taskflowpyt.py took 0.214 seconds
[2024-04-08T21:05:18.704+0000] {processor.py:161} INFO - Started process (PID=170) to work on /opt/airflow/dags/first_taskflowpyt.py
[2024-04-08T21:05:18.711+0000] {processor.py:830} INFO - Processing file /opt/airflow/dags/first_taskflowpyt.py for tasks to queue
[2024-04-08T21:05:18.716+0000] {logging_mixin.py:188} INFO - [2024-04-08T21:05:18.716+0000] {dagbag.py:540} INFO - Filling up the DagBag from /opt/airflow/dags/first_taskflowpyt.py
[2024-04-08T21:05:18.782+0000] {processor.py:840} INFO - DAG(s) 'first_taskflow' retrieved from /opt/airflow/dags/first_taskflowpyt.py
[2024-04-08T21:05:18.838+0000] {logging_mixin.py:188} INFO - [2024-04-08T21:05:18.837+0000] {dag.py:3047} INFO - Sync 1 DAGs
[2024-04-08T21:05:18.907+0000] {logging_mixin.py:188} INFO - [2024-04-08T21:05:18.906+0000] {dag.py:3834} INFO - Setting next_dagrun for first_taskflow to 2024-04-04 00:00:00+00:00, run_after=2024-04-05 00:00:00+00:00
[2024-04-08T21:05:18.948+0000] {processor.py:183} INFO - Processing /opt/airflow/dags/first_taskflowpyt.py took 0.257 seconds
[2024-04-08T21:05:49.606+0000] {processor.py:161} INFO - Started process (PID=184) to work on /opt/airflow/dags/first_taskflowpyt.py
[2024-04-08T21:05:49.608+0000] {processor.py:830} INFO - Processing file /opt/airflow/dags/first_taskflowpyt.py for tasks to queue
[2024-04-08T21:05:49.612+0000] {logging_mixin.py:188} INFO - [2024-04-08T21:05:49.611+0000] {dagbag.py:540} INFO - Filling up the DagBag from /opt/airflow/dags/first_taskflowpyt.py
[2024-04-08T21:05:49.664+0000] {processor.py:840} INFO - DAG(s) 'first_taskflow' retrieved from /opt/airflow/dags/first_taskflowpyt.py
[2024-04-08T21:05:49.732+0000] {logging_mixin.py:188} INFO - [2024-04-08T21:05:49.732+0000] {dag.py:3047} INFO - Sync 1 DAGs
[2024-04-08T21:05:49.786+0000] {logging_mixin.py:188} INFO - [2024-04-08T21:05:49.785+0000] {dag.py:3834} INFO - Setting next_dagrun for first_taskflow to 2024-04-04 00:00:00+00:00, run_after=2024-04-05 00:00:00+00:00
[2024-04-08T21:05:49.826+0000] {processor.py:183} INFO - Processing /opt/airflow/dags/first_taskflowpyt.py took 0.227 seconds
[2024-04-08T21:06:20.493+0000] {processor.py:161} INFO - Started process (PID=198) to work on /opt/airflow/dags/first_taskflowpyt.py
[2024-04-08T21:06:20.496+0000] {processor.py:830} INFO - Processing file /opt/airflow/dags/first_taskflowpyt.py for tasks to queue
[2024-04-08T21:06:20.500+0000] {logging_mixin.py:188} INFO - [2024-04-08T21:06:20.499+0000] {dagbag.py:540} INFO - Filling up the DagBag from /opt/airflow/dags/first_taskflowpyt.py
[2024-04-08T21:06:20.552+0000] {processor.py:840} INFO - DAG(s) 'first_taskflow' retrieved from /opt/airflow/dags/first_taskflowpyt.py
[2024-04-08T21:06:20.603+0000] {logging_mixin.py:188} INFO - [2024-04-08T21:06:20.603+0000] {dag.py:3047} INFO - Sync 1 DAGs
[2024-04-08T21:06:20.661+0000] {logging_mixin.py:188} INFO - [2024-04-08T21:06:20.660+0000] {dag.py:3834} INFO - Setting next_dagrun for first_taskflow to 2024-04-04 00:00:00+00:00, run_after=2024-04-05 00:00:00+00:00
[2024-04-08T21:06:20.707+0000] {processor.py:183} INFO - Processing /opt/airflow/dags/first_taskflowpyt.py took 0.219 seconds
[2024-04-08T21:06:51.225+0000] {processor.py:161} INFO - Started process (PID=213) to work on /opt/airflow/dags/first_taskflowpyt.py
[2024-04-08T21:06:51.228+0000] {processor.py:830} INFO - Processing file /opt/airflow/dags/first_taskflowpyt.py for tasks to queue
[2024-04-08T21:06:51.233+0000] {logging_mixin.py:188} INFO - [2024-04-08T21:06:51.232+0000] {dagbag.py:540} INFO - Filling up the DagBag from /opt/airflow/dags/first_taskflowpyt.py
[2024-04-08T21:06:51.287+0000] {processor.py:840} INFO - DAG(s) 'first_taskflow' retrieved from /opt/airflow/dags/first_taskflowpyt.py
[2024-04-08T21:06:51.340+0000] {logging_mixin.py:188} INFO - [2024-04-08T21:06:51.339+0000] {dag.py:3047} INFO - Sync 1 DAGs
[2024-04-08T21:06:51.388+0000] {logging_mixin.py:188} INFO - [2024-04-08T21:06:51.387+0000] {dag.py:3834} INFO - Setting next_dagrun for first_taskflow to 2024-04-04 00:00:00+00:00, run_after=2024-04-05 00:00:00+00:00
[2024-04-08T21:06:51.427+0000] {processor.py:183} INFO - Processing /opt/airflow/dags/first_taskflowpyt.py took 0.208 seconds
[2024-04-08T21:07:22.098+0000] {processor.py:161} INFO - Started process (PID=227) to work on /opt/airflow/dags/first_taskflowpyt.py
[2024-04-08T21:07:22.101+0000] {processor.py:830} INFO - Processing file /opt/airflow/dags/first_taskflowpyt.py for tasks to queue
[2024-04-08T21:07:22.105+0000] {logging_mixin.py:188} INFO - [2024-04-08T21:07:22.104+0000] {dagbag.py:540} INFO - Filling up the DagBag from /opt/airflow/dags/first_taskflowpyt.py
[2024-04-08T21:07:22.158+0000] {processor.py:840} INFO - DAG(s) 'first_taskflow' retrieved from /opt/airflow/dags/first_taskflowpyt.py
[2024-04-08T21:07:22.207+0000] {logging_mixin.py:188} INFO - [2024-04-08T21:07:22.207+0000] {dag.py:3047} INFO - Sync 1 DAGs
[2024-04-08T21:07:22.251+0000] {logging_mixin.py:188} INFO - [2024-04-08T21:07:22.250+0000] {dag.py:3834} INFO - Setting next_dagrun for first_taskflow to 2024-04-04 00:00:00+00:00, run_after=2024-04-05 00:00:00+00:00
[2024-04-08T21:07:22.287+0000] {processor.py:183} INFO - Processing /opt/airflow/dags/first_taskflowpyt.py took 0.195 seconds
[2024-04-08T21:07:52.404+0000] {processor.py:161} INFO - Started process (PID=241) to work on /opt/airflow/dags/first_taskflowpyt.py
[2024-04-08T21:07:52.406+0000] {processor.py:830} INFO - Processing file /opt/airflow/dags/first_taskflowpyt.py for tasks to queue
[2024-04-08T21:07:52.410+0000] {logging_mixin.py:188} INFO - [2024-04-08T21:07:52.409+0000] {dagbag.py:540} INFO - Filling up the DagBag from /opt/airflow/dags/first_taskflowpyt.py
[2024-04-08T21:07:52.455+0000] {processor.py:840} INFO - DAG(s) 'first_taskflow' retrieved from /opt/airflow/dags/first_taskflowpyt.py
[2024-04-08T21:07:52.504+0000] {logging_mixin.py:188} INFO - [2024-04-08T21:07:52.503+0000] {dag.py:3047} INFO - Sync 1 DAGs
[2024-04-08T21:07:52.547+0000] {logging_mixin.py:188} INFO - [2024-04-08T21:07:52.547+0000] {dag.py:3834} INFO - Setting next_dagrun for first_taskflow to 2024-04-04 00:00:00+00:00, run_after=2024-04-05 00:00:00+00:00
[2024-04-08T21:07:52.587+0000] {processor.py:183} INFO - Processing /opt/airflow/dags/first_taskflowpyt.py took 0.190 seconds
[2024-04-08T21:08:22.733+0000] {processor.py:161} INFO - Started process (PID=255) to work on /opt/airflow/dags/first_taskflowpyt.py
[2024-04-08T21:08:22.735+0000] {processor.py:830} INFO - Processing file /opt/airflow/dags/first_taskflowpyt.py for tasks to queue
[2024-04-08T21:08:22.740+0000] {logging_mixin.py:188} INFO - [2024-04-08T21:08:22.739+0000] {dagbag.py:540} INFO - Filling up the DagBag from /opt/airflow/dags/first_taskflowpyt.py
[2024-04-08T21:08:22.791+0000] {processor.py:840} INFO - DAG(s) 'first_taskflow' retrieved from /opt/airflow/dags/first_taskflowpyt.py
[2024-04-08T21:08:22.835+0000] {logging_mixin.py:188} INFO - [2024-04-08T21:08:22.834+0000] {dag.py:3047} INFO - Sync 1 DAGs
[2024-04-08T21:08:22.879+0000] {logging_mixin.py:188} INFO - [2024-04-08T21:08:22.879+0000] {dag.py:3834} INFO - Setting next_dagrun for first_taskflow to 2024-04-04 00:00:00+00:00, run_after=2024-04-05 00:00:00+00:00
[2024-04-08T21:08:22.917+0000] {processor.py:183} INFO - Processing /opt/airflow/dags/first_taskflowpyt.py took 0.189 seconds
[2024-04-08T21:08:53.311+0000] {processor.py:161} INFO - Started process (PID=269) to work on /opt/airflow/dags/first_taskflowpyt.py
[2024-04-08T21:08:53.313+0000] {processor.py:830} INFO - Processing file /opt/airflow/dags/first_taskflowpyt.py for tasks to queue
[2024-04-08T21:08:53.317+0000] {logging_mixin.py:188} INFO - [2024-04-08T21:08:53.316+0000] {dagbag.py:540} INFO - Filling up the DagBag from /opt/airflow/dags/first_taskflowpyt.py
[2024-04-08T21:08:53.373+0000] {processor.py:840} INFO - DAG(s) 'first_taskflow' retrieved from /opt/airflow/dags/first_taskflowpyt.py
[2024-04-08T21:08:53.414+0000] {logging_mixin.py:188} INFO - [2024-04-08T21:08:53.413+0000] {dag.py:3047} INFO - Sync 1 DAGs
[2024-04-08T21:08:53.460+0000] {logging_mixin.py:188} INFO - [2024-04-08T21:08:53.459+0000] {dag.py:3834} INFO - Setting next_dagrun for first_taskflow to 2024-04-04 00:00:00+00:00, run_after=2024-04-05 00:00:00+00:00
[2024-04-08T21:08:53.506+0000] {processor.py:183} INFO - Processing /opt/airflow/dags/first_taskflowpyt.py took 0.200 seconds
[2024-04-08T21:09:23.796+0000] {processor.py:161} INFO - Started process (PID=283) to work on /opt/airflow/dags/first_taskflowpyt.py
[2024-04-08T21:09:23.798+0000] {processor.py:830} INFO - Processing file /opt/airflow/dags/first_taskflowpyt.py for tasks to queue
[2024-04-08T21:09:23.802+0000] {logging_mixin.py:188} INFO - [2024-04-08T21:09:23.801+0000] {dagbag.py:540} INFO - Filling up the DagBag from /opt/airflow/dags/first_taskflowpyt.py
[2024-04-08T21:09:23.853+0000] {processor.py:840} INFO - DAG(s) 'first_taskflow' retrieved from /opt/airflow/dags/first_taskflowpyt.py
[2024-04-08T21:09:23.903+0000] {logging_mixin.py:188} INFO - [2024-04-08T21:09:23.902+0000] {dag.py:3047} INFO - Sync 1 DAGs
[2024-04-08T21:09:23.952+0000] {logging_mixin.py:188} INFO - [2024-04-08T21:09:23.952+0000] {dag.py:3834} INFO - Setting next_dagrun for first_taskflow to 2024-04-04 00:00:00+00:00, run_after=2024-04-05 00:00:00+00:00
[2024-04-08T21:09:23.997+0000] {processor.py:183} INFO - Processing /opt/airflow/dags/first_taskflowpyt.py took 0.205 seconds
[2024-04-08T21:09:54.278+0000] {processor.py:161} INFO - Started process (PID=298) to work on /opt/airflow/dags/first_taskflowpyt.py
[2024-04-08T21:09:54.282+0000] {processor.py:830} INFO - Processing file /opt/airflow/dags/first_taskflowpyt.py for tasks to queue
[2024-04-08T21:09:54.287+0000] {logging_mixin.py:188} INFO - [2024-04-08T21:09:54.286+0000] {dagbag.py:540} INFO - Filling up the DagBag from /opt/airflow/dags/first_taskflowpyt.py
[2024-04-08T21:09:54.335+0000] {processor.py:840} INFO - DAG(s) 'first_taskflow' retrieved from /opt/airflow/dags/first_taskflowpyt.py
[2024-04-08T21:09:54.381+0000] {logging_mixin.py:188} INFO - [2024-04-08T21:09:54.381+0000] {dag.py:3047} INFO - Sync 1 DAGs
[2024-04-08T21:09:54.424+0000] {logging_mixin.py:188} INFO - [2024-04-08T21:09:54.423+0000] {dag.py:3834} INFO - Setting next_dagrun for first_taskflow to 2024-04-04 00:00:00+00:00, run_after=2024-04-05 00:00:00+00:00
[2024-04-08T21:09:54.470+0000] {processor.py:183} INFO - Processing /opt/airflow/dags/first_taskflowpyt.py took 0.198 seconds
[2024-04-08T21:10:24.597+0000] {processor.py:161} INFO - Started process (PID=312) to work on /opt/airflow/dags/first_taskflowpyt.py
[2024-04-08T21:10:24.599+0000] {processor.py:830} INFO - Processing file /opt/airflow/dags/first_taskflowpyt.py for tasks to queue
[2024-04-08T21:10:24.602+0000] {logging_mixin.py:188} INFO - [2024-04-08T21:10:24.601+0000] {dagbag.py:540} INFO - Filling up the DagBag from /opt/airflow/dags/first_taskflowpyt.py
[2024-04-08T21:10:24.651+0000] {processor.py:840} INFO - DAG(s) 'first_taskflow' retrieved from /opt/airflow/dags/first_taskflowpyt.py
[2024-04-08T21:10:24.698+0000] {logging_mixin.py:188} INFO - [2024-04-08T21:10:24.698+0000] {dag.py:3047} INFO - Sync 1 DAGs
[2024-04-08T21:10:24.749+0000] {logging_mixin.py:188} INFO - [2024-04-08T21:10:24.748+0000] {dag.py:3834} INFO - Setting next_dagrun for first_taskflow to 2024-04-04 00:00:00+00:00, run_after=2024-04-05 00:00:00+00:00
[2024-04-08T21:10:24.796+0000] {processor.py:183} INFO - Processing /opt/airflow/dags/first_taskflowpyt.py took 0.204 seconds
[2024-04-08T21:10:54.939+0000] {processor.py:161} INFO - Started process (PID=326) to work on /opt/airflow/dags/first_taskflowpyt.py
[2024-04-08T21:10:54.941+0000] {processor.py:830} INFO - Processing file /opt/airflow/dags/first_taskflowpyt.py for tasks to queue
[2024-04-08T21:10:54.944+0000] {logging_mixin.py:188} INFO - [2024-04-08T21:10:54.944+0000] {dagbag.py:540} INFO - Filling up the DagBag from /opt/airflow/dags/first_taskflowpyt.py
[2024-04-08T21:10:55.044+0000] {processor.py:840} INFO - DAG(s) 'first_taskflow' retrieved from /opt/airflow/dags/first_taskflowpyt.py
[2024-04-08T21:10:55.113+0000] {logging_mixin.py:188} INFO - [2024-04-08T21:10:55.113+0000] {dag.py:3047} INFO - Sync 1 DAGs
[2024-04-08T21:10:55.164+0000] {logging_mixin.py:188} INFO - [2024-04-08T21:10:55.164+0000] {dag.py:3834} INFO - Setting next_dagrun for first_taskflow to 2024-04-04 00:00:00+00:00, run_after=2024-04-05 00:00:00+00:00
[2024-04-08T21:10:55.204+0000] {processor.py:183} INFO - Processing /opt/airflow/dags/first_taskflowpyt.py took 0.272 seconds
[2024-04-08T21:11:25.995+0000] {processor.py:161} INFO - Started process (PID=340) to work on /opt/airflow/dags/first_taskflowpyt.py
[2024-04-08T21:11:25.998+0000] {processor.py:830} INFO - Processing file /opt/airflow/dags/first_taskflowpyt.py for tasks to queue
[2024-04-08T21:11:26.010+0000] {logging_mixin.py:188} INFO - [2024-04-08T21:11:26.009+0000] {dagbag.py:540} INFO - Filling up the DagBag from /opt/airflow/dags/first_taskflowpyt.py
[2024-04-08T21:11:26.062+0000] {processor.py:840} INFO - DAG(s) 'first_taskflow' retrieved from /opt/airflow/dags/first_taskflowpyt.py
[2024-04-08T21:11:26.102+0000] {logging_mixin.py:188} INFO - [2024-04-08T21:11:26.101+0000] {dag.py:3047} INFO - Sync 1 DAGs
[2024-04-08T21:11:26.141+0000] {logging_mixin.py:188} INFO - [2024-04-08T21:11:26.141+0000] {dag.py:3834} INFO - Setting next_dagrun for first_taskflow to 2024-04-04 00:00:00+00:00, run_after=2024-04-05 00:00:00+00:00
[2024-04-08T21:11:26.180+0000] {processor.py:183} INFO - Processing /opt/airflow/dags/first_taskflowpyt.py took 0.199 seconds
[2024-04-08T21:11:56.562+0000] {processor.py:161} INFO - Started process (PID=354) to work on /opt/airflow/dags/first_taskflowpyt.py
[2024-04-08T21:11:56.564+0000] {processor.py:830} INFO - Processing file /opt/airflow/dags/first_taskflowpyt.py for tasks to queue
[2024-04-08T21:11:56.567+0000] {logging_mixin.py:188} INFO - [2024-04-08T21:11:56.567+0000] {dagbag.py:540} INFO - Filling up the DagBag from /opt/airflow/dags/first_taskflowpyt.py
[2024-04-08T21:11:56.614+0000] {processor.py:840} INFO - DAG(s) 'first_taskflow' retrieved from /opt/airflow/dags/first_taskflowpyt.py
[2024-04-08T21:11:56.663+0000] {logging_mixin.py:188} INFO - [2024-04-08T21:11:56.662+0000] {dag.py:3047} INFO - Sync 1 DAGs
[2024-04-08T21:11:56.703+0000] {logging_mixin.py:188} INFO - [2024-04-08T21:11:56.703+0000] {dag.py:3834} INFO - Setting next_dagrun for first_taskflow to 2024-04-04 00:00:00+00:00, run_after=2024-04-05 00:00:00+00:00
[2024-04-08T21:11:56.748+0000] {processor.py:183} INFO - Processing /opt/airflow/dags/first_taskflowpyt.py took 0.191 seconds
[2024-04-08T21:12:27.013+0000] {processor.py:161} INFO - Started process (PID=368) to work on /opt/airflow/dags/first_taskflowpyt.py
[2024-04-08T21:12:27.014+0000] {processor.py:830} INFO - Processing file /opt/airflow/dags/first_taskflowpyt.py for tasks to queue
[2024-04-08T21:12:27.018+0000] {logging_mixin.py:188} INFO - [2024-04-08T21:12:27.017+0000] {dagbag.py:540} INFO - Filling up the DagBag from /opt/airflow/dags/first_taskflowpyt.py
[2024-04-08T21:12:27.072+0000] {processor.py:840} INFO - DAG(s) 'first_taskflow' retrieved from /opt/airflow/dags/first_taskflowpyt.py
[2024-04-08T21:12:27.117+0000] {logging_mixin.py:188} INFO - [2024-04-08T21:12:27.116+0000] {dag.py:3047} INFO - Sync 1 DAGs
[2024-04-08T21:12:27.161+0000] {logging_mixin.py:188} INFO - [2024-04-08T21:12:27.161+0000] {dag.py:3834} INFO - Setting next_dagrun for first_taskflow to 2024-04-04 00:00:00+00:00, run_after=2024-04-05 00:00:00+00:00
[2024-04-08T21:12:27.201+0000] {processor.py:183} INFO - Processing /opt/airflow/dags/first_taskflowpyt.py took 0.193 seconds
[2024-04-08T21:12:57.300+0000] {processor.py:161} INFO - Started process (PID=382) to work on /opt/airflow/dags/first_taskflowpyt.py
[2024-04-08T21:12:57.302+0000] {processor.py:830} INFO - Processing file /opt/airflow/dags/first_taskflowpyt.py for tasks to queue
[2024-04-08T21:12:57.306+0000] {logging_mixin.py:188} INFO - [2024-04-08T21:12:57.305+0000] {dagbag.py:540} INFO - Filling up the DagBag from /opt/airflow/dags/first_taskflowpyt.py
[2024-04-08T21:12:57.356+0000] {processor.py:840} INFO - DAG(s) 'first_taskflow' retrieved from /opt/airflow/dags/first_taskflowpyt.py
[2024-04-08T21:12:57.396+0000] {logging_mixin.py:188} INFO - [2024-04-08T21:12:57.396+0000] {dag.py:3047} INFO - Sync 1 DAGs
[2024-04-08T21:12:57.449+0000] {logging_mixin.py:188} INFO - [2024-04-08T21:12:57.449+0000] {dag.py:3834} INFO - Setting next_dagrun for first_taskflow to 2024-04-04 00:00:00+00:00, run_after=2024-04-05 00:00:00+00:00
[2024-04-08T21:12:57.489+0000] {processor.py:183} INFO - Processing /opt/airflow/dags/first_taskflowpyt.py took 0.195 seconds
[2024-04-08T21:13:28.055+0000] {processor.py:161} INFO - Started process (PID=396) to work on /opt/airflow/dags/first_taskflowpyt.py
[2024-04-08T21:13:28.057+0000] {processor.py:830} INFO - Processing file /opt/airflow/dags/first_taskflowpyt.py for tasks to queue
[2024-04-08T21:13:28.060+0000] {logging_mixin.py:188} INFO - [2024-04-08T21:13:28.059+0000] {dagbag.py:540} INFO - Filling up the DagBag from /opt/airflow/dags/first_taskflowpyt.py
[2024-04-08T21:13:28.113+0000] {processor.py:840} INFO - DAG(s) 'first_taskflow' retrieved from /opt/airflow/dags/first_taskflowpyt.py
[2024-04-08T21:13:28.218+0000] {logging_mixin.py:188} INFO - [2024-04-08T21:13:28.217+0000] {dag.py:3047} INFO - Sync 1 DAGs
[2024-04-08T21:13:28.279+0000] {logging_mixin.py:188} INFO - [2024-04-08T21:13:28.279+0000] {dag.py:3834} INFO - Setting next_dagrun for first_taskflow to 2024-04-04 00:00:00+00:00, run_after=2024-04-05 00:00:00+00:00
[2024-04-08T21:13:28.318+0000] {processor.py:183} INFO - Processing /opt/airflow/dags/first_taskflowpyt.py took 0.268 seconds
[2024-04-08T21:13:59.186+0000] {processor.py:161} INFO - Started process (PID=410) to work on /opt/airflow/dags/first_taskflowpyt.py
[2024-04-08T21:13:59.189+0000] {processor.py:830} INFO - Processing file /opt/airflow/dags/first_taskflowpyt.py for tasks to queue
[2024-04-08T21:13:59.192+0000] {logging_mixin.py:188} INFO - [2024-04-08T21:13:59.192+0000] {dagbag.py:540} INFO - Filling up the DagBag from /opt/airflow/dags/first_taskflowpyt.py
[2024-04-08T21:13:59.244+0000] {processor.py:840} INFO - DAG(s) 'first_taskflow' retrieved from /opt/airflow/dags/first_taskflowpyt.py
[2024-04-08T21:13:59.288+0000] {logging_mixin.py:188} INFO - [2024-04-08T21:13:59.287+0000] {dag.py:3047} INFO - Sync 1 DAGs
[2024-04-08T21:13:59.329+0000] {logging_mixin.py:188} INFO - [2024-04-08T21:13:59.329+0000] {dag.py:3834} INFO - Setting next_dagrun for first_taskflow to 2024-04-04 00:00:00+00:00, run_after=2024-04-05 00:00:00+00:00
[2024-04-08T21:13:59.373+0000] {processor.py:183} INFO - Processing /opt/airflow/dags/first_taskflowpyt.py took 0.194 seconds
[2024-04-08T21:14:30.257+0000] {processor.py:161} INFO - Started process (PID=424) to work on /opt/airflow/dags/first_taskflowpyt.py
[2024-04-08T21:14:30.259+0000] {processor.py:830} INFO - Processing file /opt/airflow/dags/first_taskflowpyt.py for tasks to queue
[2024-04-08T21:14:30.264+0000] {logging_mixin.py:188} INFO - [2024-04-08T21:14:30.263+0000] {dagbag.py:540} INFO - Filling up the DagBag from /opt/airflow/dags/first_taskflowpyt.py
[2024-04-08T21:14:30.322+0000] {processor.py:840} INFO - DAG(s) 'first_taskflow' retrieved from /opt/airflow/dags/first_taskflowpyt.py
[2024-04-08T21:14:30.385+0000] {logging_mixin.py:188} INFO - [2024-04-08T21:14:30.384+0000] {dag.py:3047} INFO - Sync 1 DAGs
[2024-04-08T21:14:30.442+0000] {logging_mixin.py:188} INFO - [2024-04-08T21:14:30.442+0000] {dag.py:3834} INFO - Setting next_dagrun for first_taskflow to 2024-04-04 00:00:00+00:00, run_after=2024-04-05 00:00:00+00:00
[2024-04-08T21:14:30.492+0000] {processor.py:183} INFO - Processing /opt/airflow/dags/first_taskflowpyt.py took 0.241 seconds
[2024-04-08T21:15:00.918+0000] {processor.py:161} INFO - Started process (PID=438) to work on /opt/airflow/dags/first_taskflowpyt.py
[2024-04-08T21:15:00.919+0000] {processor.py:830} INFO - Processing file /opt/airflow/dags/first_taskflowpyt.py for tasks to queue
[2024-04-08T21:15:00.922+0000] {logging_mixin.py:188} INFO - [2024-04-08T21:15:00.922+0000] {dagbag.py:540} INFO - Filling up the DagBag from /opt/airflow/dags/first_taskflowpyt.py
[2024-04-08T21:15:00.971+0000] {processor.py:840} INFO - DAG(s) 'first_taskflow' retrieved from /opt/airflow/dags/first_taskflowpyt.py
[2024-04-08T21:15:01.018+0000] {logging_mixin.py:188} INFO - [2024-04-08T21:15:01.018+0000] {dag.py:3047} INFO - Sync 1 DAGs
[2024-04-08T21:15:01.062+0000] {logging_mixin.py:188} INFO - [2024-04-08T21:15:01.061+0000] {dag.py:3834} INFO - Setting next_dagrun for first_taskflow to 2024-04-04 00:00:00+00:00, run_after=2024-04-05 00:00:00+00:00
[2024-04-08T21:15:01.106+0000] {processor.py:183} INFO - Processing /opt/airflow/dags/first_taskflowpyt.py took 0.194 seconds
[2024-04-08T21:15:31.715+0000] {processor.py:161} INFO - Started process (PID=452) to work on /opt/airflow/dags/first_taskflowpyt.py
[2024-04-08T21:15:31.717+0000] {processor.py:830} INFO - Processing file /opt/airflow/dags/first_taskflowpyt.py for tasks to queue
[2024-04-08T21:15:31.720+0000] {logging_mixin.py:188} INFO - [2024-04-08T21:15:31.720+0000] {dagbag.py:540} INFO - Filling up the DagBag from /opt/airflow/dags/first_taskflowpyt.py
[2024-04-08T21:15:31.763+0000] {processor.py:840} INFO - DAG(s) 'first_taskflow' retrieved from /opt/airflow/dags/first_taskflowpyt.py
[2024-04-08T21:15:31.805+0000] {logging_mixin.py:188} INFO - [2024-04-08T21:15:31.805+0000] {dag.py:3047} INFO - Sync 1 DAGs
[2024-04-08T21:15:31.851+0000] {logging_mixin.py:188} INFO - [2024-04-08T21:15:31.851+0000] {dag.py:3834} INFO - Setting next_dagrun for first_taskflow to 2024-04-04 00:00:00+00:00, run_after=2024-04-05 00:00:00+00:00
[2024-04-08T21:15:31.896+0000] {processor.py:183} INFO - Processing /opt/airflow/dags/first_taskflowpyt.py took 0.185 seconds
[2024-04-08T21:16:02.644+0000] {processor.py:161} INFO - Started process (PID=466) to work on /opt/airflow/dags/first_taskflowpyt.py
[2024-04-08T21:16:02.646+0000] {processor.py:830} INFO - Processing file /opt/airflow/dags/first_taskflowpyt.py for tasks to queue
[2024-04-08T21:16:02.649+0000] {logging_mixin.py:188} INFO - [2024-04-08T21:16:02.649+0000] {dagbag.py:540} INFO - Filling up the DagBag from /opt/airflow/dags/first_taskflowpyt.py
[2024-04-08T21:16:02.699+0000] {processor.py:840} INFO - DAG(s) 'first_taskflow' retrieved from /opt/airflow/dags/first_taskflowpyt.py
[2024-04-08T21:16:02.747+0000] {logging_mixin.py:188} INFO - [2024-04-08T21:16:02.746+0000] {dag.py:3047} INFO - Sync 1 DAGs
[2024-04-08T21:16:02.792+0000] {logging_mixin.py:188} INFO - [2024-04-08T21:16:02.792+0000] {dag.py:3834} INFO - Setting next_dagrun for first_taskflow to 2024-04-04 00:00:00+00:00, run_after=2024-04-05 00:00:00+00:00
[2024-04-08T21:16:02.839+0000] {processor.py:183} INFO - Processing /opt/airflow/dags/first_taskflowpyt.py took 0.201 seconds
[2024-04-08T21:16:33.293+0000] {processor.py:161} INFO - Started process (PID=480) to work on /opt/airflow/dags/first_taskflowpyt.py
[2024-04-08T21:16:33.295+0000] {processor.py:830} INFO - Processing file /opt/airflow/dags/first_taskflowpyt.py for tasks to queue
[2024-04-08T21:16:33.298+0000] {logging_mixin.py:188} INFO - [2024-04-08T21:16:33.297+0000] {dagbag.py:540} INFO - Filling up the DagBag from /opt/airflow/dags/first_taskflowpyt.py
[2024-04-08T21:16:33.339+0000] {processor.py:840} INFO - DAG(s) 'first_taskflow' retrieved from /opt/airflow/dags/first_taskflowpyt.py
[2024-04-08T21:16:33.387+0000] {logging_mixin.py:188} INFO - [2024-04-08T21:16:33.387+0000] {dag.py:3047} INFO - Sync 1 DAGs
[2024-04-08T21:16:33.429+0000] {logging_mixin.py:188} INFO - [2024-04-08T21:16:33.429+0000] {dag.py:3834} INFO - Setting next_dagrun for first_taskflow to 2024-04-04 00:00:00+00:00, run_after=2024-04-05 00:00:00+00:00
[2024-04-08T21:16:33.467+0000] {processor.py:183} INFO - Processing /opt/airflow/dags/first_taskflowpyt.py took 0.179 seconds
[2024-04-08T21:17:04.003+0000] {processor.py:161} INFO - Started process (PID=494) to work on /opt/airflow/dags/first_taskflowpyt.py
[2024-04-08T21:17:04.005+0000] {processor.py:830} INFO - Processing file /opt/airflow/dags/first_taskflowpyt.py for tasks to queue
[2024-04-08T21:17:04.008+0000] {logging_mixin.py:188} INFO - [2024-04-08T21:17:04.008+0000] {dagbag.py:540} INFO - Filling up the DagBag from /opt/airflow/dags/first_taskflowpyt.py
[2024-04-08T21:17:04.051+0000] {processor.py:840} INFO - DAG(s) 'first_taskflow' retrieved from /opt/airflow/dags/first_taskflowpyt.py
[2024-04-08T21:17:04.095+0000] {logging_mixin.py:188} INFO - [2024-04-08T21:17:04.095+0000] {dag.py:3047} INFO - Sync 1 DAGs
[2024-04-08T21:17:04.145+0000] {logging_mixin.py:188} INFO - [2024-04-08T21:17:04.145+0000] {dag.py:3834} INFO - Setting next_dagrun for first_taskflow to 2024-04-04 00:00:00+00:00, run_after=2024-04-05 00:00:00+00:00
[2024-04-08T21:17:04.190+0000] {processor.py:183} INFO - Processing /opt/airflow/dags/first_taskflowpyt.py took 0.192 seconds
[2024-04-08T21:17:34.837+0000] {processor.py:161} INFO - Started process (PID=508) to work on /opt/airflow/dags/first_taskflowpyt.py
[2024-04-08T21:17:34.839+0000] {processor.py:830} INFO - Processing file /opt/airflow/dags/first_taskflowpyt.py for tasks to queue
[2024-04-08T21:17:34.844+0000] {logging_mixin.py:188} INFO - [2024-04-08T21:17:34.843+0000] {dagbag.py:540} INFO - Filling up the DagBag from /opt/airflow/dags/first_taskflowpyt.py
[2024-04-08T21:17:34.894+0000] {processor.py:840} INFO - DAG(s) 'first_taskflow' retrieved from /opt/airflow/dags/first_taskflowpyt.py
[2024-04-08T21:17:34.935+0000] {logging_mixin.py:188} INFO - [2024-04-08T21:17:34.934+0000] {dag.py:3047} INFO - Sync 1 DAGs
[2024-04-08T21:17:34.991+0000] {logging_mixin.py:188} INFO - [2024-04-08T21:17:34.990+0000] {dag.py:3834} INFO - Setting next_dagrun for first_taskflow to 2024-04-04 00:00:00+00:00, run_after=2024-04-05 00:00:00+00:00
[2024-04-08T21:17:35.035+0000] {processor.py:183} INFO - Processing /opt/airflow/dags/first_taskflowpyt.py took 0.204 seconds
[2024-04-08T21:18:05.907+0000] {processor.py:161} INFO - Started process (PID=522) to work on /opt/airflow/dags/first_taskflowpyt.py
[2024-04-08T21:18:05.909+0000] {processor.py:830} INFO - Processing file /opt/airflow/dags/first_taskflowpyt.py for tasks to queue
[2024-04-08T21:18:05.914+0000] {logging_mixin.py:188} INFO - [2024-04-08T21:18:05.913+0000] {dagbag.py:540} INFO - Filling up the DagBag from /opt/airflow/dags/first_taskflowpyt.py
[2024-04-08T21:18:05.966+0000] {processor.py:840} INFO - DAG(s) 'first_taskflow' retrieved from /opt/airflow/dags/first_taskflowpyt.py
[2024-04-08T21:18:06.016+0000] {logging_mixin.py:188} INFO - [2024-04-08T21:18:06.015+0000] {dag.py:3047} INFO - Sync 1 DAGs
[2024-04-08T21:18:06.077+0000] {logging_mixin.py:188} INFO - [2024-04-08T21:18:06.077+0000] {dag.py:3834} INFO - Setting next_dagrun for first_taskflow to 2024-04-04 00:00:00+00:00, run_after=2024-04-05 00:00:00+00:00
[2024-04-08T21:18:06.139+0000] {processor.py:183} INFO - Processing /opt/airflow/dags/first_taskflowpyt.py took 0.238 seconds
[2024-04-08T21:18:36.552+0000] {processor.py:161} INFO - Started process (PID=536) to work on /opt/airflow/dags/first_taskflowpyt.py
[2024-04-08T21:18:36.554+0000] {processor.py:830} INFO - Processing file /opt/airflow/dags/first_taskflowpyt.py for tasks to queue
[2024-04-08T21:18:36.559+0000] {logging_mixin.py:188} INFO - [2024-04-08T21:18:36.558+0000] {dagbag.py:540} INFO - Filling up the DagBag from /opt/airflow/dags/first_taskflowpyt.py
[2024-04-08T21:18:36.617+0000] {processor.py:840} INFO - DAG(s) 'first_taskflow' retrieved from /opt/airflow/dags/first_taskflowpyt.py
[2024-04-08T21:18:36.663+0000] {logging_mixin.py:188} INFO - [2024-04-08T21:18:36.662+0000] {dag.py:3047} INFO - Sync 1 DAGs
[2024-04-08T21:18:36.710+0000] {logging_mixin.py:188} INFO - [2024-04-08T21:18:36.710+0000] {dag.py:3834} INFO - Setting next_dagrun for first_taskflow to 2024-04-04 00:00:00+00:00, run_after=2024-04-05 00:00:00+00:00
[2024-04-08T21:18:36.745+0000] {processor.py:183} INFO - Processing /opt/airflow/dags/first_taskflowpyt.py took 0.198 seconds
[2024-04-08T21:19:07.273+0000] {processor.py:161} INFO - Started process (PID=550) to work on /opt/airflow/dags/first_taskflowpyt.py
[2024-04-08T21:19:07.275+0000] {processor.py:830} INFO - Processing file /opt/airflow/dags/first_taskflowpyt.py for tasks to queue
[2024-04-08T21:19:07.279+0000] {logging_mixin.py:188} INFO - [2024-04-08T21:19:07.278+0000] {dagbag.py:540} INFO - Filling up the DagBag from /opt/airflow/dags/first_taskflowpyt.py
[2024-04-08T21:19:07.325+0000] {processor.py:840} INFO - DAG(s) 'first_taskflow' retrieved from /opt/airflow/dags/first_taskflowpyt.py
[2024-04-08T21:19:07.372+0000] {logging_mixin.py:188} INFO - [2024-04-08T21:19:07.371+0000] {dag.py:3047} INFO - Sync 1 DAGs
[2024-04-08T21:19:07.415+0000] {logging_mixin.py:188} INFO - [2024-04-08T21:19:07.414+0000] {dag.py:3834} INFO - Setting next_dagrun for first_taskflow to 2024-04-04 00:00:00+00:00, run_after=2024-04-05 00:00:00+00:00
[2024-04-08T21:19:07.454+0000] {processor.py:183} INFO - Processing /opt/airflow/dags/first_taskflowpyt.py took 0.185 seconds
[2024-04-08T21:19:38.064+0000] {processor.py:161} INFO - Started process (PID=564) to work on /opt/airflow/dags/first_taskflowpyt.py
[2024-04-08T21:19:38.066+0000] {processor.py:830} INFO - Processing file /opt/airflow/dags/first_taskflowpyt.py for tasks to queue
[2024-04-08T21:19:38.069+0000] {logging_mixin.py:188} INFO - [2024-04-08T21:19:38.068+0000] {dagbag.py:540} INFO - Filling up the DagBag from /opt/airflow/dags/first_taskflowpyt.py
[2024-04-08T21:19:38.113+0000] {processor.py:840} INFO - DAG(s) 'first_taskflow' retrieved from /opt/airflow/dags/first_taskflowpyt.py
[2024-04-08T21:19:38.155+0000] {logging_mixin.py:188} INFO - [2024-04-08T21:19:38.155+0000] {dag.py:3047} INFO - Sync 1 DAGs
[2024-04-08T21:19:38.201+0000] {logging_mixin.py:188} INFO - [2024-04-08T21:19:38.201+0000] {dag.py:3834} INFO - Setting next_dagrun for first_taskflow to 2024-04-04 00:00:00+00:00, run_after=2024-04-05 00:00:00+00:00
[2024-04-08T21:19:38.245+0000] {processor.py:183} INFO - Processing /opt/airflow/dags/first_taskflowpyt.py took 0.187 seconds
[2024-04-08T21:20:08.777+0000] {processor.py:161} INFO - Started process (PID=578) to work on /opt/airflow/dags/first_taskflowpyt.py
[2024-04-08T21:20:08.779+0000] {processor.py:830} INFO - Processing file /opt/airflow/dags/first_taskflowpyt.py for tasks to queue
[2024-04-08T21:20:08.782+0000] {logging_mixin.py:188} INFO - [2024-04-08T21:20:08.781+0000] {dagbag.py:540} INFO - Filling up the DagBag from /opt/airflow/dags/first_taskflowpyt.py
[2024-04-08T21:20:08.818+0000] {processor.py:840} INFO - DAG(s) 'first_taskflow' retrieved from /opt/airflow/dags/first_taskflowpyt.py
[2024-04-08T21:20:08.857+0000] {logging_mixin.py:188} INFO - [2024-04-08T21:20:08.857+0000] {dag.py:3047} INFO - Sync 1 DAGs
[2024-04-08T21:20:08.917+0000] {logging_mixin.py:188} INFO - [2024-04-08T21:20:08.916+0000] {dag.py:3834} INFO - Setting next_dagrun for first_taskflow to 2024-04-04 00:00:00+00:00, run_after=2024-04-05 00:00:00+00:00
[2024-04-08T21:20:08.960+0000] {processor.py:183} INFO - Processing /opt/airflow/dags/first_taskflowpyt.py took 0.187 seconds
[2024-04-08T21:20:39.593+0000] {processor.py:161} INFO - Started process (PID=592) to work on /opt/airflow/dags/first_taskflowpyt.py
[2024-04-08T21:20:39.595+0000] {processor.py:830} INFO - Processing file /opt/airflow/dags/first_taskflowpyt.py for tasks to queue
[2024-04-08T21:20:39.598+0000] {logging_mixin.py:188} INFO - [2024-04-08T21:20:39.598+0000] {dagbag.py:540} INFO - Filling up the DagBag from /opt/airflow/dags/first_taskflowpyt.py
[2024-04-08T21:20:39.641+0000] {processor.py:840} INFO - DAG(s) 'first_taskflow' retrieved from /opt/airflow/dags/first_taskflowpyt.py
[2024-04-08T21:20:39.682+0000] {logging_mixin.py:188} INFO - [2024-04-08T21:20:39.681+0000] {dag.py:3047} INFO - Sync 1 DAGs
[2024-04-08T21:20:39.723+0000] {logging_mixin.py:188} INFO - [2024-04-08T21:20:39.723+0000] {dag.py:3834} INFO - Setting next_dagrun for first_taskflow to 2024-04-04 00:00:00+00:00, run_after=2024-04-05 00:00:00+00:00
[2024-04-08T21:20:39.761+0000] {processor.py:183} INFO - Processing /opt/airflow/dags/first_taskflowpyt.py took 0.173 seconds
[2024-04-08T21:21:10.335+0000] {processor.py:161} INFO - Started process (PID=606) to work on /opt/airflow/dags/first_taskflowpyt.py
[2024-04-08T21:21:10.336+0000] {processor.py:830} INFO - Processing file /opt/airflow/dags/first_taskflowpyt.py for tasks to queue
[2024-04-08T21:21:10.339+0000] {logging_mixin.py:188} INFO - [2024-04-08T21:21:10.339+0000] {dagbag.py:540} INFO - Filling up the DagBag from /opt/airflow/dags/first_taskflowpyt.py
[2024-04-08T21:21:10.389+0000] {processor.py:840} INFO - DAG(s) 'first_taskflow' retrieved from /opt/airflow/dags/first_taskflowpyt.py
[2024-04-08T21:21:10.440+0000] {logging_mixin.py:188} INFO - [2024-04-08T21:21:10.440+0000] {dag.py:3047} INFO - Sync 1 DAGs
[2024-04-08T21:21:10.485+0000] {logging_mixin.py:188} INFO - [2024-04-08T21:21:10.484+0000] {dag.py:3834} INFO - Setting next_dagrun for first_taskflow to 2024-04-04 00:00:00+00:00, run_after=2024-04-05 00:00:00+00:00
[2024-04-08T21:21:10.522+0000] {processor.py:183} INFO - Processing /opt/airflow/dags/first_taskflowpyt.py took 0.191 seconds
[2024-04-08T21:21:41.167+0000] {processor.py:161} INFO - Started process (PID=620) to work on /opt/airflow/dags/first_taskflowpyt.py
[2024-04-08T21:21:41.170+0000] {processor.py:830} INFO - Processing file /opt/airflow/dags/first_taskflowpyt.py for tasks to queue
[2024-04-08T21:21:41.173+0000] {logging_mixin.py:188} INFO - [2024-04-08T21:21:41.172+0000] {dagbag.py:540} INFO - Filling up the DagBag from /opt/airflow/dags/first_taskflowpyt.py
[2024-04-08T21:21:41.221+0000] {processor.py:840} INFO - DAG(s) 'first_taskflow' retrieved from /opt/airflow/dags/first_taskflowpyt.py
[2024-04-08T21:21:41.269+0000] {logging_mixin.py:188} INFO - [2024-04-08T21:21:41.268+0000] {dag.py:3047} INFO - Sync 1 DAGs
[2024-04-08T21:21:41.317+0000] {logging_mixin.py:188} INFO - [2024-04-08T21:21:41.317+0000] {dag.py:3834} INFO - Setting next_dagrun for first_taskflow to 2024-04-04 00:00:00+00:00, run_after=2024-04-05 00:00:00+00:00
[2024-04-08T21:21:41.365+0000] {processor.py:183} INFO - Processing /opt/airflow/dags/first_taskflowpyt.py took 0.204 seconds
[2024-04-08T21:22:12.211+0000] {processor.py:161} INFO - Started process (PID=634) to work on /opt/airflow/dags/first_taskflowpyt.py
[2024-04-08T21:22:12.213+0000] {processor.py:830} INFO - Processing file /opt/airflow/dags/first_taskflowpyt.py for tasks to queue
[2024-04-08T21:22:12.216+0000] {logging_mixin.py:188} INFO - [2024-04-08T21:22:12.215+0000] {dagbag.py:540} INFO - Filling up the DagBag from /opt/airflow/dags/first_taskflowpyt.py
[2024-04-08T21:22:12.260+0000] {processor.py:840} INFO - DAG(s) 'first_taskflow' retrieved from /opt/airflow/dags/first_taskflowpyt.py
[2024-04-08T21:22:12.303+0000] {logging_mixin.py:188} INFO - [2024-04-08T21:22:12.302+0000] {dag.py:3047} INFO - Sync 1 DAGs
[2024-04-08T21:22:12.344+0000] {logging_mixin.py:188} INFO - [2024-04-08T21:22:12.344+0000] {dag.py:3834} INFO - Setting next_dagrun for first_taskflow to 2024-04-04 00:00:00+00:00, run_after=2024-04-05 00:00:00+00:00
[2024-04-08T21:22:12.390+0000] {processor.py:183} INFO - Processing /opt/airflow/dags/first_taskflowpyt.py took 0.184 seconds
[2024-04-08T21:22:42.981+0000] {processor.py:161} INFO - Started process (PID=648) to work on /opt/airflow/dags/first_taskflowpyt.py
[2024-04-08T21:22:42.984+0000] {processor.py:830} INFO - Processing file /opt/airflow/dags/first_taskflowpyt.py for tasks to queue
[2024-04-08T21:22:42.987+0000] {logging_mixin.py:188} INFO - [2024-04-08T21:22:42.987+0000] {dagbag.py:540} INFO - Filling up the DagBag from /opt/airflow/dags/first_taskflowpyt.py
[2024-04-08T21:22:43.036+0000] {processor.py:840} INFO - DAG(s) 'first_taskflow' retrieved from /opt/airflow/dags/first_taskflowpyt.py
[2024-04-08T21:22:43.090+0000] {logging_mixin.py:188} INFO - [2024-04-08T21:22:43.089+0000] {dag.py:3047} INFO - Sync 1 DAGs
[2024-04-08T21:22:43.133+0000] {logging_mixin.py:188} INFO - [2024-04-08T21:22:43.133+0000] {dag.py:3834} INFO - Setting next_dagrun for first_taskflow to 2024-04-04 00:00:00+00:00, run_after=2024-04-05 00:00:00+00:00
[2024-04-08T21:22:43.167+0000] {processor.py:183} INFO - Processing /opt/airflow/dags/first_taskflowpyt.py took 0.191 seconds
[2024-04-08T21:23:13.589+0000] {processor.py:161} INFO - Started process (PID=662) to work on /opt/airflow/dags/first_taskflowpyt.py
[2024-04-08T21:23:13.591+0000] {processor.py:830} INFO - Processing file /opt/airflow/dags/first_taskflowpyt.py for tasks to queue
[2024-04-08T21:23:13.596+0000] {logging_mixin.py:188} INFO - [2024-04-08T21:23:13.595+0000] {dagbag.py:540} INFO - Filling up the DagBag from /opt/airflow/dags/first_taskflowpyt.py
[2024-04-08T21:23:13.647+0000] {processor.py:840} INFO - DAG(s) 'first_taskflow' retrieved from /opt/airflow/dags/first_taskflowpyt.py
[2024-04-08T21:23:13.686+0000] {logging_mixin.py:188} INFO - [2024-04-08T21:23:13.686+0000] {dag.py:3047} INFO - Sync 1 DAGs
[2024-04-08T21:23:13.736+0000] {logging_mixin.py:188} INFO - [2024-04-08T21:23:13.735+0000] {dag.py:3834} INFO - Setting next_dagrun for first_taskflow to 2024-04-04 00:00:00+00:00, run_after=2024-04-05 00:00:00+00:00
[2024-04-08T21:23:13.782+0000] {processor.py:183} INFO - Processing /opt/airflow/dags/first_taskflowpyt.py took 0.199 seconds
[2024-04-08T21:23:44.392+0000] {processor.py:161} INFO - Started process (PID=676) to work on /opt/airflow/dags/first_taskflowpyt.py
[2024-04-08T21:23:44.394+0000] {processor.py:830} INFO - Processing file /opt/airflow/dags/first_taskflowpyt.py for tasks to queue
[2024-04-08T21:23:44.398+0000] {logging_mixin.py:188} INFO - [2024-04-08T21:23:44.397+0000] {dagbag.py:540} INFO - Filling up the DagBag from /opt/airflow/dags/first_taskflowpyt.py
[2024-04-08T21:23:44.449+0000] {processor.py:840} INFO - DAG(s) 'first_taskflow' retrieved from /opt/airflow/dags/first_taskflowpyt.py
[2024-04-08T21:23:44.490+0000] {logging_mixin.py:188} INFO - [2024-04-08T21:23:44.490+0000] {dag.py:3047} INFO - Sync 1 DAGs
[2024-04-08T21:23:44.533+0000] {logging_mixin.py:188} INFO - [2024-04-08T21:23:44.533+0000] {dag.py:3834} INFO - Setting next_dagrun for first_taskflow to 2024-04-04 00:00:00+00:00, run_after=2024-04-05 00:00:00+00:00
[2024-04-08T21:23:44.577+0000] {processor.py:183} INFO - Processing /opt/airflow/dags/first_taskflowpyt.py took 0.189 seconds
[2024-04-08T21:24:15.297+0000] {processor.py:161} INFO - Started process (PID=690) to work on /opt/airflow/dags/first_taskflowpyt.py
[2024-04-08T21:24:15.299+0000] {processor.py:830} INFO - Processing file /opt/airflow/dags/first_taskflowpyt.py for tasks to queue
[2024-04-08T21:24:15.301+0000] {logging_mixin.py:188} INFO - [2024-04-08T21:24:15.301+0000] {dagbag.py:540} INFO - Filling up the DagBag from /opt/airflow/dags/first_taskflowpyt.py
[2024-04-08T21:24:15.340+0000] {processor.py:840} INFO - DAG(s) 'first_taskflow' retrieved from /opt/airflow/dags/first_taskflowpyt.py
[2024-04-08T21:24:15.384+0000] {logging_mixin.py:188} INFO - [2024-04-08T21:24:15.384+0000] {dag.py:3047} INFO - Sync 1 DAGs
[2024-04-08T21:24:15.432+0000] {logging_mixin.py:188} INFO - [2024-04-08T21:24:15.431+0000] {dag.py:3834} INFO - Setting next_dagrun for first_taskflow to 2024-04-04 00:00:00+00:00, run_after=2024-04-05 00:00:00+00:00
[2024-04-08T21:24:15.472+0000] {processor.py:183} INFO - Processing /opt/airflow/dags/first_taskflowpyt.py took 0.180 seconds
[2024-04-08T21:24:46.050+0000] {processor.py:161} INFO - Started process (PID=704) to work on /opt/airflow/dags/first_taskflowpyt.py
[2024-04-08T21:24:46.052+0000] {processor.py:830} INFO - Processing file /opt/airflow/dags/first_taskflowpyt.py for tasks to queue
[2024-04-08T21:24:46.056+0000] {logging_mixin.py:188} INFO - [2024-04-08T21:24:46.055+0000] {dagbag.py:540} INFO - Filling up the DagBag from /opt/airflow/dags/first_taskflowpyt.py
[2024-04-08T21:24:46.107+0000] {processor.py:840} INFO - DAG(s) 'first_taskflow' retrieved from /opt/airflow/dags/first_taskflowpyt.py
[2024-04-08T21:24:46.153+0000] {logging_mixin.py:188} INFO - [2024-04-08T21:24:46.153+0000] {dag.py:3047} INFO - Sync 1 DAGs
[2024-04-08T21:24:46.194+0000] {logging_mixin.py:188} INFO - [2024-04-08T21:24:46.193+0000] {dag.py:3834} INFO - Setting next_dagrun for first_taskflow to 2024-04-04 00:00:00+00:00, run_after=2024-04-05 00:00:00+00:00
[2024-04-08T21:24:46.229+0000] {processor.py:183} INFO - Processing /opt/airflow/dags/first_taskflowpyt.py took 0.185 seconds
[2024-04-08T21:25:16.892+0000] {processor.py:161} INFO - Started process (PID=718) to work on /opt/airflow/dags/first_taskflowpyt.py
[2024-04-08T21:25:16.896+0000] {processor.py:830} INFO - Processing file /opt/airflow/dags/first_taskflowpyt.py for tasks to queue
[2024-04-08T21:25:16.902+0000] {logging_mixin.py:188} INFO - [2024-04-08T21:25:16.901+0000] {dagbag.py:540} INFO - Filling up the DagBag from /opt/airflow/dags/first_taskflowpyt.py
[2024-04-08T21:25:16.952+0000] {processor.py:840} INFO - DAG(s) 'first_taskflow' retrieved from /opt/airflow/dags/first_taskflowpyt.py
[2024-04-08T21:25:16.996+0000] {logging_mixin.py:188} INFO - [2024-04-08T21:25:16.995+0000] {dag.py:3047} INFO - Sync 1 DAGs
[2024-04-08T21:25:17.043+0000] {logging_mixin.py:188} INFO - [2024-04-08T21:25:17.042+0000] {dag.py:3834} INFO - Setting next_dagrun for first_taskflow to 2024-04-04 00:00:00+00:00, run_after=2024-04-05 00:00:00+00:00
[2024-04-08T21:25:17.085+0000] {processor.py:183} INFO - Processing /opt/airflow/dags/first_taskflowpyt.py took 0.202 seconds
[2024-04-08T21:25:47.635+0000] {processor.py:161} INFO - Started process (PID=732) to work on /opt/airflow/dags/first_taskflowpyt.py
[2024-04-08T21:25:47.637+0000] {processor.py:830} INFO - Processing file /opt/airflow/dags/first_taskflowpyt.py for tasks to queue
[2024-04-08T21:25:47.640+0000] {logging_mixin.py:188} INFO - [2024-04-08T21:25:47.639+0000] {dagbag.py:540} INFO - Filling up the DagBag from /opt/airflow/dags/first_taskflowpyt.py
[2024-04-08T21:25:47.684+0000] {processor.py:840} INFO - DAG(s) 'first_taskflow' retrieved from /opt/airflow/dags/first_taskflowpyt.py
[2024-04-08T21:25:47.730+0000] {logging_mixin.py:188} INFO - [2024-04-08T21:25:47.729+0000] {dag.py:3047} INFO - Sync 1 DAGs
[2024-04-08T21:25:47.775+0000] {logging_mixin.py:188} INFO - [2024-04-08T21:25:47.775+0000] {dag.py:3834} INFO - Setting next_dagrun for first_taskflow to 2024-04-04 00:00:00+00:00, run_after=2024-04-05 00:00:00+00:00
[2024-04-08T21:25:47.819+0000] {processor.py:183} INFO - Processing /opt/airflow/dags/first_taskflowpyt.py took 0.188 seconds
[2024-04-08T21:26:18.399+0000] {processor.py:161} INFO - Started process (PID=746) to work on /opt/airflow/dags/first_taskflowpyt.py
[2024-04-08T21:26:18.402+0000] {processor.py:830} INFO - Processing file /opt/airflow/dags/first_taskflowpyt.py for tasks to queue
[2024-04-08T21:26:18.406+0000] {logging_mixin.py:188} INFO - [2024-04-08T21:26:18.405+0000] {dagbag.py:540} INFO - Filling up the DagBag from /opt/airflow/dags/first_taskflowpyt.py
[2024-04-08T21:26:18.458+0000] {processor.py:840} INFO - DAG(s) 'first_taskflow' retrieved from /opt/airflow/dags/first_taskflowpyt.py
[2024-04-08T21:26:18.508+0000] {logging_mixin.py:188} INFO - [2024-04-08T21:26:18.508+0000] {dag.py:3047} INFO - Sync 1 DAGs
[2024-04-08T21:26:18.559+0000] {logging_mixin.py:188} INFO - [2024-04-08T21:26:18.558+0000] {dag.py:3834} INFO - Setting next_dagrun for first_taskflow to 2024-04-04 00:00:00+00:00, run_after=2024-04-05 00:00:00+00:00
[2024-04-08T21:26:18.603+0000] {processor.py:183} INFO - Processing /opt/airflow/dags/first_taskflowpyt.py took 0.209 seconds
[2024-04-08T21:26:49.081+0000] {processor.py:161} INFO - Started process (PID=760) to work on /opt/airflow/dags/first_taskflowpyt.py
[2024-04-08T21:26:49.083+0000] {processor.py:830} INFO - Processing file /opt/airflow/dags/first_taskflowpyt.py for tasks to queue
[2024-04-08T21:26:49.086+0000] {logging_mixin.py:188} INFO - [2024-04-08T21:26:49.086+0000] {dagbag.py:540} INFO - Filling up the DagBag from /opt/airflow/dags/first_taskflowpyt.py
[2024-04-08T21:26:49.133+0000] {processor.py:840} INFO - DAG(s) 'first_taskflow' retrieved from /opt/airflow/dags/first_taskflowpyt.py
[2024-04-08T21:26:49.177+0000] {logging_mixin.py:188} INFO - [2024-04-08T21:26:49.176+0000] {dag.py:3047} INFO - Sync 1 DAGs
[2024-04-08T21:26:49.219+0000] {logging_mixin.py:188} INFO - [2024-04-08T21:26:49.219+0000] {dag.py:3834} INFO - Setting next_dagrun for first_taskflow to 2024-04-04 00:00:00+00:00, run_after=2024-04-05 00:00:00+00:00
[2024-04-08T21:26:49.259+0000] {processor.py:183} INFO - Processing /opt/airflow/dags/first_taskflowpyt.py took 0.182 seconds
[2024-04-08T21:27:19.893+0000] {processor.py:161} INFO - Started process (PID=774) to work on /opt/airflow/dags/first_taskflowpyt.py
[2024-04-08T21:27:19.895+0000] {processor.py:830} INFO - Processing file /opt/airflow/dags/first_taskflowpyt.py for tasks to queue
[2024-04-08T21:27:19.898+0000] {logging_mixin.py:188} INFO - [2024-04-08T21:27:19.898+0000] {dagbag.py:540} INFO - Filling up the DagBag from /opt/airflow/dags/first_taskflowpyt.py
[2024-04-08T21:27:19.939+0000] {processor.py:840} INFO - DAG(s) 'first_taskflow' retrieved from /opt/airflow/dags/first_taskflowpyt.py
[2024-04-08T21:27:19.987+0000] {logging_mixin.py:188} INFO - [2024-04-08T21:27:19.987+0000] {dag.py:3047} INFO - Sync 1 DAGs
[2024-04-08T21:27:20.029+0000] {logging_mixin.py:188} INFO - [2024-04-08T21:27:20.028+0000] {dag.py:3834} INFO - Setting next_dagrun for first_taskflow to 2024-04-04 00:00:00+00:00, run_after=2024-04-05 00:00:00+00:00
[2024-04-08T21:27:20.074+0000] {processor.py:183} INFO - Processing /opt/airflow/dags/first_taskflowpyt.py took 0.185 seconds
[2024-04-08T21:27:50.690+0000] {processor.py:161} INFO - Started process (PID=788) to work on /opt/airflow/dags/first_taskflowpyt.py
[2024-04-08T21:27:50.692+0000] {processor.py:830} INFO - Processing file /opt/airflow/dags/first_taskflowpyt.py for tasks to queue
[2024-04-08T21:27:50.696+0000] {logging_mixin.py:188} INFO - [2024-04-08T21:27:50.695+0000] {dagbag.py:540} INFO - Filling up the DagBag from /opt/airflow/dags/first_taskflowpyt.py
[2024-04-08T21:27:50.751+0000] {processor.py:840} INFO - DAG(s) 'first_taskflow' retrieved from /opt/airflow/dags/first_taskflowpyt.py
[2024-04-08T21:27:50.801+0000] {logging_mixin.py:188} INFO - [2024-04-08T21:27:50.800+0000] {dag.py:3047} INFO - Sync 1 DAGs
[2024-04-08T21:27:50.849+0000] {logging_mixin.py:188} INFO - [2024-04-08T21:27:50.848+0000] {dag.py:3834} INFO - Setting next_dagrun for first_taskflow to 2024-04-04 00:00:00+00:00, run_after=2024-04-05 00:00:00+00:00
[2024-04-08T21:27:50.896+0000] {processor.py:183} INFO - Processing /opt/airflow/dags/first_taskflowpyt.py took 0.211 seconds
[2024-04-08T21:28:21.494+0000] {processor.py:161} INFO - Started process (PID=802) to work on /opt/airflow/dags/first_taskflowpyt.py
[2024-04-08T21:28:21.496+0000] {processor.py:830} INFO - Processing file /opt/airflow/dags/first_taskflowpyt.py for tasks to queue
[2024-04-08T21:28:21.499+0000] {logging_mixin.py:188} INFO - [2024-04-08T21:28:21.498+0000] {dagbag.py:540} INFO - Filling up the DagBag from /opt/airflow/dags/first_taskflowpyt.py
[2024-04-08T21:28:21.544+0000] {processor.py:840} INFO - DAG(s) 'first_taskflow' retrieved from /opt/airflow/dags/first_taskflowpyt.py
[2024-04-08T21:28:21.597+0000] {logging_mixin.py:188} INFO - [2024-04-08T21:28:21.596+0000] {dag.py:3047} INFO - Sync 1 DAGs
[2024-04-08T21:28:21.643+0000] {logging_mixin.py:188} INFO - [2024-04-08T21:28:21.642+0000] {dag.py:3834} INFO - Setting next_dagrun for first_taskflow to 2024-04-04 00:00:00+00:00, run_after=2024-04-05 00:00:00+00:00
[2024-04-08T21:28:21.696+0000] {processor.py:183} INFO - Processing /opt/airflow/dags/first_taskflowpyt.py took 0.207 seconds
[2024-04-08T21:28:52.317+0000] {processor.py:161} INFO - Started process (PID=817) to work on /opt/airflow/dags/first_taskflowpyt.py
[2024-04-08T21:28:52.319+0000] {processor.py:830} INFO - Processing file /opt/airflow/dags/first_taskflowpyt.py for tasks to queue
[2024-04-08T21:28:52.324+0000] {logging_mixin.py:188} INFO - [2024-04-08T21:28:52.322+0000] {dagbag.py:540} INFO - Filling up the DagBag from /opt/airflow/dags/first_taskflowpyt.py
[2024-04-08T21:28:52.377+0000] {processor.py:840} INFO - DAG(s) 'first_taskflow' retrieved from /opt/airflow/dags/first_taskflowpyt.py
[2024-04-08T21:28:52.425+0000] {logging_mixin.py:188} INFO - [2024-04-08T21:28:52.424+0000] {dag.py:3047} INFO - Sync 1 DAGs
[2024-04-08T21:28:52.468+0000] {logging_mixin.py:188} INFO - [2024-04-08T21:28:52.467+0000] {dag.py:3834} INFO - Setting next_dagrun for first_taskflow to 2024-04-04 00:00:00+00:00, run_after=2024-04-05 00:00:00+00:00
[2024-04-08T21:28:52.512+0000] {processor.py:183} INFO - Processing /opt/airflow/dags/first_taskflowpyt.py took 0.201 seconds
[2024-04-08T21:29:23.134+0000] {processor.py:161} INFO - Started process (PID=831) to work on /opt/airflow/dags/first_taskflowpyt.py
[2024-04-08T21:29:23.136+0000] {processor.py:830} INFO - Processing file /opt/airflow/dags/first_taskflowpyt.py for tasks to queue
[2024-04-08T21:29:23.139+0000] {logging_mixin.py:188} INFO - [2024-04-08T21:29:23.139+0000] {dagbag.py:540} INFO - Filling up the DagBag from /opt/airflow/dags/first_taskflowpyt.py
[2024-04-08T21:29:23.193+0000] {processor.py:840} INFO - DAG(s) 'first_taskflow' retrieved from /opt/airflow/dags/first_taskflowpyt.py
[2024-04-08T21:29:23.245+0000] {logging_mixin.py:188} INFO - [2024-04-08T21:29:23.244+0000] {dag.py:3047} INFO - Sync 1 DAGs
[2024-04-08T21:29:23.301+0000] {logging_mixin.py:188} INFO - [2024-04-08T21:29:23.301+0000] {dag.py:3834} INFO - Setting next_dagrun for first_taskflow to 2024-04-04 00:00:00+00:00, run_after=2024-04-05 00:00:00+00:00
[2024-04-08T21:29:23.344+0000] {processor.py:183} INFO - Processing /opt/airflow/dags/first_taskflowpyt.py took 0.215 seconds
[2024-04-08T21:29:53.963+0000] {processor.py:161} INFO - Started process (PID=845) to work on /opt/airflow/dags/first_taskflowpyt.py
[2024-04-08T21:29:53.965+0000] {processor.py:830} INFO - Processing file /opt/airflow/dags/first_taskflowpyt.py for tasks to queue
[2024-04-08T21:29:53.969+0000] {logging_mixin.py:188} INFO - [2024-04-08T21:29:53.968+0000] {dagbag.py:540} INFO - Filling up the DagBag from /opt/airflow/dags/first_taskflowpyt.py
[2024-04-08T21:29:54.030+0000] {processor.py:840} INFO - DAG(s) 'first_taskflow' retrieved from /opt/airflow/dags/first_taskflowpyt.py
[2024-04-08T21:29:54.140+0000] {logging_mixin.py:188} INFO - [2024-04-08T21:29:54.139+0000] {dag.py:3047} INFO - Sync 1 DAGs
[2024-04-08T21:29:54.205+0000] {logging_mixin.py:188} INFO - [2024-04-08T21:29:54.204+0000] {dag.py:3834} INFO - Setting next_dagrun for first_taskflow to 2024-04-04 00:00:00+00:00, run_after=2024-04-05 00:00:00+00:00
[2024-04-08T21:29:54.244+0000] {processor.py:183} INFO - Processing /opt/airflow/dags/first_taskflowpyt.py took 0.287 seconds
[2024-04-08T21:30:24.514+0000] {processor.py:161} INFO - Started process (PID=865) to work on /opt/airflow/dags/first_taskflowpyt.py
[2024-04-08T21:30:24.516+0000] {processor.py:830} INFO - Processing file /opt/airflow/dags/first_taskflowpyt.py for tasks to queue
[2024-04-08T21:30:24.519+0000] {logging_mixin.py:188} INFO - [2024-04-08T21:30:24.519+0000] {dagbag.py:540} INFO - Filling up the DagBag from /opt/airflow/dags/first_taskflowpyt.py
[2024-04-08T21:30:24.568+0000] {processor.py:840} INFO - DAG(s) 'first_taskflow' retrieved from /opt/airflow/dags/first_taskflowpyt.py
[2024-04-08T21:30:24.609+0000] {logging_mixin.py:188} INFO - [2024-04-08T21:30:24.608+0000] {dag.py:3047} INFO - Sync 1 DAGs
[2024-04-08T21:30:24.650+0000] {logging_mixin.py:188} INFO - [2024-04-08T21:30:24.650+0000] {dag.py:3834} INFO - Setting next_dagrun for first_taskflow to 2024-04-04 00:00:00+00:00, run_after=2024-04-05 00:00:00+00:00
[2024-04-08T21:30:24.697+0000] {processor.py:183} INFO - Processing /opt/airflow/dags/first_taskflowpyt.py took 0.189 seconds
[2024-04-08T21:30:55.041+0000] {processor.py:161} INFO - Started process (PID=879) to work on /opt/airflow/dags/first_taskflowpyt.py
[2024-04-08T21:30:55.042+0000] {processor.py:830} INFO - Processing file /opt/airflow/dags/first_taskflowpyt.py for tasks to queue
[2024-04-08T21:30:55.045+0000] {logging_mixin.py:188} INFO - [2024-04-08T21:30:55.045+0000] {dagbag.py:540} INFO - Filling up the DagBag from /opt/airflow/dags/first_taskflowpyt.py
[2024-04-08T21:30:55.084+0000] {processor.py:840} INFO - DAG(s) 'first_taskflow' retrieved from /opt/airflow/dags/first_taskflowpyt.py
[2024-04-08T21:30:55.124+0000] {logging_mixin.py:188} INFO - [2024-04-08T21:30:55.123+0000] {dag.py:3047} INFO - Sync 1 DAGs
[2024-04-08T21:30:55.167+0000] {logging_mixin.py:188} INFO - [2024-04-08T21:30:55.166+0000] {dag.py:3834} INFO - Setting next_dagrun for first_taskflow to 2024-04-04 00:00:00+00:00, run_after=2024-04-05 00:00:00+00:00
[2024-04-08T21:30:55.206+0000] {processor.py:183} INFO - Processing /opt/airflow/dags/first_taskflowpyt.py took 0.169 seconds
[2024-04-08T21:31:25.856+0000] {processor.py:161} INFO - Started process (PID=893) to work on /opt/airflow/dags/first_taskflowpyt.py
[2024-04-08T21:31:25.858+0000] {processor.py:830} INFO - Processing file /opt/airflow/dags/first_taskflowpyt.py for tasks to queue
[2024-04-08T21:31:25.862+0000] {logging_mixin.py:188} INFO - [2024-04-08T21:31:25.862+0000] {dagbag.py:540} INFO - Filling up the DagBag from /opt/airflow/dags/first_taskflowpyt.py
[2024-04-08T21:31:25.916+0000] {processor.py:840} INFO - DAG(s) 'first_taskflow' retrieved from /opt/airflow/dags/first_taskflowpyt.py
[2024-04-08T21:31:25.962+0000] {logging_mixin.py:188} INFO - [2024-04-08T21:31:25.962+0000] {dag.py:3047} INFO - Sync 1 DAGs
[2024-04-08T21:31:26.014+0000] {logging_mixin.py:188} INFO - [2024-04-08T21:31:26.014+0000] {dag.py:3834} INFO - Setting next_dagrun for first_taskflow to 2024-04-04 00:00:00+00:00, run_after=2024-04-05 00:00:00+00:00
[2024-04-08T21:31:26.056+0000] {processor.py:183} INFO - Processing /opt/airflow/dags/first_taskflowpyt.py took 0.209 seconds
[2024-04-08T21:31:56.751+0000] {processor.py:161} INFO - Started process (PID=908) to work on /opt/airflow/dags/first_taskflowpyt.py
[2024-04-08T21:31:56.753+0000] {processor.py:830} INFO - Processing file /opt/airflow/dags/first_taskflowpyt.py for tasks to queue
[2024-04-08T21:31:56.757+0000] {logging_mixin.py:188} INFO - [2024-04-08T21:31:56.756+0000] {dagbag.py:540} INFO - Filling up the DagBag from /opt/airflow/dags/first_taskflowpyt.py
[2024-04-08T21:31:56.812+0000] {processor.py:840} INFO - DAG(s) 'first_taskflow' retrieved from /opt/airflow/dags/first_taskflowpyt.py
[2024-04-08T21:31:56.866+0000] {logging_mixin.py:188} INFO - [2024-04-08T21:31:56.865+0000] {dag.py:3047} INFO - Sync 1 DAGs
[2024-04-08T21:31:56.914+0000] {logging_mixin.py:188} INFO - [2024-04-08T21:31:56.914+0000] {dag.py:3834} INFO - Setting next_dagrun for first_taskflow to 2024-04-04 00:00:00+00:00, run_after=2024-04-05 00:00:00+00:00
[2024-04-08T21:31:56.956+0000] {processor.py:183} INFO - Processing /opt/airflow/dags/first_taskflowpyt.py took 0.210 seconds
[2024-04-08T21:32:27.646+0000] {processor.py:161} INFO - Started process (PID=922) to work on /opt/airflow/dags/first_taskflowpyt.py
[2024-04-08T21:32:27.648+0000] {processor.py:830} INFO - Processing file /opt/airflow/dags/first_taskflowpyt.py for tasks to queue
[2024-04-08T21:32:27.652+0000] {logging_mixin.py:188} INFO - [2024-04-08T21:32:27.651+0000] {dagbag.py:540} INFO - Filling up the DagBag from /opt/airflow/dags/first_taskflowpyt.py
[2024-04-08T21:32:27.705+0000] {processor.py:840} INFO - DAG(s) 'first_taskflow' retrieved from /opt/airflow/dags/first_taskflowpyt.py
[2024-04-08T21:32:27.752+0000] {logging_mixin.py:188} INFO - [2024-04-08T21:32:27.751+0000] {dag.py:3047} INFO - Sync 1 DAGs
[2024-04-08T21:32:27.796+0000] {logging_mixin.py:188} INFO - [2024-04-08T21:32:27.795+0000] {dag.py:3834} INFO - Setting next_dagrun for first_taskflow to 2024-04-04 00:00:00+00:00, run_after=2024-04-05 00:00:00+00:00
[2024-04-08T21:32:27.837+0000] {processor.py:183} INFO - Processing /opt/airflow/dags/first_taskflowpyt.py took 0.196 seconds
[2024-04-08T21:32:58.177+0000] {processor.py:161} INFO - Started process (PID=936) to work on /opt/airflow/dags/first_taskflowpyt.py
[2024-04-08T21:32:58.179+0000] {processor.py:830} INFO - Processing file /opt/airflow/dags/first_taskflowpyt.py for tasks to queue
[2024-04-08T21:32:58.182+0000] {logging_mixin.py:188} INFO - [2024-04-08T21:32:58.182+0000] {dagbag.py:540} INFO - Filling up the DagBag from /opt/airflow/dags/first_taskflowpyt.py
[2024-04-08T21:32:58.234+0000] {processor.py:840} INFO - DAG(s) 'first_taskflow' retrieved from /opt/airflow/dags/first_taskflowpyt.py
[2024-04-08T21:32:58.285+0000] {logging_mixin.py:188} INFO - [2024-04-08T21:32:58.284+0000] {dag.py:3047} INFO - Sync 1 DAGs
[2024-04-08T21:32:58.337+0000] {logging_mixin.py:188} INFO - [2024-04-08T21:32:58.336+0000] {dag.py:3834} INFO - Setting next_dagrun for first_taskflow to 2024-04-04 00:00:00+00:00, run_after=2024-04-05 00:00:00+00:00
[2024-04-08T21:32:58.385+0000] {processor.py:183} INFO - Processing /opt/airflow/dags/first_taskflowpyt.py took 0.214 seconds
[2024-04-08T21:33:29.068+0000] {processor.py:161} INFO - Started process (PID=950) to work on /opt/airflow/dags/first_taskflowpyt.py
[2024-04-08T21:33:29.070+0000] {processor.py:830} INFO - Processing file /opt/airflow/dags/first_taskflowpyt.py for tasks to queue
[2024-04-08T21:33:29.074+0000] {logging_mixin.py:188} INFO - [2024-04-08T21:33:29.073+0000] {dagbag.py:540} INFO - Filling up the DagBag from /opt/airflow/dags/first_taskflowpyt.py
[2024-04-08T21:33:29.127+0000] {processor.py:840} INFO - DAG(s) 'first_taskflow' retrieved from /opt/airflow/dags/first_taskflowpyt.py
[2024-04-08T21:33:29.170+0000] {logging_mixin.py:188} INFO - [2024-04-08T21:33:29.169+0000] {dag.py:3047} INFO - Sync 1 DAGs
[2024-04-08T21:33:29.223+0000] {logging_mixin.py:188} INFO - [2024-04-08T21:33:29.222+0000] {dag.py:3834} INFO - Setting next_dagrun for first_taskflow to 2024-04-04 00:00:00+00:00, run_after=2024-04-05 00:00:00+00:00
[2024-04-08T21:33:29.271+0000] {processor.py:183} INFO - Processing /opt/airflow/dags/first_taskflowpyt.py took 0.210 seconds
[2024-04-08T21:33:59.951+0000] {processor.py:161} INFO - Started process (PID=964) to work on /opt/airflow/dags/first_taskflowpyt.py
[2024-04-08T21:33:59.953+0000] {processor.py:830} INFO - Processing file /opt/airflow/dags/first_taskflowpyt.py for tasks to queue
[2024-04-08T21:33:59.957+0000] {logging_mixin.py:188} INFO - [2024-04-08T21:33:59.957+0000] {dagbag.py:540} INFO - Filling up the DagBag from /opt/airflow/dags/first_taskflowpyt.py
[2024-04-08T21:34:00.005+0000] {processor.py:840} INFO - DAG(s) 'first_taskflow' retrieved from /opt/airflow/dags/first_taskflowpyt.py
[2024-04-08T21:34:00.067+0000] {logging_mixin.py:188} INFO - [2024-04-08T21:34:00.066+0000] {dag.py:3047} INFO - Sync 1 DAGs
[2024-04-08T21:34:00.150+0000] {logging_mixin.py:188} INFO - [2024-04-08T21:34:00.150+0000] {dag.py:3834} INFO - Setting next_dagrun for first_taskflow to 2024-04-04 00:00:00+00:00, run_after=2024-04-05 00:00:00+00:00
[2024-04-08T21:34:00.188+0000] {processor.py:183} INFO - Processing /opt/airflow/dags/first_taskflowpyt.py took 0.243 seconds
[2024-04-08T21:34:30.720+0000] {processor.py:161} INFO - Started process (PID=978) to work on /opt/airflow/dags/first_taskflowpyt.py
[2024-04-08T21:34:30.722+0000] {processor.py:830} INFO - Processing file /opt/airflow/dags/first_taskflowpyt.py for tasks to queue
[2024-04-08T21:34:30.725+0000] {logging_mixin.py:188} INFO - [2024-04-08T21:34:30.724+0000] {dagbag.py:540} INFO - Filling up the DagBag from /opt/airflow/dags/first_taskflowpyt.py
[2024-04-08T21:34:30.773+0000] {processor.py:840} INFO - DAG(s) 'first_taskflow' retrieved from /opt/airflow/dags/first_taskflowpyt.py
[2024-04-08T21:34:30.816+0000] {logging_mixin.py:188} INFO - [2024-04-08T21:34:30.815+0000] {dag.py:3047} INFO - Sync 1 DAGs
[2024-04-08T21:34:30.855+0000] {logging_mixin.py:188} INFO - [2024-04-08T21:34:30.855+0000] {dag.py:3834} INFO - Setting next_dagrun for first_taskflow to 2024-04-04 00:00:00+00:00, run_after=2024-04-05 00:00:00+00:00
[2024-04-08T21:34:30.892+0000] {processor.py:183} INFO - Processing /opt/airflow/dags/first_taskflowpyt.py took 0.179 seconds
[2024-04-08T21:35:01.276+0000] {processor.py:161} INFO - Started process (PID=992) to work on /opt/airflow/dags/first_taskflowpyt.py
[2024-04-08T21:35:01.278+0000] {processor.py:830} INFO - Processing file /opt/airflow/dags/first_taskflowpyt.py for tasks to queue
[2024-04-08T21:35:01.282+0000] {logging_mixin.py:188} INFO - [2024-04-08T21:35:01.282+0000] {dagbag.py:540} INFO - Filling up the DagBag from /opt/airflow/dags/first_taskflowpyt.py
[2024-04-08T21:35:01.329+0000] {processor.py:840} INFO - DAG(s) 'first_taskflow' retrieved from /opt/airflow/dags/first_taskflowpyt.py
[2024-04-08T21:35:01.378+0000] {logging_mixin.py:188} INFO - [2024-04-08T21:35:01.377+0000] {dag.py:3047} INFO - Sync 1 DAGs
[2024-04-08T21:35:01.432+0000] {logging_mixin.py:188} INFO - [2024-04-08T21:35:01.432+0000] {dag.py:3834} INFO - Setting next_dagrun for first_taskflow to 2024-04-04 00:00:00+00:00, run_after=2024-04-05 00:00:00+00:00
[2024-04-08T21:35:01.494+0000] {processor.py:183} INFO - Processing /opt/airflow/dags/first_taskflowpyt.py took 0.223 seconds
[2024-04-08T21:35:31.969+0000] {processor.py:161} INFO - Started process (PID=1006) to work on /opt/airflow/dags/first_taskflowpyt.py
[2024-04-08T21:35:31.971+0000] {processor.py:830} INFO - Processing file /opt/airflow/dags/first_taskflowpyt.py for tasks to queue
[2024-04-08T21:35:31.974+0000] {logging_mixin.py:188} INFO - [2024-04-08T21:35:31.973+0000] {dagbag.py:540} INFO - Filling up the DagBag from /opt/airflow/dags/first_taskflowpyt.py
[2024-04-08T21:35:32.022+0000] {processor.py:840} INFO - DAG(s) 'first_taskflow' retrieved from /opt/airflow/dags/first_taskflowpyt.py
[2024-04-08T21:35:32.066+0000] {logging_mixin.py:188} INFO - [2024-04-08T21:35:32.066+0000] {dag.py:3047} INFO - Sync 1 DAGs
[2024-04-08T21:35:32.112+0000] {logging_mixin.py:188} INFO - [2024-04-08T21:35:32.111+0000] {dag.py:3834} INFO - Setting next_dagrun for first_taskflow to 2024-04-04 00:00:00+00:00, run_after=2024-04-05 00:00:00+00:00
[2024-04-08T21:35:32.153+0000] {processor.py:183} INFO - Processing /opt/airflow/dags/first_taskflowpyt.py took 0.189 seconds
[2024-04-08T21:36:02.787+0000] {processor.py:161} INFO - Started process (PID=1020) to work on /opt/airflow/dags/first_taskflowpyt.py
[2024-04-08T21:36:02.789+0000] {processor.py:830} INFO - Processing file /opt/airflow/dags/first_taskflowpyt.py for tasks to queue
[2024-04-08T21:36:02.792+0000] {logging_mixin.py:188} INFO - [2024-04-08T21:36:02.792+0000] {dagbag.py:540} INFO - Filling up the DagBag from /opt/airflow/dags/first_taskflowpyt.py
[2024-04-08T21:36:02.843+0000] {processor.py:840} INFO - DAG(s) 'first_taskflow' retrieved from /opt/airflow/dags/first_taskflowpyt.py
[2024-04-08T21:36:02.887+0000] {logging_mixin.py:188} INFO - [2024-04-08T21:36:02.887+0000] {dag.py:3047} INFO - Sync 1 DAGs
[2024-04-08T21:36:02.939+0000] {logging_mixin.py:188} INFO - [2024-04-08T21:36:02.938+0000] {dag.py:3834} INFO - Setting next_dagrun for first_taskflow to 2024-04-04 00:00:00+00:00, run_after=2024-04-05 00:00:00+00:00
[2024-04-08T21:36:02.992+0000] {processor.py:183} INFO - Processing /opt/airflow/dags/first_taskflowpyt.py took 0.210 seconds
[2024-04-08T21:36:33.354+0000] {processor.py:161} INFO - Started process (PID=1035) to work on /opt/airflow/dags/first_taskflowpyt.py
[2024-04-08T21:36:33.356+0000] {processor.py:830} INFO - Processing file /opt/airflow/dags/first_taskflowpyt.py for tasks to queue
[2024-04-08T21:36:33.360+0000] {logging_mixin.py:188} INFO - [2024-04-08T21:36:33.359+0000] {dagbag.py:540} INFO - Filling up the DagBag from /opt/airflow/dags/first_taskflowpyt.py
[2024-04-08T21:36:33.419+0000] {processor.py:840} INFO - DAG(s) 'first_taskflow' retrieved from /opt/airflow/dags/first_taskflowpyt.py
[2024-04-08T21:36:33.469+0000] {logging_mixin.py:188} INFO - [2024-04-08T21:36:33.468+0000] {dag.py:3047} INFO - Sync 1 DAGs
[2024-04-08T21:36:33.519+0000] {logging_mixin.py:188} INFO - [2024-04-08T21:36:33.518+0000] {dag.py:3834} INFO - Setting next_dagrun for first_taskflow to 2024-04-04 00:00:00+00:00, run_after=2024-04-05 00:00:00+00:00
[2024-04-08T21:36:33.556+0000] {processor.py:183} INFO - Processing /opt/airflow/dags/first_taskflowpyt.py took 0.207 seconds
[2024-04-08T21:37:04.184+0000] {processor.py:161} INFO - Started process (PID=1049) to work on /opt/airflow/dags/first_taskflowpyt.py
[2024-04-08T21:37:04.186+0000] {processor.py:830} INFO - Processing file /opt/airflow/dags/first_taskflowpyt.py for tasks to queue
[2024-04-08T21:37:04.190+0000] {logging_mixin.py:188} INFO - [2024-04-08T21:37:04.189+0000] {dagbag.py:540} INFO - Filling up the DagBag from /opt/airflow/dags/first_taskflowpyt.py
[2024-04-08T21:37:04.246+0000] {processor.py:840} INFO - DAG(s) 'first_taskflow' retrieved from /opt/airflow/dags/first_taskflowpyt.py
[2024-04-08T21:37:04.291+0000] {logging_mixin.py:188} INFO - [2024-04-08T21:37:04.291+0000] {dag.py:3047} INFO - Sync 1 DAGs
[2024-04-08T21:37:04.336+0000] {logging_mixin.py:188} INFO - [2024-04-08T21:37:04.335+0000] {dag.py:3834} INFO - Setting next_dagrun for first_taskflow to 2024-04-04 00:00:00+00:00, run_after=2024-04-05 00:00:00+00:00
[2024-04-08T21:37:04.382+0000] {processor.py:183} INFO - Processing /opt/airflow/dags/first_taskflowpyt.py took 0.203 seconds
[2024-04-08T21:37:35.225+0000] {processor.py:161} INFO - Started process (PID=1063) to work on /opt/airflow/dags/first_taskflowpyt.py
[2024-04-08T21:37:35.227+0000] {processor.py:830} INFO - Processing file /opt/airflow/dags/first_taskflowpyt.py for tasks to queue
[2024-04-08T21:37:35.230+0000] {logging_mixin.py:188} INFO - [2024-04-08T21:37:35.230+0000] {dagbag.py:540} INFO - Filling up the DagBag from /opt/airflow/dags/first_taskflowpyt.py
[2024-04-08T21:37:35.276+0000] {processor.py:840} INFO - DAG(s) 'first_taskflow' retrieved from /opt/airflow/dags/first_taskflowpyt.py
[2024-04-08T21:37:35.324+0000] {logging_mixin.py:188} INFO - [2024-04-08T21:37:35.323+0000] {dag.py:3047} INFO - Sync 1 DAGs
[2024-04-08T21:37:35.369+0000] {logging_mixin.py:188} INFO - [2024-04-08T21:37:35.368+0000] {dag.py:3834} INFO - Setting next_dagrun for first_taskflow to 2024-04-04 00:00:00+00:00, run_after=2024-04-05 00:00:00+00:00
[2024-04-08T21:37:35.417+0000] {processor.py:183} INFO - Processing /opt/airflow/dags/first_taskflowpyt.py took 0.198 seconds
[2024-04-08T21:38:05.993+0000] {processor.py:161} INFO - Started process (PID=1078) to work on /opt/airflow/dags/first_taskflowpyt.py
[2024-04-08T21:38:05.995+0000] {processor.py:830} INFO - Processing file /opt/airflow/dags/first_taskflowpyt.py for tasks to queue
[2024-04-08T21:38:05.998+0000] {logging_mixin.py:188} INFO - [2024-04-08T21:38:05.998+0000] {dagbag.py:540} INFO - Filling up the DagBag from /opt/airflow/dags/first_taskflowpyt.py
[2024-04-08T21:38:06.045+0000] {processor.py:840} INFO - DAG(s) 'first_taskflow' retrieved from /opt/airflow/dags/first_taskflowpyt.py
[2024-04-08T21:38:06.091+0000] {logging_mixin.py:188} INFO - [2024-04-08T21:38:06.090+0000] {dag.py:3047} INFO - Sync 1 DAGs
[2024-04-08T21:38:06.133+0000] {logging_mixin.py:188} INFO - [2024-04-08T21:38:06.133+0000] {dag.py:3834} INFO - Setting next_dagrun for first_taskflow to 2024-04-04 00:00:00+00:00, run_after=2024-04-05 00:00:00+00:00
[2024-04-08T21:38:06.181+0000] {processor.py:183} INFO - Processing /opt/airflow/dags/first_taskflowpyt.py took 0.193 seconds
[2024-04-08T21:38:36.770+0000] {processor.py:161} INFO - Started process (PID=1092) to work on /opt/airflow/dags/first_taskflowpyt.py
[2024-04-08T21:38:36.771+0000] {processor.py:830} INFO - Processing file /opt/airflow/dags/first_taskflowpyt.py for tasks to queue
[2024-04-08T21:38:36.775+0000] {logging_mixin.py:188} INFO - [2024-04-08T21:38:36.774+0000] {dagbag.py:540} INFO - Filling up the DagBag from /opt/airflow/dags/first_taskflowpyt.py
[2024-04-08T21:38:36.830+0000] {processor.py:840} INFO - DAG(s) 'first_taskflow' retrieved from /opt/airflow/dags/first_taskflowpyt.py
[2024-04-08T21:38:36.886+0000] {logging_mixin.py:188} INFO - [2024-04-08T21:38:36.885+0000] {dag.py:3047} INFO - Sync 1 DAGs
[2024-04-08T21:38:36.943+0000] {logging_mixin.py:188} INFO - [2024-04-08T21:38:36.942+0000] {dag.py:3834} INFO - Setting next_dagrun for first_taskflow to 2024-04-04 00:00:00+00:00, run_after=2024-04-05 00:00:00+00:00
[2024-04-08T21:38:36.994+0000] {processor.py:183} INFO - Processing /opt/airflow/dags/first_taskflowpyt.py took 0.229 seconds
[2024-04-08T21:39:07.235+0000] {processor.py:161} INFO - Started process (PID=1107) to work on /opt/airflow/dags/first_taskflowpyt.py
[2024-04-08T21:39:07.237+0000] {processor.py:830} INFO - Processing file /opt/airflow/dags/first_taskflowpyt.py for tasks to queue
[2024-04-08T21:39:07.240+0000] {logging_mixin.py:188} INFO - [2024-04-08T21:39:07.240+0000] {dagbag.py:540} INFO - Filling up the DagBag from /opt/airflow/dags/first_taskflowpyt.py
[2024-04-08T21:39:07.282+0000] {processor.py:840} INFO - DAG(s) 'first_taskflow' retrieved from /opt/airflow/dags/first_taskflowpyt.py
[2024-04-08T21:39:07.321+0000] {logging_mixin.py:188} INFO - [2024-04-08T21:39:07.321+0000] {dag.py:3047} INFO - Sync 1 DAGs
[2024-04-08T21:39:07.362+0000] {logging_mixin.py:188} INFO - [2024-04-08T21:39:07.361+0000] {dag.py:3834} INFO - Setting next_dagrun for first_taskflow to 2024-04-04 00:00:00+00:00, run_after=2024-04-05 00:00:00+00:00
[2024-04-08T21:39:07.403+0000] {processor.py:183} INFO - Processing /opt/airflow/dags/first_taskflowpyt.py took 0.174 seconds
[2024-04-08T21:39:38.022+0000] {processor.py:161} INFO - Started process (PID=1121) to work on /opt/airflow/dags/first_taskflowpyt.py
[2024-04-08T21:39:38.024+0000] {processor.py:830} INFO - Processing file /opt/airflow/dags/first_taskflowpyt.py for tasks to queue
[2024-04-08T21:39:38.028+0000] {logging_mixin.py:188} INFO - [2024-04-08T21:39:38.027+0000] {dagbag.py:540} INFO - Filling up the DagBag from /opt/airflow/dags/first_taskflowpyt.py
[2024-04-08T21:39:38.073+0000] {processor.py:840} INFO - DAG(s) 'first_taskflow' retrieved from /opt/airflow/dags/first_taskflowpyt.py
[2024-04-08T21:39:38.117+0000] {logging_mixin.py:188} INFO - [2024-04-08T21:39:38.117+0000] {dag.py:3047} INFO - Sync 1 DAGs
[2024-04-08T21:39:38.167+0000] {logging_mixin.py:188} INFO - [2024-04-08T21:39:38.167+0000] {dag.py:3834} INFO - Setting next_dagrun for first_taskflow to 2024-04-04 00:00:00+00:00, run_after=2024-04-05 00:00:00+00:00
[2024-04-08T21:39:38.232+0000] {processor.py:183} INFO - Processing /opt/airflow/dags/first_taskflowpyt.py took 0.215 seconds
[2024-04-08T21:40:08.540+0000] {processor.py:161} INFO - Started process (PID=1135) to work on /opt/airflow/dags/first_taskflowpyt.py
[2024-04-08T21:40:08.542+0000] {processor.py:830} INFO - Processing file /opt/airflow/dags/first_taskflowpyt.py for tasks to queue
[2024-04-08T21:40:08.545+0000] {logging_mixin.py:188} INFO - [2024-04-08T21:40:08.545+0000] {dagbag.py:540} INFO - Filling up the DagBag from /opt/airflow/dags/first_taskflowpyt.py
[2024-04-08T21:40:08.592+0000] {processor.py:840} INFO - DAG(s) 'first_taskflow' retrieved from /opt/airflow/dags/first_taskflowpyt.py
[2024-04-08T21:40:08.635+0000] {logging_mixin.py:188} INFO - [2024-04-08T21:40:08.634+0000] {dag.py:3047} INFO - Sync 1 DAGs
[2024-04-08T21:40:08.677+0000] {logging_mixin.py:188} INFO - [2024-04-08T21:40:08.676+0000] {dag.py:3834} INFO - Setting next_dagrun for first_taskflow to 2024-04-04 00:00:00+00:00, run_after=2024-04-05 00:00:00+00:00
[2024-04-08T21:40:08.721+0000] {processor.py:183} INFO - Processing /opt/airflow/dags/first_taskflowpyt.py took 0.185 seconds
[2024-04-08T21:40:39.168+0000] {processor.py:161} INFO - Started process (PID=1150) to work on /opt/airflow/dags/first_taskflowpyt.py
[2024-04-08T21:40:39.170+0000] {processor.py:830} INFO - Processing file /opt/airflow/dags/first_taskflowpyt.py for tasks to queue
[2024-04-08T21:40:39.175+0000] {logging_mixin.py:188} INFO - [2024-04-08T21:40:39.174+0000] {dagbag.py:540} INFO - Filling up the DagBag from /opt/airflow/dags/first_taskflowpyt.py
[2024-04-08T21:40:39.222+0000] {processor.py:840} INFO - DAG(s) 'first_taskflow' retrieved from /opt/airflow/dags/first_taskflowpyt.py
[2024-04-08T21:40:39.286+0000] {logging_mixin.py:188} INFO - [2024-04-08T21:40:39.285+0000] {dag.py:3047} INFO - Sync 1 DAGs
[2024-04-08T21:40:39.340+0000] {logging_mixin.py:188} INFO - [2024-04-08T21:40:39.340+0000] {dag.py:3834} INFO - Setting next_dagrun for first_taskflow to 2024-04-04 00:00:00+00:00, run_after=2024-04-05 00:00:00+00:00
[2024-04-08T21:40:39.382+0000] {processor.py:183} INFO - Processing /opt/airflow/dags/first_taskflowpyt.py took 0.220 seconds
[2024-04-08T21:41:09.709+0000] {processor.py:161} INFO - Started process (PID=1165) to work on /opt/airflow/dags/first_taskflowpyt.py
[2024-04-08T21:41:09.711+0000] {processor.py:830} INFO - Processing file /opt/airflow/dags/first_taskflowpyt.py for tasks to queue
[2024-04-08T21:41:09.715+0000] {logging_mixin.py:188} INFO - [2024-04-08T21:41:09.714+0000] {dagbag.py:540} INFO - Filling up the DagBag from /opt/airflow/dags/first_taskflowpyt.py
[2024-04-08T21:41:09.768+0000] {processor.py:840} INFO - DAG(s) 'first_taskflow' retrieved from /opt/airflow/dags/first_taskflowpyt.py
[2024-04-08T21:41:09.815+0000] {logging_mixin.py:188} INFO - [2024-04-08T21:41:09.814+0000] {dag.py:3047} INFO - Sync 1 DAGs
[2024-04-08T21:41:09.858+0000] {logging_mixin.py:188} INFO - [2024-04-08T21:41:09.857+0000] {dag.py:3834} INFO - Setting next_dagrun for first_taskflow to 2024-04-04 00:00:00+00:00, run_after=2024-04-05 00:00:00+00:00
[2024-04-08T21:41:09.909+0000] {processor.py:183} INFO - Processing /opt/airflow/dags/first_taskflowpyt.py took 0.205 seconds
[2024-04-08T21:41:40.547+0000] {processor.py:161} INFO - Started process (PID=1179) to work on /opt/airflow/dags/first_taskflowpyt.py
[2024-04-08T21:41:40.549+0000] {processor.py:830} INFO - Processing file /opt/airflow/dags/first_taskflowpyt.py for tasks to queue
[2024-04-08T21:41:40.552+0000] {logging_mixin.py:188} INFO - [2024-04-08T21:41:40.552+0000] {dagbag.py:540} INFO - Filling up the DagBag from /opt/airflow/dags/first_taskflowpyt.py
[2024-04-08T21:41:40.594+0000] {processor.py:840} INFO - DAG(s) 'first_taskflow' retrieved from /opt/airflow/dags/first_taskflowpyt.py
[2024-04-08T21:41:40.644+0000] {logging_mixin.py:188} INFO - [2024-04-08T21:41:40.643+0000] {dag.py:3047} INFO - Sync 1 DAGs
[2024-04-08T21:41:40.690+0000] {logging_mixin.py:188} INFO - [2024-04-08T21:41:40.689+0000] {dag.py:3834} INFO - Setting next_dagrun for first_taskflow to 2024-04-04 00:00:00+00:00, run_after=2024-04-05 00:00:00+00:00
[2024-04-08T21:41:40.727+0000] {processor.py:183} INFO - Processing /opt/airflow/dags/first_taskflowpyt.py took 0.185 seconds
[2024-04-08T21:42:11.529+0000] {processor.py:161} INFO - Started process (PID=1193) to work on /opt/airflow/dags/first_taskflowpyt.py
[2024-04-08T21:42:11.532+0000] {processor.py:830} INFO - Processing file /opt/airflow/dags/first_taskflowpyt.py for tasks to queue
[2024-04-08T21:42:11.542+0000] {logging_mixin.py:188} INFO - [2024-04-08T21:42:11.541+0000] {dagbag.py:540} INFO - Filling up the DagBag from /opt/airflow/dags/first_taskflowpyt.py
[2024-04-08T21:42:11.596+0000] {processor.py:840} INFO - DAG(s) 'first_taskflow' retrieved from /opt/airflow/dags/first_taskflowpyt.py
[2024-04-08T21:42:11.669+0000] {logging_mixin.py:188} INFO - [2024-04-08T21:42:11.668+0000] {dag.py:3047} INFO - Sync 1 DAGs
[2024-04-08T21:42:11.729+0000] {logging_mixin.py:188} INFO - [2024-04-08T21:42:11.728+0000] {dag.py:3834} INFO - Setting next_dagrun for first_taskflow to 2024-04-04 00:00:00+00:00, run_after=2024-04-05 00:00:00+00:00
[2024-04-08T21:42:11.792+0000] {processor.py:183} INFO - Processing /opt/airflow/dags/first_taskflowpyt.py took 0.274 seconds
