[2024-04-08T21:02:12.854+0000] {processor.py:161} INFO - Started process (PID=49) to work on /opt/airflow/dags/first_day.py
[2024-04-08T21:02:12.856+0000] {processor.py:830} INFO - Processing file /opt/airflow/dags/first_day.py for tasks to queue
[2024-04-08T21:02:12.859+0000] {logging_mixin.py:188} INFO - [2024-04-08T21:02:12.858+0000] {dagbag.py:540} INFO - Filling up the DagBag from /opt/airflow/dags/first_day.py
[2024-04-08T21:02:12.907+0000] {processor.py:840} INFO - DAG(s) 'first_dag_bitwise3' retrieved from /opt/airflow/dags/first_day.py
[2024-04-08T21:02:13.049+0000] {logging_mixin.py:188} INFO - [2024-04-08T21:02:13.048+0000] {dag.py:3047} INFO - Sync 1 DAGs
[2024-04-08T21:02:13.198+0000] {logging_mixin.py:188} INFO - [2024-04-08T21:02:13.197+0000] {dag.py:3834} INFO - Setting next_dagrun for first_dag_bitwise3 to 2024-04-02 00:00:00+00:00, run_after=2024-04-03 00:00:00+00:00
[2024-04-08T21:02:13.302+0000] {processor.py:183} INFO - Processing /opt/airflow/dags/first_day.py took 0.454 seconds
[2024-04-08T21:02:43.506+0000] {processor.py:161} INFO - Started process (PID=63) to work on /opt/airflow/dags/first_day.py
[2024-04-08T21:02:43.508+0000] {processor.py:830} INFO - Processing file /opt/airflow/dags/first_day.py for tasks to queue
[2024-04-08T21:02:43.512+0000] {logging_mixin.py:188} INFO - [2024-04-08T21:02:43.511+0000] {dagbag.py:540} INFO - Filling up the DagBag from /opt/airflow/dags/first_day.py
[2024-04-08T21:02:43.560+0000] {processor.py:840} INFO - DAG(s) 'first_dag_bitwise3' retrieved from /opt/airflow/dags/first_day.py
[2024-04-08T21:02:43.622+0000] {logging_mixin.py:188} INFO - [2024-04-08T21:02:43.621+0000] {dag.py:3047} INFO - Sync 1 DAGs
[2024-04-08T21:02:43.674+0000] {logging_mixin.py:188} INFO - [2024-04-08T21:02:43.673+0000] {dag.py:3834} INFO - Setting next_dagrun for first_dag_bitwise3 to 2024-04-02 00:00:00+00:00, run_after=2024-04-03 00:00:00+00:00
[2024-04-08T21:02:43.713+0000] {processor.py:183} INFO - Processing /opt/airflow/dags/first_day.py took 0.213 seconds
[2024-04-08T21:03:14.855+0000] {processor.py:161} INFO - Started process (PID=83) to work on /opt/airflow/dags/first_day.py
[2024-04-08T21:03:14.857+0000] {processor.py:830} INFO - Processing file /opt/airflow/dags/first_day.py for tasks to queue
[2024-04-08T21:03:14.860+0000] {logging_mixin.py:188} INFO - [2024-04-08T21:03:14.859+0000] {dagbag.py:540} INFO - Filling up the DagBag from /opt/airflow/dags/first_day.py
[2024-04-08T21:03:14.904+0000] {processor.py:840} INFO - DAG(s) 'first_dag_bitwise3' retrieved from /opt/airflow/dags/first_day.py
[2024-04-08T21:03:14.946+0000] {logging_mixin.py:188} INFO - [2024-04-08T21:03:14.946+0000] {dag.py:3047} INFO - Sync 1 DAGs
[2024-04-08T21:03:15.013+0000] {logging_mixin.py:188} INFO - [2024-04-08T21:03:15.012+0000] {dag.py:3834} INFO - Setting next_dagrun for first_dag_bitwise3 to 2024-04-02 00:00:00+00:00, run_after=2024-04-03 00:00:00+00:00
[2024-04-08T21:03:15.049+0000] {processor.py:183} INFO - Processing /opt/airflow/dags/first_day.py took 0.199 seconds
[2024-04-08T21:03:46.297+0000] {processor.py:161} INFO - Started process (PID=97) to work on /opt/airflow/dags/first_day.py
[2024-04-08T21:03:46.299+0000] {processor.py:830} INFO - Processing file /opt/airflow/dags/first_day.py for tasks to queue
[2024-04-08T21:03:46.302+0000] {logging_mixin.py:188} INFO - [2024-04-08T21:03:46.301+0000] {dagbag.py:540} INFO - Filling up the DagBag from /opt/airflow/dags/first_day.py
[2024-04-08T21:03:46.352+0000] {processor.py:840} INFO - DAG(s) 'first_dag_bitwise3' retrieved from /opt/airflow/dags/first_day.py
[2024-04-08T21:03:46.556+0000] {logging_mixin.py:188} INFO - [2024-04-08T21:03:46.556+0000] {dag.py:3047} INFO - Sync 1 DAGs
[2024-04-08T21:03:46.598+0000] {logging_mixin.py:188} INFO - [2024-04-08T21:03:46.597+0000] {dag.py:3834} INFO - Setting next_dagrun for first_dag_bitwise3 to 2024-04-02 00:00:00+00:00, run_after=2024-04-03 00:00:00+00:00
[2024-04-08T21:03:46.646+0000] {processor.py:183} INFO - Processing /opt/airflow/dags/first_day.py took 0.354 seconds
[2024-04-08T21:04:16.950+0000] {processor.py:161} INFO - Started process (PID=144) to work on /opt/airflow/dags/first_day.py
[2024-04-08T21:04:16.955+0000] {processor.py:830} INFO - Processing file /opt/airflow/dags/first_day.py for tasks to queue
[2024-04-08T21:04:16.960+0000] {logging_mixin.py:188} INFO - [2024-04-08T21:04:16.960+0000] {dagbag.py:540} INFO - Filling up the DagBag from /opt/airflow/dags/first_day.py
[2024-04-08T21:04:17.004+0000] {processor.py:840} INFO - DAG(s) 'first_dag_bitwise3' retrieved from /opt/airflow/dags/first_day.py
[2024-04-08T21:04:17.052+0000] {logging_mixin.py:188} INFO - [2024-04-08T21:04:17.052+0000] {dag.py:3047} INFO - Sync 1 DAGs
[2024-04-08T21:04:17.105+0000] {logging_mixin.py:188} INFO - [2024-04-08T21:04:17.104+0000] {dag.py:3834} INFO - Setting next_dagrun for first_dag_bitwise3 to 2024-04-02 00:00:00+00:00, run_after=2024-04-03 00:00:00+00:00
[2024-04-08T21:04:17.157+0000] {processor.py:183} INFO - Processing /opt/airflow/dags/first_day.py took 0.215 seconds
[2024-04-08T21:04:48.126+0000] {processor.py:161} INFO - Started process (PID=158) to work on /opt/airflow/dags/first_day.py
[2024-04-08T21:04:48.129+0000] {processor.py:830} INFO - Processing file /opt/airflow/dags/first_day.py for tasks to queue
[2024-04-08T21:04:48.132+0000] {logging_mixin.py:188} INFO - [2024-04-08T21:04:48.131+0000] {dagbag.py:540} INFO - Filling up the DagBag from /opt/airflow/dags/first_day.py
[2024-04-08T21:04:48.183+0000] {processor.py:840} INFO - DAG(s) 'first_dag_bitwise3' retrieved from /opt/airflow/dags/first_day.py
[2024-04-08T21:04:48.234+0000] {logging_mixin.py:188} INFO - [2024-04-08T21:04:48.234+0000] {dag.py:3047} INFO - Sync 1 DAGs
[2024-04-08T21:04:48.294+0000] {logging_mixin.py:188} INFO - [2024-04-08T21:04:48.293+0000] {dag.py:3834} INFO - Setting next_dagrun for first_dag_bitwise3 to 2024-04-02 00:00:00+00:00, run_after=2024-04-03 00:00:00+00:00
[2024-04-08T21:04:48.334+0000] {processor.py:183} INFO - Processing /opt/airflow/dags/first_day.py took 0.212 seconds
[2024-04-08T21:05:19.264+0000] {processor.py:161} INFO - Started process (PID=172) to work on /opt/airflow/dags/first_day.py
[2024-04-08T21:05:19.266+0000] {processor.py:830} INFO - Processing file /opt/airflow/dags/first_day.py for tasks to queue
[2024-04-08T21:05:19.270+0000] {logging_mixin.py:188} INFO - [2024-04-08T21:05:19.269+0000] {dagbag.py:540} INFO - Filling up the DagBag from /opt/airflow/dags/first_day.py
[2024-04-08T21:05:19.316+0000] {processor.py:840} INFO - DAG(s) 'first_dag_bitwise3' retrieved from /opt/airflow/dags/first_day.py
[2024-04-08T21:05:19.368+0000] {logging_mixin.py:188} INFO - [2024-04-08T21:05:19.367+0000] {dag.py:3047} INFO - Sync 1 DAGs
[2024-04-08T21:05:19.411+0000] {logging_mixin.py:188} INFO - [2024-04-08T21:05:19.411+0000] {dag.py:3834} INFO - Setting next_dagrun for first_dag_bitwise3 to 2024-04-02 00:00:00+00:00, run_after=2024-04-03 00:00:00+00:00
[2024-04-08T21:05:19.451+0000] {processor.py:183} INFO - Processing /opt/airflow/dags/first_day.py took 0.194 seconds
[2024-04-08T21:05:50.142+0000] {processor.py:161} INFO - Started process (PID=186) to work on /opt/airflow/dags/first_day.py
[2024-04-08T21:05:50.145+0000] {processor.py:830} INFO - Processing file /opt/airflow/dags/first_day.py for tasks to queue
[2024-04-08T21:05:50.148+0000] {logging_mixin.py:188} INFO - [2024-04-08T21:05:50.147+0000] {dagbag.py:540} INFO - Filling up the DagBag from /opt/airflow/dags/first_day.py
[2024-04-08T21:05:50.198+0000] {processor.py:840} INFO - DAG(s) 'first_dag_bitwise3' retrieved from /opt/airflow/dags/first_day.py
[2024-04-08T21:05:50.246+0000] {logging_mixin.py:188} INFO - [2024-04-08T21:05:50.245+0000] {dag.py:3047} INFO - Sync 1 DAGs
[2024-04-08T21:05:50.297+0000] {logging_mixin.py:188} INFO - [2024-04-08T21:05:50.297+0000] {dag.py:3834} INFO - Setting next_dagrun for first_dag_bitwise3 to 2024-04-02 00:00:00+00:00, run_after=2024-04-03 00:00:00+00:00
[2024-04-08T21:05:50.344+0000] {processor.py:183} INFO - Processing /opt/airflow/dags/first_day.py took 0.207 seconds
[2024-04-08T21:06:20.773+0000] {processor.py:161} INFO - Started process (PID=200) to work on /opt/airflow/dags/first_day.py
[2024-04-08T21:06:20.776+0000] {processor.py:830} INFO - Processing file /opt/airflow/dags/first_day.py for tasks to queue
[2024-04-08T21:06:20.780+0000] {logging_mixin.py:188} INFO - [2024-04-08T21:06:20.780+0000] {dagbag.py:540} INFO - Filling up the DagBag from /opt/airflow/dags/first_day.py
[2024-04-08T21:06:20.822+0000] {processor.py:840} INFO - DAG(s) 'first_dag_bitwise3' retrieved from /opt/airflow/dags/first_day.py
[2024-04-08T21:06:20.866+0000] {logging_mixin.py:188} INFO - [2024-04-08T21:06:20.865+0000] {dag.py:3047} INFO - Sync 1 DAGs
[2024-04-08T21:06:20.924+0000] {logging_mixin.py:188} INFO - [2024-04-08T21:06:20.924+0000] {dag.py:3834} INFO - Setting next_dagrun for first_dag_bitwise3 to 2024-04-02 00:00:00+00:00, run_after=2024-04-03 00:00:00+00:00
[2024-04-08T21:06:20.965+0000] {processor.py:183} INFO - Processing /opt/airflow/dags/first_day.py took 0.200 seconds
[2024-04-08T21:06:51.736+0000] {processor.py:161} INFO - Started process (PID=215) to work on /opt/airflow/dags/first_day.py
[2024-04-08T21:06:51.739+0000] {processor.py:830} INFO - Processing file /opt/airflow/dags/first_day.py for tasks to queue
[2024-04-08T21:06:51.742+0000] {logging_mixin.py:188} INFO - [2024-04-08T21:06:51.742+0000] {dagbag.py:540} INFO - Filling up the DagBag from /opt/airflow/dags/first_day.py
[2024-04-08T21:06:51.785+0000] {processor.py:840} INFO - DAG(s) 'first_dag_bitwise3' retrieved from /opt/airflow/dags/first_day.py
[2024-04-08T21:06:51.820+0000] {logging_mixin.py:188} INFO - [2024-04-08T21:06:51.820+0000] {dag.py:3047} INFO - Sync 1 DAGs
[2024-04-08T21:06:51.869+0000] {logging_mixin.py:188} INFO - [2024-04-08T21:06:51.868+0000] {dag.py:3834} INFO - Setting next_dagrun for first_dag_bitwise3 to 2024-04-02 00:00:00+00:00, run_after=2024-04-03 00:00:00+00:00
[2024-04-08T21:06:51.910+0000] {processor.py:183} INFO - Processing /opt/airflow/dags/first_day.py took 0.181 seconds
[2024-04-08T21:07:22.598+0000] {processor.py:161} INFO - Started process (PID=229) to work on /opt/airflow/dags/first_day.py
[2024-04-08T21:07:22.601+0000] {processor.py:830} INFO - Processing file /opt/airflow/dags/first_day.py for tasks to queue
[2024-04-08T21:07:22.604+0000] {logging_mixin.py:188} INFO - [2024-04-08T21:07:22.604+0000] {dagbag.py:540} INFO - Filling up the DagBag from /opt/airflow/dags/first_day.py
[2024-04-08T21:07:22.648+0000] {processor.py:840} INFO - DAG(s) 'first_dag_bitwise3' retrieved from /opt/airflow/dags/first_day.py
[2024-04-08T21:07:22.689+0000] {logging_mixin.py:188} INFO - [2024-04-08T21:07:22.688+0000] {dag.py:3047} INFO - Sync 1 DAGs
[2024-04-08T21:07:22.730+0000] {logging_mixin.py:188} INFO - [2024-04-08T21:07:22.729+0000] {dag.py:3834} INFO - Setting next_dagrun for first_dag_bitwise3 to 2024-04-02 00:00:00+00:00, run_after=2024-04-03 00:00:00+00:00
[2024-04-08T21:07:22.772+0000] {processor.py:183} INFO - Processing /opt/airflow/dags/first_day.py took 0.180 seconds
[2024-04-08T21:07:52.911+0000] {processor.py:161} INFO - Started process (PID=243) to work on /opt/airflow/dags/first_day.py
[2024-04-08T21:07:52.912+0000] {processor.py:830} INFO - Processing file /opt/airflow/dags/first_day.py for tasks to queue
[2024-04-08T21:07:52.915+0000] {logging_mixin.py:188} INFO - [2024-04-08T21:07:52.915+0000] {dagbag.py:540} INFO - Filling up the DagBag from /opt/airflow/dags/first_day.py
[2024-04-08T21:07:52.962+0000] {processor.py:840} INFO - DAG(s) 'first_dag_bitwise3' retrieved from /opt/airflow/dags/first_day.py
[2024-04-08T21:07:53.005+0000] {logging_mixin.py:188} INFO - [2024-04-08T21:07:53.005+0000] {dag.py:3047} INFO - Sync 1 DAGs
[2024-04-08T21:07:53.046+0000] {logging_mixin.py:188} INFO - [2024-04-08T21:07:53.046+0000] {dag.py:3834} INFO - Setting next_dagrun for first_dag_bitwise3 to 2024-04-02 00:00:00+00:00, run_after=2024-04-03 00:00:00+00:00
[2024-04-08T21:07:53.086+0000] {processor.py:183} INFO - Processing /opt/airflow/dags/first_day.py took 0.180 seconds
[2024-04-08T21:08:23.271+0000] {processor.py:161} INFO - Started process (PID=257) to work on /opt/airflow/dags/first_day.py
[2024-04-08T21:08:23.273+0000] {processor.py:830} INFO - Processing file /opt/airflow/dags/first_day.py for tasks to queue
[2024-04-08T21:08:23.276+0000] {logging_mixin.py:188} INFO - [2024-04-08T21:08:23.275+0000] {dagbag.py:540} INFO - Filling up the DagBag from /opt/airflow/dags/first_day.py
[2024-04-08T21:08:23.323+0000] {processor.py:840} INFO - DAG(s) 'first_dag_bitwise3' retrieved from /opt/airflow/dags/first_day.py
[2024-04-08T21:08:23.364+0000] {logging_mixin.py:188} INFO - [2024-04-08T21:08:23.364+0000] {dag.py:3047} INFO - Sync 1 DAGs
[2024-04-08T21:08:23.411+0000] {logging_mixin.py:188} INFO - [2024-04-08T21:08:23.410+0000] {dag.py:3834} INFO - Setting next_dagrun for first_dag_bitwise3 to 2024-04-02 00:00:00+00:00, run_after=2024-04-03 00:00:00+00:00
[2024-04-08T21:08:23.451+0000] {processor.py:183} INFO - Processing /opt/airflow/dags/first_day.py took 0.185 seconds
[2024-04-08T21:08:53.577+0000] {processor.py:161} INFO - Started process (PID=271) to work on /opt/airflow/dags/first_day.py
[2024-04-08T21:08:53.578+0000] {processor.py:830} INFO - Processing file /opt/airflow/dags/first_day.py for tasks to queue
[2024-04-08T21:08:53.581+0000] {logging_mixin.py:188} INFO - [2024-04-08T21:08:53.580+0000] {dagbag.py:540} INFO - Filling up the DagBag from /opt/airflow/dags/first_day.py
[2024-04-08T21:08:53.625+0000] {processor.py:840} INFO - DAG(s) 'first_dag_bitwise3' retrieved from /opt/airflow/dags/first_day.py
[2024-04-08T21:08:53.666+0000] {logging_mixin.py:188} INFO - [2024-04-08T21:08:53.666+0000] {dag.py:3047} INFO - Sync 1 DAGs
[2024-04-08T21:08:53.710+0000] {logging_mixin.py:188} INFO - [2024-04-08T21:08:53.709+0000] {dag.py:3834} INFO - Setting next_dagrun for first_dag_bitwise3 to 2024-04-02 00:00:00+00:00, run_after=2024-04-03 00:00:00+00:00
[2024-04-08T21:08:53.757+0000] {processor.py:183} INFO - Processing /opt/airflow/dags/first_day.py took 0.185 seconds
[2024-04-08T21:09:24.081+0000] {processor.py:161} INFO - Started process (PID=285) to work on /opt/airflow/dags/first_day.py
[2024-04-08T21:09:24.084+0000] {processor.py:830} INFO - Processing file /opt/airflow/dags/first_day.py for tasks to queue
[2024-04-08T21:09:24.087+0000] {logging_mixin.py:188} INFO - [2024-04-08T21:09:24.087+0000] {dagbag.py:540} INFO - Filling up the DagBag from /opt/airflow/dags/first_day.py
[2024-04-08T21:09:24.134+0000] {processor.py:840} INFO - DAG(s) 'first_dag_bitwise3' retrieved from /opt/airflow/dags/first_day.py
[2024-04-08T21:09:24.177+0000] {logging_mixin.py:188} INFO - [2024-04-08T21:09:24.177+0000] {dag.py:3047} INFO - Sync 1 DAGs
[2024-04-08T21:09:24.227+0000] {logging_mixin.py:188} INFO - [2024-04-08T21:09:24.226+0000] {dag.py:3834} INFO - Setting next_dagrun for first_dag_bitwise3 to 2024-04-02 00:00:00+00:00, run_after=2024-04-03 00:00:00+00:00
[2024-04-08T21:09:24.276+0000] {processor.py:183} INFO - Processing /opt/airflow/dags/first_day.py took 0.202 seconds
[2024-04-08T21:09:54.551+0000] {processor.py:161} INFO - Started process (PID=300) to work on /opt/airflow/dags/first_day.py
[2024-04-08T21:09:54.553+0000] {processor.py:830} INFO - Processing file /opt/airflow/dags/first_day.py for tasks to queue
[2024-04-08T21:09:54.556+0000] {logging_mixin.py:188} INFO - [2024-04-08T21:09:54.556+0000] {dagbag.py:540} INFO - Filling up the DagBag from /opt/airflow/dags/first_day.py
[2024-04-08T21:09:54.595+0000] {processor.py:840} INFO - DAG(s) 'first_dag_bitwise3' retrieved from /opt/airflow/dags/first_day.py
[2024-04-08T21:09:54.637+0000] {logging_mixin.py:188} INFO - [2024-04-08T21:09:54.636+0000] {dag.py:3047} INFO - Sync 1 DAGs
[2024-04-08T21:09:54.676+0000] {logging_mixin.py:188} INFO - [2024-04-08T21:09:54.675+0000] {dag.py:3834} INFO - Setting next_dagrun for first_dag_bitwise3 to 2024-04-02 00:00:00+00:00, run_after=2024-04-03 00:00:00+00:00
[2024-04-08T21:09:54.721+0000] {processor.py:183} INFO - Processing /opt/airflow/dags/first_day.py took 0.175 seconds
[2024-04-08T21:10:24.894+0000] {processor.py:161} INFO - Started process (PID=314) to work on /opt/airflow/dags/first_day.py
[2024-04-08T21:10:24.897+0000] {processor.py:830} INFO - Processing file /opt/airflow/dags/first_day.py for tasks to queue
[2024-04-08T21:10:24.900+0000] {logging_mixin.py:188} INFO - [2024-04-08T21:10:24.899+0000] {dagbag.py:540} INFO - Filling up the DagBag from /opt/airflow/dags/first_day.py
[2024-04-08T21:10:24.941+0000] {processor.py:840} INFO - DAG(s) 'first_dag_bitwise3' retrieved from /opt/airflow/dags/first_day.py
[2024-04-08T21:10:24.982+0000] {logging_mixin.py:188} INFO - [2024-04-08T21:10:24.982+0000] {dag.py:3047} INFO - Sync 1 DAGs
[2024-04-08T21:10:25.031+0000] {logging_mixin.py:188} INFO - [2024-04-08T21:10:25.031+0000] {dag.py:3834} INFO - Setting next_dagrun for first_dag_bitwise3 to 2024-04-02 00:00:00+00:00, run_after=2024-04-03 00:00:00+00:00
[2024-04-08T21:10:25.081+0000] {processor.py:183} INFO - Processing /opt/airflow/dags/first_day.py took 0.193 seconds
[2024-04-08T21:10:55.305+0000] {processor.py:161} INFO - Started process (PID=328) to work on /opt/airflow/dags/first_day.py
[2024-04-08T21:10:55.307+0000] {processor.py:830} INFO - Processing file /opt/airflow/dags/first_day.py for tasks to queue
[2024-04-08T21:10:55.311+0000] {logging_mixin.py:188} INFO - [2024-04-08T21:10:55.310+0000] {dagbag.py:540} INFO - Filling up the DagBag from /opt/airflow/dags/first_day.py
[2024-04-08T21:10:55.356+0000] {processor.py:840} INFO - DAG(s) 'first_dag_bitwise3' retrieved from /opt/airflow/dags/first_day.py
[2024-04-08T21:10:55.396+0000] {logging_mixin.py:188} INFO - [2024-04-08T21:10:55.395+0000] {dag.py:3047} INFO - Sync 1 DAGs
[2024-04-08T21:10:55.436+0000] {logging_mixin.py:188} INFO - [2024-04-08T21:10:55.436+0000] {dag.py:3834} INFO - Setting next_dagrun for first_dag_bitwise3 to 2024-04-02 00:00:00+00:00, run_after=2024-04-03 00:00:00+00:00
[2024-04-08T21:10:55.474+0000] {processor.py:183} INFO - Processing /opt/airflow/dags/first_day.py took 0.175 seconds
[2024-04-08T21:11:26.274+0000] {processor.py:161} INFO - Started process (PID=342) to work on /opt/airflow/dags/first_day.py
[2024-04-08T21:11:26.277+0000] {processor.py:830} INFO - Processing file /opt/airflow/dags/first_day.py for tasks to queue
[2024-04-08T21:11:26.282+0000] {logging_mixin.py:188} INFO - [2024-04-08T21:11:26.282+0000] {dagbag.py:540} INFO - Filling up the DagBag from /opt/airflow/dags/first_day.py
[2024-04-08T21:11:26.330+0000] {processor.py:840} INFO - DAG(s) 'first_dag_bitwise3' retrieved from /opt/airflow/dags/first_day.py
[2024-04-08T21:11:26.381+0000] {logging_mixin.py:188} INFO - [2024-04-08T21:11:26.381+0000] {dag.py:3047} INFO - Sync 1 DAGs
[2024-04-08T21:11:26.432+0000] {logging_mixin.py:188} INFO - [2024-04-08T21:11:26.431+0000] {dag.py:3834} INFO - Setting next_dagrun for first_dag_bitwise3 to 2024-04-02 00:00:00+00:00, run_after=2024-04-03 00:00:00+00:00
[2024-04-08T21:11:26.476+0000] {processor.py:183} INFO - Processing /opt/airflow/dags/first_day.py took 0.210 seconds
[2024-04-08T21:11:56.858+0000] {processor.py:161} INFO - Started process (PID=356) to work on /opt/airflow/dags/first_day.py
[2024-04-08T21:11:56.861+0000] {processor.py:830} INFO - Processing file /opt/airflow/dags/first_day.py for tasks to queue
[2024-04-08T21:11:56.865+0000] {logging_mixin.py:188} INFO - [2024-04-08T21:11:56.864+0000] {dagbag.py:540} INFO - Filling up the DagBag from /opt/airflow/dags/first_day.py
[2024-04-08T21:11:56.920+0000] {processor.py:840} INFO - DAG(s) 'first_dag_bitwise3' retrieved from /opt/airflow/dags/first_day.py
[2024-04-08T21:11:56.966+0000] {logging_mixin.py:188} INFO - [2024-04-08T21:11:56.966+0000] {dag.py:3047} INFO - Sync 1 DAGs
[2024-04-08T21:11:57.030+0000] {logging_mixin.py:188} INFO - [2024-04-08T21:11:57.030+0000] {dag.py:3834} INFO - Setting next_dagrun for first_dag_bitwise3 to 2024-04-02 00:00:00+00:00, run_after=2024-04-03 00:00:00+00:00
[2024-04-08T21:11:57.072+0000] {processor.py:183} INFO - Processing /opt/airflow/dags/first_day.py took 0.221 seconds
[2024-04-08T21:12:27.313+0000] {processor.py:161} INFO - Started process (PID=370) to work on /opt/airflow/dags/first_day.py
[2024-04-08T21:12:27.316+0000] {processor.py:830} INFO - Processing file /opt/airflow/dags/first_day.py for tasks to queue
[2024-04-08T21:12:27.320+0000] {logging_mixin.py:188} INFO - [2024-04-08T21:12:27.319+0000] {dagbag.py:540} INFO - Filling up the DagBag from /opt/airflow/dags/first_day.py
[2024-04-08T21:12:27.368+0000] {processor.py:840} INFO - DAG(s) 'first_dag_bitwise3' retrieved from /opt/airflow/dags/first_day.py
[2024-04-08T21:12:27.410+0000] {logging_mixin.py:188} INFO - [2024-04-08T21:12:27.410+0000] {dag.py:3047} INFO - Sync 1 DAGs
[2024-04-08T21:12:27.461+0000] {logging_mixin.py:188} INFO - [2024-04-08T21:12:27.461+0000] {dag.py:3834} INFO - Setting next_dagrun for first_dag_bitwise3 to 2024-04-02 00:00:00+00:00, run_after=2024-04-03 00:00:00+00:00
[2024-04-08T21:12:27.503+0000] {processor.py:183} INFO - Processing /opt/airflow/dags/first_day.py took 0.197 seconds
[2024-04-08T21:12:58.357+0000] {processor.py:161} INFO - Started process (PID=384) to work on /opt/airflow/dags/first_day.py
[2024-04-08T21:12:58.359+0000] {processor.py:830} INFO - Processing file /opt/airflow/dags/first_day.py for tasks to queue
[2024-04-08T21:12:58.363+0000] {logging_mixin.py:188} INFO - [2024-04-08T21:12:58.362+0000] {dagbag.py:540} INFO - Filling up the DagBag from /opt/airflow/dags/first_day.py
[2024-04-08T21:12:58.403+0000] {processor.py:840} INFO - DAG(s) 'first_dag_bitwise3' retrieved from /opt/airflow/dags/first_day.py
[2024-04-08T21:12:58.441+0000] {logging_mixin.py:188} INFO - [2024-04-08T21:12:58.441+0000] {dag.py:3047} INFO - Sync 1 DAGs
[2024-04-08T21:12:58.493+0000] {logging_mixin.py:188} INFO - [2024-04-08T21:12:58.493+0000] {dag.py:3834} INFO - Setting next_dagrun for first_dag_bitwise3 to 2024-04-02 00:00:00+00:00, run_after=2024-04-03 00:00:00+00:00
[2024-04-08T21:12:58.541+0000] {processor.py:183} INFO - Processing /opt/airflow/dags/first_day.py took 0.189 seconds
[2024-04-08T21:13:29.380+0000] {processor.py:161} INFO - Started process (PID=398) to work on /opt/airflow/dags/first_day.py
[2024-04-08T21:13:29.383+0000] {processor.py:830} INFO - Processing file /opt/airflow/dags/first_day.py for tasks to queue
[2024-04-08T21:13:29.386+0000] {logging_mixin.py:188} INFO - [2024-04-08T21:13:29.386+0000] {dagbag.py:540} INFO - Filling up the DagBag from /opt/airflow/dags/first_day.py
[2024-04-08T21:13:29.435+0000] {processor.py:840} INFO - DAG(s) 'first_dag_bitwise3' retrieved from /opt/airflow/dags/first_day.py
[2024-04-08T21:13:29.481+0000] {logging_mixin.py:188} INFO - [2024-04-08T21:13:29.480+0000] {dag.py:3047} INFO - Sync 1 DAGs
[2024-04-08T21:13:29.532+0000] {logging_mixin.py:188} INFO - [2024-04-08T21:13:29.532+0000] {dag.py:3834} INFO - Setting next_dagrun for first_dag_bitwise3 to 2024-04-02 00:00:00+00:00, run_after=2024-04-03 00:00:00+00:00
[2024-04-08T21:13:29.584+0000] {processor.py:183} INFO - Processing /opt/airflow/dags/first_day.py took 0.210 seconds
[2024-04-08T21:14:00.493+0000] {processor.py:161} INFO - Started process (PID=412) to work on /opt/airflow/dags/first_day.py
[2024-04-08T21:14:00.511+0000] {processor.py:830} INFO - Processing file /opt/airflow/dags/first_day.py for tasks to queue
[2024-04-08T21:14:00.519+0000] {logging_mixin.py:188} INFO - [2024-04-08T21:14:00.518+0000] {dagbag.py:540} INFO - Filling up the DagBag from /opt/airflow/dags/first_day.py
[2024-04-08T21:14:00.608+0000] {processor.py:840} INFO - DAG(s) 'first_dag_bitwise3' retrieved from /opt/airflow/dags/first_day.py
[2024-04-08T21:14:00.676+0000] {logging_mixin.py:188} INFO - [2024-04-08T21:14:00.676+0000] {dag.py:3047} INFO - Sync 1 DAGs
[2024-04-08T21:14:00.726+0000] {logging_mixin.py:188} INFO - [2024-04-08T21:14:00.725+0000] {dag.py:3834} INFO - Setting next_dagrun for first_dag_bitwise3 to 2024-04-02 00:00:00+00:00, run_after=2024-04-03 00:00:00+00:00
[2024-04-08T21:14:00.771+0000] {processor.py:183} INFO - Processing /opt/airflow/dags/first_day.py took 0.290 seconds
[2024-04-08T21:14:31.331+0000] {processor.py:161} INFO - Started process (PID=426) to work on /opt/airflow/dags/first_day.py
[2024-04-08T21:14:31.337+0000] {processor.py:830} INFO - Processing file /opt/airflow/dags/first_day.py for tasks to queue
[2024-04-08T21:14:31.344+0000] {logging_mixin.py:188} INFO - [2024-04-08T21:14:31.343+0000] {dagbag.py:540} INFO - Filling up the DagBag from /opt/airflow/dags/first_day.py
[2024-04-08T21:14:31.388+0000] {processor.py:840} INFO - DAG(s) 'first_dag_bitwise3' retrieved from /opt/airflow/dags/first_day.py
[2024-04-08T21:14:31.431+0000] {logging_mixin.py:188} INFO - [2024-04-08T21:14:31.430+0000] {dag.py:3047} INFO - Sync 1 DAGs
[2024-04-08T21:14:31.476+0000] {logging_mixin.py:188} INFO - [2024-04-08T21:14:31.476+0000] {dag.py:3834} INFO - Setting next_dagrun for first_dag_bitwise3 to 2024-04-02 00:00:00+00:00, run_after=2024-04-03 00:00:00+00:00
[2024-04-08T21:14:31.513+0000] {processor.py:183} INFO - Processing /opt/airflow/dags/first_day.py took 0.192 seconds
[2024-04-08T21:15:01.987+0000] {processor.py:161} INFO - Started process (PID=440) to work on /opt/airflow/dags/first_day.py
[2024-04-08T21:15:01.989+0000] {processor.py:830} INFO - Processing file /opt/airflow/dags/first_day.py for tasks to queue
[2024-04-08T21:15:01.993+0000] {logging_mixin.py:188} INFO - [2024-04-08T21:15:01.992+0000] {dagbag.py:540} INFO - Filling up the DagBag from /opt/airflow/dags/first_day.py
[2024-04-08T21:15:02.042+0000] {processor.py:840} INFO - DAG(s) 'first_dag_bitwise3' retrieved from /opt/airflow/dags/first_day.py
[2024-04-08T21:15:02.091+0000] {logging_mixin.py:188} INFO - [2024-04-08T21:15:02.090+0000] {dag.py:3047} INFO - Sync 1 DAGs
[2024-04-08T21:15:02.139+0000] {logging_mixin.py:188} INFO - [2024-04-08T21:15:02.139+0000] {dag.py:3834} INFO - Setting next_dagrun for first_dag_bitwise3 to 2024-04-02 00:00:00+00:00, run_after=2024-04-03 00:00:00+00:00
[2024-04-08T21:15:02.184+0000] {processor.py:183} INFO - Processing /opt/airflow/dags/first_day.py took 0.205 seconds
[2024-04-08T21:15:32.795+0000] {processor.py:161} INFO - Started process (PID=454) to work on /opt/airflow/dags/first_day.py
[2024-04-08T21:15:32.798+0000] {processor.py:830} INFO - Processing file /opt/airflow/dags/first_day.py for tasks to queue
[2024-04-08T21:15:32.802+0000] {logging_mixin.py:188} INFO - [2024-04-08T21:15:32.801+0000] {dagbag.py:540} INFO - Filling up the DagBag from /opt/airflow/dags/first_day.py
[2024-04-08T21:15:32.850+0000] {processor.py:840} INFO - DAG(s) 'first_dag_bitwise3' retrieved from /opt/airflow/dags/first_day.py
[2024-04-08T21:15:32.903+0000] {logging_mixin.py:188} INFO - [2024-04-08T21:15:32.902+0000] {dag.py:3047} INFO - Sync 1 DAGs
[2024-04-08T21:15:32.950+0000] {logging_mixin.py:188} INFO - [2024-04-08T21:15:32.949+0000] {dag.py:3834} INFO - Setting next_dagrun for first_dag_bitwise3 to 2024-04-02 00:00:00+00:00, run_after=2024-04-03 00:00:00+00:00
[2024-04-08T21:15:32.991+0000] {processor.py:183} INFO - Processing /opt/airflow/dags/first_day.py took 0.203 seconds
[2024-04-08T21:16:03.712+0000] {processor.py:161} INFO - Started process (PID=468) to work on /opt/airflow/dags/first_day.py
[2024-04-08T21:16:03.715+0000] {processor.py:830} INFO - Processing file /opt/airflow/dags/first_day.py for tasks to queue
[2024-04-08T21:16:03.718+0000] {logging_mixin.py:188} INFO - [2024-04-08T21:16:03.717+0000] {dagbag.py:540} INFO - Filling up the DagBag from /opt/airflow/dags/first_day.py
[2024-04-08T21:16:03.760+0000] {processor.py:840} INFO - DAG(s) 'first_dag_bitwise3' retrieved from /opt/airflow/dags/first_day.py
[2024-04-08T21:16:03.797+0000] {logging_mixin.py:188} INFO - [2024-04-08T21:16:03.797+0000] {dag.py:3047} INFO - Sync 1 DAGs
[2024-04-08T21:16:03.843+0000] {logging_mixin.py:188} INFO - [2024-04-08T21:16:03.842+0000] {dag.py:3834} INFO - Setting next_dagrun for first_dag_bitwise3 to 2024-04-02 00:00:00+00:00, run_after=2024-04-03 00:00:00+00:00
[2024-04-08T21:16:03.881+0000] {processor.py:183} INFO - Processing /opt/airflow/dags/first_day.py took 0.174 seconds
[2024-04-08T21:16:34.370+0000] {processor.py:161} INFO - Started process (PID=482) to work on /opt/airflow/dags/first_day.py
[2024-04-08T21:16:34.372+0000] {processor.py:830} INFO - Processing file /opt/airflow/dags/first_day.py for tasks to queue
[2024-04-08T21:16:34.375+0000] {logging_mixin.py:188} INFO - [2024-04-08T21:16:34.375+0000] {dagbag.py:540} INFO - Filling up the DagBag from /opt/airflow/dags/first_day.py
[2024-04-08T21:16:34.420+0000] {processor.py:840} INFO - DAG(s) 'first_dag_bitwise3' retrieved from /opt/airflow/dags/first_day.py
[2024-04-08T21:16:34.464+0000] {logging_mixin.py:188} INFO - [2024-04-08T21:16:34.464+0000] {dag.py:3047} INFO - Sync 1 DAGs
[2024-04-08T21:16:34.507+0000] {logging_mixin.py:188} INFO - [2024-04-08T21:16:34.506+0000] {dag.py:3834} INFO - Setting next_dagrun for first_dag_bitwise3 to 2024-04-02 00:00:00+00:00, run_after=2024-04-03 00:00:00+00:00
[2024-04-08T21:16:34.549+0000] {processor.py:183} INFO - Processing /opt/airflow/dags/first_day.py took 0.186 seconds
[2024-04-08T21:17:05.080+0000] {processor.py:161} INFO - Started process (PID=496) to work on /opt/airflow/dags/first_day.py
[2024-04-08T21:17:05.082+0000] {processor.py:830} INFO - Processing file /opt/airflow/dags/first_day.py for tasks to queue
[2024-04-08T21:17:05.086+0000] {logging_mixin.py:188} INFO - [2024-04-08T21:17:05.085+0000] {dagbag.py:540} INFO - Filling up the DagBag from /opt/airflow/dags/first_day.py
[2024-04-08T21:17:05.155+0000] {processor.py:840} INFO - DAG(s) 'first_dag_bitwise3' retrieved from /opt/airflow/dags/first_day.py
[2024-04-08T21:17:05.193+0000] {logging_mixin.py:188} INFO - [2024-04-08T21:17:05.193+0000] {dag.py:3047} INFO - Sync 1 DAGs
[2024-04-08T21:17:05.239+0000] {logging_mixin.py:188} INFO - [2024-04-08T21:17:05.238+0000] {dag.py:3834} INFO - Setting next_dagrun for first_dag_bitwise3 to 2024-04-02 00:00:00+00:00, run_after=2024-04-03 00:00:00+00:00
[2024-04-08T21:17:05.279+0000] {processor.py:183} INFO - Processing /opt/airflow/dags/first_day.py took 0.205 seconds
[2024-04-08T21:17:36.069+0000] {processor.py:161} INFO - Started process (PID=510) to work on /opt/airflow/dags/first_day.py
[2024-04-08T21:17:36.072+0000] {processor.py:830} INFO - Processing file /opt/airflow/dags/first_day.py for tasks to queue
[2024-04-08T21:17:36.077+0000] {logging_mixin.py:188} INFO - [2024-04-08T21:17:36.076+0000] {dagbag.py:540} INFO - Filling up the DagBag from /opt/airflow/dags/first_day.py
[2024-04-08T21:17:36.125+0000] {processor.py:840} INFO - DAG(s) 'first_dag_bitwise3' retrieved from /opt/airflow/dags/first_day.py
[2024-04-08T21:17:36.168+0000] {logging_mixin.py:188} INFO - [2024-04-08T21:17:36.167+0000] {dag.py:3047} INFO - Sync 1 DAGs
[2024-04-08T21:17:36.211+0000] {logging_mixin.py:188} INFO - [2024-04-08T21:17:36.210+0000] {dag.py:3834} INFO - Setting next_dagrun for first_dag_bitwise3 to 2024-04-02 00:00:00+00:00, run_after=2024-04-03 00:00:00+00:00
[2024-04-08T21:17:36.258+0000] {processor.py:183} INFO - Processing /opt/airflow/dags/first_day.py took 0.194 seconds
[2024-04-08T21:18:06.960+0000] {processor.py:161} INFO - Started process (PID=524) to work on /opt/airflow/dags/first_day.py
[2024-04-08T21:18:06.961+0000] {processor.py:830} INFO - Processing file /opt/airflow/dags/first_day.py for tasks to queue
[2024-04-08T21:18:06.965+0000] {logging_mixin.py:188} INFO - [2024-04-08T21:18:06.964+0000] {dagbag.py:540} INFO - Filling up the DagBag from /opt/airflow/dags/first_day.py
[2024-04-08T21:18:07.008+0000] {processor.py:840} INFO - DAG(s) 'first_dag_bitwise3' retrieved from /opt/airflow/dags/first_day.py
[2024-04-08T21:18:07.055+0000] {logging_mixin.py:188} INFO - [2024-04-08T21:18:07.054+0000] {dag.py:3047} INFO - Sync 1 DAGs
[2024-04-08T21:18:07.107+0000] {logging_mixin.py:188} INFO - [2024-04-08T21:18:07.106+0000] {dag.py:3834} INFO - Setting next_dagrun for first_dag_bitwise3 to 2024-04-02 00:00:00+00:00, run_after=2024-04-03 00:00:00+00:00
[2024-04-08T21:18:07.143+0000] {processor.py:183} INFO - Processing /opt/airflow/dags/first_day.py took 0.188 seconds
[2024-04-08T21:18:37.632+0000] {processor.py:161} INFO - Started process (PID=538) to work on /opt/airflow/dags/first_day.py
[2024-04-08T21:18:37.634+0000] {processor.py:830} INFO - Processing file /opt/airflow/dags/first_day.py for tasks to queue
[2024-04-08T21:18:37.638+0000] {logging_mixin.py:188} INFO - [2024-04-08T21:18:37.638+0000] {dagbag.py:540} INFO - Filling up the DagBag from /opt/airflow/dags/first_day.py
[2024-04-08T21:18:37.682+0000] {processor.py:840} INFO - DAG(s) 'first_dag_bitwise3' retrieved from /opt/airflow/dags/first_day.py
[2024-04-08T21:18:37.734+0000] {logging_mixin.py:188} INFO - [2024-04-08T21:18:37.733+0000] {dag.py:3047} INFO - Sync 1 DAGs
[2024-04-08T21:18:37.806+0000] {logging_mixin.py:188} INFO - [2024-04-08T21:18:37.805+0000] {dag.py:3834} INFO - Setting next_dagrun for first_dag_bitwise3 to 2024-04-02 00:00:00+00:00, run_after=2024-04-03 00:00:00+00:00
[2024-04-08T21:18:37.846+0000] {processor.py:183} INFO - Processing /opt/airflow/dags/first_day.py took 0.218 seconds
[2024-04-08T21:19:08.380+0000] {processor.py:161} INFO - Started process (PID=552) to work on /opt/airflow/dags/first_day.py
[2024-04-08T21:19:08.381+0000] {processor.py:830} INFO - Processing file /opt/airflow/dags/first_day.py for tasks to queue
[2024-04-08T21:19:08.385+0000] {logging_mixin.py:188} INFO - [2024-04-08T21:19:08.384+0000] {dagbag.py:540} INFO - Filling up the DagBag from /opt/airflow/dags/first_day.py
[2024-04-08T21:19:08.428+0000] {processor.py:840} INFO - DAG(s) 'first_dag_bitwise3' retrieved from /opt/airflow/dags/first_day.py
[2024-04-08T21:19:08.475+0000] {logging_mixin.py:188} INFO - [2024-04-08T21:19:08.475+0000] {dag.py:3047} INFO - Sync 1 DAGs
[2024-04-08T21:19:08.523+0000] {logging_mixin.py:188} INFO - [2024-04-08T21:19:08.523+0000] {dag.py:3834} INFO - Setting next_dagrun for first_dag_bitwise3 to 2024-04-02 00:00:00+00:00, run_after=2024-04-03 00:00:00+00:00
[2024-04-08T21:19:08.561+0000] {processor.py:183} INFO - Processing /opt/airflow/dags/first_day.py took 0.187 seconds
[2024-04-08T21:19:39.136+0000] {processor.py:161} INFO - Started process (PID=566) to work on /opt/airflow/dags/first_day.py
[2024-04-08T21:19:39.138+0000] {processor.py:830} INFO - Processing file /opt/airflow/dags/first_day.py for tasks to queue
[2024-04-08T21:19:39.142+0000] {logging_mixin.py:188} INFO - [2024-04-08T21:19:39.141+0000] {dagbag.py:540} INFO - Filling up the DagBag from /opt/airflow/dags/first_day.py
[2024-04-08T21:19:39.188+0000] {processor.py:840} INFO - DAG(s) 'first_dag_bitwise3' retrieved from /opt/airflow/dags/first_day.py
[2024-04-08T21:19:39.231+0000] {logging_mixin.py:188} INFO - [2024-04-08T21:19:39.230+0000] {dag.py:3047} INFO - Sync 1 DAGs
[2024-04-08T21:19:39.277+0000] {logging_mixin.py:188} INFO - [2024-04-08T21:19:39.277+0000] {dag.py:3834} INFO - Setting next_dagrun for first_dag_bitwise3 to 2024-04-02 00:00:00+00:00, run_after=2024-04-03 00:00:00+00:00
[2024-04-08T21:19:39.319+0000] {processor.py:183} INFO - Processing /opt/airflow/dags/first_day.py took 0.190 seconds
[2024-04-08T21:20:09.839+0000] {processor.py:161} INFO - Started process (PID=580) to work on /opt/airflow/dags/first_day.py
[2024-04-08T21:20:09.842+0000] {processor.py:830} INFO - Processing file /opt/airflow/dags/first_day.py for tasks to queue
[2024-04-08T21:20:09.845+0000] {logging_mixin.py:188} INFO - [2024-04-08T21:20:09.845+0000] {dagbag.py:540} INFO - Filling up the DagBag from /opt/airflow/dags/first_day.py
[2024-04-08T21:20:09.894+0000] {processor.py:840} INFO - DAG(s) 'first_dag_bitwise3' retrieved from /opt/airflow/dags/first_day.py
[2024-04-08T21:20:09.941+0000] {logging_mixin.py:188} INFO - [2024-04-08T21:20:09.941+0000] {dag.py:3047} INFO - Sync 1 DAGs
[2024-04-08T21:20:09.993+0000] {logging_mixin.py:188} INFO - [2024-04-08T21:20:09.992+0000] {dag.py:3834} INFO - Setting next_dagrun for first_dag_bitwise3 to 2024-04-02 00:00:00+00:00, run_after=2024-04-03 00:00:00+00:00
[2024-04-08T21:20:10.032+0000] {processor.py:183} INFO - Processing /opt/airflow/dags/first_day.py took 0.198 seconds
[2024-04-08T21:20:40.673+0000] {processor.py:161} INFO - Started process (PID=594) to work on /opt/airflow/dags/first_day.py
[2024-04-08T21:20:40.676+0000] {processor.py:830} INFO - Processing file /opt/airflow/dags/first_day.py for tasks to queue
[2024-04-08T21:20:40.680+0000] {logging_mixin.py:188} INFO - [2024-04-08T21:20:40.679+0000] {dagbag.py:540} INFO - Filling up the DagBag from /opt/airflow/dags/first_day.py
[2024-04-08T21:20:40.724+0000] {processor.py:840} INFO - DAG(s) 'first_dag_bitwise3' retrieved from /opt/airflow/dags/first_day.py
[2024-04-08T21:20:40.774+0000] {logging_mixin.py:188} INFO - [2024-04-08T21:20:40.773+0000] {dag.py:3047} INFO - Sync 1 DAGs
[2024-04-08T21:20:40.829+0000] {logging_mixin.py:188} INFO - [2024-04-08T21:20:40.829+0000] {dag.py:3834} INFO - Setting next_dagrun for first_dag_bitwise3 to 2024-04-02 00:00:00+00:00, run_after=2024-04-03 00:00:00+00:00
[2024-04-08T21:20:40.880+0000] {processor.py:183} INFO - Processing /opt/airflow/dags/first_day.py took 0.215 seconds
[2024-04-08T21:21:11.398+0000] {processor.py:161} INFO - Started process (PID=608) to work on /opt/airflow/dags/first_day.py
[2024-04-08T21:21:11.401+0000] {processor.py:830} INFO - Processing file /opt/airflow/dags/first_day.py for tasks to queue
[2024-04-08T21:21:11.404+0000] {logging_mixin.py:188} INFO - [2024-04-08T21:21:11.403+0000] {dagbag.py:540} INFO - Filling up the DagBag from /opt/airflow/dags/first_day.py
[2024-04-08T21:21:11.448+0000] {processor.py:840} INFO - DAG(s) 'first_dag_bitwise3' retrieved from /opt/airflow/dags/first_day.py
[2024-04-08T21:21:11.493+0000] {logging_mixin.py:188} INFO - [2024-04-08T21:21:11.493+0000] {dag.py:3047} INFO - Sync 1 DAGs
[2024-04-08T21:21:11.537+0000] {logging_mixin.py:188} INFO - [2024-04-08T21:21:11.536+0000] {dag.py:3834} INFO - Setting next_dagrun for first_dag_bitwise3 to 2024-04-02 00:00:00+00:00, run_after=2024-04-03 00:00:00+00:00
[2024-04-08T21:21:11.573+0000] {processor.py:183} INFO - Processing /opt/airflow/dags/first_day.py took 0.181 seconds
[2024-04-08T21:21:42.227+0000] {processor.py:161} INFO - Started process (PID=622) to work on /opt/airflow/dags/first_day.py
[2024-04-08T21:21:42.229+0000] {processor.py:830} INFO - Processing file /opt/airflow/dags/first_day.py for tasks to queue
[2024-04-08T21:21:42.232+0000] {logging_mixin.py:188} INFO - [2024-04-08T21:21:42.232+0000] {dagbag.py:540} INFO - Filling up the DagBag from /opt/airflow/dags/first_day.py
[2024-04-08T21:21:42.277+0000] {processor.py:840} INFO - DAG(s) 'first_dag_bitwise3' retrieved from /opt/airflow/dags/first_day.py
[2024-04-08T21:21:42.323+0000] {logging_mixin.py:188} INFO - [2024-04-08T21:21:42.323+0000] {dag.py:3047} INFO - Sync 1 DAGs
[2024-04-08T21:21:42.375+0000] {logging_mixin.py:188} INFO - [2024-04-08T21:21:42.375+0000] {dag.py:3834} INFO - Setting next_dagrun for first_dag_bitwise3 to 2024-04-02 00:00:00+00:00, run_after=2024-04-03 00:00:00+00:00
[2024-04-08T21:21:42.423+0000] {processor.py:183} INFO - Processing /opt/airflow/dags/first_day.py took 0.203 seconds
[2024-04-08T21:22:13.273+0000] {processor.py:161} INFO - Started process (PID=636) to work on /opt/airflow/dags/first_day.py
[2024-04-08T21:22:13.276+0000] {processor.py:830} INFO - Processing file /opt/airflow/dags/first_day.py for tasks to queue
[2024-04-08T21:22:13.280+0000] {logging_mixin.py:188} INFO - [2024-04-08T21:22:13.279+0000] {dagbag.py:540} INFO - Filling up the DagBag from /opt/airflow/dags/first_day.py
[2024-04-08T21:22:13.324+0000] {processor.py:840} INFO - DAG(s) 'first_dag_bitwise3' retrieved from /opt/airflow/dags/first_day.py
[2024-04-08T21:22:13.378+0000] {logging_mixin.py:188} INFO - [2024-04-08T21:22:13.377+0000] {dag.py:3047} INFO - Sync 1 DAGs
[2024-04-08T21:22:13.434+0000] {logging_mixin.py:188} INFO - [2024-04-08T21:22:13.433+0000] {dag.py:3834} INFO - Setting next_dagrun for first_dag_bitwise3 to 2024-04-02 00:00:00+00:00, run_after=2024-04-03 00:00:00+00:00
[2024-04-08T21:22:13.474+0000] {processor.py:183} INFO - Processing /opt/airflow/dags/first_day.py took 0.207 seconds
[2024-04-08T21:22:44.047+0000] {processor.py:161} INFO - Started process (PID=650) to work on /opt/airflow/dags/first_day.py
[2024-04-08T21:22:44.049+0000] {processor.py:830} INFO - Processing file /opt/airflow/dags/first_day.py for tasks to queue
[2024-04-08T21:22:44.053+0000] {logging_mixin.py:188} INFO - [2024-04-08T21:22:44.052+0000] {dagbag.py:540} INFO - Filling up the DagBag from /opt/airflow/dags/first_day.py
[2024-04-08T21:22:44.098+0000] {processor.py:840} INFO - DAG(s) 'first_dag_bitwise3' retrieved from /opt/airflow/dags/first_day.py
[2024-04-08T21:22:44.138+0000] {logging_mixin.py:188} INFO - [2024-04-08T21:22:44.138+0000] {dag.py:3047} INFO - Sync 1 DAGs
[2024-04-08T21:22:44.181+0000] {logging_mixin.py:188} INFO - [2024-04-08T21:22:44.181+0000] {dag.py:3834} INFO - Setting next_dagrun for first_dag_bitwise3 to 2024-04-02 00:00:00+00:00, run_after=2024-04-03 00:00:00+00:00
[2024-04-08T21:22:44.222+0000] {processor.py:183} INFO - Processing /opt/airflow/dags/first_day.py took 0.182 seconds
[2024-04-08T21:23:14.842+0000] {processor.py:161} INFO - Started process (PID=664) to work on /opt/airflow/dags/first_day.py
[2024-04-08T21:23:14.843+0000] {processor.py:830} INFO - Processing file /opt/airflow/dags/first_day.py for tasks to queue
[2024-04-08T21:23:14.847+0000] {logging_mixin.py:188} INFO - [2024-04-08T21:23:14.846+0000] {dagbag.py:540} INFO - Filling up the DagBag from /opt/airflow/dags/first_day.py
[2024-04-08T21:23:14.893+0000] {processor.py:840} INFO - DAG(s) 'first_dag_bitwise3' retrieved from /opt/airflow/dags/first_day.py
[2024-04-08T21:23:14.937+0000] {logging_mixin.py:188} INFO - [2024-04-08T21:23:14.937+0000] {dag.py:3047} INFO - Sync 1 DAGs
[2024-04-08T21:23:14.989+0000] {logging_mixin.py:188} INFO - [2024-04-08T21:23:14.989+0000] {dag.py:3834} INFO - Setting next_dagrun for first_dag_bitwise3 to 2024-04-02 00:00:00+00:00, run_after=2024-04-03 00:00:00+00:00
[2024-04-08T21:23:15.022+0000] {processor.py:183} INFO - Processing /opt/airflow/dags/first_day.py took 0.186 seconds
[2024-04-08T21:23:45.453+0000] {processor.py:161} INFO - Started process (PID=678) to work on /opt/airflow/dags/first_day.py
[2024-04-08T21:23:45.456+0000] {processor.py:830} INFO - Processing file /opt/airflow/dags/first_day.py for tasks to queue
[2024-04-08T21:23:45.464+0000] {logging_mixin.py:188} INFO - [2024-04-08T21:23:45.462+0000] {dagbag.py:540} INFO - Filling up the DagBag from /opt/airflow/dags/first_day.py
[2024-04-08T21:23:45.513+0000] {processor.py:840} INFO - DAG(s) 'first_dag_bitwise3' retrieved from /opt/airflow/dags/first_day.py
[2024-04-08T21:23:45.565+0000] {logging_mixin.py:188} INFO - [2024-04-08T21:23:45.564+0000] {dag.py:3047} INFO - Sync 1 DAGs
[2024-04-08T21:23:45.618+0000] {logging_mixin.py:188} INFO - [2024-04-08T21:23:45.617+0000] {dag.py:3834} INFO - Setting next_dagrun for first_dag_bitwise3 to 2024-04-02 00:00:00+00:00, run_after=2024-04-03 00:00:00+00:00
[2024-04-08T21:23:45.659+0000] {processor.py:183} INFO - Processing /opt/airflow/dags/first_day.py took 0.213 seconds
[2024-04-08T21:24:16.377+0000] {processor.py:161} INFO - Started process (PID=692) to work on /opt/airflow/dags/first_day.py
[2024-04-08T21:24:16.380+0000] {processor.py:830} INFO - Processing file /opt/airflow/dags/first_day.py for tasks to queue
[2024-04-08T21:24:16.388+0000] {logging_mixin.py:188} INFO - [2024-04-08T21:24:16.387+0000] {dagbag.py:540} INFO - Filling up the DagBag from /opt/airflow/dags/first_day.py
[2024-04-08T21:24:16.436+0000] {processor.py:840} INFO - DAG(s) 'first_dag_bitwise3' retrieved from /opt/airflow/dags/first_day.py
[2024-04-08T21:24:16.491+0000] {logging_mixin.py:188} INFO - [2024-04-08T21:24:16.490+0000] {dag.py:3047} INFO - Sync 1 DAGs
[2024-04-08T21:24:16.551+0000] {logging_mixin.py:188} INFO - [2024-04-08T21:24:16.550+0000] {dag.py:3834} INFO - Setting next_dagrun for first_dag_bitwise3 to 2024-04-02 00:00:00+00:00, run_after=2024-04-03 00:00:00+00:00
[2024-04-08T21:24:16.594+0000] {processor.py:183} INFO - Processing /opt/airflow/dags/first_day.py took 0.224 seconds
[2024-04-08T21:24:47.131+0000] {processor.py:161} INFO - Started process (PID=706) to work on /opt/airflow/dags/first_day.py
[2024-04-08T21:24:47.133+0000] {processor.py:830} INFO - Processing file /opt/airflow/dags/first_day.py for tasks to queue
[2024-04-08T21:24:47.137+0000] {logging_mixin.py:188} INFO - [2024-04-08T21:24:47.136+0000] {dagbag.py:540} INFO - Filling up the DagBag from /opt/airflow/dags/first_day.py
[2024-04-08T21:24:47.183+0000] {processor.py:840} INFO - DAG(s) 'first_dag_bitwise3' retrieved from /opt/airflow/dags/first_day.py
[2024-04-08T21:24:47.238+0000] {logging_mixin.py:188} INFO - [2024-04-08T21:24:47.237+0000] {dag.py:3047} INFO - Sync 1 DAGs
[2024-04-08T21:24:47.285+0000] {logging_mixin.py:188} INFO - [2024-04-08T21:24:47.285+0000] {dag.py:3834} INFO - Setting next_dagrun for first_dag_bitwise3 to 2024-04-02 00:00:00+00:00, run_after=2024-04-03 00:00:00+00:00
[2024-04-08T21:24:47.326+0000] {processor.py:183} INFO - Processing /opt/airflow/dags/first_day.py took 0.204 seconds
[2024-04-08T21:25:17.961+0000] {processor.py:161} INFO - Started process (PID=720) to work on /opt/airflow/dags/first_day.py
[2024-04-08T21:25:17.964+0000] {processor.py:830} INFO - Processing file /opt/airflow/dags/first_day.py for tasks to queue
[2024-04-08T21:25:17.971+0000] {logging_mixin.py:188} INFO - [2024-04-08T21:25:17.970+0000] {dagbag.py:540} INFO - Filling up the DagBag from /opt/airflow/dags/first_day.py
[2024-04-08T21:25:18.017+0000] {processor.py:840} INFO - DAG(s) 'first_dag_bitwise3' retrieved from /opt/airflow/dags/first_day.py
[2024-04-08T21:25:18.065+0000] {logging_mixin.py:188} INFO - [2024-04-08T21:25:18.064+0000] {dag.py:3047} INFO - Sync 1 DAGs
[2024-04-08T21:25:18.114+0000] {logging_mixin.py:188} INFO - [2024-04-08T21:25:18.113+0000] {dag.py:3834} INFO - Setting next_dagrun for first_dag_bitwise3 to 2024-04-02 00:00:00+00:00, run_after=2024-04-03 00:00:00+00:00
[2024-04-08T21:25:18.157+0000] {processor.py:183} INFO - Processing /opt/airflow/dags/first_day.py took 0.206 seconds
[2024-04-08T21:25:48.686+0000] {processor.py:161} INFO - Started process (PID=734) to work on /opt/airflow/dags/first_day.py
[2024-04-08T21:25:48.688+0000] {processor.py:830} INFO - Processing file /opt/airflow/dags/first_day.py for tasks to queue
[2024-04-08T21:25:48.692+0000] {logging_mixin.py:188} INFO - [2024-04-08T21:25:48.691+0000] {dagbag.py:540} INFO - Filling up the DagBag from /opt/airflow/dags/first_day.py
[2024-04-08T21:25:48.740+0000] {processor.py:840} INFO - DAG(s) 'first_dag_bitwise3' retrieved from /opt/airflow/dags/first_day.py
[2024-04-08T21:25:48.778+0000] {logging_mixin.py:188} INFO - [2024-04-08T21:25:48.778+0000] {dag.py:3047} INFO - Sync 1 DAGs
[2024-04-08T21:25:48.826+0000] {logging_mixin.py:188} INFO - [2024-04-08T21:25:48.826+0000] {dag.py:3834} INFO - Setting next_dagrun for first_dag_bitwise3 to 2024-04-02 00:00:00+00:00, run_after=2024-04-03 00:00:00+00:00
[2024-04-08T21:25:48.863+0000] {processor.py:183} INFO - Processing /opt/airflow/dags/first_day.py took 0.186 seconds
[2024-04-08T21:26:19.459+0000] {processor.py:161} INFO - Started process (PID=748) to work on /opt/airflow/dags/first_day.py
[2024-04-08T21:26:19.463+0000] {processor.py:830} INFO - Processing file /opt/airflow/dags/first_day.py for tasks to queue
[2024-04-08T21:26:19.467+0000] {logging_mixin.py:188} INFO - [2024-04-08T21:26:19.466+0000] {dagbag.py:540} INFO - Filling up the DagBag from /opt/airflow/dags/first_day.py
[2024-04-08T21:26:19.506+0000] {processor.py:840} INFO - DAG(s) 'first_dag_bitwise3' retrieved from /opt/airflow/dags/first_day.py
[2024-04-08T21:26:19.553+0000] {logging_mixin.py:188} INFO - [2024-04-08T21:26:19.552+0000] {dag.py:3047} INFO - Sync 1 DAGs
[2024-04-08T21:26:19.606+0000] {logging_mixin.py:188} INFO - [2024-04-08T21:26:19.605+0000] {dag.py:3834} INFO - Setting next_dagrun for first_dag_bitwise3 to 2024-04-02 00:00:00+00:00, run_after=2024-04-03 00:00:00+00:00
[2024-04-08T21:26:19.647+0000] {processor.py:183} INFO - Processing /opt/airflow/dags/first_day.py took 0.196 seconds
[2024-04-08T21:26:50.134+0000] {processor.py:161} INFO - Started process (PID=762) to work on /opt/airflow/dags/first_day.py
[2024-04-08T21:26:50.136+0000] {processor.py:830} INFO - Processing file /opt/airflow/dags/first_day.py for tasks to queue
[2024-04-08T21:26:50.140+0000] {logging_mixin.py:188} INFO - [2024-04-08T21:26:50.139+0000] {dagbag.py:540} INFO - Filling up the DagBag from /opt/airflow/dags/first_day.py
[2024-04-08T21:26:50.178+0000] {processor.py:840} INFO - DAG(s) 'first_dag_bitwise3' retrieved from /opt/airflow/dags/first_day.py
[2024-04-08T21:26:50.217+0000] {logging_mixin.py:188} INFO - [2024-04-08T21:26:50.217+0000] {dag.py:3047} INFO - Sync 1 DAGs
[2024-04-08T21:26:50.258+0000] {logging_mixin.py:188} INFO - [2024-04-08T21:26:50.258+0000] {dag.py:3834} INFO - Setting next_dagrun for first_dag_bitwise3 to 2024-04-02 00:00:00+00:00, run_after=2024-04-03 00:00:00+00:00
[2024-04-08T21:26:50.298+0000] {processor.py:183} INFO - Processing /opt/airflow/dags/first_day.py took 0.171 seconds
[2024-04-08T21:27:20.956+0000] {processor.py:161} INFO - Started process (PID=776) to work on /opt/airflow/dags/first_day.py
[2024-04-08T21:27:20.959+0000] {processor.py:830} INFO - Processing file /opt/airflow/dags/first_day.py for tasks to queue
[2024-04-08T21:27:20.962+0000] {logging_mixin.py:188} INFO - [2024-04-08T21:27:20.961+0000] {dagbag.py:540} INFO - Filling up the DagBag from /opt/airflow/dags/first_day.py
[2024-04-08T21:27:21.012+0000] {processor.py:840} INFO - DAG(s) 'first_dag_bitwise3' retrieved from /opt/airflow/dags/first_day.py
[2024-04-08T21:27:21.058+0000] {logging_mixin.py:188} INFO - [2024-04-08T21:27:21.057+0000] {dag.py:3047} INFO - Sync 1 DAGs
[2024-04-08T21:27:21.099+0000] {logging_mixin.py:188} INFO - [2024-04-08T21:27:21.099+0000] {dag.py:3834} INFO - Setting next_dagrun for first_dag_bitwise3 to 2024-04-02 00:00:00+00:00, run_after=2024-04-03 00:00:00+00:00
[2024-04-08T21:27:21.141+0000] {processor.py:183} INFO - Processing /opt/airflow/dags/first_day.py took 0.191 seconds
[2024-04-08T21:27:51.751+0000] {processor.py:161} INFO - Started process (PID=790) to work on /opt/airflow/dags/first_day.py
[2024-04-08T21:27:51.753+0000] {processor.py:830} INFO - Processing file /opt/airflow/dags/first_day.py for tasks to queue
[2024-04-08T21:27:51.757+0000] {logging_mixin.py:188} INFO - [2024-04-08T21:27:51.757+0000] {dagbag.py:540} INFO - Filling up the DagBag from /opt/airflow/dags/first_day.py
[2024-04-08T21:27:51.804+0000] {processor.py:840} INFO - DAG(s) 'first_dag_bitwise3' retrieved from /opt/airflow/dags/first_day.py
[2024-04-08T21:27:51.852+0000] {logging_mixin.py:188} INFO - [2024-04-08T21:27:51.851+0000] {dag.py:3047} INFO - Sync 1 DAGs
[2024-04-08T21:27:51.906+0000] {logging_mixin.py:188} INFO - [2024-04-08T21:27:51.906+0000] {dag.py:3834} INFO - Setting next_dagrun for first_dag_bitwise3 to 2024-04-02 00:00:00+00:00, run_after=2024-04-03 00:00:00+00:00
[2024-04-08T21:27:51.951+0000] {processor.py:183} INFO - Processing /opt/airflow/dags/first_day.py took 0.207 seconds
[2024-04-08T21:28:22.569+0000] {processor.py:161} INFO - Started process (PID=804) to work on /opt/airflow/dags/first_day.py
[2024-04-08T21:28:22.571+0000] {processor.py:830} INFO - Processing file /opt/airflow/dags/first_day.py for tasks to queue
[2024-04-08T21:28:22.576+0000] {logging_mixin.py:188} INFO - [2024-04-08T21:28:22.575+0000] {dagbag.py:540} INFO - Filling up the DagBag from /opt/airflow/dags/first_day.py
[2024-04-08T21:28:22.630+0000] {processor.py:840} INFO - DAG(s) 'first_dag_bitwise3' retrieved from /opt/airflow/dags/first_day.py
[2024-04-08T21:28:22.688+0000] {logging_mixin.py:188} INFO - [2024-04-08T21:28:22.687+0000] {dag.py:3047} INFO - Sync 1 DAGs
[2024-04-08T21:28:22.734+0000] {logging_mixin.py:188} INFO - [2024-04-08T21:28:22.734+0000] {dag.py:3834} INFO - Setting next_dagrun for first_dag_bitwise3 to 2024-04-02 00:00:00+00:00, run_after=2024-04-03 00:00:00+00:00
[2024-04-08T21:28:22.780+0000] {processor.py:183} INFO - Processing /opt/airflow/dags/first_day.py took 0.219 seconds
[2024-04-08T21:28:53.382+0000] {processor.py:161} INFO - Started process (PID=819) to work on /opt/airflow/dags/first_day.py
[2024-04-08T21:28:53.384+0000] {processor.py:830} INFO - Processing file /opt/airflow/dags/first_day.py for tasks to queue
[2024-04-08T21:28:53.388+0000] {logging_mixin.py:188} INFO - [2024-04-08T21:28:53.387+0000] {dagbag.py:540} INFO - Filling up the DagBag from /opt/airflow/dags/first_day.py
[2024-04-08T21:28:53.431+0000] {processor.py:840} INFO - DAG(s) 'first_dag_bitwise3' retrieved from /opt/airflow/dags/first_day.py
[2024-04-08T21:28:53.473+0000] {logging_mixin.py:188} INFO - [2024-04-08T21:28:53.472+0000] {dag.py:3047} INFO - Sync 1 DAGs
[2024-04-08T21:28:53.529+0000] {logging_mixin.py:188} INFO - [2024-04-08T21:28:53.528+0000] {dag.py:3834} INFO - Setting next_dagrun for first_dag_bitwise3 to 2024-04-02 00:00:00+00:00, run_after=2024-04-03 00:00:00+00:00
[2024-04-08T21:28:53.570+0000] {processor.py:183} INFO - Processing /opt/airflow/dags/first_day.py took 0.194 seconds
[2024-04-08T21:29:24.211+0000] {processor.py:161} INFO - Started process (PID=839) to work on /opt/airflow/dags/first_day.py
[2024-04-08T21:29:24.214+0000] {processor.py:830} INFO - Processing file /opt/airflow/dags/first_day.py for tasks to queue
[2024-04-08T21:29:24.217+0000] {logging_mixin.py:188} INFO - [2024-04-08T21:29:24.217+0000] {dagbag.py:540} INFO - Filling up the DagBag from /opt/airflow/dags/first_day.py
[2024-04-08T21:29:24.268+0000] {processor.py:840} INFO - DAG(s) 'first_dag_bitwise3' retrieved from /opt/airflow/dags/first_day.py
[2024-04-08T21:29:24.311+0000] {logging_mixin.py:188} INFO - [2024-04-08T21:29:24.311+0000] {dag.py:3047} INFO - Sync 1 DAGs
[2024-04-08T21:29:24.354+0000] {logging_mixin.py:188} INFO - [2024-04-08T21:29:24.353+0000] {dag.py:3834} INFO - Setting next_dagrun for first_dag_bitwise3 to 2024-04-02 00:00:00+00:00, run_after=2024-04-03 00:00:00+00:00
[2024-04-08T21:29:24.403+0000] {processor.py:183} INFO - Processing /opt/airflow/dags/first_day.py took 0.197 seconds
[2024-04-08T21:29:55.023+0000] {processor.py:161} INFO - Started process (PID=853) to work on /opt/airflow/dags/first_day.py
[2024-04-08T21:29:55.025+0000] {processor.py:830} INFO - Processing file /opt/airflow/dags/first_day.py for tasks to queue
[2024-04-08T21:29:55.029+0000] {logging_mixin.py:188} INFO - [2024-04-08T21:29:55.028+0000] {dagbag.py:540} INFO - Filling up the DagBag from /opt/airflow/dags/first_day.py
[2024-04-08T21:29:55.095+0000] {processor.py:840} INFO - DAG(s) 'first_dag_bitwise3' retrieved from /opt/airflow/dags/first_day.py
[2024-04-08T21:29:55.144+0000] {logging_mixin.py:188} INFO - [2024-04-08T21:29:55.144+0000] {dag.py:3047} INFO - Sync 1 DAGs
[2024-04-08T21:29:55.202+0000] {logging_mixin.py:188} INFO - [2024-04-08T21:29:55.201+0000] {dag.py:3834} INFO - Setting next_dagrun for first_dag_bitwise3 to 2024-04-02 00:00:00+00:00, run_after=2024-04-03 00:00:00+00:00
[2024-04-08T21:29:55.249+0000] {processor.py:183} INFO - Processing /opt/airflow/dags/first_day.py took 0.232 seconds
[2024-04-08T21:30:25.566+0000] {processor.py:161} INFO - Started process (PID=867) to work on /opt/airflow/dags/first_day.py
[2024-04-08T21:30:25.568+0000] {processor.py:830} INFO - Processing file /opt/airflow/dags/first_day.py for tasks to queue
[2024-04-08T21:30:25.571+0000] {logging_mixin.py:188} INFO - [2024-04-08T21:30:25.571+0000] {dagbag.py:540} INFO - Filling up the DagBag from /opt/airflow/dags/first_day.py
[2024-04-08T21:30:25.614+0000] {processor.py:840} INFO - DAG(s) 'first_dag_bitwise3' retrieved from /opt/airflow/dags/first_day.py
[2024-04-08T21:30:25.654+0000] {logging_mixin.py:188} INFO - [2024-04-08T21:30:25.653+0000] {dag.py:3047} INFO - Sync 1 DAGs
[2024-04-08T21:30:25.702+0000] {logging_mixin.py:188} INFO - [2024-04-08T21:30:25.701+0000] {dag.py:3834} INFO - Setting next_dagrun for first_dag_bitwise3 to 2024-04-02 00:00:00+00:00, run_after=2024-04-03 00:00:00+00:00
[2024-04-08T21:30:25.737+0000] {processor.py:183} INFO - Processing /opt/airflow/dags/first_day.py took 0.177 seconds
[2024-04-08T21:30:56.113+0000] {processor.py:161} INFO - Started process (PID=881) to work on /opt/airflow/dags/first_day.py
[2024-04-08T21:30:56.115+0000] {processor.py:830} INFO - Processing file /opt/airflow/dags/first_day.py for tasks to queue
[2024-04-08T21:30:56.120+0000] {logging_mixin.py:188} INFO - [2024-04-08T21:30:56.119+0000] {dagbag.py:540} INFO - Filling up the DagBag from /opt/airflow/dags/first_day.py
[2024-04-08T21:30:56.162+0000] {processor.py:840} INFO - DAG(s) 'first_dag_bitwise3' retrieved from /opt/airflow/dags/first_day.py
[2024-04-08T21:30:56.201+0000] {logging_mixin.py:188} INFO - [2024-04-08T21:30:56.201+0000] {dag.py:3047} INFO - Sync 1 DAGs
[2024-04-08T21:30:56.245+0000] {logging_mixin.py:188} INFO - [2024-04-08T21:30:56.244+0000] {dag.py:3834} INFO - Setting next_dagrun for first_dag_bitwise3 to 2024-04-02 00:00:00+00:00, run_after=2024-04-03 00:00:00+00:00
[2024-04-08T21:30:56.285+0000] {processor.py:183} INFO - Processing /opt/airflow/dags/first_day.py took 0.177 seconds
[2024-04-08T21:31:27.025+0000] {processor.py:161} INFO - Started process (PID=895) to work on /opt/airflow/dags/first_day.py
[2024-04-08T21:31:27.027+0000] {processor.py:830} INFO - Processing file /opt/airflow/dags/first_day.py for tasks to queue
[2024-04-08T21:31:27.031+0000] {logging_mixin.py:188} INFO - [2024-04-08T21:31:27.030+0000] {dagbag.py:540} INFO - Filling up the DagBag from /opt/airflow/dags/first_day.py
[2024-04-08T21:31:27.077+0000] {processor.py:840} INFO - DAG(s) 'first_dag_bitwise3' retrieved from /opt/airflow/dags/first_day.py
[2024-04-08T21:31:27.132+0000] {logging_mixin.py:188} INFO - [2024-04-08T21:31:27.131+0000] {dag.py:3047} INFO - Sync 1 DAGs
[2024-04-08T21:31:27.181+0000] {logging_mixin.py:188} INFO - [2024-04-08T21:31:27.181+0000] {dag.py:3834} INFO - Setting next_dagrun for first_dag_bitwise3 to 2024-04-02 00:00:00+00:00, run_after=2024-04-03 00:00:00+00:00
[2024-04-08T21:31:27.222+0000] {processor.py:183} INFO - Processing /opt/airflow/dags/first_day.py took 0.203 seconds
[2024-04-08T21:31:57.826+0000] {processor.py:161} INFO - Started process (PID=910) to work on /opt/airflow/dags/first_day.py
[2024-04-08T21:31:57.828+0000] {processor.py:830} INFO - Processing file /opt/airflow/dags/first_day.py for tasks to queue
[2024-04-08T21:31:57.833+0000] {logging_mixin.py:188} INFO - [2024-04-08T21:31:57.832+0000] {dagbag.py:540} INFO - Filling up the DagBag from /opt/airflow/dags/first_day.py
[2024-04-08T21:31:57.882+0000] {processor.py:840} INFO - DAG(s) 'first_dag_bitwise3' retrieved from /opt/airflow/dags/first_day.py
[2024-04-08T21:31:57.926+0000] {logging_mixin.py:188} INFO - [2024-04-08T21:31:57.925+0000] {dag.py:3047} INFO - Sync 1 DAGs
[2024-04-08T21:31:57.965+0000] {logging_mixin.py:188} INFO - [2024-04-08T21:31:57.965+0000] {dag.py:3834} INFO - Setting next_dagrun for first_dag_bitwise3 to 2024-04-02 00:00:00+00:00, run_after=2024-04-03 00:00:00+00:00
[2024-04-08T21:31:58.001+0000] {processor.py:183} INFO - Processing /opt/airflow/dags/first_day.py took 0.182 seconds
[2024-04-08T21:32:28.706+0000] {processor.py:161} INFO - Started process (PID=924) to work on /opt/airflow/dags/first_day.py
[2024-04-08T21:32:28.708+0000] {processor.py:830} INFO - Processing file /opt/airflow/dags/first_day.py for tasks to queue
[2024-04-08T21:32:28.712+0000] {logging_mixin.py:188} INFO - [2024-04-08T21:32:28.712+0000] {dagbag.py:540} INFO - Filling up the DagBag from /opt/airflow/dags/first_day.py
[2024-04-08T21:32:28.762+0000] {processor.py:840} INFO - DAG(s) 'first_dag_bitwise3' retrieved from /opt/airflow/dags/first_day.py
[2024-04-08T21:32:28.804+0000] {logging_mixin.py:188} INFO - [2024-04-08T21:32:28.803+0000] {dag.py:3047} INFO - Sync 1 DAGs
[2024-04-08T21:32:28.846+0000] {logging_mixin.py:188} INFO - [2024-04-08T21:32:28.846+0000] {dag.py:3834} INFO - Setting next_dagrun for first_dag_bitwise3 to 2024-04-02 00:00:00+00:00, run_after=2024-04-03 00:00:00+00:00
[2024-04-08T21:32:28.887+0000] {processor.py:183} INFO - Processing /opt/airflow/dags/first_day.py took 0.187 seconds
[2024-04-08T21:32:59.251+0000] {processor.py:161} INFO - Started process (PID=938) to work on /opt/airflow/dags/first_day.py
[2024-04-08T21:32:59.253+0000] {processor.py:830} INFO - Processing file /opt/airflow/dags/first_day.py for tasks to queue
[2024-04-08T21:32:59.257+0000] {logging_mixin.py:188} INFO - [2024-04-08T21:32:59.257+0000] {dagbag.py:540} INFO - Filling up the DagBag from /opt/airflow/dags/first_day.py
[2024-04-08T21:32:59.299+0000] {processor.py:840} INFO - DAG(s) 'first_dag_bitwise3' retrieved from /opt/airflow/dags/first_day.py
[2024-04-08T21:32:59.343+0000] {logging_mixin.py:188} INFO - [2024-04-08T21:32:59.342+0000] {dag.py:3047} INFO - Sync 1 DAGs
[2024-04-08T21:32:59.395+0000] {logging_mixin.py:188} INFO - [2024-04-08T21:32:59.395+0000] {dag.py:3834} INFO - Setting next_dagrun for first_dag_bitwise3 to 2024-04-02 00:00:00+00:00, run_after=2024-04-03 00:00:00+00:00
[2024-04-08T21:32:59.436+0000] {processor.py:183} INFO - Processing /opt/airflow/dags/first_day.py took 0.191 seconds
[2024-04-08T21:33:30.138+0000] {processor.py:161} INFO - Started process (PID=952) to work on /opt/airflow/dags/first_day.py
[2024-04-08T21:33:30.140+0000] {processor.py:830} INFO - Processing file /opt/airflow/dags/first_day.py for tasks to queue
[2024-04-08T21:33:30.144+0000] {logging_mixin.py:188} INFO - [2024-04-08T21:33:30.143+0000] {dagbag.py:540} INFO - Filling up the DagBag from /opt/airflow/dags/first_day.py
[2024-04-08T21:33:30.190+0000] {processor.py:840} INFO - DAG(s) 'first_dag_bitwise3' retrieved from /opt/airflow/dags/first_day.py
[2024-04-08T21:33:30.234+0000] {logging_mixin.py:188} INFO - [2024-04-08T21:33:30.233+0000] {dag.py:3047} INFO - Sync 1 DAGs
[2024-04-08T21:33:30.280+0000] {logging_mixin.py:188} INFO - [2024-04-08T21:33:30.279+0000] {dag.py:3834} INFO - Setting next_dagrun for first_dag_bitwise3 to 2024-04-02 00:00:00+00:00, run_after=2024-04-03 00:00:00+00:00
[2024-04-08T21:33:30.322+0000] {processor.py:183} INFO - Processing /opt/airflow/dags/first_day.py took 0.190 seconds
[2024-04-08T21:34:01.032+0000] {processor.py:161} INFO - Started process (PID=966) to work on /opt/airflow/dags/first_day.py
[2024-04-08T21:34:01.035+0000] {processor.py:830} INFO - Processing file /opt/airflow/dags/first_day.py for tasks to queue
[2024-04-08T21:34:01.038+0000] {logging_mixin.py:188} INFO - [2024-04-08T21:34:01.038+0000] {dagbag.py:540} INFO - Filling up the DagBag from /opt/airflow/dags/first_day.py
[2024-04-08T21:34:01.093+0000] {processor.py:840} INFO - DAG(s) 'first_dag_bitwise3' retrieved from /opt/airflow/dags/first_day.py
[2024-04-08T21:34:01.141+0000] {logging_mixin.py:188} INFO - [2024-04-08T21:34:01.140+0000] {dag.py:3047} INFO - Sync 1 DAGs
[2024-04-08T21:34:01.188+0000] {logging_mixin.py:188} INFO - [2024-04-08T21:34:01.187+0000] {dag.py:3834} INFO - Setting next_dagrun for first_dag_bitwise3 to 2024-04-02 00:00:00+00:00, run_after=2024-04-03 00:00:00+00:00
[2024-04-08T21:34:01.236+0000] {processor.py:183} INFO - Processing /opt/airflow/dags/first_day.py took 0.210 seconds
[2024-04-08T21:34:31.793+0000] {processor.py:161} INFO - Started process (PID=980) to work on /opt/airflow/dags/first_day.py
[2024-04-08T21:34:31.794+0000] {processor.py:830} INFO - Processing file /opt/airflow/dags/first_day.py for tasks to queue
[2024-04-08T21:34:31.798+0000] {logging_mixin.py:188} INFO - [2024-04-08T21:34:31.797+0000] {dagbag.py:540} INFO - Filling up the DagBag from /opt/airflow/dags/first_day.py
[2024-04-08T21:34:31.845+0000] {processor.py:840} INFO - DAG(s) 'first_dag_bitwise3' retrieved from /opt/airflow/dags/first_day.py
[2024-04-08T21:34:31.892+0000] {logging_mixin.py:188} INFO - [2024-04-08T21:34:31.892+0000] {dag.py:3047} INFO - Sync 1 DAGs
[2024-04-08T21:34:31.953+0000] {logging_mixin.py:188} INFO - [2024-04-08T21:34:31.953+0000] {dag.py:3834} INFO - Setting next_dagrun for first_dag_bitwise3 to 2024-04-02 00:00:00+00:00, run_after=2024-04-03 00:00:00+00:00
[2024-04-08T21:34:31.993+0000] {processor.py:183} INFO - Processing /opt/airflow/dags/first_day.py took 0.207 seconds
[2024-04-08T21:35:02.498+0000] {processor.py:161} INFO - Started process (PID=994) to work on /opt/airflow/dags/first_day.py
[2024-04-08T21:35:02.501+0000] {processor.py:830} INFO - Processing file /opt/airflow/dags/first_day.py for tasks to queue
[2024-04-08T21:35:02.505+0000] {logging_mixin.py:188} INFO - [2024-04-08T21:35:02.504+0000] {dagbag.py:540} INFO - Filling up the DagBag from /opt/airflow/dags/first_day.py
[2024-04-08T21:35:02.558+0000] {processor.py:840} INFO - DAG(s) 'first_dag_bitwise3' retrieved from /opt/airflow/dags/first_day.py
[2024-04-08T21:35:02.596+0000] {logging_mixin.py:188} INFO - [2024-04-08T21:35:02.596+0000] {dag.py:3047} INFO - Sync 1 DAGs
[2024-04-08T21:35:02.635+0000] {logging_mixin.py:188} INFO - [2024-04-08T21:35:02.635+0000] {dag.py:3834} INFO - Setting next_dagrun for first_dag_bitwise3 to 2024-04-02 00:00:00+00:00, run_after=2024-04-03 00:00:00+00:00
[2024-04-08T21:35:02.673+0000] {processor.py:183} INFO - Processing /opt/airflow/dags/first_day.py took 0.180 seconds
[2024-04-08T21:35:33.033+0000] {processor.py:161} INFO - Started process (PID=1008) to work on /opt/airflow/dags/first_day.py
[2024-04-08T21:35:33.035+0000] {processor.py:830} INFO - Processing file /opt/airflow/dags/first_day.py for tasks to queue
[2024-04-08T21:35:33.039+0000] {logging_mixin.py:188} INFO - [2024-04-08T21:35:33.038+0000] {dagbag.py:540} INFO - Filling up the DagBag from /opt/airflow/dags/first_day.py
[2024-04-08T21:35:33.082+0000] {processor.py:840} INFO - DAG(s) 'first_dag_bitwise3' retrieved from /opt/airflow/dags/first_day.py
[2024-04-08T21:35:33.125+0000] {logging_mixin.py:188} INFO - [2024-04-08T21:35:33.124+0000] {dag.py:3047} INFO - Sync 1 DAGs
[2024-04-08T21:35:33.179+0000] {logging_mixin.py:188} INFO - [2024-04-08T21:35:33.179+0000] {dag.py:3834} INFO - Setting next_dagrun for first_dag_bitwise3 to 2024-04-02 00:00:00+00:00, run_after=2024-04-03 00:00:00+00:00
[2024-04-08T21:35:33.232+0000] {processor.py:183} INFO - Processing /opt/airflow/dags/first_day.py took 0.205 seconds
[2024-04-08T21:36:03.843+0000] {processor.py:161} INFO - Started process (PID=1022) to work on /opt/airflow/dags/first_day.py
[2024-04-08T21:36:03.844+0000] {processor.py:830} INFO - Processing file /opt/airflow/dags/first_day.py for tasks to queue
[2024-04-08T21:36:03.848+0000] {logging_mixin.py:188} INFO - [2024-04-08T21:36:03.848+0000] {dagbag.py:540} INFO - Filling up the DagBag from /opt/airflow/dags/first_day.py
[2024-04-08T21:36:03.890+0000] {processor.py:840} INFO - DAG(s) 'first_dag_bitwise3' retrieved from /opt/airflow/dags/first_day.py
[2024-04-08T21:36:03.933+0000] {logging_mixin.py:188} INFO - [2024-04-08T21:36:03.932+0000] {dag.py:3047} INFO - Sync 1 DAGs
[2024-04-08T21:36:03.988+0000] {logging_mixin.py:188} INFO - [2024-04-08T21:36:03.987+0000] {dag.py:3834} INFO - Setting next_dagrun for first_dag_bitwise3 to 2024-04-02 00:00:00+00:00, run_after=2024-04-03 00:00:00+00:00
[2024-04-08T21:36:04.032+0000] {processor.py:183} INFO - Processing /opt/airflow/dags/first_day.py took 0.195 seconds
[2024-04-08T21:36:34.424+0000] {processor.py:161} INFO - Started process (PID=1037) to work on /opt/airflow/dags/first_day.py
[2024-04-08T21:36:34.426+0000] {processor.py:830} INFO - Processing file /opt/airflow/dags/first_day.py for tasks to queue
[2024-04-08T21:36:34.431+0000] {logging_mixin.py:188} INFO - [2024-04-08T21:36:34.431+0000] {dagbag.py:540} INFO - Filling up the DagBag from /opt/airflow/dags/first_day.py
[2024-04-08T21:36:34.480+0000] {processor.py:840} INFO - DAG(s) 'first_dag_bitwise3' retrieved from /opt/airflow/dags/first_day.py
[2024-04-08T21:36:34.526+0000] {logging_mixin.py:188} INFO - [2024-04-08T21:36:34.525+0000] {dag.py:3047} INFO - Sync 1 DAGs
[2024-04-08T21:36:34.571+0000] {logging_mixin.py:188} INFO - [2024-04-08T21:36:34.571+0000] {dag.py:3834} INFO - Setting next_dagrun for first_dag_bitwise3 to 2024-04-02 00:00:00+00:00, run_after=2024-04-03 00:00:00+00:00
[2024-04-08T21:36:34.611+0000] {processor.py:183} INFO - Processing /opt/airflow/dags/first_day.py took 0.194 seconds
[2024-04-08T21:37:05.251+0000] {processor.py:161} INFO - Started process (PID=1051) to work on /opt/airflow/dags/first_day.py
[2024-04-08T21:37:05.254+0000] {processor.py:830} INFO - Processing file /opt/airflow/dags/first_day.py for tasks to queue
[2024-04-08T21:37:05.257+0000] {logging_mixin.py:188} INFO - [2024-04-08T21:37:05.257+0000] {dagbag.py:540} INFO - Filling up the DagBag from /opt/airflow/dags/first_day.py
[2024-04-08T21:37:05.304+0000] {processor.py:840} INFO - DAG(s) 'first_dag_bitwise3' retrieved from /opt/airflow/dags/first_day.py
[2024-04-08T21:37:05.363+0000] {logging_mixin.py:188} INFO - [2024-04-08T21:37:05.362+0000] {dag.py:3047} INFO - Sync 1 DAGs
[2024-04-08T21:37:05.424+0000] {logging_mixin.py:188} INFO - [2024-04-08T21:37:05.423+0000] {dag.py:3834} INFO - Setting next_dagrun for first_dag_bitwise3 to 2024-04-02 00:00:00+00:00, run_after=2024-04-03 00:00:00+00:00
[2024-04-08T21:37:05.474+0000] {processor.py:183} INFO - Processing /opt/airflow/dags/first_day.py took 0.231 seconds
[2024-04-08T21:37:36.291+0000] {processor.py:161} INFO - Started process (PID=1065) to work on /opt/airflow/dags/first_day.py
[2024-04-08T21:37:36.293+0000] {processor.py:830} INFO - Processing file /opt/airflow/dags/first_day.py for tasks to queue
[2024-04-08T21:37:36.298+0000] {logging_mixin.py:188} INFO - [2024-04-08T21:37:36.297+0000] {dagbag.py:540} INFO - Filling up the DagBag from /opt/airflow/dags/first_day.py
[2024-04-08T21:37:36.344+0000] {processor.py:840} INFO - DAG(s) 'first_dag_bitwise3' retrieved from /opt/airflow/dags/first_day.py
[2024-04-08T21:37:36.391+0000] {logging_mixin.py:188} INFO - [2024-04-08T21:37:36.390+0000] {dag.py:3047} INFO - Sync 1 DAGs
[2024-04-08T21:37:36.440+0000] {logging_mixin.py:188} INFO - [2024-04-08T21:37:36.440+0000] {dag.py:3834} INFO - Setting next_dagrun for first_dag_bitwise3 to 2024-04-02 00:00:00+00:00, run_after=2024-04-03 00:00:00+00:00
[2024-04-08T21:37:36.490+0000] {processor.py:183} INFO - Processing /opt/airflow/dags/first_day.py took 0.204 seconds
[2024-04-08T21:38:07.078+0000] {processor.py:161} INFO - Started process (PID=1080) to work on /opt/airflow/dags/first_day.py
[2024-04-08T21:38:07.081+0000] {processor.py:830} INFO - Processing file /opt/airflow/dags/first_day.py for tasks to queue
[2024-04-08T21:38:07.086+0000] {logging_mixin.py:188} INFO - [2024-04-08T21:38:07.085+0000] {dagbag.py:540} INFO - Filling up the DagBag from /opt/airflow/dags/first_day.py
[2024-04-08T21:38:07.130+0000] {processor.py:840} INFO - DAG(s) 'first_dag_bitwise3' retrieved from /opt/airflow/dags/first_day.py
[2024-04-08T21:38:07.184+0000] {logging_mixin.py:188} INFO - [2024-04-08T21:38:07.183+0000] {dag.py:3047} INFO - Sync 1 DAGs
[2024-04-08T21:38:07.239+0000] {logging_mixin.py:188} INFO - [2024-04-08T21:38:07.239+0000] {dag.py:3834} INFO - Setting next_dagrun for first_dag_bitwise3 to 2024-04-02 00:00:00+00:00, run_after=2024-04-03 00:00:00+00:00
[2024-04-08T21:38:07.276+0000] {processor.py:183} INFO - Processing /opt/airflow/dags/first_day.py took 0.206 seconds
[2024-04-08T21:38:37.836+0000] {processor.py:161} INFO - Started process (PID=1094) to work on /opt/airflow/dags/first_day.py
[2024-04-08T21:38:37.838+0000] {processor.py:830} INFO - Processing file /opt/airflow/dags/first_day.py for tasks to queue
[2024-04-08T21:38:37.842+0000] {logging_mixin.py:188} INFO - [2024-04-08T21:38:37.841+0000] {dagbag.py:540} INFO - Filling up the DagBag from /opt/airflow/dags/first_day.py
[2024-04-08T21:38:37.893+0000] {processor.py:840} INFO - DAG(s) 'first_dag_bitwise3' retrieved from /opt/airflow/dags/first_day.py
[2024-04-08T21:38:37.939+0000] {logging_mixin.py:188} INFO - [2024-04-08T21:38:37.938+0000] {dag.py:3047} INFO - Sync 1 DAGs
[2024-04-08T21:38:37.981+0000] {logging_mixin.py:188} INFO - [2024-04-08T21:38:37.980+0000] {dag.py:3834} INFO - Setting next_dagrun for first_dag_bitwise3 to 2024-04-02 00:00:00+00:00, run_after=2024-04-03 00:00:00+00:00
[2024-04-08T21:38:38.022+0000] {processor.py:183} INFO - Processing /opt/airflow/dags/first_day.py took 0.194 seconds
[2024-04-08T21:39:08.311+0000] {processor.py:161} INFO - Started process (PID=1109) to work on /opt/airflow/dags/first_day.py
[2024-04-08T21:39:08.313+0000] {processor.py:830} INFO - Processing file /opt/airflow/dags/first_day.py for tasks to queue
[2024-04-08T21:39:08.317+0000] {logging_mixin.py:188} INFO - [2024-04-08T21:39:08.316+0000] {dagbag.py:540} INFO - Filling up the DagBag from /opt/airflow/dags/first_day.py
[2024-04-08T21:39:08.361+0000] {processor.py:840} INFO - DAG(s) 'first_dag_bitwise3' retrieved from /opt/airflow/dags/first_day.py
[2024-04-08T21:39:08.404+0000] {logging_mixin.py:188} INFO - [2024-04-08T21:39:08.403+0000] {dag.py:3047} INFO - Sync 1 DAGs
[2024-04-08T21:39:08.455+0000] {logging_mixin.py:188} INFO - [2024-04-08T21:39:08.455+0000] {dag.py:3834} INFO - Setting next_dagrun for first_dag_bitwise3 to 2024-04-02 00:00:00+00:00, run_after=2024-04-03 00:00:00+00:00
[2024-04-08T21:39:08.511+0000] {processor.py:183} INFO - Processing /opt/airflow/dags/first_day.py took 0.206 seconds
[2024-04-08T21:39:39.081+0000] {processor.py:161} INFO - Started process (PID=1123) to work on /opt/airflow/dags/first_day.py
[2024-04-08T21:39:39.083+0000] {processor.py:830} INFO - Processing file /opt/airflow/dags/first_day.py for tasks to queue
[2024-04-08T21:39:39.087+0000] {logging_mixin.py:188} INFO - [2024-04-08T21:39:39.086+0000] {dagbag.py:540} INFO - Filling up the DagBag from /opt/airflow/dags/first_day.py
[2024-04-08T21:39:39.132+0000] {processor.py:840} INFO - DAG(s) 'first_dag_bitwise3' retrieved from /opt/airflow/dags/first_day.py
[2024-04-08T21:39:39.172+0000] {logging_mixin.py:188} INFO - [2024-04-08T21:39:39.172+0000] {dag.py:3047} INFO - Sync 1 DAGs
[2024-04-08T21:39:39.217+0000] {logging_mixin.py:188} INFO - [2024-04-08T21:39:39.217+0000] {dag.py:3834} INFO - Setting next_dagrun for first_dag_bitwise3 to 2024-04-02 00:00:00+00:00, run_after=2024-04-03 00:00:00+00:00
[2024-04-08T21:39:39.255+0000] {processor.py:183} INFO - Processing /opt/airflow/dags/first_day.py took 0.179 seconds
[2024-04-08T21:40:09.600+0000] {processor.py:161} INFO - Started process (PID=1137) to work on /opt/airflow/dags/first_day.py
[2024-04-08T21:40:09.602+0000] {processor.py:830} INFO - Processing file /opt/airflow/dags/first_day.py for tasks to queue
[2024-04-08T21:40:09.605+0000] {logging_mixin.py:188} INFO - [2024-04-08T21:40:09.604+0000] {dagbag.py:540} INFO - Filling up the DagBag from /opt/airflow/dags/first_day.py
[2024-04-08T21:40:09.651+0000] {processor.py:840} INFO - DAG(s) 'first_dag_bitwise3' retrieved from /opt/airflow/dags/first_day.py
[2024-04-08T21:40:09.690+0000] {logging_mixin.py:188} INFO - [2024-04-08T21:40:09.689+0000] {dag.py:3047} INFO - Sync 1 DAGs
[2024-04-08T21:40:09.733+0000] {logging_mixin.py:188} INFO - [2024-04-08T21:40:09.733+0000] {dag.py:3834} INFO - Setting next_dagrun for first_dag_bitwise3 to 2024-04-02 00:00:00+00:00, run_after=2024-04-03 00:00:00+00:00
[2024-04-08T21:40:09.773+0000] {processor.py:183} INFO - Processing /opt/airflow/dags/first_day.py took 0.178 seconds
[2024-04-08T21:40:40.223+0000] {processor.py:161} INFO - Started process (PID=1152) to work on /opt/airflow/dags/first_day.py
[2024-04-08T21:40:40.225+0000] {processor.py:830} INFO - Processing file /opt/airflow/dags/first_day.py for tasks to queue
[2024-04-08T21:40:40.229+0000] {logging_mixin.py:188} INFO - [2024-04-08T21:40:40.229+0000] {dagbag.py:540} INFO - Filling up the DagBag from /opt/airflow/dags/first_day.py
[2024-04-08T21:40:40.274+0000] {processor.py:840} INFO - DAG(s) 'first_dag_bitwise3' retrieved from /opt/airflow/dags/first_day.py
[2024-04-08T21:40:40.314+0000] {logging_mixin.py:188} INFO - [2024-04-08T21:40:40.314+0000] {dag.py:3047} INFO - Sync 1 DAGs
[2024-04-08T21:40:40.362+0000] {logging_mixin.py:188} INFO - [2024-04-08T21:40:40.361+0000] {dag.py:3834} INFO - Setting next_dagrun for first_dag_bitwise3 to 2024-04-02 00:00:00+00:00, run_after=2024-04-03 00:00:00+00:00
[2024-04-08T21:40:40.403+0000] {processor.py:183} INFO - Processing /opt/airflow/dags/first_day.py took 0.184 seconds
[2024-04-08T21:41:10.825+0000] {processor.py:161} INFO - Started process (PID=1167) to work on /opt/airflow/dags/first_day.py
[2024-04-08T21:41:10.827+0000] {processor.py:830} INFO - Processing file /opt/airflow/dags/first_day.py for tasks to queue
[2024-04-08T21:41:10.831+0000] {logging_mixin.py:188} INFO - [2024-04-08T21:41:10.830+0000] {dagbag.py:540} INFO - Filling up the DagBag from /opt/airflow/dags/first_day.py
[2024-04-08T21:41:10.880+0000] {processor.py:840} INFO - DAG(s) 'first_dag_bitwise3' retrieved from /opt/airflow/dags/first_day.py
[2024-04-08T21:41:10.920+0000] {logging_mixin.py:188} INFO - [2024-04-08T21:41:10.920+0000] {dag.py:3047} INFO - Sync 1 DAGs
[2024-04-08T21:41:10.965+0000] {logging_mixin.py:188} INFO - [2024-04-08T21:41:10.965+0000] {dag.py:3834} INFO - Setting next_dagrun for first_dag_bitwise3 to 2024-04-02 00:00:00+00:00, run_after=2024-04-03 00:00:00+00:00
[2024-04-08T21:41:11.011+0000] {processor.py:183} INFO - Processing /opt/airflow/dags/first_day.py took 0.192 seconds
[2024-04-08T21:41:41.621+0000] {processor.py:161} INFO - Started process (PID=1181) to work on /opt/airflow/dags/first_day.py
[2024-04-08T21:41:41.623+0000] {processor.py:830} INFO - Processing file /opt/airflow/dags/first_day.py for tasks to queue
[2024-04-08T21:41:41.626+0000] {logging_mixin.py:188} INFO - [2024-04-08T21:41:41.626+0000] {dagbag.py:540} INFO - Filling up the DagBag from /opt/airflow/dags/first_day.py
[2024-04-08T21:41:41.674+0000] {processor.py:840} INFO - DAG(s) 'first_dag_bitwise3' retrieved from /opt/airflow/dags/first_day.py
[2024-04-08T21:41:41.719+0000] {logging_mixin.py:188} INFO - [2024-04-08T21:41:41.718+0000] {dag.py:3047} INFO - Sync 1 DAGs
[2024-04-08T21:41:41.764+0000] {logging_mixin.py:188} INFO - [2024-04-08T21:41:41.764+0000] {dag.py:3834} INFO - Setting next_dagrun for first_dag_bitwise3 to 2024-04-02 00:00:00+00:00, run_after=2024-04-03 00:00:00+00:00
[2024-04-08T21:41:41.806+0000] {processor.py:183} INFO - Processing /opt/airflow/dags/first_day.py took 0.191 seconds
[2024-04-08T21:42:11.964+0000] {processor.py:161} INFO - Started process (PID=1195) to work on /opt/airflow/dags/first_day.py
[2024-04-08T21:42:11.969+0000] {processor.py:830} INFO - Processing file /opt/airflow/dags/first_day.py for tasks to queue
[2024-04-08T21:42:11.976+0000] {logging_mixin.py:188} INFO - [2024-04-08T21:42:11.975+0000] {dagbag.py:540} INFO - Filling up the DagBag from /opt/airflow/dags/first_day.py
[2024-04-08T21:42:12.019+0000] {processor.py:840} INFO - DAG(s) 'first_dag_bitwise3' retrieved from /opt/airflow/dags/first_day.py
[2024-04-08T21:42:12.081+0000] {logging_mixin.py:188} INFO - [2024-04-08T21:42:12.080+0000] {dag.py:3047} INFO - Sync 1 DAGs
[2024-04-08T21:42:12.142+0000] {logging_mixin.py:188} INFO - [2024-04-08T21:42:12.142+0000] {dag.py:3834} INFO - Setting next_dagrun for first_dag_bitwise3 to 2024-04-02 00:00:00+00:00, run_after=2024-04-03 00:00:00+00:00
[2024-04-08T21:42:12.188+0000] {processor.py:183} INFO - Processing /opt/airflow/dags/first_day.py took 0.250 seconds
