[2024-04-08T21:02:12.494+0000] {processor.py:161} INFO - Started process (PID=48) to work on /opt/airflow/dags/first_day_pythonop.py
[2024-04-08T21:02:12.502+0000] {processor.py:830} INFO - Processing file /opt/airflow/dags/first_day_pythonop.py for tasks to queue
[2024-04-08T21:02:12.510+0000] {logging_mixin.py:188} INFO - [2024-04-08T21:02:12.510+0000] {dagbag.py:540} INFO - Filling up the DagBag from /opt/airflow/dags/first_day_pythonop.py
[2024-04-08T21:02:12.572+0000] {processor.py:840} INFO - DAG(s) 'first_dag_pythonop' retrieved from /opt/airflow/dags/first_day_pythonop.py
[2024-04-08T21:02:12.634+0000] {logging_mixin.py:188} INFO - [2024-04-08T21:02:12.633+0000] {dag.py:3047} INFO - Sync 1 DAGs
[2024-04-08T21:02:12.701+0000] {logging_mixin.py:188} INFO - [2024-04-08T21:02:12.701+0000] {dag.py:3834} INFO - Setting next_dagrun for first_dag_pythonop to 2024-04-02 00:00:00+00:00, run_after=2024-04-03 00:00:00+00:00
[2024-04-08T21:02:12.771+0000] {processor.py:183} INFO - Processing /opt/airflow/dags/first_day_pythonop.py took 0.286 seconds
[2024-04-08T21:02:43.225+0000] {processor.py:161} INFO - Started process (PID=62) to work on /opt/airflow/dags/first_day_pythonop.py
[2024-04-08T21:02:43.228+0000] {processor.py:830} INFO - Processing file /opt/airflow/dags/first_day_pythonop.py for tasks to queue
[2024-04-08T21:02:43.231+0000] {logging_mixin.py:188} INFO - [2024-04-08T21:02:43.230+0000] {dagbag.py:540} INFO - Filling up the DagBag from /opt/airflow/dags/first_day_pythonop.py
[2024-04-08T21:02:43.272+0000] {processor.py:840} INFO - DAG(s) 'first_dag_pythonop' retrieved from /opt/airflow/dags/first_day_pythonop.py
[2024-04-08T21:02:43.318+0000] {logging_mixin.py:188} INFO - [2024-04-08T21:02:43.318+0000] {dag.py:3047} INFO - Sync 1 DAGs
[2024-04-08T21:02:43.366+0000] {logging_mixin.py:188} INFO - [2024-04-08T21:02:43.366+0000] {dag.py:3834} INFO - Setting next_dagrun for first_dag_pythonop to 2024-04-02 00:00:00+00:00, run_after=2024-04-03 00:00:00+00:00
[2024-04-08T21:02:43.412+0000] {processor.py:183} INFO - Processing /opt/airflow/dags/first_day_pythonop.py took 0.191 seconds
[2024-04-08T21:03:14.607+0000] {processor.py:161} INFO - Started process (PID=82) to work on /opt/airflow/dags/first_day_pythonop.py
[2024-04-08T21:03:14.609+0000] {processor.py:830} INFO - Processing file /opt/airflow/dags/first_day_pythonop.py for tasks to queue
[2024-04-08T21:03:14.612+0000] {logging_mixin.py:188} INFO - [2024-04-08T21:03:14.611+0000] {dagbag.py:540} INFO - Filling up the DagBag from /opt/airflow/dags/first_day_pythonop.py
[2024-04-08T21:03:14.655+0000] {processor.py:840} INFO - DAG(s) 'first_dag_pythonop' retrieved from /opt/airflow/dags/first_day_pythonop.py
[2024-04-08T21:03:14.700+0000] {logging_mixin.py:188} INFO - [2024-04-08T21:03:14.699+0000] {dag.py:3047} INFO - Sync 1 DAGs
[2024-04-08T21:03:14.747+0000] {logging_mixin.py:188} INFO - [2024-04-08T21:03:14.747+0000] {dag.py:3834} INFO - Setting next_dagrun for first_dag_pythonop to 2024-04-02 00:00:00+00:00, run_after=2024-04-03 00:00:00+00:00
[2024-04-08T21:03:14.787+0000] {processor.py:183} INFO - Processing /opt/airflow/dags/first_day_pythonop.py took 0.184 seconds
[2024-04-08T21:03:45.877+0000] {processor.py:161} INFO - Started process (PID=96) to work on /opt/airflow/dags/first_day_pythonop.py
[2024-04-08T21:03:45.878+0000] {processor.py:830} INFO - Processing file /opt/airflow/dags/first_day_pythonop.py for tasks to queue
[2024-04-08T21:03:45.881+0000] {logging_mixin.py:188} INFO - [2024-04-08T21:03:45.880+0000] {dagbag.py:540} INFO - Filling up the DagBag from /opt/airflow/dags/first_day_pythonop.py
[2024-04-08T21:03:45.933+0000] {processor.py:840} INFO - DAG(s) 'first_dag_pythonop' retrieved from /opt/airflow/dags/first_day_pythonop.py
[2024-04-08T21:03:46.132+0000] {logging_mixin.py:188} INFO - [2024-04-08T21:03:46.132+0000] {dag.py:3047} INFO - Sync 1 DAGs
[2024-04-08T21:03:46.172+0000] {logging_mixin.py:188} INFO - [2024-04-08T21:03:46.172+0000] {dag.py:3834} INFO - Setting next_dagrun for first_dag_pythonop to 2024-04-02 00:00:00+00:00, run_after=2024-04-03 00:00:00+00:00
[2024-04-08T21:03:46.222+0000] {processor.py:183} INFO - Processing /opt/airflow/dags/first_day_pythonop.py took 0.350 seconds
[2024-04-08T21:04:16.872+0000] {processor.py:161} INFO - Started process (PID=143) to work on /opt/airflow/dags/first_day_pythonop.py
[2024-04-08T21:04:16.877+0000] {processor.py:830} INFO - Processing file /opt/airflow/dags/first_day_pythonop.py for tasks to queue
[2024-04-08T21:04:16.890+0000] {logging_mixin.py:188} INFO - [2024-04-08T21:04:16.889+0000] {dagbag.py:540} INFO - Filling up the DagBag from /opt/airflow/dags/first_day_pythonop.py
[2024-04-08T21:04:16.962+0000] {processor.py:840} INFO - DAG(s) 'first_dag_pythonop' retrieved from /opt/airflow/dags/first_day_pythonop.py
[2024-04-08T21:04:17.015+0000] {logging_mixin.py:188} INFO - [2024-04-08T21:04:17.014+0000] {dag.py:3047} INFO - Sync 1 DAGs
[2024-04-08T21:04:17.067+0000] {logging_mixin.py:188} INFO - [2024-04-08T21:04:17.067+0000] {dag.py:3834} INFO - Setting next_dagrun for first_dag_pythonop to 2024-04-08 00:00:00+00:00, run_after=2024-04-09 00:00:00+00:00
[2024-04-08T21:04:17.110+0000] {processor.py:183} INFO - Processing /opt/airflow/dags/first_day_pythonop.py took 0.255 seconds
[2024-04-08T21:04:47.868+0000] {processor.py:161} INFO - Started process (PID=157) to work on /opt/airflow/dags/first_day_pythonop.py
[2024-04-08T21:04:47.870+0000] {processor.py:830} INFO - Processing file /opt/airflow/dags/first_day_pythonop.py for tasks to queue
[2024-04-08T21:04:47.872+0000] {logging_mixin.py:188} INFO - [2024-04-08T21:04:47.872+0000] {dagbag.py:540} INFO - Filling up the DagBag from /opt/airflow/dags/first_day_pythonop.py
[2024-04-08T21:04:47.915+0000] {processor.py:840} INFO - DAG(s) 'first_dag_pythonop' retrieved from /opt/airflow/dags/first_day_pythonop.py
[2024-04-08T21:04:47.957+0000] {logging_mixin.py:188} INFO - [2024-04-08T21:04:47.956+0000] {dag.py:3047} INFO - Sync 1 DAGs
[2024-04-08T21:04:48.009+0000] {logging_mixin.py:188} INFO - [2024-04-08T21:04:48.009+0000] {dag.py:3834} INFO - Setting next_dagrun for first_dag_pythonop to 2024-04-08 00:00:00+00:00, run_after=2024-04-09 00:00:00+00:00
[2024-04-08T21:04:48.049+0000] {processor.py:183} INFO - Processing /opt/airflow/dags/first_day_pythonop.py took 0.186 seconds
[2024-04-08T21:05:19.015+0000] {processor.py:161} INFO - Started process (PID=171) to work on /opt/airflow/dags/first_day_pythonop.py
[2024-04-08T21:05:19.017+0000] {processor.py:830} INFO - Processing file /opt/airflow/dags/first_day_pythonop.py for tasks to queue
[2024-04-08T21:05:19.020+0000] {logging_mixin.py:188} INFO - [2024-04-08T21:05:19.019+0000] {dagbag.py:540} INFO - Filling up the DagBag from /opt/airflow/dags/first_day_pythonop.py
[2024-04-08T21:05:19.060+0000] {processor.py:840} INFO - DAG(s) 'first_dag_pythonop' retrieved from /opt/airflow/dags/first_day_pythonop.py
[2024-04-08T21:05:19.107+0000] {logging_mixin.py:188} INFO - [2024-04-08T21:05:19.107+0000] {dag.py:3047} INFO - Sync 1 DAGs
[2024-04-08T21:05:19.156+0000] {logging_mixin.py:188} INFO - [2024-04-08T21:05:19.155+0000] {dag.py:3834} INFO - Setting next_dagrun for first_dag_pythonop to 2024-04-08 00:00:00+00:00, run_after=2024-04-09 00:00:00+00:00
[2024-04-08T21:05:19.196+0000] {processor.py:183} INFO - Processing /opt/airflow/dags/first_day_pythonop.py took 0.185 seconds
[2024-04-08T21:05:49.875+0000] {processor.py:161} INFO - Started process (PID=185) to work on /opt/airflow/dags/first_day_pythonop.py
[2024-04-08T21:05:49.877+0000] {processor.py:830} INFO - Processing file /opt/airflow/dags/first_day_pythonop.py for tasks to queue
[2024-04-08T21:05:49.880+0000] {logging_mixin.py:188} INFO - [2024-04-08T21:05:49.879+0000] {dagbag.py:540} INFO - Filling up the DagBag from /opt/airflow/dags/first_day_pythonop.py
[2024-04-08T21:05:49.926+0000] {processor.py:840} INFO - DAG(s) 'first_dag_pythonop' retrieved from /opt/airflow/dags/first_day_pythonop.py
[2024-04-08T21:05:49.974+0000] {logging_mixin.py:188} INFO - [2024-04-08T21:05:49.974+0000] {dag.py:3047} INFO - Sync 1 DAGs
[2024-04-08T21:05:50.024+0000] {logging_mixin.py:188} INFO - [2024-04-08T21:05:50.024+0000] {dag.py:3834} INFO - Setting next_dagrun for first_dag_pythonop to 2024-04-08 00:00:00+00:00, run_after=2024-04-09 00:00:00+00:00
[2024-04-08T21:05:50.068+0000] {processor.py:183} INFO - Processing /opt/airflow/dags/first_day_pythonop.py took 0.197 seconds
[2024-04-08T21:06:20.723+0000] {processor.py:161} INFO - Started process (PID=199) to work on /opt/airflow/dags/first_day_pythonop.py
[2024-04-08T21:06:20.725+0000] {processor.py:830} INFO - Processing file /opt/airflow/dags/first_day_pythonop.py for tasks to queue
[2024-04-08T21:06:20.729+0000] {logging_mixin.py:188} INFO - [2024-04-08T21:06:20.728+0000] {dagbag.py:540} INFO - Filling up the DagBag from /opt/airflow/dags/first_day_pythonop.py
[2024-04-08T21:06:20.773+0000] {processor.py:840} INFO - DAG(s) 'first_dag_pythonop' retrieved from /opt/airflow/dags/first_day_pythonop.py
[2024-04-08T21:06:20.816+0000] {logging_mixin.py:188} INFO - [2024-04-08T21:06:20.816+0000] {dag.py:3047} INFO - Sync 1 DAGs
[2024-04-08T21:06:20.862+0000] {logging_mixin.py:188} INFO - [2024-04-08T21:06:20.862+0000] {dag.py:3834} INFO - Setting next_dagrun for first_dag_pythonop to 2024-04-08 00:00:00+00:00, run_after=2024-04-09 00:00:00+00:00
[2024-04-08T21:06:20.901+0000] {processor.py:183} INFO - Processing /opt/airflow/dags/first_day_pythonop.py took 0.182 seconds
[2024-04-08T21:06:51.484+0000] {processor.py:161} INFO - Started process (PID=214) to work on /opt/airflow/dags/first_day_pythonop.py
[2024-04-08T21:06:51.486+0000] {processor.py:830} INFO - Processing file /opt/airflow/dags/first_day_pythonop.py for tasks to queue
[2024-04-08T21:06:51.490+0000] {logging_mixin.py:188} INFO - [2024-04-08T21:06:51.489+0000] {dagbag.py:540} INFO - Filling up the DagBag from /opt/airflow/dags/first_day_pythonop.py
[2024-04-08T21:06:51.531+0000] {processor.py:840} INFO - DAG(s) 'first_dag_pythonop' retrieved from /opt/airflow/dags/first_day_pythonop.py
[2024-04-08T21:06:51.575+0000] {logging_mixin.py:188} INFO - [2024-04-08T21:06:51.574+0000] {dag.py:3047} INFO - Sync 1 DAGs
[2024-04-08T21:06:51.622+0000] {logging_mixin.py:188} INFO - [2024-04-08T21:06:51.621+0000] {dag.py:3834} INFO - Setting next_dagrun for first_dag_pythonop to 2024-04-08 00:00:00+00:00, run_after=2024-04-09 00:00:00+00:00
[2024-04-08T21:06:51.658+0000] {processor.py:183} INFO - Processing /opt/airflow/dags/first_day_pythonop.py took 0.180 seconds
[2024-04-08T21:07:22.338+0000] {processor.py:161} INFO - Started process (PID=228) to work on /opt/airflow/dags/first_day_pythonop.py
[2024-04-08T21:07:22.341+0000] {processor.py:830} INFO - Processing file /opt/airflow/dags/first_day_pythonop.py for tasks to queue
[2024-04-08T21:07:22.345+0000] {logging_mixin.py:188} INFO - [2024-04-08T21:07:22.344+0000] {dagbag.py:540} INFO - Filling up the DagBag from /opt/airflow/dags/first_day_pythonop.py
[2024-04-08T21:07:22.398+0000] {processor.py:840} INFO - DAG(s) 'first_dag_pythonop' retrieved from /opt/airflow/dags/first_day_pythonop.py
[2024-04-08T21:07:22.443+0000] {logging_mixin.py:188} INFO - [2024-04-08T21:07:22.442+0000] {dag.py:3047} INFO - Sync 1 DAGs
[2024-04-08T21:07:22.486+0000] {logging_mixin.py:188} INFO - [2024-04-08T21:07:22.485+0000] {dag.py:3834} INFO - Setting next_dagrun for first_dag_pythonop to 2024-04-08 00:00:00+00:00, run_after=2024-04-09 00:00:00+00:00
[2024-04-08T21:07:22.523+0000] {processor.py:183} INFO - Processing /opt/airflow/dags/first_day_pythonop.py took 0.192 seconds
[2024-04-08T21:07:52.656+0000] {processor.py:161} INFO - Started process (PID=242) to work on /opt/airflow/dags/first_day_pythonop.py
[2024-04-08T21:07:52.658+0000] {processor.py:830} INFO - Processing file /opt/airflow/dags/first_day_pythonop.py for tasks to queue
[2024-04-08T21:07:52.660+0000] {logging_mixin.py:188} INFO - [2024-04-08T21:07:52.660+0000] {dagbag.py:540} INFO - Filling up the DagBag from /opt/airflow/dags/first_day_pythonop.py
[2024-04-08T21:07:52.700+0000] {processor.py:840} INFO - DAG(s) 'first_dag_pythonop' retrieved from /opt/airflow/dags/first_day_pythonop.py
[2024-04-08T21:07:52.742+0000] {logging_mixin.py:188} INFO - [2024-04-08T21:07:52.742+0000] {dag.py:3047} INFO - Sync 1 DAGs
[2024-04-08T21:07:52.786+0000] {logging_mixin.py:188} INFO - [2024-04-08T21:07:52.786+0000] {dag.py:3834} INFO - Setting next_dagrun for first_dag_pythonop to 2024-04-08 00:00:00+00:00, run_after=2024-04-09 00:00:00+00:00
[2024-04-08T21:07:52.834+0000] {processor.py:183} INFO - Processing /opt/airflow/dags/first_day_pythonop.py took 0.184 seconds
[2024-04-08T21:08:22.991+0000] {processor.py:161} INFO - Started process (PID=256) to work on /opt/airflow/dags/first_day_pythonop.py
[2024-04-08T21:08:22.993+0000] {processor.py:830} INFO - Processing file /opt/airflow/dags/first_day_pythonop.py for tasks to queue
[2024-04-08T21:08:22.996+0000] {logging_mixin.py:188} INFO - [2024-04-08T21:08:22.995+0000] {dagbag.py:540} INFO - Filling up the DagBag from /opt/airflow/dags/first_day_pythonop.py
[2024-04-08T21:08:23.042+0000] {processor.py:840} INFO - DAG(s) 'first_dag_pythonop' retrieved from /opt/airflow/dags/first_day_pythonop.py
[2024-04-08T21:08:23.089+0000] {logging_mixin.py:188} INFO - [2024-04-08T21:08:23.089+0000] {dag.py:3047} INFO - Sync 1 DAGs
[2024-04-08T21:08:23.132+0000] {logging_mixin.py:188} INFO - [2024-04-08T21:08:23.131+0000] {dag.py:3834} INFO - Setting next_dagrun for first_dag_pythonop to 2024-04-08 00:00:00+00:00, run_after=2024-04-09 00:00:00+00:00
[2024-04-08T21:08:23.178+0000] {processor.py:183} INFO - Processing /opt/airflow/dags/first_day_pythonop.py took 0.192 seconds
[2024-04-08T21:08:53.325+0000] {processor.py:161} INFO - Started process (PID=270) to work on /opt/airflow/dags/first_day_pythonop.py
[2024-04-08T21:08:53.328+0000] {processor.py:830} INFO - Processing file /opt/airflow/dags/first_day_pythonop.py for tasks to queue
[2024-04-08T21:08:53.331+0000] {logging_mixin.py:188} INFO - [2024-04-08T21:08:53.331+0000] {dagbag.py:540} INFO - Filling up the DagBag from /opt/airflow/dags/first_day_pythonop.py
[2024-04-08T21:08:53.375+0000] {processor.py:840} INFO - DAG(s) 'first_dag_pythonop' retrieved from /opt/airflow/dags/first_day_pythonop.py
[2024-04-08T21:08:53.414+0000] {logging_mixin.py:188} INFO - [2024-04-08T21:08:53.413+0000] {dag.py:3047} INFO - Sync 1 DAGs
[2024-04-08T21:08:53.460+0000] {logging_mixin.py:188} INFO - [2024-04-08T21:08:53.459+0000] {dag.py:3834} INFO - Setting next_dagrun for first_dag_pythonop to 2024-04-08 00:00:00+00:00, run_after=2024-04-09 00:00:00+00:00
[2024-04-08T21:08:53.507+0000] {processor.py:183} INFO - Processing /opt/airflow/dags/first_day_pythonop.py took 0.188 seconds
[2024-04-08T21:09:23.816+0000] {processor.py:161} INFO - Started process (PID=284) to work on /opt/airflow/dags/first_day_pythonop.py
[2024-04-08T21:09:23.819+0000] {processor.py:830} INFO - Processing file /opt/airflow/dags/first_day_pythonop.py for tasks to queue
[2024-04-08T21:09:23.823+0000] {logging_mixin.py:188} INFO - [2024-04-08T21:09:23.821+0000] {dagbag.py:540} INFO - Filling up the DagBag from /opt/airflow/dags/first_day_pythonop.py
[2024-04-08T21:09:23.865+0000] {processor.py:840} INFO - DAG(s) 'first_dag_pythonop' retrieved from /opt/airflow/dags/first_day_pythonop.py
[2024-04-08T21:09:23.908+0000] {logging_mixin.py:188} INFO - [2024-04-08T21:09:23.908+0000] {dag.py:3047} INFO - Sync 1 DAGs
[2024-04-08T21:09:23.950+0000] {logging_mixin.py:188} INFO - [2024-04-08T21:09:23.949+0000] {dag.py:3834} INFO - Setting next_dagrun for first_dag_pythonop to 2024-04-08 00:00:00+00:00, run_after=2024-04-09 00:00:00+00:00
[2024-04-08T21:09:23.997+0000] {processor.py:183} INFO - Processing /opt/airflow/dags/first_day_pythonop.py took 0.191 seconds
[2024-04-08T21:09:54.303+0000] {processor.py:161} INFO - Started process (PID=299) to work on /opt/airflow/dags/first_day_pythonop.py
[2024-04-08T21:09:54.306+0000] {processor.py:830} INFO - Processing file /opt/airflow/dags/first_day_pythonop.py for tasks to queue
[2024-04-08T21:09:54.312+0000] {logging_mixin.py:188} INFO - [2024-04-08T21:09:54.310+0000] {dagbag.py:540} INFO - Filling up the DagBag from /opt/airflow/dags/first_day_pythonop.py
[2024-04-08T21:09:54.349+0000] {processor.py:840} INFO - DAG(s) 'first_dag_pythonop' retrieved from /opt/airflow/dags/first_day_pythonop.py
[2024-04-08T21:09:54.392+0000] {logging_mixin.py:188} INFO - [2024-04-08T21:09:54.392+0000] {dag.py:3047} INFO - Sync 1 DAGs
[2024-04-08T21:09:54.437+0000] {logging_mixin.py:188} INFO - [2024-04-08T21:09:54.436+0000] {dag.py:3834} INFO - Setting next_dagrun for first_dag_pythonop to 2024-04-08 00:00:00+00:00, run_after=2024-04-09 00:00:00+00:00
[2024-04-08T21:09:54.478+0000] {processor.py:183} INFO - Processing /opt/airflow/dags/first_day_pythonop.py took 0.184 seconds
[2024-04-08T21:10:24.877+0000] {processor.py:161} INFO - Started process (PID=313) to work on /opt/airflow/dags/first_day_pythonop.py
[2024-04-08T21:10:24.879+0000] {processor.py:830} INFO - Processing file /opt/airflow/dags/first_day_pythonop.py for tasks to queue
[2024-04-08T21:10:24.883+0000] {logging_mixin.py:188} INFO - [2024-04-08T21:10:24.882+0000] {dagbag.py:540} INFO - Filling up the DagBag from /opt/airflow/dags/first_day_pythonop.py
[2024-04-08T21:10:24.931+0000] {processor.py:840} INFO - DAG(s) 'first_dag_pythonop' retrieved from /opt/airflow/dags/first_day_pythonop.py
[2024-04-08T21:10:24.980+0000] {logging_mixin.py:188} INFO - [2024-04-08T21:10:24.979+0000] {dag.py:3047} INFO - Sync 1 DAGs
[2024-04-08T21:10:25.031+0000] {logging_mixin.py:188} INFO - [2024-04-08T21:10:25.031+0000] {dag.py:3834} INFO - Setting next_dagrun for first_dag_pythonop to 2024-04-08 00:00:00+00:00, run_after=2024-04-09 00:00:00+00:00
[2024-04-08T21:10:25.079+0000] {processor.py:183} INFO - Processing /opt/airflow/dags/first_day_pythonop.py took 0.207 seconds
[2024-04-08T21:10:55.292+0000] {processor.py:161} INFO - Started process (PID=327) to work on /opt/airflow/dags/first_day_pythonop.py
[2024-04-08T21:10:55.294+0000] {processor.py:830} INFO - Processing file /opt/airflow/dags/first_day_pythonop.py for tasks to queue
[2024-04-08T21:10:55.298+0000] {logging_mixin.py:188} INFO - [2024-04-08T21:10:55.297+0000] {dagbag.py:540} INFO - Filling up the DagBag from /opt/airflow/dags/first_day_pythonop.py
[2024-04-08T21:10:55.346+0000] {processor.py:840} INFO - DAG(s) 'first_dag_pythonop' retrieved from /opt/airflow/dags/first_day_pythonop.py
[2024-04-08T21:10:55.388+0000] {logging_mixin.py:188} INFO - [2024-04-08T21:10:55.387+0000] {dag.py:3047} INFO - Sync 1 DAGs
[2024-04-08T21:10:55.428+0000] {logging_mixin.py:188} INFO - [2024-04-08T21:10:55.428+0000] {dag.py:3834} INFO - Setting next_dagrun for first_dag_pythonop to 2024-04-08 00:00:00+00:00, run_after=2024-04-09 00:00:00+00:00
[2024-04-08T21:10:55.472+0000] {processor.py:183} INFO - Processing /opt/airflow/dags/first_day_pythonop.py took 0.185 seconds
[2024-04-08T21:11:26.259+0000] {processor.py:161} INFO - Started process (PID=341) to work on /opt/airflow/dags/first_day_pythonop.py
[2024-04-08T21:11:26.262+0000] {processor.py:830} INFO - Processing file /opt/airflow/dags/first_day_pythonop.py for tasks to queue
[2024-04-08T21:11:26.266+0000] {logging_mixin.py:188} INFO - [2024-04-08T21:11:26.265+0000] {dagbag.py:540} INFO - Filling up the DagBag from /opt/airflow/dags/first_day_pythonop.py
[2024-04-08T21:11:26.318+0000] {processor.py:840} INFO - DAG(s) 'first_dag_pythonop' retrieved from /opt/airflow/dags/first_day_pythonop.py
[2024-04-08T21:11:26.371+0000] {logging_mixin.py:188} INFO - [2024-04-08T21:11:26.370+0000] {dag.py:3047} INFO - Sync 1 DAGs
[2024-04-08T21:11:26.424+0000] {logging_mixin.py:188} INFO - [2024-04-08T21:11:26.423+0000] {dag.py:3834} INFO - Setting next_dagrun for first_dag_pythonop to 2024-04-08 00:00:00+00:00, run_after=2024-04-09 00:00:00+00:00
[2024-04-08T21:11:26.467+0000] {processor.py:183} INFO - Processing /opt/airflow/dags/first_day_pythonop.py took 0.215 seconds
[2024-04-08T21:11:56.844+0000] {processor.py:161} INFO - Started process (PID=355) to work on /opt/airflow/dags/first_day_pythonop.py
[2024-04-08T21:11:56.848+0000] {processor.py:830} INFO - Processing file /opt/airflow/dags/first_day_pythonop.py for tasks to queue
[2024-04-08T21:11:56.852+0000] {logging_mixin.py:188} INFO - [2024-04-08T21:11:56.851+0000] {dagbag.py:540} INFO - Filling up the DagBag from /opt/airflow/dags/first_day_pythonop.py
[2024-04-08T21:11:56.904+0000] {processor.py:840} INFO - DAG(s) 'first_dag_pythonop' retrieved from /opt/airflow/dags/first_day_pythonop.py
[2024-04-08T21:11:56.956+0000] {logging_mixin.py:188} INFO - [2024-04-08T21:11:56.956+0000] {dag.py:3047} INFO - Sync 1 DAGs
[2024-04-08T21:11:57.016+0000] {logging_mixin.py:188} INFO - [2024-04-08T21:11:57.008+0000] {dag.py:3834} INFO - Setting next_dagrun for first_dag_pythonop to 2024-04-08 00:00:00+00:00, run_after=2024-04-09 00:00:00+00:00
[2024-04-08T21:11:57.063+0000] {processor.py:183} INFO - Processing /opt/airflow/dags/first_day_pythonop.py took 0.225 seconds
[2024-04-08T21:12:27.298+0000] {processor.py:161} INFO - Started process (PID=369) to work on /opt/airflow/dags/first_day_pythonop.py
[2024-04-08T21:12:27.301+0000] {processor.py:830} INFO - Processing file /opt/airflow/dags/first_day_pythonop.py for tasks to queue
[2024-04-08T21:12:27.304+0000] {logging_mixin.py:188} INFO - [2024-04-08T21:12:27.303+0000] {dagbag.py:540} INFO - Filling up the DagBag from /opt/airflow/dags/first_day_pythonop.py
[2024-04-08T21:12:27.354+0000] {processor.py:840} INFO - DAG(s) 'first_dag_pythonop' retrieved from /opt/airflow/dags/first_day_pythonop.py
[2024-04-08T21:12:27.398+0000] {logging_mixin.py:188} INFO - [2024-04-08T21:12:27.397+0000] {dag.py:3047} INFO - Sync 1 DAGs
[2024-04-08T21:12:27.454+0000] {logging_mixin.py:188} INFO - [2024-04-08T21:12:27.453+0000] {dag.py:3834} INFO - Setting next_dagrun for first_dag_pythonop to 2024-04-08 00:00:00+00:00, run_after=2024-04-09 00:00:00+00:00
[2024-04-08T21:12:27.501+0000] {processor.py:183} INFO - Processing /opt/airflow/dags/first_day_pythonop.py took 0.209 seconds
[2024-04-08T21:12:58.342+0000] {processor.py:161} INFO - Started process (PID=383) to work on /opt/airflow/dags/first_day_pythonop.py
[2024-04-08T21:12:58.344+0000] {processor.py:830} INFO - Processing file /opt/airflow/dags/first_day_pythonop.py for tasks to queue
[2024-04-08T21:12:58.348+0000] {logging_mixin.py:188} INFO - [2024-04-08T21:12:58.347+0000] {dagbag.py:540} INFO - Filling up the DagBag from /opt/airflow/dags/first_day_pythonop.py
[2024-04-08T21:12:58.391+0000] {processor.py:840} INFO - DAG(s) 'first_dag_pythonop' retrieved from /opt/airflow/dags/first_day_pythonop.py
[2024-04-08T21:12:58.432+0000] {logging_mixin.py:188} INFO - [2024-04-08T21:12:58.431+0000] {dag.py:3047} INFO - Sync 1 DAGs
[2024-04-08T21:12:58.476+0000] {logging_mixin.py:188} INFO - [2024-04-08T21:12:58.476+0000] {dag.py:3834} INFO - Setting next_dagrun for first_dag_pythonop to 2024-04-08 00:00:00+00:00, run_after=2024-04-09 00:00:00+00:00
[2024-04-08T21:12:58.530+0000] {processor.py:183} INFO - Processing /opt/airflow/dags/first_day_pythonop.py took 0.193 seconds
[2024-04-08T21:13:29.359+0000] {processor.py:161} INFO - Started process (PID=397) to work on /opt/airflow/dags/first_day_pythonop.py
[2024-04-08T21:13:29.367+0000] {processor.py:830} INFO - Processing file /opt/airflow/dags/first_day_pythonop.py for tasks to queue
[2024-04-08T21:13:29.371+0000] {logging_mixin.py:188} INFO - [2024-04-08T21:13:29.371+0000] {dagbag.py:540} INFO - Filling up the DagBag from /opt/airflow/dags/first_day_pythonop.py
[2024-04-08T21:13:29.419+0000] {processor.py:840} INFO - DAG(s) 'first_dag_pythonop' retrieved from /opt/airflow/dags/first_day_pythonop.py
[2024-04-08T21:13:29.466+0000] {logging_mixin.py:188} INFO - [2024-04-08T21:13:29.466+0000] {dag.py:3047} INFO - Sync 1 DAGs
[2024-04-08T21:13:29.513+0000] {logging_mixin.py:188} INFO - [2024-04-08T21:13:29.512+0000] {dag.py:3834} INFO - Setting next_dagrun for first_dag_pythonop to 2024-04-08 00:00:00+00:00, run_after=2024-04-09 00:00:00+00:00
[2024-04-08T21:13:29.570+0000] {processor.py:183} INFO - Processing /opt/airflow/dags/first_day_pythonop.py took 0.219 seconds
[2024-04-08T21:14:00.473+0000] {processor.py:161} INFO - Started process (PID=411) to work on /opt/airflow/dags/first_day_pythonop.py
[2024-04-08T21:14:00.476+0000] {processor.py:830} INFO - Processing file /opt/airflow/dags/first_day_pythonop.py for tasks to queue
[2024-04-08T21:14:00.479+0000] {logging_mixin.py:188} INFO - [2024-04-08T21:14:00.478+0000] {dagbag.py:540} INFO - Filling up the DagBag from /opt/airflow/dags/first_day_pythonop.py
[2024-04-08T21:14:00.617+0000] {processor.py:840} INFO - DAG(s) 'first_dag_pythonop' retrieved from /opt/airflow/dags/first_day_pythonop.py
[2024-04-08T21:14:00.676+0000] {logging_mixin.py:188} INFO - [2024-04-08T21:14:00.676+0000] {dag.py:3047} INFO - Sync 1 DAGs
[2024-04-08T21:14:00.726+0000] {logging_mixin.py:188} INFO - [2024-04-08T21:14:00.725+0000] {dag.py:3834} INFO - Setting next_dagrun for first_dag_pythonop to 2024-04-08 00:00:00+00:00, run_after=2024-04-09 00:00:00+00:00
[2024-04-08T21:14:00.771+0000] {processor.py:183} INFO - Processing /opt/airflow/dags/first_day_pythonop.py took 0.306 seconds
[2024-04-08T21:14:31.316+0000] {processor.py:161} INFO - Started process (PID=425) to work on /opt/airflow/dags/first_day_pythonop.py
[2024-04-08T21:14:31.318+0000] {processor.py:830} INFO - Processing file /opt/airflow/dags/first_day_pythonop.py for tasks to queue
[2024-04-08T21:14:31.321+0000] {logging_mixin.py:188} INFO - [2024-04-08T21:14:31.320+0000] {dagbag.py:540} INFO - Filling up the DagBag from /opt/airflow/dags/first_day_pythonop.py
[2024-04-08T21:14:31.372+0000] {processor.py:840} INFO - DAG(s) 'first_dag_pythonop' retrieved from /opt/airflow/dags/first_day_pythonop.py
[2024-04-08T21:14:31.422+0000] {logging_mixin.py:188} INFO - [2024-04-08T21:14:31.422+0000] {dag.py:3047} INFO - Sync 1 DAGs
[2024-04-08T21:14:31.472+0000] {logging_mixin.py:188} INFO - [2024-04-08T21:14:31.471+0000] {dag.py:3834} INFO - Setting next_dagrun for first_dag_pythonop to 2024-04-08 00:00:00+00:00, run_after=2024-04-09 00:00:00+00:00
[2024-04-08T21:14:31.512+0000] {processor.py:183} INFO - Processing /opt/airflow/dags/first_day_pythonop.py took 0.204 seconds
[2024-04-08T21:15:01.971+0000] {processor.py:161} INFO - Started process (PID=439) to work on /opt/airflow/dags/first_day_pythonop.py
[2024-04-08T21:15:01.973+0000] {processor.py:830} INFO - Processing file /opt/airflow/dags/first_day_pythonop.py for tasks to queue
[2024-04-08T21:15:01.977+0000] {logging_mixin.py:188} INFO - [2024-04-08T21:15:01.977+0000] {dagbag.py:540} INFO - Filling up the DagBag from /opt/airflow/dags/first_day_pythonop.py
[2024-04-08T21:15:02.027+0000] {processor.py:840} INFO - DAG(s) 'first_dag_pythonop' retrieved from /opt/airflow/dags/first_day_pythonop.py
[2024-04-08T21:15:02.083+0000] {logging_mixin.py:188} INFO - [2024-04-08T21:15:02.082+0000] {dag.py:3047} INFO - Sync 1 DAGs
[2024-04-08T21:15:02.134+0000] {logging_mixin.py:188} INFO - [2024-04-08T21:15:02.133+0000] {dag.py:3834} INFO - Setting next_dagrun for first_dag_pythonop to 2024-04-08 00:00:00+00:00, run_after=2024-04-09 00:00:00+00:00
[2024-04-08T21:15:02.184+0000] {processor.py:183} INFO - Processing /opt/airflow/dags/first_day_pythonop.py took 0.220 seconds
[2024-04-08T21:15:32.774+0000] {processor.py:161} INFO - Started process (PID=453) to work on /opt/airflow/dags/first_day_pythonop.py
[2024-04-08T21:15:32.776+0000] {processor.py:830} INFO - Processing file /opt/airflow/dags/first_day_pythonop.py for tasks to queue
[2024-04-08T21:15:32.780+0000] {logging_mixin.py:188} INFO - [2024-04-08T21:15:32.779+0000] {dagbag.py:540} INFO - Filling up the DagBag from /opt/airflow/dags/first_day_pythonop.py
[2024-04-08T21:15:32.834+0000] {processor.py:840} INFO - DAG(s) 'first_dag_pythonop' retrieved from /opt/airflow/dags/first_day_pythonop.py
[2024-04-08T21:15:32.890+0000] {logging_mixin.py:188} INFO - [2024-04-08T21:15:32.889+0000] {dag.py:3047} INFO - Sync 1 DAGs
[2024-04-08T21:15:32.937+0000] {logging_mixin.py:188} INFO - [2024-04-08T21:15:32.936+0000] {dag.py:3834} INFO - Setting next_dagrun for first_dag_pythonop to 2024-04-08 00:00:00+00:00, run_after=2024-04-09 00:00:00+00:00
[2024-04-08T21:15:32.983+0000] {processor.py:183} INFO - Processing /opt/airflow/dags/first_day_pythonop.py took 0.217 seconds
[2024-04-08T21:16:03.700+0000] {processor.py:161} INFO - Started process (PID=467) to work on /opt/airflow/dags/first_day_pythonop.py
[2024-04-08T21:16:03.702+0000] {processor.py:830} INFO - Processing file /opt/airflow/dags/first_day_pythonop.py for tasks to queue
[2024-04-08T21:16:03.706+0000] {logging_mixin.py:188} INFO - [2024-04-08T21:16:03.705+0000] {dagbag.py:540} INFO - Filling up the DagBag from /opt/airflow/dags/first_day_pythonop.py
[2024-04-08T21:16:03.754+0000] {processor.py:840} INFO - DAG(s) 'first_dag_pythonop' retrieved from /opt/airflow/dags/first_day_pythonop.py
[2024-04-08T21:16:03.796+0000] {logging_mixin.py:188} INFO - [2024-04-08T21:16:03.796+0000] {dag.py:3047} INFO - Sync 1 DAGs
[2024-04-08T21:16:03.843+0000] {logging_mixin.py:188} INFO - [2024-04-08T21:16:03.842+0000] {dag.py:3834} INFO - Setting next_dagrun for first_dag_pythonop to 2024-04-08 00:00:00+00:00, run_after=2024-04-09 00:00:00+00:00
[2024-04-08T21:16:03.881+0000] {processor.py:183} INFO - Processing /opt/airflow/dags/first_day_pythonop.py took 0.186 seconds
[2024-04-08T21:16:34.352+0000] {processor.py:161} INFO - Started process (PID=481) to work on /opt/airflow/dags/first_day_pythonop.py
[2024-04-08T21:16:34.354+0000] {processor.py:830} INFO - Processing file /opt/airflow/dags/first_day_pythonop.py for tasks to queue
[2024-04-08T21:16:34.357+0000] {logging_mixin.py:188} INFO - [2024-04-08T21:16:34.357+0000] {dagbag.py:540} INFO - Filling up the DagBag from /opt/airflow/dags/first_day_pythonop.py
[2024-04-08T21:16:34.406+0000] {processor.py:840} INFO - DAG(s) 'first_dag_pythonop' retrieved from /opt/airflow/dags/first_day_pythonop.py
[2024-04-08T21:16:34.454+0000] {logging_mixin.py:188} INFO - [2024-04-08T21:16:34.454+0000] {dag.py:3047} INFO - Sync 1 DAGs
[2024-04-08T21:16:34.498+0000] {logging_mixin.py:188} INFO - [2024-04-08T21:16:34.497+0000] {dag.py:3834} INFO - Setting next_dagrun for first_dag_pythonop to 2024-04-08 00:00:00+00:00, run_after=2024-04-09 00:00:00+00:00
[2024-04-08T21:16:34.546+0000] {processor.py:183} INFO - Processing /opt/airflow/dags/first_day_pythonop.py took 0.201 seconds
[2024-04-08T21:17:05.056+0000] {processor.py:161} INFO - Started process (PID=495) to work on /opt/airflow/dags/first_day_pythonop.py
[2024-04-08T21:17:05.060+0000] {processor.py:830} INFO - Processing file /opt/airflow/dags/first_day_pythonop.py for tasks to queue
[2024-04-08T21:17:05.068+0000] {logging_mixin.py:188} INFO - [2024-04-08T21:17:05.067+0000] {dagbag.py:540} INFO - Filling up the DagBag from /opt/airflow/dags/first_day_pythonop.py
[2024-04-08T21:17:05.139+0000] {processor.py:840} INFO - DAG(s) 'first_dag_pythonop' retrieved from /opt/airflow/dags/first_day_pythonop.py
[2024-04-08T21:17:05.186+0000] {logging_mixin.py:188} INFO - [2024-04-08T21:17:05.185+0000] {dag.py:3047} INFO - Sync 1 DAGs
[2024-04-08T21:17:05.231+0000] {logging_mixin.py:188} INFO - [2024-04-08T21:17:05.230+0000] {dag.py:3834} INFO - Setting next_dagrun for first_dag_pythonop to 2024-04-08 00:00:00+00:00, run_after=2024-04-09 00:00:00+00:00
[2024-04-08T21:17:05.278+0000] {processor.py:183} INFO - Processing /opt/airflow/dags/first_day_pythonop.py took 0.229 seconds
[2024-04-08T21:17:36.057+0000] {processor.py:161} INFO - Started process (PID=509) to work on /opt/airflow/dags/first_day_pythonop.py
[2024-04-08T21:17:36.059+0000] {processor.py:830} INFO - Processing file /opt/airflow/dags/first_day_pythonop.py for tasks to queue
[2024-04-08T21:17:36.063+0000] {logging_mixin.py:188} INFO - [2024-04-08T21:17:36.062+0000] {dagbag.py:540} INFO - Filling up the DagBag from /opt/airflow/dags/first_day_pythonop.py
[2024-04-08T21:17:36.114+0000] {processor.py:840} INFO - DAG(s) 'first_dag_pythonop' retrieved from /opt/airflow/dags/first_day_pythonop.py
[2024-04-08T21:17:36.160+0000] {logging_mixin.py:188} INFO - [2024-04-08T21:17:36.159+0000] {dag.py:3047} INFO - Sync 1 DAGs
[2024-04-08T21:17:36.206+0000] {logging_mixin.py:188} INFO - [2024-04-08T21:17:36.205+0000] {dag.py:3834} INFO - Setting next_dagrun for first_dag_pythonop to 2024-04-08 00:00:00+00:00, run_after=2024-04-09 00:00:00+00:00
[2024-04-08T21:17:36.254+0000] {processor.py:183} INFO - Processing /opt/airflow/dags/first_day_pythonop.py took 0.204 seconds
[2024-04-08T21:18:06.946+0000] {processor.py:161} INFO - Started process (PID=523) to work on /opt/airflow/dags/first_day_pythonop.py
[2024-04-08T21:18:06.947+0000] {processor.py:830} INFO - Processing file /opt/airflow/dags/first_day_pythonop.py for tasks to queue
[2024-04-08T21:18:06.951+0000] {logging_mixin.py:188} INFO - [2024-04-08T21:18:06.950+0000] {dagbag.py:540} INFO - Filling up the DagBag from /opt/airflow/dags/first_day_pythonop.py
[2024-04-08T21:18:06.997+0000] {processor.py:840} INFO - DAG(s) 'first_dag_pythonop' retrieved from /opt/airflow/dags/first_day_pythonop.py
[2024-04-08T21:18:07.045+0000] {logging_mixin.py:188} INFO - [2024-04-08T21:18:07.044+0000] {dag.py:3047} INFO - Sync 1 DAGs
[2024-04-08T21:18:07.097+0000] {logging_mixin.py:188} INFO - [2024-04-08T21:18:07.096+0000] {dag.py:3834} INFO - Setting next_dagrun for first_dag_pythonop to 2024-04-08 00:00:00+00:00, run_after=2024-04-09 00:00:00+00:00
[2024-04-08T21:18:07.137+0000] {processor.py:183} INFO - Processing /opt/airflow/dags/first_day_pythonop.py took 0.196 seconds
[2024-04-08T21:18:37.614+0000] {processor.py:161} INFO - Started process (PID=537) to work on /opt/airflow/dags/first_day_pythonop.py
[2024-04-08T21:18:37.616+0000] {processor.py:830} INFO - Processing file /opt/airflow/dags/first_day_pythonop.py for tasks to queue
[2024-04-08T21:18:37.620+0000] {logging_mixin.py:188} INFO - [2024-04-08T21:18:37.619+0000] {dagbag.py:540} INFO - Filling up the DagBag from /opt/airflow/dags/first_day_pythonop.py
[2024-04-08T21:18:37.671+0000] {processor.py:840} INFO - DAG(s) 'first_dag_pythonop' retrieved from /opt/airflow/dags/first_day_pythonop.py
[2024-04-08T21:18:37.718+0000] {logging_mixin.py:188} INFO - [2024-04-08T21:18:37.717+0000] {dag.py:3047} INFO - Sync 1 DAGs
[2024-04-08T21:18:37.782+0000] {logging_mixin.py:188} INFO - [2024-04-08T21:18:37.781+0000] {dag.py:3834} INFO - Setting next_dagrun for first_dag_pythonop to 2024-04-08 00:00:00+00:00, run_after=2024-04-09 00:00:00+00:00
[2024-04-08T21:18:37.830+0000] {processor.py:183} INFO - Processing /opt/airflow/dags/first_day_pythonop.py took 0.222 seconds
[2024-04-08T21:19:08.367+0000] {processor.py:161} INFO - Started process (PID=551) to work on /opt/airflow/dags/first_day_pythonop.py
[2024-04-08T21:19:08.370+0000] {processor.py:830} INFO - Processing file /opt/airflow/dags/first_day_pythonop.py for tasks to queue
[2024-04-08T21:19:08.375+0000] {logging_mixin.py:188} INFO - [2024-04-08T21:19:08.374+0000] {dagbag.py:540} INFO - Filling up the DagBag from /opt/airflow/dags/first_day_pythonop.py
[2024-04-08T21:19:08.422+0000] {processor.py:840} INFO - DAG(s) 'first_dag_pythonop' retrieved from /opt/airflow/dags/first_day_pythonop.py
[2024-04-08T21:19:08.473+0000] {logging_mixin.py:188} INFO - [2024-04-08T21:19:08.472+0000] {dag.py:3047} INFO - Sync 1 DAGs
[2024-04-08T21:19:08.522+0000] {logging_mixin.py:188} INFO - [2024-04-08T21:19:08.522+0000] {dag.py:3834} INFO - Setting next_dagrun for first_dag_pythonop to 2024-04-08 00:00:00+00:00, run_after=2024-04-09 00:00:00+00:00
[2024-04-08T21:19:08.562+0000] {processor.py:183} INFO - Processing /opt/airflow/dags/first_day_pythonop.py took 0.202 seconds
[2024-04-08T21:19:39.124+0000] {processor.py:161} INFO - Started process (PID=565) to work on /opt/airflow/dags/first_day_pythonop.py
[2024-04-08T21:19:39.127+0000] {processor.py:830} INFO - Processing file /opt/airflow/dags/first_day_pythonop.py for tasks to queue
[2024-04-08T21:19:39.131+0000] {logging_mixin.py:188} INFO - [2024-04-08T21:19:39.130+0000] {dagbag.py:540} INFO - Filling up the DagBag from /opt/airflow/dags/first_day_pythonop.py
[2024-04-08T21:19:39.182+0000] {processor.py:840} INFO - DAG(s) 'first_dag_pythonop' retrieved from /opt/airflow/dags/first_day_pythonop.py
[2024-04-08T21:19:39.227+0000] {logging_mixin.py:188} INFO - [2024-04-08T21:19:39.226+0000] {dag.py:3047} INFO - Sync 1 DAGs
[2024-04-08T21:19:39.278+0000] {logging_mixin.py:188} INFO - [2024-04-08T21:19:39.277+0000] {dag.py:3834} INFO - Setting next_dagrun for first_dag_pythonop to 2024-04-08 00:00:00+00:00, run_after=2024-04-09 00:00:00+00:00
[2024-04-08T21:19:39.316+0000] {processor.py:183} INFO - Processing /opt/airflow/dags/first_day_pythonop.py took 0.198 seconds
[2024-04-08T21:20:09.826+0000] {processor.py:161} INFO - Started process (PID=579) to work on /opt/airflow/dags/first_day_pythonop.py
[2024-04-08T21:20:09.829+0000] {processor.py:830} INFO - Processing file /opt/airflow/dags/first_day_pythonop.py for tasks to queue
[2024-04-08T21:20:09.832+0000] {logging_mixin.py:188} INFO - [2024-04-08T21:20:09.831+0000] {dagbag.py:540} INFO - Filling up the DagBag from /opt/airflow/dags/first_day_pythonop.py
[2024-04-08T21:20:09.882+0000] {processor.py:840} INFO - DAG(s) 'first_dag_pythonop' retrieved from /opt/airflow/dags/first_day_pythonop.py
[2024-04-08T21:20:09.931+0000] {logging_mixin.py:188} INFO - [2024-04-08T21:20:09.931+0000] {dag.py:3047} INFO - Sync 1 DAGs
[2024-04-08T21:20:09.984+0000] {logging_mixin.py:188} INFO - [2024-04-08T21:20:09.984+0000] {dag.py:3834} INFO - Setting next_dagrun for first_dag_pythonop to 2024-04-08 00:00:00+00:00, run_after=2024-04-09 00:00:00+00:00
[2024-04-08T21:20:10.030+0000] {processor.py:183} INFO - Processing /opt/airflow/dags/first_day_pythonop.py took 0.209 seconds
[2024-04-08T21:20:40.655+0000] {processor.py:161} INFO - Started process (PID=593) to work on /opt/airflow/dags/first_day_pythonop.py
[2024-04-08T21:20:40.657+0000] {processor.py:830} INFO - Processing file /opt/airflow/dags/first_day_pythonop.py for tasks to queue
[2024-04-08T21:20:40.662+0000] {logging_mixin.py:188} INFO - [2024-04-08T21:20:40.661+0000] {dagbag.py:540} INFO - Filling up the DagBag from /opt/airflow/dags/first_day_pythonop.py
[2024-04-08T21:20:40.715+0000] {processor.py:840} INFO - DAG(s) 'first_dag_pythonop' retrieved from /opt/airflow/dags/first_day_pythonop.py
[2024-04-08T21:20:40.768+0000] {logging_mixin.py:188} INFO - [2024-04-08T21:20:40.768+0000] {dag.py:3047} INFO - Sync 1 DAGs
[2024-04-08T21:20:40.831+0000] {logging_mixin.py:188} INFO - [2024-04-08T21:20:40.830+0000] {dag.py:3834} INFO - Setting next_dagrun for first_dag_pythonop to 2024-04-08 00:00:00+00:00, run_after=2024-04-09 00:00:00+00:00
[2024-04-08T21:20:40.881+0000] {processor.py:183} INFO - Processing /opt/airflow/dags/first_day_pythonop.py took 0.234 seconds
[2024-04-08T21:21:11.386+0000] {processor.py:161} INFO - Started process (PID=607) to work on /opt/airflow/dags/first_day_pythonop.py
[2024-04-08T21:21:11.391+0000] {processor.py:830} INFO - Processing file /opt/airflow/dags/first_day_pythonop.py for tasks to queue
[2024-04-08T21:21:11.396+0000] {logging_mixin.py:188} INFO - [2024-04-08T21:21:11.395+0000] {dagbag.py:540} INFO - Filling up the DagBag from /opt/airflow/dags/first_day_pythonop.py
[2024-04-08T21:21:11.442+0000] {processor.py:840} INFO - DAG(s) 'first_dag_pythonop' retrieved from /opt/airflow/dags/first_day_pythonop.py
[2024-04-08T21:21:11.486+0000] {logging_mixin.py:188} INFO - [2024-04-08T21:21:11.486+0000] {dag.py:3047} INFO - Sync 1 DAGs
[2024-04-08T21:21:11.531+0000] {logging_mixin.py:188} INFO - [2024-04-08T21:21:11.531+0000] {dag.py:3834} INFO - Setting next_dagrun for first_dag_pythonop to 2024-04-08 00:00:00+00:00, run_after=2024-04-09 00:00:00+00:00
[2024-04-08T21:21:11.571+0000] {processor.py:183} INFO - Processing /opt/airflow/dags/first_day_pythonop.py took 0.190 seconds
[2024-04-08T21:21:42.213+0000] {processor.py:161} INFO - Started process (PID=621) to work on /opt/airflow/dags/first_day_pythonop.py
[2024-04-08T21:21:42.215+0000] {processor.py:830} INFO - Processing file /opt/airflow/dags/first_day_pythonop.py for tasks to queue
[2024-04-08T21:21:42.219+0000] {logging_mixin.py:188} INFO - [2024-04-08T21:21:42.218+0000] {dagbag.py:540} INFO - Filling up the DagBag from /opt/airflow/dags/first_day_pythonop.py
[2024-04-08T21:21:42.264+0000] {processor.py:840} INFO - DAG(s) 'first_dag_pythonop' retrieved from /opt/airflow/dags/first_day_pythonop.py
[2024-04-08T21:21:42.316+0000] {logging_mixin.py:188} INFO - [2024-04-08T21:21:42.315+0000] {dag.py:3047} INFO - Sync 1 DAGs
[2024-04-08T21:21:42.367+0000] {logging_mixin.py:188} INFO - [2024-04-08T21:21:42.366+0000] {dag.py:3834} INFO - Setting next_dagrun for first_dag_pythonop to 2024-04-08 00:00:00+00:00, run_after=2024-04-09 00:00:00+00:00
[2024-04-08T21:21:42.413+0000] {processor.py:183} INFO - Processing /opt/airflow/dags/first_day_pythonop.py took 0.205 seconds
[2024-04-08T21:22:13.256+0000] {processor.py:161} INFO - Started process (PID=635) to work on /opt/airflow/dags/first_day_pythonop.py
[2024-04-08T21:22:13.258+0000] {processor.py:830} INFO - Processing file /opt/airflow/dags/first_day_pythonop.py for tasks to queue
[2024-04-08T21:22:13.264+0000] {logging_mixin.py:188} INFO - [2024-04-08T21:22:13.263+0000] {dagbag.py:540} INFO - Filling up the DagBag from /opt/airflow/dags/first_day_pythonop.py
[2024-04-08T21:22:13.312+0000] {processor.py:840} INFO - DAG(s) 'first_dag_pythonop' retrieved from /opt/airflow/dags/first_day_pythonop.py
[2024-04-08T21:22:13.362+0000] {logging_mixin.py:188} INFO - [2024-04-08T21:22:13.361+0000] {dag.py:3047} INFO - Sync 1 DAGs
[2024-04-08T21:22:13.417+0000] {logging_mixin.py:188} INFO - [2024-04-08T21:22:13.416+0000] {dag.py:3834} INFO - Setting next_dagrun for first_dag_pythonop to 2024-04-08 00:00:00+00:00, run_after=2024-04-09 00:00:00+00:00
[2024-04-08T21:22:13.459+0000] {processor.py:183} INFO - Processing /opt/airflow/dags/first_day_pythonop.py took 0.209 seconds
[2024-04-08T21:22:44.029+0000] {processor.py:161} INFO - Started process (PID=649) to work on /opt/airflow/dags/first_day_pythonop.py
[2024-04-08T21:22:44.031+0000] {processor.py:830} INFO - Processing file /opt/airflow/dags/first_day_pythonop.py for tasks to queue
[2024-04-08T21:22:44.035+0000] {logging_mixin.py:188} INFO - [2024-04-08T21:22:44.034+0000] {dagbag.py:540} INFO - Filling up the DagBag from /opt/airflow/dags/first_day_pythonop.py
[2024-04-08T21:22:44.084+0000] {processor.py:840} INFO - DAG(s) 'first_dag_pythonop' retrieved from /opt/airflow/dags/first_day_pythonop.py
[2024-04-08T21:22:44.127+0000] {logging_mixin.py:188} INFO - [2024-04-08T21:22:44.127+0000] {dag.py:3047} INFO - Sync 1 DAGs
[2024-04-08T21:22:44.170+0000] {logging_mixin.py:188} INFO - [2024-04-08T21:22:44.170+0000] {dag.py:3834} INFO - Setting next_dagrun for first_dag_pythonop to 2024-04-08 00:00:00+00:00, run_after=2024-04-09 00:00:00+00:00
[2024-04-08T21:22:44.217+0000] {processor.py:183} INFO - Processing /opt/airflow/dags/first_day_pythonop.py took 0.193 seconds
[2024-04-08T21:23:14.816+0000] {processor.py:161} INFO - Started process (PID=663) to work on /opt/airflow/dags/first_day_pythonop.py
[2024-04-08T21:23:14.823+0000] {processor.py:830} INFO - Processing file /opt/airflow/dags/first_day_pythonop.py for tasks to queue
[2024-04-08T21:23:14.833+0000] {logging_mixin.py:188} INFO - [2024-04-08T21:23:14.832+0000] {dagbag.py:540} INFO - Filling up the DagBag from /opt/airflow/dags/first_day_pythonop.py
[2024-04-08T21:23:14.886+0000] {processor.py:840} INFO - DAG(s) 'first_dag_pythonop' retrieved from /opt/airflow/dags/first_day_pythonop.py
[2024-04-08T21:23:14.934+0000] {logging_mixin.py:188} INFO - [2024-04-08T21:23:14.933+0000] {dag.py:3047} INFO - Sync 1 DAGs
[2024-04-08T21:23:14.986+0000] {logging_mixin.py:188} INFO - [2024-04-08T21:23:14.986+0000] {dag.py:3834} INFO - Setting next_dagrun for first_dag_pythonop to 2024-04-08 00:00:00+00:00, run_after=2024-04-09 00:00:00+00:00
[2024-04-08T21:23:15.021+0000] {processor.py:183} INFO - Processing /opt/airflow/dags/first_day_pythonop.py took 0.212 seconds
[2024-04-08T21:23:45.440+0000] {processor.py:161} INFO - Started process (PID=677) to work on /opt/airflow/dags/first_day_pythonop.py
[2024-04-08T21:23:45.443+0000] {processor.py:830} INFO - Processing file /opt/airflow/dags/first_day_pythonop.py for tasks to queue
[2024-04-08T21:23:45.447+0000] {logging_mixin.py:188} INFO - [2024-04-08T21:23:45.446+0000] {dagbag.py:540} INFO - Filling up the DagBag from /opt/airflow/dags/first_day_pythonop.py
[2024-04-08T21:23:45.497+0000] {processor.py:840} INFO - DAG(s) 'first_dag_pythonop' retrieved from /opt/airflow/dags/first_day_pythonop.py
[2024-04-08T21:23:45.548+0000] {logging_mixin.py:188} INFO - [2024-04-08T21:23:45.547+0000] {dag.py:3047} INFO - Sync 1 DAGs
[2024-04-08T21:23:45.605+0000] {logging_mixin.py:188} INFO - [2024-04-08T21:23:45.604+0000] {dag.py:3834} INFO - Setting next_dagrun for first_dag_pythonop to 2024-04-08 00:00:00+00:00, run_after=2024-04-09 00:00:00+00:00
[2024-04-08T21:23:45.655+0000] {processor.py:183} INFO - Processing /opt/airflow/dags/first_day_pythonop.py took 0.225 seconds
[2024-04-08T21:24:16.355+0000] {processor.py:161} INFO - Started process (PID=691) to work on /opt/airflow/dags/first_day_pythonop.py
[2024-04-08T21:24:16.358+0000] {processor.py:830} INFO - Processing file /opt/airflow/dags/first_day_pythonop.py for tasks to queue
[2024-04-08T21:24:16.362+0000] {logging_mixin.py:188} INFO - [2024-04-08T21:24:16.361+0000] {dagbag.py:540} INFO - Filling up the DagBag from /opt/airflow/dags/first_day_pythonop.py
[2024-04-08T21:24:16.416+0000] {processor.py:840} INFO - DAG(s) 'first_dag_pythonop' retrieved from /opt/airflow/dags/first_day_pythonop.py
[2024-04-08T21:24:16.479+0000] {logging_mixin.py:188} INFO - [2024-04-08T21:24:16.478+0000] {dag.py:3047} INFO - Sync 1 DAGs
[2024-04-08T21:24:16.540+0000] {logging_mixin.py:188} INFO - [2024-04-08T21:24:16.539+0000] {dag.py:3834} INFO - Setting next_dagrun for first_dag_pythonop to 2024-04-08 00:00:00+00:00, run_after=2024-04-09 00:00:00+00:00
[2024-04-08T21:24:16.594+0000] {processor.py:183} INFO - Processing /opt/airflow/dags/first_day_pythonop.py took 0.246 seconds
[2024-04-08T21:24:47.105+0000] {processor.py:161} INFO - Started process (PID=705) to work on /opt/airflow/dags/first_day_pythonop.py
[2024-04-08T21:24:47.108+0000] {processor.py:830} INFO - Processing file /opt/airflow/dags/first_day_pythonop.py for tasks to queue
[2024-04-08T21:24:47.113+0000] {logging_mixin.py:188} INFO - [2024-04-08T21:24:47.112+0000] {dagbag.py:540} INFO - Filling up the DagBag from /opt/airflow/dags/first_day_pythonop.py
[2024-04-08T21:24:47.166+0000] {processor.py:840} INFO - DAG(s) 'first_dag_pythonop' retrieved from /opt/airflow/dags/first_day_pythonop.py
[2024-04-08T21:24:47.216+0000] {logging_mixin.py:188} INFO - [2024-04-08T21:24:47.215+0000] {dag.py:3047} INFO - Sync 1 DAGs
[2024-04-08T21:24:47.262+0000] {logging_mixin.py:188} INFO - [2024-04-08T21:24:47.262+0000] {dag.py:3834} INFO - Setting next_dagrun for first_dag_pythonop to 2024-04-08 00:00:00+00:00, run_after=2024-04-09 00:00:00+00:00
[2024-04-08T21:24:47.302+0000] {processor.py:183} INFO - Processing /opt/airflow/dags/first_day_pythonop.py took 0.204 seconds
[2024-04-08T21:25:17.943+0000] {processor.py:161} INFO - Started process (PID=719) to work on /opt/airflow/dags/first_day_pythonop.py
[2024-04-08T21:25:17.948+0000] {processor.py:830} INFO - Processing file /opt/airflow/dags/first_day_pythonop.py for tasks to queue
[2024-04-08T21:25:17.953+0000] {logging_mixin.py:188} INFO - [2024-04-08T21:25:17.952+0000] {dagbag.py:540} INFO - Filling up the DagBag from /opt/airflow/dags/first_day_pythonop.py
[2024-04-08T21:25:18.005+0000] {processor.py:840} INFO - DAG(s) 'first_dag_pythonop' retrieved from /opt/airflow/dags/first_day_pythonop.py
[2024-04-08T21:25:18.054+0000] {logging_mixin.py:188} INFO - [2024-04-08T21:25:18.053+0000] {dag.py:3047} INFO - Sync 1 DAGs
[2024-04-08T21:25:18.105+0000] {logging_mixin.py:188} INFO - [2024-04-08T21:25:18.104+0000] {dag.py:3834} INFO - Setting next_dagrun for first_dag_pythonop to 2024-04-08 00:00:00+00:00, run_after=2024-04-09 00:00:00+00:00
[2024-04-08T21:25:18.151+0000] {processor.py:183} INFO - Processing /opt/airflow/dags/first_day_pythonop.py took 0.216 seconds
[2024-04-08T21:25:48.669+0000] {processor.py:161} INFO - Started process (PID=733) to work on /opt/airflow/dags/first_day_pythonop.py
[2024-04-08T21:25:48.671+0000] {processor.py:830} INFO - Processing file /opt/airflow/dags/first_day_pythonop.py for tasks to queue
[2024-04-08T21:25:48.675+0000] {logging_mixin.py:188} INFO - [2024-04-08T21:25:48.674+0000] {dagbag.py:540} INFO - Filling up the DagBag from /opt/airflow/dags/first_day_pythonop.py
[2024-04-08T21:25:48.726+0000] {processor.py:840} INFO - DAG(s) 'first_dag_pythonop' retrieved from /opt/airflow/dags/first_day_pythonop.py
[2024-04-08T21:25:48.766+0000] {logging_mixin.py:188} INFO - [2024-04-08T21:25:48.766+0000] {dag.py:3047} INFO - Sync 1 DAGs
[2024-04-08T21:25:48.812+0000] {logging_mixin.py:188} INFO - [2024-04-08T21:25:48.812+0000] {dag.py:3834} INFO - Setting next_dagrun for first_dag_pythonop to 2024-04-08 00:00:00+00:00, run_after=2024-04-09 00:00:00+00:00
[2024-04-08T21:25:48.853+0000] {processor.py:183} INFO - Processing /opt/airflow/dags/first_day_pythonop.py took 0.188 seconds
[2024-04-08T21:26:19.443+0000] {processor.py:161} INFO - Started process (PID=747) to work on /opt/airflow/dags/first_day_pythonop.py
[2024-04-08T21:26:19.445+0000] {processor.py:830} INFO - Processing file /opt/airflow/dags/first_day_pythonop.py for tasks to queue
[2024-04-08T21:26:19.449+0000] {logging_mixin.py:188} INFO - [2024-04-08T21:26:19.448+0000] {dagbag.py:540} INFO - Filling up the DagBag from /opt/airflow/dags/first_day_pythonop.py
[2024-04-08T21:26:19.491+0000] {processor.py:840} INFO - DAG(s) 'first_dag_pythonop' retrieved from /opt/airflow/dags/first_day_pythonop.py
[2024-04-08T21:26:19.538+0000] {logging_mixin.py:188} INFO - [2024-04-08T21:26:19.538+0000] {dag.py:3047} INFO - Sync 1 DAGs
[2024-04-08T21:26:19.585+0000] {logging_mixin.py:188} INFO - [2024-04-08T21:26:19.584+0000] {dag.py:3834} INFO - Setting next_dagrun for first_dag_pythonop to 2024-04-08 00:00:00+00:00, run_after=2024-04-09 00:00:00+00:00
[2024-04-08T21:26:19.634+0000] {processor.py:183} INFO - Processing /opt/airflow/dags/first_day_pythonop.py took 0.195 seconds
[2024-04-08T21:26:50.120+0000] {processor.py:161} INFO - Started process (PID=761) to work on /opt/airflow/dags/first_day_pythonop.py
[2024-04-08T21:26:50.122+0000] {processor.py:830} INFO - Processing file /opt/airflow/dags/first_day_pythonop.py for tasks to queue
[2024-04-08T21:26:50.125+0000] {logging_mixin.py:188} INFO - [2024-04-08T21:26:50.125+0000] {dagbag.py:540} INFO - Filling up the DagBag from /opt/airflow/dags/first_day_pythonop.py
[2024-04-08T21:26:50.169+0000] {processor.py:840} INFO - DAG(s) 'first_dag_pythonop' retrieved from /opt/airflow/dags/first_day_pythonop.py
[2024-04-08T21:26:50.212+0000] {logging_mixin.py:188} INFO - [2024-04-08T21:26:50.212+0000] {dag.py:3047} INFO - Sync 1 DAGs
[2024-04-08T21:26:50.253+0000] {logging_mixin.py:188} INFO - [2024-04-08T21:26:50.253+0000] {dag.py:3834} INFO - Setting next_dagrun for first_dag_pythonop to 2024-04-08 00:00:00+00:00, run_after=2024-04-09 00:00:00+00:00
[2024-04-08T21:26:50.294+0000] {processor.py:183} INFO - Processing /opt/airflow/dags/first_day_pythonop.py took 0.179 seconds
[2024-04-08T21:27:20.941+0000] {processor.py:161} INFO - Started process (PID=775) to work on /opt/airflow/dags/first_day_pythonop.py
[2024-04-08T21:27:20.944+0000] {processor.py:830} INFO - Processing file /opt/airflow/dags/first_day_pythonop.py for tasks to queue
[2024-04-08T21:27:20.947+0000] {logging_mixin.py:188} INFO - [2024-04-08T21:27:20.947+0000] {dagbag.py:540} INFO - Filling up the DagBag from /opt/airflow/dags/first_day_pythonop.py
[2024-04-08T21:27:20.998+0000] {processor.py:840} INFO - DAG(s) 'first_dag_pythonop' retrieved from /opt/airflow/dags/first_day_pythonop.py
[2024-04-08T21:27:21.049+0000] {logging_mixin.py:188} INFO - [2024-04-08T21:27:21.049+0000] {dag.py:3047} INFO - Sync 1 DAGs
[2024-04-08T21:27:21.093+0000] {logging_mixin.py:188} INFO - [2024-04-08T21:27:21.093+0000] {dag.py:3834} INFO - Setting next_dagrun for first_dag_pythonop to 2024-04-08 00:00:00+00:00, run_after=2024-04-09 00:00:00+00:00
[2024-04-08T21:27:21.141+0000] {processor.py:183} INFO - Processing /opt/airflow/dags/first_day_pythonop.py took 0.206 seconds
[2024-04-08T21:27:51.738+0000] {processor.py:161} INFO - Started process (PID=789) to work on /opt/airflow/dags/first_day_pythonop.py
[2024-04-08T21:27:51.740+0000] {processor.py:830} INFO - Processing file /opt/airflow/dags/first_day_pythonop.py for tasks to queue
[2024-04-08T21:27:51.746+0000] {logging_mixin.py:188} INFO - [2024-04-08T21:27:51.745+0000] {dagbag.py:540} INFO - Filling up the DagBag from /opt/airflow/dags/first_day_pythonop.py
[2024-04-08T21:27:51.795+0000] {processor.py:840} INFO - DAG(s) 'first_dag_pythonop' retrieved from /opt/airflow/dags/first_day_pythonop.py
[2024-04-08T21:27:51.849+0000] {logging_mixin.py:188} INFO - [2024-04-08T21:27:51.848+0000] {dag.py:3047} INFO - Sync 1 DAGs
[2024-04-08T21:27:51.910+0000] {logging_mixin.py:188} INFO - [2024-04-08T21:27:51.909+0000] {dag.py:3834} INFO - Setting next_dagrun for first_dag_pythonop to 2024-04-08 00:00:00+00:00, run_after=2024-04-09 00:00:00+00:00
[2024-04-08T21:27:51.956+0000] {processor.py:183} INFO - Processing /opt/airflow/dags/first_day_pythonop.py took 0.224 seconds
[2024-04-08T21:28:22.547+0000] {processor.py:161} INFO - Started process (PID=803) to work on /opt/airflow/dags/first_day_pythonop.py
[2024-04-08T21:28:22.549+0000] {processor.py:830} INFO - Processing file /opt/airflow/dags/first_day_pythonop.py for tasks to queue
[2024-04-08T21:28:22.553+0000] {logging_mixin.py:188} INFO - [2024-04-08T21:28:22.552+0000] {dagbag.py:540} INFO - Filling up the DagBag from /opt/airflow/dags/first_day_pythonop.py
[2024-04-08T21:28:22.600+0000] {processor.py:840} INFO - DAG(s) 'first_dag_pythonop' retrieved from /opt/airflow/dags/first_day_pythonop.py
[2024-04-08T21:28:22.662+0000] {logging_mixin.py:188} INFO - [2024-04-08T21:28:22.662+0000] {dag.py:3047} INFO - Sync 1 DAGs
[2024-04-08T21:28:22.713+0000] {logging_mixin.py:188} INFO - [2024-04-08T21:28:22.712+0000] {dag.py:3834} INFO - Setting next_dagrun for first_dag_pythonop to 2024-04-08 00:00:00+00:00, run_after=2024-04-09 00:00:00+00:00
[2024-04-08T21:28:22.762+0000] {processor.py:183} INFO - Processing /opt/airflow/dags/first_day_pythonop.py took 0.221 seconds
[2024-04-08T21:28:53.362+0000] {processor.py:161} INFO - Started process (PID=818) to work on /opt/airflow/dags/first_day_pythonop.py
[2024-04-08T21:28:53.366+0000] {processor.py:830} INFO - Processing file /opt/airflow/dags/first_day_pythonop.py for tasks to queue
[2024-04-08T21:28:53.371+0000] {logging_mixin.py:188} INFO - [2024-04-08T21:28:53.370+0000] {dagbag.py:540} INFO - Filling up the DagBag from /opt/airflow/dags/first_day_pythonop.py
[2024-04-08T21:28:53.420+0000] {processor.py:840} INFO - DAG(s) 'first_dag_pythonop' retrieved from /opt/airflow/dags/first_day_pythonop.py
[2024-04-08T21:28:53.463+0000] {logging_mixin.py:188} INFO - [2024-04-08T21:28:53.463+0000] {dag.py:3047} INFO - Sync 1 DAGs
[2024-04-08T21:28:53.528+0000] {logging_mixin.py:188} INFO - [2024-04-08T21:28:53.528+0000] {dag.py:3834} INFO - Setting next_dagrun for first_dag_pythonop to 2024-04-08 00:00:00+00:00, run_after=2024-04-09 00:00:00+00:00
[2024-04-08T21:28:53.570+0000] {processor.py:183} INFO - Processing /opt/airflow/dags/first_day_pythonop.py took 0.216 seconds
[2024-04-08T21:29:24.196+0000] {processor.py:161} INFO - Started process (PID=838) to work on /opt/airflow/dags/first_day_pythonop.py
[2024-04-08T21:29:24.198+0000] {processor.py:830} INFO - Processing file /opt/airflow/dags/first_day_pythonop.py for tasks to queue
[2024-04-08T21:29:24.202+0000] {logging_mixin.py:188} INFO - [2024-04-08T21:29:24.201+0000] {dagbag.py:540} INFO - Filling up the DagBag from /opt/airflow/dags/first_day_pythonop.py
[2024-04-08T21:29:24.256+0000] {processor.py:840} INFO - DAG(s) 'first_dag_pythonop' retrieved from /opt/airflow/dags/first_day_pythonop.py
[2024-04-08T21:29:24.301+0000] {logging_mixin.py:188} INFO - [2024-04-08T21:29:24.300+0000] {dag.py:3047} INFO - Sync 1 DAGs
[2024-04-08T21:29:24.344+0000] {logging_mixin.py:188} INFO - [2024-04-08T21:29:24.343+0000] {dag.py:3834} INFO - Setting next_dagrun for first_dag_pythonop to 2024-04-08 00:00:00+00:00, run_after=2024-04-09 00:00:00+00:00
[2024-04-08T21:29:24.395+0000] {processor.py:183} INFO - Processing /opt/airflow/dags/first_day_pythonop.py took 0.204 seconds
[2024-04-08T21:29:55.009+0000] {processor.py:161} INFO - Started process (PID=852) to work on /opt/airflow/dags/first_day_pythonop.py
[2024-04-08T21:29:55.012+0000] {processor.py:830} INFO - Processing file /opt/airflow/dags/first_day_pythonop.py for tasks to queue
[2024-04-08T21:29:55.016+0000] {logging_mixin.py:188} INFO - [2024-04-08T21:29:55.015+0000] {dagbag.py:540} INFO - Filling up the DagBag from /opt/airflow/dags/first_day_pythonop.py
[2024-04-08T21:29:55.073+0000] {processor.py:840} INFO - DAG(s) 'first_dag_pythonop' retrieved from /opt/airflow/dags/first_day_pythonop.py
[2024-04-08T21:29:55.131+0000] {logging_mixin.py:188} INFO - [2024-04-08T21:29:55.131+0000] {dag.py:3047} INFO - Sync 1 DAGs
[2024-04-08T21:29:55.193+0000] {logging_mixin.py:188} INFO - [2024-04-08T21:29:55.192+0000] {dag.py:3834} INFO - Setting next_dagrun for first_dag_pythonop to 2024-04-08 00:00:00+00:00, run_after=2024-04-09 00:00:00+00:00
[2024-04-08T21:29:55.248+0000] {processor.py:183} INFO - Processing /opt/airflow/dags/first_day_pythonop.py took 0.245 seconds
[2024-04-08T21:30:25.555+0000] {processor.py:161} INFO - Started process (PID=866) to work on /opt/airflow/dags/first_day_pythonop.py
[2024-04-08T21:30:25.557+0000] {processor.py:830} INFO - Processing file /opt/airflow/dags/first_day_pythonop.py for tasks to queue
[2024-04-08T21:30:25.560+0000] {logging_mixin.py:188} INFO - [2024-04-08T21:30:25.560+0000] {dagbag.py:540} INFO - Filling up the DagBag from /opt/airflow/dags/first_day_pythonop.py
[2024-04-08T21:30:25.607+0000] {processor.py:840} INFO - DAG(s) 'first_dag_pythonop' retrieved from /opt/airflow/dags/first_day_pythonop.py
[2024-04-08T21:30:25.647+0000] {logging_mixin.py:188} INFO - [2024-04-08T21:30:25.647+0000] {dag.py:3047} INFO - Sync 1 DAGs
[2024-04-08T21:30:25.689+0000] {logging_mixin.py:188} INFO - [2024-04-08T21:30:25.689+0000] {dag.py:3834} INFO - Setting next_dagrun for first_dag_pythonop to 2024-04-08 00:00:00+00:00, run_after=2024-04-09 00:00:00+00:00
[2024-04-08T21:30:25.731+0000] {processor.py:183} INFO - Processing /opt/airflow/dags/first_day_pythonop.py took 0.182 seconds
[2024-04-08T21:30:56.099+0000] {processor.py:161} INFO - Started process (PID=880) to work on /opt/airflow/dags/first_day_pythonop.py
[2024-04-08T21:30:56.102+0000] {processor.py:830} INFO - Processing file /opt/airflow/dags/first_day_pythonop.py for tasks to queue
[2024-04-08T21:30:56.106+0000] {logging_mixin.py:188} INFO - [2024-04-08T21:30:56.106+0000] {dagbag.py:540} INFO - Filling up the DagBag from /opt/airflow/dags/first_day_pythonop.py
[2024-04-08T21:30:56.151+0000] {processor.py:840} INFO - DAG(s) 'first_dag_pythonop' retrieved from /opt/airflow/dags/first_day_pythonop.py
[2024-04-08T21:30:56.193+0000] {logging_mixin.py:188} INFO - [2024-04-08T21:30:56.193+0000] {dag.py:3047} INFO - Sync 1 DAGs
[2024-04-08T21:30:56.235+0000] {logging_mixin.py:188} INFO - [2024-04-08T21:30:56.234+0000] {dag.py:3834} INFO - Setting next_dagrun for first_dag_pythonop to 2024-04-08 00:00:00+00:00, run_after=2024-04-09 00:00:00+00:00
[2024-04-08T21:30:56.284+0000] {processor.py:183} INFO - Processing /opt/airflow/dags/first_day_pythonop.py took 0.191 seconds
[2024-04-08T21:31:27.013+0000] {processor.py:161} INFO - Started process (PID=894) to work on /opt/airflow/dags/first_day_pythonop.py
[2024-04-08T21:31:27.016+0000] {processor.py:830} INFO - Processing file /opt/airflow/dags/first_day_pythonop.py for tasks to queue
[2024-04-08T21:31:27.020+0000] {logging_mixin.py:188} INFO - [2024-04-08T21:31:27.019+0000] {dagbag.py:540} INFO - Filling up the DagBag from /opt/airflow/dags/first_day_pythonop.py
[2024-04-08T21:31:27.064+0000] {processor.py:840} INFO - DAG(s) 'first_dag_pythonop' retrieved from /opt/airflow/dags/first_day_pythonop.py
[2024-04-08T21:31:27.109+0000] {logging_mixin.py:188} INFO - [2024-04-08T21:31:27.109+0000] {dag.py:3047} INFO - Sync 1 DAGs
[2024-04-08T21:31:27.161+0000] {logging_mixin.py:188} INFO - [2024-04-08T21:31:27.161+0000] {dag.py:3834} INFO - Setting next_dagrun for first_dag_pythonop to 2024-04-08 00:00:00+00:00, run_after=2024-04-09 00:00:00+00:00
[2024-04-08T21:31:27.199+0000] {processor.py:183} INFO - Processing /opt/airflow/dags/first_day_pythonop.py took 0.192 seconds
[2024-04-08T21:31:57.810+0000] {processor.py:161} INFO - Started process (PID=909) to work on /opt/airflow/dags/first_day_pythonop.py
[2024-04-08T21:31:57.813+0000] {processor.py:830} INFO - Processing file /opt/airflow/dags/first_day_pythonop.py for tasks to queue
[2024-04-08T21:31:57.819+0000] {logging_mixin.py:188} INFO - [2024-04-08T21:31:57.818+0000] {dagbag.py:540} INFO - Filling up the DagBag from /opt/airflow/dags/first_day_pythonop.py
[2024-04-08T21:31:57.872+0000] {processor.py:840} INFO - DAG(s) 'first_dag_pythonop' retrieved from /opt/airflow/dags/first_day_pythonop.py
[2024-04-08T21:31:57.919+0000] {logging_mixin.py:188} INFO - [2024-04-08T21:31:57.918+0000] {dag.py:3047} INFO - Sync 1 DAGs
[2024-04-08T21:31:57.960+0000] {logging_mixin.py:188} INFO - [2024-04-08T21:31:57.959+0000] {dag.py:3834} INFO - Setting next_dagrun for first_dag_pythonop to 2024-04-08 00:00:00+00:00, run_after=2024-04-09 00:00:00+00:00
[2024-04-08T21:31:57.996+0000] {processor.py:183} INFO - Processing /opt/airflow/dags/first_day_pythonop.py took 0.192 seconds
[2024-04-08T21:32:28.687+0000] {processor.py:161} INFO - Started process (PID=923) to work on /opt/airflow/dags/first_day_pythonop.py
[2024-04-08T21:32:28.689+0000] {processor.py:830} INFO - Processing file /opt/airflow/dags/first_day_pythonop.py for tasks to queue
[2024-04-08T21:32:28.693+0000] {logging_mixin.py:188} INFO - [2024-04-08T21:32:28.692+0000] {dagbag.py:540} INFO - Filling up the DagBag from /opt/airflow/dags/first_day_pythonop.py
[2024-04-08T21:32:28.747+0000] {processor.py:840} INFO - DAG(s) 'first_dag_pythonop' retrieved from /opt/airflow/dags/first_day_pythonop.py
[2024-04-08T21:32:28.791+0000] {logging_mixin.py:188} INFO - [2024-04-08T21:32:28.791+0000] {dag.py:3047} INFO - Sync 1 DAGs
[2024-04-08T21:32:28.833+0000] {logging_mixin.py:188} INFO - [2024-04-08T21:32:28.833+0000] {dag.py:3834} INFO - Setting next_dagrun for first_dag_pythonop to 2024-04-08 00:00:00+00:00, run_after=2024-04-09 00:00:00+00:00
[2024-04-08T21:32:28.879+0000] {processor.py:183} INFO - Processing /opt/airflow/dags/first_day_pythonop.py took 0.198 seconds
[2024-04-08T21:32:59.235+0000] {processor.py:161} INFO - Started process (PID=937) to work on /opt/airflow/dags/first_day_pythonop.py
[2024-04-08T21:32:59.238+0000] {processor.py:830} INFO - Processing file /opt/airflow/dags/first_day_pythonop.py for tasks to queue
[2024-04-08T21:32:59.242+0000] {logging_mixin.py:188} INFO - [2024-04-08T21:32:59.241+0000] {dagbag.py:540} INFO - Filling up the DagBag from /opt/airflow/dags/first_day_pythonop.py
[2024-04-08T21:32:59.284+0000] {processor.py:840} INFO - DAG(s) 'first_dag_pythonop' retrieved from /opt/airflow/dags/first_day_pythonop.py
[2024-04-08T21:32:59.328+0000] {logging_mixin.py:188} INFO - [2024-04-08T21:32:59.328+0000] {dag.py:3047} INFO - Sync 1 DAGs
[2024-04-08T21:32:59.384+0000] {logging_mixin.py:188} INFO - [2024-04-08T21:32:59.383+0000] {dag.py:3834} INFO - Setting next_dagrun for first_dag_pythonop to 2024-04-08 00:00:00+00:00, run_after=2024-04-09 00:00:00+00:00
[2024-04-08T21:32:59.424+0000] {processor.py:183} INFO - Processing /opt/airflow/dags/first_day_pythonop.py took 0.194 seconds
[2024-04-08T21:33:30.121+0000] {processor.py:161} INFO - Started process (PID=951) to work on /opt/airflow/dags/first_day_pythonop.py
[2024-04-08T21:33:30.123+0000] {processor.py:830} INFO - Processing file /opt/airflow/dags/first_day_pythonop.py for tasks to queue
[2024-04-08T21:33:30.127+0000] {logging_mixin.py:188} INFO - [2024-04-08T21:33:30.126+0000] {dagbag.py:540} INFO - Filling up the DagBag from /opt/airflow/dags/first_day_pythonop.py
[2024-04-08T21:33:30.173+0000] {processor.py:840} INFO - DAG(s) 'first_dag_pythonop' retrieved from /opt/airflow/dags/first_day_pythonop.py
[2024-04-08T21:33:30.221+0000] {logging_mixin.py:188} INFO - [2024-04-08T21:33:30.220+0000] {dag.py:3047} INFO - Sync 1 DAGs
[2024-04-08T21:33:30.262+0000] {logging_mixin.py:188} INFO - [2024-04-08T21:33:30.262+0000] {dag.py:3834} INFO - Setting next_dagrun for first_dag_pythonop to 2024-04-08 00:00:00+00:00, run_after=2024-04-09 00:00:00+00:00
[2024-04-08T21:33:30.313+0000] {processor.py:183} INFO - Processing /opt/airflow/dags/first_day_pythonop.py took 0.198 seconds
[2024-04-08T21:34:01.017+0000] {processor.py:161} INFO - Started process (PID=965) to work on /opt/airflow/dags/first_day_pythonop.py
[2024-04-08T21:34:01.019+0000] {processor.py:830} INFO - Processing file /opt/airflow/dags/first_day_pythonop.py for tasks to queue
[2024-04-08T21:34:01.023+0000] {logging_mixin.py:188} INFO - [2024-04-08T21:34:01.023+0000] {dagbag.py:540} INFO - Filling up the DagBag from /opt/airflow/dags/first_day_pythonop.py
[2024-04-08T21:34:01.086+0000] {processor.py:840} INFO - DAG(s) 'first_dag_pythonop' retrieved from /opt/airflow/dags/first_day_pythonop.py
[2024-04-08T21:34:01.146+0000] {logging_mixin.py:188} INFO - [2024-04-08T21:34:01.146+0000] {dag.py:3047} INFO - Sync 1 DAGs
[2024-04-08T21:34:01.194+0000] {logging_mixin.py:188} INFO - [2024-04-08T21:34:01.193+0000] {dag.py:3834} INFO - Setting next_dagrun for first_dag_pythonop to 2024-04-08 00:00:00+00:00, run_after=2024-04-09 00:00:00+00:00
[2024-04-08T21:34:01.238+0000] {processor.py:183} INFO - Processing /opt/airflow/dags/first_day_pythonop.py took 0.228 seconds
[2024-04-08T21:34:31.781+0000] {processor.py:161} INFO - Started process (PID=979) to work on /opt/airflow/dags/first_day_pythonop.py
[2024-04-08T21:34:31.783+0000] {processor.py:830} INFO - Processing file /opt/airflow/dags/first_day_pythonop.py for tasks to queue
[2024-04-08T21:34:31.786+0000] {logging_mixin.py:188} INFO - [2024-04-08T21:34:31.785+0000] {dagbag.py:540} INFO - Filling up the DagBag from /opt/airflow/dags/first_day_pythonop.py
[2024-04-08T21:34:31.837+0000] {processor.py:840} INFO - DAG(s) 'first_dag_pythonop' retrieved from /opt/airflow/dags/first_day_pythonop.py
[2024-04-08T21:34:31.887+0000] {logging_mixin.py:188} INFO - [2024-04-08T21:34:31.886+0000] {dag.py:3047} INFO - Sync 1 DAGs
[2024-04-08T21:34:31.949+0000] {logging_mixin.py:188} INFO - [2024-04-08T21:34:31.949+0000] {dag.py:3834} INFO - Setting next_dagrun for first_dag_pythonop to 2024-04-08 00:00:00+00:00, run_after=2024-04-09 00:00:00+00:00
[2024-04-08T21:34:31.992+0000] {processor.py:183} INFO - Processing /opt/airflow/dags/first_day_pythonop.py took 0.217 seconds
[2024-04-08T21:35:02.486+0000] {processor.py:161} INFO - Started process (PID=993) to work on /opt/airflow/dags/first_day_pythonop.py
[2024-04-08T21:35:02.488+0000] {processor.py:830} INFO - Processing file /opt/airflow/dags/first_day_pythonop.py for tasks to queue
[2024-04-08T21:35:02.492+0000] {logging_mixin.py:188} INFO - [2024-04-08T21:35:02.491+0000] {dagbag.py:540} INFO - Filling up the DagBag from /opt/airflow/dags/first_day_pythonop.py
[2024-04-08T21:35:02.536+0000] {processor.py:840} INFO - DAG(s) 'first_dag_pythonop' retrieved from /opt/airflow/dags/first_day_pythonop.py
[2024-04-08T21:35:02.579+0000] {logging_mixin.py:188} INFO - [2024-04-08T21:35:02.579+0000] {dag.py:3047} INFO - Sync 1 DAGs
[2024-04-08T21:35:02.620+0000] {logging_mixin.py:188} INFO - [2024-04-08T21:35:02.619+0000] {dag.py:3834} INFO - Setting next_dagrun for first_dag_pythonop to 2024-04-08 00:00:00+00:00, run_after=2024-04-09 00:00:00+00:00
[2024-04-08T21:35:02.666+0000] {processor.py:183} INFO - Processing /opt/airflow/dags/first_day_pythonop.py took 0.186 seconds
[2024-04-08T21:35:33.014+0000] {processor.py:161} INFO - Started process (PID=1007) to work on /opt/airflow/dags/first_day_pythonop.py
[2024-04-08T21:35:33.016+0000] {processor.py:830} INFO - Processing file /opt/airflow/dags/first_day_pythonop.py for tasks to queue
[2024-04-08T21:35:33.020+0000] {logging_mixin.py:188} INFO - [2024-04-08T21:35:33.019+0000] {dagbag.py:540} INFO - Filling up the DagBag from /opt/airflow/dags/first_day_pythonop.py
[2024-04-08T21:35:33.078+0000] {processor.py:840} INFO - DAG(s) 'first_dag_pythonop' retrieved from /opt/airflow/dags/first_day_pythonop.py
[2024-04-08T21:35:33.131+0000] {logging_mixin.py:188} INFO - [2024-04-08T21:35:33.130+0000] {dag.py:3047} INFO - Sync 1 DAGs
[2024-04-08T21:35:33.187+0000] {logging_mixin.py:188} INFO - [2024-04-08T21:35:33.186+0000] {dag.py:3834} INFO - Setting next_dagrun for first_dag_pythonop to 2024-04-08 00:00:00+00:00, run_after=2024-04-09 00:00:00+00:00
[2024-04-08T21:35:33.245+0000] {processor.py:183} INFO - Processing /opt/airflow/dags/first_day_pythonop.py took 0.237 seconds
[2024-04-08T21:36:03.836+0000] {processor.py:161} INFO - Started process (PID=1021) to work on /opt/airflow/dags/first_day_pythonop.py
[2024-04-08T21:36:03.838+0000] {processor.py:830} INFO - Processing file /opt/airflow/dags/first_day_pythonop.py for tasks to queue
[2024-04-08T21:36:03.841+0000] {logging_mixin.py:188} INFO - [2024-04-08T21:36:03.840+0000] {dagbag.py:540} INFO - Filling up the DagBag from /opt/airflow/dags/first_day_pythonop.py
[2024-04-08T21:36:03.886+0000] {processor.py:840} INFO - DAG(s) 'first_dag_pythonop' retrieved from /opt/airflow/dags/first_day_pythonop.py
[2024-04-08T21:36:03.932+0000] {logging_mixin.py:188} INFO - [2024-04-08T21:36:03.931+0000] {dag.py:3047} INFO - Sync 1 DAGs
[2024-04-08T21:36:03.980+0000] {logging_mixin.py:188} INFO - [2024-04-08T21:36:03.980+0000] {dag.py:3834} INFO - Setting next_dagrun for first_dag_pythonop to 2024-04-08 00:00:00+00:00, run_after=2024-04-09 00:00:00+00:00
[2024-04-08T21:36:04.027+0000] {processor.py:183} INFO - Processing /opt/airflow/dags/first_day_pythonop.py took 0.201 seconds
[2024-04-08T21:36:34.408+0000] {processor.py:161} INFO - Started process (PID=1036) to work on /opt/airflow/dags/first_day_pythonop.py
[2024-04-08T21:36:34.411+0000] {processor.py:830} INFO - Processing file /opt/airflow/dags/first_day_pythonop.py for tasks to queue
[2024-04-08T21:36:34.415+0000] {logging_mixin.py:188} INFO - [2024-04-08T21:36:34.414+0000] {dagbag.py:540} INFO - Filling up the DagBag from /opt/airflow/dags/first_day_pythonop.py
[2024-04-08T21:36:34.460+0000] {processor.py:840} INFO - DAG(s) 'first_dag_pythonop' retrieved from /opt/airflow/dags/first_day_pythonop.py
[2024-04-08T21:36:34.504+0000] {logging_mixin.py:188} INFO - [2024-04-08T21:36:34.504+0000] {dag.py:3047} INFO - Sync 1 DAGs
[2024-04-08T21:36:34.549+0000] {logging_mixin.py:188} INFO - [2024-04-08T21:36:34.549+0000] {dag.py:3834} INFO - Setting next_dagrun for first_dag_pythonop to 2024-04-08 00:00:00+00:00, run_after=2024-04-09 00:00:00+00:00
[2024-04-08T21:36:34.592+0000] {processor.py:183} INFO - Processing /opt/airflow/dags/first_day_pythonop.py took 0.189 seconds
[2024-04-08T21:37:05.227+0000] {processor.py:161} INFO - Started process (PID=1050) to work on /opt/airflow/dags/first_day_pythonop.py
[2024-04-08T21:37:05.230+0000] {processor.py:830} INFO - Processing file /opt/airflow/dags/first_day_pythonop.py for tasks to queue
[2024-04-08T21:37:05.234+0000] {logging_mixin.py:188} INFO - [2024-04-08T21:37:05.234+0000] {dagbag.py:540} INFO - Filling up the DagBag from /opt/airflow/dags/first_day_pythonop.py
[2024-04-08T21:37:05.285+0000] {processor.py:840} INFO - DAG(s) 'first_dag_pythonop' retrieved from /opt/airflow/dags/first_day_pythonop.py
[2024-04-08T21:37:05.339+0000] {logging_mixin.py:188} INFO - [2024-04-08T21:37:05.338+0000] {dag.py:3047} INFO - Sync 1 DAGs
[2024-04-08T21:37:05.392+0000] {logging_mixin.py:188} INFO - [2024-04-08T21:37:05.392+0000] {dag.py:3834} INFO - Setting next_dagrun for first_dag_pythonop to 2024-04-08 00:00:00+00:00, run_after=2024-04-09 00:00:00+00:00
[2024-04-08T21:37:05.445+0000] {processor.py:183} INFO - Processing /opt/airflow/dags/first_day_pythonop.py took 0.225 seconds
[2024-04-08T21:37:36.273+0000] {processor.py:161} INFO - Started process (PID=1064) to work on /opt/airflow/dags/first_day_pythonop.py
[2024-04-08T21:37:36.276+0000] {processor.py:830} INFO - Processing file /opt/airflow/dags/first_day_pythonop.py for tasks to queue
[2024-04-08T21:37:36.280+0000] {logging_mixin.py:188} INFO - [2024-04-08T21:37:36.279+0000] {dagbag.py:540} INFO - Filling up the DagBag from /opt/airflow/dags/first_day_pythonop.py
[2024-04-08T21:37:36.331+0000] {processor.py:840} INFO - DAG(s) 'first_dag_pythonop' retrieved from /opt/airflow/dags/first_day_pythonop.py
[2024-04-08T21:37:36.385+0000] {logging_mixin.py:188} INFO - [2024-04-08T21:37:36.384+0000] {dag.py:3047} INFO - Sync 1 DAGs
[2024-04-08T21:37:36.432+0000] {logging_mixin.py:188} INFO - [2024-04-08T21:37:36.431+0000] {dag.py:3834} INFO - Setting next_dagrun for first_dag_pythonop to 2024-04-08 00:00:00+00:00, run_after=2024-04-09 00:00:00+00:00
[2024-04-08T21:37:36.485+0000] {processor.py:183} INFO - Processing /opt/airflow/dags/first_day_pythonop.py took 0.217 seconds
[2024-04-08T21:38:07.059+0000] {processor.py:161} INFO - Started process (PID=1079) to work on /opt/airflow/dags/first_day_pythonop.py
[2024-04-08T21:38:07.061+0000] {processor.py:830} INFO - Processing file /opt/airflow/dags/first_day_pythonop.py for tasks to queue
[2024-04-08T21:38:07.065+0000] {logging_mixin.py:188} INFO - [2024-04-08T21:38:07.064+0000] {dagbag.py:540} INFO - Filling up the DagBag from /opt/airflow/dags/first_day_pythonop.py
[2024-04-08T21:38:07.111+0000] {processor.py:840} INFO - DAG(s) 'first_dag_pythonop' retrieved from /opt/airflow/dags/first_day_pythonop.py
[2024-04-08T21:38:07.158+0000] {logging_mixin.py:188} INFO - [2024-04-08T21:38:07.157+0000] {dag.py:3047} INFO - Sync 1 DAGs
[2024-04-08T21:38:07.215+0000] {logging_mixin.py:188} INFO - [2024-04-08T21:38:07.214+0000] {dag.py:3834} INFO - Setting next_dagrun for first_dag_pythonop to 2024-04-08 00:00:00+00:00, run_after=2024-04-09 00:00:00+00:00
[2024-04-08T21:38:07.258+0000] {processor.py:183} INFO - Processing /opt/airflow/dags/first_day_pythonop.py took 0.205 seconds
[2024-04-08T21:38:37.815+0000] {processor.py:161} INFO - Started process (PID=1093) to work on /opt/airflow/dags/first_day_pythonop.py
[2024-04-08T21:38:37.818+0000] {processor.py:830} INFO - Processing file /opt/airflow/dags/first_day_pythonop.py for tasks to queue
[2024-04-08T21:38:37.822+0000] {logging_mixin.py:188} INFO - [2024-04-08T21:38:37.821+0000] {dagbag.py:540} INFO - Filling up the DagBag from /opt/airflow/dags/first_day_pythonop.py
[2024-04-08T21:38:37.875+0000] {processor.py:840} INFO - DAG(s) 'first_dag_pythonop' retrieved from /opt/airflow/dags/first_day_pythonop.py
[2024-04-08T21:38:37.922+0000] {logging_mixin.py:188} INFO - [2024-04-08T21:38:37.921+0000] {dag.py:3047} INFO - Sync 1 DAGs
[2024-04-08T21:38:37.968+0000] {logging_mixin.py:188} INFO - [2024-04-08T21:38:37.967+0000] {dag.py:3834} INFO - Setting next_dagrun for first_dag_pythonop to 2024-04-08 00:00:00+00:00, run_after=2024-04-09 00:00:00+00:00
[2024-04-08T21:38:38.015+0000] {processor.py:183} INFO - Processing /opt/airflow/dags/first_day_pythonop.py took 0.207 seconds
[2024-04-08T21:39:08.295+0000] {processor.py:161} INFO - Started process (PID=1108) to work on /opt/airflow/dags/first_day_pythonop.py
[2024-04-08T21:39:08.297+0000] {processor.py:830} INFO - Processing file /opt/airflow/dags/first_day_pythonop.py for tasks to queue
[2024-04-08T21:39:08.301+0000] {logging_mixin.py:188} INFO - [2024-04-08T21:39:08.300+0000] {dagbag.py:540} INFO - Filling up the DagBag from /opt/airflow/dags/first_day_pythonop.py
[2024-04-08T21:39:08.349+0000] {processor.py:840} INFO - DAG(s) 'first_dag_pythonop' retrieved from /opt/airflow/dags/first_day_pythonop.py
[2024-04-08T21:39:08.398+0000] {logging_mixin.py:188} INFO - [2024-04-08T21:39:08.397+0000] {dag.py:3047} INFO - Sync 1 DAGs
[2024-04-08T21:39:08.451+0000] {logging_mixin.py:188} INFO - [2024-04-08T21:39:08.450+0000] {dag.py:3834} INFO - Setting next_dagrun for first_dag_pythonop to 2024-04-08 00:00:00+00:00, run_after=2024-04-09 00:00:00+00:00
[2024-04-08T21:39:08.499+0000] {processor.py:183} INFO - Processing /opt/airflow/dags/first_day_pythonop.py took 0.209 seconds
[2024-04-08T21:39:39.071+0000] {processor.py:161} INFO - Started process (PID=1122) to work on /opt/airflow/dags/first_day_pythonop.py
[2024-04-08T21:39:39.074+0000] {processor.py:830} INFO - Processing file /opt/airflow/dags/first_day_pythonop.py for tasks to queue
[2024-04-08T21:39:39.077+0000] {logging_mixin.py:188} INFO - [2024-04-08T21:39:39.077+0000] {dagbag.py:540} INFO - Filling up the DagBag from /opt/airflow/dags/first_day_pythonop.py
[2024-04-08T21:39:39.124+0000] {processor.py:840} INFO - DAG(s) 'first_dag_pythonop' retrieved from /opt/airflow/dags/first_day_pythonop.py
[2024-04-08T21:39:39.168+0000] {logging_mixin.py:188} INFO - [2024-04-08T21:39:39.167+0000] {dag.py:3047} INFO - Sync 1 DAGs
[2024-04-08T21:39:39.210+0000] {logging_mixin.py:188} INFO - [2024-04-08T21:39:39.209+0000] {dag.py:3834} INFO - Setting next_dagrun for first_dag_pythonop to 2024-04-08 00:00:00+00:00, run_after=2024-04-09 00:00:00+00:00
[2024-04-08T21:39:39.255+0000] {processor.py:183} INFO - Processing /opt/airflow/dags/first_day_pythonop.py took 0.193 seconds
[2024-04-08T21:40:09.584+0000] {processor.py:161} INFO - Started process (PID=1136) to work on /opt/airflow/dags/first_day_pythonop.py
[2024-04-08T21:40:09.586+0000] {processor.py:830} INFO - Processing file /opt/airflow/dags/first_day_pythonop.py for tasks to queue
[2024-04-08T21:40:09.589+0000] {logging_mixin.py:188} INFO - [2024-04-08T21:40:09.588+0000] {dagbag.py:540} INFO - Filling up the DagBag from /opt/airflow/dags/first_day_pythonop.py
[2024-04-08T21:40:09.639+0000] {processor.py:840} INFO - DAG(s) 'first_dag_pythonop' retrieved from /opt/airflow/dags/first_day_pythonop.py
[2024-04-08T21:40:09.681+0000] {logging_mixin.py:188} INFO - [2024-04-08T21:40:09.681+0000] {dag.py:3047} INFO - Sync 1 DAGs
[2024-04-08T21:40:09.724+0000] {logging_mixin.py:188} INFO - [2024-04-08T21:40:09.723+0000] {dag.py:3834} INFO - Setting next_dagrun for first_dag_pythonop to 2024-04-08 00:00:00+00:00, run_after=2024-04-09 00:00:00+00:00
[2024-04-08T21:40:09.760+0000] {processor.py:183} INFO - Processing /opt/airflow/dags/first_day_pythonop.py took 0.181 seconds
[2024-04-08T21:40:40.205+0000] {processor.py:161} INFO - Started process (PID=1151) to work on /opt/airflow/dags/first_day_pythonop.py
[2024-04-08T21:40:40.207+0000] {processor.py:830} INFO - Processing file /opt/airflow/dags/first_day_pythonop.py for tasks to queue
[2024-04-08T21:40:40.210+0000] {logging_mixin.py:188} INFO - [2024-04-08T21:40:40.209+0000] {dagbag.py:540} INFO - Filling up the DagBag from /opt/airflow/dags/first_day_pythonop.py
[2024-04-08T21:40:40.258+0000] {processor.py:840} INFO - DAG(s) 'first_dag_pythonop' retrieved from /opt/airflow/dags/first_day_pythonop.py
[2024-04-08T21:40:40.301+0000] {logging_mixin.py:188} INFO - [2024-04-08T21:40:40.300+0000] {dag.py:3047} INFO - Sync 1 DAGs
[2024-04-08T21:40:40.345+0000] {logging_mixin.py:188} INFO - [2024-04-08T21:40:40.344+0000] {dag.py:3834} INFO - Setting next_dagrun for first_dag_pythonop to 2024-04-08 00:00:00+00:00, run_after=2024-04-09 00:00:00+00:00
[2024-04-08T21:40:40.392+0000] {processor.py:183} INFO - Processing /opt/airflow/dags/first_day_pythonop.py took 0.193 seconds
[2024-04-08T21:41:10.812+0000] {processor.py:161} INFO - Started process (PID=1166) to work on /opt/airflow/dags/first_day_pythonop.py
[2024-04-08T21:41:10.815+0000] {processor.py:830} INFO - Processing file /opt/airflow/dags/first_day_pythonop.py for tasks to queue
[2024-04-08T21:41:10.821+0000] {logging_mixin.py:188} INFO - [2024-04-08T21:41:10.820+0000] {dagbag.py:540} INFO - Filling up the DagBag from /opt/airflow/dags/first_day_pythonop.py
[2024-04-08T21:41:10.876+0000] {processor.py:840} INFO - DAG(s) 'first_dag_pythonop' retrieved from /opt/airflow/dags/first_day_pythonop.py
[2024-04-08T21:41:10.920+0000] {logging_mixin.py:188} INFO - [2024-04-08T21:41:10.920+0000] {dag.py:3047} INFO - Sync 1 DAGs
[2024-04-08T21:41:10.964+0000] {logging_mixin.py:188} INFO - [2024-04-08T21:41:10.964+0000] {dag.py:3834} INFO - Setting next_dagrun for first_dag_pythonop to 2024-04-08 00:00:00+00:00, run_after=2024-04-09 00:00:00+00:00
[2024-04-08T21:41:11.010+0000] {processor.py:183} INFO - Processing /opt/airflow/dags/first_day_pythonop.py took 0.204 seconds
[2024-04-08T21:41:41.607+0000] {processor.py:161} INFO - Started process (PID=1180) to work on /opt/airflow/dags/first_day_pythonop.py
[2024-04-08T21:41:41.610+0000] {processor.py:830} INFO - Processing file /opt/airflow/dags/first_day_pythonop.py for tasks to queue
[2024-04-08T21:41:41.613+0000] {logging_mixin.py:188} INFO - [2024-04-08T21:41:41.612+0000] {dagbag.py:540} INFO - Filling up the DagBag from /opt/airflow/dags/first_day_pythonop.py
[2024-04-08T21:41:41.663+0000] {processor.py:840} INFO - DAG(s) 'first_dag_pythonop' retrieved from /opt/airflow/dags/first_day_pythonop.py
[2024-04-08T21:41:41.713+0000] {logging_mixin.py:188} INFO - [2024-04-08T21:41:41.712+0000] {dag.py:3047} INFO - Sync 1 DAGs
[2024-04-08T21:41:41.762+0000] {logging_mixin.py:188} INFO - [2024-04-08T21:41:41.762+0000] {dag.py:3834} INFO - Setting next_dagrun for first_dag_pythonop to 2024-04-08 00:00:00+00:00, run_after=2024-04-09 00:00:00+00:00
[2024-04-08T21:41:41.805+0000] {processor.py:183} INFO - Processing /opt/airflow/dags/first_day_pythonop.py took 0.204 seconds
[2024-04-08T21:42:11.930+0000] {processor.py:161} INFO - Started process (PID=1194) to work on /opt/airflow/dags/first_day_pythonop.py
[2024-04-08T21:42:11.932+0000] {processor.py:830} INFO - Processing file /opt/airflow/dags/first_day_pythonop.py for tasks to queue
[2024-04-08T21:42:11.947+0000] {logging_mixin.py:188} INFO - [2024-04-08T21:42:11.940+0000] {dagbag.py:540} INFO - Filling up the DagBag from /opt/airflow/dags/first_day_pythonop.py
[2024-04-08T21:42:12.003+0000] {processor.py:840} INFO - DAG(s) 'first_dag_pythonop' retrieved from /opt/airflow/dags/first_day_pythonop.py
[2024-04-08T21:42:12.070+0000] {logging_mixin.py:188} INFO - [2024-04-08T21:42:12.069+0000] {dag.py:3047} INFO - Sync 1 DAGs
[2024-04-08T21:42:12.131+0000] {logging_mixin.py:188} INFO - [2024-04-08T21:42:12.131+0000] {dag.py:3834} INFO - Setting next_dagrun for first_dag_pythonop to 2024-04-08 00:00:00+00:00, run_after=2024-04-09 00:00:00+00:00
[2024-04-08T21:42:12.180+0000] {processor.py:183} INFO - Processing /opt/airflow/dags/first_day_pythonop.py took 0.267 seconds
