[2024-04-08T21:02:11.661+0000] {processor.py:161} INFO - Started process (PID=45) to work on /opt/airflow/dags/first_crnschedular.py
[2024-04-08T21:02:11.665+0000] {processor.py:830} INFO - Processing file /opt/airflow/dags/first_crnschedular.py for tasks to queue
[2024-04-08T21:02:11.672+0000] {logging_mixin.py:188} INFO - [2024-04-08T21:02:11.670+0000] {dagbag.py:540} INFO - Filling up the DagBag from /opt/airflow/dags/first_crnschedular.py
[2024-04-08T21:02:11.752+0000] {processor.py:840} INFO - DAG(s) 'first_cron' retrieved from /opt/airflow/dags/first_crnschedular.py
[2024-04-08T21:02:11.808+0000] {logging_mixin.py:188} INFO - [2024-04-08T21:02:11.808+0000] {dag.py:3047} INFO - Sync 1 DAGs
[2024-04-08T21:02:11.869+0000] {logging_mixin.py:188} INFO - [2024-04-08T21:02:11.869+0000] {dag.py:3834} INFO - Setting next_dagrun for first_cron to 2024-04-02 04:05:00+00:00, run_after=2024-04-03 04:05:00+00:00
[2024-04-08T21:02:11.921+0000] {processor.py:183} INFO - Processing /opt/airflow/dags/first_crnschedular.py took 0.278 seconds
[2024-04-08T21:02:42.714+0000] {processor.py:161} INFO - Started process (PID=59) to work on /opt/airflow/dags/first_crnschedular.py
[2024-04-08T21:02:42.716+0000] {processor.py:830} INFO - Processing file /opt/airflow/dags/first_crnschedular.py for tasks to queue
[2024-04-08T21:02:42.720+0000] {logging_mixin.py:188} INFO - [2024-04-08T21:02:42.719+0000] {dagbag.py:540} INFO - Filling up the DagBag from /opt/airflow/dags/first_crnschedular.py
[2024-04-08T21:02:42.763+0000] {processor.py:840} INFO - DAG(s) 'first_cron' retrieved from /opt/airflow/dags/first_crnschedular.py
[2024-04-08T21:02:42.802+0000] {logging_mixin.py:188} INFO - [2024-04-08T21:02:42.801+0000] {dag.py:3047} INFO - Sync 1 DAGs
[2024-04-08T21:02:42.844+0000] {logging_mixin.py:188} INFO - [2024-04-08T21:02:42.843+0000] {dag.py:3834} INFO - Setting next_dagrun for first_cron to 2024-04-02 04:05:00+00:00, run_after=2024-04-03 04:05:00+00:00
[2024-04-08T21:02:42.884+0000] {processor.py:183} INFO - Processing /opt/airflow/dags/first_crnschedular.py took 0.176 seconds
[2024-04-08T21:03:13.992+0000] {processor.py:161} INFO - Started process (PID=73) to work on /opt/airflow/dags/first_crnschedular.py
[2024-04-08T21:03:13.995+0000] {processor.py:830} INFO - Processing file /opt/airflow/dags/first_crnschedular.py for tasks to queue
[2024-04-08T21:03:14.000+0000] {logging_mixin.py:188} INFO - [2024-04-08T21:03:13.999+0000] {dagbag.py:540} INFO - Filling up the DagBag from /opt/airflow/dags/first_crnschedular.py
[2024-04-08T21:03:14.058+0000] {processor.py:840} INFO - DAG(s) 'first_cron' retrieved from /opt/airflow/dags/first_crnschedular.py
[2024-04-08T21:03:14.120+0000] {logging_mixin.py:188} INFO - [2024-04-08T21:03:14.120+0000] {dag.py:3047} INFO - Sync 1 DAGs
[2024-04-08T21:03:14.166+0000] {logging_mixin.py:188} INFO - [2024-04-08T21:03:14.165+0000] {dag.py:3834} INFO - Setting next_dagrun for first_cron to 2024-04-02 04:05:00+00:00, run_after=2024-04-03 04:05:00+00:00
[2024-04-08T21:03:14.212+0000] {processor.py:183} INFO - Processing /opt/airflow/dags/first_crnschedular.py took 0.231 seconds
[2024-04-08T21:03:45.017+0000] {processor.py:161} INFO - Started process (PID=93) to work on /opt/airflow/dags/first_crnschedular.py
[2024-04-08T21:03:45.019+0000] {processor.py:830} INFO - Processing file /opt/airflow/dags/first_crnschedular.py for tasks to queue
[2024-04-08T21:03:45.023+0000] {logging_mixin.py:188} INFO - [2024-04-08T21:03:45.022+0000] {dagbag.py:540} INFO - Filling up the DagBag from /opt/airflow/dags/first_crnschedular.py
[2024-04-08T21:03:45.076+0000] {processor.py:840} INFO - DAG(s) 'first_cron' retrieved from /opt/airflow/dags/first_crnschedular.py
[2024-04-08T21:03:45.290+0000] {logging_mixin.py:188} INFO - [2024-04-08T21:03:45.290+0000] {dag.py:3047} INFO - Sync 1 DAGs
[2024-04-08T21:03:45.330+0000] {logging_mixin.py:188} INFO - [2024-04-08T21:03:45.330+0000] {dag.py:3834} INFO - Setting next_dagrun for first_cron to 2024-04-02 04:05:00+00:00, run_after=2024-04-03 04:05:00+00:00
[2024-04-08T21:03:45.371+0000] {processor.py:183} INFO - Processing /opt/airflow/dags/first_crnschedular.py took 0.360 seconds
[2024-04-08T21:04:15.533+0000] {processor.py:161} INFO - Started process (PID=140) to work on /opt/airflow/dags/first_crnschedular.py
[2024-04-08T21:04:15.535+0000] {processor.py:830} INFO - Processing file /opt/airflow/dags/first_crnschedular.py for tasks to queue
[2024-04-08T21:04:15.539+0000] {logging_mixin.py:188} INFO - [2024-04-08T21:04:15.538+0000] {dagbag.py:540} INFO - Filling up the DagBag from /opt/airflow/dags/first_crnschedular.py
[2024-04-08T21:04:15.588+0000] {processor.py:840} INFO - DAG(s) 'first_cron' retrieved from /opt/airflow/dags/first_crnschedular.py
[2024-04-08T21:04:15.633+0000] {logging_mixin.py:188} INFO - [2024-04-08T21:04:15.633+0000] {dag.py:3047} INFO - Sync 1 DAGs
[2024-04-08T21:04:15.680+0000] {logging_mixin.py:188} INFO - [2024-04-08T21:04:15.679+0000] {dag.py:3834} INFO - Setting next_dagrun for first_cron to 2024-04-02 04:05:00+00:00, run_after=2024-04-03 04:05:00+00:00
[2024-04-08T21:04:15.730+0000] {processor.py:183} INFO - Processing /opt/airflow/dags/first_crnschedular.py took 0.202 seconds
[2024-04-08T21:04:46.553+0000] {processor.py:161} INFO - Started process (PID=154) to work on /opt/airflow/dags/first_crnschedular.py
[2024-04-08T21:04:46.555+0000] {processor.py:830} INFO - Processing file /opt/airflow/dags/first_crnschedular.py for tasks to queue
[2024-04-08T21:04:46.559+0000] {logging_mixin.py:188} INFO - [2024-04-08T21:04:46.558+0000] {dagbag.py:540} INFO - Filling up the DagBag from /opt/airflow/dags/first_crnschedular.py
[2024-04-08T21:04:46.602+0000] {processor.py:840} INFO - DAG(s) 'first_cron' retrieved from /opt/airflow/dags/first_crnschedular.py
[2024-04-08T21:04:46.647+0000] {logging_mixin.py:188} INFO - [2024-04-08T21:04:46.646+0000] {dag.py:3047} INFO - Sync 1 DAGs
[2024-04-08T21:04:46.691+0000] {logging_mixin.py:188} INFO - [2024-04-08T21:04:46.690+0000] {dag.py:3834} INFO - Setting next_dagrun for first_cron to 2024-04-02 04:05:00+00:00, run_after=2024-04-03 04:05:00+00:00
[2024-04-08T21:04:46.739+0000] {processor.py:183} INFO - Processing /opt/airflow/dags/first_crnschedular.py took 0.191 seconds
[2024-04-08T21:05:17.453+0000] {processor.py:161} INFO - Started process (PID=168) to work on /opt/airflow/dags/first_crnschedular.py
[2024-04-08T21:05:17.455+0000] {processor.py:830} INFO - Processing file /opt/airflow/dags/first_crnschedular.py for tasks to queue
[2024-04-08T21:05:17.459+0000] {logging_mixin.py:188} INFO - [2024-04-08T21:05:17.458+0000] {dagbag.py:540} INFO - Filling up the DagBag from /opt/airflow/dags/first_crnschedular.py
[2024-04-08T21:05:17.511+0000] {processor.py:840} INFO - DAG(s) 'first_cron' retrieved from /opt/airflow/dags/first_crnschedular.py
[2024-04-08T21:05:17.573+0000] {logging_mixin.py:188} INFO - [2024-04-08T21:05:17.573+0000] {dag.py:3047} INFO - Sync 1 DAGs
[2024-04-08T21:05:17.632+0000] {logging_mixin.py:188} INFO - [2024-04-08T21:05:17.632+0000] {dag.py:3834} INFO - Setting next_dagrun for first_cron to 2024-04-02 04:05:00+00:00, run_after=2024-04-03 04:05:00+00:00
[2024-04-08T21:05:17.672+0000] {processor.py:183} INFO - Processing /opt/airflow/dags/first_crnschedular.py took 0.224 seconds
[2024-04-08T21:05:48.547+0000] {processor.py:161} INFO - Started process (PID=182) to work on /opt/airflow/dags/first_crnschedular.py
[2024-04-08T21:05:48.549+0000] {processor.py:830} INFO - Processing file /opt/airflow/dags/first_crnschedular.py for tasks to queue
[2024-04-08T21:05:48.552+0000] {logging_mixin.py:188} INFO - [2024-04-08T21:05:48.552+0000] {dagbag.py:540} INFO - Filling up the DagBag from /opt/airflow/dags/first_crnschedular.py
[2024-04-08T21:05:48.595+0000] {processor.py:840} INFO - DAG(s) 'first_cron' retrieved from /opt/airflow/dags/first_crnschedular.py
[2024-04-08T21:05:48.632+0000] {logging_mixin.py:188} INFO - [2024-04-08T21:05:48.632+0000] {dag.py:3047} INFO - Sync 1 DAGs
[2024-04-08T21:05:48.680+0000] {logging_mixin.py:188} INFO - [2024-04-08T21:05:48.680+0000] {dag.py:3834} INFO - Setting next_dagrun for first_cron to 2024-04-02 04:05:00+00:00, run_after=2024-04-03 04:05:00+00:00
[2024-04-08T21:05:48.716+0000] {processor.py:183} INFO - Processing /opt/airflow/dags/first_crnschedular.py took 0.176 seconds
[2024-04-08T21:06:19.440+0000] {processor.py:161} INFO - Started process (PID=196) to work on /opt/airflow/dags/first_crnschedular.py
[2024-04-08T21:06:19.442+0000] {processor.py:830} INFO - Processing file /opt/airflow/dags/first_crnschedular.py for tasks to queue
[2024-04-08T21:06:19.445+0000] {logging_mixin.py:188} INFO - [2024-04-08T21:06:19.444+0000] {dagbag.py:540} INFO - Filling up the DagBag from /opt/airflow/dags/first_crnschedular.py
[2024-04-08T21:06:19.493+0000] {processor.py:840} INFO - DAG(s) 'first_cron' retrieved from /opt/airflow/dags/first_crnschedular.py
[2024-04-08T21:06:19.541+0000] {logging_mixin.py:188} INFO - [2024-04-08T21:06:19.541+0000] {dag.py:3047} INFO - Sync 1 DAGs
[2024-04-08T21:06:19.589+0000] {logging_mixin.py:188} INFO - [2024-04-08T21:06:19.589+0000] {dag.py:3834} INFO - Setting next_dagrun for first_cron to 2024-04-02 04:05:00+00:00, run_after=2024-04-03 04:05:00+00:00
[2024-04-08T21:06:19.632+0000] {processor.py:183} INFO - Processing /opt/airflow/dags/first_crnschedular.py took 0.197 seconds
[2024-04-08T21:06:50.154+0000] {processor.py:161} INFO - Started process (PID=211) to work on /opt/airflow/dags/first_crnschedular.py
[2024-04-08T21:06:50.156+0000] {processor.py:830} INFO - Processing file /opt/airflow/dags/first_crnschedular.py for tasks to queue
[2024-04-08T21:06:50.160+0000] {logging_mixin.py:188} INFO - [2024-04-08T21:06:50.159+0000] {dagbag.py:540} INFO - Filling up the DagBag from /opt/airflow/dags/first_crnschedular.py
[2024-04-08T21:06:50.207+0000] {processor.py:840} INFO - DAG(s) 'first_cron' retrieved from /opt/airflow/dags/first_crnschedular.py
[2024-04-08T21:06:50.252+0000] {logging_mixin.py:188} INFO - [2024-04-08T21:06:50.251+0000] {dag.py:3047} INFO - Sync 1 DAGs
[2024-04-08T21:06:50.297+0000] {logging_mixin.py:188} INFO - [2024-04-08T21:06:50.297+0000] {dag.py:3834} INFO - Setting next_dagrun for first_cron to 2024-04-02 04:05:00+00:00, run_after=2024-04-03 04:05:00+00:00
[2024-04-08T21:06:50.343+0000] {processor.py:183} INFO - Processing /opt/airflow/dags/first_crnschedular.py took 0.195 seconds
[2024-04-08T21:07:21.015+0000] {processor.py:161} INFO - Started process (PID=225) to work on /opt/airflow/dags/first_crnschedular.py
[2024-04-08T21:07:21.017+0000] {processor.py:830} INFO - Processing file /opt/airflow/dags/first_crnschedular.py for tasks to queue
[2024-04-08T21:07:21.021+0000] {logging_mixin.py:188} INFO - [2024-04-08T21:07:21.020+0000] {dagbag.py:540} INFO - Filling up the DagBag from /opt/airflow/dags/first_crnschedular.py
[2024-04-08T21:07:21.067+0000] {processor.py:840} INFO - DAG(s) 'first_cron' retrieved from /opt/airflow/dags/first_crnschedular.py
[2024-04-08T21:07:21.111+0000] {logging_mixin.py:188} INFO - [2024-04-08T21:07:21.110+0000] {dag.py:3047} INFO - Sync 1 DAGs
[2024-04-08T21:07:21.154+0000] {logging_mixin.py:188} INFO - [2024-04-08T21:07:21.154+0000] {dag.py:3834} INFO - Setting next_dagrun for first_cron to 2024-04-02 04:05:00+00:00, run_after=2024-04-03 04:05:00+00:00
[2024-04-08T21:07:21.190+0000] {processor.py:183} INFO - Processing /opt/airflow/dags/first_crnschedular.py took 0.180 seconds
[2024-04-08T21:07:52.118+0000] {processor.py:161} INFO - Started process (PID=239) to work on /opt/airflow/dags/first_crnschedular.py
[2024-04-08T21:07:52.123+0000] {processor.py:830} INFO - Processing file /opt/airflow/dags/first_crnschedular.py for tasks to queue
[2024-04-08T21:07:52.127+0000] {logging_mixin.py:188} INFO - [2024-04-08T21:07:52.127+0000] {dagbag.py:540} INFO - Filling up the DagBag from /opt/airflow/dags/first_crnschedular.py
[2024-04-08T21:07:52.173+0000] {processor.py:840} INFO - DAG(s) 'first_cron' retrieved from /opt/airflow/dags/first_crnschedular.py
[2024-04-08T21:07:52.219+0000] {logging_mixin.py:188} INFO - [2024-04-08T21:07:52.218+0000] {dag.py:3047} INFO - Sync 1 DAGs
[2024-04-08T21:07:52.277+0000] {logging_mixin.py:188} INFO - [2024-04-08T21:07:52.277+0000] {dag.py:3834} INFO - Setting next_dagrun for first_cron to 2024-04-02 04:05:00+00:00, run_after=2024-04-03 04:05:00+00:00
[2024-04-08T21:07:52.314+0000] {processor.py:183} INFO - Processing /opt/airflow/dags/first_crnschedular.py took 0.204 seconds
[2024-04-08T21:08:22.446+0000] {processor.py:161} INFO - Started process (PID=253) to work on /opt/airflow/dags/first_crnschedular.py
[2024-04-08T21:08:22.449+0000] {processor.py:830} INFO - Processing file /opt/airflow/dags/first_crnschedular.py for tasks to queue
[2024-04-08T21:08:22.453+0000] {logging_mixin.py:188} INFO - [2024-04-08T21:08:22.452+0000] {dagbag.py:540} INFO - Filling up the DagBag from /opt/airflow/dags/first_crnschedular.py
[2024-04-08T21:08:22.496+0000] {processor.py:840} INFO - DAG(s) 'first_cron' retrieved from /opt/airflow/dags/first_crnschedular.py
[2024-04-08T21:08:22.542+0000] {logging_mixin.py:188} INFO - [2024-04-08T21:08:22.542+0000] {dag.py:3047} INFO - Sync 1 DAGs
[2024-04-08T21:08:22.588+0000] {logging_mixin.py:188} INFO - [2024-04-08T21:08:22.588+0000] {dag.py:3834} INFO - Setting next_dagrun for first_cron to 2024-04-02 04:05:00+00:00, run_after=2024-04-03 04:05:00+00:00
[2024-04-08T21:08:22.630+0000] {processor.py:183} INFO - Processing /opt/airflow/dags/first_crnschedular.py took 0.189 seconds
[2024-04-08T21:08:52.742+0000] {processor.py:161} INFO - Started process (PID=267) to work on /opt/airflow/dags/first_crnschedular.py
[2024-04-08T21:08:52.744+0000] {processor.py:830} INFO - Processing file /opt/airflow/dags/first_crnschedular.py for tasks to queue
[2024-04-08T21:08:52.748+0000] {logging_mixin.py:188} INFO - [2024-04-08T21:08:52.748+0000] {dagbag.py:540} INFO - Filling up the DagBag from /opt/airflow/dags/first_crnschedular.py
[2024-04-08T21:08:52.804+0000] {processor.py:840} INFO - DAG(s) 'first_cron' retrieved from /opt/airflow/dags/first_crnschedular.py
[2024-04-08T21:08:52.842+0000] {logging_mixin.py:188} INFO - [2024-04-08T21:08:52.842+0000] {dag.py:3047} INFO - Sync 1 DAGs
[2024-04-08T21:08:52.886+0000] {logging_mixin.py:188} INFO - [2024-04-08T21:08:52.886+0000] {dag.py:3834} INFO - Setting next_dagrun for first_cron to 2024-04-02 04:05:00+00:00, run_after=2024-04-03 04:05:00+00:00
[2024-04-08T21:08:52.928+0000] {processor.py:183} INFO - Processing /opt/airflow/dags/first_crnschedular.py took 0.193 seconds
[2024-04-08T21:09:23.266+0000] {processor.py:161} INFO - Started process (PID=281) to work on /opt/airflow/dags/first_crnschedular.py
[2024-04-08T21:09:23.268+0000] {processor.py:830} INFO - Processing file /opt/airflow/dags/first_crnschedular.py for tasks to queue
[2024-04-08T21:09:23.272+0000] {logging_mixin.py:188} INFO - [2024-04-08T21:09:23.271+0000] {dagbag.py:540} INFO - Filling up the DagBag from /opt/airflow/dags/first_crnschedular.py
[2024-04-08T21:09:23.318+0000] {processor.py:840} INFO - DAG(s) 'first_cron' retrieved from /opt/airflow/dags/first_crnschedular.py
[2024-04-08T21:09:23.365+0000] {logging_mixin.py:188} INFO - [2024-04-08T21:09:23.365+0000] {dag.py:3047} INFO - Sync 1 DAGs
[2024-04-08T21:09:23.416+0000] {logging_mixin.py:188} INFO - [2024-04-08T21:09:23.415+0000] {dag.py:3834} INFO - Setting next_dagrun for first_cron to 2024-04-02 04:05:00+00:00, run_after=2024-04-03 04:05:00+00:00
[2024-04-08T21:09:23.461+0000] {processor.py:183} INFO - Processing /opt/airflow/dags/first_crnschedular.py took 0.201 seconds
[2024-04-08T21:09:53.708+0000] {processor.py:161} INFO - Started process (PID=296) to work on /opt/airflow/dags/first_crnschedular.py
[2024-04-08T21:09:53.710+0000] {processor.py:830} INFO - Processing file /opt/airflow/dags/first_crnschedular.py for tasks to queue
[2024-04-08T21:09:53.713+0000] {logging_mixin.py:188} INFO - [2024-04-08T21:09:53.713+0000] {dagbag.py:540} INFO - Filling up the DagBag from /opt/airflow/dags/first_crnschedular.py
[2024-04-08T21:09:53.764+0000] {processor.py:840} INFO - DAG(s) 'first_cron' retrieved from /opt/airflow/dags/first_crnschedular.py
[2024-04-08T21:09:53.812+0000] {logging_mixin.py:188} INFO - [2024-04-08T21:09:53.811+0000] {dag.py:3047} INFO - Sync 1 DAGs
[2024-04-08T21:09:53.853+0000] {logging_mixin.py:188} INFO - [2024-04-08T21:09:53.853+0000] {dag.py:3834} INFO - Setting next_dagrun for first_cron to 2024-04-02 04:05:00+00:00, run_after=2024-04-03 04:05:00+00:00
[2024-04-08T21:09:53.894+0000] {processor.py:183} INFO - Processing /opt/airflow/dags/first_crnschedular.py took 0.191 seconds
[2024-04-08T21:10:24.049+0000] {processor.py:161} INFO - Started process (PID=310) to work on /opt/airflow/dags/first_crnschedular.py
[2024-04-08T21:10:24.051+0000] {processor.py:830} INFO - Processing file /opt/airflow/dags/first_crnschedular.py for tasks to queue
[2024-04-08T21:10:24.054+0000] {logging_mixin.py:188} INFO - [2024-04-08T21:10:24.053+0000] {dagbag.py:540} INFO - Filling up the DagBag from /opt/airflow/dags/first_crnschedular.py
[2024-04-08T21:10:24.096+0000] {processor.py:840} INFO - DAG(s) 'first_cron' retrieved from /opt/airflow/dags/first_crnschedular.py
[2024-04-08T21:10:24.148+0000] {logging_mixin.py:188} INFO - [2024-04-08T21:10:24.147+0000] {dag.py:3047} INFO - Sync 1 DAGs
[2024-04-08T21:10:24.195+0000] {logging_mixin.py:188} INFO - [2024-04-08T21:10:24.194+0000] {dag.py:3834} INFO - Setting next_dagrun for first_cron to 2024-04-02 04:05:00+00:00, run_after=2024-04-03 04:05:00+00:00
[2024-04-08T21:10:24.239+0000] {processor.py:183} INFO - Processing /opt/airflow/dags/first_crnschedular.py took 0.195 seconds
[2024-04-08T21:10:54.576+0000] {processor.py:161} INFO - Started process (PID=324) to work on /opt/airflow/dags/first_crnschedular.py
[2024-04-08T21:10:54.578+0000] {processor.py:830} INFO - Processing file /opt/airflow/dags/first_crnschedular.py for tasks to queue
[2024-04-08T21:10:54.581+0000] {logging_mixin.py:188} INFO - [2024-04-08T21:10:54.580+0000] {dagbag.py:540} INFO - Filling up the DagBag from /opt/airflow/dags/first_crnschedular.py
[2024-04-08T21:10:54.618+0000] {processor.py:840} INFO - DAG(s) 'first_cron' retrieved from /opt/airflow/dags/first_crnschedular.py
[2024-04-08T21:10:54.668+0000] {logging_mixin.py:188} INFO - [2024-04-08T21:10:54.667+0000] {dag.py:3047} INFO - Sync 1 DAGs
[2024-04-08T21:10:54.772+0000] {logging_mixin.py:188} INFO - [2024-04-08T21:10:54.771+0000] {dag.py:3834} INFO - Setting next_dagrun for first_cron to 2024-04-02 04:05:00+00:00, run_after=2024-04-03 04:05:00+00:00
[2024-04-08T21:10:54.815+0000] {processor.py:183} INFO - Processing /opt/airflow/dags/first_crnschedular.py took 0.244 seconds
[2024-04-08T21:11:25.690+0000] {processor.py:161} INFO - Started process (PID=338) to work on /opt/airflow/dags/first_crnschedular.py
[2024-04-08T21:11:25.694+0000] {processor.py:830} INFO - Processing file /opt/airflow/dags/first_crnschedular.py for tasks to queue
[2024-04-08T21:11:25.697+0000] {logging_mixin.py:188} INFO - [2024-04-08T21:11:25.696+0000] {dagbag.py:540} INFO - Filling up the DagBag from /opt/airflow/dags/first_crnschedular.py
[2024-04-08T21:11:25.738+0000] {processor.py:840} INFO - DAG(s) 'first_cron' retrieved from /opt/airflow/dags/first_crnschedular.py
[2024-04-08T21:11:25.779+0000] {logging_mixin.py:188} INFO - [2024-04-08T21:11:25.779+0000] {dag.py:3047} INFO - Sync 1 DAGs
[2024-04-08T21:11:25.826+0000] {logging_mixin.py:188} INFO - [2024-04-08T21:11:25.825+0000] {dag.py:3834} INFO - Setting next_dagrun for first_cron to 2024-04-02 04:05:00+00:00, run_after=2024-04-03 04:05:00+00:00
[2024-04-08T21:11:25.870+0000] {processor.py:183} INFO - Processing /opt/airflow/dags/first_crnschedular.py took 0.186 seconds
[2024-04-08T21:11:56.291+0000] {processor.py:161} INFO - Started process (PID=352) to work on /opt/airflow/dags/first_crnschedular.py
[2024-04-08T21:11:56.293+0000] {processor.py:830} INFO - Processing file /opt/airflow/dags/first_crnschedular.py for tasks to queue
[2024-04-08T21:11:56.297+0000] {logging_mixin.py:188} INFO - [2024-04-08T21:11:56.297+0000] {dagbag.py:540} INFO - Filling up the DagBag from /opt/airflow/dags/first_crnschedular.py
[2024-04-08T21:11:56.356+0000] {processor.py:840} INFO - DAG(s) 'first_cron' retrieved from /opt/airflow/dags/first_crnschedular.py
[2024-04-08T21:11:56.397+0000] {logging_mixin.py:188} INFO - [2024-04-08T21:11:56.396+0000] {dag.py:3047} INFO - Sync 1 DAGs
[2024-04-08T21:11:56.441+0000] {logging_mixin.py:188} INFO - [2024-04-08T21:11:56.441+0000] {dag.py:3834} INFO - Setting next_dagrun for first_cron to 2024-04-02 04:05:00+00:00, run_after=2024-04-03 04:05:00+00:00
[2024-04-08T21:11:56.487+0000] {processor.py:183} INFO - Processing /opt/airflow/dags/first_crnschedular.py took 0.202 seconds
[2024-04-08T21:12:26.632+0000] {processor.py:161} INFO - Started process (PID=366) to work on /opt/airflow/dags/first_crnschedular.py
[2024-04-08T21:12:26.634+0000] {processor.py:830} INFO - Processing file /opt/airflow/dags/first_crnschedular.py for tasks to queue
[2024-04-08T21:12:26.641+0000] {logging_mixin.py:188} INFO - [2024-04-08T21:12:26.640+0000] {dagbag.py:540} INFO - Filling up the DagBag from /opt/airflow/dags/first_crnschedular.py
[2024-04-08T21:12:26.688+0000] {processor.py:840} INFO - DAG(s) 'first_cron' retrieved from /opt/airflow/dags/first_crnschedular.py
[2024-04-08T21:12:26.732+0000] {logging_mixin.py:188} INFO - [2024-04-08T21:12:26.732+0000] {dag.py:3047} INFO - Sync 1 DAGs
[2024-04-08T21:12:26.798+0000] {logging_mixin.py:188} INFO - [2024-04-08T21:12:26.797+0000] {dag.py:3834} INFO - Setting next_dagrun for first_cron to 2024-04-02 04:05:00+00:00, run_after=2024-04-03 04:05:00+00:00
[2024-04-08T21:12:26.846+0000] {processor.py:183} INFO - Processing /opt/airflow/dags/first_crnschedular.py took 0.219 seconds
[2024-04-08T21:12:57.288+0000] {processor.py:161} INFO - Started process (PID=381) to work on /opt/airflow/dags/first_crnschedular.py
[2024-04-08T21:12:57.290+0000] {processor.py:830} INFO - Processing file /opt/airflow/dags/first_crnschedular.py for tasks to queue
[2024-04-08T21:12:57.293+0000] {logging_mixin.py:188} INFO - [2024-04-08T21:12:57.292+0000] {dagbag.py:540} INFO - Filling up the DagBag from /opt/airflow/dags/first_crnschedular.py
[2024-04-08T21:12:57.340+0000] {processor.py:840} INFO - DAG(s) 'first_cron' retrieved from /opt/airflow/dags/first_crnschedular.py
[2024-04-08T21:12:57.384+0000] {logging_mixin.py:188} INFO - [2024-04-08T21:12:57.383+0000] {dag.py:3047} INFO - Sync 1 DAGs
[2024-04-08T21:12:57.430+0000] {logging_mixin.py:188} INFO - [2024-04-08T21:12:57.429+0000] {dag.py:3834} INFO - Setting next_dagrun for first_cron to 2024-04-02 04:05:00+00:00, run_after=2024-04-03 04:05:00+00:00
[2024-04-08T21:12:57.474+0000] {processor.py:183} INFO - Processing /opt/airflow/dags/first_crnschedular.py took 0.194 seconds
[2024-04-08T21:13:28.047+0000] {processor.py:161} INFO - Started process (PID=395) to work on /opt/airflow/dags/first_crnschedular.py
[2024-04-08T21:13:28.049+0000] {processor.py:830} INFO - Processing file /opt/airflow/dags/first_crnschedular.py for tasks to queue
[2024-04-08T21:13:28.052+0000] {logging_mixin.py:188} INFO - [2024-04-08T21:13:28.051+0000] {dagbag.py:540} INFO - Filling up the DagBag from /opt/airflow/dags/first_crnschedular.py
[2024-04-08T21:13:28.101+0000] {processor.py:840} INFO - DAG(s) 'first_cron' retrieved from /opt/airflow/dags/first_crnschedular.py
[2024-04-08T21:13:28.146+0000] {logging_mixin.py:188} INFO - [2024-04-08T21:13:28.145+0000] {dag.py:3047} INFO - Sync 1 DAGs
[2024-04-08T21:13:28.200+0000] {logging_mixin.py:188} INFO - [2024-04-08T21:13:28.199+0000] {dag.py:3834} INFO - Setting next_dagrun for first_cron to 2024-04-02 04:05:00+00:00, run_after=2024-04-03 04:05:00+00:00
[2024-04-08T21:13:28.261+0000] {processor.py:183} INFO - Processing /opt/airflow/dags/first_crnschedular.py took 0.218 seconds
[2024-04-08T21:13:59.164+0000] {processor.py:161} INFO - Started process (PID=409) to work on /opt/airflow/dags/first_crnschedular.py
[2024-04-08T21:13:59.167+0000] {processor.py:830} INFO - Processing file /opt/airflow/dags/first_crnschedular.py for tasks to queue
[2024-04-08T21:13:59.170+0000] {logging_mixin.py:188} INFO - [2024-04-08T21:13:59.170+0000] {dagbag.py:540} INFO - Filling up the DagBag from /opt/airflow/dags/first_crnschedular.py
[2024-04-08T21:13:59.219+0000] {processor.py:840} INFO - DAG(s) 'first_cron' retrieved from /opt/airflow/dags/first_crnschedular.py
[2024-04-08T21:13:59.265+0000] {logging_mixin.py:188} INFO - [2024-04-08T21:13:59.264+0000] {dag.py:3047} INFO - Sync 1 DAGs
[2024-04-08T21:13:59.308+0000] {logging_mixin.py:188} INFO - [2024-04-08T21:13:59.308+0000] {dag.py:3834} INFO - Setting next_dagrun for first_cron to 2024-04-02 04:05:00+00:00, run_after=2024-04-03 04:05:00+00:00
[2024-04-08T21:13:59.349+0000] {processor.py:183} INFO - Processing /opt/airflow/dags/first_crnschedular.py took 0.191 seconds
[2024-04-08T21:14:30.238+0000] {processor.py:161} INFO - Started process (PID=423) to work on /opt/airflow/dags/first_crnschedular.py
[2024-04-08T21:14:30.240+0000] {processor.py:830} INFO - Processing file /opt/airflow/dags/first_crnschedular.py for tasks to queue
[2024-04-08T21:14:30.244+0000] {logging_mixin.py:188} INFO - [2024-04-08T21:14:30.243+0000] {dagbag.py:540} INFO - Filling up the DagBag from /opt/airflow/dags/first_crnschedular.py
[2024-04-08T21:14:30.302+0000] {processor.py:840} INFO - DAG(s) 'first_cron' retrieved from /opt/airflow/dags/first_crnschedular.py
[2024-04-08T21:14:30.364+0000] {logging_mixin.py:188} INFO - [2024-04-08T21:14:30.363+0000] {dag.py:3047} INFO - Sync 1 DAGs
[2024-04-08T21:14:30.422+0000] {logging_mixin.py:188} INFO - [2024-04-08T21:14:30.422+0000] {dag.py:3834} INFO - Setting next_dagrun for first_cron to 2024-04-02 04:05:00+00:00, run_after=2024-04-03 04:05:00+00:00
[2024-04-08T21:14:30.470+0000] {processor.py:183} INFO - Processing /opt/airflow/dags/first_crnschedular.py took 0.238 seconds
[2024-04-08T21:15:00.644+0000] {processor.py:161} INFO - Started process (PID=436) to work on /opt/airflow/dags/first_crnschedular.py
[2024-04-08T21:15:00.647+0000] {processor.py:830} INFO - Processing file /opt/airflow/dags/first_crnschedular.py for tasks to queue
[2024-04-08T21:15:00.651+0000] {logging_mixin.py:188} INFO - [2024-04-08T21:15:00.650+0000] {dagbag.py:540} INFO - Filling up the DagBag from /opt/airflow/dags/first_crnschedular.py
[2024-04-08T21:15:00.703+0000] {processor.py:840} INFO - DAG(s) 'first_cron' retrieved from /opt/airflow/dags/first_crnschedular.py
[2024-04-08T21:15:00.749+0000] {logging_mixin.py:188} INFO - [2024-04-08T21:15:00.748+0000] {dag.py:3047} INFO - Sync 1 DAGs
[2024-04-08T21:15:00.792+0000] {logging_mixin.py:188} INFO - [2024-04-08T21:15:00.791+0000] {dag.py:3834} INFO - Setting next_dagrun for first_cron to 2024-04-02 04:05:00+00:00, run_after=2024-04-03 04:05:00+00:00
[2024-04-08T21:15:00.839+0000] {processor.py:183} INFO - Processing /opt/airflow/dags/first_crnschedular.py took 0.199 seconds
[2024-04-08T21:15:31.475+0000] {processor.py:161} INFO - Started process (PID=450) to work on /opt/airflow/dags/first_crnschedular.py
[2024-04-08T21:15:31.477+0000] {processor.py:830} INFO - Processing file /opt/airflow/dags/first_crnschedular.py for tasks to queue
[2024-04-08T21:15:31.480+0000] {logging_mixin.py:188} INFO - [2024-04-08T21:15:31.479+0000] {dagbag.py:540} INFO - Filling up the DagBag from /opt/airflow/dags/first_crnschedular.py
[2024-04-08T21:15:31.521+0000] {processor.py:840} INFO - DAG(s) 'first_cron' retrieved from /opt/airflow/dags/first_crnschedular.py
[2024-04-08T21:15:31.561+0000] {logging_mixin.py:188} INFO - [2024-04-08T21:15:31.561+0000] {dag.py:3047} INFO - Sync 1 DAGs
[2024-04-08T21:15:31.614+0000] {logging_mixin.py:188} INFO - [2024-04-08T21:15:31.614+0000] {dag.py:3834} INFO - Setting next_dagrun for first_cron to 2024-04-02 04:05:00+00:00, run_after=2024-04-03 04:05:00+00:00
[2024-04-08T21:15:31.648+0000] {processor.py:183} INFO - Processing /opt/airflow/dags/first_crnschedular.py took 0.179 seconds
[2024-04-08T21:16:02.353+0000] {processor.py:161} INFO - Started process (PID=464) to work on /opt/airflow/dags/first_crnschedular.py
[2024-04-08T21:16:02.356+0000] {processor.py:830} INFO - Processing file /opt/airflow/dags/first_crnschedular.py for tasks to queue
[2024-04-08T21:16:02.360+0000] {logging_mixin.py:188} INFO - [2024-04-08T21:16:02.360+0000] {dagbag.py:540} INFO - Filling up the DagBag from /opt/airflow/dags/first_crnschedular.py
[2024-04-08T21:16:02.417+0000] {processor.py:840} INFO - DAG(s) 'first_cron' retrieved from /opt/airflow/dags/first_crnschedular.py
[2024-04-08T21:16:02.468+0000] {logging_mixin.py:188} INFO - [2024-04-08T21:16:02.467+0000] {dag.py:3047} INFO - Sync 1 DAGs
[2024-04-08T21:16:02.524+0000] {logging_mixin.py:188} INFO - [2024-04-08T21:16:02.524+0000] {dag.py:3834} INFO - Setting next_dagrun for first_cron to 2024-04-02 04:05:00+00:00, run_after=2024-04-03 04:05:00+00:00
[2024-04-08T21:16:02.568+0000] {processor.py:183} INFO - Processing /opt/airflow/dags/first_crnschedular.py took 0.223 seconds
[2024-04-08T21:16:33.033+0000] {processor.py:161} INFO - Started process (PID=478) to work on /opt/airflow/dags/first_crnschedular.py
[2024-04-08T21:16:33.035+0000] {processor.py:830} INFO - Processing file /opt/airflow/dags/first_crnschedular.py for tasks to queue
[2024-04-08T21:16:33.041+0000] {logging_mixin.py:188} INFO - [2024-04-08T21:16:33.040+0000] {dagbag.py:540} INFO - Filling up the DagBag from /opt/airflow/dags/first_crnschedular.py
[2024-04-08T21:16:33.088+0000] {processor.py:840} INFO - DAG(s) 'first_cron' retrieved from /opt/airflow/dags/first_crnschedular.py
[2024-04-08T21:16:33.133+0000] {logging_mixin.py:188} INFO - [2024-04-08T21:16:33.132+0000] {dag.py:3047} INFO - Sync 1 DAGs
[2024-04-08T21:16:33.176+0000] {logging_mixin.py:188} INFO - [2024-04-08T21:16:33.175+0000] {dag.py:3834} INFO - Setting next_dagrun for first_cron to 2024-04-02 04:05:00+00:00, run_after=2024-04-03 04:05:00+00:00
[2024-04-08T21:16:33.228+0000] {processor.py:183} INFO - Processing /opt/airflow/dags/first_crnschedular.py took 0.202 seconds
[2024-04-08T21:17:03.754+0000] {processor.py:161} INFO - Started process (PID=492) to work on /opt/airflow/dags/first_crnschedular.py
[2024-04-08T21:17:03.756+0000] {processor.py:830} INFO - Processing file /opt/airflow/dags/first_crnschedular.py for tasks to queue
[2024-04-08T21:17:03.760+0000] {logging_mixin.py:188} INFO - [2024-04-08T21:17:03.759+0000] {dagbag.py:540} INFO - Filling up the DagBag from /opt/airflow/dags/first_crnschedular.py
[2024-04-08T21:17:03.808+0000] {processor.py:840} INFO - DAG(s) 'first_cron' retrieved from /opt/airflow/dags/first_crnschedular.py
[2024-04-08T21:17:03.852+0000] {logging_mixin.py:188} INFO - [2024-04-08T21:17:03.851+0000] {dag.py:3047} INFO - Sync 1 DAGs
[2024-04-08T21:17:03.894+0000] {logging_mixin.py:188} INFO - [2024-04-08T21:17:03.893+0000] {dag.py:3834} INFO - Setting next_dagrun for first_cron to 2024-04-02 04:05:00+00:00, run_after=2024-04-03 04:05:00+00:00
[2024-04-08T21:17:03.938+0000] {processor.py:183} INFO - Processing /opt/airflow/dags/first_crnschedular.py took 0.188 seconds
[2024-04-08T21:17:34.582+0000] {processor.py:161} INFO - Started process (PID=506) to work on /opt/airflow/dags/first_crnschedular.py
[2024-04-08T21:17:34.584+0000] {processor.py:830} INFO - Processing file /opt/airflow/dags/first_crnschedular.py for tasks to queue
[2024-04-08T21:17:34.588+0000] {logging_mixin.py:188} INFO - [2024-04-08T21:17:34.587+0000] {dagbag.py:540} INFO - Filling up the DagBag from /opt/airflow/dags/first_crnschedular.py
[2024-04-08T21:17:34.622+0000] {processor.py:840} INFO - DAG(s) 'first_cron' retrieved from /opt/airflow/dags/first_crnschedular.py
[2024-04-08T21:17:34.666+0000] {logging_mixin.py:188} INFO - [2024-04-08T21:17:34.665+0000] {dag.py:3047} INFO - Sync 1 DAGs
[2024-04-08T21:17:34.719+0000] {logging_mixin.py:188} INFO - [2024-04-08T21:17:34.719+0000] {dag.py:3834} INFO - Setting next_dagrun for first_cron to 2024-04-02 04:05:00+00:00, run_after=2024-04-03 04:05:00+00:00
[2024-04-08T21:17:34.762+0000] {processor.py:183} INFO - Processing /opt/airflow/dags/first_crnschedular.py took 0.184 seconds
[2024-04-08T21:18:05.575+0000] {processor.py:161} INFO - Started process (PID=520) to work on /opt/airflow/dags/first_crnschedular.py
[2024-04-08T21:18:05.579+0000] {processor.py:830} INFO - Processing file /opt/airflow/dags/first_crnschedular.py for tasks to queue
[2024-04-08T21:18:05.586+0000] {logging_mixin.py:188} INFO - [2024-04-08T21:18:05.585+0000] {dagbag.py:540} INFO - Filling up the DagBag from /opt/airflow/dags/first_crnschedular.py
[2024-04-08T21:18:05.633+0000] {processor.py:840} INFO - DAG(s) 'first_cron' retrieved from /opt/airflow/dags/first_crnschedular.py
[2024-04-08T21:18:05.688+0000] {logging_mixin.py:188} INFO - [2024-04-08T21:18:05.688+0000] {dag.py:3047} INFO - Sync 1 DAGs
[2024-04-08T21:18:05.756+0000] {logging_mixin.py:188} INFO - [2024-04-08T21:18:05.755+0000] {dag.py:3834} INFO - Setting next_dagrun for first_cron to 2024-04-02 04:05:00+00:00, run_after=2024-04-03 04:05:00+00:00
[2024-04-08T21:18:05.806+0000] {processor.py:183} INFO - Processing /opt/airflow/dags/first_crnschedular.py took 0.242 seconds
[2024-04-08T21:18:36.274+0000] {processor.py:161} INFO - Started process (PID=534) to work on /opt/airflow/dags/first_crnschedular.py
[2024-04-08T21:18:36.277+0000] {processor.py:830} INFO - Processing file /opt/airflow/dags/first_crnschedular.py for tasks to queue
[2024-04-08T21:18:36.282+0000] {logging_mixin.py:188} INFO - [2024-04-08T21:18:36.281+0000] {dagbag.py:540} INFO - Filling up the DagBag from /opt/airflow/dags/first_crnschedular.py
[2024-04-08T21:18:36.333+0000] {processor.py:840} INFO - DAG(s) 'first_cron' retrieved from /opt/airflow/dags/first_crnschedular.py
[2024-04-08T21:18:36.386+0000] {logging_mixin.py:188} INFO - [2024-04-08T21:18:36.385+0000] {dag.py:3047} INFO - Sync 1 DAGs
[2024-04-08T21:18:36.431+0000] {logging_mixin.py:188} INFO - [2024-04-08T21:18:36.431+0000] {dag.py:3834} INFO - Setting next_dagrun for first_cron to 2024-04-02 04:05:00+00:00, run_after=2024-04-03 04:05:00+00:00
[2024-04-08T21:18:36.479+0000] {processor.py:183} INFO - Processing /opt/airflow/dags/first_crnschedular.py took 0.212 seconds
[2024-04-08T21:19:07.021+0000] {processor.py:161} INFO - Started process (PID=548) to work on /opt/airflow/dags/first_crnschedular.py
[2024-04-08T21:19:07.023+0000] {processor.py:830} INFO - Processing file /opt/airflow/dags/first_crnschedular.py for tasks to queue
[2024-04-08T21:19:07.027+0000] {logging_mixin.py:188} INFO - [2024-04-08T21:19:07.026+0000] {dagbag.py:540} INFO - Filling up the DagBag from /opt/airflow/dags/first_crnschedular.py
[2024-04-08T21:19:07.071+0000] {processor.py:840} INFO - DAG(s) 'first_cron' retrieved from /opt/airflow/dags/first_crnschedular.py
[2024-04-08T21:19:07.124+0000] {logging_mixin.py:188} INFO - [2024-04-08T21:19:07.123+0000] {dag.py:3047} INFO - Sync 1 DAGs
[2024-04-08T21:19:07.167+0000] {logging_mixin.py:188} INFO - [2024-04-08T21:19:07.166+0000] {dag.py:3834} INFO - Setting next_dagrun for first_cron to 2024-04-02 04:05:00+00:00, run_after=2024-04-03 04:05:00+00:00
[2024-04-08T21:19:07.204+0000] {processor.py:183} INFO - Processing /opt/airflow/dags/first_crnschedular.py took 0.189 seconds
[2024-04-08T21:19:37.820+0000] {processor.py:161} INFO - Started process (PID=562) to work on /opt/airflow/dags/first_crnschedular.py
[2024-04-08T21:19:37.823+0000] {processor.py:830} INFO - Processing file /opt/airflow/dags/first_crnschedular.py for tasks to queue
[2024-04-08T21:19:37.827+0000] {logging_mixin.py:188} INFO - [2024-04-08T21:19:37.827+0000] {dagbag.py:540} INFO - Filling up the DagBag from /opt/airflow/dags/first_crnschedular.py
[2024-04-08T21:19:37.876+0000] {processor.py:840} INFO - DAG(s) 'first_cron' retrieved from /opt/airflow/dags/first_crnschedular.py
[2024-04-08T21:19:37.919+0000] {logging_mixin.py:188} INFO - [2024-04-08T21:19:37.918+0000] {dag.py:3047} INFO - Sync 1 DAGs
[2024-04-08T21:19:37.961+0000] {logging_mixin.py:188} INFO - [2024-04-08T21:19:37.961+0000] {dag.py:3834} INFO - Setting next_dagrun for first_cron to 2024-04-02 04:05:00+00:00, run_after=2024-04-03 04:05:00+00:00
[2024-04-08T21:19:38.000+0000] {processor.py:183} INFO - Processing /opt/airflow/dags/first_crnschedular.py took 0.185 seconds
[2024-04-08T21:20:08.551+0000] {processor.py:161} INFO - Started process (PID=576) to work on /opt/airflow/dags/first_crnschedular.py
[2024-04-08T21:20:08.553+0000] {processor.py:830} INFO - Processing file /opt/airflow/dags/first_crnschedular.py for tasks to queue
[2024-04-08T21:20:08.557+0000] {logging_mixin.py:188} INFO - [2024-04-08T21:20:08.557+0000] {dagbag.py:540} INFO - Filling up the DagBag from /opt/airflow/dags/first_crnschedular.py
[2024-04-08T21:20:08.594+0000] {processor.py:840} INFO - DAG(s) 'first_cron' retrieved from /opt/airflow/dags/first_crnschedular.py
[2024-04-08T21:20:08.639+0000] {logging_mixin.py:188} INFO - [2024-04-08T21:20:08.638+0000] {dag.py:3047} INFO - Sync 1 DAGs
[2024-04-08T21:20:08.682+0000] {logging_mixin.py:188} INFO - [2024-04-08T21:20:08.682+0000] {dag.py:3834} INFO - Setting next_dagrun for first_cron to 2024-04-02 04:05:00+00:00, run_after=2024-04-03 04:05:00+00:00
[2024-04-08T21:20:08.717+0000] {processor.py:183} INFO - Processing /opt/airflow/dags/first_crnschedular.py took 0.172 seconds
[2024-04-08T21:20:39.344+0000] {processor.py:161} INFO - Started process (PID=590) to work on /opt/airflow/dags/first_crnschedular.py
[2024-04-08T21:20:39.346+0000] {processor.py:830} INFO - Processing file /opt/airflow/dags/first_crnschedular.py for tasks to queue
[2024-04-08T21:20:39.350+0000] {logging_mixin.py:188} INFO - [2024-04-08T21:20:39.349+0000] {dagbag.py:540} INFO - Filling up the DagBag from /opt/airflow/dags/first_crnschedular.py
[2024-04-08T21:20:39.399+0000] {processor.py:840} INFO - DAG(s) 'first_cron' retrieved from /opt/airflow/dags/first_crnschedular.py
[2024-04-08T21:20:39.443+0000] {logging_mixin.py:188} INFO - [2024-04-08T21:20:39.442+0000] {dag.py:3047} INFO - Sync 1 DAGs
[2024-04-08T21:20:39.485+0000] {logging_mixin.py:188} INFO - [2024-04-08T21:20:39.484+0000] {dag.py:3834} INFO - Setting next_dagrun for first_cron to 2024-04-02 04:05:00+00:00, run_after=2024-04-03 04:05:00+00:00
[2024-04-08T21:20:39.523+0000] {processor.py:183} INFO - Processing /opt/airflow/dags/first_crnschedular.py took 0.188 seconds
[2024-04-08T21:21:10.070+0000] {processor.py:161} INFO - Started process (PID=604) to work on /opt/airflow/dags/first_crnschedular.py
[2024-04-08T21:21:10.072+0000] {processor.py:830} INFO - Processing file /opt/airflow/dags/first_crnschedular.py for tasks to queue
[2024-04-08T21:21:10.076+0000] {logging_mixin.py:188} INFO - [2024-04-08T21:21:10.075+0000] {dagbag.py:540} INFO - Filling up the DagBag from /opt/airflow/dags/first_crnschedular.py
[2024-04-08T21:21:10.127+0000] {processor.py:840} INFO - DAG(s) 'first_cron' retrieved from /opt/airflow/dags/first_crnschedular.py
[2024-04-08T21:21:10.176+0000] {logging_mixin.py:188} INFO - [2024-04-08T21:21:10.175+0000] {dag.py:3047} INFO - Sync 1 DAGs
[2024-04-08T21:21:10.228+0000] {logging_mixin.py:188} INFO - [2024-04-08T21:21:10.227+0000] {dag.py:3834} INFO - Setting next_dagrun for first_cron to 2024-04-02 04:05:00+00:00, run_after=2024-04-03 04:05:00+00:00
[2024-04-08T21:21:10.268+0000] {processor.py:183} INFO - Processing /opt/airflow/dags/first_crnschedular.py took 0.204 seconds
[2024-04-08T21:21:40.891+0000] {processor.py:161} INFO - Started process (PID=618) to work on /opt/airflow/dags/first_crnschedular.py
[2024-04-08T21:21:40.893+0000] {processor.py:830} INFO - Processing file /opt/airflow/dags/first_crnschedular.py for tasks to queue
[2024-04-08T21:21:40.897+0000] {logging_mixin.py:188} INFO - [2024-04-08T21:21:40.896+0000] {dagbag.py:540} INFO - Filling up the DagBag from /opt/airflow/dags/first_crnschedular.py
[2024-04-08T21:21:40.947+0000] {processor.py:840} INFO - DAG(s) 'first_cron' retrieved from /opt/airflow/dags/first_crnschedular.py
[2024-04-08T21:21:40.996+0000] {logging_mixin.py:188} INFO - [2024-04-08T21:21:40.995+0000] {dag.py:3047} INFO - Sync 1 DAGs
[2024-04-08T21:21:41.049+0000] {logging_mixin.py:188} INFO - [2024-04-08T21:21:41.048+0000] {dag.py:3834} INFO - Setting next_dagrun for first_cron to 2024-04-02 04:05:00+00:00, run_after=2024-04-03 04:05:00+00:00
[2024-04-08T21:21:41.098+0000] {processor.py:183} INFO - Processing /opt/airflow/dags/first_crnschedular.py took 0.213 seconds
[2024-04-08T21:22:11.713+0000] {processor.py:161} INFO - Started process (PID=632) to work on /opt/airflow/dags/first_crnschedular.py
[2024-04-08T21:22:11.716+0000] {processor.py:830} INFO - Processing file /opt/airflow/dags/first_crnschedular.py for tasks to queue
[2024-04-08T21:22:11.721+0000] {logging_mixin.py:188} INFO - [2024-04-08T21:22:11.720+0000] {dagbag.py:540} INFO - Filling up the DagBag from /opt/airflow/dags/first_crnschedular.py
[2024-04-08T21:22:11.768+0000] {processor.py:840} INFO - DAG(s) 'first_cron' retrieved from /opt/airflow/dags/first_crnschedular.py
[2024-04-08T21:22:11.813+0000] {logging_mixin.py:188} INFO - [2024-04-08T21:22:11.812+0000] {dag.py:3047} INFO - Sync 1 DAGs
[2024-04-08T21:22:11.859+0000] {logging_mixin.py:188} INFO - [2024-04-08T21:22:11.859+0000] {dag.py:3834} INFO - Setting next_dagrun for first_cron to 2024-04-02 04:05:00+00:00, run_after=2024-04-03 04:05:00+00:00
[2024-04-08T21:22:11.908+0000] {processor.py:183} INFO - Processing /opt/airflow/dags/first_crnschedular.py took 0.203 seconds
[2024-04-08T21:22:42.697+0000] {processor.py:161} INFO - Started process (PID=646) to work on /opt/airflow/dags/first_crnschedular.py
[2024-04-08T21:22:42.699+0000] {processor.py:830} INFO - Processing file /opt/airflow/dags/first_crnschedular.py for tasks to queue
[2024-04-08T21:22:42.702+0000] {logging_mixin.py:188} INFO - [2024-04-08T21:22:42.702+0000] {dagbag.py:540} INFO - Filling up the DagBag from /opt/airflow/dags/first_crnschedular.py
[2024-04-08T21:22:42.754+0000] {processor.py:840} INFO - DAG(s) 'first_cron' retrieved from /opt/airflow/dags/first_crnschedular.py
[2024-04-08T21:22:42.795+0000] {logging_mixin.py:188} INFO - [2024-04-08T21:22:42.794+0000] {dag.py:3047} INFO - Sync 1 DAGs
[2024-04-08T21:22:42.836+0000] {logging_mixin.py:188} INFO - [2024-04-08T21:22:42.836+0000] {dag.py:3834} INFO - Setting next_dagrun for first_cron to 2024-04-02 04:05:00+00:00, run_after=2024-04-03 04:05:00+00:00
[2024-04-08T21:22:42.881+0000] {processor.py:183} INFO - Processing /opt/airflow/dags/first_crnschedular.py took 0.189 seconds
[2024-04-08T21:23:13.258+0000] {processor.py:161} INFO - Started process (PID=660) to work on /opt/airflow/dags/first_crnschedular.py
[2024-04-08T21:23:13.260+0000] {processor.py:830} INFO - Processing file /opt/airflow/dags/first_crnschedular.py for tasks to queue
[2024-04-08T21:23:13.263+0000] {logging_mixin.py:188} INFO - [2024-04-08T21:23:13.262+0000] {dagbag.py:540} INFO - Filling up the DagBag from /opt/airflow/dags/first_crnschedular.py
[2024-04-08T21:23:13.304+0000] {processor.py:840} INFO - DAG(s) 'first_cron' retrieved from /opt/airflow/dags/first_crnschedular.py
[2024-04-08T21:23:13.355+0000] {logging_mixin.py:188} INFO - [2024-04-08T21:23:13.354+0000] {dag.py:3047} INFO - Sync 1 DAGs
[2024-04-08T21:23:13.413+0000] {logging_mixin.py:188} INFO - [2024-04-08T21:23:13.412+0000] {dag.py:3834} INFO - Setting next_dagrun for first_cron to 2024-04-02 04:05:00+00:00, run_after=2024-04-03 04:05:00+00:00
[2024-04-08T21:23:13.458+0000] {processor.py:183} INFO - Processing /opt/airflow/dags/first_crnschedular.py took 0.205 seconds
[2024-04-08T21:23:44.136+0000] {processor.py:161} INFO - Started process (PID=674) to work on /opt/airflow/dags/first_crnschedular.py
[2024-04-08T21:23:44.138+0000] {processor.py:830} INFO - Processing file /opt/airflow/dags/first_crnschedular.py for tasks to queue
[2024-04-08T21:23:44.141+0000] {logging_mixin.py:188} INFO - [2024-04-08T21:23:44.140+0000] {dagbag.py:540} INFO - Filling up the DagBag from /opt/airflow/dags/first_crnschedular.py
[2024-04-08T21:23:44.187+0000] {processor.py:840} INFO - DAG(s) 'first_cron' retrieved from /opt/airflow/dags/first_crnschedular.py
[2024-04-08T21:23:44.228+0000] {logging_mixin.py:188} INFO - [2024-04-08T21:23:44.228+0000] {dag.py:3047} INFO - Sync 1 DAGs
[2024-04-08T21:23:44.272+0000] {logging_mixin.py:188} INFO - [2024-04-08T21:23:44.272+0000] {dag.py:3834} INFO - Setting next_dagrun for first_cron to 2024-04-02 04:05:00+00:00, run_after=2024-04-03 04:05:00+00:00
[2024-04-08T21:23:44.319+0000] {processor.py:183} INFO - Processing /opt/airflow/dags/first_crnschedular.py took 0.188 seconds
[2024-04-08T21:24:15.043+0000] {processor.py:161} INFO - Started process (PID=688) to work on /opt/airflow/dags/first_crnschedular.py
[2024-04-08T21:24:15.045+0000] {processor.py:830} INFO - Processing file /opt/airflow/dags/first_crnschedular.py for tasks to queue
[2024-04-08T21:24:15.050+0000] {logging_mixin.py:188} INFO - [2024-04-08T21:24:15.050+0000] {dagbag.py:540} INFO - Filling up the DagBag from /opt/airflow/dags/first_crnschedular.py
[2024-04-08T21:24:15.101+0000] {processor.py:840} INFO - DAG(s) 'first_cron' retrieved from /opt/airflow/dags/first_crnschedular.py
[2024-04-08T21:24:15.147+0000] {logging_mixin.py:188} INFO - [2024-04-08T21:24:15.147+0000] {dag.py:3047} INFO - Sync 1 DAGs
[2024-04-08T21:24:15.190+0000] {logging_mixin.py:188} INFO - [2024-04-08T21:24:15.190+0000] {dag.py:3834} INFO - Setting next_dagrun for first_cron to 2024-04-02 04:05:00+00:00, run_after=2024-04-03 04:05:00+00:00
[2024-04-08T21:24:15.232+0000] {processor.py:183} INFO - Processing /opt/airflow/dags/first_crnschedular.py took 0.195 seconds
[2024-04-08T21:24:45.791+0000] {processor.py:161} INFO - Started process (PID=702) to work on /opt/airflow/dags/first_crnschedular.py
[2024-04-08T21:24:45.794+0000] {processor.py:830} INFO - Processing file /opt/airflow/dags/first_crnschedular.py for tasks to queue
[2024-04-08T21:24:45.798+0000] {logging_mixin.py:188} INFO - [2024-04-08T21:24:45.797+0000] {dagbag.py:540} INFO - Filling up the DagBag from /opt/airflow/dags/first_crnschedular.py
[2024-04-08T21:24:45.843+0000] {processor.py:840} INFO - DAG(s) 'first_cron' retrieved from /opt/airflow/dags/first_crnschedular.py
[2024-04-08T21:24:45.890+0000] {logging_mixin.py:188} INFO - [2024-04-08T21:24:45.890+0000] {dag.py:3047} INFO - Sync 1 DAGs
[2024-04-08T21:24:45.936+0000] {logging_mixin.py:188} INFO - [2024-04-08T21:24:45.935+0000] {dag.py:3834} INFO - Setting next_dagrun for first_cron to 2024-04-02 04:05:00+00:00, run_after=2024-04-03 04:05:00+00:00
[2024-04-08T21:24:45.979+0000] {processor.py:183} INFO - Processing /opt/airflow/dags/first_crnschedular.py took 0.194 seconds
[2024-04-08T21:25:16.616+0000] {processor.py:161} INFO - Started process (PID=716) to work on /opt/airflow/dags/first_crnschedular.py
[2024-04-08T21:25:16.619+0000] {processor.py:830} INFO - Processing file /opt/airflow/dags/first_crnschedular.py for tasks to queue
[2024-04-08T21:25:16.622+0000] {logging_mixin.py:188} INFO - [2024-04-08T21:25:16.622+0000] {dagbag.py:540} INFO - Filling up the DagBag from /opt/airflow/dags/first_crnschedular.py
[2024-04-08T21:25:16.671+0000] {processor.py:840} INFO - DAG(s) 'first_cron' retrieved from /opt/airflow/dags/first_crnschedular.py
[2024-04-08T21:25:16.716+0000] {logging_mixin.py:188} INFO - [2024-04-08T21:25:16.716+0000] {dag.py:3047} INFO - Sync 1 DAGs
[2024-04-08T21:25:16.766+0000] {logging_mixin.py:188} INFO - [2024-04-08T21:25:16.765+0000] {dag.py:3834} INFO - Setting next_dagrun for first_cron to 2024-04-02 04:05:00+00:00, run_after=2024-04-03 04:05:00+00:00
[2024-04-08T21:25:16.810+0000] {processor.py:183} INFO - Processing /opt/airflow/dags/first_crnschedular.py took 0.200 seconds
[2024-04-08T21:25:47.378+0000] {processor.py:161} INFO - Started process (PID=730) to work on /opt/airflow/dags/first_crnschedular.py
[2024-04-08T21:25:47.380+0000] {processor.py:830} INFO - Processing file /opt/airflow/dags/first_crnschedular.py for tasks to queue
[2024-04-08T21:25:47.384+0000] {logging_mixin.py:188} INFO - [2024-04-08T21:25:47.383+0000] {dagbag.py:540} INFO - Filling up the DagBag from /opt/airflow/dags/first_crnschedular.py
[2024-04-08T21:25:47.426+0000] {processor.py:840} INFO - DAG(s) 'first_cron' retrieved from /opt/airflow/dags/first_crnschedular.py
[2024-04-08T21:25:47.471+0000] {logging_mixin.py:188} INFO - [2024-04-08T21:25:47.470+0000] {dag.py:3047} INFO - Sync 1 DAGs
[2024-04-08T21:25:47.519+0000] {logging_mixin.py:188} INFO - [2024-04-08T21:25:47.519+0000] {dag.py:3834} INFO - Setting next_dagrun for first_cron to 2024-04-02 04:05:00+00:00, run_after=2024-04-03 04:05:00+00:00
[2024-04-08T21:25:47.563+0000] {processor.py:183} INFO - Processing /opt/airflow/dags/first_crnschedular.py took 0.193 seconds
[2024-04-08T21:26:18.139+0000] {processor.py:161} INFO - Started process (PID=744) to work on /opt/airflow/dags/first_crnschedular.py
[2024-04-08T21:26:18.141+0000] {processor.py:830} INFO - Processing file /opt/airflow/dags/first_crnschedular.py for tasks to queue
[2024-04-08T21:26:18.145+0000] {logging_mixin.py:188} INFO - [2024-04-08T21:26:18.144+0000] {dagbag.py:540} INFO - Filling up the DagBag from /opt/airflow/dags/first_crnschedular.py
[2024-04-08T21:26:18.191+0000] {processor.py:840} INFO - DAG(s) 'first_cron' retrieved from /opt/airflow/dags/first_crnschedular.py
[2024-04-08T21:26:18.236+0000] {logging_mixin.py:188} INFO - [2024-04-08T21:26:18.236+0000] {dag.py:3047} INFO - Sync 1 DAGs
[2024-04-08T21:26:18.287+0000] {logging_mixin.py:188} INFO - [2024-04-08T21:26:18.287+0000] {dag.py:3834} INFO - Setting next_dagrun for first_cron to 2024-04-02 04:05:00+00:00, run_after=2024-04-03 04:05:00+00:00
[2024-04-08T21:26:18.327+0000] {processor.py:183} INFO - Processing /opt/airflow/dags/first_crnschedular.py took 0.192 seconds
[2024-04-08T21:26:48.790+0000] {processor.py:161} INFO - Started process (PID=758) to work on /opt/airflow/dags/first_crnschedular.py
[2024-04-08T21:26:48.792+0000] {processor.py:830} INFO - Processing file /opt/airflow/dags/first_crnschedular.py for tasks to queue
[2024-04-08T21:26:48.796+0000] {logging_mixin.py:188} INFO - [2024-04-08T21:26:48.795+0000] {dagbag.py:540} INFO - Filling up the DagBag from /opt/airflow/dags/first_crnschedular.py
[2024-04-08T21:26:48.853+0000] {processor.py:840} INFO - DAG(s) 'first_cron' retrieved from /opt/airflow/dags/first_crnschedular.py
[2024-04-08T21:26:48.913+0000] {logging_mixin.py:188} INFO - [2024-04-08T21:26:48.912+0000] {dag.py:3047} INFO - Sync 1 DAGs
[2024-04-08T21:26:48.969+0000] {logging_mixin.py:188} INFO - [2024-04-08T21:26:48.969+0000] {dag.py:3834} INFO - Setting next_dagrun for first_cron to 2024-04-02 04:05:00+00:00, run_after=2024-04-03 04:05:00+00:00
[2024-04-08T21:26:49.017+0000] {processor.py:183} INFO - Processing /opt/airflow/dags/first_crnschedular.py took 0.233 seconds
[2024-04-08T21:27:19.640+0000] {processor.py:161} INFO - Started process (PID=772) to work on /opt/airflow/dags/first_crnschedular.py
[2024-04-08T21:27:19.642+0000] {processor.py:830} INFO - Processing file /opt/airflow/dags/first_crnschedular.py for tasks to queue
[2024-04-08T21:27:19.648+0000] {logging_mixin.py:188} INFO - [2024-04-08T21:27:19.647+0000] {dagbag.py:540} INFO - Filling up the DagBag from /opt/airflow/dags/first_crnschedular.py
[2024-04-08T21:27:19.692+0000] {processor.py:840} INFO - DAG(s) 'first_cron' retrieved from /opt/airflow/dags/first_crnschedular.py
[2024-04-08T21:27:19.735+0000] {logging_mixin.py:188} INFO - [2024-04-08T21:27:19.734+0000] {dag.py:3047} INFO - Sync 1 DAGs
[2024-04-08T21:27:19.774+0000] {logging_mixin.py:188} INFO - [2024-04-08T21:27:19.774+0000] {dag.py:3834} INFO - Setting next_dagrun for first_cron to 2024-04-02 04:05:00+00:00, run_after=2024-04-03 04:05:00+00:00
[2024-04-08T21:27:19.818+0000] {processor.py:183} INFO - Processing /opt/airflow/dags/first_crnschedular.py took 0.185 seconds
[2024-04-08T21:27:50.420+0000] {processor.py:161} INFO - Started process (PID=786) to work on /opt/airflow/dags/first_crnschedular.py
[2024-04-08T21:27:50.423+0000] {processor.py:830} INFO - Processing file /opt/airflow/dags/first_crnschedular.py for tasks to queue
[2024-04-08T21:27:50.428+0000] {logging_mixin.py:188} INFO - [2024-04-08T21:27:50.427+0000] {dagbag.py:540} INFO - Filling up the DagBag from /opt/airflow/dags/first_crnschedular.py
[2024-04-08T21:27:50.477+0000] {processor.py:840} INFO - DAG(s) 'first_cron' retrieved from /opt/airflow/dags/first_crnschedular.py
[2024-04-08T21:27:50.517+0000] {logging_mixin.py:188} INFO - [2024-04-08T21:27:50.517+0000] {dag.py:3047} INFO - Sync 1 DAGs
[2024-04-08T21:27:50.561+0000] {logging_mixin.py:188} INFO - [2024-04-08T21:27:50.560+0000] {dag.py:3834} INFO - Setting next_dagrun for first_cron to 2024-04-02 04:05:00+00:00, run_after=2024-04-03 04:05:00+00:00
[2024-04-08T21:27:50.610+0000] {processor.py:183} INFO - Processing /opt/airflow/dags/first_crnschedular.py took 0.199 seconds
[2024-04-08T21:28:21.236+0000] {processor.py:161} INFO - Started process (PID=800) to work on /opt/airflow/dags/first_crnschedular.py
[2024-04-08T21:28:21.238+0000] {processor.py:830} INFO - Processing file /opt/airflow/dags/first_crnschedular.py for tasks to queue
[2024-04-08T21:28:21.242+0000] {logging_mixin.py:188} INFO - [2024-04-08T21:28:21.242+0000] {dagbag.py:540} INFO - Filling up the DagBag from /opt/airflow/dags/first_crnschedular.py
[2024-04-08T21:28:21.286+0000] {processor.py:840} INFO - DAG(s) 'first_cron' retrieved from /opt/airflow/dags/first_crnschedular.py
[2024-04-08T21:28:21.331+0000] {logging_mixin.py:188} INFO - [2024-04-08T21:28:21.331+0000] {dag.py:3047} INFO - Sync 1 DAGs
[2024-04-08T21:28:21.379+0000] {logging_mixin.py:188} INFO - [2024-04-08T21:28:21.378+0000] {dag.py:3834} INFO - Setting next_dagrun for first_cron to 2024-04-02 04:05:00+00:00, run_after=2024-04-03 04:05:00+00:00
[2024-04-08T21:28:21.422+0000] {processor.py:183} INFO - Processing /opt/airflow/dags/first_crnschedular.py took 0.194 seconds
[2024-04-08T21:28:52.043+0000] {processor.py:161} INFO - Started process (PID=815) to work on /opt/airflow/dags/first_crnschedular.py
[2024-04-08T21:28:52.048+0000] {processor.py:830} INFO - Processing file /opt/airflow/dags/first_crnschedular.py for tasks to queue
[2024-04-08T21:28:52.052+0000] {logging_mixin.py:188} INFO - [2024-04-08T21:28:52.051+0000] {dagbag.py:540} INFO - Filling up the DagBag from /opt/airflow/dags/first_crnschedular.py
[2024-04-08T21:28:52.102+0000] {processor.py:840} INFO - DAG(s) 'first_cron' retrieved from /opt/airflow/dags/first_crnschedular.py
[2024-04-08T21:28:52.144+0000] {logging_mixin.py:188} INFO - [2024-04-08T21:28:52.143+0000] {dag.py:3047} INFO - Sync 1 DAGs
[2024-04-08T21:28:52.198+0000] {logging_mixin.py:188} INFO - [2024-04-08T21:28:52.197+0000] {dag.py:3834} INFO - Setting next_dagrun for first_cron to 2024-04-02 04:05:00+00:00, run_after=2024-04-03 04:05:00+00:00
[2024-04-08T21:28:52.235+0000] {processor.py:183} INFO - Processing /opt/airflow/dags/first_crnschedular.py took 0.198 seconds
[2024-04-08T21:29:22.861+0000] {processor.py:161} INFO - Started process (PID=829) to work on /opt/airflow/dags/first_crnschedular.py
[2024-04-08T21:29:22.863+0000] {processor.py:830} INFO - Processing file /opt/airflow/dags/first_crnschedular.py for tasks to queue
[2024-04-08T21:29:22.867+0000] {logging_mixin.py:188} INFO - [2024-04-08T21:29:22.866+0000] {dagbag.py:540} INFO - Filling up the DagBag from /opt/airflow/dags/first_crnschedular.py
[2024-04-08T21:29:22.913+0000] {processor.py:840} INFO - DAG(s) 'first_cron' retrieved from /opt/airflow/dags/first_crnschedular.py
[2024-04-08T21:29:22.959+0000] {logging_mixin.py:188} INFO - [2024-04-08T21:29:22.958+0000] {dag.py:3047} INFO - Sync 1 DAGs
[2024-04-08T21:29:23.003+0000] {logging_mixin.py:188} INFO - [2024-04-08T21:29:23.002+0000] {dag.py:3834} INFO - Setting next_dagrun for first_cron to 2024-04-02 04:05:00+00:00, run_after=2024-04-03 04:05:00+00:00
[2024-04-08T21:29:23.056+0000] {processor.py:183} INFO - Processing /opt/airflow/dags/first_crnschedular.py took 0.202 seconds
[2024-04-08T21:29:53.696+0000] {processor.py:161} INFO - Started process (PID=843) to work on /opt/airflow/dags/first_crnschedular.py
[2024-04-08T21:29:53.698+0000] {processor.py:830} INFO - Processing file /opt/airflow/dags/first_crnschedular.py for tasks to queue
[2024-04-08T21:29:53.702+0000] {logging_mixin.py:188} INFO - [2024-04-08T21:29:53.702+0000] {dagbag.py:540} INFO - Filling up the DagBag from /opt/airflow/dags/first_crnschedular.py
[2024-04-08T21:29:53.755+0000] {processor.py:840} INFO - DAG(s) 'first_cron' retrieved from /opt/airflow/dags/first_crnschedular.py
[2024-04-08T21:29:53.799+0000] {logging_mixin.py:188} INFO - [2024-04-08T21:29:53.798+0000] {dag.py:3047} INFO - Sync 1 DAGs
[2024-04-08T21:29:53.843+0000] {logging_mixin.py:188} INFO - [2024-04-08T21:29:53.843+0000] {dag.py:3834} INFO - Setting next_dagrun for first_cron to 2024-04-02 04:05:00+00:00, run_after=2024-04-03 04:05:00+00:00
[2024-04-08T21:29:53.885+0000] {processor.py:183} INFO - Processing /opt/airflow/dags/first_crnschedular.py took 0.197 seconds
[2024-04-08T21:30:24.201+0000] {processor.py:161} INFO - Started process (PID=857) to work on /opt/airflow/dags/first_crnschedular.py
[2024-04-08T21:30:24.203+0000] {processor.py:830} INFO - Processing file /opt/airflow/dags/first_crnschedular.py for tasks to queue
[2024-04-08T21:30:24.209+0000] {logging_mixin.py:188} INFO - [2024-04-08T21:30:24.206+0000] {dagbag.py:540} INFO - Filling up the DagBag from /opt/airflow/dags/first_crnschedular.py
[2024-04-08T21:30:24.250+0000] {processor.py:840} INFO - DAG(s) 'first_cron' retrieved from /opt/airflow/dags/first_crnschedular.py
[2024-04-08T21:30:24.329+0000] {logging_mixin.py:188} INFO - [2024-04-08T21:30:24.328+0000] {dag.py:3047} INFO - Sync 1 DAGs
[2024-04-08T21:30:24.397+0000] {logging_mixin.py:188} INFO - [2024-04-08T21:30:24.397+0000] {dag.py:3834} INFO - Setting next_dagrun for first_cron to 2024-04-02 04:05:00+00:00, run_after=2024-04-03 04:05:00+00:00
[2024-04-08T21:30:24.434+0000] {processor.py:183} INFO - Processing /opt/airflow/dags/first_crnschedular.py took 0.238 seconds
[2024-04-08T21:30:54.809+0000] {processor.py:161} INFO - Started process (PID=877) to work on /opt/airflow/dags/first_crnschedular.py
[2024-04-08T21:30:54.812+0000] {processor.py:830} INFO - Processing file /opt/airflow/dags/first_crnschedular.py for tasks to queue
[2024-04-08T21:30:54.816+0000] {logging_mixin.py:188} INFO - [2024-04-08T21:30:54.816+0000] {dagbag.py:540} INFO - Filling up the DagBag from /opt/airflow/dags/first_crnschedular.py
[2024-04-08T21:30:54.861+0000] {processor.py:840} INFO - DAG(s) 'first_cron' retrieved from /opt/airflow/dags/first_crnschedular.py
[2024-04-08T21:30:54.898+0000] {logging_mixin.py:188} INFO - [2024-04-08T21:30:54.898+0000] {dag.py:3047} INFO - Sync 1 DAGs
[2024-04-08T21:30:54.944+0000] {logging_mixin.py:188} INFO - [2024-04-08T21:30:54.943+0000] {dag.py:3834} INFO - Setting next_dagrun for first_cron to 2024-04-02 04:05:00+00:00, run_after=2024-04-03 04:05:00+00:00
[2024-04-08T21:30:54.981+0000] {processor.py:183} INFO - Processing /opt/airflow/dags/first_crnschedular.py took 0.177 seconds
[2024-04-08T21:31:25.574+0000] {processor.py:161} INFO - Started process (PID=891) to work on /opt/airflow/dags/first_crnschedular.py
[2024-04-08T21:31:25.577+0000] {processor.py:830} INFO - Processing file /opt/airflow/dags/first_crnschedular.py for tasks to queue
[2024-04-08T21:31:25.582+0000] {logging_mixin.py:188} INFO - [2024-04-08T21:31:25.581+0000] {dagbag.py:540} INFO - Filling up the DagBag from /opt/airflow/dags/first_crnschedular.py
[2024-04-08T21:31:25.629+0000] {processor.py:840} INFO - DAG(s) 'first_cron' retrieved from /opt/airflow/dags/first_crnschedular.py
[2024-04-08T21:31:25.678+0000] {logging_mixin.py:188} INFO - [2024-04-08T21:31:25.678+0000] {dag.py:3047} INFO - Sync 1 DAGs
[2024-04-08T21:31:25.728+0000] {logging_mixin.py:188} INFO - [2024-04-08T21:31:25.727+0000] {dag.py:3834} INFO - Setting next_dagrun for first_cron to 2024-04-02 04:05:00+00:00, run_after=2024-04-03 04:05:00+00:00
[2024-04-08T21:31:25.771+0000] {processor.py:183} INFO - Processing /opt/airflow/dags/first_crnschedular.py took 0.205 seconds
[2024-04-08T21:31:56.479+0000] {processor.py:161} INFO - Started process (PID=906) to work on /opt/airflow/dags/first_crnschedular.py
[2024-04-08T21:31:56.481+0000] {processor.py:830} INFO - Processing file /opt/airflow/dags/first_crnschedular.py for tasks to queue
[2024-04-08T21:31:56.487+0000] {logging_mixin.py:188} INFO - [2024-04-08T21:31:56.486+0000] {dagbag.py:540} INFO - Filling up the DagBag from /opt/airflow/dags/first_crnschedular.py
[2024-04-08T21:31:56.530+0000] {processor.py:840} INFO - DAG(s) 'first_cron' retrieved from /opt/airflow/dags/first_crnschedular.py
[2024-04-08T21:31:56.575+0000] {logging_mixin.py:188} INFO - [2024-04-08T21:31:56.575+0000] {dag.py:3047} INFO - Sync 1 DAGs
[2024-04-08T21:31:56.625+0000] {logging_mixin.py:188} INFO - [2024-04-08T21:31:56.624+0000] {dag.py:3834} INFO - Setting next_dagrun for first_cron to 2024-04-02 04:05:00+00:00, run_after=2024-04-03 04:05:00+00:00
[2024-04-08T21:31:56.666+0000] {processor.py:183} INFO - Processing /opt/airflow/dags/first_crnschedular.py took 0.193 seconds
[2024-04-08T21:32:27.376+0000] {processor.py:161} INFO - Started process (PID=921) to work on /opt/airflow/dags/first_crnschedular.py
[2024-04-08T21:32:27.378+0000] {processor.py:830} INFO - Processing file /opt/airflow/dags/first_crnschedular.py for tasks to queue
[2024-04-08T21:32:27.381+0000] {logging_mixin.py:188} INFO - [2024-04-08T21:32:27.380+0000] {dagbag.py:540} INFO - Filling up the DagBag from /opt/airflow/dags/first_crnschedular.py
[2024-04-08T21:32:27.426+0000] {processor.py:840} INFO - DAG(s) 'first_cron' retrieved from /opt/airflow/dags/first_crnschedular.py
[2024-04-08T21:32:27.477+0000] {logging_mixin.py:188} INFO - [2024-04-08T21:32:27.476+0000] {dag.py:3047} INFO - Sync 1 DAGs
[2024-04-08T21:32:27.522+0000] {logging_mixin.py:188} INFO - [2024-04-08T21:32:27.521+0000] {dag.py:3834} INFO - Setting next_dagrun for first_cron to 2024-04-02 04:05:00+00:00, run_after=2024-04-03 04:05:00+00:00
[2024-04-08T21:32:27.564+0000] {processor.py:183} INFO - Processing /opt/airflow/dags/first_crnschedular.py took 0.194 seconds
[2024-04-08T21:32:58.162+0000] {processor.py:161} INFO - Started process (PID=935) to work on /opt/airflow/dags/first_crnschedular.py
[2024-04-08T21:32:58.164+0000] {processor.py:830} INFO - Processing file /opt/airflow/dags/first_crnschedular.py for tasks to queue
[2024-04-08T21:32:58.168+0000] {logging_mixin.py:188} INFO - [2024-04-08T21:32:58.167+0000] {dagbag.py:540} INFO - Filling up the DagBag from /opt/airflow/dags/first_crnschedular.py
[2024-04-08T21:32:58.217+0000] {processor.py:840} INFO - DAG(s) 'first_cron' retrieved from /opt/airflow/dags/first_crnschedular.py
[2024-04-08T21:32:58.268+0000] {logging_mixin.py:188} INFO - [2024-04-08T21:32:58.268+0000] {dag.py:3047} INFO - Sync 1 DAGs
[2024-04-08T21:32:58.321+0000] {logging_mixin.py:188} INFO - [2024-04-08T21:32:58.321+0000] {dag.py:3834} INFO - Setting next_dagrun for first_cron to 2024-04-02 04:05:00+00:00, run_after=2024-04-03 04:05:00+00:00
[2024-04-08T21:32:58.366+0000] {processor.py:183} INFO - Processing /opt/airflow/dags/first_crnschedular.py took 0.209 seconds
[2024-04-08T21:33:29.051+0000] {processor.py:161} INFO - Started process (PID=949) to work on /opt/airflow/dags/first_crnschedular.py
[2024-04-08T21:33:29.053+0000] {processor.py:830} INFO - Processing file /opt/airflow/dags/first_crnschedular.py for tasks to queue
[2024-04-08T21:33:29.057+0000] {logging_mixin.py:188} INFO - [2024-04-08T21:33:29.056+0000] {dagbag.py:540} INFO - Filling up the DagBag from /opt/airflow/dags/first_crnschedular.py
[2024-04-08T21:33:29.110+0000] {processor.py:840} INFO - DAG(s) 'first_cron' retrieved from /opt/airflow/dags/first_crnschedular.py
[2024-04-08T21:33:29.152+0000] {logging_mixin.py:188} INFO - [2024-04-08T21:33:29.152+0000] {dag.py:3047} INFO - Sync 1 DAGs
[2024-04-08T21:33:29.197+0000] {logging_mixin.py:188} INFO - [2024-04-08T21:33:29.196+0000] {dag.py:3834} INFO - Setting next_dagrun for first_cron to 2024-04-02 04:05:00+00:00, run_after=2024-04-03 04:05:00+00:00
[2024-04-08T21:33:29.251+0000] {processor.py:183} INFO - Processing /opt/airflow/dags/first_crnschedular.py took 0.205 seconds
[2024-04-08T21:33:59.936+0000] {processor.py:161} INFO - Started process (PID=963) to work on /opt/airflow/dags/first_crnschedular.py
[2024-04-08T21:33:59.944+0000] {processor.py:830} INFO - Processing file /opt/airflow/dags/first_crnschedular.py for tasks to queue
[2024-04-08T21:33:59.948+0000] {logging_mixin.py:188} INFO - [2024-04-08T21:33:59.947+0000] {dagbag.py:540} INFO - Filling up the DagBag from /opt/airflow/dags/first_crnschedular.py
[2024-04-08T21:33:59.995+0000] {processor.py:840} INFO - DAG(s) 'first_cron' retrieved from /opt/airflow/dags/first_crnschedular.py
[2024-04-08T21:34:00.057+0000] {logging_mixin.py:188} INFO - [2024-04-08T21:34:00.056+0000] {dag.py:3047} INFO - Sync 1 DAGs
[2024-04-08T21:34:00.134+0000] {logging_mixin.py:188} INFO - [2024-04-08T21:34:00.133+0000] {dag.py:3834} INFO - Setting next_dagrun for first_cron to 2024-04-02 04:05:00+00:00, run_after=2024-04-03 04:05:00+00:00
[2024-04-08T21:34:00.178+0000] {processor.py:183} INFO - Processing /opt/airflow/dags/first_crnschedular.py took 0.248 seconds
[2024-04-08T21:34:30.703+0000] {processor.py:161} INFO - Started process (PID=977) to work on /opt/airflow/dags/first_crnschedular.py
[2024-04-08T21:34:30.704+0000] {processor.py:830} INFO - Processing file /opt/airflow/dags/first_crnschedular.py for tasks to queue
[2024-04-08T21:34:30.708+0000] {logging_mixin.py:188} INFO - [2024-04-08T21:34:30.708+0000] {dagbag.py:540} INFO - Filling up the DagBag from /opt/airflow/dags/first_crnschedular.py
[2024-04-08T21:34:30.757+0000] {processor.py:840} INFO - DAG(s) 'first_cron' retrieved from /opt/airflow/dags/first_crnschedular.py
[2024-04-08T21:34:30.803+0000] {logging_mixin.py:188} INFO - [2024-04-08T21:34:30.802+0000] {dag.py:3047} INFO - Sync 1 DAGs
[2024-04-08T21:34:30.846+0000] {logging_mixin.py:188} INFO - [2024-04-08T21:34:30.846+0000] {dag.py:3834} INFO - Setting next_dagrun for first_cron to 2024-04-02 04:05:00+00:00, run_after=2024-04-03 04:05:00+00:00
[2024-04-08T21:34:30.887+0000] {processor.py:183} INFO - Processing /opt/airflow/dags/first_crnschedular.py took 0.189 seconds
[2024-04-08T21:35:01.013+0000] {processor.py:161} INFO - Started process (PID=990) to work on /opt/airflow/dags/first_crnschedular.py
[2024-04-08T21:35:01.015+0000] {processor.py:830} INFO - Processing file /opt/airflow/dags/first_crnschedular.py for tasks to queue
[2024-04-08T21:35:01.019+0000] {logging_mixin.py:188} INFO - [2024-04-08T21:35:01.019+0000] {dagbag.py:540} INFO - Filling up the DagBag from /opt/airflow/dags/first_crnschedular.py
[2024-04-08T21:35:01.062+0000] {processor.py:840} INFO - DAG(s) 'first_cron' retrieved from /opt/airflow/dags/first_crnschedular.py
[2024-04-08T21:35:01.107+0000] {logging_mixin.py:188} INFO - [2024-04-08T21:35:01.107+0000] {dag.py:3047} INFO - Sync 1 DAGs
[2024-04-08T21:35:01.162+0000] {logging_mixin.py:188} INFO - [2024-04-08T21:35:01.162+0000] {dag.py:3834} INFO - Setting next_dagrun for first_cron to 2024-04-02 04:05:00+00:00, run_after=2024-04-03 04:05:00+00:00
[2024-04-08T21:35:01.208+0000] {processor.py:183} INFO - Processing /opt/airflow/dags/first_crnschedular.py took 0.200 seconds
[2024-04-08T21:35:31.733+0000] {processor.py:161} INFO - Started process (PID=1004) to work on /opt/airflow/dags/first_crnschedular.py
[2024-04-08T21:35:31.735+0000] {processor.py:830} INFO - Processing file /opt/airflow/dags/first_crnschedular.py for tasks to queue
[2024-04-08T21:35:31.738+0000] {logging_mixin.py:188} INFO - [2024-04-08T21:35:31.737+0000] {dagbag.py:540} INFO - Filling up the DagBag from /opt/airflow/dags/first_crnschedular.py
[2024-04-08T21:35:31.779+0000] {processor.py:840} INFO - DAG(s) 'first_cron' retrieved from /opt/airflow/dags/first_crnschedular.py
[2024-04-08T21:35:31.817+0000] {logging_mixin.py:188} INFO - [2024-04-08T21:35:31.816+0000] {dag.py:3047} INFO - Sync 1 DAGs
[2024-04-08T21:35:31.861+0000] {logging_mixin.py:188} INFO - [2024-04-08T21:35:31.860+0000] {dag.py:3834} INFO - Setting next_dagrun for first_cron to 2024-04-02 04:05:00+00:00, run_after=2024-04-03 04:05:00+00:00
[2024-04-08T21:35:31.903+0000] {processor.py:183} INFO - Processing /opt/airflow/dags/first_crnschedular.py took 0.173 seconds
[2024-04-08T21:36:02.523+0000] {processor.py:161} INFO - Started process (PID=1018) to work on /opt/airflow/dags/first_crnschedular.py
[2024-04-08T21:36:02.526+0000] {processor.py:830} INFO - Processing file /opt/airflow/dags/first_crnschedular.py for tasks to queue
[2024-04-08T21:36:02.529+0000] {logging_mixin.py:188} INFO - [2024-04-08T21:36:02.529+0000] {dagbag.py:540} INFO - Filling up the DagBag from /opt/airflow/dags/first_crnschedular.py
[2024-04-08T21:36:02.575+0000] {processor.py:840} INFO - DAG(s) 'first_cron' retrieved from /opt/airflow/dags/first_crnschedular.py
[2024-04-08T21:36:02.618+0000] {logging_mixin.py:188} INFO - [2024-04-08T21:36:02.618+0000] {dag.py:3047} INFO - Sync 1 DAGs
[2024-04-08T21:36:02.664+0000] {logging_mixin.py:188} INFO - [2024-04-08T21:36:02.663+0000] {dag.py:3834} INFO - Setting next_dagrun for first_cron to 2024-04-02 04:05:00+00:00, run_after=2024-04-03 04:05:00+00:00
[2024-04-08T21:36:02.711+0000] {processor.py:183} INFO - Processing /opt/airflow/dags/first_crnschedular.py took 0.193 seconds
[2024-04-08T21:36:33.068+0000] {processor.py:161} INFO - Started process (PID=1033) to work on /opt/airflow/dags/first_crnschedular.py
[2024-04-08T21:36:33.070+0000] {processor.py:830} INFO - Processing file /opt/airflow/dags/first_crnschedular.py for tasks to queue
[2024-04-08T21:36:33.073+0000] {logging_mixin.py:188} INFO - [2024-04-08T21:36:33.073+0000] {dagbag.py:540} INFO - Filling up the DagBag from /opt/airflow/dags/first_crnschedular.py
[2024-04-08T21:36:33.117+0000] {processor.py:840} INFO - DAG(s) 'first_cron' retrieved from /opt/airflow/dags/first_crnschedular.py
[2024-04-08T21:36:33.157+0000] {logging_mixin.py:188} INFO - [2024-04-08T21:36:33.157+0000] {dag.py:3047} INFO - Sync 1 DAGs
[2024-04-08T21:36:33.215+0000] {logging_mixin.py:188} INFO - [2024-04-08T21:36:33.215+0000] {dag.py:3834} INFO - Setting next_dagrun for first_cron to 2024-04-02 04:05:00+00:00, run_after=2024-04-03 04:05:00+00:00
[2024-04-08T21:36:33.265+0000] {processor.py:183} INFO - Processing /opt/airflow/dags/first_crnschedular.py took 0.202 seconds
[2024-04-08T21:37:03.911+0000] {processor.py:161} INFO - Started process (PID=1047) to work on /opt/airflow/dags/first_crnschedular.py
[2024-04-08T21:37:03.913+0000] {processor.py:830} INFO - Processing file /opt/airflow/dags/first_crnschedular.py for tasks to queue
[2024-04-08T21:37:03.917+0000] {logging_mixin.py:188} INFO - [2024-04-08T21:37:03.917+0000] {dagbag.py:540} INFO - Filling up the DagBag from /opt/airflow/dags/first_crnschedular.py
[2024-04-08T21:37:03.971+0000] {processor.py:840} INFO - DAG(s) 'first_cron' retrieved from /opt/airflow/dags/first_crnschedular.py
[2024-04-08T21:37:04.015+0000] {logging_mixin.py:188} INFO - [2024-04-08T21:37:04.014+0000] {dag.py:3047} INFO - Sync 1 DAGs
[2024-04-08T21:37:04.057+0000] {logging_mixin.py:188} INFO - [2024-04-08T21:37:04.057+0000] {dag.py:3834} INFO - Setting next_dagrun for first_cron to 2024-04-02 04:05:00+00:00, run_after=2024-04-03 04:05:00+00:00
[2024-04-08T21:37:04.105+0000] {processor.py:183} INFO - Processing /opt/airflow/dags/first_crnschedular.py took 0.199 seconds
[2024-04-08T21:37:34.944+0000] {processor.py:161} INFO - Started process (PID=1061) to work on /opt/airflow/dags/first_crnschedular.py
[2024-04-08T21:37:34.947+0000] {processor.py:830} INFO - Processing file /opt/airflow/dags/first_crnschedular.py for tasks to queue
[2024-04-08T21:37:34.951+0000] {logging_mixin.py:188} INFO - [2024-04-08T21:37:34.951+0000] {dagbag.py:540} INFO - Filling up the DagBag from /opt/airflow/dags/first_crnschedular.py
[2024-04-08T21:37:34.998+0000] {processor.py:840} INFO - DAG(s) 'first_cron' retrieved from /opt/airflow/dags/first_crnschedular.py
[2024-04-08T21:37:35.040+0000] {logging_mixin.py:188} INFO - [2024-04-08T21:37:35.039+0000] {dag.py:3047} INFO - Sync 1 DAGs
[2024-04-08T21:37:35.085+0000] {logging_mixin.py:188} INFO - [2024-04-08T21:37:35.084+0000] {dag.py:3834} INFO - Setting next_dagrun for first_cron to 2024-04-02 04:05:00+00:00, run_after=2024-04-03 04:05:00+00:00
[2024-04-08T21:37:35.129+0000] {processor.py:183} INFO - Processing /opt/airflow/dags/first_crnschedular.py took 0.192 seconds
[2024-04-08T21:38:05.742+0000] {processor.py:161} INFO - Started process (PID=1076) to work on /opt/airflow/dags/first_crnschedular.py
[2024-04-08T21:38:05.744+0000] {processor.py:830} INFO - Processing file /opt/airflow/dags/first_crnschedular.py for tasks to queue
[2024-04-08T21:38:05.748+0000] {logging_mixin.py:188} INFO - [2024-04-08T21:38:05.747+0000] {dagbag.py:540} INFO - Filling up the DagBag from /opt/airflow/dags/first_crnschedular.py
[2024-04-08T21:38:05.792+0000] {processor.py:840} INFO - DAG(s) 'first_cron' retrieved from /opt/airflow/dags/first_crnschedular.py
[2024-04-08T21:38:05.836+0000] {logging_mixin.py:188} INFO - [2024-04-08T21:38:05.836+0000] {dag.py:3047} INFO - Sync 1 DAGs
[2024-04-08T21:38:05.880+0000] {logging_mixin.py:188} INFO - [2024-04-08T21:38:05.879+0000] {dag.py:3834} INFO - Setting next_dagrun for first_cron to 2024-04-02 04:05:00+00:00, run_after=2024-04-03 04:05:00+00:00
[2024-04-08T21:38:05.923+0000] {processor.py:183} INFO - Processing /opt/airflow/dags/first_crnschedular.py took 0.187 seconds
[2024-04-08T21:38:36.500+0000] {processor.py:161} INFO - Started process (PID=1090) to work on /opt/airflow/dags/first_crnschedular.py
[2024-04-08T21:38:36.503+0000] {processor.py:830} INFO - Processing file /opt/airflow/dags/first_crnschedular.py for tasks to queue
[2024-04-08T21:38:36.507+0000] {logging_mixin.py:188} INFO - [2024-04-08T21:38:36.506+0000] {dagbag.py:540} INFO - Filling up the DagBag from /opt/airflow/dags/first_crnschedular.py
[2024-04-08T21:38:36.557+0000] {processor.py:840} INFO - DAG(s) 'first_cron' retrieved from /opt/airflow/dags/first_crnschedular.py
[2024-04-08T21:38:36.600+0000] {logging_mixin.py:188} INFO - [2024-04-08T21:38:36.599+0000] {dag.py:3047} INFO - Sync 1 DAGs
[2024-04-08T21:38:36.643+0000] {logging_mixin.py:188} INFO - [2024-04-08T21:38:36.643+0000] {dag.py:3834} INFO - Setting next_dagrun for first_cron to 2024-04-02 04:05:00+00:00, run_after=2024-04-03 04:05:00+00:00
[2024-04-08T21:38:36.691+0000] {processor.py:183} INFO - Processing /opt/airflow/dags/first_crnschedular.py took 0.198 seconds
[2024-04-08T21:39:06.984+0000] {processor.py:161} INFO - Started process (PID=1105) to work on /opt/airflow/dags/first_crnschedular.py
[2024-04-08T21:39:06.986+0000] {processor.py:830} INFO - Processing file /opt/airflow/dags/first_crnschedular.py for tasks to queue
[2024-04-08T21:39:06.989+0000] {logging_mixin.py:188} INFO - [2024-04-08T21:39:06.988+0000] {dagbag.py:540} INFO - Filling up the DagBag from /opt/airflow/dags/first_crnschedular.py
[2024-04-08T21:39:07.036+0000] {processor.py:840} INFO - DAG(s) 'first_cron' retrieved from /opt/airflow/dags/first_crnschedular.py
[2024-04-08T21:39:07.079+0000] {logging_mixin.py:188} INFO - [2024-04-08T21:39:07.078+0000] {dag.py:3047} INFO - Sync 1 DAGs
[2024-04-08T21:39:07.124+0000] {logging_mixin.py:188} INFO - [2024-04-08T21:39:07.123+0000] {dag.py:3834} INFO - Setting next_dagrun for first_cron to 2024-04-02 04:05:00+00:00, run_after=2024-04-03 04:05:00+00:00
[2024-04-08T21:39:07.164+0000] {processor.py:183} INFO - Processing /opt/airflow/dags/first_crnschedular.py took 0.185 seconds
[2024-04-08T21:39:37.760+0000] {processor.py:161} INFO - Started process (PID=1119) to work on /opt/airflow/dags/first_crnschedular.py
[2024-04-08T21:39:37.762+0000] {processor.py:830} INFO - Processing file /opt/airflow/dags/first_crnschedular.py for tasks to queue
[2024-04-08T21:39:37.766+0000] {logging_mixin.py:188} INFO - [2024-04-08T21:39:37.766+0000] {dagbag.py:540} INFO - Filling up the DagBag from /opt/airflow/dags/first_crnschedular.py
[2024-04-08T21:39:37.816+0000] {processor.py:840} INFO - DAG(s) 'first_cron' retrieved from /opt/airflow/dags/first_crnschedular.py
[2024-04-08T21:39:37.861+0000] {logging_mixin.py:188} INFO - [2024-04-08T21:39:37.861+0000] {dag.py:3047} INFO - Sync 1 DAGs
[2024-04-08T21:39:37.913+0000] {logging_mixin.py:188} INFO - [2024-04-08T21:39:37.912+0000] {dag.py:3834} INFO - Setting next_dagrun for first_cron to 2024-04-02 04:05:00+00:00, run_after=2024-04-03 04:05:00+00:00
[2024-04-08T21:39:37.951+0000] {processor.py:183} INFO - Processing /opt/airflow/dags/first_crnschedular.py took 0.198 seconds
[2024-04-08T21:40:08.288+0000] {processor.py:161} INFO - Started process (PID=1133) to work on /opt/airflow/dags/first_crnschedular.py
[2024-04-08T21:40:08.290+0000] {processor.py:830} INFO - Processing file /opt/airflow/dags/first_crnschedular.py for tasks to queue
[2024-04-08T21:40:08.294+0000] {logging_mixin.py:188} INFO - [2024-04-08T21:40:08.293+0000] {dagbag.py:540} INFO - Filling up the DagBag from /opt/airflow/dags/first_crnschedular.py
[2024-04-08T21:40:08.341+0000] {processor.py:840} INFO - DAG(s) 'first_cron' retrieved from /opt/airflow/dags/first_crnschedular.py
[2024-04-08T21:40:08.384+0000] {logging_mixin.py:188} INFO - [2024-04-08T21:40:08.383+0000] {dag.py:3047} INFO - Sync 1 DAGs
[2024-04-08T21:40:08.429+0000] {logging_mixin.py:188} INFO - [2024-04-08T21:40:08.429+0000] {dag.py:3834} INFO - Setting next_dagrun for first_cron to 2024-04-02 04:05:00+00:00, run_after=2024-04-03 04:05:00+00:00
[2024-04-08T21:40:08.465+0000] {processor.py:183} INFO - Processing /opt/airflow/dags/first_crnschedular.py took 0.184 seconds
[2024-04-08T21:40:38.895+0000] {processor.py:161} INFO - Started process (PID=1148) to work on /opt/airflow/dags/first_crnschedular.py
[2024-04-08T21:40:38.898+0000] {processor.py:830} INFO - Processing file /opt/airflow/dags/first_crnschedular.py for tasks to queue
[2024-04-08T21:40:38.902+0000] {logging_mixin.py:188} INFO - [2024-04-08T21:40:38.901+0000] {dagbag.py:540} INFO - Filling up the DagBag from /opt/airflow/dags/first_crnschedular.py
[2024-04-08T21:40:38.948+0000] {processor.py:840} INFO - DAG(s) 'first_cron' retrieved from /opt/airflow/dags/first_crnschedular.py
[2024-04-08T21:40:38.992+0000] {logging_mixin.py:188} INFO - [2024-04-08T21:40:38.991+0000] {dag.py:3047} INFO - Sync 1 DAGs
[2024-04-08T21:40:39.043+0000] {logging_mixin.py:188} INFO - [2024-04-08T21:40:39.042+0000] {dag.py:3834} INFO - Setting next_dagrun for first_cron to 2024-04-02 04:05:00+00:00, run_after=2024-04-03 04:05:00+00:00
[2024-04-08T21:40:39.087+0000] {processor.py:183} INFO - Processing /opt/airflow/dags/first_crnschedular.py took 0.198 seconds
[2024-04-08T21:41:09.419+0000] {processor.py:161} INFO - Started process (PID=1163) to work on /opt/airflow/dags/first_crnschedular.py
[2024-04-08T21:41:09.421+0000] {processor.py:830} INFO - Processing file /opt/airflow/dags/first_crnschedular.py for tasks to queue
[2024-04-08T21:41:09.426+0000] {logging_mixin.py:188} INFO - [2024-04-08T21:41:09.425+0000] {dagbag.py:540} INFO - Filling up the DagBag from /opt/airflow/dags/first_crnschedular.py
[2024-04-08T21:41:09.475+0000] {processor.py:840} INFO - DAG(s) 'first_cron' retrieved from /opt/airflow/dags/first_crnschedular.py
[2024-04-08T21:41:09.521+0000] {logging_mixin.py:188} INFO - [2024-04-08T21:41:09.520+0000] {dag.py:3047} INFO - Sync 1 DAGs
[2024-04-08T21:41:09.571+0000] {logging_mixin.py:188} INFO - [2024-04-08T21:41:09.570+0000] {dag.py:3834} INFO - Setting next_dagrun for first_cron to 2024-04-02 04:05:00+00:00, run_after=2024-04-03 04:05:00+00:00
[2024-04-08T21:41:09.629+0000] {processor.py:183} INFO - Processing /opt/airflow/dags/first_crnschedular.py took 0.216 seconds
[2024-04-08T21:41:40.280+0000] {processor.py:161} INFO - Started process (PID=1177) to work on /opt/airflow/dags/first_crnschedular.py
[2024-04-08T21:41:40.283+0000] {processor.py:830} INFO - Processing file /opt/airflow/dags/first_crnschedular.py for tasks to queue
[2024-04-08T21:41:40.286+0000] {logging_mixin.py:188} INFO - [2024-04-08T21:41:40.285+0000] {dagbag.py:540} INFO - Filling up the DagBag from /opt/airflow/dags/first_crnschedular.py
[2024-04-08T21:41:40.340+0000] {processor.py:840} INFO - DAG(s) 'first_cron' retrieved from /opt/airflow/dags/first_crnschedular.py
[2024-04-08T21:41:40.384+0000] {logging_mixin.py:188} INFO - [2024-04-08T21:41:40.384+0000] {dag.py:3047} INFO - Sync 1 DAGs
[2024-04-08T21:41:40.431+0000] {logging_mixin.py:188} INFO - [2024-04-08T21:41:40.431+0000] {dag.py:3834} INFO - Setting next_dagrun for first_cron to 2024-04-02 04:05:00+00:00, run_after=2024-04-03 04:05:00+00:00
[2024-04-08T21:41:40.471+0000] {processor.py:183} INFO - Processing /opt/airflow/dags/first_crnschedular.py took 0.195 seconds
[2024-04-08T21:42:11.133+0000] {processor.py:161} INFO - Started process (PID=1191) to work on /opt/airflow/dags/first_crnschedular.py
[2024-04-08T21:42:11.136+0000] {processor.py:830} INFO - Processing file /opt/airflow/dags/first_crnschedular.py for tasks to queue
[2024-04-08T21:42:11.142+0000] {logging_mixin.py:188} INFO - [2024-04-08T21:42:11.140+0000] {dagbag.py:540} INFO - Filling up the DagBag from /opt/airflow/dags/first_crnschedular.py
[2024-04-08T21:42:11.192+0000] {processor.py:840} INFO - DAG(s) 'first_cron' retrieved from /opt/airflow/dags/first_crnschedular.py
[2024-04-08T21:42:11.256+0000] {logging_mixin.py:188} INFO - [2024-04-08T21:42:11.254+0000] {dag.py:3047} INFO - Sync 1 DAGs
[2024-04-08T21:42:11.329+0000] {logging_mixin.py:188} INFO - [2024-04-08T21:42:11.328+0000] {dag.py:3834} INFO - Setting next_dagrun for first_cron to 2024-04-02 04:05:00+00:00, run_after=2024-04-03 04:05:00+00:00
[2024-04-08T21:42:11.415+0000] {processor.py:183} INFO - Processing /opt/airflow/dags/first_crnschedular.py took 0.288 seconds
