[2024-04-08T21:02:11.135+0000] {processor.py:161} INFO - Started process (PID=43) to work on /opt/airflow/dags/minios3buc.py
[2024-04-08T21:02:11.148+0000] {processor.py:830} INFO - Processing file /opt/airflow/dags/minios3buc.py for tasks to queue
[2024-04-08T21:02:11.158+0000] {logging_mixin.py:188} INFO - [2024-04-08T21:02:11.154+0000] {dagbag.py:540} INFO - Filling up the DagBag from /opt/airflow/dags/minios3buc.py
[2024-04-08T21:02:11.315+0000] {processor.py:840} INFO - DAG(s) 'miniouss3dag' retrieved from /opt/airflow/dags/minios3buc.py
[2024-04-08T21:02:11.444+0000] {logging_mixin.py:188} INFO - [2024-04-08T21:02:11.444+0000] {dag.py:3047} INFO - Sync 1 DAGs
[2024-04-08T21:02:11.513+0000] {logging_mixin.py:188} INFO - [2024-04-08T21:02:11.512+0000] {dag.py:3834} INFO - Setting next_dagrun for miniouss3dag to 2024-04-04 04:05:00+00:00, run_after=2024-04-05 04:05:00+00:00
[2024-04-08T21:02:11.554+0000] {processor.py:183} INFO - Processing /opt/airflow/dags/minios3buc.py took 0.449 seconds
[2024-04-08T21:02:42.270+0000] {processor.py:161} INFO - Started process (PID=57) to work on /opt/airflow/dags/minios3buc.py
[2024-04-08T21:02:42.276+0000] {processor.py:830} INFO - Processing file /opt/airflow/dags/minios3buc.py for tasks to queue
[2024-04-08T21:02:42.292+0000] {logging_mixin.py:188} INFO - [2024-04-08T21:02:42.290+0000] {dagbag.py:540} INFO - Filling up the DagBag from /opt/airflow/dags/minios3buc.py
[2024-04-08T21:02:42.416+0000] {processor.py:840} INFO - DAG(s) 'miniouss3dag' retrieved from /opt/airflow/dags/minios3buc.py
[2024-04-08T21:02:42.511+0000] {logging_mixin.py:188} INFO - [2024-04-08T21:02:42.511+0000] {dag.py:3047} INFO - Sync 1 DAGs
[2024-04-08T21:02:42.584+0000] {logging_mixin.py:188} INFO - [2024-04-08T21:02:42.583+0000] {dag.py:3834} INFO - Setting next_dagrun for miniouss3dag to 2024-04-04 04:05:00+00:00, run_after=2024-04-05 04:05:00+00:00
[2024-04-08T21:02:42.629+0000] {processor.py:183} INFO - Processing /opt/airflow/dags/minios3buc.py took 0.396 seconds
[2024-04-08T21:03:13.259+0000] {processor.py:161} INFO - Started process (PID=71) to work on /opt/airflow/dags/minios3buc.py
[2024-04-08T21:03:13.261+0000] {processor.py:830} INFO - Processing file /opt/airflow/dags/minios3buc.py for tasks to queue
[2024-04-08T21:03:13.266+0000] {logging_mixin.py:188} INFO - [2024-04-08T21:03:13.265+0000] {dagbag.py:540} INFO - Filling up the DagBag from /opt/airflow/dags/minios3buc.py
[2024-04-08T21:03:13.338+0000] {processor.py:840} INFO - DAG(s) 'miniouss3dag' retrieved from /opt/airflow/dags/minios3buc.py
[2024-04-08T21:03:13.395+0000] {logging_mixin.py:188} INFO - [2024-04-08T21:03:13.395+0000] {dag.py:3047} INFO - Sync 1 DAGs
[2024-04-08T21:03:13.482+0000] {logging_mixin.py:188} INFO - [2024-04-08T21:03:13.481+0000] {dag.py:3834} INFO - Setting next_dagrun for miniouss3dag to 2024-04-04 04:05:00+00:00, run_after=2024-04-05 04:05:00+00:00
[2024-04-08T21:03:13.540+0000] {processor.py:183} INFO - Processing /opt/airflow/dags/minios3buc.py took 0.290 seconds
[2024-04-08T21:03:43.775+0000] {processor.py:161} INFO - Started process (PID=85) to work on /opt/airflow/dags/minios3buc.py
[2024-04-08T21:03:43.777+0000] {processor.py:830} INFO - Processing file /opt/airflow/dags/minios3buc.py for tasks to queue
[2024-04-08T21:03:43.783+0000] {logging_mixin.py:188} INFO - [2024-04-08T21:03:43.781+0000] {dagbag.py:540} INFO - Filling up the DagBag from /opt/airflow/dags/minios3buc.py
[2024-04-08T21:03:43.838+0000] {processor.py:840} INFO - DAG(s) 'miniouss3dag' retrieved from /opt/airflow/dags/minios3buc.py
[2024-04-08T21:03:44.400+0000] {logging_mixin.py:188} INFO - [2024-04-08T21:03:44.399+0000] {dag.py:3047} INFO - Sync 1 DAGs
[2024-04-08T21:03:44.456+0000] {logging_mixin.py:188} INFO - [2024-04-08T21:03:44.455+0000] {dag.py:3834} INFO - Setting next_dagrun for miniouss3dag to 2024-04-04 04:05:00+00:00, run_after=2024-04-05 04:05:00+00:00
[2024-04-08T21:03:44.500+0000] {processor.py:183} INFO - Processing /opt/airflow/dags/minios3buc.py took 0.732 seconds
[2024-04-08T21:04:14.980+0000] {processor.py:161} INFO - Started process (PID=138) to work on /opt/airflow/dags/minios3buc.py
[2024-04-08T21:04:14.983+0000] {processor.py:830} INFO - Processing file /opt/airflow/dags/minios3buc.py for tasks to queue
[2024-04-08T21:04:14.988+0000] {logging_mixin.py:188} INFO - [2024-04-08T21:04:14.987+0000] {dagbag.py:540} INFO - Filling up the DagBag from /opt/airflow/dags/minios3buc.py
[2024-04-08T21:04:15.033+0000] {processor.py:840} INFO - DAG(s) 'miniouss3dag' retrieved from /opt/airflow/dags/minios3buc.py
[2024-04-08T21:04:15.073+0000] {logging_mixin.py:188} INFO - [2024-04-08T21:04:15.073+0000] {dag.py:3047} INFO - Sync 1 DAGs
[2024-04-08T21:04:15.116+0000] {logging_mixin.py:188} INFO - [2024-04-08T21:04:15.115+0000] {dag.py:3834} INFO - Setting next_dagrun for miniouss3dag to 2024-04-04 04:05:00+00:00, run_after=2024-04-05 04:05:00+00:00
[2024-04-08T21:04:15.157+0000] {processor.py:183} INFO - Processing /opt/airflow/dags/minios3buc.py took 0.186 seconds
[2024-04-08T21:04:45.968+0000] {processor.py:161} INFO - Started process (PID=152) to work on /opt/airflow/dags/minios3buc.py
[2024-04-08T21:04:45.971+0000] {processor.py:830} INFO - Processing file /opt/airflow/dags/minios3buc.py for tasks to queue
[2024-04-08T21:04:45.976+0000] {logging_mixin.py:188} INFO - [2024-04-08T21:04:45.975+0000] {dagbag.py:540} INFO - Filling up the DagBag from /opt/airflow/dags/minios3buc.py
[2024-04-08T21:04:46.023+0000] {processor.py:840} INFO - DAG(s) 'miniouss3dag' retrieved from /opt/airflow/dags/minios3buc.py
[2024-04-08T21:04:46.065+0000] {logging_mixin.py:188} INFO - [2024-04-08T21:04:46.065+0000] {dag.py:3047} INFO - Sync 1 DAGs
[2024-04-08T21:04:46.116+0000] {logging_mixin.py:188} INFO - [2024-04-08T21:04:46.116+0000] {dag.py:3834} INFO - Setting next_dagrun for miniouss3dag to 2024-04-04 04:05:00+00:00, run_after=2024-04-05 04:05:00+00:00
[2024-04-08T21:04:46.158+0000] {processor.py:183} INFO - Processing /opt/airflow/dags/minios3buc.py took 0.201 seconds
[2024-04-08T21:05:17.058+0000] {processor.py:161} INFO - Started process (PID=166) to work on /opt/airflow/dags/minios3buc.py
[2024-04-08T21:05:17.061+0000] {processor.py:830} INFO - Processing file /opt/airflow/dags/minios3buc.py for tasks to queue
[2024-04-08T21:05:17.068+0000] {logging_mixin.py:188} INFO - [2024-04-08T21:05:17.066+0000] {dagbag.py:540} INFO - Filling up the DagBag from /opt/airflow/dags/minios3buc.py
[2024-04-08T21:05:17.146+0000] {processor.py:840} INFO - DAG(s) 'miniouss3dag' retrieved from /opt/airflow/dags/minios3buc.py
[2024-04-08T21:05:17.289+0000] {logging_mixin.py:188} INFO - [2024-04-08T21:05:17.288+0000] {dag.py:3047} INFO - Sync 1 DAGs
[2024-04-08T21:05:17.349+0000] {logging_mixin.py:188} INFO - [2024-04-08T21:05:17.348+0000] {dag.py:3834} INFO - Setting next_dagrun for miniouss3dag to 2024-04-04 04:05:00+00:00, run_after=2024-04-05 04:05:00+00:00
[2024-04-08T21:05:17.398+0000] {processor.py:183} INFO - Processing /opt/airflow/dags/minios3buc.py took 0.347 seconds
[2024-04-08T21:05:47.983+0000] {processor.py:161} INFO - Started process (PID=180) to work on /opt/airflow/dags/minios3buc.py
[2024-04-08T21:05:47.985+0000] {processor.py:830} INFO - Processing file /opt/airflow/dags/minios3buc.py for tasks to queue
[2024-04-08T21:05:47.989+0000] {logging_mixin.py:188} INFO - [2024-04-08T21:05:47.989+0000] {dagbag.py:540} INFO - Filling up the DagBag from /opt/airflow/dags/minios3buc.py
[2024-04-08T21:05:48.041+0000] {processor.py:840} INFO - DAG(s) 'miniouss3dag' retrieved from /opt/airflow/dags/minios3buc.py
[2024-04-08T21:05:48.104+0000] {logging_mixin.py:188} INFO - [2024-04-08T21:05:48.104+0000] {dag.py:3047} INFO - Sync 1 DAGs
[2024-04-08T21:05:48.169+0000] {logging_mixin.py:188} INFO - [2024-04-08T21:05:48.169+0000] {dag.py:3834} INFO - Setting next_dagrun for miniouss3dag to 2024-04-04 04:05:00+00:00, run_after=2024-04-05 04:05:00+00:00
[2024-04-08T21:05:48.210+0000] {processor.py:183} INFO - Processing /opt/airflow/dags/minios3buc.py took 0.233 seconds
[2024-04-08T21:06:18.896+0000] {processor.py:161} INFO - Started process (PID=194) to work on /opt/airflow/dags/minios3buc.py
[2024-04-08T21:06:18.899+0000] {processor.py:830} INFO - Processing file /opt/airflow/dags/minios3buc.py for tasks to queue
[2024-04-08T21:06:18.904+0000] {logging_mixin.py:188} INFO - [2024-04-08T21:06:18.904+0000] {dagbag.py:540} INFO - Filling up the DagBag from /opt/airflow/dags/minios3buc.py
[2024-04-08T21:06:18.955+0000] {processor.py:840} INFO - DAG(s) 'miniouss3dag' retrieved from /opt/airflow/dags/minios3buc.py
[2024-04-08T21:06:19.002+0000] {logging_mixin.py:188} INFO - [2024-04-08T21:06:19.002+0000] {dag.py:3047} INFO - Sync 1 DAGs
[2024-04-08T21:06:19.054+0000] {logging_mixin.py:188} INFO - [2024-04-08T21:06:19.053+0000] {dag.py:3834} INFO - Setting next_dagrun for miniouss3dag to 2024-04-04 04:05:00+00:00, run_after=2024-04-05 04:05:00+00:00
[2024-04-08T21:06:19.099+0000] {processor.py:183} INFO - Processing /opt/airflow/dags/minios3buc.py took 0.212 seconds
[2024-04-08T21:06:49.850+0000] {processor.py:161} INFO - Started process (PID=209) to work on /opt/airflow/dags/minios3buc.py
[2024-04-08T21:06:49.853+0000] {processor.py:830} INFO - Processing file /opt/airflow/dags/minios3buc.py for tasks to queue
[2024-04-08T21:06:49.857+0000] {logging_mixin.py:188} INFO - [2024-04-08T21:06:49.856+0000] {dagbag.py:540} INFO - Filling up the DagBag from /opt/airflow/dags/minios3buc.py
[2024-04-08T21:06:49.916+0000] {processor.py:840} INFO - DAG(s) 'miniouss3dag' retrieved from /opt/airflow/dags/minios3buc.py
[2024-04-08T21:06:49.959+0000] {logging_mixin.py:188} INFO - [2024-04-08T21:06:49.959+0000] {dag.py:3047} INFO - Sync 1 DAGs
[2024-04-08T21:06:50.010+0000] {logging_mixin.py:188} INFO - [2024-04-08T21:06:50.009+0000] {dag.py:3834} INFO - Setting next_dagrun for miniouss3dag to 2024-04-04 04:05:00+00:00, run_after=2024-04-05 04:05:00+00:00
[2024-04-08T21:06:50.056+0000] {processor.py:183} INFO - Processing /opt/airflow/dags/minios3buc.py took 0.211 seconds
[2024-04-08T21:07:20.747+0000] {processor.py:161} INFO - Started process (PID=223) to work on /opt/airflow/dags/minios3buc.py
[2024-04-08T21:07:20.749+0000] {processor.py:830} INFO - Processing file /opt/airflow/dags/minios3buc.py for tasks to queue
[2024-04-08T21:07:20.752+0000] {logging_mixin.py:188} INFO - [2024-04-08T21:07:20.752+0000] {dagbag.py:540} INFO - Filling up the DagBag from /opt/airflow/dags/minios3buc.py
[2024-04-08T21:07:20.807+0000] {processor.py:840} INFO - DAG(s) 'miniouss3dag' retrieved from /opt/airflow/dags/minios3buc.py
[2024-04-08T21:07:20.846+0000] {logging_mixin.py:188} INFO - [2024-04-08T21:07:20.845+0000] {dag.py:3047} INFO - Sync 1 DAGs
[2024-04-08T21:07:20.890+0000] {logging_mixin.py:188} INFO - [2024-04-08T21:07:20.890+0000] {dag.py:3834} INFO - Setting next_dagrun for miniouss3dag to 2024-04-04 04:05:00+00:00, run_after=2024-04-05 04:05:00+00:00
[2024-04-08T21:07:20.932+0000] {processor.py:183} INFO - Processing /opt/airflow/dags/minios3buc.py took 0.190 seconds
[2024-04-08T21:07:51.332+0000] {processor.py:161} INFO - Started process (PID=237) to work on /opt/airflow/dags/minios3buc.py
[2024-04-08T21:07:51.334+0000] {processor.py:830} INFO - Processing file /opt/airflow/dags/minios3buc.py for tasks to queue
[2024-04-08T21:07:51.339+0000] {logging_mixin.py:188} INFO - [2024-04-08T21:07:51.338+0000] {dagbag.py:540} INFO - Filling up the DagBag from /opt/airflow/dags/minios3buc.py
[2024-04-08T21:07:51.416+0000] {processor.py:840} INFO - DAG(s) 'miniouss3dag' retrieved from /opt/airflow/dags/minios3buc.py
[2024-04-08T21:07:51.484+0000] {logging_mixin.py:188} INFO - [2024-04-08T21:07:51.483+0000] {dag.py:3047} INFO - Sync 1 DAGs
[2024-04-08T21:07:51.601+0000] {logging_mixin.py:188} INFO - [2024-04-08T21:07:51.600+0000] {dag.py:3834} INFO - Setting next_dagrun for miniouss3dag to 2024-04-04 04:05:00+00:00, run_after=2024-04-05 04:05:00+00:00
[2024-04-08T21:07:51.638+0000] {processor.py:183} INFO - Processing /opt/airflow/dags/minios3buc.py took 0.313 seconds
[2024-04-08T21:08:21.828+0000] {processor.py:161} INFO - Started process (PID=251) to work on /opt/airflow/dags/minios3buc.py
[2024-04-08T21:08:21.830+0000] {processor.py:830} INFO - Processing file /opt/airflow/dags/minios3buc.py for tasks to queue
[2024-04-08T21:08:21.835+0000] {logging_mixin.py:188} INFO - [2024-04-08T21:08:21.834+0000] {dagbag.py:540} INFO - Filling up the DagBag from /opt/airflow/dags/minios3buc.py
[2024-04-08T21:08:21.890+0000] {processor.py:840} INFO - DAG(s) 'miniouss3dag' retrieved from /opt/airflow/dags/minios3buc.py
[2024-04-08T21:08:21.941+0000] {logging_mixin.py:188} INFO - [2024-04-08T21:08:21.940+0000] {dag.py:3047} INFO - Sync 1 DAGs
[2024-04-08T21:08:22.013+0000] {logging_mixin.py:188} INFO - [2024-04-08T21:08:22.013+0000] {dag.py:3834} INFO - Setting next_dagrun for miniouss3dag to 2024-04-04 04:05:00+00:00, run_after=2024-04-05 04:05:00+00:00
[2024-04-08T21:08:22.057+0000] {processor.py:183} INFO - Processing /opt/airflow/dags/minios3buc.py took 0.236 seconds
[2024-04-08T21:08:52.222+0000] {processor.py:161} INFO - Started process (PID=265) to work on /opt/airflow/dags/minios3buc.py
[2024-04-08T21:08:52.224+0000] {processor.py:830} INFO - Processing file /opt/airflow/dags/minios3buc.py for tasks to queue
[2024-04-08T21:08:52.227+0000] {logging_mixin.py:188} INFO - [2024-04-08T21:08:52.227+0000] {dagbag.py:540} INFO - Filling up the DagBag from /opt/airflow/dags/minios3buc.py
[2024-04-08T21:08:52.276+0000] {processor.py:840} INFO - DAG(s) 'miniouss3dag' retrieved from /opt/airflow/dags/minios3buc.py
[2024-04-08T21:08:52.313+0000] {logging_mixin.py:188} INFO - [2024-04-08T21:08:52.312+0000] {dag.py:3047} INFO - Sync 1 DAGs
[2024-04-08T21:08:52.357+0000] {logging_mixin.py:188} INFO - [2024-04-08T21:08:52.357+0000] {dag.py:3834} INFO - Setting next_dagrun for miniouss3dag to 2024-04-04 04:05:00+00:00, run_after=2024-04-05 04:05:00+00:00
[2024-04-08T21:08:52.398+0000] {processor.py:183} INFO - Processing /opt/airflow/dags/minios3buc.py took 0.180 seconds
[2024-04-08T21:09:22.633+0000] {processor.py:161} INFO - Started process (PID=279) to work on /opt/airflow/dags/minios3buc.py
[2024-04-08T21:09:22.636+0000] {processor.py:830} INFO - Processing file /opt/airflow/dags/minios3buc.py for tasks to queue
[2024-04-08T21:09:22.640+0000] {logging_mixin.py:188} INFO - [2024-04-08T21:09:22.639+0000] {dagbag.py:540} INFO - Filling up the DagBag from /opt/airflow/dags/minios3buc.py
[2024-04-08T21:09:22.682+0000] {processor.py:840} INFO - DAG(s) 'miniouss3dag' retrieved from /opt/airflow/dags/minios3buc.py
[2024-04-08T21:09:22.787+0000] {logging_mixin.py:188} INFO - [2024-04-08T21:09:22.786+0000] {dag.py:3047} INFO - Sync 1 DAGs
[2024-04-08T21:09:22.865+0000] {logging_mixin.py:188} INFO - [2024-04-08T21:09:22.864+0000] {dag.py:3834} INFO - Setting next_dagrun for miniouss3dag to 2024-04-04 04:05:00+00:00, run_after=2024-04-05 04:05:00+00:00
[2024-04-08T21:09:22.919+0000] {processor.py:183} INFO - Processing /opt/airflow/dags/minios3buc.py took 0.293 seconds
[2024-04-08T21:09:53.051+0000] {processor.py:161} INFO - Started process (PID=294) to work on /opt/airflow/dags/minios3buc.py
[2024-04-08T21:09:53.054+0000] {processor.py:830} INFO - Processing file /opt/airflow/dags/minios3buc.py for tasks to queue
[2024-04-08T21:09:53.057+0000] {logging_mixin.py:188} INFO - [2024-04-08T21:09:53.057+0000] {dagbag.py:540} INFO - Filling up the DagBag from /opt/airflow/dags/minios3buc.py
[2024-04-08T21:09:53.106+0000] {processor.py:840} INFO - DAG(s) 'miniouss3dag' retrieved from /opt/airflow/dags/minios3buc.py
[2024-04-08T21:09:53.146+0000] {logging_mixin.py:188} INFO - [2024-04-08T21:09:53.145+0000] {dag.py:3047} INFO - Sync 1 DAGs
[2024-04-08T21:09:53.201+0000] {logging_mixin.py:188} INFO - [2024-04-08T21:09:53.200+0000] {dag.py:3834} INFO - Setting next_dagrun for miniouss3dag to 2024-04-04 04:05:00+00:00, run_after=2024-04-05 04:05:00+00:00
[2024-04-08T21:09:53.248+0000] {processor.py:183} INFO - Processing /opt/airflow/dags/minios3buc.py took 0.205 seconds
[2024-04-08T21:10:23.487+0000] {processor.py:161} INFO - Started process (PID=308) to work on /opt/airflow/dags/minios3buc.py
[2024-04-08T21:10:23.490+0000] {processor.py:830} INFO - Processing file /opt/airflow/dags/minios3buc.py for tasks to queue
[2024-04-08T21:10:23.496+0000] {logging_mixin.py:188} INFO - [2024-04-08T21:10:23.494+0000] {dagbag.py:540} INFO - Filling up the DagBag from /opt/airflow/dags/minios3buc.py
[2024-04-08T21:10:23.545+0000] {processor.py:840} INFO - DAG(s) 'miniouss3dag' retrieved from /opt/airflow/dags/minios3buc.py
[2024-04-08T21:10:23.584+0000] {logging_mixin.py:188} INFO - [2024-04-08T21:10:23.584+0000] {dag.py:3047} INFO - Sync 1 DAGs
[2024-04-08T21:10:23.628+0000] {logging_mixin.py:188} INFO - [2024-04-08T21:10:23.628+0000] {dag.py:3834} INFO - Setting next_dagrun for miniouss3dag to 2024-04-04 04:05:00+00:00, run_after=2024-04-05 04:05:00+00:00
[2024-04-08T21:10:23.674+0000] {processor.py:183} INFO - Processing /opt/airflow/dags/minios3buc.py took 0.193 seconds
[2024-04-08T21:10:54.001+0000] {processor.py:161} INFO - Started process (PID=322) to work on /opt/airflow/dags/minios3buc.py
[2024-04-08T21:10:54.005+0000] {processor.py:830} INFO - Processing file /opt/airflow/dags/minios3buc.py for tasks to queue
[2024-04-08T21:10:54.009+0000] {logging_mixin.py:188} INFO - [2024-04-08T21:10:54.008+0000] {dagbag.py:540} INFO - Filling up the DagBag from /opt/airflow/dags/minios3buc.py
[2024-04-08T21:10:54.075+0000] {processor.py:840} INFO - DAG(s) 'miniouss3dag' retrieved from /opt/airflow/dags/minios3buc.py
[2024-04-08T21:10:54.120+0000] {logging_mixin.py:188} INFO - [2024-04-08T21:10:54.120+0000] {dag.py:3047} INFO - Sync 1 DAGs
[2024-04-08T21:10:54.164+0000] {logging_mixin.py:188} INFO - [2024-04-08T21:10:54.164+0000] {dag.py:3834} INFO - Setting next_dagrun for miniouss3dag to 2024-04-04 04:05:00+00:00, run_after=2024-04-05 04:05:00+00:00
[2024-04-08T21:10:54.201+0000] {processor.py:183} INFO - Processing /opt/airflow/dags/minios3buc.py took 0.206 seconds
[2024-04-08T21:11:25.061+0000] {processor.py:161} INFO - Started process (PID=336) to work on /opt/airflow/dags/minios3buc.py
[2024-04-08T21:11:25.063+0000] {processor.py:830} INFO - Processing file /opt/airflow/dags/minios3buc.py for tasks to queue
[2024-04-08T21:11:25.067+0000] {logging_mixin.py:188} INFO - [2024-04-08T21:11:25.067+0000] {dagbag.py:540} INFO - Filling up the DagBag from /opt/airflow/dags/minios3buc.py
[2024-04-08T21:11:25.125+0000] {processor.py:840} INFO - DAG(s) 'miniouss3dag' retrieved from /opt/airflow/dags/minios3buc.py
[2024-04-08T21:11:25.163+0000] {logging_mixin.py:188} INFO - [2024-04-08T21:11:25.162+0000] {dag.py:3047} INFO - Sync 1 DAGs
[2024-04-08T21:11:25.205+0000] {logging_mixin.py:188} INFO - [2024-04-08T21:11:25.204+0000] {dag.py:3834} INFO - Setting next_dagrun for miniouss3dag to 2024-04-04 04:05:00+00:00, run_after=2024-04-05 04:05:00+00:00
[2024-04-08T21:11:25.244+0000] {processor.py:183} INFO - Processing /opt/airflow/dags/minios3buc.py took 0.188 seconds
[2024-04-08T21:11:55.638+0000] {processor.py:161} INFO - Started process (PID=350) to work on /opt/airflow/dags/minios3buc.py
[2024-04-08T21:11:55.641+0000] {processor.py:830} INFO - Processing file /opt/airflow/dags/minios3buc.py for tasks to queue
[2024-04-08T21:11:55.644+0000] {logging_mixin.py:188} INFO - [2024-04-08T21:11:55.643+0000] {dagbag.py:540} INFO - Filling up the DagBag from /opt/airflow/dags/minios3buc.py
[2024-04-08T21:11:55.696+0000] {processor.py:840} INFO - DAG(s) 'miniouss3dag' retrieved from /opt/airflow/dags/minios3buc.py
[2024-04-08T21:11:55.737+0000] {logging_mixin.py:188} INFO - [2024-04-08T21:11:55.736+0000] {dag.py:3047} INFO - Sync 1 DAGs
[2024-04-08T21:11:55.781+0000] {logging_mixin.py:188} INFO - [2024-04-08T21:11:55.780+0000] {dag.py:3834} INFO - Setting next_dagrun for miniouss3dag to 2024-04-04 04:05:00+00:00, run_after=2024-04-05 04:05:00+00:00
[2024-04-08T21:11:55.826+0000] {processor.py:183} INFO - Processing /opt/airflow/dags/minios3buc.py took 0.193 seconds
[2024-04-08T21:12:26.117+0000] {processor.py:161} INFO - Started process (PID=364) to work on /opt/airflow/dags/minios3buc.py
[2024-04-08T21:12:26.118+0000] {processor.py:830} INFO - Processing file /opt/airflow/dags/minios3buc.py for tasks to queue
[2024-04-08T21:12:26.121+0000] {logging_mixin.py:188} INFO - [2024-04-08T21:12:26.120+0000] {dagbag.py:540} INFO - Filling up the DagBag from /opt/airflow/dags/minios3buc.py
[2024-04-08T21:12:26.162+0000] {processor.py:840} INFO - DAG(s) 'miniouss3dag' retrieved from /opt/airflow/dags/minios3buc.py
[2024-04-08T21:12:26.197+0000] {logging_mixin.py:188} INFO - [2024-04-08T21:12:26.197+0000] {dag.py:3047} INFO - Sync 1 DAGs
[2024-04-08T21:12:26.235+0000] {logging_mixin.py:188} INFO - [2024-04-08T21:12:26.235+0000] {dag.py:3834} INFO - Setting next_dagrun for miniouss3dag to 2024-04-04 04:05:00+00:00, run_after=2024-04-05 04:05:00+00:00
[2024-04-08T21:12:26.286+0000] {processor.py:183} INFO - Processing /opt/airflow/dags/minios3buc.py took 0.174 seconds
[2024-04-08T21:12:56.505+0000] {processor.py:161} INFO - Started process (PID=378) to work on /opt/airflow/dags/minios3buc.py
[2024-04-08T21:12:56.507+0000] {processor.py:830} INFO - Processing file /opt/airflow/dags/minios3buc.py for tasks to queue
[2024-04-08T21:12:56.510+0000] {logging_mixin.py:188} INFO - [2024-04-08T21:12:56.510+0000] {dagbag.py:540} INFO - Filling up the DagBag from /opt/airflow/dags/minios3buc.py
[2024-04-08T21:12:56.551+0000] {processor.py:840} INFO - DAG(s) 'miniouss3dag' retrieved from /opt/airflow/dags/minios3buc.py
[2024-04-08T21:12:56.590+0000] {logging_mixin.py:188} INFO - [2024-04-08T21:12:56.590+0000] {dag.py:3047} INFO - Sync 1 DAGs
[2024-04-08T21:12:56.630+0000] {logging_mixin.py:188} INFO - [2024-04-08T21:12:56.630+0000] {dag.py:3834} INFO - Setting next_dagrun for miniouss3dag to 2024-04-04 04:05:00+00:00, run_after=2024-04-05 04:05:00+00:00
[2024-04-08T21:12:56.674+0000] {processor.py:183} INFO - Processing /opt/airflow/dags/minios3buc.py took 0.174 seconds
[2024-04-08T21:13:27.325+0000] {processor.py:161} INFO - Started process (PID=392) to work on /opt/airflow/dags/minios3buc.py
[2024-04-08T21:13:27.327+0000] {processor.py:830} INFO - Processing file /opt/airflow/dags/minios3buc.py for tasks to queue
[2024-04-08T21:13:27.331+0000] {logging_mixin.py:188} INFO - [2024-04-08T21:13:27.330+0000] {dagbag.py:540} INFO - Filling up the DagBag from /opt/airflow/dags/minios3buc.py
[2024-04-08T21:13:27.381+0000] {processor.py:840} INFO - DAG(s) 'miniouss3dag' retrieved from /opt/airflow/dags/minios3buc.py
[2024-04-08T21:13:27.419+0000] {logging_mixin.py:188} INFO - [2024-04-08T21:13:27.418+0000] {dag.py:3047} INFO - Sync 1 DAGs
[2024-04-08T21:13:27.459+0000] {logging_mixin.py:188} INFO - [2024-04-08T21:13:27.458+0000] {dag.py:3834} INFO - Setting next_dagrun for miniouss3dag to 2024-04-04 04:05:00+00:00, run_after=2024-04-05 04:05:00+00:00
[2024-04-08T21:13:27.496+0000] {processor.py:183} INFO - Processing /opt/airflow/dags/minios3buc.py took 0.177 seconds
[2024-04-08T21:13:58.200+0000] {processor.py:161} INFO - Started process (PID=406) to work on /opt/airflow/dags/minios3buc.py
[2024-04-08T21:13:58.202+0000] {processor.py:830} INFO - Processing file /opt/airflow/dags/minios3buc.py for tasks to queue
[2024-04-08T21:13:58.207+0000] {logging_mixin.py:188} INFO - [2024-04-08T21:13:58.206+0000] {dagbag.py:540} INFO - Filling up the DagBag from /opt/airflow/dags/minios3buc.py
[2024-04-08T21:13:58.258+0000] {processor.py:840} INFO - DAG(s) 'miniouss3dag' retrieved from /opt/airflow/dags/minios3buc.py
[2024-04-08T21:13:58.305+0000] {logging_mixin.py:188} INFO - [2024-04-08T21:13:58.304+0000] {dag.py:3047} INFO - Sync 1 DAGs
[2024-04-08T21:13:58.375+0000] {logging_mixin.py:188} INFO - [2024-04-08T21:13:58.374+0000] {dag.py:3834} INFO - Setting next_dagrun for miniouss3dag to 2024-04-04 04:05:00+00:00, run_after=2024-04-05 04:05:00+00:00
[2024-04-08T21:13:58.454+0000] {processor.py:183} INFO - Processing /opt/airflow/dags/minios3buc.py took 0.258 seconds
[2024-04-08T21:14:29.336+0000] {processor.py:161} INFO - Started process (PID=420) to work on /opt/airflow/dags/minios3buc.py
[2024-04-08T21:14:29.339+0000] {processor.py:830} INFO - Processing file /opt/airflow/dags/minios3buc.py for tasks to queue
[2024-04-08T21:14:29.345+0000] {logging_mixin.py:188} INFO - [2024-04-08T21:14:29.344+0000] {dagbag.py:540} INFO - Filling up the DagBag from /opt/airflow/dags/minios3buc.py
[2024-04-08T21:14:29.396+0000] {processor.py:840} INFO - DAG(s) 'miniouss3dag' retrieved from /opt/airflow/dags/minios3buc.py
[2024-04-08T21:14:29.448+0000] {logging_mixin.py:188} INFO - [2024-04-08T21:14:29.447+0000] {dag.py:3047} INFO - Sync 1 DAGs
[2024-04-08T21:14:29.498+0000] {logging_mixin.py:188} INFO - [2024-04-08T21:14:29.497+0000] {dag.py:3834} INFO - Setting next_dagrun for miniouss3dag to 2024-04-04 04:05:00+00:00, run_after=2024-04-05 04:05:00+00:00
[2024-04-08T21:14:29.542+0000] {processor.py:183} INFO - Processing /opt/airflow/dags/minios3buc.py took 0.216 seconds
[2024-04-08T21:15:00.051+0000] {processor.py:161} INFO - Started process (PID=434) to work on /opt/airflow/dags/minios3buc.py
[2024-04-08T21:15:00.054+0000] {processor.py:830} INFO - Processing file /opt/airflow/dags/minios3buc.py for tasks to queue
[2024-04-08T21:15:00.059+0000] {logging_mixin.py:188} INFO - [2024-04-08T21:15:00.058+0000] {dagbag.py:540} INFO - Filling up the DagBag from /opt/airflow/dags/minios3buc.py
[2024-04-08T21:15:00.118+0000] {processor.py:840} INFO - DAG(s) 'miniouss3dag' retrieved from /opt/airflow/dags/minios3buc.py
[2024-04-08T21:15:00.167+0000] {logging_mixin.py:188} INFO - [2024-04-08T21:15:00.166+0000] {dag.py:3047} INFO - Sync 1 DAGs
[2024-04-08T21:15:00.216+0000] {logging_mixin.py:188} INFO - [2024-04-08T21:15:00.215+0000] {dag.py:3834} INFO - Setting next_dagrun for miniouss3dag to 2024-04-04 04:05:00+00:00, run_after=2024-04-05 04:05:00+00:00
[2024-04-08T21:15:00.260+0000] {processor.py:183} INFO - Processing /opt/airflow/dags/minios3buc.py took 0.218 seconds
[2024-04-08T21:15:30.892+0000] {processor.py:161} INFO - Started process (PID=448) to work on /opt/airflow/dags/minios3buc.py
[2024-04-08T21:15:30.894+0000] {processor.py:830} INFO - Processing file /opt/airflow/dags/minios3buc.py for tasks to queue
[2024-04-08T21:15:30.898+0000] {logging_mixin.py:188} INFO - [2024-04-08T21:15:30.897+0000] {dagbag.py:540} INFO - Filling up the DagBag from /opt/airflow/dags/minios3buc.py
[2024-04-08T21:15:30.944+0000] {processor.py:840} INFO - DAG(s) 'miniouss3dag' retrieved from /opt/airflow/dags/minios3buc.py
[2024-04-08T21:15:30.992+0000] {logging_mixin.py:188} INFO - [2024-04-08T21:15:30.992+0000] {dag.py:3047} INFO - Sync 1 DAGs
[2024-04-08T21:15:31.039+0000] {logging_mixin.py:188} INFO - [2024-04-08T21:15:31.038+0000] {dag.py:3834} INFO - Setting next_dagrun for miniouss3dag to 2024-04-04 04:05:00+00:00, run_after=2024-04-05 04:05:00+00:00
[2024-04-08T21:15:31.083+0000] {processor.py:183} INFO - Processing /opt/airflow/dags/minios3buc.py took 0.196 seconds
[2024-04-08T21:16:01.753+0000] {processor.py:161} INFO - Started process (PID=462) to work on /opt/airflow/dags/minios3buc.py
[2024-04-08T21:16:01.756+0000] {processor.py:830} INFO - Processing file /opt/airflow/dags/minios3buc.py for tasks to queue
[2024-04-08T21:16:01.761+0000] {logging_mixin.py:188} INFO - [2024-04-08T21:16:01.760+0000] {dagbag.py:540} INFO - Filling up the DagBag from /opt/airflow/dags/minios3buc.py
[2024-04-08T21:16:01.825+0000] {processor.py:840} INFO - DAG(s) 'miniouss3dag' retrieved from /opt/airflow/dags/minios3buc.py
[2024-04-08T21:16:01.873+0000] {logging_mixin.py:188} INFO - [2024-04-08T21:16:01.872+0000] {dag.py:3047} INFO - Sync 1 DAGs
[2024-04-08T21:16:01.942+0000] {logging_mixin.py:188} INFO - [2024-04-08T21:16:01.940+0000] {dag.py:3834} INFO - Setting next_dagrun for miniouss3dag to 2024-04-04 04:05:00+00:00, run_after=2024-04-05 04:05:00+00:00
[2024-04-08T21:16:01.992+0000] {processor.py:183} INFO - Processing /opt/airflow/dags/minios3buc.py took 0.246 seconds
[2024-04-08T21:16:32.474+0000] {processor.py:161} INFO - Started process (PID=476) to work on /opt/airflow/dags/minios3buc.py
[2024-04-08T21:16:32.476+0000] {processor.py:830} INFO - Processing file /opt/airflow/dags/minios3buc.py for tasks to queue
[2024-04-08T21:16:32.480+0000] {logging_mixin.py:188} INFO - [2024-04-08T21:16:32.479+0000] {dagbag.py:540} INFO - Filling up the DagBag from /opt/airflow/dags/minios3buc.py
[2024-04-08T21:16:32.535+0000] {processor.py:840} INFO - DAG(s) 'miniouss3dag' retrieved from /opt/airflow/dags/minios3buc.py
[2024-04-08T21:16:32.575+0000] {logging_mixin.py:188} INFO - [2024-04-08T21:16:32.575+0000] {dag.py:3047} INFO - Sync 1 DAGs
[2024-04-08T21:16:32.619+0000] {logging_mixin.py:188} INFO - [2024-04-08T21:16:32.619+0000] {dag.py:3834} INFO - Setting next_dagrun for miniouss3dag to 2024-04-04 04:05:00+00:00, run_after=2024-04-05 04:05:00+00:00
[2024-04-08T21:16:32.663+0000] {processor.py:183} INFO - Processing /opt/airflow/dags/minios3buc.py took 0.194 seconds
[2024-04-08T21:17:03.249+0000] {processor.py:161} INFO - Started process (PID=490) to work on /opt/airflow/dags/minios3buc.py
[2024-04-08T21:17:03.253+0000] {processor.py:830} INFO - Processing file /opt/airflow/dags/minios3buc.py for tasks to queue
[2024-04-08T21:17:03.260+0000] {logging_mixin.py:188} INFO - [2024-04-08T21:17:03.259+0000] {dagbag.py:540} INFO - Filling up the DagBag from /opt/airflow/dags/minios3buc.py
[2024-04-08T21:17:03.303+0000] {processor.py:840} INFO - DAG(s) 'miniouss3dag' retrieved from /opt/airflow/dags/minios3buc.py
[2024-04-08T21:17:03.340+0000] {logging_mixin.py:188} INFO - [2024-04-08T21:17:03.339+0000] {dag.py:3047} INFO - Sync 1 DAGs
[2024-04-08T21:17:03.390+0000] {logging_mixin.py:188} INFO - [2024-04-08T21:17:03.390+0000] {dag.py:3834} INFO - Setting next_dagrun for miniouss3dag to 2024-04-04 04:05:00+00:00, run_after=2024-04-05 04:05:00+00:00
[2024-04-08T21:17:03.429+0000] {processor.py:183} INFO - Processing /opt/airflow/dags/minios3buc.py took 0.186 seconds
[2024-04-08T21:17:34.348+0000] {processor.py:161} INFO - Started process (PID=504) to work on /opt/airflow/dags/minios3buc.py
[2024-04-08T21:17:34.350+0000] {processor.py:830} INFO - Processing file /opt/airflow/dags/minios3buc.py for tasks to queue
[2024-04-08T21:17:34.354+0000] {logging_mixin.py:188} INFO - [2024-04-08T21:17:34.353+0000] {dagbag.py:540} INFO - Filling up the DagBag from /opt/airflow/dags/minios3buc.py
[2024-04-08T21:17:34.401+0000] {processor.py:840} INFO - DAG(s) 'miniouss3dag' retrieved from /opt/airflow/dags/minios3buc.py
[2024-04-08T21:17:34.437+0000] {logging_mixin.py:188} INFO - [2024-04-08T21:17:34.436+0000] {dag.py:3047} INFO - Sync 1 DAGs
[2024-04-08T21:17:34.483+0000] {logging_mixin.py:188} INFO - [2024-04-08T21:17:34.482+0000] {dag.py:3834} INFO - Setting next_dagrun for miniouss3dag to 2024-04-04 04:05:00+00:00, run_after=2024-04-05 04:05:00+00:00
[2024-04-08T21:17:34.527+0000] {processor.py:183} INFO - Processing /opt/airflow/dags/minios3buc.py took 0.183 seconds
[2024-04-08T21:18:04.830+0000] {processor.py:161} INFO - Started process (PID=518) to work on /opt/airflow/dags/minios3buc.py
[2024-04-08T21:18:04.832+0000] {processor.py:830} INFO - Processing file /opt/airflow/dags/minios3buc.py for tasks to queue
[2024-04-08T21:18:04.836+0000] {logging_mixin.py:188} INFO - [2024-04-08T21:18:04.836+0000] {dagbag.py:540} INFO - Filling up the DagBag from /opt/airflow/dags/minios3buc.py
[2024-04-08T21:18:04.889+0000] {processor.py:840} INFO - DAG(s) 'miniouss3dag' retrieved from /opt/airflow/dags/minios3buc.py
[2024-04-08T21:18:04.927+0000] {logging_mixin.py:188} INFO - [2024-04-08T21:18:04.927+0000] {dag.py:3047} INFO - Sync 1 DAGs
[2024-04-08T21:18:04.977+0000] {logging_mixin.py:188} INFO - [2024-04-08T21:18:04.976+0000] {dag.py:3834} INFO - Setting next_dagrun for miniouss3dag to 2024-04-04 04:05:00+00:00, run_after=2024-04-05 04:05:00+00:00
[2024-04-08T21:18:05.012+0000] {processor.py:183} INFO - Processing /opt/airflow/dags/minios3buc.py took 0.187 seconds
[2024-04-08T21:18:35.693+0000] {processor.py:161} INFO - Started process (PID=532) to work on /opt/airflow/dags/minios3buc.py
[2024-04-08T21:18:35.697+0000] {processor.py:830} INFO - Processing file /opt/airflow/dags/minios3buc.py for tasks to queue
[2024-04-08T21:18:35.701+0000] {logging_mixin.py:188} INFO - [2024-04-08T21:18:35.701+0000] {dagbag.py:540} INFO - Filling up the DagBag from /opt/airflow/dags/minios3buc.py
[2024-04-08T21:18:35.753+0000] {processor.py:840} INFO - DAG(s) 'miniouss3dag' retrieved from /opt/airflow/dags/minios3buc.py
[2024-04-08T21:18:35.800+0000] {logging_mixin.py:188} INFO - [2024-04-08T21:18:35.799+0000] {dag.py:3047} INFO - Sync 1 DAGs
[2024-04-08T21:18:35.846+0000] {logging_mixin.py:188} INFO - [2024-04-08T21:18:35.845+0000] {dag.py:3834} INFO - Setting next_dagrun for miniouss3dag to 2024-04-04 04:05:00+00:00, run_after=2024-04-05 04:05:00+00:00
[2024-04-08T21:18:35.886+0000] {processor.py:183} INFO - Processing /opt/airflow/dags/minios3buc.py took 0.202 seconds
[2024-04-08T21:19:06.509+0000] {processor.py:161} INFO - Started process (PID=546) to work on /opt/airflow/dags/minios3buc.py
[2024-04-08T21:19:06.510+0000] {processor.py:830} INFO - Processing file /opt/airflow/dags/minios3buc.py for tasks to queue
[2024-04-08T21:19:06.514+0000] {logging_mixin.py:188} INFO - [2024-04-08T21:19:06.513+0000] {dagbag.py:540} INFO - Filling up the DagBag from /opt/airflow/dags/minios3buc.py
[2024-04-08T21:19:06.559+0000] {processor.py:840} INFO - DAG(s) 'miniouss3dag' retrieved from /opt/airflow/dags/minios3buc.py
[2024-04-08T21:19:06.598+0000] {logging_mixin.py:188} INFO - [2024-04-08T21:19:06.597+0000] {dag.py:3047} INFO - Sync 1 DAGs
[2024-04-08T21:19:06.643+0000] {logging_mixin.py:188} INFO - [2024-04-08T21:19:06.643+0000] {dag.py:3834} INFO - Setting next_dagrun for miniouss3dag to 2024-04-04 04:05:00+00:00, run_after=2024-04-05 04:05:00+00:00
[2024-04-08T21:19:06.687+0000] {processor.py:183} INFO - Processing /opt/airflow/dags/minios3buc.py took 0.182 seconds
[2024-04-08T21:19:37.244+0000] {processor.py:161} INFO - Started process (PID=560) to work on /opt/airflow/dags/minios3buc.py
[2024-04-08T21:19:37.247+0000] {processor.py:830} INFO - Processing file /opt/airflow/dags/minios3buc.py for tasks to queue
[2024-04-08T21:19:37.250+0000] {logging_mixin.py:188} INFO - [2024-04-08T21:19:37.249+0000] {dagbag.py:540} INFO - Filling up the DagBag from /opt/airflow/dags/minios3buc.py
[2024-04-08T21:19:37.303+0000] {processor.py:840} INFO - DAG(s) 'miniouss3dag' retrieved from /opt/airflow/dags/minios3buc.py
[2024-04-08T21:19:37.343+0000] {logging_mixin.py:188} INFO - [2024-04-08T21:19:37.342+0000] {dag.py:3047} INFO - Sync 1 DAGs
[2024-04-08T21:19:37.395+0000] {logging_mixin.py:188} INFO - [2024-04-08T21:19:37.394+0000] {dag.py:3834} INFO - Setting next_dagrun for miniouss3dag to 2024-04-04 04:05:00+00:00, run_after=2024-04-05 04:05:00+00:00
[2024-04-08T21:19:37.440+0000] {processor.py:183} INFO - Processing /opt/airflow/dags/minios3buc.py took 0.201 seconds
[2024-04-08T21:20:08.010+0000] {processor.py:161} INFO - Started process (PID=574) to work on /opt/airflow/dags/minios3buc.py
[2024-04-08T21:20:08.011+0000] {processor.py:830} INFO - Processing file /opt/airflow/dags/minios3buc.py for tasks to queue
[2024-04-08T21:20:08.015+0000] {logging_mixin.py:188} INFO - [2024-04-08T21:20:08.014+0000] {dagbag.py:540} INFO - Filling up the DagBag from /opt/airflow/dags/minios3buc.py
[2024-04-08T21:20:08.067+0000] {processor.py:840} INFO - DAG(s) 'miniouss3dag' retrieved from /opt/airflow/dags/minios3buc.py
[2024-04-08T21:20:08.109+0000] {logging_mixin.py:188} INFO - [2024-04-08T21:20:08.109+0000] {dag.py:3047} INFO - Sync 1 DAGs
[2024-04-08T21:20:08.152+0000] {logging_mixin.py:188} INFO - [2024-04-08T21:20:08.152+0000] {dag.py:3834} INFO - Setting next_dagrun for miniouss3dag to 2024-04-04 04:05:00+00:00, run_after=2024-04-05 04:05:00+00:00
[2024-04-08T21:20:08.195+0000] {processor.py:183} INFO - Processing /opt/airflow/dags/minios3buc.py took 0.190 seconds
[2024-04-08T21:20:38.770+0000] {processor.py:161} INFO - Started process (PID=588) to work on /opt/airflow/dags/minios3buc.py
[2024-04-08T21:20:38.772+0000] {processor.py:830} INFO - Processing file /opt/airflow/dags/minios3buc.py for tasks to queue
[2024-04-08T21:20:38.776+0000] {logging_mixin.py:188} INFO - [2024-04-08T21:20:38.775+0000] {dagbag.py:540} INFO - Filling up the DagBag from /opt/airflow/dags/minios3buc.py
[2024-04-08T21:20:38.826+0000] {processor.py:840} INFO - DAG(s) 'miniouss3dag' retrieved from /opt/airflow/dags/minios3buc.py
[2024-04-08T21:20:38.866+0000] {logging_mixin.py:188} INFO - [2024-04-08T21:20:38.866+0000] {dag.py:3047} INFO - Sync 1 DAGs
[2024-04-08T21:20:38.916+0000] {logging_mixin.py:188} INFO - [2024-04-08T21:20:38.915+0000] {dag.py:3834} INFO - Setting next_dagrun for miniouss3dag to 2024-04-04 04:05:00+00:00, run_after=2024-04-05 04:05:00+00:00
[2024-04-08T21:20:38.961+0000] {processor.py:183} INFO - Processing /opt/airflow/dags/minios3buc.py took 0.195 seconds
[2024-04-08T21:21:09.554+0000] {processor.py:161} INFO - Started process (PID=602) to work on /opt/airflow/dags/minios3buc.py
[2024-04-08T21:21:09.556+0000] {processor.py:830} INFO - Processing file /opt/airflow/dags/minios3buc.py for tasks to queue
[2024-04-08T21:21:09.560+0000] {logging_mixin.py:188} INFO - [2024-04-08T21:21:09.560+0000] {dagbag.py:540} INFO - Filling up the DagBag from /opt/airflow/dags/minios3buc.py
[2024-04-08T21:21:09.606+0000] {processor.py:840} INFO - DAG(s) 'miniouss3dag' retrieved from /opt/airflow/dags/minios3buc.py
[2024-04-08T21:21:09.641+0000] {logging_mixin.py:188} INFO - [2024-04-08T21:21:09.641+0000] {dag.py:3047} INFO - Sync 1 DAGs
[2024-04-08T21:21:09.698+0000] {logging_mixin.py:188} INFO - [2024-04-08T21:21:09.697+0000] {dag.py:3834} INFO - Setting next_dagrun for miniouss3dag to 2024-04-04 04:05:00+00:00, run_after=2024-04-05 04:05:00+00:00
[2024-04-08T21:21:09.741+0000] {processor.py:183} INFO - Processing /opt/airflow/dags/minios3buc.py took 0.192 seconds
[2024-04-08T21:21:40.338+0000] {processor.py:161} INFO - Started process (PID=616) to work on /opt/airflow/dags/minios3buc.py
[2024-04-08T21:21:40.340+0000] {processor.py:830} INFO - Processing file /opt/airflow/dags/minios3buc.py for tasks to queue
[2024-04-08T21:21:40.344+0000] {logging_mixin.py:188} INFO - [2024-04-08T21:21:40.343+0000] {dagbag.py:540} INFO - Filling up the DagBag from /opt/airflow/dags/minios3buc.py
[2024-04-08T21:21:40.390+0000] {processor.py:840} INFO - DAG(s) 'miniouss3dag' retrieved from /opt/airflow/dags/minios3buc.py
[2024-04-08T21:21:40.436+0000] {logging_mixin.py:188} INFO - [2024-04-08T21:21:40.436+0000] {dag.py:3047} INFO - Sync 1 DAGs
[2024-04-08T21:21:40.490+0000] {logging_mixin.py:188} INFO - [2024-04-08T21:21:40.490+0000] {dag.py:3834} INFO - Setting next_dagrun for miniouss3dag to 2024-04-04 04:05:00+00:00, run_after=2024-04-05 04:05:00+00:00
[2024-04-08T21:21:40.539+0000] {processor.py:183} INFO - Processing /opt/airflow/dags/minios3buc.py took 0.205 seconds
[2024-04-08T21:22:11.421+0000] {processor.py:161} INFO - Started process (PID=630) to work on /opt/airflow/dags/minios3buc.py
[2024-04-08T21:22:11.423+0000] {processor.py:830} INFO - Processing file /opt/airflow/dags/minios3buc.py for tasks to queue
[2024-04-08T21:22:11.428+0000] {logging_mixin.py:188} INFO - [2024-04-08T21:22:11.427+0000] {dagbag.py:540} INFO - Filling up the DagBag from /opt/airflow/dags/minios3buc.py
[2024-04-08T21:22:11.477+0000] {processor.py:840} INFO - DAG(s) 'miniouss3dag' retrieved from /opt/airflow/dags/minios3buc.py
[2024-04-08T21:22:11.520+0000] {logging_mixin.py:188} INFO - [2024-04-08T21:22:11.519+0000] {dag.py:3047} INFO - Sync 1 DAGs
[2024-04-08T21:22:11.564+0000] {logging_mixin.py:188} INFO - [2024-04-08T21:22:11.564+0000] {dag.py:3834} INFO - Setting next_dagrun for miniouss3dag to 2024-04-04 04:05:00+00:00, run_after=2024-04-05 04:05:00+00:00
[2024-04-08T21:22:11.609+0000] {processor.py:183} INFO - Processing /opt/airflow/dags/minios3buc.py took 0.194 seconds
[2024-04-08T21:22:42.137+0000] {processor.py:161} INFO - Started process (PID=644) to work on /opt/airflow/dags/minios3buc.py
[2024-04-08T21:22:42.139+0000] {processor.py:830} INFO - Processing file /opt/airflow/dags/minios3buc.py for tasks to queue
[2024-04-08T21:22:42.142+0000] {logging_mixin.py:188} INFO - [2024-04-08T21:22:42.141+0000] {dagbag.py:540} INFO - Filling up the DagBag from /opt/airflow/dags/minios3buc.py
[2024-04-08T21:22:42.195+0000] {processor.py:840} INFO - DAG(s) 'miniouss3dag' retrieved from /opt/airflow/dags/minios3buc.py
[2024-04-08T21:22:42.239+0000] {logging_mixin.py:188} INFO - [2024-04-08T21:22:42.238+0000] {dag.py:3047} INFO - Sync 1 DAGs
[2024-04-08T21:22:42.285+0000] {logging_mixin.py:188} INFO - [2024-04-08T21:22:42.284+0000] {dag.py:3834} INFO - Setting next_dagrun for miniouss3dag to 2024-04-04 04:05:00+00:00, run_after=2024-04-05 04:05:00+00:00
[2024-04-08T21:22:42.340+0000] {processor.py:183} INFO - Processing /opt/airflow/dags/minios3buc.py took 0.208 seconds
[2024-04-08T21:23:12.948+0000] {processor.py:161} INFO - Started process (PID=658) to work on /opt/airflow/dags/minios3buc.py
[2024-04-08T21:23:12.950+0000] {processor.py:830} INFO - Processing file /opt/airflow/dags/minios3buc.py for tasks to queue
[2024-04-08T21:23:12.953+0000] {logging_mixin.py:188} INFO - [2024-04-08T21:23:12.953+0000] {dagbag.py:540} INFO - Filling up the DagBag from /opt/airflow/dags/minios3buc.py
[2024-04-08T21:23:13.007+0000] {processor.py:840} INFO - DAG(s) 'miniouss3dag' retrieved from /opt/airflow/dags/minios3buc.py
[2024-04-08T21:23:13.045+0000] {logging_mixin.py:188} INFO - [2024-04-08T21:23:13.044+0000] {dag.py:3047} INFO - Sync 1 DAGs
[2024-04-08T21:23:13.129+0000] {logging_mixin.py:188} INFO - [2024-04-08T21:23:13.129+0000] {dag.py:3834} INFO - Setting next_dagrun for miniouss3dag to 2024-04-04 04:05:00+00:00, run_after=2024-04-05 04:05:00+00:00
[2024-04-08T21:23:13.179+0000] {processor.py:183} INFO - Processing /opt/airflow/dags/minios3buc.py took 0.236 seconds
[2024-04-08T21:23:43.557+0000] {processor.py:161} INFO - Started process (PID=672) to work on /opt/airflow/dags/minios3buc.py
[2024-04-08T21:23:43.560+0000] {processor.py:830} INFO - Processing file /opt/airflow/dags/minios3buc.py for tasks to queue
[2024-04-08T21:23:43.564+0000] {logging_mixin.py:188} INFO - [2024-04-08T21:23:43.563+0000] {dagbag.py:540} INFO - Filling up the DagBag from /opt/airflow/dags/minios3buc.py
[2024-04-08T21:23:43.606+0000] {processor.py:840} INFO - DAG(s) 'miniouss3dag' retrieved from /opt/airflow/dags/minios3buc.py
[2024-04-08T21:23:43.648+0000] {logging_mixin.py:188} INFO - [2024-04-08T21:23:43.647+0000] {dag.py:3047} INFO - Sync 1 DAGs
[2024-04-08T21:23:43.694+0000] {logging_mixin.py:188} INFO - [2024-04-08T21:23:43.693+0000] {dag.py:3834} INFO - Setting next_dagrun for miniouss3dag to 2024-04-04 04:05:00+00:00, run_after=2024-04-05 04:05:00+00:00
[2024-04-08T21:23:43.735+0000] {processor.py:183} INFO - Processing /opt/airflow/dags/minios3buc.py took 0.185 seconds
[2024-04-08T21:24:14.407+0000] {processor.py:161} INFO - Started process (PID=686) to work on /opt/airflow/dags/minios3buc.py
[2024-04-08T21:24:14.409+0000] {processor.py:830} INFO - Processing file /opt/airflow/dags/minios3buc.py for tasks to queue
[2024-04-08T21:24:14.414+0000] {logging_mixin.py:188} INFO - [2024-04-08T21:24:14.413+0000] {dagbag.py:540} INFO - Filling up the DagBag from /opt/airflow/dags/minios3buc.py
[2024-04-08T21:24:14.462+0000] {processor.py:840} INFO - DAG(s) 'miniouss3dag' retrieved from /opt/airflow/dags/minios3buc.py
[2024-04-08T21:24:14.550+0000] {logging_mixin.py:188} INFO - [2024-04-08T21:24:14.550+0000] {dag.py:3047} INFO - Sync 1 DAGs
[2024-04-08T21:24:14.613+0000] {logging_mixin.py:188} INFO - [2024-04-08T21:24:14.612+0000] {dag.py:3834} INFO - Setting next_dagrun for miniouss3dag to 2024-04-04 04:05:00+00:00, run_after=2024-04-05 04:05:00+00:00
[2024-04-08T21:24:14.659+0000] {processor.py:183} INFO - Processing /opt/airflow/dags/minios3buc.py took 0.259 seconds
[2024-04-08T21:24:45.259+0000] {processor.py:161} INFO - Started process (PID=700) to work on /opt/airflow/dags/minios3buc.py
[2024-04-08T21:24:45.262+0000] {processor.py:830} INFO - Processing file /opt/airflow/dags/minios3buc.py for tasks to queue
[2024-04-08T21:24:45.268+0000] {logging_mixin.py:188} INFO - [2024-04-08T21:24:45.267+0000] {dagbag.py:540} INFO - Filling up the DagBag from /opt/airflow/dags/minios3buc.py
[2024-04-08T21:24:45.314+0000] {processor.py:840} INFO - DAG(s) 'miniouss3dag' retrieved from /opt/airflow/dags/minios3buc.py
[2024-04-08T21:24:45.367+0000] {logging_mixin.py:188} INFO - [2024-04-08T21:24:45.367+0000] {dag.py:3047} INFO - Sync 1 DAGs
[2024-04-08T21:24:45.413+0000] {logging_mixin.py:188} INFO - [2024-04-08T21:24:45.412+0000] {dag.py:3834} INFO - Setting next_dagrun for miniouss3dag to 2024-04-04 04:05:00+00:00, run_after=2024-04-05 04:05:00+00:00
[2024-04-08T21:24:45.460+0000] {processor.py:183} INFO - Processing /opt/airflow/dags/minios3buc.py took 0.211 seconds
[2024-04-08T21:25:16.053+0000] {processor.py:161} INFO - Started process (PID=714) to work on /opt/airflow/dags/minios3buc.py
[2024-04-08T21:25:16.056+0000] {processor.py:830} INFO - Processing file /opt/airflow/dags/minios3buc.py for tasks to queue
[2024-04-08T21:25:16.059+0000] {logging_mixin.py:188} INFO - [2024-04-08T21:25:16.058+0000] {dagbag.py:540} INFO - Filling up the DagBag from /opt/airflow/dags/minios3buc.py
[2024-04-08T21:25:16.103+0000] {processor.py:840} INFO - DAG(s) 'miniouss3dag' retrieved from /opt/airflow/dags/minios3buc.py
[2024-04-08T21:25:16.144+0000] {logging_mixin.py:188} INFO - [2024-04-08T21:25:16.144+0000] {dag.py:3047} INFO - Sync 1 DAGs
[2024-04-08T21:25:16.190+0000] {logging_mixin.py:188} INFO - [2024-04-08T21:25:16.189+0000] {dag.py:3834} INFO - Setting next_dagrun for miniouss3dag to 2024-04-04 04:05:00+00:00, run_after=2024-04-05 04:05:00+00:00
[2024-04-08T21:25:16.239+0000] {processor.py:183} INFO - Processing /opt/airflow/dags/minios3buc.py took 0.191 seconds
[2024-04-08T21:25:46.865+0000] {processor.py:161} INFO - Started process (PID=728) to work on /opt/airflow/dags/minios3buc.py
[2024-04-08T21:25:46.867+0000] {processor.py:830} INFO - Processing file /opt/airflow/dags/minios3buc.py for tasks to queue
[2024-04-08T21:25:46.870+0000] {logging_mixin.py:188} INFO - [2024-04-08T21:25:46.870+0000] {dagbag.py:540} INFO - Filling up the DagBag from /opt/airflow/dags/minios3buc.py
[2024-04-08T21:25:46.921+0000] {processor.py:840} INFO - DAG(s) 'miniouss3dag' retrieved from /opt/airflow/dags/minios3buc.py
[2024-04-08T21:25:46.960+0000] {logging_mixin.py:188} INFO - [2024-04-08T21:25:46.960+0000] {dag.py:3047} INFO - Sync 1 DAGs
[2024-04-08T21:25:47.014+0000] {logging_mixin.py:188} INFO - [2024-04-08T21:25:47.013+0000] {dag.py:3834} INFO - Setting next_dagrun for miniouss3dag to 2024-04-04 04:05:00+00:00, run_after=2024-04-05 04:05:00+00:00
[2024-04-08T21:25:47.059+0000] {processor.py:183} INFO - Processing /opt/airflow/dags/minios3buc.py took 0.200 seconds
[2024-04-08T21:26:17.627+0000] {processor.py:161} INFO - Started process (PID=742) to work on /opt/airflow/dags/minios3buc.py
[2024-04-08T21:26:17.629+0000] {processor.py:830} INFO - Processing file /opt/airflow/dags/minios3buc.py for tasks to queue
[2024-04-08T21:26:17.632+0000] {logging_mixin.py:188} INFO - [2024-04-08T21:26:17.632+0000] {dagbag.py:540} INFO - Filling up the DagBag from /opt/airflow/dags/minios3buc.py
[2024-04-08T21:26:17.675+0000] {processor.py:840} INFO - DAG(s) 'miniouss3dag' retrieved from /opt/airflow/dags/minios3buc.py
[2024-04-08T21:26:17.712+0000] {logging_mixin.py:188} INFO - [2024-04-08T21:26:17.712+0000] {dag.py:3047} INFO - Sync 1 DAGs
[2024-04-08T21:26:17.755+0000] {logging_mixin.py:188} INFO - [2024-04-08T21:26:17.755+0000] {dag.py:3834} INFO - Setting next_dagrun for miniouss3dag to 2024-04-04 04:05:00+00:00, run_after=2024-04-05 04:05:00+00:00
[2024-04-08T21:26:17.797+0000] {processor.py:183} INFO - Processing /opt/airflow/dags/minios3buc.py took 0.175 seconds
[2024-04-08T21:26:48.139+0000] {processor.py:161} INFO - Started process (PID=756) to work on /opt/airflow/dags/minios3buc.py
[2024-04-08T21:26:48.141+0000] {processor.py:830} INFO - Processing file /opt/airflow/dags/minios3buc.py for tasks to queue
[2024-04-08T21:26:48.145+0000] {logging_mixin.py:188} INFO - [2024-04-08T21:26:48.144+0000] {dagbag.py:540} INFO - Filling up the DagBag from /opt/airflow/dags/minios3buc.py
[2024-04-08T21:26:48.195+0000] {processor.py:840} INFO - DAG(s) 'miniouss3dag' retrieved from /opt/airflow/dags/minios3buc.py
[2024-04-08T21:26:48.247+0000] {logging_mixin.py:188} INFO - [2024-04-08T21:26:48.246+0000] {dag.py:3047} INFO - Sync 1 DAGs
[2024-04-08T21:26:48.310+0000] {logging_mixin.py:188} INFO - [2024-04-08T21:26:48.310+0000] {dag.py:3834} INFO - Setting next_dagrun for miniouss3dag to 2024-04-04 04:05:00+00:00, run_after=2024-04-05 04:05:00+00:00
[2024-04-08T21:26:48.356+0000] {processor.py:183} INFO - Processing /opt/airflow/dags/minios3buc.py took 0.222 seconds
[2024-04-08T21:27:19.107+0000] {processor.py:161} INFO - Started process (PID=770) to work on /opt/airflow/dags/minios3buc.py
[2024-04-08T21:27:19.110+0000] {processor.py:830} INFO - Processing file /opt/airflow/dags/minios3buc.py for tasks to queue
[2024-04-08T21:27:19.115+0000] {logging_mixin.py:188} INFO - [2024-04-08T21:27:19.114+0000] {dagbag.py:540} INFO - Filling up the DagBag from /opt/airflow/dags/minios3buc.py
[2024-04-08T21:27:19.161+0000] {processor.py:840} INFO - DAG(s) 'miniouss3dag' retrieved from /opt/airflow/dags/minios3buc.py
[2024-04-08T21:27:19.202+0000] {logging_mixin.py:188} INFO - [2024-04-08T21:27:19.201+0000] {dag.py:3047} INFO - Sync 1 DAGs
[2024-04-08T21:27:19.243+0000] {logging_mixin.py:188} INFO - [2024-04-08T21:27:19.243+0000] {dag.py:3834} INFO - Setting next_dagrun for miniouss3dag to 2024-04-04 04:05:00+00:00, run_after=2024-04-05 04:05:00+00:00
[2024-04-08T21:27:19.287+0000] {processor.py:183} INFO - Processing /opt/airflow/dags/minios3buc.py took 0.186 seconds
[2024-04-08T21:27:49.877+0000] {processor.py:161} INFO - Started process (PID=784) to work on /opt/airflow/dags/minios3buc.py
[2024-04-08T21:27:49.879+0000] {processor.py:830} INFO - Processing file /opt/airflow/dags/minios3buc.py for tasks to queue
[2024-04-08T21:27:49.883+0000] {logging_mixin.py:188} INFO - [2024-04-08T21:27:49.882+0000] {dagbag.py:540} INFO - Filling up the DagBag from /opt/airflow/dags/minios3buc.py
[2024-04-08T21:27:49.930+0000] {processor.py:840} INFO - DAG(s) 'miniouss3dag' retrieved from /opt/airflow/dags/minios3buc.py
[2024-04-08T21:27:49.972+0000] {logging_mixin.py:188} INFO - [2024-04-08T21:27:49.971+0000] {dag.py:3047} INFO - Sync 1 DAGs
[2024-04-08T21:27:50.029+0000] {logging_mixin.py:188} INFO - [2024-04-08T21:27:50.029+0000] {dag.py:3834} INFO - Setting next_dagrun for miniouss3dag to 2024-04-04 04:05:00+00:00, run_after=2024-04-05 04:05:00+00:00
[2024-04-08T21:27:50.076+0000] {processor.py:183} INFO - Processing /opt/airflow/dags/minios3buc.py took 0.205 seconds
[2024-04-08T21:28:20.701+0000] {processor.py:161} INFO - Started process (PID=798) to work on /opt/airflow/dags/minios3buc.py
[2024-04-08T21:28:20.704+0000] {processor.py:830} INFO - Processing file /opt/airflow/dags/minios3buc.py for tasks to queue
[2024-04-08T21:28:20.708+0000] {logging_mixin.py:188} INFO - [2024-04-08T21:28:20.708+0000] {dagbag.py:540} INFO - Filling up the DagBag from /opt/airflow/dags/minios3buc.py
[2024-04-08T21:28:20.757+0000] {processor.py:840} INFO - DAG(s) 'miniouss3dag' retrieved from /opt/airflow/dags/minios3buc.py
[2024-04-08T21:28:20.796+0000] {logging_mixin.py:188} INFO - [2024-04-08T21:28:20.795+0000] {dag.py:3047} INFO - Sync 1 DAGs
[2024-04-08T21:28:20.838+0000] {logging_mixin.py:188} INFO - [2024-04-08T21:28:20.837+0000] {dag.py:3834} INFO - Setting next_dagrun for miniouss3dag to 2024-04-04 04:05:00+00:00, run_after=2024-04-05 04:05:00+00:00
[2024-04-08T21:28:20.883+0000] {processor.py:183} INFO - Processing /opt/airflow/dags/minios3buc.py took 0.188 seconds
[2024-04-08T21:28:51.503+0000] {processor.py:161} INFO - Started process (PID=813) to work on /opt/airflow/dags/minios3buc.py
[2024-04-08T21:28:51.505+0000] {processor.py:830} INFO - Processing file /opt/airflow/dags/minios3buc.py for tasks to queue
[2024-04-08T21:28:51.509+0000] {logging_mixin.py:188} INFO - [2024-04-08T21:28:51.508+0000] {dagbag.py:540} INFO - Filling up the DagBag from /opt/airflow/dags/minios3buc.py
[2024-04-08T21:28:51.554+0000] {processor.py:840} INFO - DAG(s) 'miniouss3dag' retrieved from /opt/airflow/dags/minios3buc.py
[2024-04-08T21:28:51.595+0000] {logging_mixin.py:188} INFO - [2024-04-08T21:28:51.595+0000] {dag.py:3047} INFO - Sync 1 DAGs
[2024-04-08T21:28:51.641+0000] {logging_mixin.py:188} INFO - [2024-04-08T21:28:51.640+0000] {dag.py:3834} INFO - Setting next_dagrun for miniouss3dag to 2024-04-04 04:05:00+00:00, run_after=2024-04-05 04:05:00+00:00
[2024-04-08T21:28:51.681+0000] {processor.py:183} INFO - Processing /opt/airflow/dags/minios3buc.py took 0.184 seconds
[2024-04-08T21:29:22.310+0000] {processor.py:161} INFO - Started process (PID=827) to work on /opt/airflow/dags/minios3buc.py
[2024-04-08T21:29:22.312+0000] {processor.py:830} INFO - Processing file /opt/airflow/dags/minios3buc.py for tasks to queue
[2024-04-08T21:29:22.316+0000] {logging_mixin.py:188} INFO - [2024-04-08T21:29:22.315+0000] {dagbag.py:540} INFO - Filling up the DagBag from /opt/airflow/dags/minios3buc.py
[2024-04-08T21:29:22.368+0000] {processor.py:840} INFO - DAG(s) 'miniouss3dag' retrieved from /opt/airflow/dags/minios3buc.py
[2024-04-08T21:29:22.406+0000] {logging_mixin.py:188} INFO - [2024-04-08T21:29:22.406+0000] {dag.py:3047} INFO - Sync 1 DAGs
[2024-04-08T21:29:22.449+0000] {logging_mixin.py:188} INFO - [2024-04-08T21:29:22.449+0000] {dag.py:3834} INFO - Setting next_dagrun for miniouss3dag to 2024-04-04 04:05:00+00:00, run_after=2024-04-05 04:05:00+00:00
[2024-04-08T21:29:22.494+0000] {processor.py:183} INFO - Processing /opt/airflow/dags/minios3buc.py took 0.189 seconds
[2024-04-08T21:29:53.133+0000] {processor.py:161} INFO - Started process (PID=841) to work on /opt/airflow/dags/minios3buc.py
[2024-04-08T21:29:53.135+0000] {processor.py:830} INFO - Processing file /opt/airflow/dags/minios3buc.py for tasks to queue
[2024-04-08T21:29:53.139+0000] {logging_mixin.py:188} INFO - [2024-04-08T21:29:53.138+0000] {dagbag.py:540} INFO - Filling up the DagBag from /opt/airflow/dags/minios3buc.py
[2024-04-08T21:29:53.191+0000] {processor.py:840} INFO - DAG(s) 'miniouss3dag' retrieved from /opt/airflow/dags/minios3buc.py
[2024-04-08T21:29:53.240+0000] {logging_mixin.py:188} INFO - [2024-04-08T21:29:53.239+0000] {dag.py:3047} INFO - Sync 1 DAGs
[2024-04-08T21:29:53.288+0000] {logging_mixin.py:188} INFO - [2024-04-08T21:29:53.287+0000] {dag.py:3834} INFO - Setting next_dagrun for miniouss3dag to 2024-04-04 04:05:00+00:00, run_after=2024-04-05 04:05:00+00:00
[2024-04-08T21:29:53.335+0000] {processor.py:183} INFO - Processing /opt/airflow/dags/minios3buc.py took 0.208 seconds
[2024-04-08T21:30:23.716+0000] {processor.py:161} INFO - Started process (PID=855) to work on /opt/airflow/dags/minios3buc.py
[2024-04-08T21:30:23.718+0000] {processor.py:830} INFO - Processing file /opt/airflow/dags/minios3buc.py for tasks to queue
[2024-04-08T21:30:23.721+0000] {logging_mixin.py:188} INFO - [2024-04-08T21:30:23.720+0000] {dagbag.py:540} INFO - Filling up the DagBag from /opt/airflow/dags/minios3buc.py
[2024-04-08T21:30:23.771+0000] {processor.py:840} INFO - DAG(s) 'miniouss3dag' retrieved from /opt/airflow/dags/minios3buc.py
[2024-04-08T21:30:23.810+0000] {logging_mixin.py:188} INFO - [2024-04-08T21:30:23.809+0000] {dag.py:3047} INFO - Sync 1 DAGs
[2024-04-08T21:30:23.853+0000] {logging_mixin.py:188} INFO - [2024-04-08T21:30:23.853+0000] {dag.py:3834} INFO - Setting next_dagrun for miniouss3dag to 2024-04-04 04:05:00+00:00, run_after=2024-04-05 04:05:00+00:00
[2024-04-08T21:30:23.893+0000] {processor.py:183} INFO - Processing /opt/airflow/dags/minios3buc.py took 0.182 seconds
[2024-04-08T21:30:54.290+0000] {processor.py:161} INFO - Started process (PID=869) to work on /opt/airflow/dags/minios3buc.py
[2024-04-08T21:30:54.292+0000] {processor.py:830} INFO - Processing file /opt/airflow/dags/minios3buc.py for tasks to queue
[2024-04-08T21:30:54.295+0000] {logging_mixin.py:188} INFO - [2024-04-08T21:30:54.295+0000] {dagbag.py:540} INFO - Filling up the DagBag from /opt/airflow/dags/minios3buc.py
[2024-04-08T21:30:54.342+0000] {processor.py:840} INFO - DAG(s) 'miniouss3dag' retrieved from /opt/airflow/dags/minios3buc.py
[2024-04-08T21:30:54.394+0000] {logging_mixin.py:188} INFO - [2024-04-08T21:30:54.394+0000] {dag.py:3047} INFO - Sync 1 DAGs
[2024-04-08T21:30:54.448+0000] {logging_mixin.py:188} INFO - [2024-04-08T21:30:54.448+0000] {dag.py:3834} INFO - Setting next_dagrun for miniouss3dag to 2024-04-04 04:05:00+00:00, run_after=2024-04-05 04:05:00+00:00
[2024-04-08T21:30:54.494+0000] {processor.py:183} INFO - Processing /opt/airflow/dags/minios3buc.py took 0.208 seconds
[2024-04-08T21:31:25.006+0000] {processor.py:161} INFO - Started process (PID=889) to work on /opt/airflow/dags/minios3buc.py
[2024-04-08T21:31:25.008+0000] {processor.py:830} INFO - Processing file /opt/airflow/dags/minios3buc.py for tasks to queue
[2024-04-08T21:31:25.012+0000] {logging_mixin.py:188} INFO - [2024-04-08T21:31:25.011+0000] {dagbag.py:540} INFO - Filling up the DagBag from /opt/airflow/dags/minios3buc.py
[2024-04-08T21:31:25.070+0000] {processor.py:840} INFO - DAG(s) 'miniouss3dag' retrieved from /opt/airflow/dags/minios3buc.py
[2024-04-08T21:31:25.110+0000] {logging_mixin.py:188} INFO - [2024-04-08T21:31:25.110+0000] {dag.py:3047} INFO - Sync 1 DAGs
[2024-04-08T21:31:25.155+0000] {logging_mixin.py:188} INFO - [2024-04-08T21:31:25.154+0000] {dag.py:3834} INFO - Setting next_dagrun for miniouss3dag to 2024-04-04 04:05:00+00:00, run_after=2024-04-05 04:05:00+00:00
[2024-04-08T21:31:25.197+0000] {processor.py:183} INFO - Processing /opt/airflow/dags/minios3buc.py took 0.195 seconds
[2024-04-08T21:31:55.969+0000] {processor.py:161} INFO - Started process (PID=904) to work on /opt/airflow/dags/minios3buc.py
[2024-04-08T21:31:55.972+0000] {processor.py:830} INFO - Processing file /opt/airflow/dags/minios3buc.py for tasks to queue
[2024-04-08T21:31:55.976+0000] {logging_mixin.py:188} INFO - [2024-04-08T21:31:55.975+0000] {dagbag.py:540} INFO - Filling up the DagBag from /opt/airflow/dags/minios3buc.py
[2024-04-08T21:31:56.024+0000] {processor.py:840} INFO - DAG(s) 'miniouss3dag' retrieved from /opt/airflow/dags/minios3buc.py
[2024-04-08T21:31:56.064+0000] {logging_mixin.py:188} INFO - [2024-04-08T21:31:56.064+0000] {dag.py:3047} INFO - Sync 1 DAGs
[2024-04-08T21:31:56.118+0000] {logging_mixin.py:188} INFO - [2024-04-08T21:31:56.117+0000] {dag.py:3834} INFO - Setting next_dagrun for miniouss3dag to 2024-04-04 04:05:00+00:00, run_after=2024-04-05 04:05:00+00:00
[2024-04-08T21:31:56.164+0000] {processor.py:183} INFO - Processing /opt/airflow/dags/minios3buc.py took 0.204 seconds
[2024-04-08T21:32:26.779+0000] {processor.py:161} INFO - Started process (PID=918) to work on /opt/airflow/dags/minios3buc.py
[2024-04-08T21:32:26.781+0000] {processor.py:830} INFO - Processing file /opt/airflow/dags/minios3buc.py for tasks to queue
[2024-04-08T21:32:26.785+0000] {logging_mixin.py:188} INFO - [2024-04-08T21:32:26.784+0000] {dagbag.py:540} INFO - Filling up the DagBag from /opt/airflow/dags/minios3buc.py
[2024-04-08T21:32:26.842+0000] {processor.py:840} INFO - DAG(s) 'miniouss3dag' retrieved from /opt/airflow/dags/minios3buc.py
[2024-04-08T21:32:26.896+0000] {logging_mixin.py:188} INFO - [2024-04-08T21:32:26.896+0000] {dag.py:3047} INFO - Sync 1 DAGs
[2024-04-08T21:32:26.950+0000] {logging_mixin.py:188} INFO - [2024-04-08T21:32:26.949+0000] {dag.py:3834} INFO - Setting next_dagrun for miniouss3dag to 2024-04-04 04:05:00+00:00, run_after=2024-04-05 04:05:00+00:00
[2024-04-08T21:32:26.995+0000] {processor.py:183} INFO - Processing /opt/airflow/dags/minios3buc.py took 0.221 seconds
[2024-04-08T21:32:57.611+0000] {processor.py:161} INFO - Started process (PID=932) to work on /opt/airflow/dags/minios3buc.py
[2024-04-08T21:32:57.612+0000] {processor.py:830} INFO - Processing file /opt/airflow/dags/minios3buc.py for tasks to queue
[2024-04-08T21:32:57.617+0000] {logging_mixin.py:188} INFO - [2024-04-08T21:32:57.616+0000] {dagbag.py:540} INFO - Filling up the DagBag from /opt/airflow/dags/minios3buc.py
[2024-04-08T21:32:57.664+0000] {processor.py:840} INFO - DAG(s) 'miniouss3dag' retrieved from /opt/airflow/dags/minios3buc.py
[2024-04-08T21:32:57.709+0000] {logging_mixin.py:188} INFO - [2024-04-08T21:32:57.708+0000] {dag.py:3047} INFO - Sync 1 DAGs
[2024-04-08T21:32:57.750+0000] {logging_mixin.py:188} INFO - [2024-04-08T21:32:57.749+0000] {dag.py:3834} INFO - Setting next_dagrun for miniouss3dag to 2024-04-04 04:05:00+00:00, run_after=2024-04-05 04:05:00+00:00
[2024-04-08T21:32:57.789+0000] {processor.py:183} INFO - Processing /opt/airflow/dags/minios3buc.py took 0.182 seconds
[2024-04-08T21:33:28.190+0000] {processor.py:161} INFO - Started process (PID=946) to work on /opt/airflow/dags/minios3buc.py
[2024-04-08T21:33:28.193+0000] {processor.py:830} INFO - Processing file /opt/airflow/dags/minios3buc.py for tasks to queue
[2024-04-08T21:33:28.198+0000] {logging_mixin.py:188} INFO - [2024-04-08T21:33:28.197+0000] {dagbag.py:540} INFO - Filling up the DagBag from /opt/airflow/dags/minios3buc.py
[2024-04-08T21:33:28.258+0000] {processor.py:840} INFO - DAG(s) 'miniouss3dag' retrieved from /opt/airflow/dags/minios3buc.py
[2024-04-08T21:33:28.305+0000] {logging_mixin.py:188} INFO - [2024-04-08T21:33:28.304+0000] {dag.py:3047} INFO - Sync 1 DAGs
[2024-04-08T21:33:28.353+0000] {logging_mixin.py:188} INFO - [2024-04-08T21:33:28.352+0000] {dag.py:3834} INFO - Setting next_dagrun for miniouss3dag to 2024-04-04 04:05:00+00:00, run_after=2024-04-05 04:05:00+00:00
[2024-04-08T21:33:28.409+0000] {processor.py:183} INFO - Processing /opt/airflow/dags/minios3buc.py took 0.230 seconds
[2024-04-08T21:33:59.075+0000] {processor.py:161} INFO - Started process (PID=960) to work on /opt/airflow/dags/minios3buc.py
[2024-04-08T21:33:59.078+0000] {processor.py:830} INFO - Processing file /opt/airflow/dags/minios3buc.py for tasks to queue
[2024-04-08T21:33:59.082+0000] {logging_mixin.py:188} INFO - [2024-04-08T21:33:59.081+0000] {dagbag.py:540} INFO - Filling up the DagBag from /opt/airflow/dags/minios3buc.py
[2024-04-08T21:33:59.160+0000] {processor.py:840} INFO - DAG(s) 'miniouss3dag' retrieved from /opt/airflow/dags/minios3buc.py
[2024-04-08T21:33:59.202+0000] {logging_mixin.py:188} INFO - [2024-04-08T21:33:59.202+0000] {dag.py:3047} INFO - Sync 1 DAGs
[2024-04-08T21:33:59.254+0000] {logging_mixin.py:188} INFO - [2024-04-08T21:33:59.254+0000] {dag.py:3834} INFO - Setting next_dagrun for miniouss3dag to 2024-04-04 04:05:00+00:00, run_after=2024-04-05 04:05:00+00:00
[2024-04-08T21:33:59.295+0000] {processor.py:183} INFO - Processing /opt/airflow/dags/minios3buc.py took 0.233 seconds
[2024-04-08T21:34:29.986+0000] {processor.py:161} INFO - Started process (PID=974) to work on /opt/airflow/dags/minios3buc.py
[2024-04-08T21:34:29.987+0000] {processor.py:830} INFO - Processing file /opt/airflow/dags/minios3buc.py for tasks to queue
[2024-04-08T21:34:29.990+0000] {logging_mixin.py:188} INFO - [2024-04-08T21:34:29.990+0000] {dagbag.py:540} INFO - Filling up the DagBag from /opt/airflow/dags/minios3buc.py
[2024-04-08T21:34:30.035+0000] {processor.py:840} INFO - DAG(s) 'miniouss3dag' retrieved from /opt/airflow/dags/minios3buc.py
[2024-04-08T21:34:30.084+0000] {logging_mixin.py:188} INFO - [2024-04-08T21:34:30.084+0000] {dag.py:3047} INFO - Sync 1 DAGs
[2024-04-08T21:34:30.129+0000] {logging_mixin.py:188} INFO - [2024-04-08T21:34:30.129+0000] {dag.py:3834} INFO - Setting next_dagrun for miniouss3dag to 2024-04-04 04:05:00+00:00, run_after=2024-04-05 04:05:00+00:00
[2024-04-08T21:34:30.166+0000] {processor.py:183} INFO - Processing /opt/airflow/dags/minios3buc.py took 0.185 seconds
[2024-04-08T21:35:00.722+0000] {processor.py:161} INFO - Started process (PID=988) to work on /opt/airflow/dags/minios3buc.py
[2024-04-08T21:35:00.725+0000] {processor.py:830} INFO - Processing file /opt/airflow/dags/minios3buc.py for tasks to queue
[2024-04-08T21:35:00.729+0000] {logging_mixin.py:188} INFO - [2024-04-08T21:35:00.728+0000] {dagbag.py:540} INFO - Filling up the DagBag from /opt/airflow/dags/minios3buc.py
[2024-04-08T21:35:00.793+0000] {processor.py:840} INFO - DAG(s) 'miniouss3dag' retrieved from /opt/airflow/dags/minios3buc.py
[2024-04-08T21:35:00.835+0000] {logging_mixin.py:188} INFO - [2024-04-08T21:35:00.834+0000] {dag.py:3047} INFO - Sync 1 DAGs
[2024-04-08T21:35:00.885+0000] {logging_mixin.py:188} INFO - [2024-04-08T21:35:00.884+0000] {dag.py:3834} INFO - Setting next_dagrun for miniouss3dag to 2024-04-04 04:05:00+00:00, run_after=2024-04-05 04:05:00+00:00
[2024-04-08T21:35:00.931+0000] {processor.py:183} INFO - Processing /opt/airflow/dags/minios3buc.py took 0.214 seconds
[2024-04-08T21:35:31.251+0000] {processor.py:161} INFO - Started process (PID=1002) to work on /opt/airflow/dags/minios3buc.py
[2024-04-08T21:35:31.253+0000] {processor.py:830} INFO - Processing file /opt/airflow/dags/minios3buc.py for tasks to queue
[2024-04-08T21:35:31.256+0000] {logging_mixin.py:188} INFO - [2024-04-08T21:35:31.255+0000] {dagbag.py:540} INFO - Filling up the DagBag from /opt/airflow/dags/minios3buc.py
[2024-04-08T21:35:31.301+0000] {processor.py:840} INFO - DAG(s) 'miniouss3dag' retrieved from /opt/airflow/dags/minios3buc.py
[2024-04-08T21:35:31.337+0000] {logging_mixin.py:188} INFO - [2024-04-08T21:35:31.336+0000] {dag.py:3047} INFO - Sync 1 DAGs
[2024-04-08T21:35:31.379+0000] {logging_mixin.py:188} INFO - [2024-04-08T21:35:31.379+0000] {dag.py:3834} INFO - Setting next_dagrun for miniouss3dag to 2024-04-04 04:05:00+00:00, run_after=2024-04-05 04:05:00+00:00
[2024-04-08T21:35:31.420+0000] {processor.py:183} INFO - Processing /opt/airflow/dags/minios3buc.py took 0.175 seconds
[2024-04-08T21:36:01.959+0000] {processor.py:161} INFO - Started process (PID=1016) to work on /opt/airflow/dags/minios3buc.py
[2024-04-08T21:36:01.963+0000] {processor.py:830} INFO - Processing file /opt/airflow/dags/minios3buc.py for tasks to queue
[2024-04-08T21:36:01.969+0000] {logging_mixin.py:188} INFO - [2024-04-08T21:36:01.968+0000] {dagbag.py:540} INFO - Filling up the DagBag from /opt/airflow/dags/minios3buc.py
[2024-04-08T21:36:02.020+0000] {processor.py:840} INFO - DAG(s) 'miniouss3dag' retrieved from /opt/airflow/dags/minios3buc.py
[2024-04-08T21:36:02.070+0000] {logging_mixin.py:188} INFO - [2024-04-08T21:36:02.069+0000] {dag.py:3047} INFO - Sync 1 DAGs
[2024-04-08T21:36:02.125+0000] {logging_mixin.py:188} INFO - [2024-04-08T21:36:02.124+0000] {dag.py:3834} INFO - Setting next_dagrun for miniouss3dag to 2024-04-04 04:05:00+00:00, run_after=2024-04-05 04:05:00+00:00
[2024-04-08T21:36:02.173+0000] {processor.py:183} INFO - Processing /opt/airflow/dags/minios3buc.py took 0.221 seconds
[2024-04-08T21:36:32.536+0000] {processor.py:161} INFO - Started process (PID=1031) to work on /opt/airflow/dags/minios3buc.py
[2024-04-08T21:36:32.538+0000] {processor.py:830} INFO - Processing file /opt/airflow/dags/minios3buc.py for tasks to queue
[2024-04-08T21:36:32.544+0000] {logging_mixin.py:188} INFO - [2024-04-08T21:36:32.541+0000] {dagbag.py:540} INFO - Filling up the DagBag from /opt/airflow/dags/minios3buc.py
[2024-04-08T21:36:32.593+0000] {processor.py:840} INFO - DAG(s) 'miniouss3dag' retrieved from /opt/airflow/dags/minios3buc.py
[2024-04-08T21:36:32.636+0000] {logging_mixin.py:188} INFO - [2024-04-08T21:36:32.636+0000] {dag.py:3047} INFO - Sync 1 DAGs
[2024-04-08T21:36:32.682+0000] {logging_mixin.py:188} INFO - [2024-04-08T21:36:32.681+0000] {dag.py:3834} INFO - Setting next_dagrun for miniouss3dag to 2024-04-04 04:05:00+00:00, run_after=2024-04-05 04:05:00+00:00
[2024-04-08T21:36:32.719+0000] {processor.py:183} INFO - Processing /opt/airflow/dags/minios3buc.py took 0.190 seconds
[2024-04-08T21:37:03.352+0000] {processor.py:161} INFO - Started process (PID=1045) to work on /opt/airflow/dags/minios3buc.py
[2024-04-08T21:37:03.354+0000] {processor.py:830} INFO - Processing file /opt/airflow/dags/minios3buc.py for tasks to queue
[2024-04-08T21:37:03.359+0000] {logging_mixin.py:188} INFO - [2024-04-08T21:37:03.358+0000] {dagbag.py:540} INFO - Filling up the DagBag from /opt/airflow/dags/minios3buc.py
[2024-04-08T21:37:03.410+0000] {processor.py:840} INFO - DAG(s) 'miniouss3dag' retrieved from /opt/airflow/dags/minios3buc.py
[2024-04-08T21:37:03.451+0000] {logging_mixin.py:188} INFO - [2024-04-08T21:37:03.450+0000] {dag.py:3047} INFO - Sync 1 DAGs
[2024-04-08T21:37:03.514+0000] {logging_mixin.py:188} INFO - [2024-04-08T21:37:03.513+0000] {dag.py:3834} INFO - Setting next_dagrun for miniouss3dag to 2024-04-04 04:05:00+00:00, run_after=2024-04-05 04:05:00+00:00
[2024-04-08T21:37:03.557+0000] {processor.py:183} INFO - Processing /opt/airflow/dags/minios3buc.py took 0.209 seconds
[2024-04-08T21:37:34.441+0000] {processor.py:161} INFO - Started process (PID=1059) to work on /opt/airflow/dags/minios3buc.py
[2024-04-08T21:37:34.442+0000] {processor.py:830} INFO - Processing file /opt/airflow/dags/minios3buc.py for tasks to queue
[2024-04-08T21:37:34.446+0000] {logging_mixin.py:188} INFO - [2024-04-08T21:37:34.446+0000] {dagbag.py:540} INFO - Filling up the DagBag from /opt/airflow/dags/minios3buc.py
[2024-04-08T21:37:34.494+0000] {processor.py:840} INFO - DAG(s) 'miniouss3dag' retrieved from /opt/airflow/dags/minios3buc.py
[2024-04-08T21:37:34.532+0000] {logging_mixin.py:188} INFO - [2024-04-08T21:37:34.531+0000] {dag.py:3047} INFO - Sync 1 DAGs
[2024-04-08T21:37:34.574+0000] {logging_mixin.py:188} INFO - [2024-04-08T21:37:34.574+0000] {dag.py:3834} INFO - Setting next_dagrun for miniouss3dag to 2024-04-04 04:05:00+00:00, run_after=2024-04-05 04:05:00+00:00
[2024-04-08T21:37:34.611+0000] {processor.py:183} INFO - Processing /opt/airflow/dags/minios3buc.py took 0.175 seconds
[2024-04-08T21:38:05.215+0000] {processor.py:161} INFO - Started process (PID=1074) to work on /opt/airflow/dags/minios3buc.py
[2024-04-08T21:38:05.217+0000] {processor.py:830} INFO - Processing file /opt/airflow/dags/minios3buc.py for tasks to queue
[2024-04-08T21:38:05.220+0000] {logging_mixin.py:188} INFO - [2024-04-08T21:38:05.220+0000] {dagbag.py:540} INFO - Filling up the DagBag from /opt/airflow/dags/minios3buc.py
[2024-04-08T21:38:05.268+0000] {processor.py:840} INFO - DAG(s) 'miniouss3dag' retrieved from /opt/airflow/dags/minios3buc.py
[2024-04-08T21:38:05.311+0000] {logging_mixin.py:188} INFO - [2024-04-08T21:38:05.310+0000] {dag.py:3047} INFO - Sync 1 DAGs
[2024-04-08T21:38:05.354+0000] {logging_mixin.py:188} INFO - [2024-04-08T21:38:05.353+0000] {dag.py:3834} INFO - Setting next_dagrun for miniouss3dag to 2024-04-04 04:05:00+00:00, run_after=2024-04-05 04:05:00+00:00
[2024-04-08T21:38:05.392+0000] {processor.py:183} INFO - Processing /opt/airflow/dags/minios3buc.py took 0.183 seconds
[2024-04-08T21:38:35.959+0000] {processor.py:161} INFO - Started process (PID=1088) to work on /opt/airflow/dags/minios3buc.py
[2024-04-08T21:38:35.961+0000] {processor.py:830} INFO - Processing file /opt/airflow/dags/minios3buc.py for tasks to queue
[2024-04-08T21:38:35.965+0000] {logging_mixin.py:188} INFO - [2024-04-08T21:38:35.965+0000] {dagbag.py:540} INFO - Filling up the DagBag from /opt/airflow/dags/minios3buc.py
[2024-04-08T21:38:36.010+0000] {processor.py:840} INFO - DAG(s) 'miniouss3dag' retrieved from /opt/airflow/dags/minios3buc.py
[2024-04-08T21:38:36.051+0000] {logging_mixin.py:188} INFO - [2024-04-08T21:38:36.050+0000] {dag.py:3047} INFO - Sync 1 DAGs
[2024-04-08T21:38:36.093+0000] {logging_mixin.py:188} INFO - [2024-04-08T21:38:36.093+0000] {dag.py:3834} INFO - Setting next_dagrun for miniouss3dag to 2024-04-04 04:05:00+00:00, run_after=2024-04-05 04:05:00+00:00
[2024-04-08T21:38:36.133+0000] {processor.py:183} INFO - Processing /opt/airflow/dags/minios3buc.py took 0.180 seconds
[2024-04-08T21:39:06.502+0000] {processor.py:161} INFO - Started process (PID=1103) to work on /opt/airflow/dags/minios3buc.py
[2024-04-08T21:39:06.504+0000] {processor.py:830} INFO - Processing file /opt/airflow/dags/minios3buc.py for tasks to queue
[2024-04-08T21:39:06.508+0000] {logging_mixin.py:188} INFO - [2024-04-08T21:39:06.507+0000] {dagbag.py:540} INFO - Filling up the DagBag from /opt/airflow/dags/minios3buc.py
[2024-04-08T21:39:06.557+0000] {processor.py:840} INFO - DAG(s) 'miniouss3dag' retrieved from /opt/airflow/dags/minios3buc.py
[2024-04-08T21:39:06.603+0000] {logging_mixin.py:188} INFO - [2024-04-08T21:39:06.603+0000] {dag.py:3047} INFO - Sync 1 DAGs
[2024-04-08T21:39:06.652+0000] {logging_mixin.py:188} INFO - [2024-04-08T21:39:06.651+0000] {dag.py:3834} INFO - Setting next_dagrun for miniouss3dag to 2024-04-04 04:05:00+00:00, run_after=2024-04-05 04:05:00+00:00
[2024-04-08T21:39:06.687+0000] {processor.py:183} INFO - Processing /opt/airflow/dags/minios3buc.py took 0.192 seconds
[2024-04-08T21:39:37.233+0000] {processor.py:161} INFO - Started process (PID=1117) to work on /opt/airflow/dags/minios3buc.py
[2024-04-08T21:39:37.236+0000] {processor.py:830} INFO - Processing file /opt/airflow/dags/minios3buc.py for tasks to queue
[2024-04-08T21:39:37.239+0000] {logging_mixin.py:188} INFO - [2024-04-08T21:39:37.239+0000] {dagbag.py:540} INFO - Filling up the DagBag from /opt/airflow/dags/minios3buc.py
[2024-04-08T21:39:37.282+0000] {processor.py:840} INFO - DAG(s) 'miniouss3dag' retrieved from /opt/airflow/dags/minios3buc.py
[2024-04-08T21:39:37.324+0000] {logging_mixin.py:188} INFO - [2024-04-08T21:39:37.323+0000] {dag.py:3047} INFO - Sync 1 DAGs
[2024-04-08T21:39:37.365+0000] {logging_mixin.py:188} INFO - [2024-04-08T21:39:37.365+0000] {dag.py:3834} INFO - Setting next_dagrun for miniouss3dag to 2024-04-04 04:05:00+00:00, run_after=2024-04-05 04:05:00+00:00
[2024-04-08T21:39:37.404+0000] {processor.py:183} INFO - Processing /opt/airflow/dags/minios3buc.py took 0.178 seconds
[2024-04-08T21:40:07.782+0000] {processor.py:161} INFO - Started process (PID=1131) to work on /opt/airflow/dags/minios3buc.py
[2024-04-08T21:40:07.783+0000] {processor.py:830} INFO - Processing file /opt/airflow/dags/minios3buc.py for tasks to queue
[2024-04-08T21:40:07.786+0000] {logging_mixin.py:188} INFO - [2024-04-08T21:40:07.786+0000] {dagbag.py:540} INFO - Filling up the DagBag from /opt/airflow/dags/minios3buc.py
[2024-04-08T21:40:07.830+0000] {processor.py:840} INFO - DAG(s) 'miniouss3dag' retrieved from /opt/airflow/dags/minios3buc.py
[2024-04-08T21:40:07.874+0000] {logging_mixin.py:188} INFO - [2024-04-08T21:40:07.874+0000] {dag.py:3047} INFO - Sync 1 DAGs
[2024-04-08T21:40:07.931+0000] {logging_mixin.py:188} INFO - [2024-04-08T21:40:07.930+0000] {dag.py:3834} INFO - Setting next_dagrun for miniouss3dag to 2024-04-04 04:05:00+00:00, run_after=2024-04-05 04:05:00+00:00
[2024-04-08T21:40:07.974+0000] {processor.py:183} INFO - Processing /opt/airflow/dags/minios3buc.py took 0.197 seconds
[2024-04-08T21:40:38.338+0000] {processor.py:161} INFO - Started process (PID=1146) to work on /opt/airflow/dags/minios3buc.py
[2024-04-08T21:40:38.340+0000] {processor.py:830} INFO - Processing file /opt/airflow/dags/minios3buc.py for tasks to queue
[2024-04-08T21:40:38.345+0000] {logging_mixin.py:188} INFO - [2024-04-08T21:40:38.344+0000] {dagbag.py:540} INFO - Filling up the DagBag from /opt/airflow/dags/minios3buc.py
[2024-04-08T21:40:38.397+0000] {processor.py:840} INFO - DAG(s) 'miniouss3dag' retrieved from /opt/airflow/dags/minios3buc.py
[2024-04-08T21:40:38.440+0000] {logging_mixin.py:188} INFO - [2024-04-08T21:40:38.439+0000] {dag.py:3047} INFO - Sync 1 DAGs
[2024-04-08T21:40:38.488+0000] {logging_mixin.py:188} INFO - [2024-04-08T21:40:38.487+0000] {dag.py:3834} INFO - Setting next_dagrun for miniouss3dag to 2024-04-04 04:05:00+00:00, run_after=2024-04-05 04:05:00+00:00
[2024-04-08T21:40:38.537+0000] {processor.py:183} INFO - Processing /opt/airflow/dags/minios3buc.py took 0.207 seconds
[2024-04-08T21:41:08.904+0000] {processor.py:161} INFO - Started process (PID=1161) to work on /opt/airflow/dags/minios3buc.py
[2024-04-08T21:41:08.905+0000] {processor.py:830} INFO - Processing file /opt/airflow/dags/minios3buc.py for tasks to queue
[2024-04-08T21:41:08.909+0000] {logging_mixin.py:188} INFO - [2024-04-08T21:41:08.908+0000] {dagbag.py:540} INFO - Filling up the DagBag from /opt/airflow/dags/minios3buc.py
[2024-04-08T21:41:08.960+0000] {processor.py:840} INFO - DAG(s) 'miniouss3dag' retrieved from /opt/airflow/dags/minios3buc.py
[2024-04-08T21:41:09.000+0000] {logging_mixin.py:188} INFO - [2024-04-08T21:41:09.000+0000] {dag.py:3047} INFO - Sync 1 DAGs
[2024-04-08T21:41:09.043+0000] {logging_mixin.py:188} INFO - [2024-04-08T21:41:09.043+0000] {dag.py:3834} INFO - Setting next_dagrun for miniouss3dag to 2024-04-04 04:05:00+00:00, run_after=2024-04-05 04:05:00+00:00
[2024-04-08T21:41:09.083+0000] {processor.py:183} INFO - Processing /opt/airflow/dags/minios3buc.py took 0.184 seconds
[2024-04-08T21:41:39.716+0000] {processor.py:161} INFO - Started process (PID=1175) to work on /opt/airflow/dags/minios3buc.py
[2024-04-08T21:41:39.718+0000] {processor.py:830} INFO - Processing file /opt/airflow/dags/minios3buc.py for tasks to queue
[2024-04-08T21:41:39.722+0000] {logging_mixin.py:188} INFO - [2024-04-08T21:41:39.721+0000] {dagbag.py:540} INFO - Filling up the DagBag from /opt/airflow/dags/minios3buc.py
[2024-04-08T21:41:39.771+0000] {processor.py:840} INFO - DAG(s) 'miniouss3dag' retrieved from /opt/airflow/dags/minios3buc.py
[2024-04-08T21:41:39.811+0000] {logging_mixin.py:188} INFO - [2024-04-08T21:41:39.811+0000] {dag.py:3047} INFO - Sync 1 DAGs
[2024-04-08T21:41:39.860+0000] {logging_mixin.py:188} INFO - [2024-04-08T21:41:39.860+0000] {dag.py:3834} INFO - Setting next_dagrun for miniouss3dag to 2024-04-04 04:05:00+00:00, run_after=2024-04-05 04:05:00+00:00
[2024-04-08T21:41:39.902+0000] {processor.py:183} INFO - Processing /opt/airflow/dags/minios3buc.py took 0.192 seconds
[2024-04-08T21:42:10.523+0000] {processor.py:161} INFO - Started process (PID=1189) to work on /opt/airflow/dags/minios3buc.py
[2024-04-08T21:42:10.525+0000] {processor.py:830} INFO - Processing file /opt/airflow/dags/minios3buc.py for tasks to queue
[2024-04-08T21:42:10.529+0000] {logging_mixin.py:188} INFO - [2024-04-08T21:42:10.528+0000] {dagbag.py:540} INFO - Filling up the DagBag from /opt/airflow/dags/minios3buc.py
[2024-04-08T21:42:10.575+0000] {processor.py:840} INFO - DAG(s) 'miniouss3dag' retrieved from /opt/airflow/dags/minios3buc.py
[2024-04-08T21:42:10.666+0000] {logging_mixin.py:188} INFO - [2024-04-08T21:42:10.666+0000] {dag.py:3047} INFO - Sync 1 DAGs
[2024-04-08T21:42:10.725+0000] {logging_mixin.py:188} INFO - [2024-04-08T21:42:10.724+0000] {dag.py:3834} INFO - Setting next_dagrun for miniouss3dag to 2024-04-04 04:05:00+00:00, run_after=2024-04-05 04:05:00+00:00
[2024-04-08T21:42:10.773+0000] {processor.py:183} INFO - Processing /opt/airflow/dags/minios3buc.py took 0.256 seconds
