[2024-04-08T21:02:11.073+0000] {processor.py:161} INFO - Started process (PID=42) to work on /opt/airflow/dags/s3postgress.py
[2024-04-08T21:02:11.095+0000] {processor.py:830} INFO - Processing file /opt/airflow/dags/s3postgress.py for tasks to queue
[2024-04-08T21:02:11.136+0000] {logging_mixin.py:188} INFO - [2024-04-08T21:02:11.130+0000] {dagbag.py:540} INFO - Filling up the DagBag from /opt/airflow/dags/s3postgress.py
[2024-04-08T21:02:11.319+0000] {processor.py:840} INFO - DAG(s) 's3postgress' retrieved from /opt/airflow/dags/s3postgress.py
[2024-04-08T21:02:11.444+0000] {logging_mixin.py:188} INFO - [2024-04-08T21:02:11.443+0000] {dag.py:3047} INFO - Sync 1 DAGs
[2024-04-08T21:02:11.511+0000] {logging_mixin.py:188} INFO - [2024-04-08T21:02:11.511+0000] {dag.py:3834} INFO - Setting next_dagrun for s3postgress to 2024-04-04 00:00:00+00:00, run_after=2024-04-05 00:00:00+00:00
[2024-04-08T21:02:11.554+0000] {processor.py:183} INFO - Processing /opt/airflow/dags/s3postgress.py took 0.501 seconds
[2024-04-08T21:02:42.270+0000] {processor.py:161} INFO - Started process (PID=56) to work on /opt/airflow/dags/s3postgress.py
[2024-04-08T21:02:42.276+0000] {processor.py:830} INFO - Processing file /opt/airflow/dags/s3postgress.py for tasks to queue
[2024-04-08T21:02:42.292+0000] {logging_mixin.py:188} INFO - [2024-04-08T21:02:42.290+0000] {dagbag.py:540} INFO - Filling up the DagBag from /opt/airflow/dags/s3postgress.py
[2024-04-08T21:02:42.416+0000] {processor.py:840} INFO - DAG(s) 's3postgress' retrieved from /opt/airflow/dags/s3postgress.py
[2024-04-08T21:02:42.511+0000] {logging_mixin.py:188} INFO - [2024-04-08T21:02:42.511+0000] {dag.py:3047} INFO - Sync 1 DAGs
[2024-04-08T21:02:42.583+0000] {logging_mixin.py:188} INFO - [2024-04-08T21:02:42.582+0000] {dag.py:3834} INFO - Setting next_dagrun for s3postgress to 2024-04-04 00:00:00+00:00, run_after=2024-04-05 00:00:00+00:00
[2024-04-08T21:02:42.629+0000] {processor.py:183} INFO - Processing /opt/airflow/dags/s3postgress.py took 0.396 seconds
[2024-04-08T21:03:13.244+0000] {processor.py:161} INFO - Started process (PID=70) to work on /opt/airflow/dags/s3postgress.py
[2024-04-08T21:03:13.246+0000] {processor.py:830} INFO - Processing file /opt/airflow/dags/s3postgress.py for tasks to queue
[2024-04-08T21:03:13.253+0000] {logging_mixin.py:188} INFO - [2024-04-08T21:03:13.252+0000] {dagbag.py:540} INFO - Filling up the DagBag from /opt/airflow/dags/s3postgress.py
[2024-04-08T21:03:13.327+0000] {processor.py:840} INFO - DAG(s) 's3postgress' retrieved from /opt/airflow/dags/s3postgress.py
[2024-04-08T21:03:13.387+0000] {logging_mixin.py:188} INFO - [2024-04-08T21:03:13.386+0000] {dag.py:3047} INFO - Sync 1 DAGs
[2024-04-08T21:03:13.465+0000] {logging_mixin.py:188} INFO - [2024-04-08T21:03:13.464+0000] {dag.py:3834} INFO - Setting next_dagrun for s3postgress to 2024-04-04 00:00:00+00:00, run_after=2024-04-05 00:00:00+00:00
[2024-04-08T21:03:13.532+0000] {processor.py:183} INFO - Processing /opt/airflow/dags/s3postgress.py took 0.296 seconds
[2024-04-08T21:03:43.758+0000] {processor.py:161} INFO - Started process (PID=84) to work on /opt/airflow/dags/s3postgress.py
[2024-04-08T21:03:43.761+0000] {processor.py:830} INFO - Processing file /opt/airflow/dags/s3postgress.py for tasks to queue
[2024-04-08T21:03:43.766+0000] {logging_mixin.py:188} INFO - [2024-04-08T21:03:43.765+0000] {dagbag.py:540} INFO - Filling up the DagBag from /opt/airflow/dags/s3postgress.py
[2024-04-08T21:03:43.827+0000] {processor.py:840} INFO - DAG(s) 's3postgress' retrieved from /opt/airflow/dags/s3postgress.py
[2024-04-08T21:03:44.401+0000] {logging_mixin.py:188} INFO - [2024-04-08T21:03:44.401+0000] {dag.py:3047} INFO - Sync 1 DAGs
[2024-04-08T21:03:44.458+0000] {logging_mixin.py:188} INFO - [2024-04-08T21:03:44.458+0000] {dag.py:3834} INFO - Setting next_dagrun for s3postgress to 2024-04-04 00:00:00+00:00, run_after=2024-04-05 00:00:00+00:00
[2024-04-08T21:03:44.502+0000] {processor.py:183} INFO - Processing /opt/airflow/dags/s3postgress.py took 0.751 seconds
[2024-04-08T21:04:14.962+0000] {processor.py:161} INFO - Started process (PID=137) to work on /opt/airflow/dags/s3postgress.py
[2024-04-08T21:04:14.965+0000] {processor.py:830} INFO - Processing file /opt/airflow/dags/s3postgress.py for tasks to queue
[2024-04-08T21:04:14.968+0000] {logging_mixin.py:188} INFO - [2024-04-08T21:04:14.968+0000] {dagbag.py:540} INFO - Filling up the DagBag from /opt/airflow/dags/s3postgress.py
[2024-04-08T21:04:15.024+0000] {processor.py:840} INFO - DAG(s) 's3postgress' retrieved from /opt/airflow/dags/s3postgress.py
[2024-04-08T21:04:15.061+0000] {logging_mixin.py:188} INFO - [2024-04-08T21:04:15.060+0000] {dag.py:3047} INFO - Sync 1 DAGs
[2024-04-08T21:04:15.101+0000] {logging_mixin.py:188} INFO - [2024-04-08T21:04:15.101+0000] {dag.py:3834} INFO - Setting next_dagrun for s3postgress to 2024-04-04 00:00:00+00:00, run_after=2024-04-05 00:00:00+00:00
[2024-04-08T21:04:15.140+0000] {processor.py:183} INFO - Processing /opt/airflow/dags/s3postgress.py took 0.183 seconds
[2024-04-08T21:04:45.951+0000] {processor.py:161} INFO - Started process (PID=151) to work on /opt/airflow/dags/s3postgress.py
[2024-04-08T21:04:45.955+0000] {processor.py:830} INFO - Processing file /opt/airflow/dags/s3postgress.py for tasks to queue
[2024-04-08T21:04:45.967+0000] {logging_mixin.py:188} INFO - [2024-04-08T21:04:45.966+0000] {dagbag.py:540} INFO - Filling up the DagBag from /opt/airflow/dags/s3postgress.py
[2024-04-08T21:04:46.023+0000] {processor.py:840} INFO - DAG(s) 's3postgress' retrieved from /opt/airflow/dags/s3postgress.py
[2024-04-08T21:04:46.065+0000] {logging_mixin.py:188} INFO - [2024-04-08T21:04:46.065+0000] {dag.py:3047} INFO - Sync 1 DAGs
[2024-04-08T21:04:46.117+0000] {logging_mixin.py:188} INFO - [2024-04-08T21:04:46.116+0000] {dag.py:3834} INFO - Setting next_dagrun for s3postgress to 2024-04-04 00:00:00+00:00, run_after=2024-04-05 00:00:00+00:00
[2024-04-08T21:04:46.158+0000] {processor.py:183} INFO - Processing /opt/airflow/dags/s3postgress.py took 0.219 seconds
[2024-04-08T21:05:17.038+0000] {processor.py:161} INFO - Started process (PID=165) to work on /opt/airflow/dags/s3postgress.py
[2024-04-08T21:05:17.043+0000] {processor.py:830} INFO - Processing file /opt/airflow/dags/s3postgress.py for tasks to queue
[2024-04-08T21:05:17.049+0000] {logging_mixin.py:188} INFO - [2024-04-08T21:05:17.048+0000] {dagbag.py:540} INFO - Filling up the DagBag from /opt/airflow/dags/s3postgress.py
[2024-04-08T21:05:17.133+0000] {processor.py:840} INFO - DAG(s) 's3postgress' retrieved from /opt/airflow/dags/s3postgress.py
[2024-04-08T21:05:17.196+0000] {logging_mixin.py:188} INFO - [2024-04-08T21:05:17.196+0000] {dag.py:3047} INFO - Sync 1 DAGs
[2024-04-08T21:05:17.264+0000] {logging_mixin.py:188} INFO - [2024-04-08T21:05:17.264+0000] {dag.py:3834} INFO - Setting next_dagrun for s3postgress to 2024-04-04 00:00:00+00:00, run_after=2024-04-05 00:00:00+00:00
[2024-04-08T21:05:17.311+0000] {processor.py:183} INFO - Processing /opt/airflow/dags/s3postgress.py took 0.302 seconds
[2024-04-08T21:05:47.969+0000] {processor.py:161} INFO - Started process (PID=179) to work on /opt/airflow/dags/s3postgress.py
[2024-04-08T21:05:47.971+0000] {processor.py:830} INFO - Processing file /opt/airflow/dags/s3postgress.py for tasks to queue
[2024-04-08T21:05:47.977+0000] {logging_mixin.py:188} INFO - [2024-04-08T21:05:47.975+0000] {dagbag.py:540} INFO - Filling up the DagBag from /opt/airflow/dags/s3postgress.py
[2024-04-08T21:05:48.041+0000] {processor.py:840} INFO - DAG(s) 's3postgress' retrieved from /opt/airflow/dags/s3postgress.py
[2024-04-08T21:05:48.104+0000] {logging_mixin.py:188} INFO - [2024-04-08T21:05:48.103+0000] {dag.py:3047} INFO - Sync 1 DAGs
[2024-04-08T21:05:48.169+0000] {logging_mixin.py:188} INFO - [2024-04-08T21:05:48.169+0000] {dag.py:3834} INFO - Setting next_dagrun for s3postgress to 2024-04-04 00:00:00+00:00, run_after=2024-04-05 00:00:00+00:00
[2024-04-08T21:05:48.213+0000] {processor.py:183} INFO - Processing /opt/airflow/dags/s3postgress.py took 0.252 seconds
[2024-04-08T21:06:18.875+0000] {processor.py:161} INFO - Started process (PID=193) to work on /opt/airflow/dags/s3postgress.py
[2024-04-08T21:06:18.879+0000] {processor.py:830} INFO - Processing file /opt/airflow/dags/s3postgress.py for tasks to queue
[2024-04-08T21:06:18.886+0000] {logging_mixin.py:188} INFO - [2024-04-08T21:06:18.885+0000] {dagbag.py:540} INFO - Filling up the DagBag from /opt/airflow/dags/s3postgress.py
[2024-04-08T21:06:18.942+0000] {processor.py:840} INFO - DAG(s) 's3postgress' retrieved from /opt/airflow/dags/s3postgress.py
[2024-04-08T21:06:18.989+0000] {logging_mixin.py:188} INFO - [2024-04-08T21:06:18.988+0000] {dag.py:3047} INFO - Sync 1 DAGs
[2024-04-08T21:06:19.040+0000] {logging_mixin.py:188} INFO - [2024-04-08T21:06:19.039+0000] {dag.py:3834} INFO - Setting next_dagrun for s3postgress to 2024-04-04 00:00:00+00:00, run_after=2024-04-05 00:00:00+00:00
[2024-04-08T21:06:19.084+0000] {processor.py:183} INFO - Processing /opt/airflow/dags/s3postgress.py took 0.218 seconds
[2024-04-08T21:06:49.835+0000] {processor.py:161} INFO - Started process (PID=208) to work on /opt/airflow/dags/s3postgress.py
[2024-04-08T21:06:49.837+0000] {processor.py:830} INFO - Processing file /opt/airflow/dags/s3postgress.py for tasks to queue
[2024-04-08T21:06:49.844+0000] {logging_mixin.py:188} INFO - [2024-04-08T21:06:49.842+0000] {dagbag.py:540} INFO - Filling up the DagBag from /opt/airflow/dags/s3postgress.py
[2024-04-08T21:06:49.906+0000] {processor.py:840} INFO - DAG(s) 's3postgress' retrieved from /opt/airflow/dags/s3postgress.py
[2024-04-08T21:06:49.957+0000] {logging_mixin.py:188} INFO - [2024-04-08T21:06:49.957+0000] {dag.py:3047} INFO - Sync 1 DAGs
[2024-04-08T21:06:50.010+0000] {logging_mixin.py:188} INFO - [2024-04-08T21:06:50.009+0000] {dag.py:3834} INFO - Setting next_dagrun for s3postgress to 2024-04-04 00:00:00+00:00, run_after=2024-04-05 00:00:00+00:00
[2024-04-08T21:06:50.056+0000] {processor.py:183} INFO - Processing /opt/airflow/dags/s3postgress.py took 0.229 seconds
[2024-04-08T21:07:20.735+0000] {processor.py:161} INFO - Started process (PID=222) to work on /opt/airflow/dags/s3postgress.py
[2024-04-08T21:07:20.737+0000] {processor.py:830} INFO - Processing file /opt/airflow/dags/s3postgress.py for tasks to queue
[2024-04-08T21:07:20.741+0000] {logging_mixin.py:188} INFO - [2024-04-08T21:07:20.740+0000] {dagbag.py:540} INFO - Filling up the DagBag from /opt/airflow/dags/s3postgress.py
[2024-04-08T21:07:20.795+0000] {processor.py:840} INFO - DAG(s) 's3postgress' retrieved from /opt/airflow/dags/s3postgress.py
[2024-04-08T21:07:20.836+0000] {logging_mixin.py:188} INFO - [2024-04-08T21:07:20.836+0000] {dag.py:3047} INFO - Sync 1 DAGs
[2024-04-08T21:07:20.883+0000] {logging_mixin.py:188} INFO - [2024-04-08T21:07:20.882+0000] {dag.py:3834} INFO - Setting next_dagrun for s3postgress to 2024-04-04 00:00:00+00:00, run_after=2024-04-05 00:00:00+00:00
[2024-04-08T21:07:20.930+0000] {processor.py:183} INFO - Processing /opt/airflow/dags/s3postgress.py took 0.202 seconds
[2024-04-08T21:07:51.319+0000] {processor.py:161} INFO - Started process (PID=236) to work on /opt/airflow/dags/s3postgress.py
[2024-04-08T21:07:51.321+0000] {processor.py:830} INFO - Processing file /opt/airflow/dags/s3postgress.py for tasks to queue
[2024-04-08T21:07:51.325+0000] {logging_mixin.py:188} INFO - [2024-04-08T21:07:51.324+0000] {dagbag.py:540} INFO - Filling up the DagBag from /opt/airflow/dags/s3postgress.py
[2024-04-08T21:07:51.393+0000] {processor.py:840} INFO - DAG(s) 's3postgress' retrieved from /opt/airflow/dags/s3postgress.py
[2024-04-08T21:07:51.463+0000] {logging_mixin.py:188} INFO - [2024-04-08T21:07:51.462+0000] {dag.py:3047} INFO - Sync 1 DAGs
[2024-04-08T21:07:51.588+0000] {logging_mixin.py:188} INFO - [2024-04-08T21:07:51.588+0000] {dag.py:3834} INFO - Setting next_dagrun for s3postgress to 2024-04-04 00:00:00+00:00, run_after=2024-04-05 00:00:00+00:00
[2024-04-08T21:07:51.627+0000] {processor.py:183} INFO - Processing /opt/airflow/dags/s3postgress.py took 0.315 seconds
[2024-04-08T21:08:21.811+0000] {processor.py:161} INFO - Started process (PID=250) to work on /opt/airflow/dags/s3postgress.py
[2024-04-08T21:08:21.814+0000] {processor.py:830} INFO - Processing file /opt/airflow/dags/s3postgress.py for tasks to queue
[2024-04-08T21:08:21.820+0000] {logging_mixin.py:188} INFO - [2024-04-08T21:08:21.819+0000] {dagbag.py:540} INFO - Filling up the DagBag from /opt/airflow/dags/s3postgress.py
[2024-04-08T21:08:21.875+0000] {processor.py:840} INFO - DAG(s) 's3postgress' retrieved from /opt/airflow/dags/s3postgress.py
[2024-04-08T21:08:21.929+0000] {logging_mixin.py:188} INFO - [2024-04-08T21:08:21.927+0000] {dag.py:3047} INFO - Sync 1 DAGs
[2024-04-08T21:08:22.012+0000] {logging_mixin.py:188} INFO - [2024-04-08T21:08:22.012+0000] {dag.py:3834} INFO - Setting next_dagrun for s3postgress to 2024-04-04 00:00:00+00:00, run_after=2024-04-05 00:00:00+00:00
[2024-04-08T21:08:22.058+0000] {processor.py:183} INFO - Processing /opt/airflow/dags/s3postgress.py took 0.253 seconds
[2024-04-08T21:08:52.211+0000] {processor.py:161} INFO - Started process (PID=264) to work on /opt/airflow/dags/s3postgress.py
[2024-04-08T21:08:52.213+0000] {processor.py:830} INFO - Processing file /opt/airflow/dags/s3postgress.py for tasks to queue
[2024-04-08T21:08:52.216+0000] {logging_mixin.py:188} INFO - [2024-04-08T21:08:52.216+0000] {dagbag.py:540} INFO - Filling up the DagBag from /opt/airflow/dags/s3postgress.py
[2024-04-08T21:08:52.267+0000] {processor.py:840} INFO - DAG(s) 's3postgress' retrieved from /opt/airflow/dags/s3postgress.py
[2024-04-08T21:08:52.306+0000] {logging_mixin.py:188} INFO - [2024-04-08T21:08:52.305+0000] {dag.py:3047} INFO - Sync 1 DAGs
[2024-04-08T21:08:52.350+0000] {logging_mixin.py:188} INFO - [2024-04-08T21:08:52.350+0000] {dag.py:3834} INFO - Setting next_dagrun for s3postgress to 2024-04-04 00:00:00+00:00, run_after=2024-04-05 00:00:00+00:00
[2024-04-08T21:08:52.390+0000] {processor.py:183} INFO - Processing /opt/airflow/dags/s3postgress.py took 0.183 seconds
[2024-04-08T21:09:22.606+0000] {processor.py:161} INFO - Started process (PID=278) to work on /opt/airflow/dags/s3postgress.py
[2024-04-08T21:09:22.608+0000] {processor.py:830} INFO - Processing file /opt/airflow/dags/s3postgress.py for tasks to queue
[2024-04-08T21:09:22.616+0000] {logging_mixin.py:188} INFO - [2024-04-08T21:09:22.611+0000] {dagbag.py:540} INFO - Filling up the DagBag from /opt/airflow/dags/s3postgress.py
[2024-04-08T21:09:22.672+0000] {processor.py:840} INFO - DAG(s) 's3postgress' retrieved from /opt/airflow/dags/s3postgress.py
[2024-04-08T21:09:22.779+0000] {logging_mixin.py:188} INFO - [2024-04-08T21:09:22.779+0000] {dag.py:3047} INFO - Sync 1 DAGs
[2024-04-08T21:09:22.855+0000] {logging_mixin.py:188} INFO - [2024-04-08T21:09:22.854+0000] {dag.py:3834} INFO - Setting next_dagrun for s3postgress to 2024-04-04 00:00:00+00:00, run_after=2024-04-05 00:00:00+00:00
[2024-04-08T21:09:22.909+0000] {processor.py:183} INFO - Processing /opt/airflow/dags/s3postgress.py took 0.308 seconds
[2024-04-08T21:09:53.035+0000] {processor.py:161} INFO - Started process (PID=293) to work on /opt/airflow/dags/s3postgress.py
[2024-04-08T21:09:53.038+0000] {processor.py:830} INFO - Processing file /opt/airflow/dags/s3postgress.py for tasks to queue
[2024-04-08T21:09:53.042+0000] {logging_mixin.py:188} INFO - [2024-04-08T21:09:53.041+0000] {dagbag.py:540} INFO - Filling up the DagBag from /opt/airflow/dags/s3postgress.py
[2024-04-08T21:09:53.095+0000] {processor.py:840} INFO - DAG(s) 's3postgress' retrieved from /opt/airflow/dags/s3postgress.py
[2024-04-08T21:09:53.135+0000] {logging_mixin.py:188} INFO - [2024-04-08T21:09:53.135+0000] {dag.py:3047} INFO - Sync 1 DAGs
[2024-04-08T21:09:53.181+0000] {logging_mixin.py:188} INFO - [2024-04-08T21:09:53.180+0000] {dag.py:3834} INFO - Setting next_dagrun for s3postgress to 2024-04-04 00:00:00+00:00, run_after=2024-04-05 00:00:00+00:00
[2024-04-08T21:09:53.243+0000] {processor.py:183} INFO - Processing /opt/airflow/dags/s3postgress.py took 0.214 seconds
[2024-04-08T21:10:23.471+0000] {processor.py:161} INFO - Started process (PID=307) to work on /opt/airflow/dags/s3postgress.py
[2024-04-08T21:10:23.475+0000] {processor.py:830} INFO - Processing file /opt/airflow/dags/s3postgress.py for tasks to queue
[2024-04-08T21:10:23.481+0000] {logging_mixin.py:188} INFO - [2024-04-08T21:10:23.480+0000] {dagbag.py:540} INFO - Filling up the DagBag from /opt/airflow/dags/s3postgress.py
[2024-04-08T21:10:23.544+0000] {processor.py:840} INFO - DAG(s) 's3postgress' retrieved from /opt/airflow/dags/s3postgress.py
[2024-04-08T21:10:23.583+0000] {logging_mixin.py:188} INFO - [2024-04-08T21:10:23.583+0000] {dag.py:3047} INFO - Sync 1 DAGs
[2024-04-08T21:10:23.628+0000] {logging_mixin.py:188} INFO - [2024-04-08T21:10:23.628+0000] {dag.py:3834} INFO - Setting next_dagrun for s3postgress to 2024-04-04 00:00:00+00:00, run_after=2024-04-05 00:00:00+00:00
[2024-04-08T21:10:23.674+0000] {processor.py:183} INFO - Processing /opt/airflow/dags/s3postgress.py took 0.212 seconds
[2024-04-08T21:10:53.984+0000] {processor.py:161} INFO - Started process (PID=321) to work on /opt/airflow/dags/s3postgress.py
[2024-04-08T21:10:53.986+0000] {processor.py:830} INFO - Processing file /opt/airflow/dags/s3postgress.py for tasks to queue
[2024-04-08T21:10:53.989+0000] {logging_mixin.py:188} INFO - [2024-04-08T21:10:53.989+0000] {dagbag.py:540} INFO - Filling up the DagBag from /opt/airflow/dags/s3postgress.py
[2024-04-08T21:10:54.056+0000] {processor.py:840} INFO - DAG(s) 's3postgress' retrieved from /opt/airflow/dags/s3postgress.py
[2024-04-08T21:10:54.111+0000] {logging_mixin.py:188} INFO - [2024-04-08T21:10:54.110+0000] {dag.py:3047} INFO - Sync 1 DAGs
[2024-04-08T21:10:54.153+0000] {logging_mixin.py:188} INFO - [2024-04-08T21:10:54.152+0000] {dag.py:3834} INFO - Setting next_dagrun for s3postgress to 2024-04-04 00:00:00+00:00, run_after=2024-04-05 00:00:00+00:00
[2024-04-08T21:10:54.201+0000] {processor.py:183} INFO - Processing /opt/airflow/dags/s3postgress.py took 0.223 seconds
[2024-04-08T21:11:25.047+0000] {processor.py:161} INFO - Started process (PID=335) to work on /opt/airflow/dags/s3postgress.py
[2024-04-08T21:11:25.050+0000] {processor.py:830} INFO - Processing file /opt/airflow/dags/s3postgress.py for tasks to queue
[2024-04-08T21:11:25.054+0000] {logging_mixin.py:188} INFO - [2024-04-08T21:11:25.053+0000] {dagbag.py:540} INFO - Filling up the DagBag from /opt/airflow/dags/s3postgress.py
[2024-04-08T21:11:25.108+0000] {processor.py:840} INFO - DAG(s) 's3postgress' retrieved from /opt/airflow/dags/s3postgress.py
[2024-04-08T21:11:25.150+0000] {logging_mixin.py:188} INFO - [2024-04-08T21:11:25.149+0000] {dag.py:3047} INFO - Sync 1 DAGs
[2024-04-08T21:11:25.193+0000] {logging_mixin.py:188} INFO - [2024-04-08T21:11:25.192+0000] {dag.py:3834} INFO - Setting next_dagrun for s3postgress to 2024-04-04 00:00:00+00:00, run_after=2024-04-05 00:00:00+00:00
[2024-04-08T21:11:25.237+0000] {processor.py:183} INFO - Processing /opt/airflow/dags/s3postgress.py took 0.196 seconds
[2024-04-08T21:11:55.351+0000] {processor.py:161} INFO - Started process (PID=349) to work on /opt/airflow/dags/s3postgress.py
[2024-04-08T21:11:55.353+0000] {processor.py:830} INFO - Processing file /opt/airflow/dags/s3postgress.py for tasks to queue
[2024-04-08T21:11:55.357+0000] {logging_mixin.py:188} INFO - [2024-04-08T21:11:55.356+0000] {dagbag.py:540} INFO - Filling up the DagBag from /opt/airflow/dags/s3postgress.py
[2024-04-08T21:11:55.409+0000] {processor.py:840} INFO - DAG(s) 's3postgress' retrieved from /opt/airflow/dags/s3postgress.py
[2024-04-08T21:11:55.449+0000] {logging_mixin.py:188} INFO - [2024-04-08T21:11:55.449+0000] {dag.py:3047} INFO - Sync 1 DAGs
[2024-04-08T21:11:55.491+0000] {logging_mixin.py:188} INFO - [2024-04-08T21:11:55.491+0000] {dag.py:3834} INFO - Setting next_dagrun for s3postgress to 2024-04-04 00:00:00+00:00, run_after=2024-04-05 00:00:00+00:00
[2024-04-08T21:11:55.542+0000] {processor.py:183} INFO - Processing /opt/airflow/dags/s3postgress.py took 0.196 seconds
[2024-04-08T21:12:25.856+0000] {processor.py:161} INFO - Started process (PID=363) to work on /opt/airflow/dags/s3postgress.py
[2024-04-08T21:12:25.858+0000] {processor.py:830} INFO - Processing file /opt/airflow/dags/s3postgress.py for tasks to queue
[2024-04-08T21:12:25.861+0000] {logging_mixin.py:188} INFO - [2024-04-08T21:12:25.860+0000] {dagbag.py:540} INFO - Filling up the DagBag from /opt/airflow/dags/s3postgress.py
[2024-04-08T21:12:25.910+0000] {processor.py:840} INFO - DAG(s) 's3postgress' retrieved from /opt/airflow/dags/s3postgress.py
[2024-04-08T21:12:25.950+0000] {logging_mixin.py:188} INFO - [2024-04-08T21:12:25.950+0000] {dag.py:3047} INFO - Sync 1 DAGs
[2024-04-08T21:12:25.997+0000] {logging_mixin.py:188} INFO - [2024-04-08T21:12:25.997+0000] {dag.py:3834} INFO - Setting next_dagrun for s3postgress to 2024-04-04 00:00:00+00:00, run_after=2024-04-05 00:00:00+00:00
[2024-04-08T21:12:26.043+0000] {processor.py:183} INFO - Processing /opt/airflow/dags/s3postgress.py took 0.191 seconds
[2024-04-08T21:12:56.238+0000] {processor.py:161} INFO - Started process (PID=377) to work on /opt/airflow/dags/s3postgress.py
[2024-04-08T21:12:56.240+0000] {processor.py:830} INFO - Processing file /opt/airflow/dags/s3postgress.py for tasks to queue
[2024-04-08T21:12:56.243+0000] {logging_mixin.py:188} INFO - [2024-04-08T21:12:56.243+0000] {dagbag.py:540} INFO - Filling up the DagBag from /opt/airflow/dags/s3postgress.py
[2024-04-08T21:12:56.290+0000] {processor.py:840} INFO - DAG(s) 's3postgress' retrieved from /opt/airflow/dags/s3postgress.py
[2024-04-08T21:12:56.335+0000] {logging_mixin.py:188} INFO - [2024-04-08T21:12:56.335+0000] {dag.py:3047} INFO - Sync 1 DAGs
[2024-04-08T21:12:56.379+0000] {logging_mixin.py:188} INFO - [2024-04-08T21:12:56.379+0000] {dag.py:3834} INFO - Setting next_dagrun for s3postgress to 2024-04-04 00:00:00+00:00, run_after=2024-04-05 00:00:00+00:00
[2024-04-08T21:12:56.420+0000] {processor.py:183} INFO - Processing /opt/airflow/dags/s3postgress.py took 0.185 seconds
[2024-04-08T21:13:27.312+0000] {processor.py:161} INFO - Started process (PID=391) to work on /opt/airflow/dags/s3postgress.py
[2024-04-08T21:13:27.314+0000] {processor.py:830} INFO - Processing file /opt/airflow/dags/s3postgress.py for tasks to queue
[2024-04-08T21:13:27.318+0000] {logging_mixin.py:188} INFO - [2024-04-08T21:13:27.317+0000] {dagbag.py:540} INFO - Filling up the DagBag from /opt/airflow/dags/s3postgress.py
[2024-04-08T21:13:27.376+0000] {processor.py:840} INFO - DAG(s) 's3postgress' retrieved from /opt/airflow/dags/s3postgress.py
[2024-04-08T21:13:27.419+0000] {logging_mixin.py:188} INFO - [2024-04-08T21:13:27.418+0000] {dag.py:3047} INFO - Sync 1 DAGs
[2024-04-08T21:13:27.465+0000] {logging_mixin.py:188} INFO - [2024-04-08T21:13:27.464+0000] {dag.py:3834} INFO - Setting next_dagrun for s3postgress to 2024-04-04 00:00:00+00:00, run_after=2024-04-05 00:00:00+00:00
[2024-04-08T21:13:27.503+0000] {processor.py:183} INFO - Processing /opt/airflow/dags/s3postgress.py took 0.197 seconds
[2024-04-08T21:13:58.187+0000] {processor.py:161} INFO - Started process (PID=405) to work on /opt/airflow/dags/s3postgress.py
[2024-04-08T21:13:58.190+0000] {processor.py:830} INFO - Processing file /opt/airflow/dags/s3postgress.py for tasks to queue
[2024-04-08T21:13:58.194+0000] {logging_mixin.py:188} INFO - [2024-04-08T21:13:58.193+0000] {dagbag.py:540} INFO - Filling up the DagBag from /opt/airflow/dags/s3postgress.py
[2024-04-08T21:13:58.253+0000] {processor.py:840} INFO - DAG(s) 's3postgress' retrieved from /opt/airflow/dags/s3postgress.py
[2024-04-08T21:13:58.305+0000] {logging_mixin.py:188} INFO - [2024-04-08T21:13:58.304+0000] {dag.py:3047} INFO - Sync 1 DAGs
[2024-04-08T21:13:58.376+0000] {logging_mixin.py:188} INFO - [2024-04-08T21:13:58.376+0000] {dag.py:3834} INFO - Setting next_dagrun for s3postgress to 2024-04-04 00:00:00+00:00, run_after=2024-04-05 00:00:00+00:00
[2024-04-08T21:13:58.448+0000] {processor.py:183} INFO - Processing /opt/airflow/dags/s3postgress.py took 0.267 seconds
[2024-04-08T21:14:29.316+0000] {processor.py:161} INFO - Started process (PID=419) to work on /opt/airflow/dags/s3postgress.py
[2024-04-08T21:14:29.321+0000] {processor.py:830} INFO - Processing file /opt/airflow/dags/s3postgress.py for tasks to queue
[2024-04-08T21:14:29.325+0000] {logging_mixin.py:188} INFO - [2024-04-08T21:14:29.324+0000] {dagbag.py:540} INFO - Filling up the DagBag from /opt/airflow/dags/s3postgress.py
[2024-04-08T21:14:29.379+0000] {processor.py:840} INFO - DAG(s) 's3postgress' retrieved from /opt/airflow/dags/s3postgress.py
[2024-04-08T21:14:29.429+0000] {logging_mixin.py:188} INFO - [2024-04-08T21:14:29.429+0000] {dag.py:3047} INFO - Sync 1 DAGs
[2024-04-08T21:14:29.486+0000] {logging_mixin.py:188} INFO - [2024-04-08T21:14:29.486+0000] {dag.py:3834} INFO - Setting next_dagrun for s3postgress to 2024-04-04 00:00:00+00:00, run_after=2024-04-05 00:00:00+00:00
[2024-04-08T21:14:29.533+0000] {processor.py:183} INFO - Processing /opt/airflow/dags/s3postgress.py took 0.224 seconds
[2024-04-08T21:15:00.012+0000] {processor.py:161} INFO - Started process (PID=433) to work on /opt/airflow/dags/s3postgress.py
[2024-04-08T21:15:00.022+0000] {processor.py:830} INFO - Processing file /opt/airflow/dags/s3postgress.py for tasks to queue
[2024-04-08T21:15:00.031+0000] {logging_mixin.py:188} INFO - [2024-04-08T21:15:00.030+0000] {dagbag.py:540} INFO - Filling up the DagBag from /opt/airflow/dags/s3postgress.py
[2024-04-08T21:15:00.097+0000] {processor.py:840} INFO - DAG(s) 's3postgress' retrieved from /opt/airflow/dags/s3postgress.py
[2024-04-08T21:15:00.148+0000] {logging_mixin.py:188} INFO - [2024-04-08T21:15:00.147+0000] {dag.py:3047} INFO - Sync 1 DAGs
[2024-04-08T21:15:00.199+0000] {logging_mixin.py:188} INFO - [2024-04-08T21:15:00.198+0000] {dag.py:3834} INFO - Setting next_dagrun for s3postgress to 2024-04-04 00:00:00+00:00, run_after=2024-04-05 00:00:00+00:00
[2024-04-08T21:15:00.242+0000] {processor.py:183} INFO - Processing /opt/airflow/dags/s3postgress.py took 0.237 seconds
[2024-04-08T21:15:30.871+0000] {processor.py:161} INFO - Started process (PID=447) to work on /opt/airflow/dags/s3postgress.py
[2024-04-08T21:15:30.876+0000] {processor.py:830} INFO - Processing file /opt/airflow/dags/s3postgress.py for tasks to queue
[2024-04-08T21:15:30.881+0000] {logging_mixin.py:188} INFO - [2024-04-08T21:15:30.880+0000] {dagbag.py:540} INFO - Filling up the DagBag from /opt/airflow/dags/s3postgress.py
[2024-04-08T21:15:30.935+0000] {processor.py:840} INFO - DAG(s) 's3postgress' retrieved from /opt/airflow/dags/s3postgress.py
[2024-04-08T21:15:30.991+0000] {logging_mixin.py:188} INFO - [2024-04-08T21:15:30.990+0000] {dag.py:3047} INFO - Sync 1 DAGs
[2024-04-08T21:15:31.039+0000] {logging_mixin.py:188} INFO - [2024-04-08T21:15:31.038+0000] {dag.py:3834} INFO - Setting next_dagrun for s3postgress to 2024-04-04 00:00:00+00:00, run_after=2024-04-05 00:00:00+00:00
[2024-04-08T21:15:31.085+0000] {processor.py:183} INFO - Processing /opt/airflow/dags/s3postgress.py took 0.220 seconds
[2024-04-08T21:16:01.732+0000] {processor.py:161} INFO - Started process (PID=461) to work on /opt/airflow/dags/s3postgress.py
[2024-04-08T21:16:01.736+0000] {processor.py:830} INFO - Processing file /opt/airflow/dags/s3postgress.py for tasks to queue
[2024-04-08T21:16:01.741+0000] {logging_mixin.py:188} INFO - [2024-04-08T21:16:01.740+0000] {dagbag.py:540} INFO - Filling up the DagBag from /opt/airflow/dags/s3postgress.py
[2024-04-08T21:16:01.798+0000] {processor.py:840} INFO - DAG(s) 's3postgress' retrieved from /opt/airflow/dags/s3postgress.py
[2024-04-08T21:16:01.856+0000] {logging_mixin.py:188} INFO - [2024-04-08T21:16:01.855+0000] {dag.py:3047} INFO - Sync 1 DAGs
[2024-04-08T21:16:01.920+0000] {logging_mixin.py:188} INFO - [2024-04-08T21:16:01.920+0000] {dag.py:3834} INFO - Setting next_dagrun for s3postgress to 2024-04-04 00:00:00+00:00, run_after=2024-04-05 00:00:00+00:00
[2024-04-08T21:16:01.971+0000] {processor.py:183} INFO - Processing /opt/airflow/dags/s3postgress.py took 0.246 seconds
[2024-04-08T21:16:32.463+0000] {processor.py:161} INFO - Started process (PID=475) to work on /opt/airflow/dags/s3postgress.py
[2024-04-08T21:16:32.466+0000] {processor.py:830} INFO - Processing file /opt/airflow/dags/s3postgress.py for tasks to queue
[2024-04-08T21:16:32.470+0000] {logging_mixin.py:188} INFO - [2024-04-08T21:16:32.470+0000] {dagbag.py:540} INFO - Filling up the DagBag from /opt/airflow/dags/s3postgress.py
[2024-04-08T21:16:32.527+0000] {processor.py:840} INFO - DAG(s) 's3postgress' retrieved from /opt/airflow/dags/s3postgress.py
[2024-04-08T21:16:32.572+0000] {logging_mixin.py:188} INFO - [2024-04-08T21:16:32.572+0000] {dag.py:3047} INFO - Sync 1 DAGs
[2024-04-08T21:16:32.618+0000] {logging_mixin.py:188} INFO - [2024-04-08T21:16:32.618+0000] {dag.py:3834} INFO - Setting next_dagrun for s3postgress to 2024-04-04 00:00:00+00:00, run_after=2024-04-05 00:00:00+00:00
[2024-04-08T21:16:32.661+0000] {processor.py:183} INFO - Processing /opt/airflow/dags/s3postgress.py took 0.208 seconds
[2024-04-08T21:17:03.241+0000] {processor.py:161} INFO - Started process (PID=489) to work on /opt/airflow/dags/s3postgress.py
[2024-04-08T21:17:03.244+0000] {processor.py:830} INFO - Processing file /opt/airflow/dags/s3postgress.py for tasks to queue
[2024-04-08T21:17:03.249+0000] {logging_mixin.py:188} INFO - [2024-04-08T21:17:03.248+0000] {dagbag.py:540} INFO - Filling up the DagBag from /opt/airflow/dags/s3postgress.py
[2024-04-08T21:17:03.300+0000] {processor.py:840} INFO - DAG(s) 's3postgress' retrieved from /opt/airflow/dags/s3postgress.py
[2024-04-08T21:17:03.340+0000] {logging_mixin.py:188} INFO - [2024-04-08T21:17:03.339+0000] {dag.py:3047} INFO - Sync 1 DAGs
[2024-04-08T21:17:03.390+0000] {logging_mixin.py:188} INFO - [2024-04-08T21:17:03.389+0000] {dag.py:3834} INFO - Setting next_dagrun for s3postgress to 2024-04-04 00:00:00+00:00, run_after=2024-04-05 00:00:00+00:00
[2024-04-08T21:17:03.429+0000] {processor.py:183} INFO - Processing /opt/airflow/dags/s3postgress.py took 0.196 seconds
[2024-04-08T21:17:34.263+0000] {processor.py:161} INFO - Started process (PID=503) to work on /opt/airflow/dags/s3postgress.py
[2024-04-08T21:17:34.265+0000] {processor.py:830} INFO - Processing file /opt/airflow/dags/s3postgress.py for tasks to queue
[2024-04-08T21:17:34.268+0000] {logging_mixin.py:188} INFO - [2024-04-08T21:17:34.268+0000] {dagbag.py:540} INFO - Filling up the DagBag from /opt/airflow/dags/s3postgress.py
[2024-04-08T21:17:34.314+0000] {processor.py:840} INFO - DAG(s) 's3postgress' retrieved from /opt/airflow/dags/s3postgress.py
[2024-04-08T21:17:34.365+0000] {logging_mixin.py:188} INFO - [2024-04-08T21:17:34.364+0000] {dag.py:3047} INFO - Sync 1 DAGs
[2024-04-08T21:17:34.414+0000] {logging_mixin.py:188} INFO - [2024-04-08T21:17:34.414+0000] {dag.py:3834} INFO - Setting next_dagrun for s3postgress to 2024-04-04 00:00:00+00:00, run_after=2024-04-05 00:00:00+00:00
[2024-04-08T21:17:34.457+0000] {processor.py:183} INFO - Processing /opt/airflow/dags/s3postgress.py took 0.198 seconds
[2024-04-08T21:18:04.815+0000] {processor.py:161} INFO - Started process (PID=517) to work on /opt/airflow/dags/s3postgress.py
[2024-04-08T21:18:04.818+0000] {processor.py:830} INFO - Processing file /opt/airflow/dags/s3postgress.py for tasks to queue
[2024-04-08T21:18:04.821+0000] {logging_mixin.py:188} INFO - [2024-04-08T21:18:04.821+0000] {dagbag.py:540} INFO - Filling up the DagBag from /opt/airflow/dags/s3postgress.py
[2024-04-08T21:18:04.875+0000] {processor.py:840} INFO - DAG(s) 's3postgress' retrieved from /opt/airflow/dags/s3postgress.py
[2024-04-08T21:18:04.914+0000] {logging_mixin.py:188} INFO - [2024-04-08T21:18:04.914+0000] {dag.py:3047} INFO - Sync 1 DAGs
[2024-04-08T21:18:04.962+0000] {logging_mixin.py:188} INFO - [2024-04-08T21:18:04.961+0000] {dag.py:3834} INFO - Setting next_dagrun for s3postgress to 2024-04-04 00:00:00+00:00, run_after=2024-04-05 00:00:00+00:00
[2024-04-08T21:18:05.005+0000] {processor.py:183} INFO - Processing /opt/airflow/dags/s3postgress.py took 0.195 seconds
[2024-04-08T21:18:35.679+0000] {processor.py:161} INFO - Started process (PID=531) to work on /opt/airflow/dags/s3postgress.py
[2024-04-08T21:18:35.681+0000] {processor.py:830} INFO - Processing file /opt/airflow/dags/s3postgress.py for tasks to queue
[2024-04-08T21:18:35.685+0000] {logging_mixin.py:188} INFO - [2024-04-08T21:18:35.685+0000] {dagbag.py:540} INFO - Filling up the DagBag from /opt/airflow/dags/s3postgress.py
[2024-04-08T21:18:35.742+0000] {processor.py:840} INFO - DAG(s) 's3postgress' retrieved from /opt/airflow/dags/s3postgress.py
[2024-04-08T21:18:35.787+0000] {logging_mixin.py:188} INFO - [2024-04-08T21:18:35.787+0000] {dag.py:3047} INFO - Sync 1 DAGs
[2024-04-08T21:18:35.838+0000] {logging_mixin.py:188} INFO - [2024-04-08T21:18:35.837+0000] {dag.py:3834} INFO - Setting next_dagrun for s3postgress to 2024-04-04 00:00:00+00:00, run_after=2024-04-05 00:00:00+00:00
[2024-04-08T21:18:35.886+0000] {processor.py:183} INFO - Processing /opt/airflow/dags/s3postgress.py took 0.216 seconds
[2024-04-08T21:19:06.499+0000] {processor.py:161} INFO - Started process (PID=545) to work on /opt/airflow/dags/s3postgress.py
[2024-04-08T21:19:06.500+0000] {processor.py:830} INFO - Processing file /opt/airflow/dags/s3postgress.py for tasks to queue
[2024-04-08T21:19:06.503+0000] {logging_mixin.py:188} INFO - [2024-04-08T21:19:06.503+0000] {dagbag.py:540} INFO - Filling up the DagBag from /opt/airflow/dags/s3postgress.py
[2024-04-08T21:19:06.546+0000] {processor.py:840} INFO - DAG(s) 's3postgress' retrieved from /opt/airflow/dags/s3postgress.py
[2024-04-08T21:19:06.588+0000] {logging_mixin.py:188} INFO - [2024-04-08T21:19:06.588+0000] {dag.py:3047} INFO - Sync 1 DAGs
[2024-04-08T21:19:06.634+0000] {logging_mixin.py:188} INFO - [2024-04-08T21:19:06.633+0000] {dag.py:3834} INFO - Setting next_dagrun for s3postgress to 2024-04-04 00:00:00+00:00, run_after=2024-04-05 00:00:00+00:00
[2024-04-08T21:19:06.679+0000] {processor.py:183} INFO - Processing /opt/airflow/dags/s3postgress.py took 0.186 seconds
[2024-04-08T21:19:37.225+0000] {processor.py:161} INFO - Started process (PID=559) to work on /opt/airflow/dags/s3postgress.py
[2024-04-08T21:19:37.228+0000] {processor.py:830} INFO - Processing file /opt/airflow/dags/s3postgress.py for tasks to queue
[2024-04-08T21:19:37.234+0000] {logging_mixin.py:188} INFO - [2024-04-08T21:19:37.233+0000] {dagbag.py:540} INFO - Filling up the DagBag from /opt/airflow/dags/s3postgress.py
[2024-04-08T21:19:37.291+0000] {processor.py:840} INFO - DAG(s) 's3postgress' retrieved from /opt/airflow/dags/s3postgress.py
[2024-04-08T21:19:37.334+0000] {logging_mixin.py:188} INFO - [2024-04-08T21:19:37.334+0000] {dag.py:3047} INFO - Sync 1 DAGs
[2024-04-08T21:19:37.383+0000] {logging_mixin.py:188} INFO - [2024-04-08T21:19:37.382+0000] {dag.py:3834} INFO - Setting next_dagrun for s3postgress to 2024-04-04 00:00:00+00:00, run_after=2024-04-05 00:00:00+00:00
[2024-04-08T21:19:37.428+0000] {processor.py:183} INFO - Processing /opt/airflow/dags/s3postgress.py took 0.210 seconds
[2024-04-08T21:20:07.998+0000] {processor.py:161} INFO - Started process (PID=573) to work on /opt/airflow/dags/s3postgress.py
[2024-04-08T21:20:07.999+0000] {processor.py:830} INFO - Processing file /opt/airflow/dags/s3postgress.py for tasks to queue
[2024-04-08T21:20:08.002+0000] {logging_mixin.py:188} INFO - [2024-04-08T21:20:08.002+0000] {dagbag.py:540} INFO - Filling up the DagBag from /opt/airflow/dags/s3postgress.py
[2024-04-08T21:20:08.051+0000] {processor.py:840} INFO - DAG(s) 's3postgress' retrieved from /opt/airflow/dags/s3postgress.py
[2024-04-08T21:20:08.096+0000] {logging_mixin.py:188} INFO - [2024-04-08T21:20:08.095+0000] {dag.py:3047} INFO - Sync 1 DAGs
[2024-04-08T21:20:08.142+0000] {logging_mixin.py:188} INFO - [2024-04-08T21:20:08.141+0000] {dag.py:3834} INFO - Setting next_dagrun for s3postgress to 2024-04-04 00:00:00+00:00, run_after=2024-04-05 00:00:00+00:00
[2024-04-08T21:20:08.186+0000] {processor.py:183} INFO - Processing /opt/airflow/dags/s3postgress.py took 0.193 seconds
[2024-04-08T21:20:38.758+0000] {processor.py:161} INFO - Started process (PID=587) to work on /opt/airflow/dags/s3postgress.py
[2024-04-08T21:20:38.761+0000] {processor.py:830} INFO - Processing file /opt/airflow/dags/s3postgress.py for tasks to queue
[2024-04-08T21:20:38.765+0000] {logging_mixin.py:188} INFO - [2024-04-08T21:20:38.764+0000] {dagbag.py:540} INFO - Filling up the DagBag from /opt/airflow/dags/s3postgress.py
[2024-04-08T21:20:38.820+0000] {processor.py:840} INFO - DAG(s) 's3postgress' retrieved from /opt/airflow/dags/s3postgress.py
[2024-04-08T21:20:38.865+0000] {logging_mixin.py:188} INFO - [2024-04-08T21:20:38.864+0000] {dag.py:3047} INFO - Sync 1 DAGs
[2024-04-08T21:20:38.916+0000] {logging_mixin.py:188} INFO - [2024-04-08T21:20:38.915+0000] {dag.py:3834} INFO - Setting next_dagrun for s3postgress to 2024-04-04 00:00:00+00:00, run_after=2024-04-05 00:00:00+00:00
[2024-04-08T21:20:38.962+0000] {processor.py:183} INFO - Processing /opt/airflow/dags/s3postgress.py took 0.209 seconds
[2024-04-08T21:21:09.542+0000] {processor.py:161} INFO - Started process (PID=601) to work on /opt/airflow/dags/s3postgress.py
[2024-04-08T21:21:09.544+0000] {processor.py:830} INFO - Processing file /opt/airflow/dags/s3postgress.py for tasks to queue
[2024-04-08T21:21:09.549+0000] {logging_mixin.py:188} INFO - [2024-04-08T21:21:09.548+0000] {dagbag.py:540} INFO - Filling up the DagBag from /opt/airflow/dags/s3postgress.py
[2024-04-08T21:21:09.596+0000] {processor.py:840} INFO - DAG(s) 's3postgress' retrieved from /opt/airflow/dags/s3postgress.py
[2024-04-08T21:21:09.637+0000] {logging_mixin.py:188} INFO - [2024-04-08T21:21:09.636+0000] {dag.py:3047} INFO - Sync 1 DAGs
[2024-04-08T21:21:09.694+0000] {logging_mixin.py:188} INFO - [2024-04-08T21:21:09.694+0000] {dag.py:3834} INFO - Setting next_dagrun for s3postgress to 2024-04-04 00:00:00+00:00, run_after=2024-04-05 00:00:00+00:00
[2024-04-08T21:21:09.741+0000] {processor.py:183} INFO - Processing /opt/airflow/dags/s3postgress.py took 0.206 seconds
[2024-04-08T21:21:40.328+0000] {processor.py:161} INFO - Started process (PID=615) to work on /opt/airflow/dags/s3postgress.py
[2024-04-08T21:21:40.330+0000] {processor.py:830} INFO - Processing file /opt/airflow/dags/s3postgress.py for tasks to queue
[2024-04-08T21:21:40.333+0000] {logging_mixin.py:188} INFO - [2024-04-08T21:21:40.332+0000] {dagbag.py:540} INFO - Filling up the DagBag from /opt/airflow/dags/s3postgress.py
[2024-04-08T21:21:40.382+0000] {processor.py:840} INFO - DAG(s) 's3postgress' retrieved from /opt/airflow/dags/s3postgress.py
[2024-04-08T21:21:40.430+0000] {logging_mixin.py:188} INFO - [2024-04-08T21:21:40.429+0000] {dag.py:3047} INFO - Sync 1 DAGs
[2024-04-08T21:21:40.486+0000] {logging_mixin.py:188} INFO - [2024-04-08T21:21:40.485+0000] {dag.py:3834} INFO - Setting next_dagrun for s3postgress to 2024-04-04 00:00:00+00:00, run_after=2024-04-05 00:00:00+00:00
[2024-04-08T21:21:40.535+0000] {processor.py:183} INFO - Processing /opt/airflow/dags/s3postgress.py took 0.213 seconds
[2024-04-08T21:22:11.399+0000] {processor.py:161} INFO - Started process (PID=629) to work on /opt/airflow/dags/s3postgress.py
[2024-04-08T21:22:11.402+0000] {processor.py:830} INFO - Processing file /opt/airflow/dags/s3postgress.py for tasks to queue
[2024-04-08T21:22:11.406+0000] {logging_mixin.py:188} INFO - [2024-04-08T21:22:11.405+0000] {dagbag.py:540} INFO - Filling up the DagBag from /opt/airflow/dags/s3postgress.py
[2024-04-08T21:22:11.463+0000] {processor.py:840} INFO - DAG(s) 's3postgress' retrieved from /opt/airflow/dags/s3postgress.py
[2024-04-08T21:22:11.517+0000] {logging_mixin.py:188} INFO - [2024-04-08T21:22:11.516+0000] {dag.py:3047} INFO - Sync 1 DAGs
[2024-04-08T21:22:11.566+0000] {logging_mixin.py:188} INFO - [2024-04-08T21:22:11.566+0000] {dag.py:3834} INFO - Setting next_dagrun for s3postgress to 2024-04-04 00:00:00+00:00, run_after=2024-04-05 00:00:00+00:00
[2024-04-08T21:22:11.609+0000] {processor.py:183} INFO - Processing /opt/airflow/dags/s3postgress.py took 0.216 seconds
[2024-04-08T21:22:42.120+0000] {processor.py:161} INFO - Started process (PID=643) to work on /opt/airflow/dags/s3postgress.py
[2024-04-08T21:22:42.122+0000] {processor.py:830} INFO - Processing file /opt/airflow/dags/s3postgress.py for tasks to queue
[2024-04-08T21:22:42.127+0000] {logging_mixin.py:188} INFO - [2024-04-08T21:22:42.126+0000] {dagbag.py:540} INFO - Filling up the DagBag from /opt/airflow/dags/s3postgress.py
[2024-04-08T21:22:42.183+0000] {processor.py:840} INFO - DAG(s) 's3postgress' retrieved from /opt/airflow/dags/s3postgress.py
[2024-04-08T21:22:42.235+0000] {logging_mixin.py:188} INFO - [2024-04-08T21:22:42.234+0000] {dag.py:3047} INFO - Sync 1 DAGs
[2024-04-08T21:22:42.285+0000] {logging_mixin.py:188} INFO - [2024-04-08T21:22:42.284+0000] {dag.py:3834} INFO - Setting next_dagrun for s3postgress to 2024-04-04 00:00:00+00:00, run_after=2024-04-05 00:00:00+00:00
[2024-04-08T21:22:42.340+0000] {processor.py:183} INFO - Processing /opt/airflow/dags/s3postgress.py took 0.228 seconds
[2024-04-08T21:23:12.936+0000] {processor.py:161} INFO - Started process (PID=657) to work on /opt/airflow/dags/s3postgress.py
[2024-04-08T21:23:12.938+0000] {processor.py:830} INFO - Processing file /opt/airflow/dags/s3postgress.py for tasks to queue
[2024-04-08T21:23:12.942+0000] {logging_mixin.py:188} INFO - [2024-04-08T21:23:12.941+0000] {dagbag.py:540} INFO - Filling up the DagBag from /opt/airflow/dags/s3postgress.py
[2024-04-08T21:23:12.990+0000] {processor.py:840} INFO - DAG(s) 's3postgress' retrieved from /opt/airflow/dags/s3postgress.py
[2024-04-08T21:23:13.029+0000] {logging_mixin.py:188} INFO - [2024-04-08T21:23:13.028+0000] {dag.py:3047} INFO - Sync 1 DAGs
[2024-04-08T21:23:13.105+0000] {logging_mixin.py:188} INFO - [2024-04-08T21:23:13.104+0000] {dag.py:3834} INFO - Setting next_dagrun for s3postgress to 2024-04-04 00:00:00+00:00, run_after=2024-04-05 00:00:00+00:00
[2024-04-08T21:23:13.153+0000] {processor.py:183} INFO - Processing /opt/airflow/dags/s3postgress.py took 0.223 seconds
[2024-04-08T21:23:43.541+0000] {processor.py:161} INFO - Started process (PID=671) to work on /opt/airflow/dags/s3postgress.py
[2024-04-08T21:23:43.543+0000] {processor.py:830} INFO - Processing file /opt/airflow/dags/s3postgress.py for tasks to queue
[2024-04-08T21:23:43.548+0000] {logging_mixin.py:188} INFO - [2024-04-08T21:23:43.547+0000] {dagbag.py:540} INFO - Filling up the DagBag from /opt/airflow/dags/s3postgress.py
[2024-04-08T21:23:43.594+0000] {processor.py:840} INFO - DAG(s) 's3postgress' retrieved from /opt/airflow/dags/s3postgress.py
[2024-04-08T21:23:43.634+0000] {logging_mixin.py:188} INFO - [2024-04-08T21:23:43.633+0000] {dag.py:3047} INFO - Sync 1 DAGs
[2024-04-08T21:23:43.683+0000] {logging_mixin.py:188} INFO - [2024-04-08T21:23:43.682+0000] {dag.py:3834} INFO - Setting next_dagrun for s3postgress to 2024-04-04 00:00:00+00:00, run_after=2024-04-05 00:00:00+00:00
[2024-04-08T21:23:43.729+0000] {processor.py:183} INFO - Processing /opt/airflow/dags/s3postgress.py took 0.195 seconds
[2024-04-08T21:24:14.381+0000] {processor.py:161} INFO - Started process (PID=685) to work on /opt/airflow/dags/s3postgress.py
[2024-04-08T21:24:14.385+0000] {processor.py:830} INFO - Processing file /opt/airflow/dags/s3postgress.py for tasks to queue
[2024-04-08T21:24:14.393+0000] {logging_mixin.py:188} INFO - [2024-04-08T21:24:14.392+0000] {dagbag.py:540} INFO - Filling up the DagBag from /opt/airflow/dags/s3postgress.py
[2024-04-08T21:24:14.447+0000] {processor.py:840} INFO - DAG(s) 's3postgress' retrieved from /opt/airflow/dags/s3postgress.py
[2024-04-08T21:24:14.548+0000] {logging_mixin.py:188} INFO - [2024-04-08T21:24:14.548+0000] {dag.py:3047} INFO - Sync 1 DAGs
[2024-04-08T21:24:14.614+0000] {logging_mixin.py:188} INFO - [2024-04-08T21:24:14.614+0000] {dag.py:3834} INFO - Setting next_dagrun for s3postgress to 2024-04-04 00:00:00+00:00, run_after=2024-04-05 00:00:00+00:00
[2024-04-08T21:24:14.657+0000] {processor.py:183} INFO - Processing /opt/airflow/dags/s3postgress.py took 0.284 seconds
[2024-04-08T21:24:45.241+0000] {processor.py:161} INFO - Started process (PID=699) to work on /opt/airflow/dags/s3postgress.py
[2024-04-08T21:24:45.243+0000] {processor.py:830} INFO - Processing file /opt/airflow/dags/s3postgress.py for tasks to queue
[2024-04-08T21:24:45.247+0000] {logging_mixin.py:188} INFO - [2024-04-08T21:24:45.247+0000] {dagbag.py:540} INFO - Filling up the DagBag from /opt/airflow/dags/s3postgress.py
[2024-04-08T21:24:45.295+0000] {processor.py:840} INFO - DAG(s) 's3postgress' retrieved from /opt/airflow/dags/s3postgress.py
[2024-04-08T21:24:45.339+0000] {logging_mixin.py:188} INFO - [2024-04-08T21:24:45.339+0000] {dag.py:3047} INFO - Sync 1 DAGs
[2024-04-08T21:24:45.388+0000] {logging_mixin.py:188} INFO - [2024-04-08T21:24:45.388+0000] {dag.py:3834} INFO - Setting next_dagrun for s3postgress to 2024-04-04 00:00:00+00:00, run_after=2024-04-05 00:00:00+00:00
[2024-04-08T21:24:45.435+0000] {processor.py:183} INFO - Processing /opt/airflow/dags/s3postgress.py took 0.200 seconds
[2024-04-08T21:25:16.039+0000] {processor.py:161} INFO - Started process (PID=713) to work on /opt/airflow/dags/s3postgress.py
[2024-04-08T21:25:16.042+0000] {processor.py:830} INFO - Processing file /opt/airflow/dags/s3postgress.py for tasks to queue
[2024-04-08T21:25:16.049+0000] {logging_mixin.py:188} INFO - [2024-04-08T21:25:16.048+0000] {dagbag.py:540} INFO - Filling up the DagBag from /opt/airflow/dags/s3postgress.py
[2024-04-08T21:25:16.098+0000] {processor.py:840} INFO - DAG(s) 's3postgress' retrieved from /opt/airflow/dags/s3postgress.py
[2024-04-08T21:25:16.143+0000] {logging_mixin.py:188} INFO - [2024-04-08T21:25:16.142+0000] {dag.py:3047} INFO - Sync 1 DAGs
[2024-04-08T21:25:16.191+0000] {logging_mixin.py:188} INFO - [2024-04-08T21:25:16.190+0000] {dag.py:3834} INFO - Setting next_dagrun for s3postgress to 2024-04-04 00:00:00+00:00, run_after=2024-04-05 00:00:00+00:00
[2024-04-08T21:25:16.239+0000] {processor.py:183} INFO - Processing /opt/airflow/dags/s3postgress.py took 0.207 seconds
[2024-04-08T21:25:46.853+0000] {processor.py:161} INFO - Started process (PID=727) to work on /opt/airflow/dags/s3postgress.py
[2024-04-08T21:25:46.856+0000] {processor.py:830} INFO - Processing file /opt/airflow/dags/s3postgress.py for tasks to queue
[2024-04-08T21:25:46.859+0000] {logging_mixin.py:188} INFO - [2024-04-08T21:25:46.859+0000] {dagbag.py:540} INFO - Filling up the DagBag from /opt/airflow/dags/s3postgress.py
[2024-04-08T21:25:46.910+0000] {processor.py:840} INFO - DAG(s) 's3postgress' retrieved from /opt/airflow/dags/s3postgress.py
[2024-04-08T21:25:46.955+0000] {logging_mixin.py:188} INFO - [2024-04-08T21:25:46.955+0000] {dag.py:3047} INFO - Sync 1 DAGs
[2024-04-08T21:25:47.008+0000] {logging_mixin.py:188} INFO - [2024-04-08T21:25:47.007+0000] {dag.py:3834} INFO - Setting next_dagrun for s3postgress to 2024-04-04 00:00:00+00:00, run_after=2024-04-05 00:00:00+00:00
[2024-04-08T21:25:47.052+0000] {processor.py:183} INFO - Processing /opt/airflow/dags/s3postgress.py took 0.205 seconds
[2024-04-08T21:26:17.615+0000] {processor.py:161} INFO - Started process (PID=741) to work on /opt/airflow/dags/s3postgress.py
[2024-04-08T21:26:17.617+0000] {processor.py:830} INFO - Processing file /opt/airflow/dags/s3postgress.py for tasks to queue
[2024-04-08T21:26:17.620+0000] {logging_mixin.py:188} INFO - [2024-04-08T21:26:17.619+0000] {dagbag.py:540} INFO - Filling up the DagBag from /opt/airflow/dags/s3postgress.py
[2024-04-08T21:26:17.666+0000] {processor.py:840} INFO - DAG(s) 's3postgress' retrieved from /opt/airflow/dags/s3postgress.py
[2024-04-08T21:26:17.704+0000] {logging_mixin.py:188} INFO - [2024-04-08T21:26:17.703+0000] {dag.py:3047} INFO - Sync 1 DAGs
[2024-04-08T21:26:17.749+0000] {logging_mixin.py:188} INFO - [2024-04-08T21:26:17.748+0000] {dag.py:3834} INFO - Setting next_dagrun for s3postgress to 2024-04-04 00:00:00+00:00, run_after=2024-04-05 00:00:00+00:00
[2024-04-08T21:26:17.796+0000] {processor.py:183} INFO - Processing /opt/airflow/dags/s3postgress.py took 0.186 seconds
[2024-04-08T21:26:48.121+0000] {processor.py:161} INFO - Started process (PID=755) to work on /opt/airflow/dags/s3postgress.py
[2024-04-08T21:26:48.124+0000] {processor.py:830} INFO - Processing file /opt/airflow/dags/s3postgress.py for tasks to queue
[2024-04-08T21:26:48.128+0000] {logging_mixin.py:188} INFO - [2024-04-08T21:26:48.128+0000] {dagbag.py:540} INFO - Filling up the DagBag from /opt/airflow/dags/s3postgress.py
[2024-04-08T21:26:48.187+0000] {processor.py:840} INFO - DAG(s) 's3postgress' retrieved from /opt/airflow/dags/s3postgress.py
[2024-04-08T21:26:48.242+0000] {logging_mixin.py:188} INFO - [2024-04-08T21:26:48.242+0000] {dag.py:3047} INFO - Sync 1 DAGs
[2024-04-08T21:26:48.310+0000] {logging_mixin.py:188} INFO - [2024-04-08T21:26:48.310+0000] {dag.py:3834} INFO - Setting next_dagrun for s3postgress to 2024-04-04 00:00:00+00:00, run_after=2024-04-05 00:00:00+00:00
[2024-04-08T21:26:48.356+0000] {processor.py:183} INFO - Processing /opt/airflow/dags/s3postgress.py took 0.243 seconds
[2024-04-08T21:27:19.094+0000] {processor.py:161} INFO - Started process (PID=769) to work on /opt/airflow/dags/s3postgress.py
[2024-04-08T21:27:19.096+0000] {processor.py:830} INFO - Processing file /opt/airflow/dags/s3postgress.py for tasks to queue
[2024-04-08T21:27:19.100+0000] {logging_mixin.py:188} INFO - [2024-04-08T21:27:19.099+0000] {dagbag.py:540} INFO - Filling up the DagBag from /opt/airflow/dags/s3postgress.py
[2024-04-08T21:27:19.152+0000] {processor.py:840} INFO - DAG(s) 's3postgress' retrieved from /opt/airflow/dags/s3postgress.py
[2024-04-08T21:27:19.197+0000] {logging_mixin.py:188} INFO - [2024-04-08T21:27:19.196+0000] {dag.py:3047} INFO - Sync 1 DAGs
[2024-04-08T21:27:19.240+0000] {logging_mixin.py:188} INFO - [2024-04-08T21:27:19.240+0000] {dag.py:3834} INFO - Setting next_dagrun for s3postgress to 2024-04-04 00:00:00+00:00, run_after=2024-04-05 00:00:00+00:00
[2024-04-08T21:27:19.286+0000] {processor.py:183} INFO - Processing /opt/airflow/dags/s3postgress.py took 0.199 seconds
[2024-04-08T21:27:49.865+0000] {processor.py:161} INFO - Started process (PID=783) to work on /opt/airflow/dags/s3postgress.py
[2024-04-08T21:27:49.868+0000] {processor.py:830} INFO - Processing file /opt/airflow/dags/s3postgress.py for tasks to queue
[2024-04-08T21:27:49.871+0000] {logging_mixin.py:188} INFO - [2024-04-08T21:27:49.870+0000] {dagbag.py:540} INFO - Filling up the DagBag from /opt/airflow/dags/s3postgress.py
[2024-04-08T21:27:49.924+0000] {processor.py:840} INFO - DAG(s) 's3postgress' retrieved from /opt/airflow/dags/s3postgress.py
[2024-04-08T21:27:49.969+0000] {logging_mixin.py:188} INFO - [2024-04-08T21:27:49.968+0000] {dag.py:3047} INFO - Sync 1 DAGs
[2024-04-08T21:27:50.030+0000] {logging_mixin.py:188} INFO - [2024-04-08T21:27:50.029+0000] {dag.py:3834} INFO - Setting next_dagrun for s3postgress to 2024-04-04 00:00:00+00:00, run_after=2024-04-05 00:00:00+00:00
[2024-04-08T21:27:50.076+0000] {processor.py:183} INFO - Processing /opt/airflow/dags/s3postgress.py took 0.218 seconds
[2024-04-08T21:28:20.687+0000] {processor.py:161} INFO - Started process (PID=797) to work on /opt/airflow/dags/s3postgress.py
[2024-04-08T21:28:20.689+0000] {processor.py:830} INFO - Processing file /opt/airflow/dags/s3postgress.py for tasks to queue
[2024-04-08T21:28:20.693+0000] {logging_mixin.py:188} INFO - [2024-04-08T21:28:20.692+0000] {dagbag.py:540} INFO - Filling up the DagBag from /opt/airflow/dags/s3postgress.py
[2024-04-08T21:28:20.746+0000] {processor.py:840} INFO - DAG(s) 's3postgress' retrieved from /opt/airflow/dags/s3postgress.py
[2024-04-08T21:28:20.787+0000] {logging_mixin.py:188} INFO - [2024-04-08T21:28:20.786+0000] {dag.py:3047} INFO - Sync 1 DAGs
[2024-04-08T21:28:20.835+0000] {logging_mixin.py:188} INFO - [2024-04-08T21:28:20.834+0000] {dag.py:3834} INFO - Setting next_dagrun for s3postgress to 2024-04-04 00:00:00+00:00, run_after=2024-04-05 00:00:00+00:00
[2024-04-08T21:28:20.880+0000] {processor.py:183} INFO - Processing /opt/airflow/dags/s3postgress.py took 0.200 seconds
[2024-04-08T21:28:51.485+0000] {processor.py:161} INFO - Started process (PID=812) to work on /opt/airflow/dags/s3postgress.py
[2024-04-08T21:28:51.487+0000] {processor.py:830} INFO - Processing file /opt/airflow/dags/s3postgress.py for tasks to queue
[2024-04-08T21:28:51.491+0000] {logging_mixin.py:188} INFO - [2024-04-08T21:28:51.490+0000] {dagbag.py:540} INFO - Filling up the DagBag from /opt/airflow/dags/s3postgress.py
[2024-04-08T21:28:51.542+0000] {processor.py:840} INFO - DAG(s) 's3postgress' retrieved from /opt/airflow/dags/s3postgress.py
[2024-04-08T21:28:51.587+0000] {logging_mixin.py:188} INFO - [2024-04-08T21:28:51.586+0000] {dag.py:3047} INFO - Sync 1 DAGs
[2024-04-08T21:28:51.631+0000] {logging_mixin.py:188} INFO - [2024-04-08T21:28:51.630+0000] {dag.py:3834} INFO - Setting next_dagrun for s3postgress to 2024-04-04 00:00:00+00:00, run_after=2024-04-05 00:00:00+00:00
[2024-04-08T21:28:51.677+0000] {processor.py:183} INFO - Processing /opt/airflow/dags/s3postgress.py took 0.198 seconds
[2024-04-08T21:29:22.297+0000] {processor.py:161} INFO - Started process (PID=826) to work on /opt/airflow/dags/s3postgress.py
[2024-04-08T21:29:22.300+0000] {processor.py:830} INFO - Processing file /opt/airflow/dags/s3postgress.py for tasks to queue
[2024-04-08T21:29:22.304+0000] {logging_mixin.py:188} INFO - [2024-04-08T21:29:22.303+0000] {dagbag.py:540} INFO - Filling up the DagBag from /opt/airflow/dags/s3postgress.py
[2024-04-08T21:29:22.361+0000] {processor.py:840} INFO - DAG(s) 's3postgress' retrieved from /opt/airflow/dags/s3postgress.py
[2024-04-08T21:29:22.403+0000] {logging_mixin.py:188} INFO - [2024-04-08T21:29:22.402+0000] {dag.py:3047} INFO - Sync 1 DAGs
[2024-04-08T21:29:22.448+0000] {logging_mixin.py:188} INFO - [2024-04-08T21:29:22.447+0000] {dag.py:3834} INFO - Setting next_dagrun for s3postgress to 2024-04-04 00:00:00+00:00, run_after=2024-04-05 00:00:00+00:00
[2024-04-08T21:29:22.494+0000] {processor.py:183} INFO - Processing /opt/airflow/dags/s3postgress.py took 0.202 seconds
[2024-04-08T21:29:53.119+0000] {processor.py:161} INFO - Started process (PID=840) to work on /opt/airflow/dags/s3postgress.py
[2024-04-08T21:29:53.121+0000] {processor.py:830} INFO - Processing file /opt/airflow/dags/s3postgress.py for tasks to queue
[2024-04-08T21:29:53.126+0000] {logging_mixin.py:188} INFO - [2024-04-08T21:29:53.125+0000] {dagbag.py:540} INFO - Filling up the DagBag from /opt/airflow/dags/s3postgress.py
[2024-04-08T21:29:53.179+0000] {processor.py:840} INFO - DAG(s) 's3postgress' retrieved from /opt/airflow/dags/s3postgress.py
[2024-04-08T21:29:53.226+0000] {logging_mixin.py:188} INFO - [2024-04-08T21:29:53.225+0000] {dag.py:3047} INFO - Sync 1 DAGs
[2024-04-08T21:29:53.277+0000] {logging_mixin.py:188} INFO - [2024-04-08T21:29:53.277+0000] {dag.py:3834} INFO - Setting next_dagrun for s3postgress to 2024-04-04 00:00:00+00:00, run_after=2024-04-05 00:00:00+00:00
[2024-04-08T21:29:53.321+0000] {processor.py:183} INFO - Processing /opt/airflow/dags/s3postgress.py took 0.209 seconds
[2024-04-08T21:30:23.705+0000] {processor.py:161} INFO - Started process (PID=854) to work on /opt/airflow/dags/s3postgress.py
[2024-04-08T21:30:23.706+0000] {processor.py:830} INFO - Processing file /opt/airflow/dags/s3postgress.py for tasks to queue
[2024-04-08T21:30:23.710+0000] {logging_mixin.py:188} INFO - [2024-04-08T21:30:23.709+0000] {dagbag.py:540} INFO - Filling up the DagBag from /opt/airflow/dags/s3postgress.py
[2024-04-08T21:30:23.762+0000] {processor.py:840} INFO - DAG(s) 's3postgress' retrieved from /opt/airflow/dags/s3postgress.py
[2024-04-08T21:30:23.801+0000] {logging_mixin.py:188} INFO - [2024-04-08T21:30:23.800+0000] {dag.py:3047} INFO - Sync 1 DAGs
[2024-04-08T21:30:23.849+0000] {logging_mixin.py:188} INFO - [2024-04-08T21:30:23.848+0000] {dag.py:3834} INFO - Setting next_dagrun for s3postgress to 2024-04-04 00:00:00+00:00, run_after=2024-04-05 00:00:00+00:00
[2024-04-08T21:30:23.889+0000] {processor.py:183} INFO - Processing /opt/airflow/dags/s3postgress.py took 0.189 seconds
[2024-04-08T21:30:54.275+0000] {processor.py:161} INFO - Started process (PID=868) to work on /opt/airflow/dags/s3postgress.py
[2024-04-08T21:30:54.277+0000] {processor.py:830} INFO - Processing file /opt/airflow/dags/s3postgress.py for tasks to queue
[2024-04-08T21:30:54.280+0000] {logging_mixin.py:188} INFO - [2024-04-08T21:30:54.279+0000] {dagbag.py:540} INFO - Filling up the DagBag from /opt/airflow/dags/s3postgress.py
[2024-04-08T21:30:54.324+0000] {processor.py:840} INFO - DAG(s) 's3postgress' retrieved from /opt/airflow/dags/s3postgress.py
[2024-04-08T21:30:54.366+0000] {logging_mixin.py:188} INFO - [2024-04-08T21:30:54.365+0000] {dag.py:3047} INFO - Sync 1 DAGs
[2024-04-08T21:30:54.426+0000] {logging_mixin.py:188} INFO - [2024-04-08T21:30:54.425+0000] {dag.py:3834} INFO - Setting next_dagrun for s3postgress to 2024-04-04 00:00:00+00:00, run_after=2024-04-05 00:00:00+00:00
[2024-04-08T21:30:54.467+0000] {processor.py:183} INFO - Processing /opt/airflow/dags/s3postgress.py took 0.195 seconds
[2024-04-08T21:31:24.994+0000] {processor.py:161} INFO - Started process (PID=888) to work on /opt/airflow/dags/s3postgress.py
[2024-04-08T21:31:24.996+0000] {processor.py:830} INFO - Processing file /opt/airflow/dags/s3postgress.py for tasks to queue
[2024-04-08T21:31:25.000+0000] {logging_mixin.py:188} INFO - [2024-04-08T21:31:24.999+0000] {dagbag.py:540} INFO - Filling up the DagBag from /opt/airflow/dags/s3postgress.py
[2024-04-08T21:31:25.055+0000] {processor.py:840} INFO - DAG(s) 's3postgress' retrieved from /opt/airflow/dags/s3postgress.py
[2024-04-08T21:31:25.098+0000] {logging_mixin.py:188} INFO - [2024-04-08T21:31:25.097+0000] {dag.py:3047} INFO - Sync 1 DAGs
[2024-04-08T21:31:25.143+0000] {logging_mixin.py:188} INFO - [2024-04-08T21:31:25.143+0000] {dag.py:3834} INFO - Setting next_dagrun for s3postgress to 2024-04-04 00:00:00+00:00, run_after=2024-04-05 00:00:00+00:00
[2024-04-08T21:31:25.186+0000] {processor.py:183} INFO - Processing /opt/airflow/dags/s3postgress.py took 0.198 seconds
[2024-04-08T21:31:55.950+0000] {processor.py:161} INFO - Started process (PID=903) to work on /opt/airflow/dags/s3postgress.py
[2024-04-08T21:31:55.952+0000] {processor.py:830} INFO - Processing file /opt/airflow/dags/s3postgress.py for tasks to queue
[2024-04-08T21:31:55.956+0000] {logging_mixin.py:188} INFO - [2024-04-08T21:31:55.955+0000] {dagbag.py:540} INFO - Filling up the DagBag from /opt/airflow/dags/s3postgress.py
[2024-04-08T21:31:56.008+0000] {processor.py:840} INFO - DAG(s) 's3postgress' retrieved from /opt/airflow/dags/s3postgress.py
[2024-04-08T21:31:56.049+0000] {logging_mixin.py:188} INFO - [2024-04-08T21:31:56.049+0000] {dag.py:3047} INFO - Sync 1 DAGs
[2024-04-08T21:31:56.098+0000] {logging_mixin.py:188} INFO - [2024-04-08T21:31:56.098+0000] {dag.py:3834} INFO - Setting next_dagrun for s3postgress to 2024-04-04 00:00:00+00:00, run_after=2024-04-05 00:00:00+00:00
[2024-04-08T21:31:56.148+0000] {processor.py:183} INFO - Processing /opt/airflow/dags/s3postgress.py took 0.204 seconds
[2024-04-08T21:32:26.767+0000] {processor.py:161} INFO - Started process (PID=917) to work on /opt/airflow/dags/s3postgress.py
[2024-04-08T21:32:26.770+0000] {processor.py:830} INFO - Processing file /opt/airflow/dags/s3postgress.py for tasks to queue
[2024-04-08T21:32:26.774+0000] {logging_mixin.py:188} INFO - [2024-04-08T21:32:26.774+0000] {dagbag.py:540} INFO - Filling up the DagBag from /opt/airflow/dags/s3postgress.py
[2024-04-08T21:32:26.836+0000] {processor.py:840} INFO - DAG(s) 's3postgress' retrieved from /opt/airflow/dags/s3postgress.py
[2024-04-08T21:32:26.896+0000] {logging_mixin.py:188} INFO - [2024-04-08T21:32:26.895+0000] {dag.py:3047} INFO - Sync 1 DAGs
[2024-04-08T21:32:26.950+0000] {logging_mixin.py:188} INFO - [2024-04-08T21:32:26.949+0000] {dag.py:3834} INFO - Setting next_dagrun for s3postgress to 2024-04-04 00:00:00+00:00, run_after=2024-04-05 00:00:00+00:00
[2024-04-08T21:32:26.995+0000] {processor.py:183} INFO - Processing /opt/airflow/dags/s3postgress.py took 0.235 seconds
[2024-04-08T21:32:57.609+0000] {processor.py:161} INFO - Started process (PID=931) to work on /opt/airflow/dags/s3postgress.py
[2024-04-08T21:32:57.611+0000] {processor.py:830} INFO - Processing file /opt/airflow/dags/s3postgress.py for tasks to queue
[2024-04-08T21:32:57.617+0000] {logging_mixin.py:188} INFO - [2024-04-08T21:32:57.616+0000] {dagbag.py:540} INFO - Filling up the DagBag from /opt/airflow/dags/s3postgress.py
[2024-04-08T21:32:57.664+0000] {processor.py:840} INFO - DAG(s) 's3postgress' retrieved from /opt/airflow/dags/s3postgress.py
[2024-04-08T21:32:57.707+0000] {logging_mixin.py:188} INFO - [2024-04-08T21:32:57.706+0000] {dag.py:3047} INFO - Sync 1 DAGs
[2024-04-08T21:32:57.749+0000] {logging_mixin.py:188} INFO - [2024-04-08T21:32:57.749+0000] {dag.py:3834} INFO - Setting next_dagrun for s3postgress to 2024-04-04 00:00:00+00:00, run_after=2024-04-05 00:00:00+00:00
[2024-04-08T21:32:57.790+0000] {processor.py:183} INFO - Processing /opt/airflow/dags/s3postgress.py took 0.187 seconds
[2024-04-08T21:33:28.176+0000] {processor.py:161} INFO - Started process (PID=945) to work on /opt/airflow/dags/s3postgress.py
[2024-04-08T21:33:28.179+0000] {processor.py:830} INFO - Processing file /opt/airflow/dags/s3postgress.py for tasks to queue
[2024-04-08T21:33:28.185+0000] {logging_mixin.py:188} INFO - [2024-04-08T21:33:28.184+0000] {dagbag.py:540} INFO - Filling up the DagBag from /opt/airflow/dags/s3postgress.py
[2024-04-08T21:33:28.245+0000] {processor.py:840} INFO - DAG(s) 's3postgress' retrieved from /opt/airflow/dags/s3postgress.py
[2024-04-08T21:33:28.298+0000] {logging_mixin.py:188} INFO - [2024-04-08T21:33:28.298+0000] {dag.py:3047} INFO - Sync 1 DAGs
[2024-04-08T21:33:28.348+0000] {logging_mixin.py:188} INFO - [2024-04-08T21:33:28.347+0000] {dag.py:3834} INFO - Setting next_dagrun for s3postgress to 2024-04-04 00:00:00+00:00, run_after=2024-04-05 00:00:00+00:00
[2024-04-08T21:33:28.398+0000] {processor.py:183} INFO - Processing /opt/airflow/dags/s3postgress.py took 0.232 seconds
[2024-04-08T21:33:59.052+0000] {processor.py:161} INFO - Started process (PID=959) to work on /opt/airflow/dags/s3postgress.py
[2024-04-08T21:33:59.064+0000] {processor.py:830} INFO - Processing file /opt/airflow/dags/s3postgress.py for tasks to queue
[2024-04-08T21:33:59.069+0000] {logging_mixin.py:188} INFO - [2024-04-08T21:33:59.068+0000] {dagbag.py:540} INFO - Filling up the DagBag from /opt/airflow/dags/s3postgress.py
[2024-04-08T21:33:59.158+0000] {processor.py:840} INFO - DAG(s) 's3postgress' retrieved from /opt/airflow/dags/s3postgress.py
[2024-04-08T21:33:59.202+0000] {logging_mixin.py:188} INFO - [2024-04-08T21:33:59.202+0000] {dag.py:3047} INFO - Sync 1 DAGs
[2024-04-08T21:33:59.254+0000] {logging_mixin.py:188} INFO - [2024-04-08T21:33:59.254+0000] {dag.py:3834} INFO - Setting next_dagrun for s3postgress to 2024-04-04 00:00:00+00:00, run_after=2024-04-05 00:00:00+00:00
[2024-04-08T21:33:59.296+0000] {processor.py:183} INFO - Processing /opt/airflow/dags/s3postgress.py took 0.249 seconds
[2024-04-08T21:34:29.962+0000] {processor.py:161} INFO - Started process (PID=973) to work on /opt/airflow/dags/s3postgress.py
[2024-04-08T21:34:29.964+0000] {processor.py:830} INFO - Processing file /opt/airflow/dags/s3postgress.py for tasks to queue
[2024-04-08T21:34:29.967+0000] {logging_mixin.py:188} INFO - [2024-04-08T21:34:29.967+0000] {dagbag.py:540} INFO - Filling up the DagBag from /opt/airflow/dags/s3postgress.py
[2024-04-08T21:34:30.020+0000] {processor.py:840} INFO - DAG(s) 's3postgress' retrieved from /opt/airflow/dags/s3postgress.py
[2024-04-08T21:34:30.073+0000] {logging_mixin.py:188} INFO - [2024-04-08T21:34:30.073+0000] {dag.py:3047} INFO - Sync 1 DAGs
[2024-04-08T21:34:30.118+0000] {logging_mixin.py:188} INFO - [2024-04-08T21:34:30.117+0000] {dag.py:3834} INFO - Setting next_dagrun for s3postgress to 2024-04-04 00:00:00+00:00, run_after=2024-04-05 00:00:00+00:00
[2024-04-08T21:34:30.159+0000] {processor.py:183} INFO - Processing /opt/airflow/dags/s3postgress.py took 0.203 seconds
[2024-04-08T21:35:00.626+0000] {processor.py:161} INFO - Started process (PID=987) to work on /opt/airflow/dags/s3postgress.py
[2024-04-08T21:35:00.628+0000] {processor.py:830} INFO - Processing file /opt/airflow/dags/s3postgress.py for tasks to queue
[2024-04-08T21:35:00.631+0000] {logging_mixin.py:188} INFO - [2024-04-08T21:35:00.630+0000] {dagbag.py:540} INFO - Filling up the DagBag from /opt/airflow/dags/s3postgress.py
[2024-04-08T21:35:00.676+0000] {processor.py:840} INFO - DAG(s) 's3postgress' retrieved from /opt/airflow/dags/s3postgress.py
[2024-04-08T21:35:00.749+0000] {logging_mixin.py:188} INFO - [2024-04-08T21:35:00.748+0000] {dag.py:3047} INFO - Sync 1 DAGs
[2024-04-08T21:35:00.812+0000] {logging_mixin.py:188} INFO - [2024-04-08T21:35:00.811+0000] {dag.py:3834} INFO - Setting next_dagrun for s3postgress to 2024-04-04 00:00:00+00:00, run_after=2024-04-05 00:00:00+00:00
[2024-04-08T21:35:00.854+0000] {processor.py:183} INFO - Processing /opt/airflow/dags/s3postgress.py took 0.235 seconds
[2024-04-08T21:35:31.236+0000] {processor.py:161} INFO - Started process (PID=1001) to work on /opt/airflow/dags/s3postgress.py
[2024-04-08T21:35:31.238+0000] {processor.py:830} INFO - Processing file /opt/airflow/dags/s3postgress.py for tasks to queue
[2024-04-08T21:35:31.243+0000] {logging_mixin.py:188} INFO - [2024-04-08T21:35:31.242+0000] {dagbag.py:540} INFO - Filling up the DagBag from /opt/airflow/dags/s3postgress.py
[2024-04-08T21:35:31.293+0000] {processor.py:840} INFO - DAG(s) 's3postgress' retrieved from /opt/airflow/dags/s3postgress.py
[2024-04-08T21:35:31.335+0000] {logging_mixin.py:188} INFO - [2024-04-08T21:35:31.334+0000] {dag.py:3047} INFO - Sync 1 DAGs
[2024-04-08T21:35:31.379+0000] {logging_mixin.py:188} INFO - [2024-04-08T21:35:31.378+0000] {dag.py:3834} INFO - Setting next_dagrun for s3postgress to 2024-04-04 00:00:00+00:00, run_after=2024-04-05 00:00:00+00:00
[2024-04-08T21:35:31.422+0000] {processor.py:183} INFO - Processing /opt/airflow/dags/s3postgress.py took 0.191 seconds
[2024-04-08T21:36:01.943+0000] {processor.py:161} INFO - Started process (PID=1015) to work on /opt/airflow/dags/s3postgress.py
[2024-04-08T21:36:01.945+0000] {processor.py:830} INFO - Processing file /opt/airflow/dags/s3postgress.py for tasks to queue
[2024-04-08T21:36:01.950+0000] {logging_mixin.py:188} INFO - [2024-04-08T21:36:01.949+0000] {dagbag.py:540} INFO - Filling up the DagBag from /opt/airflow/dags/s3postgress.py
[2024-04-08T21:36:02.004+0000] {processor.py:840} INFO - DAG(s) 's3postgress' retrieved from /opt/airflow/dags/s3postgress.py
[2024-04-08T21:36:02.054+0000] {logging_mixin.py:188} INFO - [2024-04-08T21:36:02.053+0000] {dag.py:3047} INFO - Sync 1 DAGs
[2024-04-08T21:36:02.107+0000] {logging_mixin.py:188} INFO - [2024-04-08T21:36:02.106+0000] {dag.py:3834} INFO - Setting next_dagrun for s3postgress to 2024-04-04 00:00:00+00:00, run_after=2024-04-05 00:00:00+00:00
[2024-04-08T21:36:02.152+0000] {processor.py:183} INFO - Processing /opt/airflow/dags/s3postgress.py took 0.217 seconds
[2024-04-08T21:36:32.516+0000] {processor.py:161} INFO - Started process (PID=1030) to work on /opt/airflow/dags/s3postgress.py
[2024-04-08T21:36:32.519+0000] {processor.py:830} INFO - Processing file /opt/airflow/dags/s3postgress.py for tasks to queue
[2024-04-08T21:36:32.523+0000] {logging_mixin.py:188} INFO - [2024-04-08T21:36:32.522+0000] {dagbag.py:540} INFO - Filling up the DagBag from /opt/airflow/dags/s3postgress.py
[2024-04-08T21:36:32.580+0000] {processor.py:840} INFO - DAG(s) 's3postgress' retrieved from /opt/airflow/dags/s3postgress.py
[2024-04-08T21:36:32.626+0000] {logging_mixin.py:188} INFO - [2024-04-08T21:36:32.626+0000] {dag.py:3047} INFO - Sync 1 DAGs
[2024-04-08T21:36:32.672+0000] {logging_mixin.py:188} INFO - [2024-04-08T21:36:32.671+0000] {dag.py:3834} INFO - Setting next_dagrun for s3postgress to 2024-04-04 00:00:00+00:00, run_after=2024-04-05 00:00:00+00:00
[2024-04-08T21:36:32.714+0000] {processor.py:183} INFO - Processing /opt/airflow/dags/s3postgress.py took 0.205 seconds
[2024-04-08T21:37:03.334+0000] {processor.py:161} INFO - Started process (PID=1044) to work on /opt/airflow/dags/s3postgress.py
[2024-04-08T21:37:03.336+0000] {processor.py:830} INFO - Processing file /opt/airflow/dags/s3postgress.py for tasks to queue
[2024-04-08T21:37:03.340+0000] {logging_mixin.py:188} INFO - [2024-04-08T21:37:03.339+0000] {dagbag.py:540} INFO - Filling up the DagBag from /opt/airflow/dags/s3postgress.py
[2024-04-08T21:37:03.397+0000] {processor.py:840} INFO - DAG(s) 's3postgress' retrieved from /opt/airflow/dags/s3postgress.py
[2024-04-08T21:37:03.444+0000] {logging_mixin.py:188} INFO - [2024-04-08T21:37:03.443+0000] {dag.py:3047} INFO - Sync 1 DAGs
[2024-04-08T21:37:03.507+0000] {logging_mixin.py:188} INFO - [2024-04-08T21:37:03.506+0000] {dag.py:3834} INFO - Setting next_dagrun for s3postgress to 2024-04-04 00:00:00+00:00, run_after=2024-04-05 00:00:00+00:00
[2024-04-08T21:37:03.561+0000] {processor.py:183} INFO - Processing /opt/airflow/dags/s3postgress.py took 0.234 seconds
[2024-04-08T21:37:34.424+0000] {processor.py:161} INFO - Started process (PID=1058) to work on /opt/airflow/dags/s3postgress.py
[2024-04-08T21:37:34.427+0000] {processor.py:830} INFO - Processing file /opt/airflow/dags/s3postgress.py for tasks to queue
[2024-04-08T21:37:34.430+0000] {logging_mixin.py:188} INFO - [2024-04-08T21:37:34.430+0000] {dagbag.py:540} INFO - Filling up the DagBag from /opt/airflow/dags/s3postgress.py
[2024-04-08T21:37:34.480+0000] {processor.py:840} INFO - DAG(s) 's3postgress' retrieved from /opt/airflow/dags/s3postgress.py
[2024-04-08T21:37:34.521+0000] {logging_mixin.py:188} INFO - [2024-04-08T21:37:34.520+0000] {dag.py:3047} INFO - Sync 1 DAGs
[2024-04-08T21:37:34.568+0000] {logging_mixin.py:188} INFO - [2024-04-08T21:37:34.568+0000] {dag.py:3834} INFO - Setting next_dagrun for s3postgress to 2024-04-04 00:00:00+00:00, run_after=2024-04-05 00:00:00+00:00
[2024-04-08T21:37:34.607+0000] {processor.py:183} INFO - Processing /opt/airflow/dags/s3postgress.py took 0.190 seconds
[2024-04-08T21:38:05.196+0000] {processor.py:161} INFO - Started process (PID=1073) to work on /opt/airflow/dags/s3postgress.py
[2024-04-08T21:38:05.199+0000] {processor.py:830} INFO - Processing file /opt/airflow/dags/s3postgress.py for tasks to queue
[2024-04-08T21:38:05.203+0000] {logging_mixin.py:188} INFO - [2024-04-08T21:38:05.202+0000] {dagbag.py:540} INFO - Filling up the DagBag from /opt/airflow/dags/s3postgress.py
[2024-04-08T21:38:05.257+0000] {processor.py:840} INFO - DAG(s) 's3postgress' retrieved from /opt/airflow/dags/s3postgress.py
[2024-04-08T21:38:05.301+0000] {logging_mixin.py:188} INFO - [2024-04-08T21:38:05.301+0000] {dag.py:3047} INFO - Sync 1 DAGs
[2024-04-08T21:38:05.344+0000] {logging_mixin.py:188} INFO - [2024-04-08T21:38:05.344+0000] {dag.py:3834} INFO - Setting next_dagrun for s3postgress to 2024-04-04 00:00:00+00:00, run_after=2024-04-05 00:00:00+00:00
[2024-04-08T21:38:05.391+0000] {processor.py:183} INFO - Processing /opt/airflow/dags/s3postgress.py took 0.202 seconds
[2024-04-08T21:38:35.945+0000] {processor.py:161} INFO - Started process (PID=1087) to work on /opt/airflow/dags/s3postgress.py
[2024-04-08T21:38:35.948+0000] {processor.py:830} INFO - Processing file /opt/airflow/dags/s3postgress.py for tasks to queue
[2024-04-08T21:38:35.952+0000] {logging_mixin.py:188} INFO - [2024-04-08T21:38:35.952+0000] {dagbag.py:540} INFO - Filling up the DagBag from /opt/airflow/dags/s3postgress.py
[2024-04-08T21:38:36.005+0000] {processor.py:840} INFO - DAG(s) 's3postgress' retrieved from /opt/airflow/dags/s3postgress.py
[2024-04-08T21:38:36.045+0000] {logging_mixin.py:188} INFO - [2024-04-08T21:38:36.044+0000] {dag.py:3047} INFO - Sync 1 DAGs
[2024-04-08T21:38:36.086+0000] {logging_mixin.py:188} INFO - [2024-04-08T21:38:36.086+0000] {dag.py:3834} INFO - Setting next_dagrun for s3postgress to 2024-04-04 00:00:00+00:00, run_after=2024-04-05 00:00:00+00:00
[2024-04-08T21:38:36.132+0000] {processor.py:183} INFO - Processing /opt/airflow/dags/s3postgress.py took 0.195 seconds
[2024-04-08T21:39:06.487+0000] {processor.py:161} INFO - Started process (PID=1102) to work on /opt/airflow/dags/s3postgress.py
[2024-04-08T21:39:06.489+0000] {processor.py:830} INFO - Processing file /opt/airflow/dags/s3postgress.py for tasks to queue
[2024-04-08T21:39:06.492+0000] {logging_mixin.py:188} INFO - [2024-04-08T21:39:06.491+0000] {dagbag.py:540} INFO - Filling up the DagBag from /opt/airflow/dags/s3postgress.py
[2024-04-08T21:39:06.539+0000] {processor.py:840} INFO - DAG(s) 's3postgress' retrieved from /opt/airflow/dags/s3postgress.py
[2024-04-08T21:39:06.577+0000] {logging_mixin.py:188} INFO - [2024-04-08T21:39:06.576+0000] {dag.py:3047} INFO - Sync 1 DAGs
[2024-04-08T21:39:06.635+0000] {logging_mixin.py:188} INFO - [2024-04-08T21:39:06.634+0000] {dag.py:3834} INFO - Setting next_dagrun for s3postgress to 2024-04-04 00:00:00+00:00, run_after=2024-04-05 00:00:00+00:00
[2024-04-08T21:39:06.672+0000] {processor.py:183} INFO - Processing /opt/airflow/dags/s3postgress.py took 0.192 seconds
[2024-04-08T21:39:37.214+0000] {processor.py:161} INFO - Started process (PID=1116) to work on /opt/airflow/dags/s3postgress.py
[2024-04-08T21:39:37.216+0000] {processor.py:830} INFO - Processing file /opt/airflow/dags/s3postgress.py for tasks to queue
[2024-04-08T21:39:37.220+0000] {logging_mixin.py:188} INFO - [2024-04-08T21:39:37.220+0000] {dagbag.py:540} INFO - Filling up the DagBag from /opt/airflow/dags/s3postgress.py
[2024-04-08T21:39:37.272+0000] {processor.py:840} INFO - DAG(s) 's3postgress' retrieved from /opt/airflow/dags/s3postgress.py
[2024-04-08T21:39:37.314+0000] {logging_mixin.py:188} INFO - [2024-04-08T21:39:37.313+0000] {dag.py:3047} INFO - Sync 1 DAGs
[2024-04-08T21:39:37.360+0000] {logging_mixin.py:188} INFO - [2024-04-08T21:39:37.359+0000] {dag.py:3834} INFO - Setting next_dagrun for s3postgress to 2024-04-04 00:00:00+00:00, run_after=2024-04-05 00:00:00+00:00
[2024-04-08T21:39:37.399+0000] {processor.py:183} INFO - Processing /opt/airflow/dags/s3postgress.py took 0.192 seconds
[2024-04-08T21:40:07.765+0000] {processor.py:161} INFO - Started process (PID=1130) to work on /opt/airflow/dags/s3postgress.py
[2024-04-08T21:40:07.767+0000] {processor.py:830} INFO - Processing file /opt/airflow/dags/s3postgress.py for tasks to queue
[2024-04-08T21:40:07.770+0000] {logging_mixin.py:188} INFO - [2024-04-08T21:40:07.769+0000] {dagbag.py:540} INFO - Filling up the DagBag from /opt/airflow/dags/s3postgress.py
[2024-04-08T21:40:07.821+0000] {processor.py:840} INFO - DAG(s) 's3postgress' retrieved from /opt/airflow/dags/s3postgress.py
[2024-04-08T21:40:07.862+0000] {logging_mixin.py:188} INFO - [2024-04-08T21:40:07.861+0000] {dag.py:3047} INFO - Sync 1 DAGs
[2024-04-08T21:40:07.917+0000] {logging_mixin.py:188} INFO - [2024-04-08T21:40:07.917+0000] {dag.py:3834} INFO - Setting next_dagrun for s3postgress to 2024-04-04 00:00:00+00:00, run_after=2024-04-05 00:00:00+00:00
[2024-04-08T21:40:07.967+0000] {processor.py:183} INFO - Processing /opt/airflow/dags/s3postgress.py took 0.207 seconds
[2024-04-08T21:40:38.321+0000] {processor.py:161} INFO - Started process (PID=1145) to work on /opt/airflow/dags/s3postgress.py
[2024-04-08T21:40:38.324+0000] {processor.py:830} INFO - Processing file /opt/airflow/dags/s3postgress.py for tasks to queue
[2024-04-08T21:40:38.329+0000] {logging_mixin.py:188} INFO - [2024-04-08T21:40:38.328+0000] {dagbag.py:540} INFO - Filling up the DagBag from /opt/airflow/dags/s3postgress.py
[2024-04-08T21:40:38.384+0000] {processor.py:840} INFO - DAG(s) 's3postgress' retrieved from /opt/airflow/dags/s3postgress.py
[2024-04-08T21:40:38.431+0000] {logging_mixin.py:188} INFO - [2024-04-08T21:40:38.430+0000] {dag.py:3047} INFO - Sync 1 DAGs
[2024-04-08T21:40:38.485+0000] {logging_mixin.py:188} INFO - [2024-04-08T21:40:38.484+0000] {dag.py:3834} INFO - Setting next_dagrun for s3postgress to 2024-04-04 00:00:00+00:00, run_after=2024-04-05 00:00:00+00:00
[2024-04-08T21:40:38.533+0000] {processor.py:183} INFO - Processing /opt/airflow/dags/s3postgress.py took 0.221 seconds
[2024-04-08T21:41:08.889+0000] {processor.py:161} INFO - Started process (PID=1160) to work on /opt/airflow/dags/s3postgress.py
[2024-04-08T21:41:08.892+0000] {processor.py:830} INFO - Processing file /opt/airflow/dags/s3postgress.py for tasks to queue
[2024-04-08T21:41:08.896+0000] {logging_mixin.py:188} INFO - [2024-04-08T21:41:08.895+0000] {dagbag.py:540} INFO - Filling up the DagBag from /opt/airflow/dags/s3postgress.py
[2024-04-08T21:41:08.948+0000] {processor.py:840} INFO - DAG(s) 's3postgress' retrieved from /opt/airflow/dags/s3postgress.py
[2024-04-08T21:41:08.989+0000] {logging_mixin.py:188} INFO - [2024-04-08T21:41:08.988+0000] {dag.py:3047} INFO - Sync 1 DAGs
[2024-04-08T21:41:09.030+0000] {logging_mixin.py:188} INFO - [2024-04-08T21:41:09.029+0000] {dag.py:3834} INFO - Setting next_dagrun for s3postgress to 2024-04-04 00:00:00+00:00, run_after=2024-04-05 00:00:00+00:00
[2024-04-08T21:41:09.077+0000] {processor.py:183} INFO - Processing /opt/airflow/dags/s3postgress.py took 0.192 seconds
[2024-04-08T21:41:39.701+0000] {processor.py:161} INFO - Started process (PID=1174) to work on /opt/airflow/dags/s3postgress.py
[2024-04-08T21:41:39.703+0000] {processor.py:830} INFO - Processing file /opt/airflow/dags/s3postgress.py for tasks to queue
[2024-04-08T21:41:39.707+0000] {logging_mixin.py:188} INFO - [2024-04-08T21:41:39.707+0000] {dagbag.py:540} INFO - Filling up the DagBag from /opt/airflow/dags/s3postgress.py
[2024-04-08T21:41:39.760+0000] {processor.py:840} INFO - DAG(s) 's3postgress' retrieved from /opt/airflow/dags/s3postgress.py
[2024-04-08T21:41:39.803+0000] {logging_mixin.py:188} INFO - [2024-04-08T21:41:39.802+0000] {dag.py:3047} INFO - Sync 1 DAGs
[2024-04-08T21:41:39.855+0000] {logging_mixin.py:188} INFO - [2024-04-08T21:41:39.854+0000] {dag.py:3834} INFO - Setting next_dagrun for s3postgress to 2024-04-04 00:00:00+00:00, run_after=2024-04-05 00:00:00+00:00
[2024-04-08T21:41:39.900+0000] {processor.py:183} INFO - Processing /opt/airflow/dags/s3postgress.py took 0.206 seconds
[2024-04-08T21:42:10.512+0000] {processor.py:161} INFO - Started process (PID=1188) to work on /opt/airflow/dags/s3postgress.py
[2024-04-08T21:42:10.514+0000] {processor.py:830} INFO - Processing file /opt/airflow/dags/s3postgress.py for tasks to queue
[2024-04-08T21:42:10.520+0000] {logging_mixin.py:188} INFO - [2024-04-08T21:42:10.519+0000] {dagbag.py:540} INFO - Filling up the DagBag from /opt/airflow/dags/s3postgress.py
[2024-04-08T21:42:10.567+0000] {processor.py:840} INFO - DAG(s) 's3postgress' retrieved from /opt/airflow/dags/s3postgress.py
[2024-04-08T21:42:10.664+0000] {logging_mixin.py:188} INFO - [2024-04-08T21:42:10.663+0000] {dag.py:3047} INFO - Sync 1 DAGs
[2024-04-08T21:42:10.724+0000] {logging_mixin.py:188} INFO - [2024-04-08T21:42:10.723+0000] {dag.py:3834} INFO - Setting next_dagrun for s3postgress to 2024-04-04 00:00:00+00:00, run_after=2024-04-05 00:00:00+00:00
[2024-04-08T21:42:10.773+0000] {processor.py:183} INFO - Processing /opt/airflow/dags/s3postgress.py took 0.268 seconds
